Peer_3:basic WARNING 0: Not enough peers, fetching more (0, 4)
Peer_3:basic INFO 11.386547908828671: Connecting to Peer_11:bootstrap
Peer_3:basic INFO 18.497968865049106: Received message <Hello:> from Peer_11:bootstrap
Peer_3:basic INFO 21.404079619139782: Received message <RequestPeers:> from Peer_11:bootstrap
Peer_3:basic INFO 21.404079619139782: Sending message <PeerList> to Peer_11:bootstrap
Peer_3:basic WARNING 500: Not enough peers, fetching more (1, 4)
Peer_3:basic INFO 500: Sending message <RequestPeers:> to Peer_11:bootstrap
Peer_3:basic INFO 512.7730309198344: Received message <PeerList> from Peer_11:bootstrap
Peer_3:basic WARNING 1000: Not enough peers, fetching more (1, 4)
Peer_3:basic INFO 1000: Sending message <RequestPeers:> to Peer_11:bootstrap
Peer_3:basic INFO 1000.7169428387393: Received message <Hello:> from Peer_9:basic
Peer_3:basic INFO 1000.7169428387393: Connecting to Peer_9:basic
Peer_3:basic INFO 1000.7169428387393: Sending message <Hello:> to Peer_9:basic
Peer_3:basic INFO 1000.7169428387393: Sending message <RequestPeers:> to Peer_9:basic
Peer_3:basic INFO 1000.7206927214925: Received message <Hello:> from Peer_4:basic
Peer_3:basic INFO 1000.7206927214925: Connecting to Peer_4:basic
Peer_3:basic INFO 1000.7206927214925: Sending message <Hello:> to Peer_4:basic
Peer_3:basic INFO 1000.7206927214925: Sending message <RequestPeers:> to Peer_4:basic
Peer_3:basic INFO 1002.082926904564: Received message <PeerList> from Peer_9:basic
Peer_3:basic INFO 1002.2917893901969: Received message <PeerList> from Peer_4:basic
Peer_3:basic INFO 1006.2031379371446: Connecting to Peer_2:basic
Peer_3:basic INFO 1007.6510628004987: Received message <Hello:> from Peer_6:basic
Peer_3:basic INFO 1007.6510628004987: Connecting to Peer_6:basic
Peer_3:basic INFO 1007.6510628004987: Sending message <Hello:> to Peer_6:basic
Peer_3:basic INFO 1007.6510628004987: Sending message <RequestPeers:> to Peer_6:basic
Peer_3:basic INFO 1010.0609495865028: Received message <Hello:> from Peer_2:basic
Peer_3:basic INFO 1012.3986215089774: Received message <RequestPeers:> from Peer_2:basic
Peer_3:basic INFO 1012.3986215089774: Sending message <PeerList> to Peer_2:basic
Peer_3:basic INFO 1012.450829096799: Received message <Hello:> from Peer_2:basic
Peer_3:basic INFO 1015.4186854974927: Received message <PeerList> from Peer_11:bootstrap
Peer_3:basic INFO 1022.6589626646879: Received message <PeerList> from Peer_6:basic
Peer_3:basic INFO 1500.8425969111522: Received message <RequestPeers:> from Peer_4:basic
Peer_3:basic INFO 1500.8425969111522: Sending message <PeerList> to Peer_4:basic
Peer_3:basic INFO 1500.9929499513596: Received message <RequestPeers:> from Peer_9:basic
Peer_3:basic INFO 1500.9929499513596: Sending message <PeerList> to Peer_9:basic
Peer_3:basic INFO 1506.8386428783733: Received message <RequestPeers:> from Peer_6:basic
Peer_3:basic INFO 1506.8386428783733: Sending message <PeerList> to Peer_6:basic
Peer_3:basic INFO 2000: Sending message <Ping:> to Peer_11:bootstrap
Peer_3:basic INFO 2000: Sending message <Ping:> to Peer_2:basic
Peer_3:basic INFO 2000.89407485754: Received message <Hello:> from Peer_1:basic
Peer_3:basic INFO 2000.89407485754: Connecting to Peer_1:basic
Peer_3:basic INFO 2000.89407485754: Sending message <Hello:> to Peer_1:basic
Peer_3:basic INFO 2000.89407485754: Sending message <RequestPeers:> to Peer_1:basic
Peer_3:basic INFO 2001.106392492091: Received message <RequestPeers:> from Peer_4:basic
Peer_3:basic INFO 2001.106392492091: Sending message <PeerList> to Peer_4:basic
Peer_3:basic INFO 2002.4077837253726: Received message <PeerList> from Peer_1:basic
Peer_3:basic INFO 2006.4075376043886: Received message <RequestPeers:> from Peer_6:basic
Peer_3:basic INFO 2006.4075376043886: Sending message <PeerList> to Peer_6:basic
Peer_3:basic INFO 2006.7624037250782: Received message <Ping:> from Peer_11:bootstrap
Peer_3:basic INFO 2006.7624037250782: Sending message <Pong:> to Peer_11:bootstrap
Peer_3:basic INFO 2009.944860790521: Received message <Ping:> from Peer_2:basic
Peer_3:basic INFO 2009.944860790521: Sending message <Pong:> to Peer_2:basic
Peer_3:basic INFO 2014.270524720104: Received message <Pong:> from Peer_2:basic
Peer_3:basic INFO 2014.7968309597566: Received message <Pong:> from Peer_11:bootstrap
Peer_3:basic INFO 2500: Sending message <Ping:> to Peer_9:basic
Peer_3:basic INFO 2500.9076716510153: Received message <Ping:> from Peer_9:basic
Peer_3:basic INFO 2500.9076716510153: Sending message <Pong:> to Peer_9:basic
Peer_3:basic INFO 2502.5484242383577: Received message <Pong:> from Peer_9:basic
Peer_3:basic INFO 2506.2795861510917: Received message <Hello:> from Peer_8:basic
Peer_3:basic INFO 2506.2795861510917: Connecting to Peer_8:basic
Peer_3:basic INFO 2506.2795861510917: Sending message <Hello:> to Peer_8:basic
Peer_3:basic INFO 2506.2795861510917: Sending message <RequestPeers:> to Peer_8:basic
Peer_3:basic INFO 2506.599387647776: Received message <RequestPeers:> from Peer_11:bootstrap
Peer_3:basic INFO 2506.599387647776: Sending message <PeerList> to Peer_11:bootstrap
Peer_3:basic INFO 2523.17951031: Received message <PeerList> from Peer_8:basic
Peer_3:basic INFO 3000: Sending message <Ping:> to Peer_4:basic
Peer_3:basic INFO 3000: Sending message <Ping:> to Peer_2:basic
Peer_3:basic INFO 3000: Sending message <Ping:> to Peer_6:basic
Peer_3:basic INFO 3000: Sending message <Ping:> to Peer_1:basic
Peer_3:basic INFO 3000.8210367149914: Received message <Ping:> from Peer_1:basic
Peer_3:basic INFO 3000.8210367149914: Sending message <Pong:> to Peer_1:basic
Peer_3:basic INFO 3001.5799617833313: Received message <Pong:> from Peer_4:basic
Peer_3:basic INFO 3001.978198234541: Received message <Pong:> from Peer_1:basic
Peer_3:basic INFO 3003.174783724749: Received message <Ping:> from Peer_4:basic
Peer_3:basic INFO 3003.174783724749: Sending message <Pong:> to Peer_4:basic
Peer_3:basic INFO 3006.4473811414696: Received message <Ping:> from Peer_6:basic
Peer_3:basic INFO 3006.4473811414696: Sending message <Pong:> to Peer_6:basic
Peer_3:basic INFO 3007.255606550667: Received message <Ping:> from Peer_2:basic
Peer_3:basic INFO 3007.255606550667: Sending message <Pong:> to Peer_2:basic
Peer_3:basic INFO 3013.2327027797483: Received message <RequestPeers:> from Peer_11:bootstrap
Peer_3:basic INFO 3013.2327027797483: Sending message <PeerList> to Peer_11:bootstrap
Peer_3:basic INFO 3014.8422126334212: Received message <Pong:> from Peer_6:basic
Peer_3:basic INFO 3018.2845289276156: Received message <Pong:> from Peer_2:basic
Peer_3:basic INFO 3500: Sending message <Ping:> to Peer_9:basic
Peer_3:basic INFO 3500: Sending message <Ping:> to Peer_8:basic
Peer_3:basic INFO 3500.806596250155: Received message <Ping:> from Peer_9:basic
Peer_3:basic INFO 3500.806596250155: Sending message <Pong:> to Peer_9:basic
Peer_3:basic INFO 3503.3100397773956: Received message <Pong:> from Peer_9:basic
Peer_3:basic INFO 3507.723984562547: Received message <Ping:> from Peer_8:basic
Peer_3:basic INFO 3507.723984562547: Sending message <Pong:> to Peer_8:basic
Peer_3:basic INFO 3509.385643116372: Received message <RequestPeers:> from Peer_11:bootstrap
Peer_3:basic INFO 3509.385643116372: Sending message <PeerList> to Peer_11:bootstrap
Peer_3:basic INFO 3526.620819239497: Received message <Pong:> from Peer_8:basic
Peer_3:basic INFO 4000: Sending message <Ping:> to Peer_4:basic
Peer_3:basic INFO 4000: Sending message <Ping:> to Peer_2:basic
Peer_3:basic INFO 4000: Sending message <Ping:> to Peer_6:basic
Peer_3:basic INFO 4000: Sending message <Ping:> to Peer_1:basic
Peer_3:basic INFO 4000.7856707106175: Received message <Ping:> from Peer_4:basic
Peer_3:basic INFO 4000.7856707106175: Sending message <Pong:> to Peer_4:basic
Peer_3:basic INFO 4001.4689196042136: Received message <Ping:> from Peer_1:basic
Peer_3:basic INFO 4001.4689196042136: Sending message <Pong:> to Peer_1:basic
Peer_3:basic INFO 4001.6666622591943: Received message <Pong:> from Peer_1:basic
Peer_3:basic INFO 4002.5723132604335: Received message <Pong:> from Peer_4:basic
Peer_3:basic INFO 4006.536547293077: Received message <RequestPeers:> from Peer_11:bootstrap
Peer_3:basic INFO 4006.536547293077: Sending message <PeerList> to Peer_11:bootstrap
Peer_3:basic INFO 4007.5364347629625: Received message <Ping:> from Peer_2:basic
Peer_3:basic INFO 4007.5364347629625: Sending message <Pong:> to Peer_2:basic
Peer_3:basic INFO 4007.561472539339: Received message <Ping:> from Peer_6:basic
Peer_3:basic INFO 4007.561472539339: Sending message <Pong:> to Peer_6:basic
Peer_3:basic INFO 4013.761984310679: Received message <Pong:> from Peer_2:basic
Peer_3:basic INFO 4014.8823441969257: Received message <Pong:> from Peer_6:basic
Peer_3:basic INFO 4500: Sending message <Ping:> to Peer_9:basic
Peer_3:basic INFO 4500: Sending message <Ping:> to Peer_8:basic
Peer_3:basic INFO 4502.444288806691: Received message <Pong:> from Peer_9:basic
Peer_3:basic INFO 4506.397488507314: Received message <Ping:> from Peer_8:basic
Peer_3:basic INFO 4506.397488507314: Sending message <Pong:> to Peer_8:basic
Peer_3:basic INFO 4511.180104194952: Received message <RequestPeers:> from Peer_11:bootstrap
Peer_3:basic INFO 4511.180104194952: Sending message <PeerList> to Peer_11:bootstrap
Peer_3:basic INFO 4513.447438764407: Received message <Pong:> from Peer_8:basic
Peer_3:basic INFO 4636.991721339352: Received message <Ping:> from Peer_9:basic
Peer_3:basic INFO 4636.991721339352: Sending message <Pong:> to Peer_9:basic
