Peer_2:basic WARNING 0: Not enough peers, fetching more (0, 4)
Peer_2:basic INFO 1.7006098060288966: Connecting to Peer_11:bootstrap
Peer_2:basic INFO 2.865806299324092: Received message <RequestPeers:> from Peer_11:bootstrap
Peer_2:basic INFO 2.865806299324092: Sending message <PeerList> to Peer_11:bootstrap
Peer_2:basic INFO 3.173051547158609: Received message <Hello:> from Peer_11:bootstrap
Peer_2:basic WARNING 500: Not enough peers, fetching more (1, 4)
Peer_2:basic INFO 500: Sending message <RequestPeers:> to Peer_11:bootstrap
Peer_2:basic INFO 501.3503843849795: Received message <RequestPeers:> from Peer_11:bootstrap
Peer_2:basic INFO 501.3503843849795: Sending message <PeerList> to Peer_11:bootstrap
Peer_2:basic INFO 502.1892900152578: Received message <PeerList> from Peer_11:bootstrap
Peer_2:basic WARNING 1000: Not enough peers, fetching more (1, 4)
Peer_2:basic INFO 1000: Sending message <RequestPeers:> to Peer_11:bootstrap
Peer_2:basic INFO 1001.16734686002: Received message <RequestPeers:> from Peer_11:bootstrap
Peer_2:basic INFO 1001.16734686002: Sending message <PeerList> to Peer_11:bootstrap
Peer_2:basic INFO 1001.4774288209484: Received message <Hello:> from Peer_7:basic
Peer_2:basic INFO 1001.4774288209484: Connecting to Peer_7:basic
Peer_2:basic INFO 1001.4774288209484: Sending message <Hello:> to Peer_7:basic
Peer_2:basic INFO 1001.4774288209484: Sending message <RequestPeers:> to Peer_7:basic
Peer_2:basic INFO 1002.121655169579: Received message <PeerList> from Peer_11:bootstrap
Peer_2:basic INFO 1003.5515560450228: Received message <PeerList> from Peer_7:basic
Peer_2:basic INFO 1006.2031379371446: Received message <Hello:> from Peer_3:basic
Peer_2:basic INFO 1006.2031379371446: Connecting to Peer_3:basic
Peer_2:basic INFO 1006.2031379371446: Sending message <Hello:> to Peer_3:basic
Peer_2:basic INFO 1006.2031379371446: Sending message <RequestPeers:> to Peer_3:basic
Peer_2:basic INFO 1022.3452979399733: Received message <PeerList> from Peer_3:basic
Peer_2:basic WARNING 1500: Not enough peers, fetching more (3, 4)
Peer_2:basic INFO 1501.0877043334974: Connecting to Peer_5:basic
Peer_2:basic INFO 1501.1025144532694: Received message <RequestPeers:> from Peer_7:basic
Peer_2:basic INFO 1501.1025144532694: Sending message <PeerList> to Peer_7:basic
Peer_2:basic INFO 1503.5554891300255: Received message <RequestPeers:> from Peer_5:basic
Peer_2:basic INFO 1503.5554891300255: Sending message <PeerList> to Peer_5:basic
Peer_2:basic INFO 1503.9353695916375: Received message <Hello:> from Peer_5:basic
Peer_2:basic INFO 1506.5152079688519: Received message <Hello:> from Peer_10:basic
Peer_2:basic INFO 1506.5152079688519: Connecting to Peer_10:basic
Peer_2:basic INFO 1506.5152079688519: Sending message <Hello:> to Peer_10:basic
Peer_2:basic INFO 1506.5152079688519: Sending message <RequestPeers:> to Peer_10:basic
Peer_2:basic INFO 1521.5471971113864: Received message <PeerList> from Peer_10:basic
Peer_2:basic INFO 2000: Sending message <Ping:> to Peer_11:bootstrap
Peer_2:basic INFO 2000: Sending message <Ping:> to Peer_3:basic
Peer_2:basic INFO 2001.0767891376802: Received message <Ping:> from Peer_11:bootstrap
Peer_2:basic INFO 2001.0767891376802: Sending message <Pong:> to Peer_11:bootstrap
Peer_2:basic INFO 2001.1924615942885: Received message <Hello:> from Peer_8:basic
Peer_2:basic INFO 2001.1924615942885: Connecting to Peer_8:basic
Peer_2:basic INFO 2001.1924615942885: Sending message <Hello:> to Peer_8:basic
Peer_2:basic INFO 2001.1924615942885: Sending message <RequestPeers:> to Peer_8:basic
Peer_2:basic INFO 2001.3616182727205: Received message <RequestPeers:> from Peer_11:bootstrap
Peer_2:basic INFO 2001.3616182727205: Sending message <PeerList> to Peer_11:bootstrap
Peer_2:basic INFO 2002.7270474353102: Received message <Pong:> from Peer_11:bootstrap
Peer_2:basic INFO 2003.9795267875206: Received message <PeerList> from Peer_8:basic
Peer_2:basic INFO 2006.242039882426: Received message <Ping:> from Peer_3:basic
Peer_2:basic INFO 2006.242039882426: Sending message <Pong:> to Peer_3:basic
Peer_2:basic INFO 2016.3360271808951: Received message <Pong:> from Peer_3:basic
Peer_2:basic INFO 2500: Sending message <Ping:> to Peer_7:basic
Peer_2:basic INFO 2500: Sending message <Ping:> to Peer_5:basic
Peer_2:basic INFO 2500: Sending message <Ping:> to Peer_10:basic
Peer_2:basic INFO 2501.0338402964167: Received message <Ping:> from Peer_7:basic
Peer_2:basic INFO 2501.0338402964167: Sending message <Pong:> to Peer_7:basic
Peer_2:basic INFO 2501.3022797320405: Received message <RequestPeers:> from Peer_11:bootstrap
Peer_2:basic INFO 2501.3022797320405: Sending message <PeerList> to Peer_11:bootstrap
Peer_2:basic INFO 2501.405954458077: Received message <Ping:> from Peer_5:basic
Peer_2:basic INFO 2501.405954458077: Sending message <Pong:> to Peer_5:basic
Peer_2:basic INFO 2502.239231015432: Received message <Pong:> from Peer_7:basic
Peer_2:basic INFO 2502.4290864975114: Received message <Pong:> from Peer_5:basic
Peer_2:basic INFO 2506.350843084366: Received message <Hello:> from Peer_4:basic
Peer_2:basic INFO 2506.350843084366: Connecting to Peer_4:basic
Peer_2:basic INFO 2506.350843084366: Sending message <Hello:> to Peer_4:basic
Peer_2:basic INFO 2506.350843084366: Sending message <RequestPeers:> to Peer_4:basic
Peer_2:basic INFO 2506.440929395274: Received message <Ping:> from Peer_10:basic
Peer_2:basic INFO 2506.440929395274: Sending message <Pong:> to Peer_10:basic
Peer_2:basic INFO 2517.1842343978633: Received message <Pong:> from Peer_10:basic
Peer_2:basic INFO 2521.425560396057: Received message <PeerList> from Peer_4:basic
Peer_2:basic INFO 3000: Sending message <Ping:> to Peer_3:basic
Peer_2:basic INFO 3000: Sending message <Ping:> to Peer_8:basic
Peer_2:basic INFO 3001.07624385374: Received message <Ping:> from Peer_8:basic
Peer_2:basic INFO 3001.07624385374: Sending message <Pong:> to Peer_8:basic
Peer_2:basic INFO 3002.431460250235: Received message <Pong:> from Peer_8:basic
Peer_2:basic INFO 3009.766609211363: Received message <Ping:> from Peer_3:basic
Peer_2:basic INFO 3009.766609211363: Sending message <Pong:> to Peer_3:basic
Peer_2:basic INFO 3014.3264305222606: Received message <Pong:> from Peer_3:basic
Peer_2:basic INFO 3500: Sending message <Ping:> to Peer_11:bootstrap
Peer_2:basic INFO 3500: Sending message <Ping:> to Peer_7:basic
Peer_2:basic INFO 3500: Sending message <Ping:> to Peer_5:basic
Peer_2:basic INFO 3500: Sending message <Ping:> to Peer_10:basic
Peer_2:basic INFO 3500: Sending message <Ping:> to Peer_4:basic
Peer_2:basic INFO 3501.2197183953676: Received message <Ping:> from Peer_11:bootstrap
Peer_2:basic INFO 3501.2197183953676: Sending message <Pong:> to Peer_11:bootstrap
Peer_2:basic INFO 3501.323397137352: Received message <RequestPeers:> from Peer_11:bootstrap
Peer_2:basic INFO 3501.323397137352: Sending message <PeerList> to Peer_11:bootstrap
Peer_2:basic INFO 3501.5394772724394: Received message <Ping:> from Peer_5:basic
Peer_2:basic INFO 3501.5394772724394: Sending message <Pong:> to Peer_5:basic
Peer_2:basic INFO 3501.762367970656: Received message <Ping:> from Peer_7:basic
Peer_2:basic INFO 3501.762367970656: Sending message <Pong:> to Peer_7:basic
Peer_2:basic INFO 3502.202917056103: Received message <Pong:> from Peer_5:basic
Peer_2:basic INFO 3503.0119426758165: Received message <Pong:> from Peer_7:basic
Peer_2:basic INFO 3503.3223824504867: Received message <Pong:> from Peer_11:bootstrap
Peer_2:basic INFO 3506.7315686074057: Received message <Ping:> from Peer_10:basic
Peer_2:basic INFO 3506.7315686074057: Sending message <Pong:> to Peer_10:basic
Peer_2:basic INFO 3506.8610509376676: Received message <Ping:> from Peer_4:basic
Peer_2:basic INFO 3506.8610509376676: Sending message <Pong:> to Peer_4:basic
Peer_2:basic INFO 3516.6515059103954: Received message <Pong:> from Peer_10:basic
Peer_2:basic INFO 3519.085984064493: Received message <Pong:> from Peer_4:basic
Peer_2:basic INFO 4000: Sending message <Ping:> to Peer_3:basic
Peer_2:basic INFO 4000: Sending message <Ping:> to Peer_8:basic
Peer_2:basic INFO 4001.6675173796193: Received message <Ping:> from Peer_8:basic
Peer_2:basic INFO 4001.6675173796193: Sending message <Pong:> to Peer_8:basic
Peer_2:basic INFO 4002.7195333413883: Received message <Pong:> from Peer_8:basic
Peer_2:basic INFO 4006.288286861066: Received message <Ping:> from Peer_3:basic
Peer_2:basic INFO 4006.288286861066: Sending message <Pong:> to Peer_3:basic
Peer_2:basic INFO 4014.606132732914: Received message <Pong:> from Peer_3:basic
Peer_2:basic INFO 4500: Sending message <Ping:> to Peer_11:bootstrap
Peer_2:basic INFO 4500: Sending message <Ping:> to Peer_7:basic
Peer_2:basic INFO 4500: Sending message <Ping:> to Peer_5:basic
Peer_2:basic INFO 4500: Sending message <Ping:> to Peer_10:basic
Peer_2:basic INFO 4500: Sending message <Ping:> to Peer_4:basic
Peer_2:basic INFO 4501.0731595527495: Received message <Ping:> from Peer_7:basic
Peer_2:basic INFO 4501.0731595527495: Sending message <Pong:> to Peer_7:basic
Peer_2:basic INFO 4501.235859566111: Received message <Ping:> from Peer_11:bootstrap
Peer_2:basic INFO 4501.235859566111: Sending message <Pong:> to Peer_11:bootstrap
Peer_2:basic INFO 4501.460652957268: Received message <Ping:> from Peer_5:basic
Peer_2:basic INFO 4501.460652957268: Sending message <Pong:> to Peer_5:basic
Peer_2:basic INFO 4502.7742695787965: Received message <Pong:> from Peer_11:bootstrap
Peer_2:basic INFO 4503.90177041277: Received message <Pong:> from Peer_7:basic
Peer_2:basic INFO 4504.6039186700355: Received message <Pong:> from Peer_5:basic
Peer_2:basic INFO 4506.345595529117: Received message <Ping:> from Peer_4:basic
Peer_2:basic INFO 4506.345595529117: Sending message <Pong:> to Peer_4:basic
Peer_2:basic INFO 4506.983353836262: Received message <Ping:> from Peer_10:basic
Peer_2:basic INFO 4506.983353836262: Sending message <Pong:> to Peer_10:basic
Peer_2:basic INFO 4514.167371058838: Received message <Pong:> from Peer_4:basic
Peer_2:basic INFO 4518.802754361108: Received message <Pong:> from Peer_10:basic
