Peer_5:basic WARNING 0: Not enough peers, fetching more (0, 4)
Peer_5:basic INFO 1.3367184806137324: Connecting to Peer_11:bootstrap
Peer_5:basic INFO 2.3974776529944917: Received message <RequestPeers:> from Peer_11:bootstrap
Peer_5:basic INFO 2.3974776529944917: Sending message <PeerList> to Peer_11:bootstrap
Peer_5:basic INFO 4.004362562928118: Received message <Hello:> from Peer_11:bootstrap
Peer_5:basic WARNING 500: Not enough peers, fetching more (1, 4)
Peer_5:basic INFO 500: Sending message <RequestPeers:> to Peer_11:bootstrap
Peer_5:basic INFO 502.26066231522907: Received message <PeerList> from Peer_11:bootstrap
Peer_5:basic WARNING 1000: Not enough peers, fetching more (1, 4)
Peer_5:basic INFO 1000: Sending message <RequestPeers:> to Peer_11:bootstrap
Peer_5:basic INFO 1001.10169231613: Received message <RequestPeers:> from Peer_11:bootstrap
Peer_5:basic INFO 1001.10169231613: Sending message <PeerList> to Peer_11:bootstrap
Peer_5:basic INFO 1002.4654440316951: Received message <PeerList> from Peer_11:bootstrap
Peer_5:basic INFO 1010.140309998212: Connecting to Peer_10:basic
Peer_5:basic INFO 1016.246955076423: Received message <RequestPeers:> from Peer_10:basic
Peer_5:basic INFO 1016.246955076423: Sending message <PeerList> to Peer_10:basic
Peer_5:basic INFO 1017.80578948229: Received message <Hello:> from Peer_10:basic
Peer_5:basic WARNING 1500: Not enough peers, fetching more (2, 4)
Peer_5:basic INFO 1500: Sending message <RequestPeers:> to Peer_10:basic
Peer_5:basic INFO 1500: Sending message <RequestPeers:> to Peer_11:bootstrap
Peer_5:basic INFO 1501.0877043334974: Received message <Hello:> from Peer_2:basic
Peer_5:basic INFO 1501.0877043334974: Connecting to Peer_2:basic
Peer_5:basic INFO 1501.0877043334974: Sending message <Hello:> to Peer_2:basic
Peer_5:basic INFO 1501.0877043334974: Sending message <RequestPeers:> to Peer_2:basic
Peer_5:basic INFO 1502.1930433924301: Received message <PeerList> from Peer_11:bootstrap
Peer_5:basic INFO 1506.3946266576645: Received message <PeerList> from Peer_2:basic
Peer_5:basic INFO 1506.6676538520837: Received message <Hello:> from Peer_9:basic
Peer_5:basic INFO 1506.6676538520837: Connecting to Peer_9:basic
Peer_5:basic INFO 1506.6676538520837: Sending message <Hello:> to Peer_9:basic
Peer_5:basic INFO 1506.6676538520837: Sending message <RequestPeers:> to Peer_9:basic
Peer_5:basic INFO 1513.1263730641126: Received message <PeerList> from Peer_10:basic
Peer_5:basic INFO 1519.0122568453123: Received message <PeerList> from Peer_9:basic
Peer_5:basic INFO 2500: Sending message <Ping:> to Peer_11:bootstrap
Peer_5:basic INFO 2500: Sending message <Ping:> to Peer_10:basic
Peer_5:basic INFO 2500: Sending message <Ping:> to Peer_2:basic
Peer_5:basic INFO 2500: Sending message <Ping:> to Peer_9:basic
Peer_5:basic INFO 2501.0976272741173: Received message <Ping:> from Peer_11:bootstrap
Peer_5:basic INFO 2501.0976272741173: Sending message <Pong:> to Peer_11:bootstrap
Peer_5:basic INFO 2501.2490976229647: Received message <Ping:> from Peer_2:basic
Peer_5:basic INFO 2501.2490976229647: Sending message <Pong:> to Peer_2:basic
Peer_5:basic INFO 2502.1257709606502: Received message <RequestPeers:> from Peer_11:bootstrap
Peer_5:basic INFO 2502.1257709606502: Sending message <PeerList> to Peer_11:bootstrap
Peer_5:basic INFO 2502.5553266838333: Received message <Pong:> from Peer_2:basic
Peer_5:basic INFO 2503.1309186524795: Received message <Pong:> from Peer_11:bootstrap
Peer_5:basic INFO 2506.7518678459915: Received message <Ping:> from Peer_10:basic
Peer_5:basic INFO 2506.7518678459915: Sending message <Pong:> to Peer_10:basic
Peer_5:basic INFO 2506.8466242267364: Received message <Ping:> from Peer_9:basic
Peer_5:basic INFO 2506.8466242267364: Sending message <Pong:> to Peer_9:basic
Peer_5:basic INFO 2513.5878478340373: Received message <Pong:> from Peer_10:basic
Peer_5:basic INFO 2514.1987454392934: Received message <Pong:> from Peer_9:basic
Peer_5:basic INFO 3500: Sending message <Ping:> to Peer_11:bootstrap
Peer_5:basic INFO 3500: Sending message <Ping:> to Peer_10:basic
Peer_5:basic INFO 3500: Sending message <Ping:> to Peer_2:basic
Peer_5:basic INFO 3500: Sending message <Ping:> to Peer_9:basic
Peer_5:basic INFO 3501.136388763611: Received message <Ping:> from Peer_2:basic
Peer_5:basic INFO 3501.136388763611: Sending message <Pong:> to Peer_2:basic
Peer_5:basic INFO 3501.58471227161: Received message <Ping:> from Peer_11:bootstrap
Peer_5:basic INFO 3501.58471227161: Sending message <Pong:> to Peer_11:bootstrap
Peer_5:basic INFO 3503.736790658401: Received message <Pong:> from Peer_2:basic
Peer_5:basic INFO 3504.4820298911627: Received message <Pong:> from Peer_11:bootstrap
Peer_5:basic INFO 3506.2223705987603: Received message <Ping:> from Peer_9:basic
Peer_5:basic INFO 3506.2223705987603: Sending message <Pong:> to Peer_9:basic
Peer_5:basic INFO 3506.830796402162: Received message <Ping:> from Peer_10:basic
Peer_5:basic INFO 3506.830796402162: Sending message <Pong:> to Peer_10:basic
Peer_5:basic INFO 3513.736833591769: Received message <Pong:> from Peer_10:basic
Peer_5:basic INFO 3515.909981452459: Received message <Pong:> from Peer_9:basic
Peer_5:basic INFO 4500: Sending message <Ping:> to Peer_11:bootstrap
Peer_5:basic INFO 4500: Sending message <Ping:> to Peer_10:basic
Peer_5:basic INFO 4500: Sending message <Ping:> to Peer_2:basic
Peer_5:basic INFO 4500: Sending message <Ping:> to Peer_9:basic
Peer_5:basic INFO 4501.221068306575: Received message <Ping:> from Peer_11:bootstrap
Peer_5:basic INFO 4501.221068306575: Sending message <Pong:> to Peer_11:bootstrap
Peer_5:basic INFO 4502.38541990617: Received message <Pong:> from Peer_11:bootstrap
Peer_5:basic INFO 4503.053422935686: Received message <Pong:> from Peer_2:basic
Peer_5:basic INFO 4503.472115544675: Received message <Ping:> from Peer_2:basic
Peer_5:basic INFO 4503.472115544675: Sending message <Pong:> to Peer_2:basic
Peer_5:basic INFO 4506.489657693506: Received message <Ping:> from Peer_10:basic
Peer_5:basic INFO 4506.489657693506: Sending message <Pong:> to Peer_10:basic
Peer_5:basic INFO 4506.582564967364: Received message <Ping:> from Peer_9:basic
Peer_5:basic INFO 4506.582564967364: Sending message <Pong:> to Peer_9:basic
Peer_5:basic INFO 4516.25910271269: Received message <Pong:> from Peer_9:basic
Peer_5:basic INFO 4516.469824888313: Received message <Pong:> from Peer_10:basic
