Peer_9:basic WARNING 0: Not enough peers, fetching more (0, 4)
Peer_9:basic INFO 6.777805050178501: Connecting to Peer_11:bootstrap
Peer_9:basic INFO 13.019685870370843: Received message <Hello:> from Peer_11:bootstrap
Peer_9:basic INFO 14.137697720522459: Received message <RequestPeers:> from Peer_11:bootstrap
Peer_9:basic INFO 14.137697720522459: Sending message <PeerList> to Peer_11:bootstrap
Peer_9:basic WARNING 500: Not enough peers, fetching more (1, 4)
Peer_9:basic INFO 500: Sending message <RequestPeers:> to Peer_11:bootstrap
Peer_9:basic INFO 516.2207140387031: Received message <PeerList> from Peer_11:bootstrap
Peer_9:basic WARNING 1000: Not enough peers, fetching more (1, 4)
Peer_9:basic INFO 1000: Sending message <RequestPeers:> to Peer_11:bootstrap
Peer_9:basic INFO 1000.7169428387393: Connecting to Peer_3:basic
Peer_9:basic INFO 1001.4441545796269: Received message <RequestPeers:> from Peer_3:basic
Peer_9:basic INFO 1001.4441545796269: Sending message <PeerList> to Peer_3:basic
Peer_9:basic INFO 1002.5825752754822: Received message <Hello:> from Peer_3:basic
Peer_9:basic INFO 1014.7279981929231: Received message <PeerList> from Peer_11:bootstrap
Peer_9:basic WARNING 1500: Not enough peers, fetching more (2, 4)
Peer_9:basic INFO 1500: Sending message <RequestPeers:> to Peer_11:bootstrap
Peer_9:basic INFO 1500: Sending message <RequestPeers:> to Peer_3:basic
Peer_9:basic INFO 1506.1312497526894: Received message <RequestPeers:> from Peer_11:bootstrap
Peer_9:basic INFO 1506.1312497526894: Sending message <PeerList> to Peer_11:bootstrap
Peer_9:basic INFO 1506.6676538520837: Connecting to Peer_5:basic
Peer_9:basic INFO 1510.3785285727686: Received message <PeerList> from Peer_3:basic
Peer_9:basic INFO 1512.7358492863295: Received message <RequestPeers:> from Peer_5:basic
Peer_9:basic INFO 1512.7358492863295: Sending message <PeerList> to Peer_5:basic
Peer_9:basic INFO 1513.9565557104318: Received message <PeerList> from Peer_11:bootstrap
Peer_9:basic INFO 1514.3764279840523: Received message <Hello:> from Peer_5:basic
Peer_9:basic WARNING 2000: Not enough peers, fetching more (3, 4)
Peer_9:basic INFO 2000.7785295150763: Connecting to Peer_10:basic
Peer_9:basic INFO 2001.4700918901215: Received message <RequestPeers:> from Peer_10:basic
Peer_9:basic INFO 2001.4700918901215: Sending message <PeerList> to Peer_10:basic
Peer_9:basic INFO 2001.6899244021897: Received message <Hello:> from Peer_10:basic
Peer_9:basic INFO 2500: Sending message <Ping:> to Peer_11:bootstrap
Peer_9:basic INFO 2500: Sending message <Ping:> to Peer_3:basic
Peer_9:basic INFO 2500: Sending message <Ping:> to Peer_5:basic
Peer_9:basic INFO 2501.534265811145: Received message <Ping:> from Peer_3:basic
Peer_9:basic INFO 2501.534265811145: Sending message <Pong:> to Peer_3:basic
Peer_9:basic INFO 2503.1487099050983: Received message <Pong:> from Peer_3:basic
Peer_9:basic INFO 2507.1814180145725: Received message <Ping:> from Peer_5:basic
Peer_9:basic INFO 2507.1814180145725: Sending message <Pong:> to Peer_5:basic
Peer_9:basic INFO 2507.3466200294083: Received message <Ping:> from Peer_11:bootstrap
Peer_9:basic INFO 2507.3466200294083: Sending message <Pong:> to Peer_11:bootstrap
Peer_9:basic INFO 2513.0830152606613: Received message <Pong:> from Peer_5:basic
Peer_9:basic INFO 2514.123564644891: Received message <Pong:> from Peer_11:bootstrap
Peer_9:basic INFO 3000: Sending message <Ping:> to Peer_10:basic
Peer_9:basic INFO 3001.6090957076267: Received message <Ping:> from Peer_10:basic
Peer_9:basic INFO 3001.6090957076267: Sending message <Pong:> to Peer_10:basic
Peer_9:basic INFO 3001.861037938375: Received message <Pong:> from Peer_10:basic
Peer_9:basic INFO 3006.637055667744: Received message <RequestPeers:> from Peer_11:bootstrap
Peer_9:basic INFO 3006.637055667744: Sending message <PeerList> to Peer_11:bootstrap
Peer_9:basic INFO 3500: Sending message <Ping:> to Peer_3:basic
Peer_9:basic INFO 3500: Sending message <Ping:> to Peer_5:basic
Peer_9:basic INFO 3501.516936152786: Received message <Pong:> from Peer_3:basic
Peer_9:basic INFO 3502.2968230782435: Received message <Ping:> from Peer_3:basic
Peer_9:basic INFO 3502.2968230782435: Sending message <Pong:> to Peer_3:basic
Peer_9:basic INFO 3507.4597086792196: Received message <RequestPeers:> from Peer_11:bootstrap
Peer_9:basic INFO 3507.4597086792196: Sending message <PeerList> to Peer_11:bootstrap
Peer_9:basic INFO 3509.067725503215: Received message <Ping:> from Peer_5:basic
Peer_9:basic INFO 3509.067725503215: Sending message <Pong:> to Peer_5:basic
Peer_9:basic INFO 3512.3601035524653: Received message <Pong:> from Peer_5:basic
Peer_9:basic INFO 4000: Sending message <Ping:> to Peer_10:basic
Peer_9:basic INFO 4001.020108719418: Received message <Ping:> from Peer_10:basic
Peer_9:basic INFO 4001.020108719418: Sending message <Pong:> to Peer_10:basic
Peer_9:basic INFO 4001.655607865422: Received message <Pong:> from Peer_10:basic
Peer_9:basic INFO 4500: Sending message <Ping:> to Peer_11:bootstrap
Peer_9:basic INFO 4500: Sending message <Ping:> to Peer_3:basic
Peer_9:basic INFO 4500: Sending message <Ping:> to Peer_5:basic
Peer_9:basic INFO 4501.570778483704: Received message <Ping:> from Peer_3:basic
Peer_9:basic INFO 4501.570778483704: Sending message <Pong:> to Peer_3:basic
Peer_9:basic INFO 4506.157689476091: Received message <RequestPeers:> from Peer_11:bootstrap
Peer_9:basic INFO 4506.157689476091: Sending message <PeerList> to Peer_11:bootstrap
Peer_9:basic INFO 4508.069842313265: Received message <Ping:> from Peer_11:bootstrap
Peer_9:basic INFO 4508.069842313265: Sending message <Pong:> to Peer_11:bootstrap
Peer_9:basic INFO 4509.228471828483: Received message <Ping:> from Peer_5:basic
Peer_9:basic INFO 4509.228471828483: Sending message <Pong:> to Peer_5:basic
Peer_9:basic INFO 4513.923174375294: Received message <Pong:> from Peer_11:bootstrap
Peer_9:basic INFO 4514.1664486538075: Received message <Pong:> from Peer_5:basic
Peer_9:basic INFO 4637.959762502205: Received message <Pong:> from Peer_3:basic
