Peer_10:basic WARNING 0: Not enough peers, fetching more (0, 4)
Peer_10:basic INFO 6.243184210557711: Connecting to Peer_11:bootstrap
Peer_10:basic INFO 13.093591420357829: Received message <Hello:> from Peer_11:bootstrap
Peer_10:basic INFO 13.899607371496645: Received message <RequestPeers:> from Peer_11:bootstrap
Peer_10:basic INFO 13.899607371496645: Sending message <PeerList> to Peer_11:bootstrap
Peer_10:basic WARNING 500: Not enough peers, fetching more (1, 4)
Peer_10:basic INFO 500: Sending message <RequestPeers:> to Peer_11:bootstrap
Peer_10:basic INFO 508.1854730727273: Received message <RequestPeers:> from Peer_11:bootstrap
Peer_10:basic INFO 508.1854730727273: Sending message <PeerList> to Peer_11:bootstrap
Peer_10:basic INFO 513.9527775407458: Received message <PeerList> from Peer_11:bootstrap
Peer_10:basic WARNING 1000: Not enough peers, fetching more (1, 4)
Peer_10:basic INFO 1000: Sending message <RequestPeers:> to Peer_11:bootstrap
Peer_10:basic INFO 1006.4793571071611: Received message <RequestPeers:> from Peer_11:bootstrap
Peer_10:basic INFO 1006.4793571071611: Sending message <PeerList> to Peer_11:bootstrap
Peer_10:basic INFO 1009.754439101453: Received message <Hello:> from Peer_8:basic
Peer_10:basic INFO 1009.754439101453: Connecting to Peer_8:basic
Peer_10:basic INFO 1009.754439101453: Sending message <Hello:> to Peer_8:basic
Peer_10:basic INFO 1009.754439101453: Sending message <RequestPeers:> to Peer_8:basic
Peer_10:basic INFO 1010.140309998212: Received message <Hello:> from Peer_5:basic
Peer_10:basic INFO 1010.140309998212: Connecting to Peer_5:basic
Peer_10:basic INFO 1010.140309998212: Sending message <Hello:> to Peer_5:basic
Peer_10:basic INFO 1010.140309998212: Sending message <RequestPeers:> to Peer_5:basic
Peer_10:basic INFO 1013.9477786736174: Received message <PeerList> from Peer_11:bootstrap
Peer_10:basic INFO 1025.3170333482747: Received message <PeerList> from Peer_5:basic
Peer_10:basic INFO 1028.84965677489: Received message <PeerList> from Peer_8:basic
Peer_10:basic WARNING 1500: Not enough peers, fetching more (3, 4)
Peer_10:basic INFO 1506.5152079688519: Connecting to Peer_2:basic
Peer_10:basic INFO 1506.5308377793383: Received message <Hello:> from Peer_7:basic
Peer_10:basic INFO 1506.5308377793383: Connecting to Peer_7:basic
Peer_10:basic INFO 1506.5308377793383: Sending message <Hello:> to Peer_7:basic
Peer_10:basic INFO 1506.5308377793383: Sending message <RequestPeers:> to Peer_7:basic
Peer_10:basic INFO 1506.7993081352254: Received message <RequestPeers:> from Peer_5:basic
Peer_10:basic INFO 1506.7993081352254: Sending message <PeerList> to Peer_5:basic
Peer_10:basic INFO 1506.8673891352016: Received message <RequestPeers:> from Peer_11:bootstrap
Peer_10:basic INFO 1506.8673891352016: Sending message <PeerList> to Peer_11:bootstrap
Peer_10:basic INFO 1508.3714646838466: Received message <RequestPeers:> from Peer_8:basic
Peer_10:basic INFO 1508.3714646838466: Sending message <PeerList> to Peer_8:basic
Peer_10:basic INFO 1513.3207771636446: Received message <RequestPeers:> from Peer_2:basic
Peer_10:basic INFO 1513.3207771636446: Sending message <PeerList> to Peer_2:basic
Peer_10:basic INFO 1513.77275695478: Received message <Hello:> from Peer_2:basic
Peer_10:basic INFO 1524.653313717506: Received message <PeerList> from Peer_7:basic
Peer_10:basic INFO 2000.7785295150763: Received message <Hello:> from Peer_9:basic
Peer_10:basic INFO 2000.7785295150763: Connecting to Peer_9:basic
Peer_10:basic INFO 2000.7785295150763: Sending message <Hello:> to Peer_9:basic
Peer_10:basic INFO 2000.7785295150763: Sending message <RequestPeers:> to Peer_9:basic
Peer_10:basic INFO 2002.3429933319132: Received message <PeerList> from Peer_9:basic
Peer_10:basic INFO 2006.4427503461864: Received message <RequestPeers:> from Peer_8:basic
Peer_10:basic INFO 2006.4427503461864: Sending message <PeerList> to Peer_8:basic
Peer_10:basic INFO 2500: Sending message <Ping:> to Peer_11:bootstrap
Peer_10:basic INFO 2500: Sending message <Ping:> to Peer_5:basic
Peer_10:basic INFO 2500: Sending message <Ping:> to Peer_2:basic
Peer_10:basic INFO 2500: Sending message <Ping:> to Peer_7:basic
Peer_10:basic INFO 2506.3081189020686: Received message <Ping:> from Peer_2:basic
Peer_10:basic INFO 2506.3081189020686: Sending message <Pong:> to Peer_2:basic
Peer_10:basic INFO 2506.355392297431: Received message <Ping:> from Peer_11:bootstrap
Peer_10:basic INFO 2506.355392297431: Sending message <Pong:> to Peer_11:bootstrap
Peer_10:basic INFO 2506.655892549351: Received message <Ping:> from Peer_7:basic
Peer_10:basic INFO 2506.655892549351: Sending message <Pong:> to Peer_7:basic
Peer_10:basic INFO 2506.820169805476: Received message <Ping:> from Peer_5:basic
Peer_10:basic INFO 2506.820169805476: Sending message <Pong:> to Peer_5:basic
Peer_10:basic INFO 2513.024278510239: Received message <Pong:> from Peer_2:basic
Peer_10:basic INFO 2513.228411662933: Received message <Pong:> from Peer_11:bootstrap
Peer_10:basic INFO 2514.360703268647: Received message <Pong:> from Peer_7:basic
Peer_10:basic INFO 2514.9317247162753: Received message <Pong:> from Peer_5:basic
Peer_10:basic INFO 3000: Sending message <Ping:> to Peer_8:basic
Peer_10:basic INFO 3000: Sending message <Ping:> to Peer_9:basic
Peer_10:basic INFO 3000.6608902978396: Received message <Ping:> from Peer_9:basic
Peer_10:basic INFO 3000.6608902978396: Sending message <Pong:> to Peer_9:basic
Peer_10:basic INFO 3002.4238090772546: Received message <Pong:> from Peer_9:basic
Peer_10:basic INFO 3007.0034219629033: Received message <Ping:> from Peer_8:basic
Peer_10:basic INFO 3007.0034219629033: Sending message <Pong:> to Peer_8:basic
Peer_10:basic INFO 3015.882079664206: Received message <Pong:> from Peer_8:basic
Peer_10:basic INFO 3500: Sending message <Ping:> to Peer_11:bootstrap
Peer_10:basic INFO 3500: Sending message <Ping:> to Peer_5:basic
Peer_10:basic INFO 3500: Sending message <Ping:> to Peer_2:basic
Peer_10:basic INFO 3500: Sending message <Ping:> to Peer_7:basic
Peer_10:basic INFO 3506.1329155825542: Received message <Ping:> from Peer_7:basic
Peer_10:basic INFO 3506.1329155825542: Sending message <Pong:> to Peer_7:basic
Peer_10:basic INFO 3506.288073015969: Received message <Ping:> from Peer_11:bootstrap
Peer_10:basic INFO 3506.288073015969: Sending message <Pong:> to Peer_11:bootstrap
Peer_10:basic INFO 3506.294396719475: Received message <Ping:> from Peer_5:basic
Peer_10:basic INFO 3506.294396719475: Sending message <Pong:> to Peer_5:basic
Peer_10:basic INFO 3506.4464788265773: Received message <Ping:> from Peer_2:basic
Peer_10:basic INFO 3506.4464788265773: Sending message <Pong:> to Peer_2:basic
Peer_10:basic INFO 3513.977876351694: Received message <Pong:> from Peer_11:bootstrap
Peer_10:basic INFO 3514.093506076069: Received message <Pong:> from Peer_2:basic
Peer_10:basic INFO 3516.0660964344765: Received message <Pong:> from Peer_7:basic
Peer_10:basic INFO 3516.4163277672033: Received message <Pong:> from Peer_5:basic
Peer_10:basic INFO 4000: Sending message <Ping:> to Peer_8:basic
Peer_10:basic INFO 4000: Sending message <Ping:> to Peer_9:basic
Peer_10:basic INFO 4000.762560299543: Received message <Ping:> from Peer_9:basic
Peer_10:basic INFO 4000.762560299543: Sending message <Pong:> to Peer_9:basic
Peer_10:basic INFO 4001.701117031265: Received message <Pong:> from Peer_9:basic
Peer_10:basic INFO 4006.426359305019: Received message <Ping:> from Peer_8:basic
Peer_10:basic INFO 4006.426359305019: Sending message <Pong:> to Peer_8:basic
Peer_10:basic INFO 4008.9425098563697: Received message <RequestPeers:> from Peer_11:bootstrap
Peer_10:basic INFO 4008.9425098563697: Sending message <PeerList> to Peer_11:bootstrap
Peer_10:basic INFO 4017.4418544789723: Received message <Pong:> from Peer_8:basic
Peer_10:basic INFO 4500: Sending message <Ping:> to Peer_5:basic
Peer_10:basic INFO 4500: Sending message <Ping:> to Peer_2:basic
Peer_10:basic INFO 4500: Sending message <Ping:> to Peer_7:basic
Peer_10:basic INFO 4506.901107228347: Received message <Ping:> from Peer_5:basic
Peer_10:basic INFO 4506.901107228347: Sending message <Pong:> to Peer_5:basic
Peer_10:basic INFO 4507.165656743529: Received message <Ping:> from Peer_7:basic
Peer_10:basic INFO 4507.165656743529: Sending message <Pong:> to Peer_7:basic
Peer_10:basic INFO 4510.721898615252: Received message <Ping:> from Peer_2:basic
Peer_10:basic INFO 4510.721898615252: Sending message <Pong:> to Peer_2:basic
Peer_10:basic INFO 4513.062599497139: Received message <Pong:> from Peer_5:basic
Peer_10:basic INFO 4513.539682645213: Received message <Pong:> from Peer_7:basic
Peer_10:basic INFO 4514.366005843914: Received message <Pong:> from Peer_2:basic
