Peer_7:basic WARNING 0: Not enough peers, fetching more (0, 4)
Peer_7:basic INFO 1.0321796255199018: Connecting to Peer_11:bootstrap
Peer_7:basic INFO 2.533347122534477: Received message <RequestPeers:> from Peer_11:bootstrap
Peer_7:basic INFO 2.533347122534477: Sending message <PeerList> to Peer_11:bootstrap
Peer_7:basic INFO 3.3898834579418877: Received message <Hello:> from Peer_11:bootstrap
Peer_7:basic WARNING 500: Not enough peers, fetching more (1, 4)
Peer_7:basic INFO 500: Sending message <RequestPeers:> to Peer_11:bootstrap
Peer_7:basic INFO 502.2661188396593: Received message <PeerList> from Peer_11:bootstrap
Peer_7:basic WARNING 1000: Not enough peers, fetching more (1, 4)
Peer_7:basic INFO 1000: Sending message <RequestPeers:> to Peer_11:bootstrap
Peer_7:basic INFO 1001.4774288209484: Connecting to Peer_2:basic
Peer_7:basic INFO 1002.004544202456: Received message <RequestPeers:> from Peer_11:bootstrap
Peer_7:basic INFO 1002.004544202456: Sending message <PeerList> to Peer_11:bootstrap
Peer_7:basic INFO 1002.5087427948612: Received message <RequestPeers:> from Peer_2:basic
Peer_7:basic INFO 1002.5087427948612: Sending message <PeerList> to Peer_2:basic
Peer_7:basic INFO 1003.1573934074888: Received message <Hello:> from Peer_2:basic
Peer_7:basic INFO 1003.1725442588003: Received message <PeerList> from Peer_11:bootstrap
Peer_7:basic WARNING 1500: Not enough peers, fetching more (2, 4)
Peer_7:basic INFO 1500: Sending message <RequestPeers:> to Peer_11:bootstrap
Peer_7:basic INFO 1500: Sending message <RequestPeers:> to Peer_2:basic
Peer_7:basic INFO 1501.1197591493697: Received message <RequestPeers:> from Peer_11:bootstrap
Peer_7:basic INFO 1501.1197591493697: Sending message <PeerList> to Peer_11:bootstrap
Peer_7:basic INFO 1501.3645206627853: Received message <Hello:> from Peer_6:basic
Peer_7:basic INFO 1501.3645206627853: Connecting to Peer_6:basic
Peer_7:basic INFO 1501.3645206627853: Sending message <Hello:> to Peer_6:basic
Peer_7:basic INFO 1501.3645206627853: Sending message <RequestPeers:> to Peer_6:basic
Peer_7:basic INFO 1502.1513943825462: Received message <PeerList> from Peer_2:basic
Peer_7:basic INFO 1502.7524196157308: Received message <PeerList> from Peer_11:bootstrap
Peer_7:basic INFO 1503.8970885579533: Received message <PeerList> from Peer_6:basic
Peer_7:basic INFO 1506.2032381658796: Received message <Hello:> from Peer_1:basic
Peer_7:basic INFO 1506.2032381658796: Connecting to Peer_1:basic
Peer_7:basic INFO 1506.2032381658796: Sending message <Hello:> to Peer_1:basic
Peer_7:basic INFO 1506.2032381658796: Sending message <RequestPeers:> to Peer_1:basic
Peer_7:basic INFO 1506.5308377793383: Connecting to Peer_10:basic
Peer_7:basic INFO 1514.2548434129274: Received message <Hello:> from Peer_10:basic
Peer_7:basic INFO 1517.3795862088791: Received message <RequestPeers:> from Peer_10:basic
Peer_7:basic INFO 1517.3795862088791: Sending message <PeerList> to Peer_10:basic
Peer_7:basic INFO 1519.99457003851: Received message <PeerList> from Peer_1:basic
Peer_7:basic INFO 2001.0250482317815: Received message <RequestPeers:> from Peer_11:bootstrap
Peer_7:basic INFO 2001.0250482317815: Sending message <PeerList> to Peer_11:bootstrap
Peer_7:basic INFO 2002.3871715423631: Received message <RequestPeers:> from Peer_6:basic
Peer_7:basic INFO 2002.3871715423631: Sending message <PeerList> to Peer_6:basic
Peer_7:basic INFO 2500: Sending message <Ping:> to Peer_2:basic
Peer_7:basic INFO 2500: Sending message <Ping:> to Peer_1:basic
Peer_7:basic INFO 2500: Sending message <Ping:> to Peer_10:basic
Peer_7:basic INFO 2501.1316352426416: Received message <Ping:> from Peer_2:basic
Peer_7:basic INFO 2501.1316352426416: Sending message <Pong:> to Peer_2:basic
Peer_7:basic INFO 2501.3664577392883: Received message <RequestPeers:> from Peer_11:bootstrap
Peer_7:basic INFO 2501.3664577392883: Sending message <PeerList> to Peer_11:bootstrap
Peer_7:basic INFO 2502.4314773858387: Received message <Pong:> from Peer_2:basic
Peer_7:basic INFO 2507.074761748169: Received message <Ping:> from Peer_10:basic
Peer_7:basic INFO 2507.074761748169: Sending message <Pong:> to Peer_10:basic
Peer_7:basic INFO 2508.1762079573336: Received message <Ping:> from Peer_1:basic
Peer_7:basic INFO 2508.1762079573336: Sending message <Pong:> to Peer_1:basic
Peer_7:basic INFO 2513.3847035661056: Received message <Pong:> from Peer_10:basic
Peer_7:basic INFO 2515.5507876260895: Received message <Pong:> from Peer_1:basic
Peer_7:basic INFO 3000: Sending message <Ping:> to Peer_6:basic
Peer_7:basic INFO 3001.8897398290974: Received message <Ping:> from Peer_6:basic
Peer_7:basic INFO 3001.8897398290974: Sending message <Pong:> to Peer_6:basic
Peer_7:basic INFO 3002.6554459885915: Received message <Pong:> from Peer_6:basic
Peer_7:basic INFO 3500: Sending message <Ping:> to Peer_11:bootstrap
Peer_7:basic INFO 3500: Sending message <Ping:> to Peer_2:basic
Peer_7:basic INFO 3500: Sending message <Ping:> to Peer_1:basic
Peer_7:basic INFO 3500: Sending message <Ping:> to Peer_10:basic
Peer_7:basic INFO 3501.027418326734: Received message <Ping:> from Peer_11:bootstrap
Peer_7:basic INFO 3501.027418326734: Sending message <Pong:> to Peer_11:bootstrap
Peer_7:basic INFO 3501.38815686722: Received message <Ping:> from Peer_2:basic
Peer_7:basic INFO 3501.38815686722: Sending message <Pong:> to Peer_2:basic
Peer_7:basic INFO 3501.407636748005: Received message <RequestPeers:> from Peer_11:bootstrap
Peer_7:basic INFO 3501.407636748005: Sending message <PeerList> to Peer_11:bootstrap
Peer_7:basic INFO 3502.894731330922: Received message <Pong:> from Peer_2:basic
Peer_7:basic INFO 3504.586401062505: Received message <Pong:> from Peer_11:bootstrap
Peer_7:basic INFO 3507.4981824422694: Received message <Ping:> from Peer_1:basic
Peer_7:basic INFO 3507.4981824422694: Sending message <Pong:> to Peer_1:basic
Peer_7:basic INFO 3509.6423280511954: Received message <Ping:> from Peer_10:basic
Peer_7:basic INFO 3509.6423280511954: Sending message <Pong:> to Peer_10:basic
Peer_7:basic INFO 3514.8806028084946: Received message <Pong:> from Peer_10:basic
Peer_7:basic INFO 3515.898554109531: Received message <Pong:> from Peer_1:basic
Peer_7:basic INFO 4000: Sending message <Ping:> to Peer_6:basic
Peer_7:basic INFO 4001.399360939784: Received message <Ping:> from Peer_6:basic
Peer_7:basic INFO 4001.399360939784: Sending message <Pong:> to Peer_6:basic
Peer_7:basic INFO 4002.34029161458: Received message <Pong:> from Peer_6:basic
Peer_7:basic INFO 4500: Sending message <Ping:> to Peer_11:bootstrap
Peer_7:basic INFO 4500: Sending message <Ping:> to Peer_2:basic
Peer_7:basic INFO 4500: Sending message <Ping:> to Peer_1:basic
Peer_7:basic INFO 4500: Sending message <Ping:> to Peer_10:basic
Peer_7:basic INFO 4501.457106226468: Received message <Ping:> from Peer_11:bootstrap
Peer_7:basic INFO 4501.457106226468: Sending message <Pong:> to Peer_11:bootstrap
Peer_7:basic INFO 4501.679101931073: Received message <RequestPeers:> from Peer_11:bootstrap
Peer_7:basic INFO 4501.679101931073: Sending message <PeerList> to Peer_11:bootstrap
Peer_7:basic INFO 4502.25627862056: Received message <Pong:> from Peer_2:basic
Peer_7:basic INFO 4502.373608733775: Received message <Pong:> from Peer_11:bootstrap
Peer_7:basic INFO 4502.593669640348: Received message <Ping:> from Peer_2:basic
Peer_7:basic INFO 4502.593669640348: Sending message <Pong:> to Peer_2:basic
Peer_7:basic INFO 4506.515610230157: Received message <Ping:> from Peer_1:basic
Peer_7:basic INFO 4506.515610230157: Sending message <Pong:> to Peer_1:basic
Peer_7:basic INFO 4506.520061682331: Received message <Ping:> from Peer_10:basic
Peer_7:basic INFO 4506.520061682331: Sending message <Pong:> to Peer_10:basic
Peer_7:basic INFO 4513.749823257564: Received message <Pong:> from Peer_10:basic
Peer_7:basic INFO 4516.656020212277: Received message <Pong:> from Peer_1:basic
