Peer_11:bootstrap WARNING 0: Not enough peers, fetching more (0, 15)
Peer_11:bootstrap INFO 1.0320190325516094: Received message <Hello:> from Peer_6:basic
Peer_11:bootstrap INFO 1.0320190325516094: Connecting to Peer_6:basic
Peer_11:bootstrap INFO 1.0320190325516094: Sending message <Hello:> to Peer_6:basic
Peer_11:bootstrap INFO 1.0320190325516094: Sending message <RequestPeers:> to Peer_6:basic
Peer_11:bootstrap INFO 1.0321796255199018: Received message <Hello:> from Peer_7:basic
Peer_11:bootstrap INFO 1.0321796255199018: Connecting to Peer_7:basic
Peer_11:bootstrap INFO 1.0321796255199018: Sending message <Hello:> to Peer_7:basic
Peer_11:bootstrap INFO 1.0321796255199018: Sending message <RequestPeers:> to Peer_7:basic
Peer_11:bootstrap INFO 1.3015921251378622: Received message <Hello:> from Peer_8:basic
Peer_11:bootstrap INFO 1.3015921251378622: Connecting to Peer_8:basic
Peer_11:bootstrap INFO 1.3015921251378622: Sending message <Hello:> to Peer_8:basic
Peer_11:bootstrap INFO 1.3015921251378622: Sending message <RequestPeers:> to Peer_8:basic
Peer_11:bootstrap INFO 1.3367184806137324: Received message <Hello:> from Peer_5:basic
Peer_11:bootstrap INFO 1.3367184806137324: Connecting to Peer_5:basic
Peer_11:bootstrap INFO 1.3367184806137324: Sending message <Hello:> to Peer_5:basic
Peer_11:bootstrap INFO 1.3367184806137324: Sending message <RequestPeers:> to Peer_5:basic
Peer_11:bootstrap INFO 1.7006098060288966: Received message <Hello:> from Peer_2:basic
Peer_11:bootstrap INFO 1.7006098060288966: Connecting to Peer_2:basic
Peer_11:bootstrap INFO 1.7006098060288966: Sending message <Hello:> to Peer_2:basic
Peer_11:bootstrap INFO 1.7006098060288966: Sending message <RequestPeers:> to Peer_2:basic
Peer_11:bootstrap INFO 3.614473885032576: Received message <PeerList> from Peer_6:basic
Peer_11:bootstrap INFO 3.6202920240629375: Received message <PeerList> from Peer_7:basic
Peer_11:bootstrap INFO 3.8091987748180234: Received message <PeerList> from Peer_5:basic
Peer_11:bootstrap INFO 3.8785618975277796: Received message <PeerList> from Peer_2:basic
Peer_11:bootstrap INFO 4.344281367602: Received message <PeerList> from Peer_8:basic
Peer_11:bootstrap INFO 6.243184210557711: Received message <Hello:> from Peer_10:basic
Peer_11:bootstrap INFO 6.243184210557711: Connecting to Peer_10:basic
Peer_11:bootstrap INFO 6.243184210557711: Sending message <Hello:> to Peer_10:basic
Peer_11:bootstrap INFO 6.243184210557711: Sending message <RequestPeers:> to Peer_10:basic
Peer_11:bootstrap INFO 6.777805050178501: Received message <Hello:> from Peer_9:basic
Peer_11:bootstrap INFO 6.777805050178501: Connecting to Peer_9:basic
Peer_11:bootstrap INFO 6.777805050178501: Sending message <Hello:> to Peer_9:basic
Peer_11:bootstrap INFO 6.777805050178501: Sending message <RequestPeers:> to Peer_9:basic
Peer_11:bootstrap INFO 6.779320033342854: Received message <Hello:> from Peer_4:basic
Peer_11:bootstrap INFO 6.779320033342854: Connecting to Peer_4:basic
Peer_11:bootstrap INFO 6.779320033342854: Sending message <Hello:> to Peer_4:basic
Peer_11:bootstrap INFO 6.779320033342854: Sending message <RequestPeers:> to Peer_4:basic
Peer_11:bootstrap INFO 8.076840648823291: Received message <Hello:> from Peer_1:basic
Peer_11:bootstrap INFO 8.076840648823291: Connecting to Peer_1:basic
Peer_11:bootstrap INFO 8.076840648823291: Sending message <Hello:> to Peer_1:basic
Peer_11:bootstrap INFO 8.076840648823291: Sending message <RequestPeers:> to Peer_1:basic
Peer_11:bootstrap INFO 11.386547908828671: Received message <Hello:> from Peer_3:basic
Peer_11:bootstrap INFO 11.386547908828671: Connecting to Peer_3:basic
Peer_11:bootstrap INFO 11.386547908828671: Sending message <Hello:> to Peer_3:basic
Peer_11:bootstrap INFO 11.386547908828671: Sending message <RequestPeers:> to Peer_3:basic
Peer_11:bootstrap INFO 20.832384932588706: Received message <PeerList> from Peer_9:basic
Peer_11:bootstrap INFO 22.522497494348332: Received message <PeerList> from Peer_10:basic
Peer_11:bootstrap INFO 24.68220867798592: Received message <PeerList> from Peer_1:basic
Peer_11:bootstrap INFO 28.616807821467127: Received message <PeerList> from Peer_4:basic
Peer_11:bootstrap INFO 28.798674757183697: Received message <PeerList> from Peer_3:basic
Peer_11:bootstrap WARNING 500: Not enough peers, fetching more (10, 15)
Peer_11:bootstrap INFO 500: Sending message <RequestPeers:> to Peer_2:basic
Peer_11:bootstrap INFO 500: Sending message <RequestPeers:> to Peer_10:basic
Peer_11:bootstrap INFO 500: Sending message <RequestPeers:> to Peer_4:basic
Peer_11:bootstrap INFO 500: Sending message <RequestPeers:> to Peer_6:basic
Peer_11:bootstrap INFO 500: Sending message <RequestPeers:> to Peer_1:basic
Peer_11:bootstrap INFO 501.06038414632127: Received message <RequestPeers:> from Peer_7:basic
Peer_11:bootstrap INFO 501.06038414632127: Sending message <PeerList> to Peer_7:basic
Peer_11:bootstrap INFO 501.1022757937555: Received message <RequestPeers:> from Peer_2:basic
Peer_11:bootstrap INFO 501.1022757937555: Sending message <PeerList> to Peer_2:basic
Peer_11:bootstrap INFO 501.1700320105678: Received message <RequestPeers:> from Peer_5:basic
Peer_11:bootstrap INFO 501.1700320105678: Sending message <PeerList> to Peer_5:basic
Peer_11:bootstrap INFO 501.57624916483036: Received message <RequestPeers:> from Peer_6:basic
Peer_11:bootstrap INFO 501.57624916483036: Sending message <PeerList> to Peer_6:basic
Peer_11:bootstrap INFO 501.8721686209893: Received message <RequestPeers:> from Peer_8:basic
Peer_11:bootstrap INFO 501.8721686209893: Sending message <PeerList> to Peer_8:basic
Peer_11:bootstrap INFO 502.542738120664: Received message <PeerList> from Peer_6:basic
Peer_11:bootstrap INFO 503.2802386705153: Received message <PeerList> from Peer_2:basic
Peer_11:bootstrap INFO 506.10644441999085: Received message <RequestPeers:> from Peer_9:basic
Peer_11:bootstrap INFO 506.10644441999085: Sending message <PeerList> to Peer_9:basic
Peer_11:bootstrap INFO 506.4602844501632: Received message <RequestPeers:> from Peer_3:basic
Peer_11:bootstrap INFO 506.4602844501632: Sending message <PeerList> to Peer_3:basic
Peer_11:bootstrap INFO 506.46783601901694: Received message <RequestPeers:> from Peer_1:basic
Peer_11:bootstrap INFO 506.46783601901694: Sending message <PeerList> to Peer_1:basic
Peer_11:bootstrap INFO 507.2168682677018: Received message <RequestPeers:> from Peer_10:basic
Peer_11:bootstrap INFO 507.2168682677018: Sending message <PeerList> to Peer_10:basic
Peer_11:bootstrap INFO 507.2632931290714: Received message <RequestPeers:> from Peer_4:basic
Peer_11:bootstrap INFO 507.2632931290714: Sending message <PeerList> to Peer_4:basic
Peer_11:bootstrap INFO 512.8014512232736: Received message <PeerList> from Peer_1:basic
Peer_11:bootstrap INFO 513.3336983603099: Received message <PeerList> from Peer_4:basic
Peer_11:bootstrap INFO 514.8972529053798: Received message <PeerList> from Peer_10:basic
Peer_11:bootstrap WARNING 1000: Not enough peers, fetching more (10, 15)
Peer_11:bootstrap INFO 1000: Sending message <RequestPeers:> to Peer_10:basic
Peer_11:bootstrap INFO 1000: Sending message <RequestPeers:> to Peer_4:basic
Peer_11:bootstrap INFO 1000: Sending message <RequestPeers:> to Peer_2:basic
Peer_11:bootstrap INFO 1000: Sending message <RequestPeers:> to Peer_7:basic
Peer_11:bootstrap INFO 1000: Sending message <RequestPeers:> to Peer_5:basic
Peer_11:bootstrap INFO 1001.0405665332613: Received message <RequestPeers:> from Peer_6:basic
Peer_11:bootstrap INFO 1001.0405665332613: Sending message <PeerList> to Peer_6:basic
Peer_11:bootstrap INFO 1001.0645516528624: Received message <RequestPeers:> from Peer_2:basic
Peer_11:bootstrap INFO 1001.0645516528624: Sending message <PeerList> to Peer_2:basic
Peer_11:bootstrap INFO 1001.1097937011739: Received message <RequestPeers:> from Peer_8:basic
Peer_11:bootstrap INFO 1001.1097937011739: Sending message <PeerList> to Peer_8:basic
Peer_11:bootstrap INFO 1001.2615154370753: Received message <RequestPeers:> from Peer_5:basic
Peer_11:bootstrap INFO 1001.2615154370753: Sending message <PeerList> to Peer_5:basic
Peer_11:bootstrap INFO 1001.4427880225295: Received message <RequestPeers:> from Peer_7:basic
Peer_11:bootstrap INFO 1001.4427880225295: Sending message <PeerList> to Peer_7:basic
Peer_11:bootstrap INFO 1002.1421384110342: Received message <PeerList> from Peer_5:basic
Peer_11:bootstrap INFO 1002.3236237783757: Received message <PeerList> from Peer_2:basic
Peer_11:bootstrap INFO 1003.6849988340107: Received message <PeerList> from Peer_7:basic
Peer_11:bootstrap INFO 1006.6953249224495: Received message <RequestPeers:> from Peer_9:basic
Peer_11:bootstrap INFO 1006.6953249224495: Sending message <PeerList> to Peer_9:basic
Peer_11:bootstrap INFO 1007.0461700263296: Received message <RequestPeers:> from Peer_1:basic
Peer_11:bootstrap INFO 1007.0461700263296: Sending message <PeerList> to Peer_1:basic
Peer_11:bootstrap INFO 1007.0474977000404: Received message <RequestPeers:> from Peer_3:basic
Peer_11:bootstrap INFO 1007.0474977000404: Sending message <PeerList> to Peer_3:basic
Peer_11:bootstrap INFO 1007.5021081051259: Received message <RequestPeers:> from Peer_10:basic
Peer_11:bootstrap INFO 1007.5021081051259: Sending message <PeerList> to Peer_10:basic
Peer_11:bootstrap INFO 1008.3207939603292: Received message <RequestPeers:> from Peer_4:basic
Peer_11:bootstrap INFO 1008.3207939603292: Sending message <PeerList> to Peer_4:basic
Peer_11:bootstrap INFO 1012.5913837660364: Received message <PeerList> from Peer_10:basic
Peer_11:bootstrap INFO 1012.8176027764439: Received message <PeerList> from Peer_4:basic
Peer_11:bootstrap WARNING 1500: Not enough peers, fetching more (10, 15)
Peer_11:bootstrap INFO 1500: Sending message <RequestPeers:> to Peer_9:basic
Peer_11:bootstrap INFO 1500: Sending message <RequestPeers:> to Peer_4:basic
Peer_11:bootstrap INFO 1500: Sending message <RequestPeers:> to Peer_10:basic
Peer_11:bootstrap INFO 1500: Sending message <RequestPeers:> to Peer_8:basic
Peer_11:bootstrap INFO 1500: Sending message <RequestPeers:> to Peer_7:basic
Peer_11:bootstrap INFO 1501.09774347551: Received message <RequestPeers:> from Peer_5:basic
Peer_11:bootstrap INFO 1501.09774347551: Sending message <PeerList> to Peer_5:basic
Peer_11:bootstrap INFO 1501.1845052904043: Received message <RequestPeers:> from Peer_7:basic
Peer_11:bootstrap INFO 1501.1845052904043: Sending message <PeerList> to Peer_7:basic
Peer_11:bootstrap INFO 1501.189211735296: Received message <RequestPeers:> from Peer_6:basic
Peer_11:bootstrap INFO 1501.189211735296: Sending message <PeerList> to Peer_6:basic
Peer_11:bootstrap INFO 1501.8474528016268: Received message <RequestPeers:> from Peer_8:basic
Peer_11:bootstrap INFO 1501.8474528016268: Sending message <PeerList> to Peer_8:basic
Peer_11:bootstrap INFO 1502.597666519316: Received message <PeerList> from Peer_8:basic
Peer_11:bootstrap INFO 1502.6894426334802: Received message <PeerList> from Peer_7:basic
Peer_11:bootstrap INFO 1506.2873863565449: Received message <RequestPeers:> from Peer_1:basic
Peer_11:bootstrap INFO 1506.2873863565449: Sending message <PeerList> to Peer_1:basic
Peer_11:bootstrap INFO 1506.987818552571: Received message <RequestPeers:> from Peer_9:basic
Peer_11:bootstrap INFO 1506.987818552571: Sending message <PeerList> to Peer_9:basic
Peer_11:bootstrap INFO 1508.2537421234636: Received message <RequestPeers:> from Peer_4:basic
Peer_11:bootstrap INFO 1508.2537421234636: Sending message <PeerList> to Peer_4:basic
Peer_11:bootstrap INFO 1512.2606384239702: Received message <PeerList> from Peer_4:basic
Peer_11:bootstrap INFO 1513.246220481896: Received message <PeerList> from Peer_10:basic
Peer_11:bootstrap INFO 1513.5563324015138: Received message <PeerList> from Peer_9:basic
Peer_11:bootstrap WARNING 2000: Not enough peers, fetching more (10, 15)
Peer_11:bootstrap INFO 2000: Sending message <RequestPeers:> to Peer_1:basic
Peer_11:bootstrap INFO 2000: Sending message <RequestPeers:> to Peer_7:basic
Peer_11:bootstrap INFO 2000: Sending message <RequestPeers:> to Peer_4:basic
Peer_11:bootstrap INFO 2000: Sending message <RequestPeers:> to Peer_2:basic
Peer_11:bootstrap INFO 2000: Sending message <RequestPeers:> to Peer_8:basic
Peer_11:bootstrap INFO 2000: Sending message <Ping:> to Peer_2:basic
Peer_11:bootstrap INFO 2000: Sending message <Ping:> to Peer_3:basic
Peer_11:bootstrap INFO 2001.0897260484667: Received message <RequestPeers:> from Peer_6:basic
Peer_11:bootstrap INFO 2001.0897260484667: Sending message <PeerList> to Peer_6:basic
Peer_11:bootstrap INFO 2001.3202699583305: Received message <Ping:> from Peer_2:basic
Peer_11:bootstrap INFO 2001.3202699583305: Sending message <Pong:> to Peer_2:basic
Peer_11:bootstrap INFO 2001.5172059782988: Received message <RequestPeers:> from Peer_8:basic
Peer_11:bootstrap INFO 2001.5172059782988: Sending message <PeerList> to Peer_8:basic
Peer_11:bootstrap INFO 2002.752267046556: Received message <Pong:> from Peer_2:basic
Peer_11:bootstrap INFO 2002.761176317545: Received message <PeerList> from Peer_2:basic
Peer_11:bootstrap INFO 2002.81480618676: Received message <PeerList> from Peer_7:basic
Peer_11:bootstrap INFO 2003.2666653415781: Received message <PeerList> from Peer_8:basic
Peer_11:bootstrap INFO 2007.6942923852173: Received message <Ping:> from Peer_3:basic
Peer_11:bootstrap INFO 2007.6942923852173: Sending message <Pong:> to Peer_3:basic
Peer_11:bootstrap INFO 2009.9669594858594: Received message <RequestPeers:> from Peer_4:basic
Peer_11:bootstrap INFO 2009.9669594858594: Sending message <PeerList> to Peer_4:basic
Peer_11:bootstrap INFO 2012.8884922313325: Received message <PeerList> from Peer_1:basic
Peer_11:bootstrap INFO 2013.1341587751426: Received message <Pong:> from Peer_3:basic
Peer_11:bootstrap INFO 2014.7611681498827: Received message <PeerList> from Peer_4:basic
Peer_11:bootstrap WARNING 2500: Not enough peers, fetching more (10, 15)
Peer_11:bootstrap INFO 2500: Sending message <RequestPeers:> to Peer_5:basic
Peer_11:bootstrap INFO 2500: Sending message <RequestPeers:> to Peer_3:basic
Peer_11:bootstrap INFO 2500: Sending message <RequestPeers:> to Peer_7:basic
Peer_11:bootstrap INFO 2500: Sending message <RequestPeers:> to Peer_8:basic
Peer_11:bootstrap INFO 2500: Sending message <RequestPeers:> to Peer_2:basic
Peer_11:bootstrap INFO 2500: Sending message <Ping:> to Peer_5:basic
Peer_11:bootstrap INFO 2500: Sending message <Ping:> to Peer_10:basic
Peer_11:bootstrap INFO 2500: Sending message <Ping:> to Peer_9:basic
Peer_11:bootstrap INFO 2501.1952533127464: Received message <Ping:> from Peer_5:basic
Peer_11:bootstrap INFO 2501.1952533127464: Sending message <Pong:> to Peer_5:basic
Peer_11:bootstrap INFO 2502.4555912654573: Received message <Pong:> from Peer_5:basic
Peer_11:bootstrap INFO 2502.8054923609275: Received message <PeerList> from Peer_2:basic
Peer_11:bootstrap INFO 2502.8959658643803: Received message <PeerList> from Peer_7:basic
Peer_11:bootstrap INFO 2503.171413298508: Received message <PeerList> from Peer_5:basic
Peer_11:bootstrap INFO 2503.4195026598572: Received message <PeerList> from Peer_8:basic
Peer_11:bootstrap INFO 2506.1757230328735: Received message <Ping:> from Peer_10:basic
Peer_11:bootstrap INFO 2506.1757230328735: Sending message <Pong:> to Peer_10:basic
Peer_11:bootstrap INFO 2506.5571401113166: Received message <Ping:> from Peer_9:basic
Peer_11:bootstrap INFO 2506.5571401113166: Sending message <Pong:> to Peer_9:basic
Peer_11:bootstrap INFO 2512.6744371094246: Received message <Pong:> from Peer_10:basic
Peer_11:bootstrap INFO 2513.61141267426: Received message <PeerList> from Peer_3:basic
Peer_11:bootstrap INFO 2514.0104271993227: Received message <Pong:> from Peer_9:basic
Peer_11:bootstrap WARNING 3000: Not enough peers, fetching more (10, 15)
Peer_11:bootstrap INFO 3000: Sending message <RequestPeers:> to Peer_8:basic
Peer_11:bootstrap INFO 3000: Sending message <RequestPeers:> to Peer_9:basic
Peer_11:bootstrap INFO 3000: Sending message <RequestPeers:> to Peer_1:basic
Peer_11:bootstrap INFO 3000: Sending message <RequestPeers:> to Peer_3:basic
Peer_11:bootstrap INFO 3000: Sending message <RequestPeers:> to Peer_6:basic
Peer_11:bootstrap INFO 3000: Sending message <Ping:> to Peer_6:basic
Peer_11:bootstrap INFO 3000: Sending message <Ping:> to Peer_4:basic
Peer_11:bootstrap INFO 3000: Sending message <Ping:> to Peer_1:basic
Peer_11:bootstrap INFO 3001.0296793410016: Received message <Ping:> from Peer_6:basic
Peer_11:bootstrap INFO 3001.0296793410016: Sending message <Pong:> to Peer_6:basic
Peer_11:bootstrap INFO 3002.1187897543437: Received message <Pong:> from Peer_6:basic
Peer_11:bootstrap INFO 3002.4464897715106: Received message <PeerList> from Peer_8:basic
Peer_11:bootstrap INFO 3004.85815595753: Received message <PeerList> from Peer_6:basic
Peer_11:bootstrap INFO 3006.2260646877935: Received message <Ping:> from Peer_1:basic
Peer_11:bootstrap INFO 3006.2260646877935: Sending message <Pong:> to Peer_1:basic
Peer_11:bootstrap INFO 3006.505289988474: Received message <Ping:> from Peer_4:basic
Peer_11:bootstrap INFO 3006.505289988474: Sending message <Pong:> to Peer_4:basic
Peer_11:bootstrap INFO 3015.3732503018255: Received message <Pong:> from Peer_1:basic
Peer_11:bootstrap INFO 3015.518500727418: Received message <PeerList> from Peer_9:basic
Peer_11:bootstrap INFO 3016.735312188187: Received message <Pong:> from Peer_4:basic
Peer_11:bootstrap INFO 3017.436979580678: Received message <PeerList> from Peer_1:basic
Peer_11:bootstrap INFO 3019.884616293819: Received message <PeerList> from Peer_3:basic
Peer_11:bootstrap WARNING 3500: Not enough peers, fetching more (10, 15)
Peer_11:bootstrap INFO 3500: Sending message <RequestPeers:> to Peer_1:basic
Peer_11:bootstrap INFO 3500: Sending message <RequestPeers:> to Peer_3:basic
Peer_11:bootstrap INFO 3500: Sending message <RequestPeers:> to Peer_2:basic
Peer_11:bootstrap INFO 3500: Sending message <RequestPeers:> to Peer_7:basic
Peer_11:bootstrap INFO 3500: Sending message <RequestPeers:> to Peer_9:basic
Peer_11:bootstrap INFO 3500: Sending message <Ping:> to Peer_7:basic
Peer_11:bootstrap INFO 3500: Sending message <Ping:> to Peer_5:basic
Peer_11:bootstrap INFO 3500: Sending message <Ping:> to Peer_2:basic
Peer_11:bootstrap INFO 3500: Sending message <Ping:> to Peer_10:basic
Peer_11:bootstrap INFO 3501.6403552729244: Received message <Ping:> from Peer_5:basic
Peer_11:bootstrap INFO 3501.6403552729244: Sending message <Pong:> to Peer_5:basic
Peer_11:bootstrap INFO 3502.097732724366: Received message <Ping:> from Peer_2:basic
Peer_11:bootstrap INFO 3502.097732724366: Sending message <Pong:> to Peer_2:basic
Peer_11:bootstrap INFO 3502.1644012860006: Received message <Pong:> from Peer_7:basic
Peer_11:bootstrap INFO 3502.4107473895197: Received message <PeerList> from Peer_2:basic
Peer_11:bootstrap INFO 3502.541081532165: Received message <Pong:> from Peer_2:basic
Peer_11:bootstrap INFO 3502.6739608538746: Received message <PeerList> from Peer_7:basic
Peer_11:bootstrap INFO 3502.92787800015: Received message <Pong:> from Peer_5:basic
Peer_11:bootstrap INFO 3503.526120569289: Received message <Ping:> from Peer_7:basic
Peer_11:bootstrap INFO 3503.526120569289: Sending message <Pong:> to Peer_7:basic
Peer_11:bootstrap INFO 3506.0643579255675: Received message <Ping:> from Peer_10:basic
Peer_11:bootstrap INFO 3506.0643579255675: Sending message <Pong:> to Peer_10:basic
Peer_11:bootstrap INFO 3513.1743558674198: Received message <PeerList> from Peer_1:basic
Peer_11:bootstrap INFO 3515.525909360494: Received message <PeerList> from Peer_9:basic
Peer_11:bootstrap INFO 3515.5843425556586: Received message <Pong:> from Peer_10:basic
Peer_11:bootstrap INFO 3519.3183306457936: Received message <PeerList> from Peer_3:basic
Peer_11:bootstrap WARNING 4000: Not enough peers, fetching more (10, 15)
Peer_11:bootstrap INFO 4000: Sending message <RequestPeers:> to Peer_10:basic
Peer_11:bootstrap INFO 4000: Sending message <RequestPeers:> to Peer_3:basic
Peer_11:bootstrap INFO 4000: Sending message <RequestPeers:> to Peer_6:basic
Peer_11:bootstrap INFO 4000: Sending message <RequestPeers:> to Peer_4:basic
Peer_11:bootstrap INFO 4000: Sending message <RequestPeers:> to Peer_8:basic
Peer_11:bootstrap INFO 4000: Sending message <Ping:> to Peer_6:basic
Peer_11:bootstrap INFO 4000: Sending message <Ping:> to Peer_8:basic
Peer_11:bootstrap INFO 4000: Sending message <Ping:> to Peer_4:basic
Peer_11:bootstrap INFO 4001.198027047809: Received message <Ping:> from Peer_8:basic
Peer_11:bootstrap INFO 4001.198027047809: Sending message <Pong:> to Peer_8:basic
Peer_11:bootstrap INFO 4001.832274284899: Received message <Ping:> from Peer_6:basic
Peer_11:bootstrap INFO 4001.832274284899: Sending message <Pong:> to Peer_6:basic
Peer_11:bootstrap INFO 4002.333645542371: Received message <PeerList> from Peer_6:basic
Peer_11:bootstrap INFO 4002.443711157775: Received message <Pong:> from Peer_8:basic
Peer_11:bootstrap INFO 4002.8556439329477: Received message <PeerList> from Peer_8:basic
Peer_11:bootstrap INFO 4003.5335913336135: Received message <Pong:> from Peer_6:basic
Peer_11:bootstrap INFO 4006.8127470784925: Received message <Ping:> from Peer_4:basic
Peer_11:bootstrap INFO 4006.8127470784925: Sending message <Pong:> to Peer_4:basic
Peer_11:bootstrap INFO 4013.262502709376: Received message <PeerList> from Peer_4:basic
Peer_11:bootstrap INFO 4013.5142592417164: Received message <PeerList> from Peer_3:basic
Peer_11:bootstrap INFO 4014.353255073784: Received message <Pong:> from Peer_4:basic
Peer_11:bootstrap INFO 4015.797475004453: Received message <PeerList> from Peer_10:basic
Peer_11:bootstrap WARNING 4500: Not enough peers, fetching more (10, 15)
Peer_11:bootstrap INFO 4500: Sending message <RequestPeers:> to Peer_9:basic
Peer_11:bootstrap INFO 4500: Sending message <RequestPeers:> to Peer_3:basic
Peer_11:bootstrap INFO 4500: Sending message <RequestPeers:> to Peer_7:basic
Peer_11:bootstrap INFO 4500: Sending message <RequestPeers:> to Peer_1:basic
Peer_11:bootstrap INFO 4500: Sending message <RequestPeers:> to Peer_6:basic
Peer_11:bootstrap INFO 4500: Sending message <Ping:> to Peer_7:basic
Peer_11:bootstrap INFO 4500: Sending message <Ping:> to Peer_5:basic
Peer_11:bootstrap INFO 4500: Sending message <Ping:> to Peer_2:basic
Peer_11:bootstrap INFO 4500: Sending message <Ping:> to Peer_9:basic
Peer_11:bootstrap INFO 4500: Sending message <Ping:> to Peer_1:basic
Peer_11:bootstrap INFO 4501.126175025669: Received message <Ping:> from Peer_2:basic
Peer_11:bootstrap INFO 4501.126175025669: Sending message <Pong:> to Peer_2:basic
Peer_11:bootstrap INFO 4501.140507364395: Received message <Ping:> from Peer_5:basic
Peer_11:bootstrap INFO 4501.140507364395: Sending message <Pong:> to Peer_5:basic
Peer_11:bootstrap INFO 4501.20840344367: Received message <Ping:> from Peer_7:basic
Peer_11:bootstrap INFO 4501.20840344367: Sending message <Pong:> to Peer_7:basic
Peer_11:bootstrap INFO 4502.328506913567: Received message <Pong:> from Peer_5:basic
Peer_11:bootstrap INFO 4502.548915693848: Received message <Pong:> from Peer_2:basic
Peer_11:bootstrap INFO 4502.613445916223: Received message <Pong:> from Peer_7:basic
Peer_11:bootstrap INFO 4502.810965233305: Received message <PeerList> from Peer_7:basic
Peer_11:bootstrap INFO 4503.712037575583: Received message <PeerList> from Peer_6:basic
Peer_11:bootstrap INFO 4507.243170194271: Received message <Ping:> from Peer_1:basic
Peer_11:bootstrap INFO 4507.243170194271: Sending message <Pong:> to Peer_1:basic
Peer_11:bootstrap INFO 4507.484480266744: Received message <Ping:> from Peer_9:basic
Peer_11:bootstrap INFO 4507.484480266744: Sending message <Pong:> to Peer_9:basic
Peer_11:bootstrap INFO 4512.458235425299: Received message <PeerList> from Peer_9:basic
Peer_11:bootstrap INFO 4514.186950983562: Received message <Pong:> from Peer_9:basic
Peer_11:bootstrap INFO 4515.386146672411: Received message <Pong:> from Peer_1:basic
Peer_11:bootstrap INFO 4517.977752838572: Received message <PeerList> from Peer_3:basic
Peer_11:bootstrap INFO 4519.3470720117: Received message <PeerList> from Peer_1:basic
