Peer_1:basic WARNING 0: Not enough peers, fetching more (0, 4)
Peer_1:basic INFO 8.076840648823291: Connecting to Peer_11:bootstrap
Peer_1:basic INFO 14.703445177854926: Received message <Hello:> from Peer_11:bootstrap
Peer_1:basic INFO 16.60582717672197: Received message <RequestPeers:> from Peer_11:bootstrap
Peer_1:basic INFO 16.60582717672197: Sending message <PeerList> to Peer_11:bootstrap
Peer_1:basic WARNING 500: Not enough peers, fetching more (1, 4)
Peer_1:basic INFO 500: Sending message <RequestPeers:> to Peer_11:bootstrap
Peer_1:basic INFO 506.7118706868092: Received message <RequestPeers:> from Peer_11:bootstrap
Peer_1:basic INFO 506.7118706868092: Sending message <PeerList> to Peer_11:bootstrap
Peer_1:basic INFO 514.7388628240881: Received message <PeerList> from Peer_11:bootstrap
Peer_1:basic WARNING 1000: Not enough peers, fetching more (1, 4)
Peer_1:basic INFO 1000: Sending message <RequestPeers:> to Peer_11:bootstrap
Peer_1:basic INFO 1000.8930812132276: Connecting to Peer_4:basic
Peer_1:basic INFO 1001.7123384644344: Received message <RequestPeers:> from Peer_4:basic
Peer_1:basic INFO 1001.7123384644344: Sending message <PeerList> to Peer_4:basic
Peer_1:basic INFO 1002.3969249343446: Received message <Hello:> from Peer_4:basic
Peer_1:basic INFO 1020.8248141981024: Received message <PeerList> from Peer_11:bootstrap
Peer_1:basic WARNING 1500: Not enough peers, fetching more (2, 4)
Peer_1:basic INFO 1500: Sending message <RequestPeers:> to Peer_4:basic
Peer_1:basic INFO 1500: Sending message <RequestPeers:> to Peer_11:bootstrap
Peer_1:basic INFO 1500.858164584959: Received message <RequestPeers:> from Peer_4:basic
Peer_1:basic INFO 1500.858164584959: Sending message <PeerList> to Peer_4:basic
Peer_1:basic INFO 1501.9132099258866: Received message <PeerList> from Peer_4:basic
Peer_1:basic INFO 1506.2032381658796: Connecting to Peer_7:basic
Peer_1:basic INFO 1513.2598974092464: Received message <Hello:> from Peer_7:basic
Peer_1:basic INFO 1513.269922477133: Received message <RequestPeers:> from Peer_7:basic
Peer_1:basic INFO 1513.269922477133: Sending message <PeerList> to Peer_7:basic
Peer_1:basic INFO 1513.60536353954: Received message <PeerList> from Peer_11:bootstrap
Peer_1:basic WARNING 2000: Not enough peers, fetching more (3, 4)
Peer_1:basic INFO 2000.6322981643518: Received message <RequestPeers:> from Peer_4:basic
Peer_1:basic INFO 2000.6322981643518: Sending message <PeerList> to Peer_4:basic
Peer_1:basic INFO 2000.89407485754: Connecting to Peer_3:basic
Peer_1:basic INFO 2001.580173067552: Received message <RequestPeers:> from Peer_3:basic
Peer_1:basic INFO 2001.580173067552: Sending message <PeerList> to Peer_3:basic
Peer_1:basic INFO 2001.6382833807882: Received message <Hello:> from Peer_3:basic
Peer_1:basic INFO 2006.558051598458: Received message <RequestPeers:> from Peer_11:bootstrap
Peer_1:basic INFO 2006.558051598458: Sending message <PeerList> to Peer_11:bootstrap
Peer_1:basic INFO 2500: Sending message <Ping:> to Peer_7:basic
Peer_1:basic INFO 2509.0680750866045: Received message <Ping:> from Peer_7:basic
Peer_1:basic INFO 2509.0680750866045: Sending message <Pong:> to Peer_7:basic
Peer_1:basic INFO 2514.8647441112735: Received message <Pong:> from Peer_7:basic
Peer_1:basic INFO 3000: Sending message <Ping:> to Peer_11:bootstrap
Peer_1:basic INFO 3000: Sending message <Ping:> to Peer_4:basic
Peer_1:basic INFO 3000: Sending message <Ping:> to Peer_3:basic
Peer_1:basic INFO 3000.6600432083656: Received message <Ping:> from Peer_4:basic
Peer_1:basic INFO 3000.6600432083656: Sending message <Pong:> to Peer_4:basic
Peer_1:basic INFO 3000.9736935254623: Received message <Ping:> from Peer_3:basic
Peer_1:basic INFO 3000.9736935254623: Sending message <Pong:> to Peer_3:basic
Peer_1:basic INFO 3001.594094133647: Received message <Pong:> from Peer_4:basic
Peer_1:basic INFO 3002.3616808752486: Received message <Pong:> from Peer_3:basic
Peer_1:basic INFO 3007.5944793858107: Received message <Ping:> from Peer_11:bootstrap
Peer_1:basic INFO 3007.5944793858107: Sending message <Pong:> to Peer_11:bootstrap
Peer_1:basic INFO 3009.9701193490723: Received message <RequestPeers:> from Peer_11:bootstrap
Peer_1:basic INFO 3009.9701193490723: Sending message <PeerList> to Peer_11:bootstrap
Peer_1:basic INFO 3014.231010251791: Received message <Pong:> from Peer_11:bootstrap
Peer_1:basic INFO 3500: Sending message <Ping:> to Peer_7:basic
Peer_1:basic INFO 3506.5470312630227: Received message <RequestPeers:> from Peer_11:bootstrap
Peer_1:basic INFO 3506.5470312630227: Sending message <PeerList> to Peer_11:bootstrap
Peer_1:basic INFO 3507.6142735159906: Received message <Ping:> from Peer_7:basic
Peer_1:basic INFO 3507.6142735159906: Sending message <Pong:> to Peer_7:basic
Peer_1:basic INFO 3514.197153547076: Received message <Pong:> from Peer_7:basic
Peer_1:basic INFO 4000: Sending message <Ping:> to Peer_4:basic
Peer_1:basic INFO 4000: Sending message <Ping:> to Peer_3:basic
Peer_1:basic INFO 4000.665860497299: Received message <Ping:> from Peer_3:basic
Peer_1:basic INFO 4000.665860497299: Sending message <Pong:> to Peer_3:basic
Peer_1:basic INFO 4000.69623460303: Received message <Ping:> from Peer_4:basic
Peer_1:basic INFO 4000.69623460303: Sending message <Pong:> to Peer_4:basic
Peer_1:basic INFO 4001.6909345136028: Received message <Pong:> from Peer_4:basic
Peer_1:basic INFO 4002.8283431471027: Received message <Pong:> from Peer_3:basic
Peer_1:basic INFO 4500: Sending message <Ping:> to Peer_11:bootstrap
Peer_1:basic INFO 4500: Sending message <Ping:> to Peer_7:basic
Peer_1:basic INFO 4506.770154903747: Received message <Ping:> from Peer_7:basic
Peer_1:basic INFO 4506.770154903747: Sending message <Pong:> to Peer_7:basic
Peer_1:basic INFO 4509.087269542158: Received message <Ping:> from Peer_11:bootstrap
Peer_1:basic INFO 4509.087269542158: Sending message <Pong:> to Peer_11:bootstrap
Peer_1:basic INFO 4512.091016073616: Received message <RequestPeers:> from Peer_11:bootstrap
Peer_1:basic INFO 4512.091016073616: Sending message <PeerList> to Peer_11:bootstrap
Peer_1:basic INFO 4513.321853311916: Received message <Pong:> from Peer_7:basic
Peer_1:basic INFO 4514.966178222987: Received message <Pong:> from Peer_11:bootstrap
