Peer_9:basic INFO 0.6550221457147739: Connecting to Peer_3:basic
Peer_9:basic INFO 0.6771631781203463: Connecting to Peer_4:basic
Peer_9:basic INFO 0.6908753401682471: Received message <Hello:> from Peer_8:basic
Peer_9:basic INFO 0.6908753401682471: Connecting to Peer_8:basic
Peer_9:basic INFO 0.6908753401682471: Sending message <Hello:> to Peer_8:basic
Peer_9:basic INFO 0.7730193483721405: Received message <Hello:> from Peer_6:basic
Peer_9:basic INFO 0.7730193483721405: Connecting to Peer_6:basic
Peer_9:basic INFO 0.7730193483721405: Sending message <Hello:> to Peer_6:basic
Peer_9:basic INFO 1.195748883579995: Received message <Hello:> from Peer_3:basic
Peer_9:basic INFO 1.4110929442768665: Received message <Hello:> from Peer_4:basic
Peer_9:basic INFO 1.441219624250923: Received message <Hello:> from Peer_3:basic
Peer_9:basic INFO 1.521346409634757: Received message <Hello:> from Peer_5:basic
Peer_9:basic INFO 1.521346409634757: Connecting to Peer_5:basic
Peer_9:basic INFO 1.521346409634757: Sending message <Hello:> to Peer_5:basic
Peer_9:basic INFO 6.980083097747956: Connecting to Peer_2:basic
Peer_9:basic INFO 8.392200264783492: Received message <Hello:> from Peer_2:basic
Peer_9:basic INFO 12.412922557080833: Received message <Hello:> from Peer_4:basic
Peer_9:basic INFO 16.93806345190943: Received message <Hello:> from Peer_2:basic
Peer_9:basic INFO 1000: Sending message <Ping:> to Peer_3:basic
Peer_9:basic INFO 1000: Sending message <Ping:> to Peer_4:basic
Peer_9:basic INFO 1000: Sending message <Ping:> to Peer_8:basic
Peer_9:basic INFO 1000: Sending message <Ping:> to Peer_6:basic
Peer_9:basic INFO 1000: Sending message <Ping:> to Peer_5:basic
Peer_9:basic INFO 1000: Sending message <Ping:> to Peer_2:basic
Peer_9:basic INFO 1000.7481805971988: Received message <Ping:> from Peer_4:basic
Peer_9:basic INFO 1000.7481805971988: Sending message <Pong:> to Peer_4:basic
Peer_9:basic INFO 1000.7671412479144: Received message <Ping:> from Peer_6:basic
Peer_9:basic INFO 1000.7671412479144: Sending message <Pong:> to Peer_6:basic
Peer_9:basic INFO 1000.8720010355842: Received message <Ping:> from Peer_8:basic
Peer_9:basic INFO 1000.8720010355842: Sending message <Pong:> to Peer_8:basic
Peer_9:basic INFO 1000.9490617985457: Received message <Ping:> from Peer_5:basic
Peer_9:basic INFO 1000.9490617985457: Sending message <Pong:> to Peer_5:basic
Peer_9:basic INFO 1001.1484662197805: Received message <Ping:> from Peer_3:basic
Peer_9:basic INFO 1001.1484662197805: Sending message <Pong:> to Peer_3:basic
Peer_9:basic INFO 1001.358512598868: Received message <Pong:> from Peer_8:basic
Peer_9:basic INFO 1001.4550009851843: Received message <Pong:> from Peer_5:basic
Peer_9:basic INFO 1001.6013455551907: Received message <Pong:> from Peer_6:basic
Peer_9:basic INFO 1001.9285514256358: Received message <Pong:> from Peer_4:basic
Peer_9:basic INFO 1004.585791969456: Received message <Pong:> from Peer_3:basic
Peer_9:basic INFO 1006.1045518889106: Received message <Ping:> from Peer_2:basic
Peer_9:basic INFO 1006.1045518889106: Sending message <Pong:> to Peer_2:basic
Peer_9:basic INFO 1014.9114010392251: Received message <Pong:> from Peer_2:basic
Peer_9:basic INFO 2000: Sending message <Ping:> to Peer_3:basic
Peer_9:basic INFO 2000: Sending message <Ping:> to Peer_4:basic
Peer_9:basic INFO 2000: Sending message <Ping:> to Peer_8:basic
Peer_9:basic INFO 2000: Sending message <Ping:> to Peer_6:basic
Peer_9:basic INFO 2000: Sending message <Ping:> to Peer_5:basic
Peer_9:basic INFO 2000: Sending message <Ping:> to Peer_2:basic
Peer_9:basic INFO 2000.7332816883654: Received message <Ping:> from Peer_6:basic
Peer_9:basic INFO 2000.7332816883654: Sending message <Pong:> to Peer_6:basic
Peer_9:basic INFO 2000.7350658227003: Received message <Ping:> from Peer_4:basic
Peer_9:basic INFO 2000.7350658227003: Sending message <Pong:> to Peer_4:basic
Peer_9:basic INFO 2000.9336165352047: Received message <Ping:> from Peer_3:basic
Peer_9:basic INFO 2000.9336165352047: Sending message <Pong:> to Peer_3:basic
Peer_9:basic INFO 2001.5429579804602: Received message <Pong:> from Peer_5:basic
Peer_9:basic INFO 2001.74825432444: Received message <Pong:> from Peer_6:basic
Peer_9:basic INFO 2001.800346746145: Received message <Pong:> from Peer_8:basic
Peer_9:basic INFO 2002.816726734079: Received message <Pong:> from Peer_4:basic
Peer_9:basic INFO 2002.9598871510354: Received message <Pong:> from Peer_3:basic
Peer_9:basic INFO 2004.6681309811788: Received message <Ping:> from Peer_5:basic
Peer_9:basic INFO 2004.6681309811788: Sending message <Pong:> to Peer_5:basic
Peer_9:basic INFO 2006.0697456531911: Received message <Ping:> from Peer_8:basic
Peer_9:basic INFO 2006.0697456531911: Sending message <Pong:> to Peer_8:basic
Peer_9:basic INFO 2007.661798352034: Received message <Ping:> from Peer_2:basic
Peer_9:basic INFO 2007.661798352034: Sending message <Pong:> to Peer_2:basic
Peer_9:basic INFO 2012.3457362894114: Received message <Pong:> from Peer_2:basic
Peer_9:basic INFO 3000: Sending message <Ping:> to Peer_3:basic
Peer_9:basic INFO 3000: Sending message <Ping:> to Peer_4:basic
Peer_9:basic INFO 3000: Sending message <Ping:> to Peer_8:basic
Peer_9:basic INFO 3000: Sending message <Ping:> to Peer_6:basic
Peer_9:basic INFO 3000: Sending message <Ping:> to Peer_5:basic
Peer_9:basic INFO 3000: Sending message <Ping:> to Peer_2:basic
Peer_9:basic INFO 3000.8043473409907: Received message <Ping:> from Peer_5:basic
Peer_9:basic INFO 3000.8043473409907: Sending message <Pong:> to Peer_5:basic
Peer_9:basic INFO 3000.8144178530692: Received message <Ping:> from Peer_8:basic
Peer_9:basic INFO 3000.8144178530692: Sending message <Pong:> to Peer_8:basic
Peer_9:basic INFO 3000.9848911504496: Received message <Ping:> from Peer_3:basic
Peer_9:basic INFO 3000.9848911504496: Sending message <Pong:> to Peer_3:basic
Peer_9:basic INFO 3001.1586120333363: Received message <Ping:> from Peer_4:basic
Peer_9:basic INFO 3001.1586120333363: Sending message <Pong:> to Peer_4:basic
Peer_9:basic INFO 3001.2234529443463: Received message <Ping:> from Peer_6:basic
Peer_9:basic INFO 3001.2234529443463: Sending message <Pong:> to Peer_6:basic
Peer_9:basic INFO 3001.49505922643: Received message <Pong:> from Peer_4:basic
Peer_9:basic INFO 3001.658301289661: Received message <Pong:> from Peer_8:basic
Peer_9:basic INFO 3001.9980315756297: Received message <Pong:> from Peer_6:basic
Peer_9:basic INFO 3002.290379196558: Received message <Pong:> from Peer_5:basic
Peer_9:basic INFO 3006.356813377711: Received message <Ping:> from Peer_2:basic
Peer_9:basic INFO 3006.356813377711: Sending message <Pong:> to Peer_2:basic
Peer_9:basic INFO 3008.077733067515: Received message <Pong:> from Peer_3:basic
Peer_9:basic INFO 3014.108589077568: Received message <Pong:> from Peer_2:basic
Peer_9:basic INFO 4000: Sending message <Ping:> to Peer_3:basic
Peer_9:basic INFO 4000: Sending message <Ping:> to Peer_4:basic
Peer_9:basic INFO 4000: Sending message <Ping:> to Peer_8:basic
Peer_9:basic INFO 4000: Sending message <Ping:> to Peer_6:basic
Peer_9:basic INFO 4000: Sending message <Ping:> to Peer_5:basic
Peer_9:basic INFO 4000: Sending message <Ping:> to Peer_2:basic
Peer_9:basic INFO 4000.692332977951: Received message <Ping:> from Peer_3:basic
Peer_9:basic INFO 4000.692332977951: Sending message <Pong:> to Peer_3:basic
Peer_9:basic INFO 4000.7313118265542: Received message <Ping:> from Peer_8:basic
Peer_9:basic INFO 4000.7313118265542: Sending message <Pong:> to Peer_8:basic
Peer_9:basic INFO 4000.8214135286853: Received message <Ping:> from Peer_5:basic
Peer_9:basic INFO 4000.8214135286853: Sending message <Pong:> to Peer_5:basic
Peer_9:basic INFO 4000.8932488251403: Received message <Ping:> from Peer_6:basic
Peer_9:basic INFO 4000.8932488251403: Sending message <Pong:> to Peer_6:basic
Peer_9:basic INFO 4001.1270426983747: Received message <Ping:> from Peer_4:basic
Peer_9:basic INFO 4001.1270426983747: Sending message <Pong:> to Peer_4:basic
Peer_9:basic INFO 4001.529684868691: Received message <Pong:> from Peer_8:basic
Peer_9:basic INFO 4001.5337691073923: Received message <Pong:> from Peer_5:basic
Peer_9:basic INFO 4001.8675664339203: Received message <Pong:> from Peer_6:basic
Peer_9:basic INFO 4002.37999702293: Received message <Pong:> from Peer_4:basic
Peer_9:basic INFO 4005.1962104042987: Received message <Pong:> from Peer_3:basic
Peer_9:basic INFO 4006.720231012093: Received message <Ping:> from Peer_2:basic
Peer_9:basic INFO 4006.720231012093: Sending message <Pong:> to Peer_2:basic
Peer_9:basic INFO 4021.9618426062198: Received message <Pong:> from Peer_2:basic
