Peer_5:basic INFO 0.6631827623475864: Received message <Hello:> from Peer_6:basic
Peer_5:basic INFO 0.6631827623475864: Connecting to Peer_6:basic
Peer_5:basic INFO 0.6631827623475864: Sending message <Hello:> to Peer_6:basic
Peer_5:basic INFO 0.6822544192090971: Connecting to Peer_2:basic
Peer_5:basic INFO 0.7446091981361336: Received message <Hello:> from Peer_8:basic
Peer_5:basic INFO 0.7446091981361336: Connecting to Peer_8:basic
Peer_5:basic INFO 0.7446091981361336: Sending message <Hello:> to Peer_8:basic
Peer_5:basic INFO 0.9828248583143545: Received message <Hello:> from Peer_1:basic
Peer_5:basic INFO 0.9828248583143545: Connecting to Peer_1:basic
Peer_5:basic INFO 0.9828248583143545: Sending message <Hello:> to Peer_1:basic
Peer_5:basic INFO 1.1155531253302766: Received message <Hello:> from Peer_2:basic
Peer_5:basic INFO 1.4954629723252704: Received message <Hello:> from Peer_2:basic
Peer_5:basic INFO 1.521346409634757: Connecting to Peer_9:basic
Peer_5:basic INFO 2.0044064006120705: Received message <Hello:> from Peer_9:basic
Peer_5:basic INFO 2.2458955115324435: Received message <Hello:> from Peer_9:basic
Peer_5:basic INFO 6.4171569486868885: Received message <Hello:> from Peer_2:basic
Peer_5:basic INFO 6.4171569486868885: Connecting to Peer_2:basic
Peer_5:basic INFO 6.4171569486868885: Sending message <Hello:> to Peer_2:basic
Peer_5:basic INFO 1000: Sending message <Ping:> to Peer_6:basic
Peer_5:basic INFO 1000: Sending message <Ping:> to Peer_2:basic
Peer_5:basic INFO 1000: Sending message <Ping:> to Peer_8:basic
Peer_5:basic INFO 1000: Sending message <Ping:> to Peer_1:basic
Peer_5:basic INFO 1000: Sending message <Ping:> to Peer_9:basic
Peer_5:basic INFO 1000: Sending message <Ping:> to Peer_2:basic
Peer_5:basic INFO 1000.6775806105267: Received message <Ping:> from Peer_6:basic
Peer_5:basic INFO 1000.6775806105267: Sending message <Pong:> to Peer_6:basic
Peer_5:basic INFO 1000.7639405243136: Received message <Ping:> from Peer_9:basic
Peer_5:basic INFO 1000.7639405243136: Sending message <Pong:> to Peer_9:basic
Peer_5:basic INFO 1000.8173950032411: Received message <Ping:> from Peer_8:basic
Peer_5:basic INFO 1000.8173950032411: Sending message <Pong:> to Peer_8:basic
Peer_5:basic INFO 1000.9568798789043: Received message <Ping:> from Peer_1:basic
Peer_5:basic INFO 1000.9568798789043: Sending message <Pong:> to Peer_1:basic
Peer_5:basic INFO 1001.4879148940721: Received message <Pong:> from Peer_1:basic
Peer_5:basic INFO 1001.6088837521767: Received message <Pong:> from Peer_2:basic
Peer_5:basic INFO 1002.1579716684446: Received message <Pong:> from Peer_9:basic
Peer_5:basic INFO 1002.7235454175358: Received message <Pong:> from Peer_6:basic
Peer_5:basic INFO 1002.796810751568: Received message <Pong:> from Peer_8:basic
Peer_5:basic INFO 1002.7990465500615: Received message <Ping:> from Peer_2:basic
Peer_5:basic INFO 1002.7990465500615: Sending message <Pong:> to Peer_2:basic
Peer_5:basic INFO 1007.5884013103841: Received message <Ping:> from Peer_2:basic
Peer_5:basic INFO 1007.5884013103841: Sending message <Pong:> to Peer_2:basic
Peer_5:basic INFO 1018.0917388507191: Received message <Pong:> from Peer_2:basic
Peer_5:basic INFO 2000: Sending message <Ping:> to Peer_6:basic
Peer_5:basic INFO 2000: Sending message <Ping:> to Peer_2:basic
Peer_5:basic INFO 2000: Sending message <Ping:> to Peer_8:basic
Peer_5:basic INFO 2000: Sending message <Ping:> to Peer_1:basic
Peer_5:basic INFO 2000: Sending message <Ping:> to Peer_9:basic
Peer_5:basic INFO 2000: Sending message <Ping:> to Peer_2:basic
Peer_5:basic INFO 2000.6905024257946: Received message <Ping:> from Peer_9:basic
Peer_5:basic INFO 2000.6905024257946: Sending message <Pong:> to Peer_9:basic
Peer_5:basic INFO 2000.7476232836125: Received message <Ping:> from Peer_2:basic
Peer_5:basic INFO 2000.7476232836125: Sending message <Pong:> to Peer_2:basic
Peer_5:basic INFO 2000.7740129551687: Received message <Ping:> from Peer_1:basic
Peer_5:basic INFO 2000.7740129551687: Sending message <Pong:> to Peer_1:basic
Peer_5:basic INFO 2000.7801105058688: Received message <Ping:> from Peer_6:basic
Peer_5:basic INFO 2000.7801105058688: Sending message <Pong:> to Peer_6:basic
Peer_5:basic INFO 2001.7316240545133: Received message <Pong:> from Peer_1:basic
Peer_5:basic INFO 2001.8605134734664: Received message <Pong:> from Peer_2:basic
Peer_5:basic INFO 2002.2012842791034: Received message <Pong:> from Peer_6:basic
Peer_5:basic INFO 2002.8786063453535: Received message <Pong:> from Peer_8:basic
Peer_5:basic INFO 2005.6105866084342: Received message <Pong:> from Peer_9:basic
Peer_5:basic INFO 2007.3751625136533: Received message <Ping:> from Peer_8:basic
Peer_5:basic INFO 2007.3751625136533: Sending message <Pong:> to Peer_8:basic
Peer_5:basic INFO 2007.9195866618222: Received message <Ping:> from Peer_2:basic
Peer_5:basic INFO 2007.9195866618222: Sending message <Pong:> to Peer_2:basic
Peer_5:basic INFO 2016.2390501942523: Received message <Pong:> from Peer_2:basic
Peer_5:basic INFO 3000: Sending message <Ping:> to Peer_6:basic
Peer_5:basic INFO 3000: Sending message <Ping:> to Peer_2:basic
Peer_5:basic INFO 3000: Sending message <Ping:> to Peer_8:basic
Peer_5:basic INFO 3000: Sending message <Ping:> to Peer_1:basic
Peer_5:basic INFO 3000: Sending message <Ping:> to Peer_9:basic
Peer_5:basic INFO 3000: Sending message <Ping:> to Peer_2:basic
Peer_5:basic INFO 3000.7368167379313: Received message <Ping:> from Peer_9:basic
Peer_5:basic INFO 3000.7368167379313: Sending message <Pong:> to Peer_9:basic
Peer_5:basic INFO 3000.9380259259497: Received message <Ping:> from Peer_8:basic
Peer_5:basic INFO 3000.9380259259497: Sending message <Pong:> to Peer_8:basic
Peer_5:basic INFO 3001.362215191286: Received message <Ping:> from Peer_2:basic
Peer_5:basic INFO 3001.362215191286: Sending message <Pong:> to Peer_2:basic
Peer_5:basic INFO 3001.4452845224287: Received message <Ping:> from Peer_1:basic
Peer_5:basic INFO 3001.4452845224287: Sending message <Pong:> to Peer_1:basic
Peer_5:basic INFO 3001.6546900548205: Received message <Pong:> from Peer_8:basic
Peer_5:basic INFO 3002.020783883059: Received message <Pong:> from Peer_2:basic
Peer_5:basic INFO 3002.3041772706433: Received message <Pong:> from Peer_6:basic
Peer_5:basic INFO 3002.5796049490864: Received message <Pong:> from Peer_1:basic
Peer_5:basic INFO 3006.6109342588165: Received message <Pong:> from Peer_9:basic
Peer_5:basic INFO 3008.375457471717: Received message <Ping:> from Peer_2:basic
Peer_5:basic INFO 3008.375457471717: Sending message <Pong:> to Peer_2:basic
Peer_5:basic INFO 3016.2429168382573: Received message <Ping:> from Peer_6:basic
Peer_5:basic INFO 3016.2429168382573: Sending message <Pong:> to Peer_6:basic
Peer_5:basic INFO 3023.221160305463: Received message <Pong:> from Peer_2:basic
Peer_5:basic INFO 4000: Sending message <Ping:> to Peer_6:basic
Peer_5:basic INFO 4000: Sending message <Ping:> to Peer_2:basic
Peer_5:basic INFO 4000: Sending message <Ping:> to Peer_8:basic
Peer_5:basic INFO 4000: Sending message <Ping:> to Peer_1:basic
Peer_5:basic INFO 4000: Sending message <Ping:> to Peer_9:basic
Peer_5:basic INFO 4000: Sending message <Ping:> to Peer_2:basic
Peer_5:basic INFO 4000.717568312367: Received message <Ping:> from Peer_6:basic
Peer_5:basic INFO 4000.717568312367: Sending message <Pong:> to Peer_6:basic
Peer_5:basic INFO 4000.8115342674173: Received message <Ping:> from Peer_1:basic
Peer_5:basic INFO 4000.8115342674173: Sending message <Pong:> to Peer_1:basic
Peer_5:basic INFO 4000.8701684503544: Received message <Ping:> from Peer_9:basic
Peer_5:basic INFO 4000.8701684503544: Sending message <Pong:> to Peer_9:basic
Peer_5:basic INFO 4000.9792929775817: Received message <Ping:> from Peer_8:basic
Peer_5:basic INFO 4000.9792929775817: Sending message <Pong:> to Peer_8:basic
Peer_5:basic INFO 4001.6297543471965: Received message <Pong:> from Peer_9:basic
Peer_5:basic INFO 4001.681488125028: Received message <Pong:> from Peer_8:basic
Peer_5:basic INFO 4001.9730529536273: Received message <Pong:> from Peer_2:basic
Peer_5:basic INFO 4002.186448950458: Received message <Ping:> from Peer_2:basic
Peer_5:basic INFO 4002.186448950458: Sending message <Pong:> to Peer_2:basic
Peer_5:basic INFO 4002.412081420265: Received message <Pong:> from Peer_1:basic
Peer_5:basic INFO 4004.5739220380624: Received message <Pong:> from Peer_6:basic
Peer_5:basic INFO 4009.646136731448: Received message <Ping:> from Peer_2:basic
Peer_5:basic INFO 4009.646136731448: Sending message <Pong:> to Peer_2:basic
Peer_5:basic INFO 4014.481220690328: Received message <Pong:> from Peer_2:basic
