Peer_3:basic INFO 0.6550221457147739: Received message <Hello:> from Peer_9:basic
Peer_3:basic INFO 0.6550221457147739: Connecting to Peer_9:basic
Peer_3:basic INFO 0.6550221457147739: Sending message <Hello:> to Peer_9:basic
Peer_3:basic INFO 0.7257477424811741: Received message <Hello:> from Peer_8:basic
Peer_3:basic INFO 0.7257477424811741: Connecting to Peer_8:basic
Peer_3:basic INFO 0.7257477424811741: Sending message <Hello:> to Peer_8:basic
Peer_3:basic INFO 0.863202046090973: Connecting to Peer_1:basic
Peer_3:basic INFO 0.8749834751286869: Received message <Hello:> from Peer_2:basic
Peer_3:basic INFO 0.8749834751286869: Connecting to Peer_2:basic
Peer_3:basic INFO 0.8749834751286869: Sending message <Hello:> to Peer_2:basic
Peer_3:basic INFO 0.9807549780686357: Received message <Hello:> from Peer_4:basic
Peer_3:basic INFO 0.9807549780686357: Connecting to Peer_4:basic
Peer_3:basic INFO 0.9807549780686357: Sending message <Hello:> to Peer_4:basic
Peer_3:basic INFO 2.1556398920230952: Received message <Hello:> from Peer_1:basic
Peer_3:basic INFO 2.433695410048496: Received message <Hello:> from Peer_1:basic
Peer_3:basic INFO 1000: Sending message <Ping:> to Peer_9:basic
Peer_3:basic INFO 1000: Sending message <Ping:> to Peer_8:basic
Peer_3:basic INFO 1000: Sending message <Ping:> to Peer_1:basic
Peer_3:basic INFO 1000: Sending message <Ping:> to Peer_2:basic
Peer_3:basic INFO 1000: Sending message <Ping:> to Peer_4:basic
Peer_3:basic INFO 1000.7064667599732: Received message <Ping:> from Peer_4:basic
Peer_3:basic INFO 1000.7064667599732: Sending message <Pong:> to Peer_4:basic
Peer_3:basic INFO 1001.0281973602432: Received message <Ping:> from Peer_9:basic
Peer_3:basic INFO 1001.0281973602432: Sending message <Pong:> to Peer_9:basic
Peer_3:basic INFO 1001.1909747409452: Received message <Ping:> from Peer_2:basic
Peer_3:basic INFO 1001.1909747409452: Sending message <Pong:> to Peer_2:basic
Peer_3:basic INFO 1001.4891064520622: Received message <Pong:> from Peer_2:basic
Peer_3:basic INFO 1001.643599769209: Received message <Pong:> from Peer_4:basic
Peer_3:basic INFO 1001.8445864332721: Received message <Pong:> from Peer_9:basic
Peer_3:basic INFO 1002.0709505439002: Received message <Pong:> from Peer_1:basic
Peer_3:basic INFO 1002.2590057556899: Received message <Pong:> from Peer_8:basic
Peer_3:basic INFO 1002.5631499410125: Received message <Ping:> from Peer_1:basic
Peer_3:basic INFO 1002.5631499410125: Sending message <Pong:> to Peer_1:basic
Peer_3:basic INFO 1027.975620980742: Received message <Ping:> from Peer_8:basic
Peer_3:basic INFO 1027.975620980742: Sending message <Pong:> to Peer_8:basic
Peer_3:basic INFO 2000: Sending message <Ping:> to Peer_9:basic
Peer_3:basic INFO 2000: Sending message <Ping:> to Peer_8:basic
Peer_3:basic INFO 2000: Sending message <Ping:> to Peer_1:basic
Peer_3:basic INFO 2000: Sending message <Ping:> to Peer_2:basic
Peer_3:basic INFO 2000: Sending message <Ping:> to Peer_4:basic
Peer_3:basic INFO 2000.7604535791695: Received message <Ping:> from Peer_2:basic
Peer_3:basic INFO 2000.7604535791695: Sending message <Pong:> to Peer_2:basic
Peer_3:basic INFO 2000.9957797085044: Received message <Ping:> from Peer_8:basic
Peer_3:basic INFO 2000.9957797085044: Sending message <Pong:> to Peer_8:basic
Peer_3:basic INFO 2001.1041346379945: Received message <Ping:> from Peer_1:basic
Peer_3:basic INFO 2001.1041346379945: Sending message <Pong:> to Peer_1:basic
Peer_3:basic INFO 2001.7917467386678: Received message <Pong:> from Peer_9:basic
Peer_3:basic INFO 2001.796062044944: Received message <Pong:> from Peer_8:basic
Peer_3:basic INFO 2001.926258805771: Received message <Ping:> from Peer_4:basic
Peer_3:basic INFO 2001.926258805771: Sending message <Pong:> to Peer_4:basic
Peer_3:basic INFO 2001.954420847709: Received message <Pong:> from Peer_1:basic
Peer_3:basic INFO 2002.1996526747187: Received message <Ping:> from Peer_9:basic
Peer_3:basic INFO 2002.1996526747187: Sending message <Pong:> to Peer_9:basic
Peer_3:basic INFO 2002.4796690981827: Received message <Pong:> from Peer_2:basic
Peer_3:basic INFO 2005.4022651804412: Received message <Pong:> from Peer_4:basic
Peer_3:basic INFO 3000: Sending message <Ping:> to Peer_9:basic
Peer_3:basic INFO 3000: Sending message <Ping:> to Peer_8:basic
Peer_3:basic INFO 3000: Sending message <Ping:> to Peer_1:basic
Peer_3:basic INFO 3000: Sending message <Ping:> to Peer_2:basic
Peer_3:basic INFO 3000: Sending message <Ping:> to Peer_4:basic
Peer_3:basic INFO 3000.780516261565: Received message <Ping:> from Peer_2:basic
Peer_3:basic INFO 3000.780516261565: Sending message <Pong:> to Peer_2:basic
Peer_3:basic INFO 3000.8658409403815: Received message <Ping:> from Peer_1:basic
Peer_3:basic INFO 3000.8658409403815: Sending message <Pong:> to Peer_1:basic
Peer_3:basic INFO 3000.8848503568756: Received message <Ping:> from Peer_8:basic
Peer_3:basic INFO 3000.8848503568756: Sending message <Pong:> to Peer_8:basic
Peer_3:basic INFO 3001.1981965483237: Received message <Ping:> from Peer_4:basic
Peer_3:basic INFO 3001.1981965483237: Sending message <Pong:> to Peer_4:basic
Peer_3:basic INFO 3001.4676420470205: Received message <Pong:> from Peer_1:basic
Peer_3:basic INFO 3001.490568632453: Received message <Pong:> from Peer_4:basic
Peer_3:basic INFO 3001.6059844766014: Received message <Pong:> from Peer_8:basic
Peer_3:basic INFO 3002.0862872828275: Received message <Pong:> from Peer_9:basic
Peer_3:basic INFO 3002.4638497619712: Received message <Pong:> from Peer_2:basic
Peer_3:basic INFO 3007.2630443970506: Received message <Ping:> from Peer_9:basic
Peer_3:basic INFO 3007.2630443970506: Sending message <Pong:> to Peer_9:basic
Peer_3:basic INFO 4000: Sending message <Ping:> to Peer_9:basic
Peer_3:basic INFO 4000: Sending message <Ping:> to Peer_8:basic
Peer_3:basic INFO 4000: Sending message <Ping:> to Peer_1:basic
Peer_3:basic INFO 4000: Sending message <Ping:> to Peer_2:basic
Peer_3:basic INFO 4000: Sending message <Ping:> to Peer_4:basic
Peer_3:basic INFO 4000.677128597011: Received message <Ping:> from Peer_8:basic
Peer_3:basic INFO 4000.677128597011: Sending message <Pong:> to Peer_8:basic
Peer_3:basic INFO 4000.717250227608: Received message <Ping:> from Peer_4:basic
Peer_3:basic INFO 4000.717250227608: Sending message <Pong:> to Peer_4:basic
Peer_3:basic INFO 4000.880014287521: Received message <Ping:> from Peer_1:basic
Peer_3:basic INFO 4000.880014287521: Sending message <Pong:> to Peer_1:basic
Peer_3:basic INFO 4001.5224039654654: Received message <Pong:> from Peer_9:basic
Peer_3:basic INFO 4002.154881600423: Received message <Pong:> from Peer_2:basic
Peer_3:basic INFO 4002.3349881920744: Received message <Pong:> from Peer_4:basic
Peer_3:basic INFO 4002.3586775537688: Received message <Pong:> from Peer_8:basic
Peer_3:basic INFO 4002.8877314730257: Received message <Ping:> from Peer_2:basic
Peer_3:basic INFO 4002.8877314730257: Sending message <Pong:> to Peer_2:basic
Peer_3:basic INFO 4003.070025776464: Received message <Pong:> from Peer_1:basic
Peer_3:basic INFO 4004.1841263655956: Received message <Ping:> from Peer_9:basic
Peer_3:basic INFO 4004.1841263655956: Sending message <Pong:> to Peer_9:basic
