Peer_8:basic INFO 0.6908753401682471: Connecting to Peer_9:basic
Peer_8:basic INFO 0.7257477424811741: Connecting to Peer_3:basic
Peer_8:basic INFO 0.7439396691742688: Received message <Hello:> from Peer_3:basic
Peer_8:basic INFO 0.7446091981361336: Connecting to Peer_5:basic
Peer_8:basic INFO 1.067861671332241: Received message <Hello:> from Peer_5:basic
Peer_8:basic INFO 1.0778975265059096: Received message <Hello:> from Peer_4:basic
Peer_8:basic INFO 1.0778975265059096: Connecting to Peer_4:basic
Peer_8:basic INFO 1.0778975265059096: Sending message <Hello:> to Peer_4:basic
Peer_8:basic INFO 1.4352009356035373: Received message <Hello:> from Peer_5:basic
Peer_8:basic INFO 1.558059664360686: Received message <Hello:> from Peer_9:basic
Peer_8:basic INFO 1.7124269975186683: Received message <Hello:> from Peer_3:basic
Peer_8:basic INFO 76.82790133761831: Received message <Hello:> from Peer_9:basic
Peer_8:basic INFO 1000: Sending message <Ping:> to Peer_9:basic
Peer_8:basic INFO 1000: Sending message <Ping:> to Peer_3:basic
Peer_8:basic INFO 1000: Sending message <Ping:> to Peer_5:basic
Peer_8:basic INFO 1000: Sending message <Ping:> to Peer_4:basic
Peer_8:basic INFO 1000.6939910478143: Received message <Ping:> from Peer_9:basic
Peer_8:basic INFO 1000.6939910478143: Sending message <Pong:> to Peer_9:basic
Peer_8:basic INFO 1000.7198084459684: Received message <Ping:> from Peer_4:basic
Peer_8:basic INFO 1000.7198084459684: Sending message <Pong:> to Peer_4:basic
Peer_8:basic INFO 1000.8191412263548: Received message <Ping:> from Peer_5:basic
Peer_8:basic INFO 1000.8191412263548: Sending message <Pong:> to Peer_5:basic
Peer_8:basic INFO 1001.5468618728972: Received message <Ping:> from Peer_3:basic
Peer_8:basic INFO 1001.5468618728972: Sending message <Pong:> to Peer_3:basic
Peer_8:basic INFO 1001.6310610202962: Received message <Pong:> from Peer_9:basic
Peer_8:basic INFO 1001.7208870525617: Received message <Pong:> from Peer_4:basic
Peer_8:basic INFO 1002.3343036655657: Received message <Pong:> from Peer_5:basic
Peer_8:basic INFO 1028.9765946484974: Received message <Pong:> from Peer_3:basic
Peer_8:basic INFO 2000: Sending message <Ping:> to Peer_9:basic
Peer_8:basic INFO 2000: Sending message <Ping:> to Peer_3:basic
Peer_8:basic INFO 2000: Sending message <Ping:> to Peer_5:basic
Peer_8:basic INFO 2000: Sending message <Ping:> to Peer_4:basic
Peer_8:basic INFO 2001.0374118295977: Received message <Ping:> from Peer_3:basic
Peer_8:basic INFO 2001.0374118295977: Sending message <Pong:> to Peer_3:basic
Peer_8:basic INFO 2001.0719086983843: Received message <Ping:> from Peer_9:basic
Peer_8:basic INFO 2001.0719086983843: Sending message <Pong:> to Peer_9:basic
Peer_8:basic INFO 2001.130009693925: Received message <Ping:> from Peer_4:basic
Peer_8:basic INFO 2001.130009693925: Sending message <Pong:> to Peer_4:basic
Peer_8:basic INFO 2001.896097800996: Received message <Pong:> from Peer_4:basic
Peer_8:basic INFO 2001.9171778115988: Received message <Ping:> from Peer_5:basic
Peer_8:basic INFO 2001.9171778115988: Sending message <Pong:> to Peer_5:basic
Peer_8:basic INFO 2001.9548585006485: Received message <Pong:> from Peer_3:basic
Peer_8:basic INFO 2006.7559524516623: Received message <Pong:> from Peer_9:basic
Peer_8:basic INFO 2008.470285990183: Received message <Pong:> from Peer_5:basic
Peer_8:basic INFO 3000: Sending message <Ping:> to Peer_9:basic
Peer_8:basic INFO 3000: Sending message <Ping:> to Peer_3:basic
Peer_8:basic INFO 3000: Sending message <Ping:> to Peer_5:basic
Peer_8:basic INFO 3000: Sending message <Ping:> to Peer_4:basic
Peer_8:basic INFO 3000.7560564634728: Received message <Ping:> from Peer_9:basic
Peer_8:basic INFO 3000.7560564634728: Sending message <Pong:> to Peer_9:basic
Peer_8:basic INFO 3000.796082722746: Received message <Ping:> from Peer_3:basic
Peer_8:basic INFO 3000.796082722746: Sending message <Pong:> to Peer_3:basic
Peer_8:basic INFO 3000.8624915478854: Received message <Ping:> from Peer_5:basic
Peer_8:basic INFO 3000.8624915478854: Sending message <Pong:> to Peer_5:basic
Peer_8:basic INFO 3000.87281014697: Received message <Ping:> from Peer_4:basic
Peer_8:basic INFO 3000.87281014697: Sending message <Pong:> to Peer_4:basic
Peer_8:basic INFO 3001.6466712092442: Received message <Pong:> from Peer_9:basic
Peer_8:basic INFO 3001.7314679302776: Received message <Pong:> from Peer_5:basic
Peer_8:basic INFO 3006.031780345648: Received message <Pong:> from Peer_3:basic
Peer_8:basic INFO 3008.432050526182: Received message <Pong:> from Peer_4:basic
Peer_8:basic INFO 4000: Sending message <Ping:> to Peer_9:basic
Peer_8:basic INFO 4000: Sending message <Ping:> to Peer_3:basic
Peer_8:basic INFO 4000: Sending message <Ping:> to Peer_5:basic
Peer_8:basic INFO 4000: Sending message <Ping:> to Peer_4:basic
Peer_8:basic INFO 4000.7595445814436: Received message <Ping:> from Peer_9:basic
Peer_8:basic INFO 4000.7595445814436: Sending message <Pong:> to Peer_9:basic
Peer_8:basic INFO 4000.811533850385: Received message <Ping:> from Peer_5:basic
Peer_8:basic INFO 4000.811533850385: Sending message <Pong:> to Peer_5:basic
Peer_8:basic INFO 4001.3574848372054: Received message <Ping:> from Peer_3:basic
Peer_8:basic INFO 4001.3574848372054: Sending message <Pong:> to Peer_3:basic
Peer_8:basic INFO 4001.5095007729524: Received message <Pong:> from Peer_3:basic
Peer_8:basic INFO 4001.788065207857: Received message <Pong:> from Peer_9:basic
Peer_8:basic INFO 4001.7910062503947: Received message <Pong:> from Peer_4:basic
Peer_8:basic INFO 4002.190940771498: Received message <Pong:> from Peer_5:basic
Peer_8:basic INFO 4043.1824885525803: Received message <Ping:> from Peer_4:basic
Peer_8:basic INFO 4043.1824885525803: Sending message <Pong:> to Peer_4:basic
