Peer_1:basic INFO 0.6793490260265184: Received message <Hello:> from Peer_2:basic
Peer_1:basic INFO 0.6793490260265184: Connecting to Peer_2:basic
Peer_1:basic INFO 0.6793490260265184: Sending message <Hello:> to Peer_2:basic
Peer_1:basic INFO 0.863202046090973: Received message <Hello:> from Peer_3:basic
Peer_1:basic INFO 0.863202046090973: Connecting to Peer_3:basic
Peer_1:basic INFO 0.863202046090973: Sending message <Hello:> to Peer_3:basic
Peer_1:basic INFO 0.9828248583143545: Connecting to Peer_5:basic
Peer_1:basic INFO 1.0452230695441604: Received message <Hello:> from Peer_5:basic
Peer_1:basic INFO 2.3163914613321044: Received message <Hello:> from Peer_5:basic
Peer_1:basic INFO 2.4255034949882908: Connecting to Peer_4:basic
Peer_1:basic INFO 3.3050281329182822: Received message <Hello:> from Peer_4:basic
Peer_1:basic INFO 6.088036552977853: Received message <Hello:> from Peer_4:basic
Peer_1:basic INFO 1000: Sending message <Ping:> to Peer_2:basic
Peer_1:basic INFO 1000: Sending message <Ping:> to Peer_3:basic
Peer_1:basic INFO 1000: Sending message <Ping:> to Peer_5:basic
Peer_1:basic INFO 1000: Sending message <Ping:> to Peer_4:basic
Peer_1:basic INFO 1000.7361434396149: Received message <Ping:> from Peer_4:basic
Peer_1:basic INFO 1000.7361434396149: Sending message <Pong:> to Peer_4:basic
Peer_1:basic INFO 1000.7731728580359: Received message <Ping:> from Peer_2:basic
Peer_1:basic INFO 1000.7731728580359: Sending message <Pong:> to Peer_2:basic
Peer_1:basic INFO 1000.8064407807223: Received message <Ping:> from Peer_5:basic
Peer_1:basic INFO 1000.8064407807223: Sending message <Pong:> to Peer_5:basic
Peer_1:basic INFO 1000.8236450227596: Received message <Ping:> from Peer_3:basic
Peer_1:basic INFO 1000.8236450227596: Sending message <Pong:> to Peer_3:basic
Peer_1:basic INFO 1001.5739549610057: Received message <Pong:> from Peer_4:basic
Peer_1:basic INFO 1001.9320560401845: Received message <Pong:> from Peer_5:basic
Peer_1:basic INFO 1003.5707631015512: Received message <Pong:> from Peer_3:basic
Peer_1:basic INFO 1013.94559683558: Received message <Pong:> from Peer_2:basic
Peer_1:basic INFO 2000: Sending message <Ping:> to Peer_2:basic
Peer_1:basic INFO 2000: Sending message <Ping:> to Peer_3:basic
Peer_1:basic INFO 2000: Sending message <Ping:> to Peer_5:basic
Peer_1:basic INFO 2000: Sending message <Ping:> to Peer_4:basic
Peer_1:basic INFO 2000.7579975425572: Received message <Ping:> from Peer_4:basic
Peer_1:basic INFO 2000.7579975425572: Sending message <Pong:> to Peer_4:basic
Peer_1:basic INFO 2000.9655494379388: Received message <Ping:> from Peer_5:basic
Peer_1:basic INFO 2000.9655494379388: Sending message <Pong:> to Peer_5:basic
Peer_1:basic INFO 2000.9915491821046: Received message <Ping:> from Peer_2:basic
Peer_1:basic INFO 2000.9915491821046: Sending message <Pong:> to Peer_2:basic
Peer_1:basic INFO 2001.112032436115: Received message <Ping:> from Peer_3:basic
Peer_1:basic INFO 2001.112032436115: Sending message <Pong:> to Peer_3:basic
Peer_1:basic INFO 2001.5824001827343: Received message <Pong:> from Peer_5:basic
Peer_1:basic INFO 2001.6804448561015: Received message <Pong:> from Peer_4:basic
Peer_1:basic INFO 2001.9359465142406: Received message <Pong:> from Peer_2:basic
Peer_1:basic INFO 2009.3038488737602: Received message <Pong:> from Peer_3:basic
Peer_1:basic INFO 3000: Sending message <Ping:> to Peer_2:basic
Peer_1:basic INFO 3000: Sending message <Ping:> to Peer_3:basic
Peer_1:basic INFO 3000: Sending message <Ping:> to Peer_5:basic
Peer_1:basic INFO 3000: Sending message <Ping:> to Peer_4:basic
Peer_1:basic INFO 3000.7018632431245: Received message <Ping:> from Peer_4:basic
Peer_1:basic INFO 3000.7018632431245: Sending message <Pong:> to Peer_4:basic
Peer_1:basic INFO 3000.737175156356: Received message <Ping:> from Peer_3:basic
Peer_1:basic INFO 3000.737175156356: Sending message <Pong:> to Peer_3:basic
Peer_1:basic INFO 3000.781795982366: Received message <Ping:> from Peer_5:basic
Peer_1:basic INFO 3000.781795982366: Sending message <Pong:> to Peer_5:basic
Peer_1:basic INFO 3000.9220528718915: Received message <Ping:> from Peer_2:basic
Peer_1:basic INFO 3000.9220528718915: Sending message <Pong:> to Peer_2:basic
Peer_1:basic INFO 3001.6564272355226: Received message <Pong:> from Peer_4:basic
Peer_1:basic INFO 3002.931715033068: Received message <Pong:> from Peer_3:basic
Peer_1:basic INFO 3003.142254849504: Received message <Pong:> from Peer_5:basic
Peer_1:basic INFO 3009.7361960479743: Received message <Pong:> from Peer_2:basic
Peer_1:basic INFO 4000: Sending message <Ping:> to Peer_2:basic
Peer_1:basic INFO 4000: Sending message <Ping:> to Peer_3:basic
Peer_1:basic INFO 4000: Sending message <Ping:> to Peer_5:basic
Peer_1:basic INFO 4000: Sending message <Ping:> to Peer_4:basic
Peer_1:basic INFO 4000.742404381353: Received message <Ping:> from Peer_2:basic
Peer_1:basic INFO 4000.742404381353: Sending message <Pong:> to Peer_2:basic
Peer_1:basic INFO 4001.101735609439: Received message <Ping:> from Peer_4:basic
Peer_1:basic INFO 4001.101735609439: Sending message <Pong:> to Peer_4:basic
Peer_1:basic INFO 4001.4520923007394: Received message <Ping:> from Peer_3:basic
Peer_1:basic INFO 4001.4520923007394: Sending message <Pong:> to Peer_3:basic
Peer_1:basic INFO 4001.5264205542203: Received message <Pong:> from Peer_5:basic
Peer_1:basic INFO 4001.54796595812: Received message <Pong:> from Peer_3:basic
Peer_1:basic INFO 4001.6765890611427: Received message <Ping:> from Peer_5:basic
Peer_1:basic INFO 4001.6765890611427: Sending message <Pong:> to Peer_5:basic
Peer_1:basic INFO 4001.8607840309764: Received message <Pong:> from Peer_4:basic
Peer_1:basic INFO 4002.394810547116: Received message <Pong:> from Peer_2:basic
