Peer_6:basic INFO 0.6631827623475864: Connecting to Peer_5:basic
Peer_6:basic INFO 0.7730193483721405: Connecting to Peer_9:basic
Peer_6:basic INFO 0.8605854963755246: Received message <Hello:> from Peer_9:basic
Peer_6:basic INFO 1.1469451811842928: Received message <Hello:> from Peer_5:basic
Peer_6:basic INFO 1.6150127925474902: Received message <Hello:> from Peer_9:basic
Peer_6:basic INFO 1.763631472007133: Received message <Hello:> from Peer_5:basic
Peer_6:basic INFO 1000: Sending message <Ping:> to Peer_5:basic
Peer_6:basic INFO 1000: Sending message <Ping:> to Peer_9:basic
Peer_6:basic INFO 1000.8219423403749: Received message <Ping:> from Peer_9:basic
Peer_6:basic INFO 1000.8219423403749: Sending message <Pong:> to Peer_9:basic
Peer_6:basic INFO 1001.4460681482924: Received message <Pong:> from Peer_5:basic
Peer_6:basic INFO 1001.6703283890251: Received message <Ping:> from Peer_5:basic
Peer_6:basic INFO 1001.6703283890251: Sending message <Pong:> to Peer_5:basic
Peer_6:basic INFO 1002.3671428146894: Received message <Pong:> from Peer_9:basic
Peer_6:basic INFO 2000: Sending message <Ping:> to Peer_5:basic
Peer_6:basic INFO 2000: Sending message <Ping:> to Peer_9:basic
Peer_6:basic INFO 2000.762206312834: Received message <Ping:> from Peer_5:basic
Peer_6:basic INFO 2000.762206312834: Sending message <Pong:> to Peer_5:basic
Peer_6:basic INFO 2000.8853323648493: Received message <Ping:> from Peer_9:basic
Peer_6:basic INFO 2000.8853323648493: Sending message <Pong:> to Peer_9:basic
Peer_6:basic INFO 2001.7627443235353: Received message <Pong:> from Peer_5:basic
Peer_6:basic INFO 2001.9381771974731: Received message <Pong:> from Peer_9:basic
Peer_6:basic INFO 3000: Sending message <Ping:> to Peer_5:basic
Peer_6:basic INFO 3000: Sending message <Ping:> to Peer_9:basic
Peer_6:basic INFO 3000.754351717369: Received message <Ping:> from Peer_9:basic
Peer_6:basic INFO 3000.754351717369: Sending message <Pong:> to Peer_9:basic
Peer_6:basic INFO 3001.0825445931196: Received message <Ping:> from Peer_5:basic
Peer_6:basic INFO 3001.0825445931196: Sending message <Pong:> to Peer_5:basic
Peer_6:basic INFO 3001.950902421319: Received message <Pong:> from Peer_9:basic
Peer_6:basic INFO 3017.003649754681: Received message <Pong:> from Peer_5:basic
Peer_6:basic INFO 4000: Sending message <Ping:> to Peer_5:basic
Peer_6:basic INFO 4000: Sending message <Ping:> to Peer_9:basic
Peer_6:basic INFO 4000.739491922563: Received message <Ping:> from Peer_9:basic
Peer_6:basic INFO 4000.739491922563: Sending message <Pong:> to Peer_9:basic
Peer_6:basic INFO 4001.9218086364594: Received message <Pong:> from Peer_5:basic
Peer_6:basic INFO 4002.2396346543387: Received message <Pong:> from Peer_9:basic
Peer_6:basic INFO 4003.8073702137967: Received message <Ping:> from Peer_5:basic
Peer_6:basic INFO 4003.8073702137967: Sending message <Pong:> to Peer_5:basic
