Peer_4:basic INFO 0.6771631781203463: Received message <Hello:> from Peer_9:basic
Peer_4:basic INFO 0.6771631781203463: Connecting to Peer_9:basic
Peer_4:basic INFO 0.6771631781203463: Sending message <Hello:> to Peer_9:basic
Peer_4:basic INFO 0.8541137966689384: Received message <Hello:> from Peer_7:basic
Peer_4:basic INFO 0.8541137966689384: Connecting to Peer_7:basic
Peer_4:basic INFO 0.8541137966689384: Sending message <Hello:> to Peer_7:basic
Peer_4:basic INFO 0.9807549780686357: Connecting to Peer_3:basic
Peer_4:basic INFO 1.0183000157896245: Received message <Hello:> from Peer_3:basic
Peer_4:basic INFO 1.0778975265059096: Connecting to Peer_8:basic
Peer_4:basic INFO 1.6091732336212257: Received message <Hello:> from Peer_8:basic
Peer_4:basic INFO 1.7538734797451905: Received message <Hello:> from Peer_8:basic
Peer_4:basic INFO 1.865654811709795: Received message <Hello:> from Peer_3:basic
Peer_4:basic INFO 2.4255034949882908: Received message <Hello:> from Peer_1:basic
Peer_4:basic INFO 2.4255034949882908: Connecting to Peer_1:basic
Peer_4:basic INFO 2.4255034949882908: Sending message <Hello:> to Peer_1:basic
Peer_4:basic INFO 1000: Sending message <Ping:> to Peer_9:basic
Peer_4:basic INFO 1000: Sending message <Ping:> to Peer_7:basic
Peer_4:basic INFO 1000: Sending message <Ping:> to Peer_3:basic
Peer_4:basic INFO 1000: Sending message <Ping:> to Peer_8:basic
Peer_4:basic INFO 1000: Sending message <Ping:> to Peer_1:basic
Peer_4:basic INFO 1000.7436001024424: Received message <Ping:> from Peer_8:basic
Peer_4:basic INFO 1000.7436001024424: Sending message <Pong:> to Peer_8:basic
Peer_4:basic INFO 1000.7682295441318: Received message <Ping:> from Peer_3:basic
Peer_4:basic INFO 1000.7682295441318: Sending message <Pong:> to Peer_3:basic
Peer_4:basic INFO 1000.7932364591737: Received message <Ping:> from Peer_1:basic
Peer_4:basic INFO 1000.7932364591737: Sending message <Pong:> to Peer_1:basic
Peer_4:basic INFO 1000.9490619791401: Received message <Ping:> from Peer_9:basic
Peer_4:basic INFO 1000.9490619791401: Sending message <Pong:> to Peer_9:basic
Peer_4:basic INFO 1001.4201368198801: Received message <Pong:> from Peer_3:basic
Peer_4:basic INFO 1001.5107345676457: Received message <Pong:> from Peer_1:basic
Peer_4:basic INFO 1001.5578507422183: Received message <Pong:> from Peer_8:basic
Peer_4:basic INFO 1001.7238008294091: Received message <Ping:> from Peer_7:basic
Peer_4:basic INFO 1001.7238008294091: Sending message <Pong:> to Peer_7:basic
Peer_4:basic INFO 1002.6757694195124: Received message <Pong:> from Peer_7:basic
Peer_4:basic INFO 1005.8282991629776: Received message <Pong:> from Peer_9:basic
Peer_4:basic INFO 2000: Sending message <Ping:> to Peer_9:basic
Peer_4:basic INFO 2000: Sending message <Ping:> to Peer_7:basic
Peer_4:basic INFO 2000: Sending message <Ping:> to Peer_3:basic
Peer_4:basic INFO 2000: Sending message <Ping:> to Peer_8:basic
Peer_4:basic INFO 2000: Sending message <Ping:> to Peer_1:basic
Peer_4:basic INFO 2000.8424138151934: Received message <Ping:> from Peer_1:basic
Peer_4:basic INFO 2000.8424138151934: Sending message <Pong:> to Peer_1:basic
Peer_4:basic INFO 2001.025423845734: Received message <Ping:> from Peer_8:basic
Peer_4:basic INFO 2001.025423845734: Sending message <Pong:> to Peer_8:basic
Peer_4:basic INFO 2001.5040396389988: Received message <Pong:> from Peer_9:basic
Peer_4:basic INFO 2001.5866360853354: Received message <Pong:> from Peer_1:basic
Peer_4:basic INFO 2001.8722371214203: Received message <Ping:> from Peer_9:basic
Peer_4:basic INFO 2001.8722371214203: Sending message <Pong:> to Peer_9:basic
Peer_4:basic INFO 2002.3102289140686: Received message <Pong:> from Peer_7:basic
Peer_4:basic INFO 2002.4213263254003: Received message <Ping:> from Peer_3:basic
Peer_4:basic INFO 2002.4213263254003: Sending message <Pong:> to Peer_3:basic
Peer_4:basic INFO 2002.671275510569: Received message <Pong:> from Peer_8:basic
Peer_4:basic INFO 2002.677549055503: Received message <Pong:> from Peer_3:basic
Peer_4:basic INFO 2010.816137359011: Received message <Ping:> from Peer_7:basic
Peer_4:basic INFO 2010.816137359011: Sending message <Pong:> to Peer_7:basic
Peer_4:basic INFO 3000: Sending message <Ping:> to Peer_9:basic
Peer_4:basic INFO 3000: Sending message <Ping:> to Peer_7:basic
Peer_4:basic INFO 3000: Sending message <Ping:> to Peer_3:basic
Peer_4:basic INFO 3000: Sending message <Ping:> to Peer_8:basic
Peer_4:basic INFO 3000: Sending message <Ping:> to Peer_1:basic
Peer_4:basic INFO 3000.6844978984614: Received message <Ping:> from Peer_9:basic
Peer_4:basic INFO 3000.6844978984614: Sending message <Pong:> to Peer_9:basic
Peer_4:basic INFO 3000.698613306664: Received message <Ping:> from Peer_7:basic
Peer_4:basic INFO 3000.698613306664: Sending message <Pong:> to Peer_7:basic
Peer_4:basic INFO 3000.725824976419: Received message <Ping:> from Peer_1:basic
Peer_4:basic INFO 3000.725824976419: Sending message <Pong:> to Peer_1:basic
Peer_4:basic INFO 3000.7291517202257: Received message <Ping:> from Peer_3:basic
Peer_4:basic INFO 3000.7291517202257: Sending message <Pong:> to Peer_3:basic
Peer_4:basic INFO 3001.666044814321: Received message <Pong:> from Peer_1:basic
Peer_4:basic INFO 3001.7243060511382: Received message <Pong:> from Peer_8:basic
Peer_4:basic INFO 3001.843719056133: Received message <Pong:> from Peer_7:basic
Peer_4:basic INFO 3001.986637586463: Received message <Pong:> from Peer_3:basic
Peer_4:basic INFO 3002.025222110647: Received message <Pong:> from Peer_9:basic
Peer_4:basic INFO 3006.2675667555786: Received message <Ping:> from Peer_8:basic
Peer_4:basic INFO 3006.2675667555786: Sending message <Pong:> to Peer_8:basic
Peer_4:basic INFO 4000: Sending message <Ping:> to Peer_9:basic
Peer_4:basic INFO 4000: Sending message <Ping:> to Peer_7:basic
Peer_4:basic INFO 4000: Sending message <Ping:> to Peer_3:basic
Peer_4:basic INFO 4000: Sending message <Ping:> to Peer_8:basic
Peer_4:basic INFO 4000: Sending message <Ping:> to Peer_1:basic
Peer_4:basic INFO 4000.7624263972593: Received message <Ping:> from Peer_9:basic
Peer_4:basic INFO 4000.7624263972593: Sending message <Pong:> to Peer_9:basic
Peer_4:basic INFO 4000.8330970088023: Received message <Ping:> from Peer_7:basic
Peer_4:basic INFO 4000.8330970088023: Sending message <Pong:> to Peer_7:basic
Peer_4:basic INFO 4000.8514336967064: Received message <Ping:> from Peer_8:basic
Peer_4:basic INFO 4000.8514336967064: Sending message <Pong:> to Peer_8:basic
Peer_4:basic INFO 4000.903688214799: Received message <Ping:> from Peer_1:basic
Peer_4:basic INFO 4000.903688214799: Sending message <Pong:> to Peer_1:basic
Peer_4:basic INFO 4001.135243413444: Received message <Ping:> from Peer_3:basic
Peer_4:basic INFO 4001.135243413444: Sending message <Pong:> to Peer_3:basic
Peer_4:basic INFO 4001.789847367425: Received message <Pong:> from Peer_1:basic
Peer_4:basic INFO 4001.8115984869914: Received message <Pong:> from Peer_9:basic
Peer_4:basic INFO 4001.8453531824675: Received message <Pong:> from Peer_3:basic
Peer_4:basic INFO 4002.4107569397374: Received message <Pong:> from Peer_7:basic
Peer_4:basic INFO 4043.8586929876656: Received message <Pong:> from Peer_8:basic
