Peer_2:basic INFO 0.6793490260265184: Connecting to Peer_1:basic
Peer_2:basic INFO 0.6822544192090971: Received message <Hello:> from Peer_5:basic
Peer_2:basic INFO 0.6822544192090971: Connecting to Peer_5:basic
Peer_2:basic INFO 0.6822544192090971: Sending message <Hello:> to Peer_5:basic
Peer_2:basic INFO 0.8193641540851075: Received message <Hello:> from Peer_1:basic
Peer_2:basic INFO 0.8749834751286869: Connecting to Peer_3:basic
Peer_2:basic INFO 1.3255153291609383: Received message <Hello:> from Peer_1:basic
Peer_2:basic INFO 1.606318401486966: Received message <Hello:> from Peer_3:basic
Peer_2:basic INFO 2.457745786407587: Received message <Hello:> from Peer_3:basic
Peer_2:basic INFO 6.113331487991846: Received message <Hello:> from Peer_2:basic
Peer_2:basic INFO 6.113331487991846: Connecting to Peer_2:basic
Peer_2:basic INFO 6.113331487991846: Connecting to Peer_2:basic
Peer_2:basic INFO 6.113331487991846: Sending message <Hello:> to Peer_2:basic
Peer_2:basic INFO 6.4171569486868885: Connecting to Peer_5:basic
Peer_2:basic INFO 6.458436713280012: Received message <Hello:> from Peer_5:basic
Peer_2:basic INFO 6.980083097747956: Received message <Hello:> from Peer_9:basic
Peer_2:basic INFO 6.980083097747956: Connecting to Peer_9:basic
Peer_2:basic INFO 6.980083097747956: Sending message <Hello:> to Peer_9:basic
Peer_2:basic INFO 6.986990799916495: Received message <Hello:> from Peer_2:basic
Peer_2:basic INFO 12.867025346093468: Received message <Hello:> from Peer_2:basic
Peer_2:basic INFO 13.579850500365291: Received message <Hello:> from Peer_5:basic
Peer_2:basic INFO 1000: Sending message <Ping:> to Peer_2:basic
Peer_2:basic INFO 1000: Sending message <Ping:> to Peer_5:basic
Peer_2:basic INFO 1000: Sending message <Ping:> to Peer_9:basic
Peer_2:basic INFO 1000: Sending message <Ping:> to Peer_1:basic
Peer_2:basic INFO 1000: Sending message <Ping:> to Peer_5:basic
Peer_2:basic INFO 1000: Sending message <Ping:> to Peer_3:basic
Peer_2:basic INFO 1000: Sending message <Ping:> to Peer_2:basic
Peer_2:basic INFO 1000.7260881202221: Received message <Ping:> from Peer_3:basic
Peer_2:basic INFO 1000.7260881202221: Sending message <Pong:> to Peer_3:basic
Peer_2:basic INFO 1000.8499775568426: Received message <Ping:> from Peer_5:basic
Peer_2:basic INFO 1000.8499775568426: Sending message <Pong:> to Peer_5:basic
Peer_2:basic INFO 1000.9685066256912: Received message <Ping:> from Peer_1:basic
Peer_2:basic INFO 1000.9685066256912: Sending message <Pong:> to Peer_1:basic
Peer_2:basic INFO 1001.6665594747042: Received message <Pong:> from Peer_1:basic
Peer_2:basic INFO 1003.758707452283: Received message <Pong:> from Peer_5:basic
Peer_2:basic INFO 1004.0012941465246: Received message <Pong:> from Peer_3:basic
Peer_2:basic INFO 1006.0947181283658: Received message <Ping:> from Peer_5:basic
Peer_2:basic INFO 1006.0947181283658: Sending message <Pong:> to Peer_5:basic
Peer_2:basic INFO 1007.6699430107866: Received message <Ping:> from Peer_2:basic
Peer_2:basic INFO 1007.6699430107866: Sending message <Pong:> to Peer_2:basic
Peer_2:basic INFO 1008.266347230768: Received message <Ping:> from Peer_2:basic
Peer_2:basic INFO 1008.266347230768: Sending message <Pong:> to Peer_2:basic
Peer_2:basic INFO 1008.5227815514055: Received message <Ping:> from Peer_9:basic
Peer_2:basic INFO 1008.5227815514055: Sending message <Pong:> to Peer_9:basic
Peer_2:basic INFO 1012.9702738234123: Received message <Pong:> from Peer_9:basic
Peer_2:basic INFO 1014.7642492914171: Received message <Pong:> from Peer_2:basic
Peer_2:basic INFO 1015.4445766720154: Received message <Pong:> from Peer_5:basic
Peer_2:basic INFO 1016.0470955803393: Received message <Pong:> from Peer_2:basic
Peer_2:basic INFO 2000: Sending message <Ping:> to Peer_2:basic
Peer_2:basic INFO 2000: Sending message <Ping:> to Peer_5:basic
Peer_2:basic INFO 2000: Sending message <Ping:> to Peer_9:basic
Peer_2:basic INFO 2000: Sending message <Ping:> to Peer_1:basic
Peer_2:basic INFO 2000: Sending message <Ping:> to Peer_5:basic
Peer_2:basic INFO 2000: Sending message <Ping:> to Peer_3:basic
Peer_2:basic INFO 2000: Sending message <Ping:> to Peer_2:basic
Peer_2:basic INFO 2000.9093677006895: Received message <Ping:> from Peer_3:basic
Peer_2:basic INFO 2000.9093677006895: Sending message <Pong:> to Peer_3:basic
Peer_2:basic INFO 2000.9757609687479: Received message <Ping:> from Peer_5:basic
Peer_2:basic INFO 2000.9757609687479: Sending message <Pong:> to Peer_5:basic
Peer_2:basic INFO 2001.033062803944: Received message <Ping:> from Peer_1:basic
Peer_2:basic INFO 2001.033062803944: Sending message <Pong:> to Peer_1:basic
Peer_2:basic INFO 2001.491957031759: Received message <Pong:> from Peer_5:basic
Peer_2:basic INFO 2001.7299395322607: Received message <Pong:> from Peer_1:basic
Peer_2:basic INFO 2001.8531206392788: Received message <Pong:> from Peer_3:basic
Peer_2:basic INFO 2006.1864719503906: Received message <Ping:> from Peer_9:basic
Peer_2:basic INFO 2006.1864719503906: Sending message <Pong:> to Peer_9:basic
Peer_2:basic INFO 2006.4034133926518: Received message <Ping:> from Peer_5:basic
Peer_2:basic INFO 2006.4034133926518: Sending message <Pong:> to Peer_5:basic
Peer_2:basic INFO 2007.3247490837432: Received message <Ping:> from Peer_2:basic
Peer_2:basic INFO 2007.3247490837432: Sending message <Pong:> to Peer_2:basic
Peer_2:basic INFO 2007.342982748899: Received message <Ping:> from Peer_2:basic
Peer_2:basic INFO 2007.342982748899: Sending message <Pong:> to Peer_2:basic
Peer_2:basic INFO 2013.4653736759885: Received message <Pong:> from Peer_2:basic
Peer_2:basic INFO 2013.8231504155717: Received message <Pong:> from Peer_2:basic
Peer_2:basic INFO 2014.5263761067524: Received message <Pong:> from Peer_9:basic
Peer_2:basic INFO 2015.0833608578628: Received message <Pong:> from Peer_5:basic
Peer_2:basic INFO 3000: Sending message <Ping:> to Peer_2:basic
Peer_2:basic INFO 3000: Sending message <Ping:> to Peer_5:basic
Peer_2:basic INFO 3000: Sending message <Ping:> to Peer_9:basic
Peer_2:basic INFO 3000: Sending message <Ping:> to Peer_1:basic
Peer_2:basic INFO 3000: Sending message <Ping:> to Peer_5:basic
Peer_2:basic INFO 3000: Sending message <Ping:> to Peer_3:basic
Peer_2:basic INFO 3000: Sending message <Ping:> to Peer_2:basic
Peer_2:basic INFO 3001.1559763290616: Received message <Ping:> from Peer_5:basic
Peer_2:basic INFO 3001.1559763290616: Sending message <Pong:> to Peer_5:basic
Peer_2:basic INFO 3001.3940248887575: Received message <Ping:> from Peer_3:basic
Peer_2:basic INFO 3001.3940248887575: Sending message <Pong:> to Peer_3:basic
Peer_2:basic INFO 3002.1715810052183: Received message <Pong:> from Peer_5:basic
Peer_2:basic INFO 3002.8428647237247: Received message <Pong:> from Peer_3:basic
Peer_2:basic INFO 3003.0397968183916: Received message <Pong:> from Peer_1:basic
Peer_2:basic INFO 3007.0870922733525: Received message <Ping:> from Peer_9:basic
Peer_2:basic INFO 3007.0870922733525: Sending message <Pong:> to Peer_9:basic
Peer_2:basic INFO 3008.604409624702: Received message <Ping:> from Peer_1:basic
Peer_2:basic INFO 3008.604409624702: Sending message <Pong:> to Peer_1:basic
Peer_2:basic INFO 3008.9128968294317: Received message <Ping:> from Peer_2:basic
Peer_2:basic INFO 3008.9128968294317: Sending message <Pong:> to Peer_2:basic
Peer_2:basic INFO 3013.0495289863015: Received message <Pong:> from Peer_9:basic
Peer_2:basic INFO 3015.205027201424: Received message <Pong:> from Peer_5:basic
Peer_2:basic INFO 3015.3270429055046: Received message <Pong:> from Peer_2:basic
Peer_2:basic INFO 3016.685710252519: Received message <Ping:> from Peer_5:basic
Peer_2:basic INFO 3016.685710252519: Sending message <Pong:> to Peer_5:basic
Peer_2:basic INFO 3019.112426208623: Received message <Ping:> from Peer_2:basic
Peer_2:basic INFO 3019.112426208623: Sending message <Pong:> to Peer_2:basic
Peer_2:basic INFO 3028.387381425014: Received message <Pong:> from Peer_2:basic
Peer_2:basic INFO 4000: Sending message <Ping:> to Peer_2:basic
Peer_2:basic INFO 4000: Sending message <Ping:> to Peer_5:basic
Peer_2:basic INFO 4000: Sending message <Ping:> to Peer_9:basic
Peer_2:basic INFO 4000: Sending message <Ping:> to Peer_1:basic
Peer_2:basic INFO 4000: Sending message <Ping:> to Peer_5:basic
Peer_2:basic INFO 4000: Sending message <Ping:> to Peer_3:basic
Peer_2:basic INFO 4000: Sending message <Ping:> to Peer_2:basic
Peer_2:basic INFO 4000.7999145731187: Received message <Ping:> from Peer_5:basic
Peer_2:basic INFO 4000.7999145731187: Sending message <Pong:> to Peer_5:basic
Peer_2:basic INFO 4001.0515673997097: Received message <Ping:> from Peer_3:basic
Peer_2:basic INFO 4001.0515673997097: Sending message <Pong:> to Peer_3:basic
Peer_2:basic INFO 4001.607492241525: Received message <Pong:> from Peer_1:basic
Peer_2:basic INFO 4001.6916276510165: Received message <Ping:> from Peer_1:basic
Peer_2:basic INFO 4001.6916276510165: Sending message <Pong:> to Peer_1:basic
Peer_2:basic INFO 4003.4500739396763: Received message <Pong:> from Peer_5:basic
Peer_2:basic INFO 4004.032417250476: Received message <Pong:> from Peer_3:basic
Peer_2:basic INFO 4006.4656773924494: Received message <Ping:> from Peer_5:basic
Peer_2:basic INFO 4006.4656773924494: Sending message <Pong:> to Peer_5:basic
Peer_2:basic INFO 4006.5818756859753: Received message <Ping:> from Peer_2:basic
Peer_2:basic INFO 4006.5818756859753: Sending message <Pong:> to Peer_2:basic
Peer_2:basic INFO 4007.0530359460486: Received message <Ping:> from Peer_2:basic
Peer_2:basic INFO 4007.0530359460486: Sending message <Pong:> to Peer_2:basic
Peer_2:basic INFO 4013.3753195021322: Received message <Pong:> from Peer_2:basic
Peer_2:basic INFO 4014.2385276282857: Received message <Pong:> from Peer_2:basic
Peer_2:basic INFO 4015.461200414018: Received message <Ping:> from Peer_9:basic
Peer_2:basic INFO 4015.461200414018: Sending message <Pong:> to Peer_9:basic
Peer_2:basic INFO 4016.6328042674527: Received message <Pong:> from Peer_9:basic
Peer_2:basic INFO 4017.0345164177947: Received message <Pong:> from Peer_5:basic
