Peer_2:basic WARNING 0: Not enough peers, fetching more (0, 4)
Peer_2:basic INFO 6.079564511062334: Connecting to Peer_11:bootstrap
Peer_2:basic INFO 11.001424513268374: Received message <RequestPeers:> from Peer_11:bootstrap
Peer_2:basic INFO 11.001424513268374: Sending message <PeerList> to Peer_11:bootstrap
Peer_2:basic INFO 12.80208762459727: Received message <Hello:> from Peer_11:bootstrap
Peer_2:basic WARNING 500: Not enough peers, fetching more (1, 4)
Peer_2:basic INFO 500: Sending message <RequestPeers:> to Peer_11:bootstrap
Peer_2:basic INFO 513.5028824596073: Received message <PeerList> from Peer_11:bootstrap
Peer_2:basic WARNING 1000: Not enough peers, fetching more (1, 4)
Peer_2:basic INFO 1000: Sending message <RequestPeers:> to Peer_11:bootstrap
Peer_2:basic INFO 1000.9706861518408: Connecting to Peer_5:basic
Peer_2:basic INFO 1001.8495307688639: Received message <Hello:> from Peer_5:basic
Peer_2:basic INFO 1002.1873864214413: Received message <RequestPeers:> from Peer_5:basic
Peer_2:basic INFO 1002.1873864214413: Sending message <PeerList> to Peer_5:basic
Peer_2:basic INFO 1004.7780197460498: Received message <Hello:> from Peer_10:basic
Peer_2:basic INFO 1004.7780197460498: Connecting to Peer_10:basic
Peer_2:basic INFO 1004.7780197460498: Sending message <Hello:> to Peer_10:basic
Peer_2:basic INFO 1004.7780197460498: Sending message <RequestPeers:> to Peer_10:basic
Peer_2:basic INFO 1013.1594782507403: Received message <PeerList> from Peer_11:bootstrap
Peer_2:basic INFO 1016.6290924558067: Received message <PeerList> from Peer_10:basic
Peer_2:basic WARNING 1500: Not enough peers, fetching more (3, 4)
Peer_2:basic INFO 1500.634393119086: Connecting to Peer_4:basic
Peer_2:basic INFO 1500.8980045949304: Received message <RequestPeers:> from Peer_5:basic
Peer_2:basic INFO 1500.8980045949304: Sending message <PeerList> to Peer_5:basic
Peer_2:basic INFO 1501.4745354956287: Received message <Hello:> from Peer_4:basic
Peer_2:basic INFO 1501.6729310124729: Received message <RequestPeers:> from Peer_4:basic
Peer_2:basic INFO 1501.6729310124729: Sending message <PeerList> to Peer_4:basic
Peer_2:basic INFO 1505.5236488272271: Received message <RequestPeers:> from Peer_10:basic
Peer_2:basic INFO 1505.5236488272271: Sending message <PeerList> to Peer_10:basic
Peer_2:basic INFO 1505.8208439523614: Received message <RequestPeers:> from Peer_11:bootstrap
Peer_2:basic INFO 1505.8208439523614: Sending message <PeerList> to Peer_11:bootstrap
Peer_2:basic INFO 2000.6872684495245: Received message <Hello:> from Peer_6:basic
Peer_2:basic INFO 2000.6872684495245: Connecting to Peer_6:basic
Peer_2:basic INFO 2000.6872684495245: Sending message <Hello:> to Peer_6:basic
Peer_2:basic INFO 2000.6872684495245: Sending message <RequestPeers:> to Peer_6:basic
Peer_2:basic INFO 2003.9751966840663: Received message <PeerList> from Peer_6:basic
Peer_2:basic INFO 2006.2456375325391: Received message <RequestPeers:> from Peer_10:basic
Peer_2:basic INFO 2006.2456375325391: Sending message <PeerList> to Peer_10:basic
Peer_2:basic INFO 2500: Sending message <Ping:> to Peer_11:bootstrap
Peer_2:basic INFO 2500: Sending message <Ping:> to Peer_5:basic
Peer_2:basic INFO 2500: Sending message <Ping:> to Peer_4:basic
Peer_2:basic INFO 2500.5002512005835: Received message <Ping:> from Peer_4:basic
Peer_2:basic INFO 2500.5002512005835: Sending message <Pong:> to Peer_4:basic
Peer_2:basic INFO 2501.072341231217: Received message <Ping:> from Peer_5:basic
Peer_2:basic INFO 2501.072341231217: Sending message <Pong:> to Peer_5:basic
Peer_2:basic INFO 2501.1383481995167: Received message <Pong:> from Peer_4:basic
Peer_2:basic INFO 2502.6343202411763: Received message <Pong:> from Peer_5:basic
Peer_2:basic INFO 2505.054524089283: Received message <RequestPeers:> from Peer_11:bootstrap
Peer_2:basic INFO 2505.054524089283: Sending message <PeerList> to Peer_11:bootstrap
Peer_2:basic INFO 2506.159942779049: Received message <Ping:> from Peer_11:bootstrap
Peer_2:basic INFO 2506.159942779049: Sending message <Pong:> to Peer_11:bootstrap
Peer_2:basic INFO 2516.433169818533: Received message <Pong:> from Peer_11:bootstrap
Peer_2:basic INFO 3000: Sending message <Ping:> to Peer_10:basic
Peer_2:basic INFO 3000: Sending message <Ping:> to Peer_6:basic
Peer_2:basic INFO 3000.6405137626575: Received message <Ping:> from Peer_6:basic
Peer_2:basic INFO 3000.6405137626575: Sending message <Pong:> to Peer_6:basic
Peer_2:basic INFO 3001.5274962677504: Received message <Pong:> from Peer_6:basic
Peer_2:basic INFO 3005.1160037233813: Received message <Ping:> from Peer_10:basic
Peer_2:basic INFO 3005.1160037233813: Sending message <Pong:> to Peer_10:basic
Peer_2:basic INFO 3006.962564453807: Received message <RequestPeers:> from Peer_11:bootstrap
Peer_2:basic INFO 3006.962564453807: Sending message <PeerList> to Peer_11:bootstrap
Peer_2:basic INFO 3011.7306134267897: Received message <Pong:> from Peer_10:basic
Peer_2:basic INFO 3500: Sending message <Ping:> to Peer_5:basic
Peer_2:basic INFO 3500: Sending message <Ping:> to Peer_4:basic
Peer_2:basic INFO 3500.6356011963903: Received message <Ping:> from Peer_4:basic
Peer_2:basic INFO 3500.6356011963903: Sending message <Pong:> to Peer_4:basic
Peer_2:basic INFO 3500.9792362511744: Received message <Ping:> from Peer_5:basic
Peer_2:basic INFO 3500.9792362511744: Sending message <Pong:> to Peer_5:basic
Peer_2:basic INFO 3501.9717725559885: Received message <Pong:> from Peer_4:basic
Peer_2:basic INFO 3502.363700225904: Received message <Pong:> from Peer_5:basic
Peer_2:basic INFO 4000: Sending message <Ping:> to Peer_11:bootstrap
Peer_2:basic INFO 4000: Sending message <Ping:> to Peer_10:basic
Peer_2:basic INFO 4000: Sending message <Ping:> to Peer_6:basic
Peer_2:basic INFO 4001.2025313355625: Received message <Ping:> from Peer_6:basic
Peer_2:basic INFO 4001.2025313355625: Sending message <Pong:> to Peer_6:basic
Peer_2:basic INFO 4001.7641163796206: Received message <Pong:> from Peer_6:basic
Peer_2:basic INFO 4005.694556660982: Received message <Ping:> from Peer_10:basic
Peer_2:basic INFO 4005.694556660982: Sending message <Pong:> to Peer_10:basic
Peer_2:basic INFO 4007.0939770641858: Received message <Ping:> from Peer_11:bootstrap
Peer_2:basic INFO 4007.0939770641858: Sending message <Pong:> to Peer_11:bootstrap
Peer_2:basic INFO 4009.0568589740437: Received message <Pong:> from Peer_11:bootstrap
Peer_2:basic INFO 4013.573285171973: Received message <Pong:> from Peer_10:basic
Peer_2:basic INFO 4500: Sending message <Ping:> to Peer_5:basic
Peer_2:basic INFO 4500: Sending message <Ping:> to Peer_4:basic
Peer_2:basic INFO 4500.78769203809: Received message <Ping:> from Peer_5:basic
Peer_2:basic INFO 4500.78769203809: Sending message <Pong:> to Peer_5:basic
Peer_2:basic INFO 4501.293020839848: Received message <Ping:> from Peer_4:basic
Peer_2:basic INFO 4501.293020839848: Sending message <Pong:> to Peer_4:basic
Peer_2:basic INFO 4501.611357738871: Received message <Pong:> from Peer_5:basic
Peer_2:basic INFO 4502.008089403504: Received message <Pong:> from Peer_4:basic
