Peer_7:basic WARNING 0: Not enough peers, fetching more (0, 4)
Peer_7:basic INFO 4.4750190800625065: Connecting to Peer_11:bootstrap
Peer_7:basic INFO 9.408405542520168: Received message <RequestPeers:> from Peer_11:bootstrap
Peer_7:basic INFO 9.408405542520168: Sending message <PeerList> to Peer_11:bootstrap
Peer_7:basic INFO 11.735364277581237: Received message <Hello:> from Peer_11:bootstrap
Peer_7:basic WARNING 500: Not enough peers, fetching more (1, 4)
Peer_7:basic INFO 500: Sending message <RequestPeers:> to Peer_11:bootstrap
Peer_7:basic INFO 510.9493155635118: Received message <PeerList> from Peer_11:bootstrap
Peer_7:basic WARNING 1000: Not enough peers, fetching more (1, 4)
Peer_7:basic INFO 1000: Sending message <RequestPeers:> to Peer_11:bootstrap
Peer_7:basic INFO 1003.5970938220337: Received message <Hello:> from Peer_4:basic
Peer_7:basic INFO 1003.5970938220337: Connecting to Peer_4:basic
Peer_7:basic INFO 1003.5970938220337: Sending message <Hello:> to Peer_4:basic
Peer_7:basic INFO 1003.5970938220337: Sending message <RequestPeers:> to Peer_4:basic
Peer_7:basic INFO 1006.4386934063876: Received message <PeerList> from Peer_4:basic
Peer_7:basic INFO 1006.4955379719241: Received message <RequestPeers:> from Peer_11:bootstrap
Peer_7:basic INFO 1006.4955379719241: Sending message <PeerList> to Peer_11:bootstrap
Peer_7:basic INFO 1006.9158577698507: Connecting to Peer_1:basic
Peer_7:basic INFO 1012.1176586014768: Received message <RequestPeers:> from Peer_1:basic
Peer_7:basic INFO 1012.1176586014768: Sending message <PeerList> to Peer_1:basic
Peer_7:basic INFO 1012.4248527448398: Received message <PeerList> from Peer_11:bootstrap
Peer_7:basic INFO 1014.1862302806659: Received message <Hello:> from Peer_1:basic
Peer_7:basic WARNING 1500: Not enough peers, fetching more (3, 4)
Peer_7:basic INFO 1500.6343474884463: Connecting to Peer_5:basic
Peer_7:basic INFO 1501.4802178221466: Received message <RequestPeers:> from Peer_5:basic
Peer_7:basic INFO 1501.4802178221466: Sending message <PeerList> to Peer_5:basic
Peer_7:basic INFO 1501.5558339202146: Received message <Hello:> from Peer_5:basic
Peer_7:basic INFO 1506.469258724635: Received message <Hello:> from Peer_8:basic
Peer_7:basic INFO 1506.469258724635: Connecting to Peer_8:basic
Peer_7:basic INFO 1506.469258724635: Sending message <Hello:> to Peer_8:basic
Peer_7:basic INFO 1506.469258724635: Sending message <RequestPeers:> to Peer_8:basic
Peer_7:basic INFO 1507.424979429359: Received message <Hello:> from Peer_3:basic
Peer_7:basic INFO 1507.424979429359: Connecting to Peer_3:basic
Peer_7:basic INFO 1507.424979429359: Sending message <Hello:> to Peer_3:basic
Peer_7:basic INFO 1507.424979429359: Sending message <RequestPeers:> to Peer_3:basic
Peer_7:basic INFO 1517.1259533697155: Received message <PeerList> from Peer_3:basic
Peer_7:basic INFO 1520.066272873538: Received message <PeerList> from Peer_8:basic
Peer_7:basic INFO 2000: Sending message <Ping:> to Peer_11:bootstrap
Peer_7:basic INFO 2000: Sending message <Ping:> to Peer_4:basic
Peer_7:basic INFO 2000: Sending message <Ping:> to Peer_1:basic
Peer_7:basic INFO 2000.7209832622377: Received message <Ping:> from Peer_4:basic
Peer_7:basic INFO 2000.7209832622377: Sending message <Pong:> to Peer_4:basic
Peer_7:basic INFO 2002.3623736192349: Received message <Pong:> from Peer_4:basic
Peer_7:basic INFO 2006.3374165803436: Received message <Ping:> from Peer_1:basic
Peer_7:basic INFO 2006.3374165803436: Sending message <Pong:> to Peer_1:basic
Peer_7:basic INFO 2007.0883971271762: Received message <RequestPeers:> from Peer_8:basic
Peer_7:basic INFO 2007.0883971271762: Sending message <PeerList> to Peer_8:basic
Peer_7:basic INFO 2007.6925176970738: Received message <Ping:> from Peer_11:bootstrap
Peer_7:basic INFO 2007.6925176970738: Sending message <Pong:> to Peer_11:bootstrap
Peer_7:basic INFO 2008.6419310517454: Received message <Pong:> from Peer_11:bootstrap
Peer_7:basic INFO 2013.3057793220544: Received message <Pong:> from Peer_1:basic
Peer_7:basic INFO 2500: Sending message <Ping:> to Peer_5:basic
Peer_7:basic INFO 2500: Sending message <Ping:> to Peer_3:basic
Peer_7:basic INFO 2500.8703653401617: Received message <Ping:> from Peer_5:basic
Peer_7:basic INFO 2500.8703653401617: Sending message <Pong:> to Peer_5:basic
Peer_7:basic INFO 2502.387045034648: Received message <Pong:> from Peer_5:basic
Peer_7:basic INFO 2506.358739525601: Received message <Ping:> from Peer_3:basic
Peer_7:basic INFO 2506.358739525601: Sending message <Pong:> to Peer_3:basic
Peer_7:basic INFO 2513.7827613563154: Received message <Pong:> from Peer_3:basic
Peer_7:basic INFO 3000: Sending message <Ping:> to Peer_11:bootstrap
Peer_7:basic INFO 3000: Sending message <Ping:> to Peer_4:basic
Peer_7:basic INFO 3000: Sending message <Ping:> to Peer_1:basic
Peer_7:basic INFO 3000: Sending message <Ping:> to Peer_8:basic
Peer_7:basic INFO 3000.713494753029: Received message <Ping:> from Peer_4:basic
Peer_7:basic INFO 3000.713494753029: Sending message <Pong:> to Peer_4:basic
Peer_7:basic INFO 3001.522741594074: Received message <Pong:> from Peer_4:basic
Peer_7:basic INFO 3002.4576121167293: Received message <Ping:> from Peer_1:basic
Peer_7:basic INFO 3002.4576121167293: Sending message <Pong:> to Peer_1:basic
Peer_7:basic INFO 3005.84571513755: Received message <Ping:> from Peer_11:bootstrap
Peer_7:basic INFO 3005.84571513755: Sending message <Pong:> to Peer_11:bootstrap
Peer_7:basic INFO 3006.176242455912: Received message <Ping:> from Peer_8:basic
Peer_7:basic INFO 3006.176242455912: Sending message <Pong:> to Peer_8:basic
Peer_7:basic INFO 3010.7720766031157: Received message <Pong:> from Peer_8:basic
Peer_7:basic INFO 3013.077577625566: Received message <Pong:> from Peer_11:bootstrap
Peer_7:basic INFO 3013.6053001048163: Received message <Pong:> from Peer_1:basic
Peer_7:basic INFO 3500: Sending message <Ping:> to Peer_5:basic
Peer_7:basic INFO 3500: Sending message <Ping:> to Peer_3:basic
Peer_7:basic INFO 3500.7384093701726: Received message <Ping:> from Peer_5:basic
Peer_7:basic INFO 3500.7384093701726: Sending message <Pong:> to Peer_5:basic
Peer_7:basic INFO 3502.423213551295: Received message <Pong:> from Peer_5:basic
Peer_7:basic INFO 3504.5685577014365: Received message <RequestPeers:> from Peer_11:bootstrap
Peer_7:basic INFO 3504.5685577014365: Sending message <PeerList> to Peer_11:bootstrap
Peer_7:basic INFO 3507.323279028282: Received message <Ping:> from Peer_3:basic
Peer_7:basic INFO 3507.323279028282: Sending message <Pong:> to Peer_3:basic
Peer_7:basic INFO 3513.159414797948: Received message <Pong:> from Peer_3:basic
Peer_7:basic INFO 4000: Sending message <Ping:> to Peer_4:basic
Peer_7:basic INFO 4000: Sending message <Ping:> to Peer_1:basic
Peer_7:basic INFO 4000: Sending message <Ping:> to Peer_8:basic
Peer_7:basic INFO 4000.9970255146122: Received message <Ping:> from Peer_4:basic
Peer_7:basic INFO 4000.9970255146122: Sending message <Pong:> to Peer_4:basic
Peer_7:basic INFO 4002.2047440829433: Received message <Pong:> from Peer_4:basic
Peer_7:basic INFO 4005.9937081737858: Received message <Ping:> from Peer_8:basic
Peer_7:basic INFO 4005.9937081737858: Sending message <Pong:> to Peer_8:basic
Peer_7:basic INFO 4006.338607839045: Received message <Ping:> from Peer_1:basic
Peer_7:basic INFO 4006.338607839045: Sending message <Pong:> to Peer_1:basic
Peer_7:basic INFO 4009.534934931964: Received message <Pong:> from Peer_1:basic
Peer_7:basic INFO 4011.0409775286525: Received message <Pong:> from Peer_8:basic
Peer_7:basic INFO 4500: Sending message <Ping:> to Peer_11:bootstrap
Peer_7:basic INFO 4500: Sending message <Ping:> to Peer_5:basic
Peer_7:basic INFO 4500: Sending message <Ping:> to Peer_3:basic
Peer_7:basic INFO 4501.10278163246: Received message <Ping:> from Peer_5:basic
Peer_7:basic INFO 4501.10278163246: Sending message <Pong:> to Peer_5:basic
Peer_7:basic INFO 4501.216964924958: Received message <Pong:> from Peer_5:basic
Peer_7:basic INFO 4504.835816098484: Received message <Ping:> from Peer_11:bootstrap
Peer_7:basic INFO 4504.835816098484: Sending message <Pong:> to Peer_11:bootstrap
Peer_7:basic INFO 4506.56581523734: Received message <RequestPeers:> from Peer_11:bootstrap
Peer_7:basic INFO 4506.56581523734: Sending message <PeerList> to Peer_11:bootstrap
Peer_7:basic INFO 4508.911749548456: Received message <Ping:> from Peer_3:basic
Peer_7:basic INFO 4508.911749548456: Sending message <Pong:> to Peer_3:basic
Peer_7:basic INFO 4513.271757765522: Received message <Pong:> from Peer_11:bootstrap
Peer_7:basic INFO 4515.396168206659: Received message <Pong:> from Peer_3:basic
