Peer_1:basic WARNING 0: Not enough peers, fetching more (0, 4)
Peer_1:basic INFO 0.903379662061305: Connecting to Peer_11:bootstrap
Peer_1:basic INFO 1.829757823277144: Received message <Hello:> from Peer_11:bootstrap
Peer_1:basic INFO 2.022836677921433: Received message <RequestPeers:> from Peer_11:bootstrap
Peer_1:basic INFO 2.022836677921433: Sending message <PeerList> to Peer_11:bootstrap
Peer_1:basic WARNING 500: Not enough peers, fetching more (1, 4)
Peer_1:basic INFO 500: Sending message <RequestPeers:> to Peer_11:bootstrap
Peer_1:basic INFO 502.2351736462369: Received message <PeerList> from Peer_11:bootstrap
Peer_1:basic WARNING 1000: Not enough peers, fetching more (1, 4)
Peer_1:basic INFO 1000: Sending message <RequestPeers:> to Peer_11:bootstrap
Peer_1:basic INFO 1000.9043035017235: Received message <RequestPeers:> from Peer_11:bootstrap
Peer_1:basic INFO 1000.9043035017235: Sending message <PeerList> to Peer_11:bootstrap
Peer_1:basic INFO 1002.1697138011863: Received message <PeerList> from Peer_11:bootstrap
Peer_1:basic INFO 1005.4886235137258: Connecting to Peer_6:basic
Peer_1:basic INFO 1006.9158577698507: Received message <Hello:> from Peer_7:basic
Peer_1:basic INFO 1006.9158577698507: Connecting to Peer_7:basic
Peer_1:basic INFO 1006.9158577698507: Sending message <Hello:> to Peer_7:basic
Peer_1:basic INFO 1006.9158577698507: Sending message <RequestPeers:> to Peer_7:basic
Peer_1:basic INFO 1007.5638416684362: Received message <Hello:> from Peer_6:basic
Peer_1:basic INFO 1011.478871758993: Received message <RequestPeers:> from Peer_6:basic
Peer_1:basic INFO 1011.478871758993: Sending message <PeerList> to Peer_6:basic
Peer_1:basic INFO 1012.0912404702452: Received message <Hello:> from Peer_6:basic
Peer_1:basic INFO 1018.1112470659616: Received message <PeerList> from Peer_7:basic
Peer_1:basic WARNING 1500: Not enough peers, fetching more (3, 4)
Peer_1:basic INFO 1501.37262406051: Received message <Hello:> from Peer_9:basic
Peer_1:basic INFO 1501.37262406051: Connecting to Peer_9:basic
Peer_1:basic INFO 1501.37262406051: Sending message <Hello:> to Peer_9:basic
Peer_1:basic INFO 1501.37262406051: Sending message <RequestPeers:> to Peer_9:basic
Peer_1:basic INFO 1502.944447972373: Received message <PeerList> from Peer_9:basic
Peer_1:basic INFO 1505.5419861290532: Connecting to Peer_5:basic
Peer_1:basic INFO 1505.7297242220309: Received message <RequestPeers:> from Peer_6:basic
Peer_1:basic INFO 1505.7297242220309: Sending message <PeerList> to Peer_6:basic
Peer_1:basic INFO 1511.4198975204433: Received message <Hello:> from Peer_5:basic
Peer_1:basic INFO 1511.6826246146202: Received message <RequestPeers:> from Peer_5:basic
Peer_1:basic INFO 1511.6826246146202: Sending message <PeerList> to Peer_5:basic
Peer_1:basic INFO 2000: Sending message <Ping:> to Peer_11:bootstrap
Peer_1:basic INFO 2000: Sending message <Ping:> to Peer_7:basic
Peer_1:basic INFO 2000.6194671634814: Received message <Ping:> from Peer_11:bootstrap
Peer_1:basic INFO 2000.6194671634814: Sending message <Pong:> to Peer_11:bootstrap
Peer_1:basic INFO 2000.932346798375: Received message <RequestPeers:> from Peer_11:bootstrap
Peer_1:basic INFO 2000.932346798375: Sending message <PeerList> to Peer_11:bootstrap
Peer_1:basic INFO 2001.7981042065564: Received message <Pong:> from Peer_11:bootstrap
Peer_1:basic INFO 2006.594013939582: Received message <Ping:> from Peer_7:basic
Peer_1:basic INFO 2006.594013939582: Sending message <Pong:> to Peer_7:basic
Peer_1:basic INFO 2013.212083899795: Received message <Pong:> from Peer_7:basic
Peer_1:basic INFO 2500: Sending message <Ping:> to Peer_6:basic
Peer_1:basic INFO 2500: Sending message <Ping:> to Peer_9:basic
Peer_1:basic INFO 2500: Sending message <Ping:> to Peer_5:basic
Peer_1:basic INFO 2500.8922236243957: Received message <Hello:> from Peer_10:basic
Peer_1:basic INFO 2500.8922236243957: Connecting to Peer_10:basic
Peer_1:basic INFO 2500.8922236243957: Sending message <Hello:> to Peer_10:basic
Peer_1:basic INFO 2500.8922236243957: Sending message <RequestPeers:> to Peer_10:basic
Peer_1:basic INFO 2501.1373849700144: Received message <Ping:> from Peer_9:basic
Peer_1:basic INFO 2501.1373849700144: Sending message <Pong:> to Peer_9:basic
Peer_1:basic INFO 2502.398830026618: Received message <Pong:> from Peer_9:basic
Peer_1:basic INFO 2503.2239250375314: Received message <PeerList> from Peer_10:basic
Peer_1:basic INFO 2506.8904317998363: Received message <Ping:> from Peer_6:basic
Peer_1:basic INFO 2506.8904317998363: Sending message <Pong:> to Peer_6:basic
Peer_1:basic INFO 2507.5131777531037: Received message <Ping:> from Peer_5:basic
Peer_1:basic INFO 2507.5131777531037: Sending message <Pong:> to Peer_5:basic
Peer_1:basic INFO 2511.8127818038015: Received message <Pong:> from Peer_5:basic
Peer_1:basic INFO 2514.03516130338: Received message <Pong:> from Peer_6:basic
Peer_1:basic INFO 3000: Sending message <Ping:> to Peer_11:bootstrap
Peer_1:basic INFO 3000: Sending message <Ping:> to Peer_7:basic
Peer_1:basic INFO 3001.2581970418864: Received message <Ping:> from Peer_11:bootstrap
Peer_1:basic INFO 3001.2581970418864: Sending message <Pong:> to Peer_11:bootstrap
Peer_1:basic INFO 3001.4759968195576: Received message <Pong:> from Peer_11:bootstrap
Peer_1:basic INFO 3007.459340805832: Received message <Ping:> from Peer_7:basic
Peer_1:basic INFO 3007.459340805832: Sending message <Pong:> to Peer_7:basic
Peer_1:basic INFO 3009.769191721143: Received message <Pong:> from Peer_7:basic
Peer_1:basic INFO 3500: Sending message <Ping:> to Peer_6:basic
Peer_1:basic INFO 3500: Sending message <Ping:> to Peer_9:basic
Peer_1:basic INFO 3500: Sending message <Ping:> to Peer_5:basic
Peer_1:basic INFO 3500: Sending message <Ping:> to Peer_10:basic
Peer_1:basic INFO 3500.4636924589427: Received message <Ping:> from Peer_10:basic
Peer_1:basic INFO 3500.4636924589427: Sending message <Pong:> to Peer_10:basic
Peer_1:basic INFO 3500.7511483692965: Received message <Ping:> from Peer_9:basic
Peer_1:basic INFO 3500.7511483692965: Sending message <Pong:> to Peer_9:basic
Peer_1:basic INFO 3501.4507250641523: Received message <RequestPeers:> from Peer_11:bootstrap
Peer_1:basic INFO 3501.4507250641523: Sending message <PeerList> to Peer_11:bootstrap
Peer_1:basic INFO 3502.22025569641: Received message <Pong:> from Peer_10:basic
Peer_1:basic INFO 3502.7217431257936: Received message <Pong:> from Peer_9:basic
Peer_1:basic INFO 3504.860546871926: Received message <Ping:> from Peer_6:basic
Peer_1:basic INFO 3504.860546871926: Sending message <Pong:> to Peer_6:basic
Peer_1:basic INFO 3505.239403004336: Received message <Ping:> from Peer_5:basic
Peer_1:basic INFO 3505.239403004336: Sending message <Pong:> to Peer_5:basic
Peer_1:basic INFO 3511.2303190921457: Received message <Pong:> from Peer_5:basic
Peer_1:basic INFO 3512.20791191588: Received message <Pong:> from Peer_6:basic
Peer_1:basic INFO 4000: Sending message <Ping:> to Peer_7:basic
Peer_1:basic INFO 4001.379680433901: Received message <RequestPeers:> from Peer_11:bootstrap
Peer_1:basic INFO 4001.379680433901: Sending message <PeerList> to Peer_11:bootstrap
Peer_1:basic INFO 4005.478252275867: Received message <Ping:> from Peer_7:basic
Peer_1:basic INFO 4005.478252275867: Sending message <Pong:> to Peer_7:basic
Peer_1:basic INFO 4011.904662779558: Received message <Pong:> from Peer_7:basic
Peer_1:basic INFO 4500: Sending message <Ping:> to Peer_6:basic
Peer_1:basic INFO 4500: Sending message <Ping:> to Peer_9:basic
Peer_1:basic INFO 4500: Sending message <Ping:> to Peer_5:basic
Peer_1:basic INFO 4500: Sending message <Ping:> to Peer_10:basic
Peer_1:basic INFO 4501.086143354571: Received message <Ping:> from Peer_9:basic
Peer_1:basic INFO 4501.086143354571: Sending message <Pong:> to Peer_9:basic
Peer_1:basic INFO 4501.376345159469: Received message <Ping:> from Peer_10:basic
Peer_1:basic INFO 4501.376345159469: Sending message <Pong:> to Peer_10:basic
Peer_1:basic INFO 4501.707654031197: Received message <Pong:> from Peer_9:basic
Peer_1:basic INFO 4502.436429945829: Received message <Pong:> from Peer_10:basic
Peer_1:basic INFO 4505.012931795082: Received message <Ping:> from Peer_6:basic
Peer_1:basic INFO 4505.012931795082: Sending message <Pong:> to Peer_6:basic
Peer_1:basic INFO 4506.252983931437: Received message <Ping:> from Peer_5:basic
Peer_1:basic INFO 4506.252983931437: Sending message <Pong:> to Peer_5:basic
Peer_1:basic INFO 4511.661039719558: Received message <Pong:> from Peer_5:basic
Peer_1:basic INFO 4512.367261291791: Received message <Pong:> from Peer_6:basic
