Peer_4:basic WARNING 0: Not enough peers, fetching more (0, 4)
Peer_4:basic INFO 5.127507183236568: Connecting to Peer_11:bootstrap
Peer_4:basic INFO 11.466711313747616: Received message <RequestPeers:> from Peer_11:bootstrap
Peer_4:basic INFO 11.466711313747616: Sending message <PeerList> to Peer_11:bootstrap
Peer_4:basic INFO 12.582679852633822: Received message <Hello:> from Peer_11:bootstrap
Peer_4:basic WARNING 500: Not enough peers, fetching more (1, 4)
Peer_4:basic INFO 500: Sending message <RequestPeers:> to Peer_11:bootstrap
Peer_4:basic INFO 506.62444936587013: Received message <RequestPeers:> from Peer_11:bootstrap
Peer_4:basic INFO 506.62444936587013: Sending message <PeerList> to Peer_11:bootstrap
Peer_4:basic INFO 511.79469557836205: Received message <PeerList> from Peer_11:bootstrap
Peer_4:basic WARNING 1000: Not enough peers, fetching more (1, 4)
Peer_4:basic INFO 1000: Sending message <RequestPeers:> to Peer_11:bootstrap
Peer_4:basic INFO 1000.8457631614205: Received message <Hello:> from Peer_5:basic
Peer_4:basic INFO 1000.8457631614205: Connecting to Peer_5:basic
Peer_4:basic INFO 1000.8457631614205: Sending message <Hello:> to Peer_5:basic
Peer_4:basic INFO 1000.8457631614205: Sending message <RequestPeers:> to Peer_5:basic
Peer_4:basic INFO 1003.5970938220337: Connecting to Peer_7:basic
Peer_4:basic INFO 1004.2007913073725: Received message <Hello:> from Peer_7:basic
Peer_4:basic INFO 1004.6014259136246: Received message <PeerList> from Peer_5:basic
Peer_4:basic INFO 1005.0617899129805: Received message <Hello:> from Peer_8:basic
Peer_4:basic INFO 1005.0617899129805: Connecting to Peer_8:basic
Peer_4:basic INFO 1005.0617899129805: Sending message <Hello:> to Peer_8:basic
Peer_4:basic INFO 1005.0617899129805: Sending message <RequestPeers:> to Peer_8:basic
Peer_4:basic INFO 1005.2249804305054: Received message <RequestPeers:> from Peer_7:basic
Peer_4:basic INFO 1005.2249804305054: Sending message <PeerList> to Peer_7:basic
Peer_4:basic INFO 1005.5012952074305: Received message <Hello:> from Peer_3:basic
Peer_4:basic INFO 1005.5012952074305: Connecting to Peer_3:basic
Peer_4:basic INFO 1005.5012952074305: Sending message <Hello:> to Peer_3:basic
Peer_4:basic INFO 1005.5012952074305: Sending message <RequestPeers:> to Peer_3:basic
Peer_4:basic INFO 1006.4567113472518: Received message <RequestPeers:> from Peer_11:bootstrap
Peer_4:basic INFO 1006.4567113472518: Sending message <PeerList> to Peer_11:bootstrap
Peer_4:basic INFO 1013.2313485724588: Received message <PeerList> from Peer_11:bootstrap
Peer_4:basic INFO 1016.4528231121997: Received message <PeerList> from Peer_3:basic
Peer_4:basic INFO 1019.2524690754541: Received message <PeerList> from Peer_8:basic
Peer_4:basic INFO 1500.634393119086: Received message <Hello:> from Peer_2:basic
Peer_4:basic INFO 1500.634393119086: Connecting to Peer_2:basic
Peer_4:basic INFO 1500.634393119086: Sending message <Hello:> to Peer_2:basic
Peer_4:basic INFO 1500.634393119086: Sending message <RequestPeers:> to Peer_2:basic
Peer_4:basic INFO 1501.3873870384841: Received message <RequestPeers:> from Peer_5:basic
Peer_4:basic INFO 1501.3873870384841: Sending message <PeerList> to Peer_5:basic
Peer_4:basic INFO 1503.5451740035974: Received message <PeerList> from Peer_2:basic
Peer_4:basic INFO 1505.9779755654044: Received message <RequestPeers:> from Peer_3:basic
Peer_4:basic INFO 1505.9779755654044: Sending message <PeerList> to Peer_3:basic
Peer_4:basic INFO 1507.4970078443127: Received message <RequestPeers:> from Peer_8:basic
Peer_4:basic INFO 1507.4970078443127: Sending message <PeerList> to Peer_8:basic
Peer_4:basic INFO 2000: Sending message <Ping:> to Peer_11:bootstrap
Peer_4:basic INFO 2000: Sending message <Ping:> to Peer_7:basic
Peer_4:basic INFO 2000.9751455805172: Received message <Ping:> from Peer_7:basic
Peer_4:basic INFO 2000.9751455805172: Sending message <Pong:> to Peer_7:basic
Peer_4:basic INFO 2001.592745171686: Received message <Pong:> from Peer_7:basic
Peer_4:basic INFO 2007.011558634137: Received message <Ping:> from Peer_11:bootstrap
Peer_4:basic INFO 2007.011558634137: Sending message <Pong:> to Peer_11:bootstrap
Peer_4:basic INFO 2007.4664378281323: Received message <RequestPeers:> from Peer_8:basic
Peer_4:basic INFO 2007.4664378281323: Sending message <PeerList> to Peer_8:basic
Peer_4:basic INFO 2009.8295459809701: Received message <Pong:> from Peer_11:bootstrap
Peer_4:basic INFO 2500: Sending message <Ping:> to Peer_5:basic
Peer_4:basic INFO 2500: Sending message <Ping:> to Peer_3:basic
Peer_4:basic INFO 2500: Sending message <Ping:> to Peer_2:basic
Peer_4:basic INFO 2500.617808165617: Received message <Ping:> from Peer_2:basic
Peer_4:basic INFO 2500.617808165617: Sending message <Pong:> to Peer_2:basic
Peer_4:basic INFO 2501.2479691150124: Received message <Pong:> from Peer_2:basic
Peer_4:basic INFO 2501.426202897699: Received message <Ping:> from Peer_5:basic
Peer_4:basic INFO 2501.426202897699: Sending message <Pong:> to Peer_5:basic
Peer_4:basic INFO 2501.499856654675: Received message <Pong:> from Peer_5:basic
Peer_4:basic INFO 2505.175470289491: Received message <RequestPeers:> from Peer_11:bootstrap
Peer_4:basic INFO 2505.175470289491: Sending message <PeerList> to Peer_11:bootstrap
Peer_4:basic INFO 2506.451571033465: Received message <Ping:> from Peer_3:basic
Peer_4:basic INFO 2506.451571033465: Sending message <Pong:> to Peer_3:basic
Peer_4:basic INFO 2510.1885440970113: Received message <Pong:> from Peer_3:basic
Peer_4:basic INFO 3000: Sending message <Ping:> to Peer_7:basic
Peer_4:basic INFO 3000: Sending message <Ping:> to Peer_8:basic
Peer_4:basic INFO 3000.504589376261: Received message <Ping:> from Peer_7:basic
Peer_4:basic INFO 3000.504589376261: Sending message <Pong:> to Peer_7:basic
Peer_4:basic INFO 3003.125336767702: Received message <Pong:> from Peer_7:basic
Peer_4:basic INFO 3005.8401809417355: Received message <Ping:> from Peer_8:basic
Peer_4:basic INFO 3005.8401809417355: Sending message <Pong:> to Peer_8:basic
Peer_4:basic INFO 3011.938785035126: Received message <Pong:> from Peer_8:basic
Peer_4:basic INFO 3500: Sending message <Ping:> to Peer_11:bootstrap
Peer_4:basic INFO 3500: Sending message <Ping:> to Peer_5:basic
Peer_4:basic INFO 3500: Sending message <Ping:> to Peer_3:basic
Peer_4:basic INFO 3500: Sending message <Ping:> to Peer_2:basic
Peer_4:basic INFO 3501.0593937504264: Received message <Ping:> from Peer_5:basic
Peer_4:basic INFO 3501.0593937504264: Sending message <Pong:> to Peer_5:basic
Peer_4:basic INFO 3501.2383354880885: Received message <Ping:> from Peer_2:basic
Peer_4:basic INFO 3501.2383354880885: Sending message <Pong:> to Peer_2:basic
Peer_4:basic INFO 3501.609418747071: Received message <Pong:> from Peer_5:basic
Peer_4:basic INFO 3502.045173898311: Received message <Pong:> from Peer_2:basic
Peer_4:basic INFO 3506.577304779137: Received message <Ping:> from Peer_3:basic
Peer_4:basic INFO 3506.577304779137: Sending message <Pong:> to Peer_3:basic
Peer_4:basic INFO 3506.931969549452: Received message <RequestPeers:> from Peer_11:bootstrap
Peer_4:basic INFO 3506.931969549452: Sending message <PeerList> to Peer_11:bootstrap
Peer_4:basic INFO 3507.240787268572: Received message <Ping:> from Peer_11:bootstrap
Peer_4:basic INFO 3507.240787268572: Sending message <Pong:> to Peer_11:bootstrap
Peer_4:basic INFO 3511.596734006237: Received message <Pong:> from Peer_11:bootstrap
Peer_4:basic INFO 3511.6007825424863: Received message <Pong:> from Peer_3:basic
Peer_4:basic INFO 4000: Sending message <Ping:> to Peer_7:basic
Peer_4:basic INFO 4000: Sending message <Ping:> to Peer_8:basic
Peer_4:basic INFO 4001.5490416055936: Received message <Pong:> from Peer_7:basic
Peer_4:basic INFO 4001.638078441435: Received message <Ping:> from Peer_7:basic
Peer_4:basic INFO 4001.638078441435: Sending message <Pong:> to Peer_7:basic
Peer_4:basic INFO 4006.3023501552602: Received message <Ping:> from Peer_8:basic
Peer_4:basic INFO 4006.3023501552602: Sending message <Pong:> to Peer_8:basic
Peer_4:basic INFO 4013.80187267226: Received message <Pong:> from Peer_8:basic
Peer_4:basic INFO 4500: Sending message <Ping:> to Peer_11:bootstrap
Peer_4:basic INFO 4500: Sending message <Ping:> to Peer_5:basic
Peer_4:basic INFO 4500: Sending message <Ping:> to Peer_3:basic
Peer_4:basic INFO 4500: Sending message <Ping:> to Peer_2:basic
Peer_4:basic INFO 4500.645502065556: Received message <Ping:> from Peer_2:basic
Peer_4:basic INFO 4500.645502065556: Sending message <Pong:> to Peer_2:basic
Peer_4:basic INFO 4500.894381736935: Received message <Ping:> from Peer_5:basic
Peer_4:basic INFO 4500.894381736935: Sending message <Pong:> to Peer_5:basic
Peer_4:basic INFO 4502.006980440115: Received message <Pong:> from Peer_5:basic
Peer_4:basic INFO 4502.983595784277: Received message <Pong:> from Peer_2:basic
Peer_4:basic INFO 4506.6625292368135: Received message <Ping:> from Peer_3:basic
Peer_4:basic INFO 4506.6625292368135: Sending message <Pong:> to Peer_3:basic
Peer_4:basic INFO 4507.480764211379: Received message <Ping:> from Peer_11:bootstrap
Peer_4:basic INFO 4507.480764211379: Sending message <Pong:> to Peer_11:bootstrap
Peer_4:basic INFO 4513.240667901039: Received message <Pong:> from Peer_11:bootstrap
Peer_4:basic INFO 4513.7658904925665: Received message <Pong:> from Peer_3:basic
