Peer_5:basic WARNING 0: Not enough peers, fetching more (0, 4)
Peer_5:basic INFO 6.116002813756616: Connecting to Peer_11:bootstrap
Peer_5:basic INFO 11.897992729077819: Received message <Hello:> from Peer_11:bootstrap
Peer_5:basic INFO 13.90889332145983: Received message <RequestPeers:> from Peer_11:bootstrap
Peer_5:basic INFO 13.90889332145983: Sending message <PeerList> to Peer_11:bootstrap
Peer_5:basic WARNING 500: Not enough peers, fetching more (1, 4)
Peer_5:basic INFO 500: Sending message <RequestPeers:> to Peer_11:bootstrap
Peer_5:basic INFO 506.5682658648937: Received message <RequestPeers:> from Peer_11:bootstrap
Peer_5:basic INFO 506.5682658648937: Sending message <PeerList> to Peer_11:bootstrap
Peer_5:basic INFO 513.2350098200753: Received message <PeerList> from Peer_11:bootstrap
Peer_5:basic WARNING 1000: Not enough peers, fetching more (1, 4)
Peer_5:basic INFO 1000: Sending message <RequestPeers:> to Peer_11:bootstrap
Peer_5:basic INFO 1005.8956477486869: Received message <Hello:> from Peer_9:basic
Peer_5:basic INFO 1005.8956477486869: Connecting to Peer_9:basic
Peer_5:basic INFO 1005.8956477486869: Sending message <Hello:> to Peer_9:basic
Peer_5:basic INFO 1005.8956477486869: Sending message <RequestPeers:> to Peer_9:basic
Peer_5:basic INFO 1012.2575623066426: Received message <PeerList> from Peer_11:bootstrap
Peer_5:basic INFO 1017.9523291963002: Received message <PeerList> from Peer_9:basic
Peer_5:basic WARNING 1500: Not enough peers, fetching more (2, 4)
Peer_5:basic INFO 1500: Sending message <RequestPeers:> to Peer_9:basic
Peer_5:basic INFO 1500: Sending message <RequestPeers:> to Peer_11:bootstrap
Peer_5:basic INFO 1500.608901964027: Received message <Hello:> from Peer_6:basic
Peer_5:basic INFO 1500.608901964027: Connecting to Peer_6:basic
Peer_5:basic INFO 1500.608901964027: Sending message <Hello:> to Peer_6:basic
Peer_5:basic INFO 1500.608901964027: Sending message <RequestPeers:> to Peer_6:basic
Peer_5:basic INFO 1500.8810617839565: Connecting to Peer_8:basic
Peer_5:basic INFO 1501.4778699387123: Received message <Hello:> from Peer_8:basic
Peer_5:basic INFO 1501.6128927566342: Received message <RequestPeers:> from Peer_8:basic
Peer_5:basic INFO 1501.6128927566342: Sending message <PeerList> to Peer_8:basic
Peer_5:basic INFO 1503.1345148911416: Received message <PeerList> from Peer_6:basic
Peer_5:basic INFO 1506.6183828419983: Received message <RequestPeers:> from Peer_9:basic
Peer_5:basic INFO 1506.6183828419983: Sending message <PeerList> to Peer_9:basic
Peer_5:basic INFO 1511.5580706741198: Received message <PeerList> from Peer_9:basic
Peer_5:basic INFO 1513.927779072478: Received message <PeerList> from Peer_11:bootstrap
Peer_5:basic INFO 2000.5310842342453: Received message <Hello:> from Peer_7:basic
Peer_5:basic INFO 2000.5310842342453: Connecting to Peer_7:basic
Peer_5:basic INFO 2000.5310842342453: Sending message <Hello:> to Peer_7:basic
Peer_5:basic INFO 2000.5310842342453: Sending message <RequestPeers:> to Peer_7:basic
Peer_5:basic INFO 2002.9251844058433: Received message <PeerList> from Peer_7:basic
Peer_5:basic INFO 2005.1168006759863: Received message <RequestPeers:> from Peer_11:bootstrap
Peer_5:basic INFO 2005.1168006759863: Sending message <PeerList> to Peer_11:bootstrap
Peer_5:basic INFO 2500: Sending message <Ping:> to Peer_9:basic
Peer_5:basic INFO 2500: Sending message <Ping:> to Peer_6:basic
Peer_5:basic INFO 2500: Sending message <Ping:> to Peer_8:basic
Peer_5:basic INFO 2500.54377402466: Received message <Ping:> from Peer_8:basic
Peer_5:basic INFO 2500.54377402466: Sending message <Pong:> to Peer_8:basic
Peer_5:basic INFO 2500.8926820054457: Received message <Ping:> from Peer_6:basic
Peer_5:basic INFO 2500.8926820054457: Sending message <Pong:> to Peer_6:basic
Peer_5:basic INFO 2501.7113109338547: Received message <Pong:> from Peer_6:basic
Peer_5:basic INFO 2502.128948640357: Received message <Pong:> from Peer_8:basic
Peer_5:basic INFO 2506.320730529892: Received message <Ping:> from Peer_9:basic
Peer_5:basic INFO 2506.320730529892: Sending message <Pong:> to Peer_9:basic
Peer_5:basic INFO 2507.209098850295: Received message <RequestPeers:> from Peer_11:bootstrap
Peer_5:basic INFO 2507.209098850295: Sending message <PeerList> to Peer_11:bootstrap
Peer_5:basic INFO 2512.8033528401998: Received message <Pong:> from Peer_9:basic
Peer_5:basic INFO 3000: Sending message <Ping:> to Peer_7:basic
Peer_5:basic INFO 3000.8901662856865: Received message <Ping:> from Peer_7:basic
Peer_5:basic INFO 3000.8901662856865: Sending message <Pong:> to Peer_7:basic
Peer_5:basic INFO 3001.1442216160835: Received message <Pong:> from Peer_7:basic
Peer_5:basic INFO 3500: Sending message <Ping:> to Peer_11:bootstrap
Peer_5:basic INFO 3500: Sending message <Ping:> to Peer_9:basic
Peer_5:basic INFO 3500: Sending message <Ping:> to Peer_6:basic
Peer_5:basic INFO 3500: Sending message <Ping:> to Peer_8:basic
Peer_5:basic INFO 3500.585908385999: Received message <Ping:> from Peer_8:basic
Peer_5:basic INFO 3500.585908385999: Sending message <Pong:> to Peer_8:basic
Peer_5:basic INFO 3501.2075676685067: Received message <Ping:> from Peer_6:basic
Peer_5:basic INFO 3501.2075676685067: Sending message <Pong:> to Peer_6:basic
Peer_5:basic INFO 3501.974953440894: Received message <Pong:> from Peer_6:basic
Peer_5:basic INFO 3503.0585654596525: Received message <Pong:> from Peer_8:basic
Peer_5:basic INFO 3505.468073761211: Received message <Ping:> from Peer_11:bootstrap
Peer_5:basic INFO 3505.468073761211: Sending message <Pong:> to Peer_11:bootstrap
Peer_5:basic INFO 3506.124775961007: Received message <RequestPeers:> from Peer_11:bootstrap
Peer_5:basic INFO 3506.124775961007: Sending message <PeerList> to Peer_11:bootstrap
Peer_5:basic INFO 3507.2349728803524: Received message <Ping:> from Peer_9:basic
Peer_5:basic INFO 3507.2349728803524: Sending message <Pong:> to Peer_9:basic
Peer_5:basic INFO 3513.8730050297327: Received message <Pong:> from Peer_11:bootstrap
Peer_5:basic INFO 3514.0366817161903: Received message <Pong:> from Peer_9:basic
Peer_5:basic INFO 4000: Sending message <Ping:> to Peer_7:basic
Peer_5:basic INFO 4001.3522529380934: Received message <Ping:> from Peer_7:basic
Peer_5:basic INFO 4001.3522529380934: Sending message <Pong:> to Peer_7:basic
Peer_5:basic INFO 4001.7717477408805: Received message <Pong:> from Peer_7:basic
Peer_5:basic INFO 4005.761149348813: Received message <RequestPeers:> from Peer_11:bootstrap
Peer_5:basic INFO 4005.761149348813: Sending message <PeerList> to Peer_11:bootstrap
Peer_5:basic INFO 4500: Sending message <Ping:> to Peer_9:basic
Peer_5:basic INFO 4500: Sending message <Ping:> to Peer_6:basic
Peer_5:basic INFO 4500: Sending message <Ping:> to Peer_8:basic
Peer_5:basic INFO 4501.214119252521: Received message <Ping:> from Peer_8:basic
Peer_5:basic INFO 4501.214119252521: Sending message <Pong:> to Peer_8:basic
Peer_5:basic INFO 4501.629053090677: Received message <Ping:> from Peer_6:basic
Peer_5:basic INFO 4501.629053090677: Sending message <Pong:> to Peer_6:basic
Peer_5:basic INFO 4501.852792153383: Received message <Pong:> from Peer_8:basic
Peer_5:basic INFO 4502.201374924888: Received message <Pong:> from Peer_6:basic
Peer_5:basic INFO 4506.088423002171: Received message <RequestPeers:> from Peer_11:bootstrap
Peer_5:basic INFO 4506.088423002171: Sending message <PeerList> to Peer_11:bootstrap
Peer_5:basic INFO 4506.347227927182: Received message <Ping:> from Peer_9:basic
Peer_5:basic INFO 4506.347227927182: Sending message <Pong:> to Peer_9:basic
Peer_5:basic INFO 4511.743588312382: Received message <Pong:> from Peer_9:basic
