Peer_11:bootstrap WARNING 0: Not enough peers, fetching more (0, 15)
Peer_11:bootstrap INFO 0.7434743845716636: Received message <Hello:> from Peer_3:basic
Peer_11:bootstrap INFO 0.7434743845716636: Connecting to Peer_3:basic
Peer_11:bootstrap INFO 0.7434743845716636: Sending message <Hello:> to Peer_3:basic
Peer_11:bootstrap INFO 0.7434743845716636: Sending message <RequestPeers:> to Peer_3:basic
Peer_11:bootstrap INFO 1.1597852159918873: Received message <Hello:> from Peer_9:basic
Peer_11:bootstrap INFO 1.1597852159918873: Connecting to Peer_9:basic
Peer_11:bootstrap INFO 1.1597852159918873: Sending message <Hello:> to Peer_9:basic
Peer_11:bootstrap INFO 1.1597852159918873: Sending message <RequestPeers:> to Peer_9:basic
Peer_11:bootstrap INFO 1.2895330442217476: Received message <Hello:> from Peer_2:basic
Peer_11:bootstrap INFO 1.2895330442217476: Connecting to Peer_2:basic
Peer_11:bootstrap INFO 1.2895330442217476: Sending message <Hello:> to Peer_2:basic
Peer_11:bootstrap INFO 1.2895330442217476: Sending message <RequestPeers:> to Peer_2:basic
Peer_11:bootstrap INFO 1.633607658222223: Received message <Hello:> from Peer_4:basic
Peer_11:bootstrap INFO 1.633607658222223: Connecting to Peer_4:basic
Peer_11:bootstrap INFO 1.633607658222223: Sending message <Hello:> to Peer_4:basic
Peer_11:bootstrap INFO 1.633607658222223: Sending message <RequestPeers:> to Peer_4:basic
Peer_11:bootstrap INFO 2.7306622703916235: Received message <PeerList> from Peer_9:basic
Peer_11:bootstrap INFO 2.9170561883288624: Received message <PeerList> from Peer_2:basic
Peer_11:bootstrap INFO 3.076551543185636: Received message <PeerList> from Peer_3:basic
Peer_11:bootstrap INFO 3.8700711284645704: Received message <PeerList> from Peer_4:basic
Peer_11:bootstrap INFO 4.994251634501295: Received message <Hello:> from Peer_7:basic
Peer_11:bootstrap INFO 4.994251634501295: Connecting to Peer_7:basic
Peer_11:bootstrap INFO 4.994251634501295: Sending message <Hello:> to Peer_7:basic
Peer_11:bootstrap INFO 4.994251634501295: Sending message <RequestPeers:> to Peer_7:basic
Peer_11:bootstrap INFO 5.120238509720506: Received message <Hello:> from Peer_10:basic
Peer_11:bootstrap INFO 5.120238509720506: Connecting to Peer_10:basic
Peer_11:bootstrap INFO 5.120238509720506: Sending message <Hello:> to Peer_10:basic
Peer_11:bootstrap INFO 5.120238509720506: Sending message <RequestPeers:> to Peer_10:basic
Peer_11:bootstrap INFO 5.59241247368183: Received message <Hello:> from Peer_1:basic
Peer_11:bootstrap INFO 5.59241247368183: Connecting to Peer_1:basic
Peer_11:bootstrap INFO 5.59241247368183: Sending message <Hello:> to Peer_1:basic
Peer_11:bootstrap INFO 5.59241247368183: Sending message <RequestPeers:> to Peer_1:basic
Peer_11:bootstrap INFO 6.116002813756616: Received message <Hello:> from Peer_5:basic
Peer_11:bootstrap INFO 6.116002813756616: Connecting to Peer_5:basic
Peer_11:bootstrap INFO 6.116002813756616: Sending message <Hello:> to Peer_5:basic
Peer_11:bootstrap INFO 6.116002813756616: Sending message <RequestPeers:> to Peer_5:basic
Peer_11:bootstrap INFO 6.534880459794308: Received message <Hello:> from Peer_6:basic
Peer_11:bootstrap INFO 6.534880459794308: Connecting to Peer_6:basic
Peer_11:bootstrap INFO 6.534880459794308: Sending message <Hello:> to Peer_6:basic
Peer_11:bootstrap INFO 6.534880459794308: Sending message <RequestPeers:> to Peer_6:basic
Peer_11:bootstrap INFO 7.750986217493558: Received message <Hello:> from Peer_8:basic
Peer_11:bootstrap INFO 7.750986217493558: Connecting to Peer_8:basic
Peer_11:bootstrap INFO 7.750986217493558: Sending message <Hello:> to Peer_8:basic
Peer_11:bootstrap INFO 7.750986217493558: Sending message <RequestPeers:> to Peer_8:basic
Peer_11:bootstrap INFO 17.349273252599332: Received message <PeerList> from Peer_7:basic
Peer_11:bootstrap INFO 18.002432928952516: Received message <PeerList> from Peer_8:basic
Peer_11:bootstrap INFO 18.219318133517234: Received message <PeerList> from Peer_6:basic
Peer_11:bootstrap INFO 18.4996986669278: Received message <PeerList> from Peer_1:basic
Peer_11:bootstrap INFO 19.272583968001225: Received message <PeerList> from Peer_10:basic
Peer_11:bootstrap INFO 20.47079699741126: Received message <PeerList> from Peer_5:basic
Peer_11:bootstrap WARNING 500: Not enough peers, fetching more (10, 15)
Peer_11:bootstrap INFO 500: Sending message <RequestPeers:> to Peer_4:basic
Peer_11:bootstrap INFO 500: Sending message <RequestPeers:> to Peer_2:basic
Peer_11:bootstrap INFO 500: Sending message <RequestPeers:> to Peer_5:basic
Peer_11:bootstrap INFO 500: Sending message <RequestPeers:> to Peer_1:basic
Peer_11:bootstrap INFO 500: Sending message <RequestPeers:> to Peer_9:basic
Peer_11:bootstrap INFO 500.5596127135837: Received message <RequestPeers:> from Peer_2:basic
Peer_11:bootstrap INFO 500.5596127135837: Sending message <PeerList> to Peer_2:basic
Peer_11:bootstrap INFO 500.99298481343766: Received message <RequestPeers:> from Peer_9:basic
Peer_11:bootstrap INFO 500.99298481343766: Sending message <PeerList> to Peer_9:basic
Peer_11:bootstrap INFO 501.05609707644174: Received message <RequestPeers:> from Peer_3:basic
Peer_11:bootstrap INFO 501.05609707644174: Sending message <PeerList> to Peer_3:basic
Peer_11:bootstrap INFO 501.460857118652: Received message <RequestPeers:> from Peer_4:basic
Peer_11:bootstrap INFO 501.460857118652: Sending message <PeerList> to Peer_4:basic
Peer_11:bootstrap INFO 501.58426350244804: Received message <PeerList> from Peer_4:basic
Peer_11:bootstrap INFO 502.2037907857043: Received message <PeerList> from Peer_2:basic
Peer_11:bootstrap INFO 502.27905006051117: Received message <PeerList> from Peer_9:basic
Peer_11:bootstrap INFO 504.5410974981921: Received message <RequestPeers:> from Peer_10:basic
Peer_11:bootstrap INFO 504.5410974981921: Sending message <PeerList> to Peer_10:basic
Peer_11:bootstrap INFO 506.08152980847063: Received message <RequestPeers:> from Peer_1:basic
Peer_11:bootstrap INFO 506.08152980847063: Sending message <PeerList> to Peer_1:basic
Peer_11:bootstrap INFO 506.502961147924: Received message <RequestPeers:> from Peer_7:basic
Peer_11:bootstrap INFO 506.502961147924: Sending message <PeerList> to Peer_7:basic
Peer_11:bootstrap INFO 506.76582831400833: Received message <RequestPeers:> from Peer_8:basic
Peer_11:bootstrap INFO 506.76582831400833: Sending message <PeerList> to Peer_8:basic
Peer_11:bootstrap INFO 506.7745430763885: Received message <RequestPeers:> from Peer_5:basic
Peer_11:bootstrap INFO 506.7745430763885: Sending message <PeerList> to Peer_5:basic
Peer_11:bootstrap INFO 506.8141755138028: Received message <RequestPeers:> from Peer_6:basic
Peer_11:bootstrap INFO 506.8141755138028: Sending message <PeerList> to Peer_6:basic
Peer_11:bootstrap INFO 510.60623667307965: Received message <PeerList> from Peer_1:basic
Peer_11:bootstrap INFO 513.0221536526685: Received message <PeerList> from Peer_5:basic
Peer_11:bootstrap WARNING 1000: Not enough peers, fetching more (10, 15)
Peer_11:bootstrap INFO 1000: Sending message <RequestPeers:> to Peer_2:basic
Peer_11:bootstrap INFO 1000: Sending message <RequestPeers:> to Peer_10:basic
Peer_11:bootstrap INFO 1000: Sending message <RequestPeers:> to Peer_3:basic
Peer_11:bootstrap INFO 1000: Sending message <RequestPeers:> to Peer_4:basic
Peer_11:bootstrap INFO 1000: Sending message <RequestPeers:> to Peer_9:basic
Peer_11:bootstrap INFO 1000.6486534249431: Received message <RequestPeers:> from Peer_3:basic
Peer_11:bootstrap INFO 1000.6486534249431: Sending message <PeerList> to Peer_3:basic
Peer_11:bootstrap INFO 1000.9056435066917: Received message <RequestPeers:> from Peer_9:basic
Peer_11:bootstrap INFO 1000.9056435066917: Sending message <PeerList> to Peer_9:basic
Peer_11:bootstrap INFO 1000.966042245745: Received message <RequestPeers:> from Peer_4:basic
Peer_11:bootstrap INFO 1000.966042245745: Sending message <PeerList> to Peer_4:basic
Peer_11:bootstrap INFO 1001.0149779405684: Received message <RequestPeers:> from Peer_2:basic
Peer_11:bootstrap INFO 1001.0149779405684: Sending message <PeerList> to Peer_2:basic
Peer_11:bootstrap INFO 1001.3778246069913: Received message <PeerList> from Peer_2:basic
Peer_11:bootstrap INFO 1001.5772500595218: Received message <PeerList> from Peer_9:basic
Peer_11:bootstrap INFO 1001.9514965697273: Received message <PeerList> from Peer_3:basic
Peer_11:bootstrap INFO 1002.3617500774631: Received message <PeerList> from Peer_4:basic
Peer_11:bootstrap INFO 1004.8929880900289: Received message <RequestPeers:> from Peer_1:basic
Peer_11:bootstrap INFO 1004.8929880900289: Sending message <PeerList> to Peer_1:basic
Peer_11:bootstrap INFO 1005.3864752215154: Received message <RequestPeers:> from Peer_8:basic
Peer_11:bootstrap INFO 1005.3864752215154: Sending message <PeerList> to Peer_8:basic
Peer_11:bootstrap INFO 1005.9851704771796: Received message <RequestPeers:> from Peer_7:basic
Peer_11:bootstrap INFO 1005.9851704771796: Sending message <PeerList> to Peer_7:basic
Peer_11:bootstrap INFO 1006.1125184722719: Received message <RequestPeers:> from Peer_5:basic
Peer_11:bootstrap INFO 1006.1125184722719: Sending message <PeerList> to Peer_5:basic
Peer_11:bootstrap INFO 1006.3404069093075: Received message <RequestPeers:> from Peer_10:basic
Peer_11:bootstrap INFO 1006.3404069093075: Sending message <PeerList> to Peer_10:basic
Peer_11:bootstrap INFO 1007.2882534278006: Received message <RequestPeers:> from Peer_6:basic
Peer_11:bootstrap INFO 1007.2882534278006: Sending message <PeerList> to Peer_6:basic
Peer_11:bootstrap INFO 1012.0965354393384: Received message <PeerList> from Peer_10:basic
Peer_11:bootstrap WARNING 1500: Not enough peers, fetching more (10, 15)
Peer_11:bootstrap INFO 1500: Sending message <RequestPeers:> to Peer_8:basic
Peer_11:bootstrap INFO 1500: Sending message <RequestPeers:> to Peer_1:basic
Peer_11:bootstrap INFO 1500: Sending message <RequestPeers:> to Peer_9:basic
Peer_11:bootstrap INFO 1500: Sending message <RequestPeers:> to Peer_6:basic
Peer_11:bootstrap INFO 1500: Sending message <RequestPeers:> to Peer_7:basic
Peer_11:bootstrap INFO 1501.0557622475033: Received message <RequestPeers:> from Peer_9:basic
Peer_11:bootstrap INFO 1501.0557622475033: Sending message <PeerList> to Peer_9:basic
Peer_11:bootstrap INFO 1501.44096653471: Received message <RequestPeers:> from Peer_4:basic
Peer_11:bootstrap INFO 1501.44096653471: Sending message <PeerList> to Peer_4:basic
Peer_11:bootstrap INFO 1501.9643362150546: Received message <PeerList> from Peer_9:basic
Peer_11:bootstrap INFO 1504.118109148252: Received message <RequestPeers:> from Peer_6:basic
Peer_11:bootstrap INFO 1504.118109148252: Sending message <PeerList> to Peer_6:basic
Peer_11:bootstrap INFO 1505.6552639315382: Received message <RequestPeers:> from Peer_1:basic
Peer_11:bootstrap INFO 1505.6552639315382: Sending message <PeerList> to Peer_1:basic
Peer_11:bootstrap INFO 1506.7774041973396: Received message <RequestPeers:> from Peer_5:basic
Peer_11:bootstrap INFO 1506.7774041973396: Sending message <PeerList> to Peer_5:basic
Peer_11:bootstrap INFO 1506.8606519006653: Received message <RequestPeers:> from Peer_7:basic
Peer_11:bootstrap INFO 1506.8606519006653: Sending message <PeerList> to Peer_7:basic
Peer_11:bootstrap INFO 1507.3231175085161: Received message <RequestPeers:> from Peer_8:basic
Peer_11:bootstrap INFO 1507.3231175085161: Sending message <PeerList> to Peer_8:basic
Peer_11:bootstrap INFO 1510.7192627474792: Received message <PeerList> from Peer_1:basic
Peer_11:bootstrap INFO 1511.6446247706092: Received message <PeerList> from Peer_6:basic
Peer_11:bootstrap INFO 1511.922498103811: Received message <PeerList> from Peer_8:basic
Peer_11:bootstrap INFO 1512.058870946051: Received message <PeerList> from Peer_7:basic
Peer_11:bootstrap WARNING 2000: Not enough peers, fetching more (10, 15)
Peer_11:bootstrap INFO 2000: Sending message <RequestPeers:> to Peer_9:basic
Peer_11:bootstrap INFO 2000: Sending message <RequestPeers:> to Peer_8:basic
Peer_11:bootstrap INFO 2000: Sending message <RequestPeers:> to Peer_5:basic
Peer_11:bootstrap INFO 2000: Sending message <RequestPeers:> to Peer_2:basic
Peer_11:bootstrap INFO 2000: Sending message <RequestPeers:> to Peer_7:basic
Peer_11:bootstrap INFO 2000: Sending message <Ping:> to Peer_3:basic
Peer_11:bootstrap INFO 2000: Sending message <Ping:> to Peer_2:basic
Peer_11:bootstrap INFO 2000: Sending message <Ping:> to Peer_10:basic
Peer_11:bootstrap INFO 2000.9109616474798: Received message <Ping:> from Peer_2:basic
Peer_11:bootstrap INFO 2000.9109616474798: Sending message <Pong:> to Peer_2:basic
Peer_11:bootstrap INFO 2001.2211991223892: Received message <Ping:> from Peer_3:basic
Peer_11:bootstrap INFO 2001.2211991223892: Sending message <Pong:> to Peer_3:basic
Peer_11:bootstrap INFO 2001.5347932598572: Received message <PeerList> from Peer_9:basic
Peer_11:bootstrap INFO 2002.1727014189676: Received message <Pong:> from Peer_2:basic
Peer_11:bootstrap INFO 2002.3809729698662: Received message <Pong:> from Peer_3:basic
Peer_11:bootstrap INFO 2002.6675580535396: Received message <PeerList> from Peer_2:basic
Peer_11:bootstrap INFO 2007.115415795205: Received message <Ping:> from Peer_10:basic
Peer_11:bootstrap INFO 2007.115415795205: Sending message <Pong:> to Peer_10:basic
Peer_11:bootstrap INFO 2010.5471620677783: Received message <Pong:> from Peer_10:basic
Peer_11:bootstrap INFO 2010.7724649901215: Received message <PeerList> from Peer_7:basic
Peer_11:bootstrap INFO 2010.9256242996155: Received message <PeerList> from Peer_5:basic
Peer_11:bootstrap INFO 2011.9342665664346: Received message <PeerList> from Peer_8:basic
Peer_11:bootstrap WARNING 2500: Not enough peers, fetching more (10, 15)
Peer_11:bootstrap INFO 2500: Sending message <RequestPeers:> to Peer_10:basic
Peer_11:bootstrap INFO 2500: Sending message <RequestPeers:> to Peer_2:basic
Peer_11:bootstrap INFO 2500: Sending message <RequestPeers:> to Peer_6:basic
Peer_11:bootstrap INFO 2500: Sending message <RequestPeers:> to Peer_8:basic
Peer_11:bootstrap INFO 2500: Sending message <RequestPeers:> to Peer_5:basic
Peer_11:bootstrap INFO 2500: Sending message <Ping:> to Peer_4:basic
Peer_11:bootstrap INFO 2500: Sending message <Ping:> to Peer_1:basic
Peer_11:bootstrap INFO 2500: Sending message <Ping:> to Peer_6:basic
Peer_11:bootstrap INFO 2500.8476698592717: Received message <Ping:> from Peer_4:basic
Peer_11:bootstrap INFO 2500.8476698592717: Sending message <Pong:> to Peer_4:basic
Peer_11:bootstrap INFO 2501.6588830901946: Received message <PeerList> from Peer_2:basic
Peer_11:bootstrap INFO 2501.755158552209: Received message <Pong:> from Peer_4:basic
Peer_11:bootstrap INFO 2504.489849052797: Received message <Ping:> from Peer_1:basic
Peer_11:bootstrap INFO 2504.489849052797: Sending message <Pong:> to Peer_1:basic
Peer_11:bootstrap INFO 2506.44662548415: Received message <Ping:> from Peer_6:basic
Peer_11:bootstrap INFO 2506.44662548415: Sending message <Pong:> to Peer_6:basic
Peer_11:bootstrap INFO 2511.509591001247: Received message <Pong:> from Peer_6:basic
Peer_11:bootstrap INFO 2512.309062368141: Received message <PeerList> from Peer_6:basic
Peer_11:bootstrap INFO 2512.985570013234: Received message <Pong:> from Peer_1:basic
Peer_11:bootstrap INFO 2513.364514548081: Received message <PeerList> from Peer_10:basic
Peer_11:bootstrap INFO 2513.511460322413: Received message <PeerList> from Peer_8:basic
Peer_11:bootstrap INFO 2513.883958367669: Received message <PeerList> from Peer_5:basic
Peer_11:bootstrap WARNING 3000: Not enough peers, fetching more (10, 15)
Peer_11:bootstrap INFO 3000: Sending message <RequestPeers:> to Peer_7:basic
Peer_11:bootstrap INFO 3000: Sending message <RequestPeers:> to Peer_10:basic
Peer_11:bootstrap INFO 3000: Sending message <RequestPeers:> to Peer_8:basic
Peer_11:bootstrap INFO 3000: Sending message <RequestPeers:> to Peer_1:basic
Peer_11:bootstrap INFO 3000: Sending message <RequestPeers:> to Peer_9:basic
Peer_11:bootstrap INFO 3000: Sending message <Ping:> to Peer_3:basic
Peer_11:bootstrap INFO 3000: Sending message <Ping:> to Peer_9:basic
Peer_11:bootstrap INFO 3000: Sending message <Ping:> to Peer_7:basic
Peer_11:bootstrap INFO 3001.0806820299717: Received message <Ping:> from Peer_3:basic
Peer_11:bootstrap INFO 3001.0806820299717: Sending message <Pong:> to Peer_3:basic
Peer_11:bootstrap INFO 3001.2379116780844: Received message <Ping:> from Peer_9:basic
Peer_11:bootstrap INFO 3001.2379116780844: Sending message <Pong:> to Peer_9:basic
Peer_11:bootstrap INFO 3001.3303316463384: Received message <Pong:> from Peer_9:basic
Peer_11:bootstrap INFO 3002.0216450240105: Received message <Pong:> from Peer_3:basic
Peer_11:bootstrap INFO 3002.45315895843: Received message <PeerList> from Peer_9:basic
Peer_11:bootstrap INFO 3004.508252812558: Received message <Ping:> from Peer_7:basic
Peer_11:bootstrap INFO 3004.508252812558: Sending message <Pong:> to Peer_7:basic
Peer_11:bootstrap INFO 3011.3417894029535: Received message <PeerList> from Peer_8:basic
Peer_11:bootstrap INFO 3011.9032633118795: Received message <PeerList> from Peer_7:basic
Peer_11:bootstrap INFO 3012.264188416739: Received message <Pong:> from Peer_7:basic
Peer_11:bootstrap INFO 3014.4075957572713: Received message <PeerList> from Peer_1:basic
Peer_11:bootstrap INFO 3016.3377949572864: Received message <PeerList> from Peer_10:basic
Peer_11:bootstrap WARNING 3500: Not enough peers, fetching more (10, 15)
Peer_11:bootstrap INFO 3500: Sending message <RequestPeers:> to Peer_2:basic
Peer_11:bootstrap INFO 3500: Sending message <RequestPeers:> to Peer_5:basic
Peer_11:bootstrap INFO 3500: Sending message <RequestPeers:> to Peer_1:basic
Peer_11:bootstrap INFO 3500: Sending message <RequestPeers:> to Peer_6:basic
Peer_11:bootstrap INFO 3500: Sending message <RequestPeers:> to Peer_3:basic
Peer_11:bootstrap INFO 3500: Sending message <Ping:> to Peer_2:basic
Peer_11:bootstrap INFO 3500: Sending message <Ping:> to Peer_4:basic
Peer_11:bootstrap INFO 3500: Sending message <Ping:> to Peer_5:basic
Peer_11:bootstrap INFO 3500: Sending message <Ping:> to Peer_6:basic
Peer_11:bootstrap INFO 3501.1446380767793: Received message <Ping:> from Peer_4:basic
Peer_11:bootstrap INFO 3501.1446380767793: Sending message <Pong:> to Peer_4:basic
Peer_11:bootstrap INFO 3501.1764839507277: Received message <Ping:> from Peer_2:basic
Peer_11:bootstrap INFO 3501.1764839507277: Sending message <Pong:> to Peer_2:basic
Peer_11:bootstrap INFO 3501.633978142919: Received message <PeerList> from Peer_2:basic
Peer_11:bootstrap INFO 3501.8323571441592: Received message <PeerList> from Peer_3:basic
Peer_11:bootstrap INFO 3502.4978152146946: Received message <Pong:> from Peer_2:basic
Peer_11:bootstrap INFO 3502.7695935017887: Received message <Pong:> from Peer_4:basic
Peer_11:bootstrap INFO 3505.163770281902: Received message <Ping:> from Peer_6:basic
Peer_11:bootstrap INFO 3505.163770281902: Sending message <Pong:> to Peer_6:basic
Peer_11:bootstrap INFO 3507.172456967891: Received message <Ping:> from Peer_5:basic
Peer_11:bootstrap INFO 3507.172456967891: Sending message <Pong:> to Peer_5:basic
Peer_11:bootstrap INFO 3510.0637224059005: Received message <PeerList> from Peer_6:basic
Peer_11:bootstrap INFO 3511.2579083973906: Received message <PeerList> from Peer_1:basic
Peer_11:bootstrap INFO 3512.6897434542443: Received message <PeerList> from Peer_5:basic
Peer_11:bootstrap INFO 3513.513649736453: Received message <Pong:> from Peer_5:basic
Peer_11:bootstrap INFO 3513.7660290689632: Received message <Pong:> from Peer_6:basic
Peer_11:bootstrap WARNING 4000: Not enough peers, fetching more (10, 15)
Peer_11:bootstrap INFO 4000: Sending message <RequestPeers:> to Peer_3:basic
Peer_11:bootstrap INFO 4000: Sending message <RequestPeers:> to Peer_9:basic
Peer_11:bootstrap INFO 4000: Sending message <RequestPeers:> to Peer_4:basic
Peer_11:bootstrap INFO 4000: Sending message <RequestPeers:> to Peer_10:basic
Peer_11:bootstrap INFO 4000: Sending message <RequestPeers:> to Peer_5:basic
Peer_11:bootstrap INFO 4000: Sending message <Ping:> to Peer_9:basic
Peer_11:bootstrap INFO 4000: Sending message <Ping:> to Peer_7:basic
Peer_11:bootstrap INFO 4000: Sending message <Ping:> to Peer_10:basic
Peer_11:bootstrap INFO 4000: Sending message <Ping:> to Peer_8:basic
Peer_11:bootstrap INFO 4001.224797195056: Received message <PeerList> from Peer_9:basic
Peer_11:bootstrap INFO 4001.442484582151: Received message <Ping:> from Peer_9:basic
Peer_11:bootstrap INFO 4001.442484582151: Sending message <Pong:> to Peer_9:basic
Peer_11:bootstrap INFO 4001.780361538975: Received message <PeerList> from Peer_3:basic
Peer_11:bootstrap INFO 4002.1326029152897: Received message <Pong:> from Peer_9:basic
Peer_11:bootstrap INFO 4002.292114079379: Received message <PeerList> from Peer_4:basic
Peer_11:bootstrap INFO 4006.488237470602: Received message <Ping:> from Peer_7:basic
Peer_11:bootstrap INFO 4006.488237470602: Sending message <Pong:> to Peer_7:basic
Peer_11:bootstrap INFO 4006.5407810952784: Received message <Ping:> from Peer_10:basic
Peer_11:bootstrap INFO 4006.5407810952784: Sending message <Pong:> to Peer_10:basic
Peer_11:bootstrap INFO 4006.8978179089695: Received message <Ping:> from Peer_8:basic
Peer_11:bootstrap INFO 4006.8978179089695: Sending message <Pong:> to Peer_8:basic
Peer_11:bootstrap INFO 4010.9172676923517: Received message <PeerList> from Peer_5:basic
Peer_11:bootstrap INFO 4011.915172614191: Received message <PeerList> from Peer_10:basic
Peer_11:bootstrap INFO 4012.0604729138813: Received message <Pong:> from Peer_10:basic
Peer_11:bootstrap INFO 4012.4555556719797: Received message <Pong:> from Peer_7:basic
Peer_11:bootstrap INFO 4012.8490551168534: Received message <Pong:> from Peer_8:basic
Peer_11:bootstrap WARNING 4500: Not enough peers, fetching more (10, 15)
Peer_11:bootstrap INFO 4500: Sending message <RequestPeers:> to Peer_8:basic
Peer_11:bootstrap INFO 4500: Sending message <RequestPeers:> to Peer_5:basic
Peer_11:bootstrap INFO 4500: Sending message <RequestPeers:> to Peer_9:basic
Peer_11:bootstrap INFO 4500: Sending message <RequestPeers:> to Peer_2:basic
Peer_11:bootstrap INFO 4500: Sending message <RequestPeers:> to Peer_10:basic
Peer_11:bootstrap INFO 4500: Sending message <Ping:> to Peer_2:basic
Peer_11:bootstrap INFO 4500: Sending message <Ping:> to Peer_1:basic
Peer_11:bootstrap INFO 4500: Sending message <Ping:> to Peer_6:basic
Peer_11:bootstrap INFO 4501.013254043797: Received message <Ping:> from Peer_2:basic
Peer_11:bootstrap INFO 4501.013254043797: Sending message <Pong:> to Peer_2:basic
Peer_11:bootstrap INFO 4501.839994559617: Received message <Pong:> from Peer_2:basic
Peer_11:bootstrap INFO 4502.213580162567: Received message <PeerList> from Peer_9:basic
Peer_11:bootstrap INFO 4502.4429023777075: Received message <PeerList> from Peer_2:basic
Peer_11:bootstrap INFO 4506.16316154386: Received message <Ping:> from Peer_1:basic
Peer_11:bootstrap INFO 4506.16316154386: Sending message <Pong:> to Peer_1:basic
Peer_11:bootstrap INFO 4506.72309048554: Received message <Ping:> from Peer_6:basic
Peer_11:bootstrap INFO 4506.72309048554: Sending message <Pong:> to Peer_6:basic
Peer_11:bootstrap INFO 4510.0764370117595: Received message <Pong:> from Peer_6:basic
Peer_11:bootstrap INFO 4510.768666206416: Received message <PeerList> from Peer_10:basic
Peer_11:bootstrap INFO 4512.002554350912: Received message <Pong:> from Peer_1:basic
Peer_11:bootstrap INFO 4512.373307928244: Received message <PeerList> from Peer_5:basic
Peer_11:bootstrap INFO 4512.757391251635: Received message <PeerList> from Peer_8:basic
