Peer_1:basic INFO 0.5574873865391756: Connecting to Peer_3:basic
Peer_1:basic INFO 0.6051113055346826: Received message <Hello:> from Peer_2:basic
Peer_1:basic INFO 0.6051113055346826: Connecting to Peer_2:basic
Peer_1:basic INFO 0.6051113055346826: Sending message <Hello:> to Peer_2:basic
Peer_1:basic INFO 0.6625793229668936: Received message <Hello:> from Peer_3:basic
Peer_1:basic INFO 1.2580546239861776: Received message <Hello:> from Peer_3:basic
Peer_1:basic INFO 4.495914704536207: Connecting to Peer_2:basic
Peer_1:basic INFO 5.690150743199887: Connecting to Peer_7:basic
Peer_1:basic INFO 5.940338478944736: Received message <Hello:> from Peer_7:basic
Peer_1:basic INFO 6.152802048489062: Received message <Hello:> from Peer_2:basic
Peer_1:basic INFO 7.273152060851645: Connecting to Peer_8:basic
Peer_1:basic INFO 8.578004893569668: Received message <Hello:> from Peer_8:basic
Peer_1:basic INFO 10.624911866960472: Received message <Hello:> from Peer_7:basic
Peer_1:basic INFO 11.228542919361887: Received message <Hello:> from Peer_2:basic
Peer_1:basic INFO 12.177701830743809: Received message <Hello:> from Peer_8:basic
Peer_1:basic INFO 1000: Sending message <Ping:> to Peer_3:basic
Peer_1:basic INFO 1000: Sending message <Ping:> to Peer_2:basic
Peer_1:basic INFO 1000: Sending message <Ping:> to Peer_2:basic
Peer_1:basic INFO 1000: Sending message <Ping:> to Peer_7:basic
Peer_1:basic INFO 1000: Sending message <Ping:> to Peer_8:basic
Peer_1:basic INFO 1000.51346889659: Received message <Ping:> from Peer_2:basic
Peer_1:basic INFO 1000.51346889659: Sending message <Pong:> to Peer_2:basic
Peer_1:basic INFO 1000.5740903573776: Received message <Ping:> from Peer_3:basic
Peer_1:basic INFO 1000.5740903573776: Sending message <Pong:> to Peer_3:basic
Peer_1:basic INFO 1001.54328947835: Received message <Pong:> from Peer_2:basic
Peer_1:basic INFO 1002.0395185487785: Received message <Pong:> from Peer_3:basic
Peer_1:basic INFO 1004.240800606287: Received message <Ping:> from Peer_2:basic
Peer_1:basic INFO 1004.240800606287: Sending message <Pong:> to Peer_2:basic
Peer_1:basic INFO 1005.1606788835093: Received message <Ping:> from Peer_7:basic
Peer_1:basic INFO 1005.1606788835093: Sending message <Pong:> to Peer_7:basic
Peer_1:basic INFO 1005.1839069769303: Received message <Ping:> from Peer_8:basic
Peer_1:basic INFO 1005.1839069769303: Sending message <Pong:> to Peer_8:basic
Peer_1:basic INFO 1011.9308166665177: Received message <Pong:> from Peer_8:basic
Peer_1:basic INFO 1014.4719552403418: Received message <Pong:> from Peer_2:basic
Peer_1:basic INFO 1015.0690676782352: Received message <Pong:> from Peer_7:basic
Peer_1:basic INFO 2000: Sending message <Ping:> to Peer_3:basic
Peer_1:basic INFO 2000: Sending message <Ping:> to Peer_2:basic
Peer_1:basic INFO 2000: Sending message <Ping:> to Peer_2:basic
Peer_1:basic INFO 2000: Sending message <Ping:> to Peer_7:basic
Peer_1:basic INFO 2000: Sending message <Ping:> to Peer_8:basic
Peer_1:basic INFO 2001.1416800140605: Received message <Ping:> from Peer_2:basic
Peer_1:basic INFO 2001.1416800140605: Sending message <Pong:> to Peer_2:basic
Peer_1:basic INFO 2001.2360091914381: Received message <Ping:> from Peer_3:basic
Peer_1:basic INFO 2001.2360091914381: Sending message <Pong:> to Peer_3:basic
Peer_1:basic INFO 2001.4271250353615: Received message <Pong:> from Peer_3:basic
Peer_1:basic INFO 2001.8382498006263: Received message <Pong:> from Peer_2:basic
Peer_1:basic INFO 2005.2926136201609: Received message <Ping:> from Peer_8:basic
Peer_1:basic INFO 2005.2926136201609: Sending message <Pong:> to Peer_8:basic
Peer_1:basic INFO 2005.3106648515716: Received message <Ping:> from Peer_2:basic
Peer_1:basic INFO 2005.3106648515716: Sending message <Pong:> to Peer_2:basic
Peer_1:basic INFO 2007.1107449023477: Received message <Ping:> from Peer_7:basic
Peer_1:basic INFO 2007.1107449023477: Sending message <Pong:> to Peer_7:basic
Peer_1:basic INFO 2011.4386230311204: Received message <Pong:> from Peer_8:basic
Peer_1:basic INFO 2012.9695708102681: Received message <Pong:> from Peer_7:basic
Peer_1:basic INFO 2012.9784002579909: Received message <Pong:> from Peer_2:basic
Peer_1:basic INFO 3000: Sending message <Ping:> to Peer_3:basic
Peer_1:basic INFO 3000: Sending message <Ping:> to Peer_2:basic
Peer_1:basic INFO 3000: Sending message <Ping:> to Peer_2:basic
Peer_1:basic INFO 3000: Sending message <Ping:> to Peer_7:basic
Peer_1:basic INFO 3000: Sending message <Ping:> to Peer_8:basic
Peer_1:basic INFO 3000.8722970265344: Received message <Ping:> from Peer_3:basic
Peer_1:basic INFO 3000.8722970265344: Sending message <Pong:> to Peer_3:basic
Peer_1:basic INFO 3001.420416312129: Received message <Pong:> from Peer_2:basic
Peer_1:basic INFO 3001.871125014726: Received message <Pong:> from Peer_3:basic
Peer_1:basic INFO 3003.192456926851: Received message <Ping:> from Peer_2:basic
Peer_1:basic INFO 3003.192456926851: Sending message <Pong:> to Peer_2:basic
Peer_1:basic INFO 3006.028793819906: Received message <Ping:> from Peer_2:basic
Peer_1:basic INFO 3006.028793819906: Sending message <Pong:> to Peer_2:basic
Peer_1:basic INFO 3006.210953053443: Received message <Ping:> from Peer_8:basic
Peer_1:basic INFO 3006.210953053443: Sending message <Pong:> to Peer_8:basic
Peer_1:basic INFO 3006.9805293883246: Received message <Ping:> from Peer_7:basic
Peer_1:basic INFO 3006.9805293883246: Sending message <Pong:> to Peer_7:basic
Peer_1:basic INFO 3011.122618368683: Received message <Pong:> from Peer_7:basic
Peer_1:basic INFO 3011.9075266753243: Received message <Pong:> from Peer_2:basic
Peer_1:basic INFO 3012.657936940808: Received message <Pong:> from Peer_8:basic
Peer_1:basic INFO 4000: Sending message <Ping:> to Peer_3:basic
Peer_1:basic INFO 4000: Sending message <Ping:> to Peer_2:basic
Peer_1:basic INFO 4000: Sending message <Ping:> to Peer_2:basic
Peer_1:basic INFO 4000: Sending message <Ping:> to Peer_7:basic
Peer_1:basic INFO 4000: Sending message <Ping:> to Peer_8:basic
Peer_1:basic INFO 4000.6976692644066: Received message <Ping:> from Peer_3:basic
Peer_1:basic INFO 4000.6976692644066: Sending message <Pong:> to Peer_3:basic
Peer_1:basic INFO 4001.115422192583: Received message <Pong:> from Peer_3:basic
Peer_1:basic INFO 4001.4629060090997: Received message <Ping:> from Peer_2:basic
Peer_1:basic INFO 4001.4629060090997: Sending message <Pong:> to Peer_2:basic
Peer_1:basic INFO 4001.9212416562214: Received message <Pong:> from Peer_2:basic
Peer_1:basic INFO 4005.2690307639673: Received message <Ping:> from Peer_2:basic
Peer_1:basic INFO 4005.2690307639673: Sending message <Pong:> to Peer_2:basic
Peer_1:basic INFO 4005.856861562778: Received message <Ping:> from Peer_7:basic
Peer_1:basic INFO 4005.856861562778: Sending message <Pong:> to Peer_7:basic
Peer_1:basic INFO 4006.4167199372737: Received message <Ping:> from Peer_8:basic
Peer_1:basic INFO 4006.4167199372737: Sending message <Pong:> to Peer_8:basic
Peer_1:basic INFO 4010.9106402186662: Received message <Pong:> from Peer_2:basic
Peer_1:basic INFO 4011.509168082943: Received message <Pong:> from Peer_8:basic
Peer_1:basic INFO 4012.8612584305674: Received message <Pong:> from Peer_7:basic
