Peer_4:basic INFO 0.7073974354467658: Connecting to Peer_5:basic
Peer_4:basic INFO 1.3650170516563058: Received message <Hello:> from Peer_5:basic
Peer_4:basic INFO 1.5814172391904675: Received message <Hello:> from Peer_5:basic
Peer_4:basic INFO 5.047266861624368: Received message <Hello:> from Peer_7:basic
Peer_4:basic INFO 5.047266861624368: Connecting to Peer_7:basic
Peer_4:basic INFO 5.047266861624368: Sending message <Hello:> to Peer_7:basic
Peer_4:basic INFO 1000: Sending message <Ping:> to Peer_5:basic
Peer_4:basic INFO 1000: Sending message <Ping:> to Peer_7:basic
Peer_4:basic INFO 1000.5950718197071: Received message <Ping:> from Peer_5:basic
Peer_4:basic INFO 1000.5950718197071: Sending message <Pong:> to Peer_5:basic
Peer_4:basic INFO 1001.4514009510318: Received message <Pong:> from Peer_5:basic
Peer_4:basic INFO 1006.0480217235748: Received message <Ping:> from Peer_7:basic
Peer_4:basic INFO 1006.0480217235748: Sending message <Pong:> to Peer_7:basic
Peer_4:basic INFO 1014.4600267822559: Received message <Pong:> from Peer_7:basic
Peer_4:basic INFO 2000: Sending message <Ping:> to Peer_5:basic
Peer_4:basic INFO 2000: Sending message <Ping:> to Peer_7:basic
Peer_4:basic INFO 2000.7822494596742: Received message <Ping:> from Peer_5:basic
Peer_4:basic INFO 2000.7822494596742: Sending message <Pong:> to Peer_5:basic
Peer_4:basic INFO 2002.1333053604378: Received message <Pong:> from Peer_5:basic
Peer_4:basic INFO 2006.206607975319: Received message <Ping:> from Peer_7:basic
Peer_4:basic INFO 2006.206607975319: Sending message <Pong:> to Peer_7:basic
Peer_4:basic INFO 2011.729725998717: Received message <Pong:> from Peer_7:basic
Peer_4:basic INFO 3000: Sending message <Ping:> to Peer_5:basic
Peer_4:basic INFO 3000: Sending message <Ping:> to Peer_7:basic
Peer_4:basic INFO 3001.621966483921: Received message <Ping:> from Peer_5:basic
Peer_4:basic INFO 3001.621966483921: Sending message <Pong:> to Peer_5:basic
Peer_4:basic INFO 3002.5196479100505: Received message <Pong:> from Peer_5:basic
Peer_4:basic INFO 3006.6612653960133: Received message <Ping:> from Peer_7:basic
Peer_4:basic INFO 3006.6612653960133: Sending message <Pong:> to Peer_7:basic
Peer_4:basic INFO 3009.203233765355: Received message <Pong:> from Peer_7:basic
Peer_4:basic INFO 4000: Sending message <Ping:> to Peer_5:basic
Peer_4:basic INFO 4000: Sending message <Ping:> to Peer_7:basic
Peer_4:basic INFO 4000.518986860925: Received message <Ping:> from Peer_5:basic
Peer_4:basic INFO 4000.518986860925: Sending message <Pong:> to Peer_5:basic
Peer_4:basic INFO 4002.7742236840886: Received message <Pong:> from Peer_5:basic
Peer_4:basic INFO 4003.446383949574: Received message <Ping:> from Peer_7:basic
Peer_4:basic INFO 4003.446383949574: Sending message <Pong:> to Peer_7:basic
Peer_4:basic INFO 4010.149146451112: Received message <Pong:> from Peer_7:basic
