Peer_7:basic INFO 0.7243199293127094: Received message <Hello:> from Peer_3:basic
Peer_7:basic INFO 0.7243199293127094: Connecting to Peer_3:basic
Peer_7:basic INFO 0.7243199293127094: Sending message <Hello:> to Peer_3:basic
Peer_7:basic INFO 0.7628842665070409: Connecting to Peer_2:basic
Peer_7:basic INFO 0.8698550950616317: Received message <Hello:> from Peer_4:basic
Peer_7:basic INFO 0.8698550950616317: Connecting to Peer_4:basic
Peer_7:basic INFO 0.8698550950616317: Sending message <Hello:> to Peer_4:basic
Peer_7:basic INFO 1.085388583043388: Received message <Hello:> from Peer_2:basic
Peer_7:basic INFO 1.2308212094673368: Received message <Hello:> from Peer_2:basic
Peer_7:basic INFO 6.5566586312457655: Received message <Hello:> from Peer_1:basic
Peer_7:basic INFO 6.5566586312457655: Connecting to Peer_1:basic
Peer_7:basic INFO 6.5566586312457655: Sending message <Hello:> to Peer_1:basic
Peer_7:basic INFO 1000: Sending message <Ping:> to Peer_3:basic
Peer_7:basic INFO 1000: Sending message <Ping:> to Peer_2:basic
Peer_7:basic INFO 1000: Sending message <Ping:> to Peer_4:basic
Peer_7:basic INFO 1000: Sending message <Ping:> to Peer_1:basic
Peer_7:basic INFO 1000.702037953127: Received message <Ping:> from Peer_4:basic
Peer_7:basic INFO 1000.702037953127: Sending message <Pong:> to Peer_4:basic
Peer_7:basic INFO 1001.1174740593137: Received message <Ping:> from Peer_2:basic
Peer_7:basic INFO 1001.1174740593137: Sending message <Pong:> to Peer_2:basic
Peer_7:basic INFO 1001.1679100123358: Received message <Ping:> from Peer_3:basic
Peer_7:basic INFO 1001.1679100123358: Sending message <Pong:> to Peer_3:basic
Peer_7:basic INFO 1001.4127095758655: Received message <Pong:> from Peer_3:basic
Peer_7:basic INFO 1001.6914635625893: Received message <Pong:> from Peer_4:basic
Peer_7:basic INFO 1001.7493127769051: Received message <Pong:> from Peer_2:basic
Peer_7:basic INFO 1007.262721530491: Received message <Ping:> from Peer_1:basic
Peer_7:basic INFO 1007.262721530491: Sending message <Pong:> to Peer_1:basic
Peer_7:basic INFO 1011.6143004679883: Received message <Pong:> from Peer_1:basic
Peer_7:basic INFO 2000: Sending message <Ping:> to Peer_3:basic
Peer_7:basic INFO 2000: Sending message <Ping:> to Peer_2:basic
Peer_7:basic INFO 2000: Sending message <Ping:> to Peer_4:basic
Peer_7:basic INFO 2000: Sending message <Ping:> to Peer_1:basic
Peer_7:basic INFO 2001.003988511487: Received message <Ping:> from Peer_4:basic
Peer_7:basic INFO 2001.003988511487: Sending message <Pong:> to Peer_4:basic
Peer_7:basic INFO 2001.1446229716385: Received message <Ping:> from Peer_2:basic
Peer_7:basic INFO 2001.1446229716385: Sending message <Pong:> to Peer_2:basic
Peer_7:basic INFO 2001.2424483207296: Received message <Ping:> from Peer_3:basic
Peer_7:basic INFO 2001.2424483207296: Sending message <Pong:> to Peer_3:basic
Peer_7:basic INFO 2001.711154834426: Received message <Pong:> from Peer_4:basic
Peer_7:basic INFO 2002.2521376347777: Received message <Pong:> from Peer_3:basic
Peer_7:basic INFO 2002.378566237979: Received message <Pong:> from Peer_2:basic
Peer_7:basic INFO 2007.2209466690535: Received message <Ping:> from Peer_1:basic
Peer_7:basic INFO 2007.2209466690535: Sending message <Pong:> to Peer_1:basic
Peer_7:basic INFO 2012.8999588315721: Received message <Pong:> from Peer_1:basic
Peer_7:basic INFO 3000: Sending message <Ping:> to Peer_3:basic
Peer_7:basic INFO 3000: Sending message <Ping:> to Peer_2:basic
Peer_7:basic INFO 3000: Sending message <Ping:> to Peer_4:basic
Peer_7:basic INFO 3000: Sending message <Ping:> to Peer_1:basic
Peer_7:basic INFO 3000.715307779676: Received message <Ping:> from Peer_3:basic
Peer_7:basic INFO 3000.715307779676: Sending message <Pong:> to Peer_3:basic
Peer_7:basic INFO 3000.8712033348224: Received message <Ping:> from Peer_4:basic
Peer_7:basic INFO 3000.8712033348224: Sending message <Pong:> to Peer_4:basic
Peer_7:basic INFO 3000.916361611204: Received message <Ping:> from Peer_2:basic
Peer_7:basic INFO 3000.916361611204: Sending message <Pong:> to Peer_2:basic
Peer_7:basic INFO 3001.278611178194: Received message <Pong:> from Peer_2:basic
Peer_7:basic INFO 3001.7967370535703: Received message <Pong:> from Peer_4:basic
Peer_7:basic INFO 3002.1178263940624: Received message <Pong:> from Peer_3:basic
Peer_7:basic INFO 3006.73848835979: Received message <Ping:> from Peer_1:basic
Peer_7:basic INFO 3006.73848835979: Sending message <Pong:> to Peer_1:basic
Peer_7:basic INFO 3013.0176852278646: Received message <Pong:> from Peer_1:basic
Peer_7:basic INFO 4000: Sending message <Ping:> to Peer_3:basic
Peer_7:basic INFO 4000: Sending message <Ping:> to Peer_2:basic
Peer_7:basic INFO 4000: Sending message <Ping:> to Peer_4:basic
Peer_7:basic INFO 4000: Sending message <Ping:> to Peer_1:basic
Peer_7:basic INFO 4000.718106429391: Received message <Ping:> from Peer_2:basic
Peer_7:basic INFO 4000.718106429391: Sending message <Pong:> to Peer_2:basic
Peer_7:basic INFO 4000.9115319880757: Received message <Ping:> from Peer_3:basic
Peer_7:basic INFO 4000.9115319880757: Sending message <Pong:> to Peer_3:basic
Peer_7:basic INFO 4000.988113633806: Received message <Ping:> from Peer_4:basic
Peer_7:basic INFO 4000.988113633806: Sending message <Pong:> to Peer_4:basic
Peer_7:basic INFO 4001.6305048819663: Received message <Pong:> from Peer_2:basic
Peer_7:basic INFO 4001.65783565944: Received message <Pong:> from Peer_4:basic
Peer_7:basic INFO 4002.1411908303335: Received message <Pong:> from Peer_3:basic
Peer_7:basic INFO 4005.032193758927: Received message <Ping:> from Peer_1:basic
Peer_7:basic INFO 4005.032193758927: Sending message <Pong:> to Peer_1:basic
Peer_7:basic INFO 4012.8744027435478: Received message <Pong:> from Peer_1:basic
