Peer_6:basic INFO 0.5317016761617902: Received message <Hello:> from Peer_1:basic
Peer_6:basic INFO 0.5317016761617902: Connecting to Peer_1:basic
Peer_6:basic INFO 0.5317016761617902: Sending message <Hello:> to Peer_1:basic
Peer_6:basic INFO 0.592479439230461: Received message <Hello:> from Peer_2:basic
Peer_6:basic INFO 0.592479439230461: Connecting to Peer_2:basic
Peer_6:basic INFO 0.592479439230461: Sending message <Hello:> to Peer_2:basic
Peer_6:basic INFO 0.8026391424162465: Received message <Hello:> from Peer_5:basic
Peer_6:basic INFO 0.8026391424162465: Connecting to Peer_5:basic
Peer_6:basic INFO 0.8026391424162465: Sending message <Hello:> to Peer_5:basic
Peer_6:basic INFO 4.599540415687726: Connecting to Peer_2:basic
Peer_6:basic INFO 6.063815746857588: Received message <Hello:> from Peer_2:basic
Peer_6:basic INFO 12.242964893036815: Received message <Hello:> from Peer_2:basic
Peer_6:basic INFO 1000: Sending message <Ping:> to Peer_1:basic
Peer_6:basic INFO 1000: Sending message <Ping:> to Peer_2:basic
Peer_6:basic INFO 1000: Sending message <Ping:> to Peer_5:basic
Peer_6:basic INFO 1000: Sending message <Ping:> to Peer_2:basic
Peer_6:basic INFO 1000.5845015689279: Received message <Ping:> from Peer_1:basic
Peer_6:basic INFO 1000.5845015689279: Sending message <Pong:> to Peer_1:basic
Peer_6:basic INFO 1001.1631062867349: Received message <Ping:> from Peer_5:basic
Peer_6:basic INFO 1001.1631062867349: Sending message <Pong:> to Peer_5:basic
Peer_6:basic INFO 1001.6965969641961: Received message <Ping:> from Peer_2:basic
Peer_6:basic INFO 1001.6965969641961: Sending message <Pong:> to Peer_2:basic
Peer_6:basic INFO 1002.0604804410708: Received message <Pong:> from Peer_1:basic
Peer_6:basic INFO 1002.234568904363: Received message <Pong:> from Peer_2:basic
Peer_6:basic INFO 1002.7191801800047: Received message <Pong:> from Peer_5:basic
Peer_6:basic INFO 1005.0216167245699: Received message <Ping:> from Peer_2:basic
Peer_6:basic INFO 1005.0216167245699: Sending message <Pong:> to Peer_2:basic
Peer_6:basic INFO 1011.4567970293917: Received message <Pong:> from Peer_2:basic
Peer_6:basic INFO 2000: Sending message <Ping:> to Peer_1:basic
Peer_6:basic INFO 2000: Sending message <Ping:> to Peer_2:basic
Peer_6:basic INFO 2000: Sending message <Ping:> to Peer_5:basic
Peer_6:basic INFO 2000: Sending message <Ping:> to Peer_2:basic
Peer_6:basic INFO 2000.516398408995: Received message <Ping:> from Peer_1:basic
Peer_6:basic INFO 2000.516398408995: Sending message <Pong:> to Peer_1:basic
Peer_6:basic INFO 2000.853665650915: Received message <Ping:> from Peer_5:basic
Peer_6:basic INFO 2000.853665650915: Sending message <Pong:> to Peer_5:basic
Peer_6:basic INFO 2000.8980892309623: Received message <Ping:> from Peer_2:basic
Peer_6:basic INFO 2000.8980892309623: Sending message <Pong:> to Peer_2:basic
Peer_6:basic INFO 2001.6868510687434: Received message <Pong:> from Peer_5:basic
Peer_6:basic INFO 2002.4989309578084: Received message <Pong:> from Peer_1:basic
Peer_6:basic INFO 2002.668796229795: Received message <Pong:> from Peer_2:basic
Peer_6:basic INFO 2005.1505133718765: Received message <Ping:> from Peer_2:basic
Peer_6:basic INFO 2005.1505133718765: Sending message <Pong:> to Peer_2:basic
Peer_6:basic INFO 2013.9551704741855: Received message <Pong:> from Peer_2:basic
Peer_6:basic INFO 3000: Sending message <Ping:> to Peer_1:basic
Peer_6:basic INFO 3000: Sending message <Ping:> to Peer_2:basic
Peer_6:basic INFO 3000: Sending message <Ping:> to Peer_5:basic
Peer_6:basic INFO 3000: Sending message <Ping:> to Peer_2:basic
Peer_6:basic INFO 3000.526915903891: Received message <Ping:> from Peer_1:basic
Peer_6:basic INFO 3000.526915903891: Sending message <Pong:> to Peer_1:basic
Peer_6:basic INFO 3000.6102227318534: Received message <Ping:> from Peer_2:basic
Peer_6:basic INFO 3000.6102227318534: Sending message <Pong:> to Peer_2:basic
Peer_6:basic INFO 3001.0153789445294: Received message <Ping:> from Peer_5:basic
Peer_6:basic INFO 3001.0153789445294: Sending message <Pong:> to Peer_5:basic
Peer_6:basic INFO 3001.2226247842523: Received message <Pong:> from Peer_2:basic
Peer_6:basic INFO 3001.5124254192433: Received message <Pong:> from Peer_5:basic
Peer_6:basic INFO 3003.195837726926: Received message <Pong:> from Peer_1:basic
Peer_6:basic INFO 3005.2051554005734: Received message <Ping:> from Peer_2:basic
Peer_6:basic INFO 3005.2051554005734: Sending message <Pong:> to Peer_2:basic
Peer_6:basic INFO 3010.4987534989605: Received message <Pong:> from Peer_2:basic
Peer_6:basic INFO 4000: Sending message <Ping:> to Peer_1:basic
Peer_6:basic INFO 4000: Sending message <Ping:> to Peer_2:basic
Peer_6:basic INFO 4000: Sending message <Ping:> to Peer_5:basic
Peer_6:basic INFO 4000: Sending message <Ping:> to Peer_2:basic
Peer_6:basic INFO 4000.6005480762547: Received message <Ping:> from Peer_1:basic
Peer_6:basic INFO 4000.6005480762547: Sending message <Pong:> to Peer_1:basic
Peer_6:basic INFO 4000.7448822172714: Received message <Ping:> from Peer_5:basic
Peer_6:basic INFO 4000.7448822172714: Sending message <Pong:> to Peer_5:basic
Peer_6:basic INFO 4001.626335461515: Received message <Pong:> from Peer_2:basic
Peer_6:basic INFO 4001.657115601399: Received message <Ping:> from Peer_2:basic
Peer_6:basic INFO 4001.657115601399: Sending message <Pong:> to Peer_2:basic
Peer_6:basic INFO 4001.949999709946: Received message <Pong:> from Peer_5:basic
Peer_6:basic INFO 4002.2109779494367: Received message <Pong:> from Peer_1:basic
Peer_6:basic INFO 4007.8728495437595: Received message <Ping:> from Peer_2:basic
Peer_6:basic INFO 4007.8728495437595: Sending message <Pong:> to Peer_2:basic
Peer_6:basic INFO 4009.474741152599: Received message <Pong:> from Peer_2:basic
