Peer_5:basic INFO 0.6054137387334764: Connecting to Peer_2:basic
Peer_5:basic INFO 0.8026391424162465: Connecting to Peer_6:basic
Peer_5:basic INFO 0.9208343730528705: Received message <Hello:> from Peer_2:basic
Peer_5:basic INFO 1.357264674050696: Received message <Hello:> from Peer_6:basic
Peer_5:basic INFO 1.4664502118824292: Received message <Hello:> from Peer_6:basic
Peer_5:basic INFO 1.8437950257842144: Received message <Hello:> from Peer_2:basic
Peer_5:basic INFO 4.453985146620908: Connecting to Peer_9:basic
Peer_5:basic INFO 6.234926895349763: Received message <Hello:> from Peer_9:basic
Peer_5:basic INFO 6.523705732197011: Connecting to Peer_4:basic
Peer_5:basic INFO 6.703913701652989: Received message <Hello:> from Peer_4:basic
Peer_5:basic INFO 10.187566963055366: Received message <Hello:> from Peer_9:basic
Peer_5:basic INFO 12.134332695411313: Received message <Hello:> from Peer_4:basic
Peer_5:basic INFO 1000: Sending message <Ping:> to Peer_2:basic
Peer_5:basic INFO 1000: Sending message <Ping:> to Peer_6:basic
Peer_5:basic INFO 1000: Sending message <Ping:> to Peer_9:basic
Peer_5:basic INFO 1000: Sending message <Ping:> to Peer_4:basic
Peer_5:basic INFO 1000.8351566477698: Received message <Ping:> from Peer_2:basic
Peer_5:basic INFO 1000.8351566477698: Sending message <Pong:> to Peer_2:basic
Peer_5:basic INFO 1001.1770900511956: Received message <Ping:> from Peer_6:basic
Peer_5:basic INFO 1001.1770900511956: Sending message <Pong:> to Peer_6:basic
Peer_5:basic INFO 1002.166220873529: Received message <Pong:> from Peer_2:basic
Peer_5:basic INFO 1002.1795555333508: Received message <Pong:> from Peer_6:basic
Peer_5:basic INFO 1004.4548462414461: Received message <Ping:> from Peer_9:basic
Peer_5:basic INFO 1004.4548462414461: Sending message <Pong:> to Peer_9:basic
Peer_5:basic INFO 1006.8206736785716: Received message <Ping:> from Peer_4:basic
Peer_5:basic INFO 1006.8206736785716: Sending message <Pong:> to Peer_4:basic
Peer_5:basic INFO 1013.5169413866801: Received message <Pong:> from Peer_4:basic
Peer_5:basic INFO 1014.5618930176096: Received message <Pong:> from Peer_9:basic
Peer_5:basic INFO 2000: Sending message <Ping:> to Peer_2:basic
Peer_5:basic INFO 2000: Sending message <Ping:> to Peer_6:basic
Peer_5:basic INFO 2000: Sending message <Ping:> to Peer_9:basic
Peer_5:basic INFO 2000: Sending message <Ping:> to Peer_4:basic
Peer_5:basic INFO 2000.6522497403719: Received message <Ping:> from Peer_2:basic
Peer_5:basic INFO 2000.6522497403719: Sending message <Pong:> to Peer_2:basic
Peer_5:basic INFO 2000.8031356277208: Received message <Ping:> from Peer_6:basic
Peer_5:basic INFO 2000.8031356277208: Sending message <Pong:> to Peer_6:basic
Peer_5:basic INFO 2001.363983003358: Received message <Pong:> from Peer_6:basic
Peer_5:basic INFO 2002.819714430334: Received message <Pong:> from Peer_2:basic
Peer_5:basic INFO 2006.3170071953784: Received message <Ping:> from Peer_9:basic
Peer_5:basic INFO 2006.3170071953784: Sending message <Pong:> to Peer_9:basic
Peer_5:basic INFO 2006.3315399505248: Received message <Ping:> from Peer_4:basic
Peer_5:basic INFO 2006.3315399505248: Sending message <Pong:> to Peer_4:basic
Peer_5:basic INFO 2012.5980843135565: Received message <Pong:> from Peer_4:basic
Peer_5:basic INFO 2013.218459817313: Received message <Pong:> from Peer_9:basic
Peer_5:basic INFO 3000: Sending message <Ping:> to Peer_2:basic
Peer_5:basic INFO 3000: Sending message <Ping:> to Peer_6:basic
Peer_5:basic INFO 3000: Sending message <Ping:> to Peer_9:basic
Peer_5:basic INFO 3000: Sending message <Ping:> to Peer_4:basic
Peer_5:basic INFO 3000.6909558766024: Received message <Ping:> from Peer_6:basic
Peer_5:basic INFO 3000.6909558766024: Sending message <Pong:> to Peer_6:basic
Peer_5:basic INFO 3000.9825311843415: Received message <Ping:> from Peer_2:basic
Peer_5:basic INFO 3000.9825311843415: Sending message <Pong:> to Peer_2:basic
Peer_5:basic INFO 3001.9212285801655: Received message <Pong:> from Peer_6:basic
Peer_5:basic INFO 3002.1980906449976: Received message <Pong:> from Peer_2:basic
Peer_5:basic INFO 3004.7038273110647: Received message <Ping:> from Peer_9:basic
Peer_5:basic INFO 3004.7038273110647: Sending message <Pong:> to Peer_9:basic
Peer_5:basic INFO 3007.044584924467: Received message <Ping:> from Peer_4:basic
Peer_5:basic INFO 3007.044584924467: Sending message <Pong:> to Peer_4:basic
Peer_5:basic INFO 3011.738617560694: Received message <Pong:> from Peer_4:basic
Peer_5:basic INFO 3011.8308997168056: Received message <Pong:> from Peer_9:basic
Peer_5:basic INFO 4000: Sending message <Ping:> to Peer_2:basic
Peer_5:basic INFO 4000: Sending message <Ping:> to Peer_6:basic
Peer_5:basic INFO 4000: Sending message <Ping:> to Peer_9:basic
Peer_5:basic INFO 4000: Sending message <Ping:> to Peer_4:basic
Peer_5:basic INFO 4000.8009946923844: Received message <Ping:> from Peer_2:basic
Peer_5:basic INFO 4000.8009946923844: Sending message <Pong:> to Peer_2:basic
Peer_5:basic INFO 4001.27778294617: Received message <Pong:> from Peer_2:basic
Peer_5:basic INFO 4001.3616212431625: Received message <Ping:> from Peer_6:basic
Peer_5:basic INFO 4001.3616212431625: Sending message <Pong:> to Peer_6:basic
Peer_5:basic INFO 4001.830980696064: Received message <Pong:> from Peer_6:basic
Peer_5:basic INFO 4005.2956293365082: Received message <Ping:> from Peer_4:basic
Peer_5:basic INFO 4005.2956293365082: Sending message <Pong:> to Peer_4:basic
Peer_5:basic INFO 4005.419668431976: Received message <Ping:> from Peer_9:basic
Peer_5:basic INFO 4005.419668431976: Sending message <Pong:> to Peer_9:basic
Peer_5:basic INFO 4011.2130057833733: Received message <Pong:> from Peer_4:basic
Peer_5:basic INFO 4012.7008723645476: Received message <Pong:> from Peer_9:basic
