Peer_2:basic INFO 0.4565451209148571: Connecting to Peer_8:basic
Peer_2:basic INFO 0.587284829301503: Connecting to Peer_1:basic
Peer_2:basic INFO 0.592479439230461: Connecting to Peer_6:basic
Peer_2:basic INFO 0.6054137387334764: Received message <Hello:> from Peer_5:basic
Peer_2:basic INFO 0.6054137387334764: Connecting to Peer_5:basic
Peer_2:basic INFO 0.6054137387334764: Sending message <Hello:> to Peer_5:basic
Peer_2:basic INFO 0.6690010684429776: Connecting to Peer_3:basic
Peer_2:basic INFO 0.6994023527010419: Received message <Hello:> from Peer_6:basic
Peer_2:basic INFO 0.7628842665070409: Received message <Hello:> from Peer_7:basic
Peer_2:basic INFO 0.7628842665070409: Connecting to Peer_7:basic
Peer_2:basic INFO 0.7628842665070409: Sending message <Hello:> to Peer_7:basic
Peer_2:basic INFO 1.091211251665992: Received message <Hello:> from Peer_3:basic
Peer_2:basic INFO 1.091590041383499: Received message <Hello:> from Peer_8:basic
Peer_2:basic INFO 1.2828518362870724: Received message <Hello:> from Peer_8:basic
Peer_2:basic INFO 1.7924361010610914: Received message <Hello:> from Peer_3:basic
Peer_2:basic INFO 2.0950332901921946: Received message <Hello:> from Peer_6:basic
Peer_2:basic INFO 2.231349082896705: Received message <Hello:> from Peer_1:basic
Peer_2:basic INFO 3.130851741986651: Received message <Hello:> from Peer_1:basic
Peer_2:basic INFO 4.214588368138165: Received message <Hello:> from Peer_2:basic
Peer_2:basic INFO 4.214588368138165: Connecting to Peer_2:basic
Peer_2:basic INFO 4.214588368138165: Connecting to Peer_2:basic
Peer_2:basic INFO 4.214588368138165: Sending message <Hello:> to Peer_2:basic
Peer_2:basic INFO 4.365075001523525: Connecting to Peer_9:basic
Peer_2:basic INFO 4.599540415687726: Received message <Hello:> from Peer_6:basic
Peer_2:basic INFO 4.599540415687726: Connecting to Peer_6:basic
Peer_2:basic INFO 4.599540415687726: Sending message <Hello:> to Peer_6:basic
Peer_2:basic INFO 5.779294314858282: Received message <Hello:> from Peer_2:basic
Peer_2:basic INFO 6.462929956876723: Received message <Hello:> from Peer_9:basic
Peer_2:basic INFO 9.833045665988617: Received message <Hello:> from Peer_9:basic
Peer_2:basic INFO 11.160419718021112: Received message <Hello:> from Peer_2:basic
Peer_2:basic INFO 1000: Sending message <Ping:> to Peer_8:basic
Peer_2:basic INFO 1000: Sending message <Ping:> to Peer_3:basic
Peer_2:basic INFO 1000: Sending message <Ping:> to Peer_7:basic
Peer_2:basic INFO 1000: Sending message <Ping:> to Peer_2:basic
Peer_2:basic INFO 1000: Sending message <Ping:> to Peer_6:basic
Peer_2:basic INFO 1000: Sending message <Ping:> to Peer_1:basic
Peer_2:basic INFO 1000: Sending message <Ping:> to Peer_6:basic
Peer_2:basic INFO 1000: Sending message <Ping:> to Peer_5:basic
Peer_2:basic INFO 1000: Sending message <Ping:> to Peer_2:basic
Peer_2:basic INFO 1000: Sending message <Ping:> to Peer_9:basic
Peer_2:basic INFO 1000.7574304047024: Received message <Ping:> from Peer_6:basic
Peer_2:basic INFO 1000.7574304047024: Sending message <Pong:> to Peer_6:basic
Peer_2:basic INFO 1000.8336159537976: Received message <Ping:> from Peer_7:basic
Peer_2:basic INFO 1000.8336159537976: Sending message <Pong:> to Peer_7:basic
Peer_2:basic INFO 1000.9476534482758: Received message <Ping:> from Peer_1:basic
Peer_2:basic INFO 1000.9476534482758: Sending message <Pong:> to Peer_1:basic
Peer_2:basic INFO 1001.0832794428011: Received message <Ping:> from Peer_3:basic
Peer_2:basic INFO 1001.0832794428011: Sending message <Pong:> to Peer_3:basic
Peer_2:basic INFO 1001.1899400887337: Received message <Ping:> from Peer_8:basic
Peer_2:basic INFO 1001.1899400887337: Sending message <Pong:> to Peer_8:basic
Peer_2:basic INFO 1001.4730875599423: Received message <Ping:> from Peer_5:basic
Peer_2:basic INFO 1001.4730875599423: Sending message <Pong:> to Peer_5:basic
Peer_2:basic INFO 1001.593064384456: Received message <Pong:> from Peer_8:basic
Peer_2:basic INFO 1001.5970461840889: Received message <Pong:> from Peer_1:basic
Peer_2:basic INFO 1001.6629600982425: Received message <Pong:> from Peer_5:basic
Peer_2:basic INFO 1001.9867156745736: Received message <Pong:> from Peer_3:basic
Peer_2:basic INFO 1002.2559558419105: Received message <Pong:> from Peer_6:basic
Peer_2:basic INFO 1002.3961202750799: Received message <Pong:> from Peer_7:basic
Peer_2:basic INFO 1005.2020241285068: Received message <Ping:> from Peer_9:basic
Peer_2:basic INFO 1005.2020241285068: Sending message <Pong:> to Peer_9:basic
Peer_2:basic INFO 1005.2247252456735: Received message <Ping:> from Peer_6:basic
Peer_2:basic INFO 1005.2247252456735: Sending message <Pong:> to Peer_6:basic
Peer_2:basic INFO 1005.6639836898006: Received message <Ping:> from Peer_2:basic
Peer_2:basic INFO 1005.6639836898006: Sending message <Pong:> to Peer_2:basic
Peer_2:basic INFO 1006.5159795318342: Received message <Ping:> from Peer_2:basic
Peer_2:basic INFO 1006.5159795318342: Sending message <Pong:> to Peer_2:basic
Peer_2:basic INFO 1010.7432116335693: Received message <Pong:> from Peer_6:basic
Peer_2:basic INFO 1013.039959147251: Received message <Pong:> from Peer_9:basic
Peer_2:basic INFO 1013.2847302313685: Received message <Pong:> from Peer_2:basic
Peer_2:basic INFO 1013.9596662593475: Received message <Pong:> from Peer_2:basic
Peer_2:basic INFO 2000: Sending message <Ping:> to Peer_8:basic
Peer_2:basic INFO 2000: Sending message <Ping:> to Peer_3:basic
Peer_2:basic INFO 2000: Sending message <Ping:> to Peer_7:basic
Peer_2:basic INFO 2000: Sending message <Ping:> to Peer_2:basic
Peer_2:basic INFO 2000: Sending message <Ping:> to Peer_6:basic
Peer_2:basic INFO 2000: Sending message <Ping:> to Peer_1:basic
Peer_2:basic INFO 2000: Sending message <Ping:> to Peer_6:basic
Peer_2:basic INFO 2000: Sending message <Ping:> to Peer_5:basic
Peer_2:basic INFO 2000: Sending message <Ping:> to Peer_2:basic
Peer_2:basic INFO 2000: Sending message <Ping:> to Peer_9:basic
Peer_2:basic INFO 2000.7791129889492: Received message <Ping:> from Peer_5:basic
Peer_2:basic INFO 2000.7791129889492: Sending message <Pong:> to Peer_5:basic
Peer_2:basic INFO 2000.8114391196718: Received message <Ping:> from Peer_1:basic
Peer_2:basic INFO 2000.8114391196718: Sending message <Pong:> to Peer_1:basic
Peer_2:basic INFO 2001.057996147791: Received message <Ping:> from Peer_3:basic
Peer_2:basic INFO 2001.057996147791: Sending message <Pong:> to Peer_3:basic
Peer_2:basic INFO 2001.1691968171933: Received message <Pong:> from Peer_5:basic
Peer_2:basic INFO 2001.2060792182358: Received message <Ping:> from Peer_8:basic
Peer_2:basic INFO 2001.2060792182358: Sending message <Pong:> to Peer_8:basic
Peer_2:basic INFO 2001.4628824627682: Received message <Pong:> from Peer_6:basic
Peer_2:basic INFO 2001.5130487090564: Received message <Ping:> from Peer_7:basic
Peer_2:basic INFO 2001.5130487090564: Sending message <Pong:> to Peer_7:basic
Peer_2:basic INFO 2001.6272138657055: Received message <Pong:> from Peer_8:basic
Peer_2:basic INFO 2001.9467573151921: Received message <Pong:> from Peer_1:basic
Peer_2:basic INFO 2002.1330894116072: Received message <Ping:> from Peer_6:basic
Peer_2:basic INFO 2002.1330894116072: Sending message <Pong:> to Peer_6:basic
Peer_2:basic INFO 2002.27354697907: Received message <Pong:> from Peer_3:basic
Peer_2:basic INFO 2002.2902540707903: Received message <Pong:> from Peer_7:basic
Peer_2:basic INFO 2005.9897720083793: Received message <Ping:> from Peer_9:basic
Peer_2:basic INFO 2005.9897720083793: Sending message <Pong:> to Peer_9:basic
Peer_2:basic INFO 2006.1453747640867: Received message <Ping:> from Peer_2:basic
Peer_2:basic INFO 2006.1453747640867: Sending message <Pong:> to Peer_2:basic
Peer_2:basic INFO 2006.2022213963148: Received message <Ping:> from Peer_2:basic
Peer_2:basic INFO 2006.2022213963148: Sending message <Pong:> to Peer_2:basic
Peer_2:basic INFO 2007.1605416240927: Received message <Ping:> from Peer_6:basic
Peer_2:basic INFO 2007.1605416240927: Sending message <Pong:> to Peer_6:basic
Peer_2:basic INFO 2011.7708234598026: Received message <Pong:> from Peer_2:basic
Peer_2:basic INFO 2012.2882556777317: Received message <Pong:> from Peer_2:basic
Peer_2:basic INFO 2012.7880183769037: Received message <Pong:> from Peer_6:basic
Peer_2:basic INFO 2013.167335336627: Received message <Pong:> from Peer_9:basic
Peer_2:basic INFO 3000: Sending message <Ping:> to Peer_8:basic
Peer_2:basic INFO 3000: Sending message <Ping:> to Peer_3:basic
Peer_2:basic INFO 3000: Sending message <Ping:> to Peer_7:basic
Peer_2:basic INFO 3000: Sending message <Ping:> to Peer_2:basic
Peer_2:basic INFO 3000: Sending message <Ping:> to Peer_6:basic
Peer_2:basic INFO 3000: Sending message <Ping:> to Peer_1:basic
Peer_2:basic INFO 3000: Sending message <Ping:> to Peer_6:basic
Peer_2:basic INFO 3000: Sending message <Ping:> to Peer_5:basic
Peer_2:basic INFO 3000: Sending message <Ping:> to Peer_2:basic
Peer_2:basic INFO 3000: Sending message <Ping:> to Peer_9:basic
Peer_2:basic INFO 3000.5178959097384: Received message <Ping:> from Peer_6:basic
Peer_2:basic INFO 3000.5178959097384: Sending message <Pong:> to Peer_6:basic
Peer_2:basic INFO 3000.7674936966378: Received message <Ping:> from Peer_7:basic
Peer_2:basic INFO 3000.7674936966378: Sending message <Pong:> to Peer_7:basic
Peer_2:basic INFO 3000.967107047572: Received message <Ping:> from Peer_5:basic
Peer_2:basic INFO 3000.967107047572: Sending message <Pong:> to Peer_5:basic
Peer_2:basic INFO 3001.2872528978014: Received message <Pong:> from Peer_6:basic
Peer_2:basic INFO 3001.3202800901117: Received message <Ping:> from Peer_3:basic
Peer_2:basic INFO 3001.3202800901117: Sending message <Pong:> to Peer_3:basic
Peer_2:basic INFO 3001.3629973665934: Received message <Ping:> from Peer_8:basic
Peer_2:basic INFO 3001.3629973665934: Sending message <Pong:> to Peer_8:basic
Peer_2:basic INFO 3001.641959583025: Received message <Pong:> from Peer_5:basic
Peer_2:basic INFO 3001.6643000543017: Received message <Ping:> from Peer_1:basic
Peer_2:basic INFO 3001.6643000543017: Sending message <Pong:> to Peer_1:basic
Peer_2:basic INFO 3001.8370952820064: Received message <Pong:> from Peer_7:basic
Peer_2:basic INFO 3001.8753117392157: Received message <Pong:> from Peer_8:basic
Peer_2:basic INFO 3002.0753057684606: Received message <Pong:> from Peer_3:basic
Peer_2:basic INFO 3003.721786379905: Received message <Pong:> from Peer_1:basic
Peer_2:basic INFO 3004.5699052671075: Received message <Ping:> from Peer_2:basic
Peer_2:basic INFO 3004.5699052671075: Sending message <Pong:> to Peer_2:basic
Peer_2:basic INFO 3004.840240061002: Received message <Ping:> from Peer_9:basic
Peer_2:basic INFO 3004.840240061002: Sending message <Pong:> to Peer_9:basic
Peer_2:basic INFO 3005.026930917541: Received message <Ping:> from Peer_6:basic
Peer_2:basic INFO 3005.026930917541: Sending message <Pong:> to Peer_6:basic
Peer_2:basic INFO 3005.7559669287284: Received message <Ping:> from Peer_2:basic
Peer_2:basic INFO 3005.7559669287284: Sending message <Pong:> to Peer_2:basic
Peer_2:basic INFO 3010.476382245313: Received message <Pong:> from Peer_2:basic
Peer_2:basic INFO 3010.8316130081894: Received message <Pong:> from Peer_2:basic
Peer_2:basic INFO 3011.8150325200686: Received message <Pong:> from Peer_9:basic
Peer_2:basic INFO 3011.93209562538: Received message <Pong:> from Peer_6:basic
Peer_2:basic INFO 4000: Sending message <Ping:> to Peer_8:basic
Peer_2:basic INFO 4000: Sending message <Ping:> to Peer_3:basic
Peer_2:basic INFO 4000: Sending message <Ping:> to Peer_7:basic
Peer_2:basic INFO 4000: Sending message <Ping:> to Peer_2:basic
Peer_2:basic INFO 4000: Sending message <Ping:> to Peer_6:basic
Peer_2:basic INFO 4000: Sending message <Ping:> to Peer_1:basic
Peer_2:basic INFO 4000: Sending message <Ping:> to Peer_6:basic
Peer_2:basic INFO 4000: Sending message <Ping:> to Peer_5:basic
Peer_2:basic INFO 4000: Sending message <Ping:> to Peer_2:basic
Peer_2:basic INFO 4000: Sending message <Ping:> to Peer_9:basic
Peer_2:basic INFO 4000.565318499296: Received message <Ping:> from Peer_5:basic
Peer_2:basic INFO 4000.565318499296: Sending message <Pong:> to Peer_5:basic
Peer_2:basic INFO 4000.7187406826883: Received message <Ping:> from Peer_1:basic
Peer_2:basic INFO 4000.7187406826883: Sending message <Pong:> to Peer_1:basic
Peer_2:basic INFO 4000.8430458530493: Received message <Ping:> from Peer_3:basic
Peer_2:basic INFO 4000.8430458530493: Sending message <Pong:> to Peer_3:basic
Peer_2:basic INFO 4000.933604445006: Received message <Ping:> from Peer_6:basic
Peer_2:basic INFO 4000.933604445006: Sending message <Pong:> to Peer_6:basic
Peer_2:basic INFO 4001.1536899456237: Received message <Ping:> from Peer_8:basic
Peer_2:basic INFO 4001.1536899456237: Sending message <Pong:> to Peer_8:basic
Peer_2:basic INFO 4001.1612659987786: Received message <Ping:> from Peer_7:basic
Peer_2:basic INFO 4001.1612659987786: Sending message <Pong:> to Peer_7:basic
Peer_2:basic INFO 4001.250697831042: Received message <Pong:> from Peer_3:basic
Peer_2:basic INFO 4001.6624237143897: Received message <Pong:> from Peer_7:basic
Peer_2:basic INFO 4001.82361496229: Received message <Pong:> from Peer_8:basic
Peer_2:basic INFO 4002.1942687736555: Received message <Pong:> from Peer_6:basic
Peer_2:basic INFO 4002.211864736874: Received message <Pong:> from Peer_5:basic
Peer_2:basic INFO 4002.745221974406: Received message <Pong:> from Peer_1:basic
Peer_2:basic INFO 4004.3015582810535: Received message <Ping:> from Peer_6:basic
Peer_2:basic INFO 4004.3015582810535: Sending message <Pong:> to Peer_6:basic
Peer_2:basic INFO 4004.893347399389: Received message <Ping:> from Peer_2:basic
Peer_2:basic INFO 4004.893347399389: Sending message <Pong:> to Peer_2:basic
Peer_2:basic INFO 4005.0091951843524: Received message <Ping:> from Peer_9:basic
Peer_2:basic INFO 4005.0091951843524: Sending message <Pong:> to Peer_9:basic
Peer_2:basic INFO 4007.1721558319746: Received message <Ping:> from Peer_2:basic
Peer_2:basic INFO 4007.1721558319746: Sending message <Pong:> to Peer_2:basic
Peer_2:basic INFO 4009.657117982507: Received message <Pong:> from Peer_2:basic
Peer_2:basic INFO 4011.420711763135: Received message <Pong:> from Peer_9:basic
Peer_2:basic INFO 4012.25717070137: Received message <Pong:> from Peer_2:basic
Peer_2:basic INFO 4014.2157730452527: Received message <Pong:> from Peer_6:basic
