Peer_3:basic INFO 0.624552271735069: Received message <Hello:> from Peer_4:basic
Peer_3:basic INFO 0.624552271735069: Connecting to Peer_4:basic
Peer_3:basic INFO 0.624552271735069: Sending message <Hello:> to Peer_4:basic
Peer_3:basic INFO 0.6690010684429776: Received message <Hello:> from Peer_2:basic
Peer_3:basic INFO 0.6690010684429776: Connecting to Peer_2:basic
Peer_3:basic INFO 0.6690010684429776: Sending message <Hello:> to Peer_2:basic
Peer_3:basic INFO 0.7243199293127094: Connecting to Peer_7:basic
Peer_3:basic INFO 0.771925597505752: Received message <Hello:> from Peer_7:basic
Peer_3:basic INFO 0.9477810131297609: Received message <Hello:> from Peer_9:basic
Peer_3:basic INFO 0.9477810131297609: Connecting to Peer_9:basic
Peer_3:basic INFO 0.9477810131297609: Sending message <Hello:> to Peer_9:basic
Peer_3:basic INFO 1.0582676011615295: Received message <Hello:> from Peer_8:basic
Peer_3:basic INFO 1.0582676011615295: Connecting to Peer_8:basic
Peer_3:basic INFO 1.0582676011615295: Sending message <Hello:> to Peer_8:basic
Peer_3:basic INFO 1.803411659472073: Received message <Hello:> from Peer_7:basic
Peer_3:basic INFO 5.324022208637002: Connecting to Peer_1:basic
Peer_3:basic INFO 6.154065312090586: Received message <Hello:> from Peer_1:basic
Peer_3:basic INFO 10.650790943122765: Received message <Hello:> from Peer_1:basic
Peer_3:basic INFO 1000: Sending message <Ping:> to Peer_4:basic
Peer_3:basic INFO 1000: Sending message <Ping:> to Peer_2:basic
Peer_3:basic INFO 1000: Sending message <Ping:> to Peer_7:basic
Peer_3:basic INFO 1000: Sending message <Ping:> to Peer_9:basic
Peer_3:basic INFO 1000: Sending message <Ping:> to Peer_8:basic
Peer_3:basic INFO 1000: Sending message <Ping:> to Peer_1:basic
Peer_3:basic INFO 1000.6472796137723: Received message <Ping:> from Peer_7:basic
Peer_3:basic INFO 1000.6472796137723: Sending message <Pong:> to Peer_7:basic
Peer_3:basic INFO 1000.8281102461276: Received message <Ping:> from Peer_2:basic
Peer_3:basic INFO 1000.8281102461276: Sending message <Pong:> to Peer_2:basic
Peer_3:basic INFO 1001.0615864113463: Received message <Ping:> from Peer_8:basic
Peer_3:basic INFO 1001.0615864113463: Sending message <Pong:> to Peer_8:basic
Peer_3:basic INFO 1001.2304547103005: Received message <Ping:> from Peer_4:basic
Peer_3:basic INFO 1001.2304547103005: Sending message <Pong:> to Peer_4:basic
Peer_3:basic INFO 1001.4152279458818: Received message <Ping:> from Peer_9:basic
Peer_3:basic INFO 1001.4152279458818: Sending message <Pong:> to Peer_9:basic
Peer_3:basic INFO 1001.8736339846165: Received message <Pong:> from Peer_2:basic
Peer_3:basic INFO 1002.0205787320901: Received message <Pong:> from Peer_7:basic
Peer_3:basic INFO 1002.3410126957618: Received message <Pong:> from Peer_8:basic
Peer_3:basic INFO 1002.4157122874362: Received message <Pong:> from Peer_4:basic
Peer_3:basic INFO 1002.6533259910217: Received message <Pong:> from Peer_9:basic
Peer_3:basic INFO 1004.771238528932: Received message <Ping:> from Peer_1:basic
Peer_3:basic INFO 1004.771238528932: Sending message <Pong:> to Peer_1:basic
Peer_3:basic INFO 1008.5434176428885: Received message <Pong:> from Peer_1:basic
Peer_3:basic INFO 2000: Sending message <Ping:> to Peer_4:basic
Peer_3:basic INFO 2000: Sending message <Ping:> to Peer_2:basic
Peer_3:basic INFO 2000: Sending message <Ping:> to Peer_7:basic
Peer_3:basic INFO 2000: Sending message <Ping:> to Peer_9:basic
Peer_3:basic INFO 2000: Sending message <Ping:> to Peer_8:basic
Peer_3:basic INFO 2000: Sending message <Ping:> to Peer_1:basic
Peer_3:basic INFO 2000.5708558799465: Received message <Ping:> from Peer_7:basic
Peer_3:basic INFO 2000.5708558799465: Sending message <Pong:> to Peer_7:basic
Peer_3:basic INFO 2000.8881533927: Received message <Ping:> from Peer_8:basic
Peer_3:basic INFO 2000.8881533927: Sending message <Pong:> to Peer_8:basic
Peer_3:basic INFO 2001.138219105887: Received message <Ping:> from Peer_4:basic
Peer_3:basic INFO 2001.138219105887: Sending message <Pong:> to Peer_4:basic
Peer_3:basic INFO 2001.171388895609: Received message <Ping:> from Peer_9:basic
Peer_3:basic INFO 2001.171388895609: Sending message <Pong:> to Peer_9:basic
Peer_3:basic INFO 2001.260602920406: Received message <Ping:> from Peer_2:basic
Peer_3:basic INFO 2001.260602920406: Sending message <Pong:> to Peer_2:basic
Peer_3:basic INFO 2001.9158889077457: Received message <Pong:> from Peer_7:basic
Peer_3:basic INFO 2002.0514890682018: Received message <Pong:> from Peer_8:basic
Peer_3:basic INFO 2002.053285829436: Received message <Pong:> from Peer_2:basic
Peer_3:basic INFO 2002.0673139227795: Received message <Pong:> from Peer_9:basic
Peer_3:basic INFO 2002.0687469155853: Received message <Pong:> from Peer_4:basic
Peer_3:basic INFO 2007.4919942201739: Received message <Ping:> from Peer_1:basic
Peer_3:basic INFO 2007.4919942201739: Sending message <Pong:> to Peer_1:basic
Peer_3:basic INFO 2012.769810519568: Received message <Pong:> from Peer_1:basic
Peer_3:basic INFO 3000: Sending message <Ping:> to Peer_4:basic
Peer_3:basic INFO 3000: Sending message <Ping:> to Peer_2:basic
Peer_3:basic INFO 3000: Sending message <Ping:> to Peer_7:basic
Peer_3:basic INFO 3000: Sending message <Ping:> to Peer_9:basic
Peer_3:basic INFO 3000: Sending message <Ping:> to Peer_8:basic
Peer_3:basic INFO 3000: Sending message <Ping:> to Peer_1:basic
Peer_3:basic INFO 3000.7028785405096: Received message <Ping:> from Peer_4:basic
Peer_3:basic INFO 3000.7028785405096: Sending message <Pong:> to Peer_4:basic
Peer_3:basic INFO 3000.76127991293: Received message <Ping:> from Peer_9:basic
Peer_3:basic INFO 3000.76127991293: Sending message <Pong:> to Peer_9:basic
Peer_3:basic INFO 3000.8610568083577: Received message <Ping:> from Peer_8:basic
Peer_3:basic INFO 3000.8610568083577: Sending message <Pong:> to Peer_8:basic
Peer_3:basic INFO 3001.313986772979: Received message <Ping:> from Peer_7:basic
Peer_3:basic INFO 3001.313986772979: Sending message <Pong:> to Peer_7:basic
Peer_3:basic INFO 3001.318021549223: Received message <Ping:> from Peer_2:basic
Peer_3:basic INFO 3001.318021549223: Sending message <Pong:> to Peer_2:basic
Peer_3:basic INFO 3001.394199299503: Received message <Pong:> from Peer_4:basic
Peer_3:basic INFO 3001.8768461134346: Received message <Pong:> from Peer_8:basic
Peer_3:basic INFO 3002.096096124503: Received message <Pong:> from Peer_9:basic
Peer_3:basic INFO 3002.197077272817: Received message <Pong:> from Peer_7:basic
Peer_3:basic INFO 3002.7555331854187: Received message <Pong:> from Peer_2:basic
Peer_3:basic INFO 3004.586619538335: Received message <Ping:> from Peer_1:basic
Peer_3:basic INFO 3004.586619538335: Sending message <Pong:> to Peer_1:basic
Peer_3:basic INFO 3010.3863332156902: Received message <Pong:> from Peer_1:basic
Peer_3:basic INFO 4000: Sending message <Ping:> to Peer_4:basic
Peer_3:basic INFO 4000: Sending message <Ping:> to Peer_2:basic
Peer_3:basic INFO 4000: Sending message <Ping:> to Peer_7:basic
Peer_3:basic INFO 4000: Sending message <Ping:> to Peer_9:basic
Peer_3:basic INFO 4000: Sending message <Ping:> to Peer_8:basic
Peer_3:basic INFO 4000: Sending message <Ping:> to Peer_1:basic
Peer_3:basic INFO 4000.8162137287513: Received message <Ping:> from Peer_8:basic
Peer_3:basic INFO 4000.8162137287513: Sending message <Pong:> to Peer_8:basic
Peer_3:basic INFO 4000.9537888788755: Received message <Ping:> from Peer_4:basic
Peer_3:basic INFO 4000.9537888788755: Sending message <Pong:> to Peer_4:basic
Peer_3:basic INFO 4001.056226991023: Received message <Ping:> from Peer_7:basic
Peer_3:basic INFO 4001.056226991023: Sending message <Pong:> to Peer_7:basic
Peer_3:basic INFO 4001.065648786725: Received message <Pong:> from Peer_7:basic
Peer_3:basic INFO 4001.2166257475037: Received message <Ping:> from Peer_9:basic
Peer_3:basic INFO 4001.2166257475037: Sending message <Pong:> to Peer_9:basic
Peer_3:basic INFO 4001.225306960882: Received message <Ping:> from Peer_2:basic
Peer_3:basic INFO 4001.225306960882: Sending message <Pong:> to Peer_2:basic
Peer_3:basic INFO 4001.709551020163: Received message <Pong:> from Peer_4:basic
Peer_3:basic INFO 4001.7496230026686: Received message <Pong:> from Peer_2:basic
Peer_3:basic INFO 4002.244331737841: Received message <Pong:> from Peer_9:basic
Peer_3:basic INFO 4002.537578118305: Received message <Pong:> from Peer_8:basic
Peer_3:basic INFO 4004.7172048494426: Received message <Ping:> from Peer_1:basic
Peer_3:basic INFO 4004.7172048494426: Sending message <Pong:> to Peer_1:basic
Peer_3:basic INFO 4014.480886484902: Received message <Pong:> from Peer_1:basic
