Peer_8:basic INFO 4.737180507052475: Received message <Hello:> from Peer_6:basic
Peer_8:basic INFO 4.737180507052475: Connecting to Peer_6:basic
Peer_8:basic INFO 4.737180507052475: Sending message <Hello:> to Peer_6:basic
Peer_8:basic INFO 5.228686732347911: Received message <Hello:> from Peer_9:basic
Peer_8:basic INFO 5.228686732347911: Connecting to Peer_9:basic
Peer_8:basic INFO 5.228686732347911: Sending message <Hello:> to Peer_9:basic
Peer_8:basic INFO 7.273152060851645: Received message <Hello:> from Peer_1:basic
Peer_8:basic INFO 7.273152060851645: Connecting to Peer_1:basic
Peer_8:basic INFO 7.273152060851645: Sending message <Hello:> to Peer_1:basic
Peer_8:basic INFO 1000: Sending message <Ping:> to Peer_6:basic
Peer_8:basic INFO 1000: Sending message <Ping:> to Peer_9:basic
Peer_8:basic INFO 1000: Sending message <Ping:> to Peer_1:basic
Peer_8:basic INFO 1005.2980441880025: Received message <Ping:> from Peer_1:basic
Peer_8:basic INFO 1005.2980441880025: Sending message <Pong:> to Peer_1:basic
Peer_8:basic INFO 1005.7476514804687: Received message <Ping:> from Peer_9:basic
Peer_8:basic INFO 1005.7476514804687: Sending message <Pong:> to Peer_9:basic
Peer_8:basic INFO 1006.6891691471649: Received message <Ping:> from Peer_6:basic
Peer_8:basic INFO 1006.6891691471649: Sending message <Pong:> to Peer_6:basic
Peer_8:basic INFO 1011.4311494746182: Received message <Pong:> from Peer_9:basic
Peer_8:basic INFO 1011.7140676653403: Received message <Pong:> from Peer_1:basic
Peer_8:basic INFO 1013.7517718760173: Received message <Pong:> from Peer_6:basic
Peer_8:basic INFO 2000: Sending message <Ping:> to Peer_6:basic
Peer_8:basic INFO 2000: Sending message <Ping:> to Peer_9:basic
Peer_8:basic INFO 2000: Sending message <Ping:> to Peer_1:basic
Peer_8:basic INFO 2004.5247109283519: Received message <Ping:> from Peer_9:basic
Peer_8:basic INFO 2004.5247109283519: Sending message <Pong:> to Peer_9:basic
Peer_8:basic INFO 2005.3040853300731: Received message <Ping:> from Peer_6:basic
Peer_8:basic INFO 2005.3040853300731: Sending message <Pong:> to Peer_6:basic
Peer_8:basic INFO 2005.4124633486188: Received message <Ping:> from Peer_1:basic
Peer_8:basic INFO 2005.4124633486188: Sending message <Pong:> to Peer_1:basic
Peer_8:basic INFO 2009.2599967533438: Received message <Pong:> from Peer_1:basic
Peer_8:basic INFO 2010.5959788540113: Received message <Pong:> from Peer_9:basic
Peer_8:basic INFO 2010.7526071848047: Received message <Pong:> from Peer_6:basic
Peer_8:basic INFO 3000: Sending message <Ping:> to Peer_6:basic
Peer_8:basic INFO 3000: Sending message <Ping:> to Peer_9:basic
Peer_8:basic INFO 3000: Sending message <Ping:> to Peer_1:basic
Peer_8:basic INFO 3005.2121336585633: Received message <Ping:> from Peer_9:basic
Peer_8:basic INFO 3005.2121336585633: Sending message <Pong:> to Peer_9:basic
Peer_8:basic INFO 3005.580143840836: Received message <Ping:> from Peer_1:basic
Peer_8:basic INFO 3005.580143840836: Sending message <Pong:> to Peer_1:basic
Peer_8:basic INFO 3006.395608322745: Received message <Ping:> from Peer_6:basic
Peer_8:basic INFO 3006.395608322745: Sending message <Pong:> to Peer_6:basic
Peer_8:basic INFO 3011.6393629920817: Received message <Pong:> from Peer_9:basic
Peer_8:basic INFO 3013.4719399292408: Received message <Pong:> from Peer_1:basic
Peer_8:basic INFO 3015.5732522717863: Received message <Pong:> from Peer_6:basic
Peer_8:basic INFO 4000: Sending message <Ping:> to Peer_6:basic
Peer_8:basic INFO 4000: Sending message <Ping:> to Peer_9:basic
Peer_8:basic INFO 4000: Sending message <Ping:> to Peer_1:basic
Peer_8:basic INFO 4006.3033054107236: Received message <Ping:> from Peer_1:basic
Peer_8:basic INFO 4006.3033054107236: Sending message <Pong:> to Peer_1:basic
Peer_8:basic INFO 4006.431045014207: Received message <Ping:> from Peer_6:basic
Peer_8:basic INFO 4006.431045014207: Sending message <Pong:> to Peer_6:basic
Peer_8:basic INFO 4006.8471035185494: Received message <Ping:> from Peer_9:basic
Peer_8:basic INFO 4006.8471035185494: Sending message <Pong:> to Peer_9:basic
Peer_8:basic INFO 4010.760247056485: Received message <Pong:> from Peer_6:basic
Peer_8:basic INFO 4011.014362093859: Received message <Pong:> from Peer_1:basic
Peer_8:basic INFO 4011.4629601486245: Received message <Pong:> from Peer_9:basic
