Peer_9:basic INFO 0.7286466333619973: Received message <Hello:> from Peer_6:basic
Peer_9:basic INFO 0.7286466333619973: Connecting to Peer_6:basic
Peer_9:basic INFO 0.7286466333619973: Sending message <Hello:> to Peer_6:basic
Peer_9:basic INFO 4.78834032526466: Connecting to Peer_2:basic
Peer_9:basic INFO 5.228686732347911: Connecting to Peer_8:basic
Peer_9:basic INFO 5.340972584096449: Connecting to Peer_7:basic
Peer_9:basic INFO 5.5861296723232865: Received message <Hello:> from Peer_7:basic
Peer_9:basic INFO 6.203476345297309: Received message <Hello:> from Peer_2:basic
Peer_9:basic INFO 6.846485012276768: Received message <Hello:> from Peer_8:basic
Peer_9:basic INFO 10.092649276597221: Received message <Hello:> from Peer_2:basic
Peer_9:basic INFO 10.85853376371371: Received message <Hello:> from Peer_8:basic
Peer_9:basic INFO 11.46779331887707: Received message <Hello:> from Peer_7:basic
Peer_9:basic INFO 1000: Sending message <Ping:> to Peer_6:basic
Peer_9:basic INFO 1000: Sending message <Ping:> to Peer_2:basic
Peer_9:basic INFO 1000: Sending message <Ping:> to Peer_8:basic
Peer_9:basic INFO 1000: Sending message <Ping:> to Peer_7:basic
Peer_9:basic INFO 1000.5593333111658: Received message <Ping:> from Peer_6:basic
Peer_9:basic INFO 1000.5593333111658: Sending message <Pong:> to Peer_6:basic
Peer_9:basic INFO 1002.662272753694: Received message <Pong:> from Peer_6:basic
Peer_9:basic INFO 1004.9812745188244: Received message <Ping:> from Peer_8:basic
Peer_9:basic INFO 1004.9812745188244: Sending message <Pong:> to Peer_8:basic
Peer_9:basic INFO 1005.6995906767206: Received message <Ping:> from Peer_2:basic
Peer_9:basic INFO 1005.6995906767206: Sending message <Pong:> to Peer_2:basic
Peer_9:basic INFO 1008.0119994521359: Received message <Ping:> from Peer_7:basic
Peer_9:basic INFO 1008.0119994521359: Sending message <Pong:> to Peer_7:basic
Peer_9:basic INFO 1011.4113180052589: Received message <Pong:> from Peer_2:basic
Peer_9:basic INFO 1012.5967341565963: Received message <Pong:> from Peer_7:basic
Peer_9:basic INFO 1013.4101948453321: Received message <Pong:> from Peer_8:basic
Peer_9:basic INFO 2000: Sending message <Ping:> to Peer_6:basic
Peer_9:basic INFO 2000: Sending message <Ping:> to Peer_2:basic
Peer_9:basic INFO 2000: Sending message <Ping:> to Peer_8:basic
Peer_9:basic INFO 2000: Sending message <Ping:> to Peer_7:basic
Peer_9:basic INFO 2000.7286084502102: Received message <Ping:> from Peer_6:basic
Peer_9:basic INFO 2000.7286084502102: Sending message <Pong:> to Peer_6:basic
Peer_9:basic INFO 2001.3877193904514: Received message <Pong:> from Peer_6:basic
Peer_9:basic INFO 2005.0311960154934: Received message <Ping:> from Peer_2:basic
Peer_9:basic INFO 2005.0311960154934: Sending message <Pong:> to Peer_2:basic
Peer_9:basic INFO 2005.1990373193107: Received message <Ping:> from Peer_8:basic
Peer_9:basic INFO 2005.1990373193107: Sending message <Pong:> to Peer_8:basic
Peer_9:basic INFO 2006.1162623758041: Received message <Ping:> from Peer_7:basic
Peer_9:basic INFO 2006.1162623758041: Sending message <Pong:> to Peer_7:basic
Peer_9:basic INFO 2011.1938148782576: Received message <Pong:> from Peer_8:basic
Peer_9:basic INFO 2011.5226748251757: Received message <Pong:> from Peer_7:basic
Peer_9:basic INFO 2013.0837276665536: Received message <Pong:> from Peer_2:basic
Peer_9:basic INFO 3000: Sending message <Ping:> to Peer_6:basic
Peer_9:basic INFO 3000: Sending message <Ping:> to Peer_2:basic
Peer_9:basic INFO 3000: Sending message <Ping:> to Peer_8:basic
Peer_9:basic INFO 3000: Sending message <Ping:> to Peer_7:basic
Peer_9:basic INFO 3000.701473866772: Received message <Ping:> from Peer_6:basic
Peer_9:basic INFO 3000.701473866772: Sending message <Pong:> to Peer_6:basic
Peer_9:basic INFO 3002.495755170228: Received message <Pong:> from Peer_6:basic
Peer_9:basic INFO 3004.6099290802927: Received message <Ping:> from Peer_7:basic
Peer_9:basic INFO 3004.6099290802927: Sending message <Pong:> to Peer_7:basic
Peer_9:basic INFO 3005.2058126211823: Received message <Ping:> from Peer_2:basic
Peer_9:basic INFO 3005.2058126211823: Sending message <Pong:> to Peer_2:basic
Peer_9:basic INFO 3005.794779374603: Received message <Ping:> from Peer_8:basic
Peer_9:basic INFO 3005.794779374603: Sending message <Pong:> to Peer_8:basic
Peer_9:basic INFO 3010.2827490643845: Received message <Pong:> from Peer_8:basic
Peer_9:basic INFO 3011.1471421212023: Received message <Pong:> from Peer_7:basic
Peer_9:basic INFO 3012.9231327693783: Received message <Pong:> from Peer_2:basic
Peer_9:basic INFO 4000: Sending message <Ping:> to Peer_6:basic
Peer_9:basic INFO 4000: Sending message <Ping:> to Peer_2:basic
Peer_9:basic INFO 4000: Sending message <Ping:> to Peer_8:basic
Peer_9:basic INFO 4000: Sending message <Ping:> to Peer_7:basic
Peer_9:basic INFO 4000.6396173154617: Received message <Ping:> from Peer_6:basic
Peer_9:basic INFO 4000.6396173154617: Sending message <Pong:> to Peer_6:basic
Peer_9:basic INFO 4001.1833462467116: Received message <Pong:> from Peer_6:basic
Peer_9:basic INFO 4005.5917357608582: Received message <Ping:> from Peer_8:basic
Peer_9:basic INFO 4005.5917357608582: Sending message <Pong:> to Peer_8:basic
Peer_9:basic INFO 4006.190391172103: Received message <Ping:> from Peer_7:basic
Peer_9:basic INFO 4006.190391172103: Sending message <Pong:> to Peer_7:basic
Peer_9:basic INFO 4007.5660938858837: Received message <Ping:> from Peer_2:basic
Peer_9:basic INFO 4007.5660938858837: Sending message <Pong:> to Peer_2:basic
Peer_9:basic INFO 4010.680561954587: Received message <Pong:> from Peer_7:basic
Peer_9:basic INFO 4013.084997305847: Received message <Pong:> from Peer_8:basic
Peer_9:basic INFO 4013.9034815700834: Received message <Pong:> from Peer_2:basic
