Peer_2:basic WARNING 0: Not enough peers, fetching more (0, 5)
Peer_2:basic INFO 0.7818082768556283: Connecting to Peer_11:bootstrap
Peer_2:basic INFO 1.8074584360499972: Received message <Hello:> from Peer_11:bootstrap
Peer_2:basic INFO 6.625908848647223: Received message <RequestPeers:> from Peer_11:bootstrap
Peer_2:basic INFO 6.625908848647223: Sending message <PeerList> to Peer_11:bootstrap
Peer_2:basic WARNING 500: Not enough peers, fetching more (1, 5)
Peer_2:basic INFO 500: Sending message <RequestPeers:> to Peer_11:bootstrap
Peer_2:basic INFO 500.84354254895186: Received message <RequestPeers:> from Peer_11:bootstrap
Peer_2:basic INFO 500.84354254895186: Sending message <PeerList> to Peer_11:bootstrap
Peer_2:basic INFO 502.61431295109713: Received message <PeerList> from Peer_11:bootstrap
Peer_2:basic WARNING 1000: Not enough peers, fetching more (1, 5)
Peer_2:basic INFO 1000: Sending message <RequestPeers:> to Peer_11:bootstrap
Peer_2:basic INFO 1000.9936977247484: Connecting to Peer_6:basic
Peer_2:basic INFO 1001.6426217314747: Received message <RequestPeers:> from Peer_6:basic
Peer_2:basic INFO 1001.6426217314747: Sending message <PeerList> to Peer_6:basic
Peer_2:basic INFO 1001.9170271400669: Received message <Hello:> from Peer_6:basic
Peer_2:basic INFO 1003.5942977014057: Received message <PeerList> from Peer_11:bootstrap
Peer_2:basic WARNING 1500: Not enough peers, fetching more (2, 5)
Peer_2:basic INFO 1500: Sending message <RequestPeers:> to Peer_11:bootstrap
Peer_2:basic INFO 1500: Sending message <RequestPeers:> to Peer_6:basic
Peer_2:basic INFO 1500.7244949272686: Received message <RequestPeers:> from Peer_6:basic
Peer_2:basic INFO 1500.7244949272686: Sending message <PeerList> to Peer_6:basic
Peer_2:basic INFO 1503.3286555444508: Received message <PeerList> from Peer_11:bootstrap
Peer_2:basic INFO 1508.028591657519: Received message <PeerList> from Peer_6:basic
Peer_2:basic INFO 1511.2241053661285: Received message <Hello:> from Peer_9:basic
Peer_2:basic INFO 1511.2241053661285: Connecting to Peer_9:basic
Peer_2:basic INFO 1511.2241053661285: Sending message <Hello:> to Peer_9:basic
Peer_2:basic INFO 1511.2241053661285: Sending message <RequestPeers:> to Peer_9:basic
Peer_2:basic INFO 1514.204343190908: Received message <Hello:> from Peer_4:basic
Peer_2:basic INFO 1514.204343190908: Connecting to Peer_4:basic
Peer_2:basic INFO 1514.204343190908: Sending message <Hello:> to Peer_4:basic
Peer_2:basic INFO 1514.204343190908: Sending message <RequestPeers:> to Peer_4:basic
Peer_2:basic INFO 1516.120092523893: Received message <PeerList> from Peer_4:basic
Peer_2:basic INFO 1525.8624899174267: Received message <PeerList> from Peer_9:basic
Peer_2:basic WARNING 2000: Not enough peers, fetching more (4, 5)
Peer_2:basic INFO 2000.967269105131: Received message <RequestPeers:> from Peer_11:bootstrap
Peer_2:basic INFO 2000.967269105131: Sending message <PeerList> to Peer_11:bootstrap
Peer_2:basic INFO 2001.2792876785463: Received message <Hello:> from Peer_1:basic
Peer_2:basic INFO 2001.2792876785463: Connecting to Peer_1:basic
Peer_2:basic INFO 2001.2792876785463: Sending message <Hello:> to Peer_1:basic
Peer_2:basic INFO 2001.2792876785463: Sending message <RequestPeers:> to Peer_1:basic
Peer_2:basic INFO 2001.4549987290004: Received message <RequestPeers:> from Peer_4:basic
Peer_2:basic INFO 2001.4549987290004: Sending message <PeerList> to Peer_4:basic
Peer_2:basic INFO 2003.119753716595: Received message <PeerList> from Peer_1:basic
Peer_2:basic INFO 2006.1409309646147: Connecting to Peer_3:basic
Peer_2:basic INFO 2013.976334228908: Received message <Hello:> from Peer_3:basic
Peer_2:basic INFO 2013.9993897322458: Received message <RequestPeers:> from Peer_3:basic
Peer_2:basic INFO 2013.9993897322458: Sending message <PeerList> to Peer_3:basic
Peer_2:basic INFO 2500: Sending message <Ping:> to Peer_6:basic
Peer_2:basic INFO 2500: Sending message <Ping:> to Peer_9:basic
Peer_2:basic INFO 2500.9375132284154: Received message <Ping:> from Peer_6:basic
Peer_2:basic INFO 2500.9375132284154: Sending message <Pong:> to Peer_6:basic
Peer_2:basic INFO 2501.515862789494: Received message <Pong:> from Peer_6:basic
Peer_2:basic INFO 2506.6396314949293: Received message <Ping:> from Peer_9:basic
Peer_2:basic INFO 2506.6396314949293: Sending message <Pong:> to Peer_9:basic
Peer_2:basic INFO 2521.4999388066367: Received message <Pong:> from Peer_9:basic
Peer_2:basic INFO 3000: Sending message <Ping:> to Peer_11:bootstrap
Peer_2:basic INFO 3000: Sending message <Ping:> to Peer_4:basic
Peer_2:basic INFO 3000: Sending message <Ping:> to Peer_1:basic
Peer_2:basic INFO 3000: Sending message <Ping:> to Peer_3:basic
Peer_2:basic INFO 3000.7613228896344: Received message <Ping:> from Peer_11:bootstrap
Peer_2:basic INFO 3000.7613228896344: Sending message <Pong:> to Peer_11:bootstrap
Peer_2:basic INFO 3000.8950862410074: Received message <Ping:> from Peer_1:basic
Peer_2:basic INFO 3000.8950862410074: Sending message <Pong:> to Peer_1:basic
Peer_2:basic INFO 3001.4194228468414: Received message <Pong:> from Peer_1:basic
Peer_2:basic INFO 3001.8556418630124: Received message <Pong:> from Peer_4:basic
Peer_2:basic INFO 3002.1837990715517: Received message <Ping:> from Peer_4:basic
Peer_2:basic INFO 3002.1837990715517: Sending message <Pong:> to Peer_4:basic
Peer_2:basic INFO 3006.3454696789804: Received message <Ping:> from Peer_3:basic
Peer_2:basic INFO 3006.3454696789804: Sending message <Pong:> to Peer_3:basic
Peer_2:basic INFO 3013.5034803642056: Received message <Pong:> from Peer_11:bootstrap
Peer_2:basic INFO 3014.627030978328: Received message <Pong:> from Peer_3:basic
Peer_2:basic INFO 3500: Sending message <Ping:> to Peer_6:basic
Peer_2:basic INFO 3500: Sending message <Ping:> to Peer_9:basic
Peer_2:basic INFO 3500.6776500781984: Received message <Ping:> from Peer_6:basic
Peer_2:basic INFO 3500.6776500781984: Sending message <Pong:> to Peer_6:basic
Peer_2:basic INFO 3502.6861489503226: Received message <Pong:> from Peer_6:basic
Peer_2:basic INFO 3503.296724684696: Received message <RequestPeers:> from Peer_11:bootstrap
Peer_2:basic INFO 3503.296724684696: Sending message <PeerList> to Peer_11:bootstrap
Peer_2:basic INFO 3507.8327889921234: Received message <Ping:> from Peer_9:basic
Peer_2:basic INFO 3507.8327889921234: Sending message <Pong:> to Peer_9:basic
Peer_2:basic INFO 3513.756245981451: Received message <Pong:> from Peer_9:basic
Peer_2:basic INFO 4000: Sending message <Ping:> to Peer_4:basic
Peer_2:basic INFO 4000: Sending message <Ping:> to Peer_1:basic
Peer_2:basic INFO 4000: Sending message <Ping:> to Peer_3:basic
Peer_2:basic INFO 4000.6784330642763: Received message <Ping:> from Peer_4:basic
Peer_2:basic INFO 4000.6784330642763: Sending message <Pong:> to Peer_4:basic
Peer_2:basic INFO 4000.7670507048897: Received message <RequestPeers:> from Peer_11:bootstrap
Peer_2:basic INFO 4000.7670507048897: Sending message <PeerList> to Peer_11:bootstrap
Peer_2:basic INFO 4001.7620639766374: Received message <Pong:> from Peer_1:basic
Peer_2:basic INFO 4001.921231422232: Received message <Pong:> from Peer_4:basic
Peer_2:basic INFO 4004.6546167189663: Received message <Ping:> from Peer_1:basic
Peer_2:basic INFO 4004.6546167189663: Sending message <Pong:> to Peer_1:basic
Peer_2:basic INFO 4007.0594851368637: Received message <Ping:> from Peer_3:basic
Peer_2:basic INFO 4007.0594851368637: Sending message <Pong:> to Peer_3:basic
Peer_2:basic INFO 4013.566492539936: Received message <Pong:> from Peer_3:basic
Peer_2:basic INFO 4500: Sending message <Ping:> to Peer_6:basic
Peer_2:basic INFO 4500: Sending message <Ping:> to Peer_9:basic
Peer_2:basic INFO 4500.813041282266: Received message <RequestPeers:> from Peer_11:bootstrap
Peer_2:basic INFO 4500.813041282266: Sending message <PeerList> to Peer_11:bootstrap
Peer_2:basic INFO 4500.817051942605: Received message <Ping:> from Peer_6:basic
Peer_2:basic INFO 4500.817051942605: Sending message <Pong:> to Peer_6:basic
Peer_2:basic INFO 4502.048313910496: Received message <Pong:> from Peer_6:basic
Peer_2:basic INFO 4513.8479757397145: Received message <Pong:> from Peer_9:basic
Peer_2:basic INFO 4520.605924509208: Received message <Ping:> from Peer_9:basic
Peer_2:basic INFO 4520.605924509208: Sending message <Pong:> to Peer_9:basic
