Peer_11:bootstrap WARNING 0: Not enough peers, fetching more (0, 15)
Peer_11:bootstrap INFO 0.731415563612741: Received message <Hello:> from Peer_1:basic
Peer_11:bootstrap INFO 0.731415563612741: Connecting to Peer_1:basic
Peer_11:bootstrap INFO 0.731415563612741: Sending message <Hello:> to Peer_1:basic
Peer_11:bootstrap INFO 0.731415563612741: Sending message <RequestPeers:> to Peer_1:basic
Peer_11:bootstrap INFO 0.7330588131880329: Received message <Hello:> from Peer_7:basic
Peer_11:bootstrap INFO 0.7330588131880329: Connecting to Peer_7:basic
Peer_11:bootstrap INFO 0.7330588131880329: Sending message <Hello:> to Peer_7:basic
Peer_11:bootstrap INFO 0.7330588131880329: Sending message <RequestPeers:> to Peer_7:basic
Peer_11:bootstrap INFO 0.7478979077091129: Received message <Hello:> from Peer_6:basic
Peer_11:bootstrap INFO 0.7478979077091129: Connecting to Peer_6:basic
Peer_11:bootstrap INFO 0.7478979077091129: Sending message <Hello:> to Peer_6:basic
Peer_11:bootstrap INFO 0.7478979077091129: Sending message <RequestPeers:> to Peer_6:basic
Peer_11:bootstrap INFO 0.7690160491926897: Received message <Hello:> from Peer_5:basic
Peer_11:bootstrap INFO 0.7690160491926897: Connecting to Peer_5:basic
Peer_11:bootstrap INFO 0.7690160491926897: Sending message <Hello:> to Peer_5:basic
Peer_11:bootstrap INFO 0.7690160491926897: Sending message <RequestPeers:> to Peer_5:basic
Peer_11:bootstrap INFO 0.7818082768556283: Received message <Hello:> from Peer_2:basic
Peer_11:bootstrap INFO 0.7818082768556283: Connecting to Peer_2:basic
Peer_11:bootstrap INFO 0.7818082768556283: Sending message <Hello:> to Peer_2:basic
Peer_11:bootstrap INFO 0.7818082768556283: Sending message <RequestPeers:> to Peer_2:basic
Peer_11:bootstrap INFO 1.3849217771136249: Received message <Hello:> from Peer_4:basic
Peer_11:bootstrap INFO 1.3849217771136249: Connecting to Peer_4:basic
Peer_11:bootstrap INFO 1.3849217771136249: Sending message <Hello:> to Peer_4:basic
Peer_11:bootstrap INFO 1.3849217771136249: Sending message <RequestPeers:> to Peer_4:basic
Peer_11:bootstrap INFO 2.6032305939646347: Received message <PeerList> from Peer_7:basic
Peer_11:bootstrap INFO 2.6625826485442063: Received message <PeerList> from Peer_5:basic
Peer_11:bootstrap INFO 2.9075079371925066: Received message <PeerList> from Peer_4:basic
Peer_11:bootstrap INFO 3.400277276366165: Received message <PeerList> from Peer_6:basic
Peer_11:bootstrap INFO 6.054921291463793: Received message <Hello:> from Peer_9:basic
Peer_11:bootstrap INFO 6.054921291463793: Connecting to Peer_9:basic
Peer_11:bootstrap INFO 6.054921291463793: Sending message <Hello:> to Peer_9:basic
Peer_11:bootstrap INFO 6.054921291463793: Sending message <RequestPeers:> to Peer_9:basic
Peer_11:bootstrap INFO 6.9020521288659955: Received message <PeerList> from Peer_1:basic
Peer_11:bootstrap INFO 6.9730260923419305: Received message <Hello:> from Peer_3:basic
Peer_11:bootstrap INFO 6.9730260923419305: Connecting to Peer_3:basic
Peer_11:bootstrap INFO 6.9730260923419305: Sending message <Hello:> to Peer_3:basic
Peer_11:bootstrap INFO 6.9730260923419305: Sending message <RequestPeers:> to Peer_3:basic
Peer_11:bootstrap INFO 7.565915441727637: Received message <Hello:> from Peer_10:basic
Peer_11:bootstrap INFO 7.565915441727637: Connecting to Peer_10:basic
Peer_11:bootstrap INFO 7.565915441727637: Sending message <Hello:> to Peer_10:basic
Peer_11:bootstrap INFO 7.565915441727637: Sending message <RequestPeers:> to Peer_10:basic
Peer_11:bootstrap INFO 7.741352383739568: Received message <PeerList> from Peer_2:basic
Peer_11:bootstrap INFO 10.787660569633509: Received message <Hello:> from Peer_8:basic
Peer_11:bootstrap INFO 10.787660569633509: Connecting to Peer_8:basic
Peer_11:bootstrap INFO 10.787660569633509: Sending message <Hello:> to Peer_8:basic
Peer_11:bootstrap INFO 10.787660569633509: Sending message <RequestPeers:> to Peer_8:basic
Peer_11:bootstrap INFO 18.83416967896948: Received message <PeerList> from Peer_9:basic
Peer_11:bootstrap INFO 19.47877385977822: Received message <PeerList> from Peer_3:basic
Peer_11:bootstrap INFO 20.375574547819504: Received message <PeerList> from Peer_10:basic
Peer_11:bootstrap INFO 23.44248824959074: Received message <PeerList> from Peer_8:basic
Peer_11:bootstrap WARNING 500: Not enough peers, fetching more (10, 15)
Peer_11:bootstrap INFO 500: Sending message <RequestPeers:> to Peer_9:basic
Peer_11:bootstrap INFO 500: Sending message <RequestPeers:> to Peer_4:basic
Peer_11:bootstrap INFO 500: Sending message <RequestPeers:> to Peer_3:basic
Peer_11:bootstrap INFO 500: Sending message <RequestPeers:> to Peer_5:basic
Peer_11:bootstrap INFO 500: Sending message <RequestPeers:> to Peer_2:basic
Peer_11:bootstrap INFO 500.84834148246074: Received message <RequestPeers:> from Peer_1:basic
Peer_11:bootstrap INFO 500.84834148246074: Sending message <PeerList> to Peer_1:basic
Peer_11:bootstrap INFO 500.85568078036243: Received message <RequestPeers:> from Peer_6:basic
Peer_11:bootstrap INFO 500.85568078036243: Sending message <PeerList> to Peer_6:basic
Peer_11:bootstrap INFO 501.02811802775824: Received message <RequestPeers:> from Peer_5:basic
Peer_11:bootstrap INFO 501.02811802775824: Sending message <PeerList> to Peer_5:basic
Peer_11:bootstrap INFO 501.80877918221273: Received message <RequestPeers:> from Peer_2:basic
Peer_11:bootstrap INFO 501.80877918221273: Sending message <PeerList> to Peer_2:basic
Peer_11:bootstrap INFO 502.06525654588063: Received message <PeerList> from Peer_4:basic
Peer_11:bootstrap INFO 502.251895701928: Received message <PeerList> from Peer_5:basic
Peer_11:bootstrap INFO 502.3686234719521: Received message <RequestPeers:> from Peer_7:basic
Peer_11:bootstrap INFO 502.3686234719521: Sending message <PeerList> to Peer_7:basic
Peer_11:bootstrap INFO 502.68565031933827: Received message <PeerList> from Peer_2:basic
Peer_11:bootstrap INFO 503.03202825066865: Received message <RequestPeers:> from Peer_4:basic
Peer_11:bootstrap INFO 503.03202825066865: Sending message <PeerList> to Peer_4:basic
Peer_11:bootstrap INFO 506.1344324497205: Received message <RequestPeers:> from Peer_9:basic
Peer_11:bootstrap INFO 506.1344324497205: Sending message <PeerList> to Peer_9:basic
Peer_11:bootstrap INFO 506.9534072898984: Received message <RequestPeers:> from Peer_10:basic
Peer_11:bootstrap INFO 506.9534072898984: Sending message <PeerList> to Peer_10:basic
Peer_11:bootstrap INFO 508.56980487429: Received message <RequestPeers:> from Peer_8:basic
Peer_11:bootstrap INFO 508.56980487429: Sending message <PeerList> to Peer_8:basic
Peer_11:bootstrap INFO 508.6121333862531: Received message <RequestPeers:> from Peer_3:basic
Peer_11:bootstrap INFO 508.6121333862531: Sending message <PeerList> to Peer_3:basic
Peer_11:bootstrap INFO 515.5350879571698: Received message <PeerList> from Peer_3:basic
Peer_11:bootstrap INFO 515.8382842971378: Received message <PeerList> from Peer_9:basic
Peer_11:bootstrap WARNING 1000: Not enough peers, fetching more (10, 15)
Peer_11:bootstrap INFO 1000: Sending message <RequestPeers:> to Peer_9:basic
Peer_11:bootstrap INFO 1000: Sending message <RequestPeers:> to Peer_4:basic
Peer_11:bootstrap INFO 1000: Sending message <RequestPeers:> to Peer_8:basic
Peer_11:bootstrap INFO 1000: Sending message <RequestPeers:> to Peer_5:basic
Peer_11:bootstrap INFO 1000: Sending message <RequestPeers:> to Peer_3:basic
Peer_11:bootstrap INFO 1000.7407248849488: Received message <RequestPeers:> from Peer_1:basic
Peer_11:bootstrap INFO 1000.7407248849488: Sending message <PeerList> to Peer_1:basic
Peer_11:bootstrap INFO 1000.8755437680535: Received message <RequestPeers:> from Peer_7:basic
Peer_11:bootstrap INFO 1000.8755437680535: Sending message <PeerList> to Peer_7:basic
Peer_11:bootstrap INFO 1000.8987787770411: Received message <RequestPeers:> from Peer_4:basic
Peer_11:bootstrap INFO 1000.8987787770411: Sending message <PeerList> to Peer_4:basic
Peer_11:bootstrap INFO 1001.1085843716994: Received message <RequestPeers:> from Peer_5:basic
Peer_11:bootstrap INFO 1001.1085843716994: Sending message <PeerList> to Peer_5:basic
Peer_11:bootstrap INFO 1001.2595407053238: Received message <RequestPeers:> from Peer_6:basic
Peer_11:bootstrap INFO 1001.2595407053238: Sending message <PeerList> to Peer_6:basic
Peer_11:bootstrap INFO 1002.1226014928826: Received message <PeerList> from Peer_4:basic
Peer_11:bootstrap INFO 1002.5503636384722: Received message <RequestPeers:> from Peer_2:basic
Peer_11:bootstrap INFO 1002.5503636384722: Sending message <PeerList> to Peer_2:basic
Peer_11:bootstrap INFO 1006.5575780814846: Received message <RequestPeers:> from Peer_9:basic
Peer_11:bootstrap INFO 1006.5575780814846: Sending message <PeerList> to Peer_9:basic
Peer_11:bootstrap INFO 1007.090152865223: Received message <RequestPeers:> from Peer_10:basic
Peer_11:bootstrap INFO 1007.090152865223: Sending message <PeerList> to Peer_10:basic
Peer_11:bootstrap INFO 1007.2634796524203: Received message <RequestPeers:> from Peer_3:basic
Peer_11:bootstrap INFO 1007.2634796524203: Sending message <PeerList> to Peer_3:basic
Peer_11:bootstrap INFO 1008.47476069225: Received message <RequestPeers:> from Peer_8:basic
Peer_11:bootstrap INFO 1008.47476069225: Sending message <PeerList> to Peer_8:basic
Peer_11:bootstrap INFO 1013.0227625002046: Received message <PeerList> from Peer_8:basic
Peer_11:bootstrap INFO 1013.7999679629058: Received message <PeerList> from Peer_3:basic
Peer_11:bootstrap INFO 1016.8953208070897: Received message <PeerList> from Peer_5:basic
Peer_11:bootstrap INFO 1017.1106661742934: Received message <PeerList> from Peer_9:basic
Peer_11:bootstrap WARNING 1500: Not enough peers, fetching more (10, 15)
Peer_11:bootstrap INFO 1500: Sending message <RequestPeers:> to Peer_9:basic
Peer_11:bootstrap INFO 1500: Sending message <RequestPeers:> to Peer_7:basic
Peer_11:bootstrap INFO 1500: Sending message <RequestPeers:> to Peer_6:basic
Peer_11:bootstrap INFO 1500: Sending message <RequestPeers:> to Peer_10:basic
Peer_11:bootstrap INFO 1500: Sending message <RequestPeers:> to Peer_3:basic
Peer_11:bootstrap INFO 1500.677972847289: Received message <RequestPeers:> from Peer_1:basic
Peer_11:bootstrap INFO 1500.677972847289: Sending message <PeerList> to Peer_1:basic
Peer_11:bootstrap INFO 1500.6966181828907: Received message <RequestPeers:> from Peer_4:basic
Peer_11:bootstrap INFO 1500.6966181828907: Sending message <PeerList> to Peer_4:basic
Peer_11:bootstrap INFO 1500.7207353780204: Received message <RequestPeers:> from Peer_6:basic
Peer_11:bootstrap INFO 1500.7207353780204: Sending message <PeerList> to Peer_6:basic
Peer_11:bootstrap INFO 1500.8133189087355: Received message <RequestPeers:> from Peer_5:basic
Peer_11:bootstrap INFO 1500.8133189087355: Sending message <PeerList> to Peer_5:basic
Peer_11:bootstrap INFO 1501.7101539723758: Received message <PeerList> from Peer_7:basic
Peer_11:bootstrap INFO 1502.1655399309022: Received message <RequestPeers:> from Peer_2:basic
Peer_11:bootstrap INFO 1502.1655399309022: Sending message <PeerList> to Peer_2:basic
Peer_11:bootstrap INFO 1502.3953271021524: Received message <RequestPeers:> from Peer_7:basic
Peer_11:bootstrap INFO 1502.3953271021524: Sending message <PeerList> to Peer_7:basic
Peer_11:bootstrap INFO 1502.416729344504: Received message <PeerList> from Peer_6:basic
Peer_11:bootstrap INFO 1506.302981165633: Received message <RequestPeers:> from Peer_3:basic
Peer_11:bootstrap INFO 1506.302981165633: Sending message <PeerList> to Peer_3:basic
Peer_11:bootstrap INFO 1506.3884169076719: Received message <RequestPeers:> from Peer_10:basic
Peer_11:bootstrap INFO 1506.3884169076719: Sending message <PeerList> to Peer_10:basic
Peer_11:bootstrap INFO 1509.6059048827833: Received message <RequestPeers:> from Peer_9:basic
Peer_11:bootstrap INFO 1509.6059048827833: Sending message <PeerList> to Peer_9:basic
Peer_11:bootstrap INFO 1513.9731628464644: Received message <PeerList> from Peer_3:basic
Peer_11:bootstrap INFO 1514.0507044899646: Received message <PeerList> from Peer_9:basic
Peer_11:bootstrap INFO 1520.5274376257307: Received message <PeerList> from Peer_10:basic
Peer_11:bootstrap WARNING 2000: Not enough peers, fetching more (10, 15)
Peer_11:bootstrap INFO 2000: Sending message <RequestPeers:> to Peer_2:basic
Peer_11:bootstrap INFO 2000: Sending message <RequestPeers:> to Peer_1:basic
Peer_11:bootstrap INFO 2000: Sending message <RequestPeers:> to Peer_3:basic
Peer_11:bootstrap INFO 2000: Sending message <RequestPeers:> to Peer_10:basic
Peer_11:bootstrap INFO 2000: Sending message <RequestPeers:> to Peer_9:basic
Peer_11:bootstrap INFO 2000: Sending message <Ping:> to Peer_8:basic
Peer_11:bootstrap INFO 2000.8926920967351: Received message <RequestPeers:> from Peer_5:basic
Peer_11:bootstrap INFO 2000.8926920967351: Sending message <PeerList> to Peer_5:basic
Peer_11:bootstrap INFO 2000.9739008581498: Received message <RequestPeers:> from Peer_4:basic
Peer_11:bootstrap INFO 2000.9739008581498: Sending message <PeerList> to Peer_4:basic
Peer_11:bootstrap INFO 2002.3608473095712: Received message <PeerList> from Peer_1:basic
Peer_11:bootstrap INFO 2003.4930092712536: Received message <RequestPeers:> from Peer_7:basic
Peer_11:bootstrap INFO 2003.4930092712536: Sending message <PeerList> to Peer_7:basic
Peer_11:bootstrap INFO 2005.1026063829158: Received message <PeerList> from Peer_2:basic
Peer_11:bootstrap INFO 2006.3995633169684: Received message <RequestPeers:> from Peer_10:basic
Peer_11:bootstrap INFO 2006.3995633169684: Sending message <PeerList> to Peer_10:basic
Peer_11:bootstrap INFO 2006.8226758283638: Received message <Ping:> from Peer_8:basic
Peer_11:bootstrap INFO 2006.8226758283638: Sending message <Pong:> to Peer_8:basic
Peer_11:bootstrap INFO 2012.7243884307068: Received message <PeerList> from Peer_3:basic
Peer_11:bootstrap INFO 2013.5736374451055: Received message <Pong:> from Peer_8:basic
Peer_11:bootstrap INFO 2014.6097753773017: Received message <PeerList> from Peer_9:basic
Peer_11:bootstrap INFO 2017.4448574193382: Received message <PeerList> from Peer_10:basic
Peer_11:bootstrap WARNING 2500: Not enough peers, fetching more (10, 15)
Peer_11:bootstrap INFO 2500: Sending message <RequestPeers:> to Peer_1:basic
Peer_11:bootstrap INFO 2500: Sending message <RequestPeers:> to Peer_4:basic
Peer_11:bootstrap INFO 2500: Sending message <RequestPeers:> to Peer_5:basic
Peer_11:bootstrap INFO 2500: Sending message <RequestPeers:> to Peer_10:basic
Peer_11:bootstrap INFO 2500: Sending message <RequestPeers:> to Peer_6:basic
Peer_11:bootstrap INFO 2500: Sending message <Ping:> to Peer_6:basic
Peer_11:bootstrap INFO 2500.6749811250747: Received message <RequestPeers:> from Peer_5:basic
Peer_11:bootstrap INFO 2500.6749811250747: Sending message <PeerList> to Peer_5:basic
Peer_11:bootstrap INFO 2500.6810714576077: Received message <Ping:> from Peer_6:basic
Peer_11:bootstrap INFO 2500.6810714576077: Sending message <Pong:> to Peer_6:basic
Peer_11:bootstrap INFO 2501.5644849966716: Received message <PeerList> from Peer_6:basic
Peer_11:bootstrap INFO 2501.941019907064: Received message <Pong:> from Peer_6:basic
Peer_11:bootstrap INFO 2502.101386330068: Received message <PeerList> from Peer_4:basic
Peer_11:bootstrap INFO 2502.2540027167565: Received message <PeerList> from Peer_1:basic
Peer_11:bootstrap INFO 2518.9979067643903: Received message <PeerList> from Peer_10:basic
Peer_11:bootstrap INFO 2532.1998835151726: Received message <PeerList> from Peer_5:basic
Peer_11:bootstrap WARNING 3000: Not enough peers, fetching more (10, 15)
Peer_11:bootstrap INFO 3000: Sending message <RequestPeers:> to Peer_9:basic
Peer_11:bootstrap INFO 3000: Sending message <RequestPeers:> to Peer_3:basic
Peer_11:bootstrap INFO 3000: Sending message <RequestPeers:> to Peer_7:basic
Peer_11:bootstrap INFO 3000: Sending message <RequestPeers:> to Peer_8:basic
Peer_11:bootstrap INFO 3000: Sending message <RequestPeers:> to Peer_4:basic
Peer_11:bootstrap INFO 3000: Sending message <Ping:> to Peer_7:basic
Peer_11:bootstrap INFO 3000: Sending message <Ping:> to Peer_2:basic
Peer_11:bootstrap INFO 3000: Sending message <Ping:> to Peer_9:basic
Peer_11:bootstrap INFO 3000: Sending message <Ping:> to Peer_3:basic
Peer_11:bootstrap INFO 3000: Sending message <Ping:> to Peer_8:basic
Peer_11:bootstrap INFO 3000.7235382862264: Received message <Ping:> from Peer_7:basic
Peer_11:bootstrap INFO 3000.7235382862264: Sending message <Pong:> to Peer_7:basic
Peer_11:bootstrap INFO 3001.4840965914073: Received message <Pong:> from Peer_2:basic
Peer_11:bootstrap INFO 3001.6235201437216: Received message <PeerList> from Peer_4:basic
Peer_11:bootstrap INFO 3001.7158205751925: Received message <PeerList> from Peer_7:basic
Peer_11:bootstrap INFO 3006.438850405548: Received message <Ping:> from Peer_8:basic
Peer_11:bootstrap INFO 3006.438850405548: Sending message <Pong:> to Peer_8:basic
Peer_11:bootstrap INFO 3006.801927561993: Received message <Ping:> from Peer_9:basic
Peer_11:bootstrap INFO 3006.801927561993: Sending message <Pong:> to Peer_9:basic
Peer_11:bootstrap INFO 3006.8785997561695: Received message <Ping:> from Peer_3:basic
Peer_11:bootstrap INFO 3006.8785997561695: Sending message <Pong:> to Peer_3:basic
Peer_11:bootstrap INFO 3008.846508272551: Received message <Pong:> from Peer_7:basic
Peer_11:bootstrap INFO 3012.719738393184: Received message <Ping:> from Peer_2:basic
Peer_11:bootstrap INFO 3012.719738393184: Sending message <Pong:> to Peer_2:basic
Peer_11:bootstrap INFO 3012.9617174302834: Received message <PeerList> from Peer_8:basic
Peer_11:bootstrap INFO 3013.517419844189: Received message <Pong:> from Peer_9:basic
Peer_11:bootstrap INFO 3014.634432792019: Received message <Pong:> from Peer_8:basic
Peer_11:bootstrap INFO 3015.9922353707043: Received message <PeerList> from Peer_3:basic
Peer_11:bootstrap INFO 3016.6282440790396: Received message <PeerList> from Peer_9:basic
Peer_11:bootstrap INFO 3026.749924297689: Received message <Pong:> from Peer_3:basic
Peer_11:bootstrap INFO 3059.866965596181: Received message <RequestPeers:> from Peer_5:basic
Peer_11:bootstrap INFO 3059.866965596181: Sending message <PeerList> to Peer_5:basic
Peer_11:bootstrap WARNING 3500: Not enough peers, fetching more (10, 15)
Peer_11:bootstrap INFO 3500: Sending message <RequestPeers:> to Peer_9:basic
Peer_11:bootstrap INFO 3500: Sending message <RequestPeers:> to Peer_7:basic
Peer_11:bootstrap INFO 3500: Sending message <RequestPeers:> to Peer_2:basic
Peer_11:bootstrap INFO 3500: Sending message <RequestPeers:> to Peer_1:basic
Peer_11:bootstrap INFO 3500: Sending message <RequestPeers:> to Peer_4:basic
Peer_11:bootstrap INFO 3500: Sending message <Ping:> to Peer_1:basic
Peer_11:bootstrap INFO 3500: Sending message <Ping:> to Peer_6:basic
Peer_11:bootstrap INFO 3500: Sending message <Ping:> to Peer_10:basic
Peer_11:bootstrap INFO 3500.7240242272733: Received message <Ping:> from Peer_1:basic
Peer_11:bootstrap INFO 3500.7240242272733: Sending message <Pong:> to Peer_1:basic
Peer_11:bootstrap INFO 3500.9002967368615: Received message <Ping:> from Peer_6:basic
Peer_11:bootstrap INFO 3500.9002967368615: Sending message <Pong:> to Peer_6:basic
Peer_11:bootstrap INFO 3501.873942902638: Received message <Pong:> from Peer_6:basic
Peer_11:bootstrap INFO 3502.3358530105484: Received message <PeerList> from Peer_4:basic
Peer_11:bootstrap INFO 3502.951865973398: Received message <PeerList> from Peer_1:basic
Peer_11:bootstrap INFO 3503.320017448656: Received message <Pong:> from Peer_1:basic
Peer_11:bootstrap INFO 3504.1533230609466: Received message <PeerList> from Peer_2:basic
Peer_11:bootstrap INFO 3508.3035945027577: Received message <Ping:> from Peer_10:basic
Peer_11:bootstrap INFO 3508.3035945027577: Sending message <Pong:> to Peer_10:basic
Peer_11:bootstrap INFO 3512.2375149263894: Received message <PeerList> from Peer_7:basic
Peer_11:bootstrap INFO 3513.495929403702: Received message <PeerList> from Peer_9:basic
Peer_11:bootstrap INFO 3514.5636663126566: Received message <Pong:> from Peer_10:basic
Peer_11:bootstrap WARNING 4000: Not enough peers, fetching more (10, 15)
Peer_11:bootstrap INFO 4000: Sending message <RequestPeers:> to Peer_7:basic
Peer_11:bootstrap INFO 4000: Sending message <RequestPeers:> to Peer_6:basic
Peer_11:bootstrap INFO 4000: Sending message <RequestPeers:> to Peer_4:basic
Peer_11:bootstrap INFO 4000: Sending message <RequestPeers:> to Peer_2:basic
Peer_11:bootstrap INFO 4000: Sending message <RequestPeers:> to Peer_9:basic
Peer_11:bootstrap INFO 4000: Sending message <Ping:> to Peer_5:basic
Peer_11:bootstrap INFO 4000: Sending message <Ping:> to Peer_3:basic
Peer_11:bootstrap INFO 4000: Sending message <Ping:> to Peer_8:basic
Peer_11:bootstrap INFO 4001.468982206479: Received message <Pong:> from Peer_5:basic
Peer_11:bootstrap INFO 4001.4743440689613: Received message <PeerList> from Peer_2:basic
Peer_11:bootstrap INFO 4001.575991175486: Received message <Ping:> from Peer_5:basic
Peer_11:bootstrap INFO 4001.575991175486: Sending message <Pong:> to Peer_5:basic
Peer_11:bootstrap INFO 4001.601192776586: Received message <PeerList> from Peer_7:basic
Peer_11:bootstrap INFO 4002.0659269009116: Received message <PeerList> from Peer_6:basic
Peer_11:bootstrap INFO 4002.110074099541: Received message <PeerList> from Peer_4:basic
Peer_11:bootstrap INFO 4006.8159274437353: Received message <Ping:> from Peer_3:basic
Peer_11:bootstrap INFO 4006.8159274437353: Sending message <Pong:> to Peer_3:basic
Peer_11:bootstrap INFO 4007.3873966561205: Received message <Ping:> from Peer_8:basic
Peer_11:bootstrap INFO 4007.3873966561205: Sending message <Pong:> to Peer_8:basic
Peer_11:bootstrap INFO 4013.611657139839: Received message <PeerList> from Peer_9:basic
Peer_11:bootstrap INFO 4013.8213937879714: Received message <Pong:> from Peer_3:basic
Peer_11:bootstrap INFO 4017.0765913548594: Received message <Pong:> from Peer_8:basic
Peer_11:bootstrap WARNING 4500: Not enough peers, fetching more (10, 15)
Peer_11:bootstrap INFO 4500: Sending message <RequestPeers:> to Peer_1:basic
Peer_11:bootstrap INFO 4500: Sending message <RequestPeers:> to Peer_4:basic
Peer_11:bootstrap INFO 4500: Sending message <RequestPeers:> to Peer_2:basic
Peer_11:bootstrap INFO 4500: Sending message <RequestPeers:> to Peer_3:basic
Peer_11:bootstrap INFO 4500: Sending message <RequestPeers:> to Peer_6:basic
Peer_11:bootstrap INFO 4500: Sending message <Ping:> to Peer_1:basic
Peer_11:bootstrap INFO 4500: Sending message <Ping:> to Peer_10:basic
Peer_11:bootstrap INFO 4500.832372476443: Received message <Ping:> from Peer_1:basic
Peer_11:bootstrap INFO 4500.832372476443: Sending message <Pong:> to Peer_1:basic
Peer_11:bootstrap INFO 4501.511415579311: Received message <PeerList> from Peer_6:basic
Peer_11:bootstrap INFO 4501.621691808394: Received message <PeerList> from Peer_4:basic
Peer_11:bootstrap INFO 4501.8205636436: Received message <PeerList> from Peer_1:basic
Peer_11:bootstrap INFO 4503.398148212678: Received message <PeerList> from Peer_2:basic
Peer_11:bootstrap INFO 4503.555939500763: Received message <Pong:> from Peer_1:basic
Peer_11:bootstrap INFO 4506.642977137469: Received message <Ping:> from Peer_10:basic
Peer_11:bootstrap INFO 4506.642977137469: Sending message <Pong:> to Peer_10:basic
Peer_11:bootstrap INFO 4512.605881024976: Received message <PeerList> from Peer_3:basic
Peer_11:bootstrap INFO 4514.998019819263: Received message <Pong:> from Peer_10:basic
