Peer_1:basic WARNING 0: Not enough peers, fetching more (0, 5)
Peer_1:basic INFO 0.731415563612741: Connecting to Peer_11:bootstrap
Peer_1:basic INFO 1.6800555916805406: Received message <Hello:> from Peer_11:bootstrap
Peer_1:basic INFO 5.259538430808023: Received message <RequestPeers:> from Peer_11:bootstrap
Peer_1:basic INFO 5.259538430808023: Sending message <PeerList> to Peer_11:bootstrap
Peer_1:basic WARNING 500: Not enough peers, fetching more (1, 5)
Peer_1:basic INFO 500: Sending message <RequestPeers:> to Peer_11:bootstrap
Peer_1:basic INFO 501.56327221911414: Received message <PeerList> from Peer_11:bootstrap
Peer_1:basic WARNING 1000: Not enough peers, fetching more (1, 5)
Peer_1:basic INFO 1000: Sending message <RequestPeers:> to Peer_11:bootstrap
Peer_1:basic INFO 1000.9164261183577: Received message <Hello:> from Peer_6:basic
Peer_1:basic INFO 1000.9164261183577: Connecting to Peer_6:basic
Peer_1:basic INFO 1000.9164261183577: Sending message <Hello:> to Peer_6:basic
Peer_1:basic INFO 1000.9164261183577: Sending message <RequestPeers:> to Peer_6:basic
Peer_1:basic INFO 1001.5627593464044: Received message <PeerList> from Peer_11:bootstrap
Peer_1:basic INFO 1003.9605532426866: Received message <PeerList> from Peer_6:basic
Peer_1:basic WARNING 1500: Not enough peers, fetching more (2, 5)
Peer_1:basic INFO 1500: Sending message <RequestPeers:> to Peer_6:basic
Peer_1:basic INFO 1500: Sending message <RequestPeers:> to Peer_11:bootstrap
Peer_1:basic INFO 1500.8061094097543: Received message <RequestPeers:> from Peer_6:basic
Peer_1:basic INFO 1500.8061094097543: Sending message <PeerList> to Peer_6:basic
Peer_1:basic INFO 1501.958531949084: Received message <PeerList> from Peer_6:basic
Peer_1:basic INFO 1503.5336428390663: Received message <PeerList> from Peer_11:bootstrap
Peer_1:basic INFO 1507.9449655318735: Received message <Hello:> from Peer_3:basic
Peer_1:basic INFO 1507.9449655318735: Connecting to Peer_3:basic
Peer_1:basic INFO 1507.9449655318735: Sending message <Hello:> to Peer_3:basic
Peer_1:basic INFO 1507.9449655318735: Sending message <RequestPeers:> to Peer_3:basic
Peer_1:basic INFO 1520.7330891245726: Received message <PeerList> from Peer_3:basic
Peer_1:basic WARNING 2000: Not enough peers, fetching more (3, 5)
Peer_1:basic INFO 2001.2792876785463: Connecting to Peer_2:basic
Peer_1:basic INFO 2001.4394042358233: Received message <RequestPeers:> from Peer_11:bootstrap
Peer_1:basic INFO 2001.4394042358233: Sending message <PeerList> to Peer_11:bootstrap
Peer_1:basic INFO 2001.6363098413694: Connecting to Peer_7:basic
Peer_1:basic INFO 2002.2124045857772: Received message <Hello:> from Peer_2:basic
Peer_1:basic INFO 2002.2131789821135: Received message <RequestPeers:> from Peer_2:basic
Peer_1:basic INFO 2002.2131789821135: Sending message <PeerList> to Peer_2:basic
Peer_1:basic INFO 2002.488942301357: Received message <Hello:> from Peer_7:basic
Peer_1:basic INFO 2002.5629426563894: Received message <RequestPeers:> from Peer_7:basic
Peer_1:basic INFO 2002.5629426563894: Sending message <PeerList> to Peer_7:basic
Peer_1:basic INFO 2500: Sending message <Ping:> to Peer_6:basic
Peer_1:basic INFO 2500: Sending message <Ping:> to Peer_3:basic
Peer_1:basic INFO 2500.7461988556156: Received message <Ping:> from Peer_6:basic
Peer_1:basic INFO 2500.7461988556156: Sending message <Pong:> to Peer_6:basic
Peer_1:basic INFO 2500.928181439481: Received message <Hello:> from Peer_5:basic
Peer_1:basic INFO 2500.928181439481: Connecting to Peer_5:basic
Peer_1:basic INFO 2500.928181439481: Sending message <Hello:> to Peer_5:basic
Peer_1:basic INFO 2500.928181439481: Sending message <RequestPeers:> to Peer_5:basic
Peer_1:basic INFO 2501.1933476968256: Received message <RequestPeers:> from Peer_11:bootstrap
Peer_1:basic INFO 2501.1933476968256: Sending message <PeerList> to Peer_11:bootstrap
Peer_1:basic INFO 2502.3525365677133: Received message <PeerList> from Peer_5:basic
Peer_1:basic INFO 2507.1570572071546: Received message <Ping:> from Peer_3:basic
Peer_1:basic INFO 2507.1570572071546: Sending message <Pong:> to Peer_3:basic
Peer_1:basic INFO 2508.2481072095775: Received message <Pong:> from Peer_6:basic
Peer_1:basic INFO 2537.4386513127442: Received message <Pong:> from Peer_3:basic
Peer_1:basic INFO 3000: Sending message <Ping:> to Peer_2:basic
Peer_1:basic INFO 3000: Sending message <Ping:> to Peer_7:basic
Peer_1:basic INFO 3000.79465779842: Received message <Ping:> from Peer_2:basic
Peer_1:basic INFO 3000.79465779842: Sending message <Pong:> to Peer_2:basic
Peer_1:basic INFO 3001.361600838182: Received message <Ping:> from Peer_7:basic
Peer_1:basic INFO 3001.361600838182: Sending message <Pong:> to Peer_7:basic
Peer_1:basic INFO 3001.643557205529: Received message <Pong:> from Peer_7:basic
Peer_1:basic INFO 3001.7830982508394: Received message <Pong:> from Peer_2:basic
Peer_1:basic INFO 3003.060687903814: Received message <RequestPeers:> from Peer_5:basic
Peer_1:basic INFO 3003.060687903814: Sending message <PeerList> to Peer_5:basic
Peer_1:basic INFO 3500: Sending message <Ping:> to Peer_11:bootstrap
Peer_1:basic INFO 3500: Sending message <Ping:> to Peer_6:basic
Peer_1:basic INFO 3500: Sending message <Ping:> to Peer_3:basic
Peer_1:basic INFO 3500.7106686723114: Received message <Ping:> from Peer_6:basic
Peer_1:basic INFO 3500.7106686723114: Sending message <Pong:> to Peer_6:basic
Peer_1:basic INFO 3500.7506627915154: Received message <Ping:> from Peer_11:bootstrap
Peer_1:basic INFO 3500.7506627915154: Sending message <Pong:> to Peer_11:bootstrap
Peer_1:basic INFO 3501.9681892923236: Received message <RequestPeers:> from Peer_11:bootstrap
Peer_1:basic INFO 3501.9681892923236: Sending message <PeerList> to Peer_11:bootstrap
Peer_1:basic INFO 3502.059324313864: Received message <Pong:> from Peer_6:basic
Peer_1:basic INFO 3506.824873290695: Received message <Ping:> from Peer_3:basic
Peer_1:basic INFO 3506.824873290695: Sending message <Pong:> to Peer_3:basic
Peer_1:basic INFO 3516.4337032797534: Received message <Pong:> from Peer_3:basic
Peer_1:basic INFO 3840.205503187087: Received message <Pong:> from Peer_11:bootstrap
Peer_1:basic INFO 4000: Sending message <Ping:> to Peer_2:basic
Peer_1:basic INFO 4000: Sending message <Ping:> to Peer_7:basic
Peer_1:basic INFO 4000: Sending message <Ping:> to Peer_5:basic
Peer_1:basic INFO 4000.7020806703244: Received message <Ping:> from Peer_5:basic
Peer_1:basic INFO 4000.7020806703244: Sending message <Pong:> to Peer_5:basic
Peer_1:basic INFO 4000.757683055304: Received message <Ping:> from Peer_7:basic
Peer_1:basic INFO 4000.757683055304: Sending message <Pong:> to Peer_7:basic
Peer_1:basic INFO 4000.967159940112: Received message <Ping:> from Peer_2:basic
Peer_1:basic INFO 4000.967159940112: Sending message <Pong:> to Peer_2:basic
Peer_1:basic INFO 4002.353943907885: Received message <Pong:> from Peer_7:basic
Peer_1:basic INFO 4002.488938787471: Received message <Pong:> from Peer_5:basic
Peer_1:basic INFO 4007.958814336027: Received message <Pong:> from Peer_2:basic
Peer_1:basic INFO 4500: Sending message <Ping:> to Peer_11:bootstrap
Peer_1:basic INFO 4500: Sending message <Ping:> to Peer_6:basic
Peer_1:basic INFO 4500: Sending message <Ping:> to Peer_3:basic
Peer_1:basic INFO 4500.695834142068: Received message <Ping:> from Peer_6:basic
Peer_1:basic INFO 4500.695834142068: Sending message <Pong:> to Peer_6:basic
Peer_1:basic INFO 4500.838676055545: Received message <Ping:> from Peer_11:bootstrap
Peer_1:basic INFO 4500.838676055545: Sending message <Pong:> to Peer_11:bootstrap
Peer_1:basic INFO 4501.054827933747: Received message <RequestPeers:> from Peer_11:bootstrap
Peer_1:basic INFO 4501.054827933747: Sending message <PeerList> to Peer_11:bootstrap
Peer_1:basic INFO 4501.473820009968: Received message <Pong:> from Peer_11:bootstrap
Peer_1:basic INFO 4503.6140860509595: Received message <Pong:> from Peer_6:basic
Peer_1:basic INFO 4506.782852105897: Received message <Ping:> from Peer_3:basic
Peer_1:basic INFO 4506.782852105897: Sending message <Pong:> to Peer_3:basic
Peer_1:basic INFO 4513.370335624231: Received message <Pong:> from Peer_3:basic
