Peer_7:basic WARNING 0: Not enough peers, fetching more (0, 5)
Peer_7:basic INFO 0.7330588131880329: Connecting to Peer_11:bootstrap
Peer_7:basic INFO 1.5202494201844154: Received message <Hello:> from Peer_11:bootstrap
Peer_7:basic INFO 1.7075127038522142: Received message <RequestPeers:> from Peer_11:bootstrap
Peer_7:basic INFO 1.7075127038522142: Sending message <PeerList> to Peer_11:bootstrap
Peer_7:basic WARNING 500: Not enough peers, fetching more (1, 5)
Peer_7:basic INFO 500: Sending message <RequestPeers:> to Peer_11:bootstrap
Peer_7:basic INFO 505.7556192820191: Received message <PeerList> from Peer_11:bootstrap
Peer_7:basic WARNING 1000: Not enough peers, fetching more (1, 5)
Peer_7:basic INFO 1000: Sending message <RequestPeers:> to Peer_11:bootstrap
Peer_7:basic INFO 1001.7888549268735: Received message <PeerList> from Peer_11:bootstrap
Peer_7:basic WARNING 1500: Not enough peers, fetching more (1, 5)
Peer_7:basic INFO 1500: Sending message <RequestPeers:> to Peer_11:bootstrap
Peer_7:basic INFO 1500.689092689083: Received message <RequestPeers:> from Peer_11:bootstrap
Peer_7:basic INFO 1500.689092689083: Sending message <PeerList> to Peer_11:bootstrap
Peer_7:basic INFO 1503.1370721393212: Received message <PeerList> from Peer_11:bootstrap
Peer_7:basic INFO 1506.2537840018122: Received message <Hello:> from Peer_10:basic
Peer_7:basic INFO 1506.2537840018122: Connecting to Peer_10:basic
Peer_7:basic INFO 1506.2537840018122: Sending message <Hello:> to Peer_10:basic
Peer_7:basic INFO 1506.2537840018122: Sending message <RequestPeers:> to Peer_10:basic
Peer_7:basic INFO 1519.454820927091: Received message <PeerList> from Peer_10:basic
Peer_7:basic WARNING 2000: Not enough peers, fetching more (2, 5)
Peer_7:basic INFO 2000: Sending message <RequestPeers:> to Peer_11:bootstrap
Peer_7:basic INFO 2000: Sending message <RequestPeers:> to Peer_10:basic
Peer_7:basic INFO 2001.6363098413694: Received message <Hello:> from Peer_1:basic
Peer_7:basic INFO 2001.6363098413694: Connecting to Peer_1:basic
Peer_7:basic INFO 2001.6363098413694: Sending message <Hello:> to Peer_1:basic
Peer_7:basic INFO 2001.6363098413694: Sending message <RequestPeers:> to Peer_1:basic
Peer_7:basic INFO 2003.459379451586: Received message <PeerList> from Peer_1:basic
Peer_7:basic INFO 2004.2861964996068: Received message <PeerList> from Peer_11:bootstrap
Peer_7:basic INFO 2007.3403948862492: Received message <RequestPeers:> from Peer_10:basic
Peer_7:basic INFO 2007.3403948862492: Sending message <PeerList> to Peer_10:basic
Peer_7:basic INFO 2013.5971687202878: Received message <PeerList> from Peer_10:basic
Peer_7:basic WARNING 2500: Not enough peers, fetching more (3, 5)
Peer_7:basic INFO 2500.9851144089653: Connecting to Peer_4:basic
Peer_7:basic INFO 2501.8338886435704: Received message <Hello:> from Peer_4:basic
Peer_7:basic INFO 2507.239039514058: Connecting to Peer_3:basic
Peer_7:basic INFO 2515.6069185066854: Received message <RequestPeers:> from Peer_3:basic
Peer_7:basic INFO 2515.6069185066854: Sending message <PeerList> to Peer_3:basic
Peer_7:basic INFO 2516.8118048712086: Received message <Hello:> from Peer_3:basic
Peer_7:basic INFO 2537.6331507580558: Received message <RequestPeers:> from Peer_4:basic
Peer_7:basic INFO 2537.6331507580558: Sending message <PeerList> to Peer_4:basic
Peer_7:basic INFO 3000: Sending message <Ping:> to Peer_11:bootstrap
Peer_7:basic INFO 3000: Sending message <Ping:> to Peer_10:basic
Peer_7:basic INFO 3000: Sending message <Ping:> to Peer_1:basic
Peer_7:basic INFO 3000.645558134016: Received message <Ping:> from Peer_11:bootstrap
Peer_7:basic INFO 3000.645558134016: Sending message <Pong:> to Peer_11:bootstrap
Peer_7:basic INFO 3000.8326485145067: Received message <Ping:> from Peer_1:basic
Peer_7:basic INFO 3000.8326485145067: Sending message <Pong:> to Peer_1:basic
Peer_7:basic INFO 3000.8960468113223: Received message <RequestPeers:> from Peer_11:bootstrap
Peer_7:basic INFO 3000.8960468113223: Sending message <PeerList> to Peer_11:bootstrap
Peer_7:basic INFO 3002.1510106527453: Received message <Pong:> from Peer_1:basic
Peer_7:basic INFO 3004.4589896736875: Received message <Pong:> from Peer_11:bootstrap
Peer_7:basic INFO 3006.7122919234853: Received message <Ping:> from Peer_10:basic
Peer_7:basic INFO 3006.7122919234853: Sending message <Pong:> to Peer_10:basic
Peer_7:basic INFO 3020.7426874326243: Received message <Pong:> from Peer_10:basic
Peer_7:basic INFO 3500: Sending message <Ping:> to Peer_4:basic
Peer_7:basic INFO 3500: Sending message <Ping:> to Peer_3:basic
Peer_7:basic INFO 3500.857092451702: Received message <Ping:> from Peer_4:basic
Peer_7:basic INFO 3500.857092451702: Sending message <Pong:> to Peer_4:basic
Peer_7:basic INFO 3501.665270636823: Received message <Pong:> from Peer_4:basic
Peer_7:basic INFO 3507.781960555872: Received message <RequestPeers:> from Peer_11:bootstrap
Peer_7:basic INFO 3507.781960555872: Sending message <PeerList> to Peer_11:bootstrap
Peer_7:basic INFO 3507.8564879498676: Received message <Ping:> from Peer_3:basic
Peer_7:basic INFO 3507.8564879498676: Sending message <Pong:> to Peer_3:basic
Peer_7:basic INFO 3517.2518133410967: Received message <Pong:> from Peer_3:basic
Peer_7:basic INFO 4000: Sending message <Ping:> to Peer_10:basic
Peer_7:basic INFO 4000: Sending message <Ping:> to Peer_1:basic
Peer_7:basic INFO 4000.754882660091: Received message <RequestPeers:> from Peer_11:bootstrap
Peer_7:basic INFO 4000.754882660091: Sending message <PeerList> to Peer_11:bootstrap
Peer_7:basic INFO 4000.870917546812: Received message <Ping:> from Peer_1:basic
Peer_7:basic INFO 4000.870917546812: Sending message <Pong:> to Peer_1:basic
Peer_7:basic INFO 4002.048931954298: Received message <Pong:> from Peer_1:basic
Peer_7:basic INFO 4007.177361203239: Received message <Ping:> from Peer_10:basic
Peer_7:basic INFO 4007.177361203239: Sending message <Pong:> to Peer_10:basic
Peer_7:basic INFO 4013.9984954032525: Received message <Pong:> from Peer_10:basic
Peer_7:basic INFO 4500: Sending message <Ping:> to Peer_4:basic
Peer_7:basic INFO 4500: Sending message <Ping:> to Peer_3:basic
Peer_7:basic INFO 4501.510039012529: Received message <Pong:> from Peer_4:basic
Peer_7:basic INFO 4505.324329061357: Received message <Ping:> from Peer_4:basic
Peer_7:basic INFO 4505.324329061357: Sending message <Pong:> to Peer_4:basic
Peer_7:basic INFO 4507.352398431818: Received message <Ping:> from Peer_3:basic
Peer_7:basic INFO 4507.352398431818: Sending message <Pong:> to Peer_3:basic
Peer_7:basic INFO 4518.744290980757: Received message <Pong:> from Peer_3:basic
