Peer_9:basic WARNING 0: Not enough peers, fetching more (0, 5)
Peer_9:basic INFO 6.054921291463793: Connecting to Peer_11:bootstrap
Peer_9:basic INFO 12.582238631287806: Received message <RequestPeers:> from Peer_11:bootstrap
Peer_9:basic INFO 12.582238631287806: Sending message <PeerList> to Peer_11:bootstrap
Peer_9:basic INFO 13.27407365924774: Received message <Hello:> from Peer_11:bootstrap
Peer_9:basic WARNING 500: Not enough peers, fetching more (1, 5)
Peer_9:basic INFO 500: Sending message <RequestPeers:> to Peer_11:bootstrap
Peer_9:basic INFO 509.4078173056366: Received message <RequestPeers:> from Peer_11:bootstrap
Peer_9:basic INFO 509.4078173056366: Sending message <PeerList> to Peer_11:bootstrap
Peer_9:basic INFO 513.3252719390646: Received message <PeerList> from Peer_11:bootstrap
Peer_9:basic WARNING 1000: Not enough peers, fetching more (1, 5)
Peer_9:basic INFO 1000: Sending message <RequestPeers:> to Peer_11:bootstrap
Peer_9:basic INFO 1001.5557135721244: Connecting to Peer_3:basic
Peer_9:basic INFO 1002.6628222948507: Received message <Hello:> from Peer_3:basic
Peer_9:basic INFO 1002.8393131727344: Received message <RequestPeers:> from Peer_3:basic
Peer_9:basic INFO 1002.8393131727344: Sending message <PeerList> to Peer_3:basic
Peer_9:basic INFO 1010.4676906622489: Received message <RequestPeers:> from Peer_11:bootstrap
Peer_9:basic INFO 1010.4676906622489: Sending message <PeerList> to Peer_11:bootstrap
Peer_9:basic INFO 1012.8675508916303: Received message <PeerList> from Peer_11:bootstrap
Peer_9:basic WARNING 1500: Not enough peers, fetching more (2, 5)
Peer_9:basic INFO 1500: Sending message <RequestPeers:> to Peer_11:bootstrap
Peer_9:basic INFO 1500: Sending message <RequestPeers:> to Peer_3:basic
Peer_9:basic INFO 1501.1058793969194: Received message <Hello:> from Peer_8:basic
Peer_9:basic INFO 1501.1058793969194: Connecting to Peer_8:basic
Peer_9:basic INFO 1501.1058793969194: Sending message <Hello:> to Peer_8:basic
Peer_9:basic INFO 1501.1058793969194: Sending message <RequestPeers:> to Peer_8:basic
Peer_9:basic INFO 1501.1416331145504: Received message <RequestPeers:> from Peer_3:basic
Peer_9:basic INFO 1501.1416331145504: Sending message <PeerList> to Peer_3:basic
Peer_9:basic INFO 1502.5402749769332: Received message <PeerList> from Peer_3:basic
Peer_9:basic INFO 1504.0864046233853: Received message <PeerList> from Peer_8:basic
Peer_9:basic INFO 1507.3078574619624: Received message <RequestPeers:> from Peer_11:bootstrap
Peer_9:basic INFO 1507.3078574619624: Sending message <PeerList> to Peer_11:bootstrap
Peer_9:basic INFO 1511.2241053661285: Connecting to Peer_2:basic
Peer_9:basic INFO 1516.9168680777914: Received message <PeerList> from Peer_11:bootstrap
Peer_9:basic INFO 1517.9389752391764: Received message <RequestPeers:> from Peer_2:basic
Peer_9:basic INFO 1517.9389752391764: Sending message <PeerList> to Peer_2:basic
Peer_9:basic INFO 1518.047229028323: Received message <Hello:> from Peer_2:basic
Peer_9:basic WARNING 2000: Not enough peers, fetching more (4, 5)
Peer_9:basic INFO 2007.9300608941337: Connecting to Peer_4:basic
Peer_9:basic INFO 2008.3619822227636: Received message <RequestPeers:> from Peer_11:bootstrap
Peer_9:basic INFO 2008.3619822227636: Sending message <PeerList> to Peer_11:bootstrap
Peer_9:basic INFO 2015.542822043927: Received message <RequestPeers:> from Peer_4:basic
Peer_9:basic INFO 2015.542822043927: Sending message <PeerList> to Peer_4:basic
Peer_9:basic INFO 2015.693820808945: Received message <Hello:> from Peer_4:basic
Peer_9:basic INFO 2500: Sending message <Ping:> to Peer_3:basic
Peer_9:basic INFO 2500: Sending message <Ping:> to Peer_8:basic
Peer_9:basic INFO 2500: Sending message <Ping:> to Peer_2:basic
Peer_9:basic INFO 2501.011057664732: Received message <Ping:> from Peer_8:basic
Peer_9:basic INFO 2501.011057664732: Sending message <Pong:> to Peer_8:basic
Peer_9:basic INFO 2501.272384325607: Received message <Ping:> from Peer_3:basic
Peer_9:basic INFO 2501.272384325607: Sending message <Pong:> to Peer_3:basic
Peer_9:basic INFO 2502.576703645858: Received message <Pong:> from Peer_8:basic
Peer_9:basic INFO 2502.5834202246324: Received message <Pong:> from Peer_3:basic
Peer_9:basic INFO 2512.5660710702928: Received message <Ping:> from Peer_2:basic
Peer_9:basic INFO 2512.5660710702928: Sending message <Pong:> to Peer_2:basic
Peer_9:basic INFO 2513.3882098453014: Received message <Hello:> from Peer_5:basic
Peer_9:basic INFO 2513.3882098453014: Connecting to Peer_5:basic
Peer_9:basic INFO 2513.3882098453014: Sending message <Hello:> to Peer_5:basic
Peer_9:basic INFO 2513.3882098453014: Sending message <RequestPeers:> to Peer_5:basic
Peer_9:basic INFO 2513.4402338969726: Received message <Pong:> from Peer_2:basic
Peer_9:basic INFO 2529.470880511949: Received message <PeerList> from Peer_5:basic
Peer_9:basic INFO 3000: Sending message <Ping:> to Peer_11:bootstrap
Peer_9:basic INFO 3000: Sending message <Ping:> to Peer_4:basic
Peer_9:basic INFO 3006.344108076968: Received message <Ping:> from Peer_11:bootstrap
Peer_9:basic INFO 3006.344108076968: Sending message <Pong:> to Peer_11:bootstrap
Peer_9:basic INFO 3007.3547748259552: Received message <RequestPeers:> from Peer_5:basic
Peer_9:basic INFO 3007.3547748259552: Sending message <PeerList> to Peer_5:basic
Peer_9:basic INFO 3008.4705213455: Received message <Ping:> from Peer_4:basic
Peer_9:basic INFO 3008.4705213455: Sending message <Pong:> to Peer_4:basic
Peer_9:basic INFO 3010.1421280650866: Received message <RequestPeers:> from Peer_11:bootstrap
Peer_9:basic INFO 3010.1421280650866: Sending message <PeerList> to Peer_11:bootstrap
Peer_9:basic INFO 3013.064531989076: Received message <Pong:> from Peer_11:bootstrap
Peer_9:basic INFO 3015.0307994747213: Received message <Pong:> from Peer_4:basic
Peer_9:basic INFO 3500: Sending message <Ping:> to Peer_3:basic
Peer_9:basic INFO 3500: Sending message <Ping:> to Peer_8:basic
Peer_9:basic INFO 3500: Sending message <Ping:> to Peer_2:basic
Peer_9:basic INFO 3501.2170703747097: Received message <Ping:> from Peer_3:basic
Peer_9:basic INFO 3501.2170703747097: Sending message <Pong:> to Peer_3:basic
Peer_9:basic INFO 3501.316729249577: Received message <Ping:> from Peer_8:basic
Peer_9:basic INFO 3501.316729249577: Sending message <Pong:> to Peer_8:basic
Peer_9:basic INFO 3502.6457679076366: Received message <Pong:> from Peer_3:basic
Peer_9:basic INFO 3502.8026031093873: Received message <Pong:> from Peer_8:basic
Peer_9:basic INFO 3506.486297786686: Received message <Ping:> from Peer_2:basic
Peer_9:basic INFO 3506.486297786686: Sending message <Pong:> to Peer_2:basic
Peer_9:basic INFO 3506.820464742717: Received message <RequestPeers:> from Peer_11:bootstrap
Peer_9:basic INFO 3506.820464742717: Sending message <PeerList> to Peer_11:bootstrap
Peer_9:basic INFO 3514.442157644291: Received message <Pong:> from Peer_2:basic
Peer_9:basic INFO 4000: Sending message <Ping:> to Peer_4:basic
Peer_9:basic INFO 4000: Sending message <Ping:> to Peer_5:basic
Peer_9:basic INFO 4007.1218003316703: Received message <Ping:> from Peer_4:basic
Peer_9:basic INFO 4007.1218003316703: Sending message <Pong:> to Peer_4:basic
Peer_9:basic INFO 4007.2120903305777: Received message <RequestPeers:> from Peer_11:bootstrap
Peer_9:basic INFO 4007.2120903305777: Sending message <PeerList> to Peer_11:bootstrap
Peer_9:basic INFO 4009.497926979877: Received message <Ping:> from Peer_5:basic
Peer_9:basic INFO 4009.497926979877: Sending message <Pong:> to Peer_5:basic
Peer_9:basic INFO 4013.9403656954955: Received message <Pong:> from Peer_4:basic
Peer_9:basic INFO 4013.9424600880993: Received message <Pong:> from Peer_5:basic
Peer_9:basic INFO 4500: Sending message <Ping:> to Peer_3:basic
Peer_9:basic INFO 4500: Sending message <Ping:> to Peer_8:basic
Peer_9:basic INFO 4500: Sending message <Ping:> to Peer_2:basic
Peer_9:basic INFO 4501.127632690031: Received message <Ping:> from Peer_8:basic
Peer_9:basic INFO 4501.127632690031: Sending message <Pong:> to Peer_8:basic
Peer_9:basic INFO 4501.235189685798: Received message <Ping:> from Peer_3:basic
Peer_9:basic INFO 4501.235189685798: Sending message <Pong:> to Peer_3:basic
Peer_9:basic INFO 4502.260049541887: Received message <Pong:> from Peer_8:basic
Peer_9:basic INFO 4502.939358998356: Received message <Pong:> from Peer_3:basic
Peer_9:basic INFO 4506.5220538598305: Received message <Ping:> from Peer_2:basic
Peer_9:basic INFO 4506.5220538598305: Sending message <Pong:> to Peer_2:basic
Peer_9:basic INFO 4528.013067452344: Received message <Pong:> from Peer_2:basic
