Peer_4:basic WARNING 0: Not enough peers, fetching more (0, 5)
Peer_4:basic INFO 1.3849217771136249: Connecting to Peer_11:bootstrap
Peer_4:basic INFO 2.175152026762065: Received message <Hello:> from Peer_11:bootstrap
Peer_4:basic INFO 2.2208070677876575: Received message <RequestPeers:> from Peer_11:bootstrap
Peer_4:basic INFO 2.2208070677876575: Sending message <PeerList> to Peer_11:bootstrap
Peer_4:basic WARNING 500: Not enough peers, fetching more (1, 5)
Peer_4:basic INFO 500: Sending message <RequestPeers:> to Peer_11:bootstrap
Peer_4:basic INFO 500.7778978320733: Received message <RequestPeers:> from Peer_11:bootstrap
Peer_4:basic INFO 500.7778978320733: Sending message <PeerList> to Peer_11:bootstrap
Peer_4:basic INFO 504.02771827582575: Received message <PeerList> from Peer_11:bootstrap
Peer_4:basic WARNING 1000: Not enough peers, fetching more (1, 5)
Peer_4:basic INFO 1000: Sending message <RequestPeers:> to Peer_11:bootstrap
Peer_4:basic INFO 1001.1673130083358: Received message <RequestPeers:> from Peer_11:bootstrap
Peer_4:basic INFO 1001.1673130083358: Sending message <PeerList> to Peer_11:bootstrap
Peer_4:basic INFO 1002.5250205721964: Received message <PeerList> from Peer_11:bootstrap
Peer_4:basic INFO 1006.8635370759422: Connecting to Peer_10:basic
Peer_4:basic INFO 1014.840885541492: Received message <RequestPeers:> from Peer_10:basic
Peer_4:basic INFO 1014.840885541492: Sending message <PeerList> to Peer_10:basic
Peer_4:basic INFO 1015.0367587408931: Received message <Hello:> from Peer_10:basic
Peer_4:basic WARNING 1500: Not enough peers, fetching more (2, 5)
Peer_4:basic INFO 1500: Sending message <RequestPeers:> to Peer_10:basic
Peer_4:basic INFO 1500: Sending message <RequestPeers:> to Peer_11:bootstrap
Peer_4:basic INFO 1501.4107136256155: Received message <PeerList> from Peer_11:bootstrap
Peer_4:basic INFO 1506.4022960694908: Received message <RequestPeers:> from Peer_10:basic
Peer_4:basic INFO 1506.4022960694908: Sending message <PeerList> to Peer_10:basic
Peer_4:basic INFO 1506.5582813826747: Received message <Hello:> from Peer_8:basic
Peer_4:basic INFO 1506.5582813826747: Connecting to Peer_8:basic
Peer_4:basic INFO 1506.5582813826747: Sending message <Hello:> to Peer_8:basic
Peer_4:basic INFO 1506.5582813826747: Sending message <RequestPeers:> to Peer_8:basic
Peer_4:basic INFO 1514.204343190908: Connecting to Peer_2:basic
Peer_4:basic INFO 1514.349291159401: Received message <PeerList> from Peer_10:basic
Peer_4:basic INFO 1515.20899606147: Received message <RequestPeers:> from Peer_2:basic
Peer_4:basic INFO 1515.20899606147: Sending message <PeerList> to Peer_2:basic
Peer_4:basic INFO 1515.7652323443938: Received message <Hello:> from Peer_2:basic
Peer_4:basic INFO 1521.4621872970667: Received message <PeerList> from Peer_8:basic
Peer_4:basic WARNING 2000: Not enough peers, fetching more (4, 5)
Peer_4:basic INFO 2000: Sending message <RequestPeers:> to Peer_11:bootstrap
Peer_4:basic INFO 2000: Sending message <RequestPeers:> to Peer_10:basic
Peer_4:basic INFO 2000: Sending message <RequestPeers:> to Peer_8:basic
Peer_4:basic INFO 2000: Sending message <RequestPeers:> to Peer_2:basic
Peer_4:basic INFO 2001.88480198937: Received message <PeerList> from Peer_11:bootstrap
Peer_4:basic INFO 2002.321972496371: Received message <PeerList> from Peer_2:basic
Peer_4:basic INFO 2007.1644621864586: Received message <RequestPeers:> from Peer_10:basic
Peer_4:basic INFO 2007.1644621864586: Sending message <PeerList> to Peer_10:basic
Peer_4:basic INFO 2007.9300608941337: Received message <Hello:> from Peer_9:basic
Peer_4:basic INFO 2007.9300608941337: Connecting to Peer_9:basic
Peer_4:basic INFO 2007.9300608941337: Sending message <Hello:> to Peer_9:basic
Peer_4:basic INFO 2007.9300608941337: Sending message <RequestPeers:> to Peer_9:basic
Peer_4:basic INFO 2015.3060446701757: Received message <PeerList> from Peer_10:basic
Peer_4:basic INFO 2015.7359844197144: Received message <PeerList> from Peer_8:basic
Peer_4:basic INFO 2022.293069749479: Received message <PeerList> from Peer_9:basic
Peer_4:basic INFO 2500.9085653111397: Received message <RequestPeers:> from Peer_11:bootstrap
Peer_4:basic INFO 2500.9085653111397: Sending message <PeerList> to Peer_11:bootstrap
Peer_4:basic INFO 2500.9851144089653: Received message <Hello:> from Peer_7:basic
Peer_4:basic INFO 2500.9851144089653: Connecting to Peer_7:basic
Peer_4:basic INFO 2500.9851144089653: Sending message <Hello:> to Peer_7:basic
Peer_4:basic INFO 2500.9851144089653: Sending message <RequestPeers:> to Peer_7:basic
Peer_4:basic INFO 2538.536329171333: Received message <PeerList> from Peer_7:basic
Peer_4:basic INFO 3000: Sending message <Ping:> to Peer_10:basic
Peer_4:basic INFO 3000: Sending message <Ping:> to Peer_8:basic
Peer_4:basic INFO 3000: Sending message <Ping:> to Peer_2:basic
Peer_4:basic INFO 3000: Sending message <Ping:> to Peer_9:basic
Peer_4:basic INFO 3000.8392945333094: Received message <RequestPeers:> from Peer_11:bootstrap
Peer_4:basic INFO 3000.8392945333094: Sending message <PeerList> to Peer_11:bootstrap
Peer_4:basic INFO 3000.8963003411686: Received message <Ping:> from Peer_2:basic
Peer_4:basic INFO 3000.8963003411686: Sending message <Pong:> to Peer_2:basic
Peer_4:basic INFO 3002.987647092348: Received message <Pong:> from Peer_2:basic
Peer_4:basic INFO 3006.8022477327504: Received message <Ping:> from Peer_8:basic
Peer_4:basic INFO 3006.8022477327504: Sending message <Pong:> to Peer_8:basic
Peer_4:basic INFO 3007.5390303964164: Received message <Ping:> from Peer_10:basic
Peer_4:basic INFO 3007.5390303964164: Sending message <Pong:> to Peer_10:basic
Peer_4:basic INFO 3008.5280507239754: Received message <Ping:> from Peer_9:basic
Peer_4:basic INFO 3008.5280507239754: Sending message <Pong:> to Peer_9:basic
Peer_4:basic INFO 3013.113343410151: Received message <Pong:> from Peer_10:basic
Peer_4:basic INFO 3013.132221508272: Received message <Pong:> from Peer_8:basic
Peer_4:basic INFO 3015.7029454808144: Received message <Pong:> from Peer_9:basic
Peer_4:basic INFO 3500: Sending message <Ping:> to Peer_7:basic
Peer_4:basic INFO 3500.880291347139: Received message <Ping:> from Peer_7:basic
Peer_4:basic INFO 3500.880291347139: Sending message <Pong:> to Peer_7:basic
Peer_4:basic INFO 3501.6205000768537: Received message <RequestPeers:> from Peer_11:bootstrap
Peer_4:basic INFO 3501.6205000768537: Sending message <PeerList> to Peer_11:bootstrap
Peer_4:basic INFO 3501.765586990416: Received message <Pong:> from Peer_7:basic
Peer_4:basic INFO 4000: Sending message <Ping:> to Peer_10:basic
Peer_4:basic INFO 4000: Sending message <Ping:> to Peer_8:basic
Peer_4:basic INFO 4000: Sending message <Ping:> to Peer_2:basic
Peer_4:basic INFO 4000: Sending message <Ping:> to Peer_9:basic
Peer_4:basic INFO 4001.180326287794: Received message <Ping:> from Peer_2:basic
Peer_4:basic INFO 4001.180326287794: Sending message <Pong:> to Peer_2:basic
Peer_4:basic INFO 4001.1815498128058: Received message <RequestPeers:> from Peer_11:bootstrap
Peer_4:basic INFO 4001.1815498128058: Sending message <PeerList> to Peer_11:bootstrap
Peer_4:basic INFO 4002.5147225456626: Received message <Pong:> from Peer_2:basic
Peer_4:basic INFO 4006.9968997065753: Received message <Ping:> from Peer_9:basic
Peer_4:basic INFO 4006.9968997065753: Sending message <Pong:> to Peer_9:basic
Peer_4:basic INFO 4007.9458055802675: Received message <Ping:> from Peer_10:basic
Peer_4:basic INFO 4007.9458055802675: Sending message <Pong:> to Peer_10:basic
Peer_4:basic INFO 4010.372012632042: Received message <Ping:> from Peer_8:basic
Peer_4:basic INFO 4010.372012632042: Sending message <Pong:> to Peer_8:basic
Peer_4:basic INFO 4013.3556747124685: Received message <Pong:> from Peer_8:basic
Peer_4:basic INFO 4015.9440399824707: Received message <Pong:> from Peer_10:basic
Peer_4:basic INFO 4016.064451663637: Received message <Pong:> from Peer_9:basic
Peer_4:basic INFO 4500: Sending message <Ping:> to Peer_7:basic
Peer_4:basic INFO 4500.772918048159: Received message <RequestPeers:> from Peer_11:bootstrap
Peer_4:basic INFO 4500.772918048159: Sending message <PeerList> to Peer_11:bootstrap
Peer_4:basic INFO 4500.803167089178: Received message <Ping:> from Peer_7:basic
Peer_4:basic INFO 4500.803167089178: Sending message <Pong:> to Peer_7:basic
Peer_4:basic INFO 4506.082042637903: Received message <Pong:> from Peer_7:basic
