Peer_3:basic WARNING 0: Not enough peers, fetching more (0, 5)
Peer_3:basic INFO 6.9730260923419305: Connecting to Peer_11:bootstrap
Peer_3:basic INFO 13.069788021995363: Received message <Hello:> from Peer_11:bootstrap
Peer_3:basic INFO 13.227503117597278: Received message <RequestPeers:> from Peer_11:bootstrap
Peer_3:basic INFO 13.227503117597278: Sending message <PeerList> to Peer_11:bootstrap
Peer_3:basic WARNING 500: Not enough peers, fetching more (1, 5)
Peer_3:basic INFO 500: Sending message <RequestPeers:> to Peer_11:bootstrap
Peer_3:basic INFO 507.80938598390713: Received message <RequestPeers:> from Peer_11:bootstrap
Peer_3:basic INFO 507.80938598390713: Sending message <PeerList> to Peer_11:bootstrap
Peer_3:basic INFO 515.0892950156262: Received message <PeerList> from Peer_11:bootstrap
Peer_3:basic WARNING 1000: Not enough peers, fetching more (1, 5)
Peer_3:basic INFO 1000: Sending message <RequestPeers:> to Peer_11:bootstrap
Peer_3:basic INFO 1001.5557135721244: Received message <Hello:> from Peer_9:basic
Peer_3:basic INFO 1001.5557135721244: Connecting to Peer_9:basic
Peer_3:basic INFO 1001.5557135721244: Sending message <Hello:> to Peer_9:basic
Peer_3:basic INFO 1001.5557135721244: Sending message <RequestPeers:> to Peer_9:basic
Peer_3:basic INFO 1001.6527143013278: Connecting to Peer_8:basic
Peer_3:basic INFO 1002.8280833621312: Received message <RequestPeers:> from Peer_8:basic
Peer_3:basic INFO 1002.8280833621312: Sending message <PeerList> to Peer_8:basic
Peer_3:basic INFO 1003.0628959243672: Received message <Hello:> from Peer_8:basic
Peer_3:basic INFO 1003.9342908479779: Received message <PeerList> from Peer_9:basic
Peer_3:basic INFO 1006.9312117019213: Received message <RequestPeers:> from Peer_11:bootstrap
Peer_3:basic INFO 1006.9312117019213: Sending message <PeerList> to Peer_11:bootstrap
Peer_3:basic INFO 1013.522616981242: Received message <PeerList> from Peer_11:bootstrap
Peer_3:basic WARNING 1500: Not enough peers, fetching more (3, 5)
Peer_3:basic INFO 1500: Sending message <RequestPeers:> to Peer_8:basic
Peer_3:basic INFO 1500: Sending message <RequestPeers:> to Peer_11:bootstrap
Peer_3:basic INFO 1500: Sending message <RequestPeers:> to Peer_9:basic
Peer_3:basic INFO 1501.396957193266: Received message <RequestPeers:> from Peer_9:basic
Peer_3:basic INFO 1501.396957193266: Sending message <PeerList> to Peer_9:basic
Peer_3:basic INFO 1502.7165142774784: Received message <PeerList> from Peer_9:basic
Peer_3:basic INFO 1505.0705514384717: Received message <PeerList> from Peer_8:basic
Peer_3:basic INFO 1506.5476223355847: Received message <Hello:> from Peer_6:basic
Peer_3:basic INFO 1506.5476223355847: Connecting to Peer_6:basic
Peer_3:basic INFO 1506.5476223355847: Sending message <Hello:> to Peer_6:basic
Peer_3:basic INFO 1506.5476223355847: Sending message <RequestPeers:> to Peer_6:basic
Peer_3:basic INFO 1507.5082420876674: Received message <RequestPeers:> from Peer_11:bootstrap
Peer_3:basic INFO 1507.5082420876674: Sending message <PeerList> to Peer_11:bootstrap
Peer_3:basic INFO 1507.9449655318735: Connecting to Peer_1:basic
Peer_3:basic INFO 1511.4743609539496: Received message <Hello:> from Peer_1:basic
Peer_3:basic INFO 1514.1348764176123: Received message <Hello:> from Peer_1:basic
Peer_3:basic INFO 1514.508942590858: Received message <RequestPeers:> from Peer_1:basic
Peer_3:basic INFO 1514.508942590858: Sending message <PeerList> to Peer_1:basic
Peer_3:basic INFO 1516.5034368659308: Received message <PeerList> from Peer_11:bootstrap
Peer_3:basic INFO 1523.2283989891112: Received message <PeerList> from Peer_6:basic
Peer_3:basic INFO 2001.11020826895: Received message <Hello:> from Peer_10:basic
Peer_3:basic INFO 2001.11020826895: Connecting to Peer_10:basic
Peer_3:basic INFO 2001.11020826895: Sending message <Hello:> to Peer_10:basic
Peer_3:basic INFO 2001.11020826895: Sending message <RequestPeers:> to Peer_10:basic
Peer_3:basic INFO 2003.602701326371: Received message <PeerList> from Peer_10:basic
Peer_3:basic INFO 2006.1409309646147: Received message <Hello:> from Peer_2:basic
Peer_3:basic INFO 2006.1409309646147: Connecting to Peer_2:basic
Peer_3:basic INFO 2006.1409309646147: Sending message <Hello:> to Peer_2:basic
Peer_3:basic INFO 2006.1409309646147: Sending message <RequestPeers:> to Peer_2:basic
Peer_3:basic INFO 2006.516657207029: Received message <RequestPeers:> from Peer_11:bootstrap
Peer_3:basic INFO 2006.516657207029: Sending message <PeerList> to Peer_11:bootstrap
Peer_3:basic INFO 2022.5958104902222: Received message <PeerList> from Peer_2:basic
Peer_3:basic INFO 2500: Sending message <Ping:> to Peer_9:basic
Peer_3:basic INFO 2500: Sending message <Ping:> to Peer_8:basic
Peer_3:basic INFO 2500: Sending message <Ping:> to Peer_6:basic
Peer_3:basic INFO 2500: Sending message <Ping:> to Peer_1:basic
Peer_3:basic INFO 2501.3496175003247: Received message <Ping:> from Peer_8:basic
Peer_3:basic INFO 2501.3496175003247: Sending message <Pong:> to Peer_8:basic
Peer_3:basic INFO 2501.3858795332185: Received message <Ping:> from Peer_9:basic
Peer_3:basic INFO 2501.3858795332185: Sending message <Pong:> to Peer_9:basic
Peer_3:basic INFO 2502.6556469698: Received message <Pong:> from Peer_8:basic
Peer_3:basic INFO 2502.923197079989: Received message <Pong:> from Peer_9:basic
Peer_3:basic INFO 2506.1607070255827: Received message <Ping:> from Peer_1:basic
Peer_3:basic INFO 2506.1607070255827: Sending message <Pong:> to Peer_1:basic
Peer_3:basic INFO 2507.239039514058: Received message <Hello:> from Peer_7:basic
Peer_3:basic INFO 2507.239039514058: Connecting to Peer_7:basic
Peer_3:basic INFO 2507.239039514058: Sending message <Hello:> to Peer_7:basic
Peer_3:basic INFO 2507.239039514058: Sending message <RequestPeers:> to Peer_7:basic
Peer_3:basic INFO 2512.372553887571: Received message <Ping:> from Peer_6:basic
Peer_3:basic INFO 2512.372553887571: Sending message <Pong:> to Peer_6:basic
Peer_3:basic INFO 2513.636082627244: Received message <Pong:> from Peer_1:basic
Peer_3:basic INFO 2520.7444268586078: Received message <Pong:> from Peer_6:basic
Peer_3:basic INFO 2524.007997510583: Received message <PeerList> from Peer_7:basic
Peer_3:basic INFO 3000: Sending message <Ping:> to Peer_11:bootstrap
Peer_3:basic INFO 3000: Sending message <Ping:> to Peer_10:basic
Peer_3:basic INFO 3000: Sending message <Ping:> to Peer_2:basic
Peer_3:basic INFO 3001.0411729106017: Received message <Ping:> from Peer_10:basic
Peer_3:basic INFO 3001.0411729106017: Sending message <Pong:> to Peer_10:basic
Peer_3:basic INFO 3003.5742538101067: Received message <Pong:> from Peer_10:basic
Peer_3:basic INFO 3007.2391154326183: Received message <RequestPeers:> from Peer_11:bootstrap
Peer_3:basic INFO 3007.2391154326183: Sending message <PeerList> to Peer_11:bootstrap
Peer_3:basic INFO 3008.091867302416: Received message <Ping:> from Peer_2:basic
Peer_3:basic INFO 3008.091867302416: Sending message <Pong:> to Peer_2:basic
Peer_3:basic INFO 3012.764449733805: Received message <Pong:> from Peer_2:basic
Peer_3:basic INFO 3013.5751257422708: Received message <Pong:> from Peer_11:bootstrap
Peer_3:basic INFO 3020.4302243609127: Received message <Ping:> from Peer_11:bootstrap
Peer_3:basic INFO 3020.4302243609127: Sending message <Pong:> to Peer_11:bootstrap
Peer_3:basic INFO 3500: Sending message <Ping:> to Peer_9:basic
Peer_3:basic INFO 3500: Sending message <Ping:> to Peer_8:basic
Peer_3:basic INFO 3500: Sending message <Ping:> to Peer_6:basic
Peer_3:basic INFO 3500: Sending message <Ping:> to Peer_1:basic
Peer_3:basic INFO 3500: Sending message <Ping:> to Peer_7:basic
Peer_3:basic INFO 3501.256781620975: Received message <Ping:> from Peer_8:basic
Peer_3:basic INFO 3501.256781620975: Sending message <Pong:> to Peer_8:basic
Peer_3:basic INFO 3501.571323240539: Received message <Ping:> from Peer_9:basic
Peer_3:basic INFO 3501.571323240539: Sending message <Pong:> to Peer_9:basic
Peer_3:basic INFO 3502.137586932882: Received message <Pong:> from Peer_8:basic
Peer_3:basic INFO 3504.4018714670165: Received message <Pong:> from Peer_9:basic
Peer_3:basic INFO 3506.357158042291: Received message <Hello:> from Peer_5:basic
Peer_3:basic INFO 3506.357158042291: Connecting to Peer_5:basic
Peer_3:basic INFO 3506.357158042291: Sending message <Hello:> to Peer_5:basic
Peer_3:basic INFO 3506.357158042291: Sending message <RequestPeers:> to Peer_5:basic
Peer_3:basic INFO 3507.609545729926: Received message <Ping:> from Peer_6:basic
Peer_3:basic INFO 3507.609545729926: Sending message <Pong:> to Peer_6:basic
Peer_3:basic INFO 3508.975753997243: Received message <Ping:> from Peer_1:basic
Peer_3:basic INFO 3508.975753997243: Sending message <Pong:> to Peer_1:basic
Peer_3:basic INFO 3510.832858535857: Received message <Ping:> from Peer_7:basic
Peer_3:basic INFO 3510.832858535857: Sending message <Pong:> to Peer_7:basic
Peer_3:basic INFO 3513.736073213213: Received message <Pong:> from Peer_1:basic
Peer_3:basic INFO 3513.883548281955: Received message <Pong:> from Peer_6:basic
Peer_3:basic INFO 3514.2891057691386: Received message <Pong:> from Peer_7:basic
Peer_3:basic INFO 3527.45021220156: Received message <PeerList> from Peer_5:basic
Peer_3:basic INFO 4000: Sending message <Ping:> to Peer_11:bootstrap
Peer_3:basic INFO 4000: Sending message <Ping:> to Peer_10:basic
Peer_3:basic INFO 4000: Sending message <Ping:> to Peer_2:basic
Peer_3:basic INFO 4001.310947201575: Received message <Ping:> from Peer_10:basic
Peer_3:basic INFO 4001.310947201575: Sending message <Pong:> to Peer_10:basic
Peer_3:basic INFO 4002.7677281232814: Received message <Pong:> from Peer_10:basic
Peer_3:basic INFO 4007.1102574849056: Received message <Ping:> from Peer_2:basic
Peer_3:basic INFO 4007.1102574849056: Sending message <Pong:> to Peer_2:basic
Peer_3:basic INFO 4007.5562472877946: Received message <Ping:> from Peer_11:bootstrap
Peer_3:basic INFO 4007.5562472877946: Sending message <Pong:> to Peer_11:bootstrap
Peer_3:basic INFO 4013.219956982901: Received message <Pong:> from Peer_2:basic
Peer_3:basic INFO 4015.4301262135186: Received message <Pong:> from Peer_11:bootstrap
Peer_3:basic INFO 4500: Sending message <Ping:> to Peer_9:basic
Peer_3:basic INFO 4500: Sending message <Ping:> to Peer_8:basic
Peer_3:basic INFO 4500: Sending message <Ping:> to Peer_6:basic
Peer_3:basic INFO 4500: Sending message <Ping:> to Peer_1:basic
Peer_3:basic INFO 4500: Sending message <Ping:> to Peer_7:basic
Peer_3:basic INFO 4500: Sending message <Ping:> to Peer_5:basic
Peer_3:basic INFO 4501.306649142883: Received message <Ping:> from Peer_8:basic
Peer_3:basic INFO 4501.306649142883: Sending message <Pong:> to Peer_8:basic
Peer_3:basic INFO 4501.398163032066: Received message <Ping:> from Peer_9:basic
Peer_3:basic INFO 4501.398163032066: Sending message <Pong:> to Peer_9:basic
Peer_3:basic INFO 4502.721012894578: Received message <Pong:> from Peer_9:basic
Peer_3:basic INFO 4503.080104298886: Received message <Pong:> from Peer_8:basic
Peer_3:basic INFO 4506.511022266606: Received message <RequestPeers:> from Peer_11:bootstrap
Peer_3:basic INFO 4506.511022266606: Sending message <PeerList> to Peer_11:bootstrap
Peer_3:basic INFO 4506.905872992508: Received message <Ping:> from Peer_1:basic
Peer_3:basic INFO 4506.905872992508: Sending message <Pong:> to Peer_1:basic
Peer_3:basic INFO 4506.915055329805: Received message <Ping:> from Peer_5:basic
Peer_3:basic INFO 4506.915055329805: Sending message <Pong:> to Peer_5:basic
Peer_3:basic INFO 4509.27644517261: Received message <Ping:> from Peer_6:basic
Peer_3:basic INFO 4509.27644517261: Sending message <Pong:> to Peer_6:basic
Peer_3:basic INFO 4511.03035043838: Received message <Ping:> from Peer_7:basic
Peer_3:basic INFO 4511.03035043838: Sending message <Pong:> to Peer_7:basic
Peer_3:basic INFO 4513.732099884949: Received message <Pong:> from Peer_5:basic
Peer_3:basic INFO 4513.737139213867: Received message <Pong:> from Peer_1:basic
Peer_3:basic INFO 4514.0141381746: Received message <Pong:> from Peer_6:basic
Peer_3:basic INFO 4520.131162334669: Received message <Pong:> from Peer_7:basic
