Peer_10:basic WARNING 0: Not enough peers, fetching more (0, 5)
Peer_10:basic INFO 7.565915441727637: Connecting to Peer_11:bootstrap
Peer_10:basic INFO 14.096730153998513: Received message <RequestPeers:> from Peer_11:bootstrap
Peer_10:basic INFO 14.096730153998513: Sending message <PeerList> to Peer_11:bootstrap
Peer_10:basic INFO 16.443091480467587: Received message <Hello:> from Peer_11:bootstrap
Peer_10:basic WARNING 500: Not enough peers, fetching more (1, 5)
Peer_10:basic INFO 500: Sending message <RequestPeers:> to Peer_11:bootstrap
Peer_10:basic INFO 513.628122951532: Received message <PeerList> from Peer_11:bootstrap
Peer_10:basic WARNING 1000: Not enough peers, fetching more (1, 5)
Peer_10:basic INFO 1000: Sending message <RequestPeers:> to Peer_11:bootstrap
Peer_10:basic INFO 1006.8635370759422: Received message <Hello:> from Peer_4:basic
Peer_10:basic INFO 1006.8635370759422: Connecting to Peer_4:basic
Peer_10:basic INFO 1006.8635370759422: Sending message <Hello:> to Peer_4:basic
Peer_10:basic INFO 1006.8635370759422: Sending message <RequestPeers:> to Peer_4:basic
Peer_10:basic INFO 1014.0721241742305: Received message <PeerList> from Peer_11:bootstrap
Peer_10:basic INFO 1021.2423746901152: Received message <PeerList> from Peer_4:basic
Peer_10:basic WARNING 1500: Not enough peers, fetching more (2, 5)
Peer_10:basic INFO 1500: Sending message <RequestPeers:> to Peer_4:basic
Peer_10:basic INFO 1500: Sending message <RequestPeers:> to Peer_11:bootstrap
Peer_10:basic INFO 1506.2537840018122: Connecting to Peer_7:basic
Peer_10:basic INFO 1506.5334402677865: Received message <RequestPeers:> from Peer_4:basic
Peer_10:basic INFO 1506.5334402677865: Sending message <PeerList> to Peer_4:basic
Peer_10:basic INFO 1506.594292252846: Received message <Hello:> from Peer_7:basic
Peer_10:basic INFO 1506.7021404151305: Received message <RequestPeers:> from Peer_11:bootstrap
Peer_10:basic INFO 1506.7021404151305: Sending message <PeerList> to Peer_11:bootstrap
Peer_10:basic INFO 1512.829410263056: Received message <Hello:> from Peer_7:basic
Peer_10:basic INFO 1512.9586860347945: Received message <RequestPeers:> from Peer_7:basic
Peer_10:basic INFO 1512.9586860347945: Sending message <PeerList> to Peer_7:basic
Peer_10:basic INFO 1513.6164480153227: Received message <PeerList> from Peer_11:bootstrap
Peer_10:basic INFO 1515.1021610449868: Received message <PeerList> from Peer_4:basic
Peer_10:basic WARNING 2000: Not enough peers, fetching more (3, 5)
Peer_10:basic INFO 2000: Sending message <RequestPeers:> to Peer_11:bootstrap
Peer_10:basic INFO 2000: Sending message <RequestPeers:> to Peer_4:basic
Peer_10:basic INFO 2000: Sending message <RequestPeers:> to Peer_7:basic
Peer_10:basic INFO 2001.11020826895: Connecting to Peer_3:basic
Peer_10:basic INFO 2002.3178999146187: Received message <Hello:> from Peer_3:basic
Peer_10:basic INFO 2002.4906690466391: Received message <RequestPeers:> from Peer_3:basic
Peer_10:basic INFO 2002.4906690466391: Sending message <PeerList> to Peer_3:basic
Peer_10:basic INFO 2006.871950302937: Received message <Hello:> from Peer_6:basic
Peer_10:basic INFO 2006.871950302937: Connecting to Peer_6:basic
Peer_10:basic INFO 2006.871950302937: Sending message <Hello:> to Peer_6:basic
Peer_10:basic INFO 2006.871950302937: Sending message <RequestPeers:> to Peer_6:basic
Peer_10:basic INFO 2007.22267035499: Received message <RequestPeers:> from Peer_7:basic
Peer_10:basic INFO 2007.22267035499: Sending message <PeerList> to Peer_7:basic
Peer_10:basic INFO 2008.6434202135597: Received message <RequestPeers:> from Peer_4:basic
Peer_10:basic INFO 2008.6434202135597: Sending message <PeerList> to Peer_4:basic
Peer_10:basic INFO 2009.2013128151525: Received message <RequestPeers:> from Peer_11:bootstrap
Peer_10:basic INFO 2009.2013128151525: Sending message <PeerList> to Peer_11:bootstrap
Peer_10:basic INFO 2013.3988933983449: Received message <PeerList> from Peer_4:basic
Peer_10:basic INFO 2013.6392390451604: Received message <PeerList> from Peer_7:basic
Peer_10:basic INFO 2014.193040141888: Received message <PeerList> from Peer_11:bootstrap
Peer_10:basic INFO 2022.6711248027016: Received message <PeerList> from Peer_6:basic
Peer_10:basic INFO 2507.247473126866: Received message <RequestPeers:> from Peer_11:bootstrap
Peer_10:basic INFO 2507.247473126866: Sending message <PeerList> to Peer_11:bootstrap
Peer_10:basic INFO 3000: Sending message <Ping:> to Peer_4:basic
Peer_10:basic INFO 3000: Sending message <Ping:> to Peer_7:basic
Peer_10:basic INFO 3000: Sending message <Ping:> to Peer_3:basic
Peer_10:basic INFO 3000: Sending message <Ping:> to Peer_6:basic
Peer_10:basic INFO 3001.0787047934305: Received message <Ping:> from Peer_3:basic
Peer_10:basic INFO 3001.0787047934305: Sending message <Pong:> to Peer_3:basic
Peer_10:basic INFO 3002.1484933228367: Received message <Pong:> from Peer_3:basic
Peer_10:basic INFO 3006.3624094714337: Received message <Ping:> from Peer_4:basic
Peer_10:basic INFO 3006.3624094714337: Sending message <Pong:> to Peer_4:basic
Peer_10:basic INFO 3007.5363101170865: Received message <Ping:> from Peer_7:basic
Peer_10:basic INFO 3007.5363101170865: Sending message <Pong:> to Peer_7:basic
Peer_10:basic INFO 3009.4159202302935: Received message <Ping:> from Peer_6:basic
Peer_10:basic INFO 3009.4159202302935: Sending message <Pong:> to Peer_6:basic
Peer_10:basic INFO 3013.7998522661287: Received message <Pong:> from Peer_4:basic
Peer_10:basic INFO 3014.4013067320066: Received message <Pong:> from Peer_6:basic
Peer_10:basic INFO 3015.012481161496: Received message <Pong:> from Peer_7:basic
Peer_10:basic INFO 3500: Sending message <Ping:> to Peer_11:bootstrap
Peer_10:basic INFO 3508.433625492282: Received message <Ping:> from Peer_11:bootstrap
Peer_10:basic INFO 3508.433625492282: Sending message <Pong:> to Peer_11:bootstrap
Peer_10:basic INFO 3515.4039893963013: Received message <Pong:> from Peer_11:bootstrap
Peer_10:basic INFO 4000: Sending message <Ping:> to Peer_4:basic
Peer_10:basic INFO 4000: Sending message <Ping:> to Peer_7:basic
Peer_10:basic INFO 4000: Sending message <Ping:> to Peer_3:basic
Peer_10:basic INFO 4000: Sending message <Ping:> to Peer_6:basic
Peer_10:basic INFO 4001.4883636023246: Received message <Ping:> from Peer_3:basic
Peer_10:basic INFO 4001.4883636023246: Sending message <Pong:> to Peer_3:basic
Peer_10:basic INFO 4002.6277378800373: Received message <Pong:> from Peer_3:basic
Peer_10:basic INFO 4006.578220400006: Received message <Ping:> from Peer_6:basic
Peer_10:basic INFO 4006.578220400006: Sending message <Pong:> to Peer_6:basic
Peer_10:basic INFO 4007.1455780812466: Received message <Ping:> from Peer_7:basic
Peer_10:basic INFO 4007.1455780812466: Sending message <Pong:> to Peer_7:basic
Peer_10:basic INFO 4007.9745561580744: Received message <Ping:> from Peer_4:basic
Peer_10:basic INFO 4007.9745561580744: Sending message <Pong:> to Peer_4:basic
Peer_10:basic INFO 4012.782558392781: Received message <Pong:> from Peer_6:basic
Peer_10:basic INFO 4014.4212222942538: Received message <Pong:> from Peer_4:basic
Peer_10:basic INFO 4014.4466304996813: Received message <Pong:> from Peer_7:basic
Peer_10:basic INFO 4500: Sending message <Ping:> to Peer_11:bootstrap
Peer_10:basic INFO 4506.748683187852: Received message <Ping:> from Peer_11:bootstrap
Peer_10:basic INFO 4506.748683187852: Sending message <Pong:> to Peer_11:bootstrap
Peer_10:basic INFO 4513.037407081081: Received message <Pong:> from Peer_11:bootstrap
