Peer_6:basic WARNING 0: Not enough peers, fetching more (0, 5)
Peer_6:basic INFO 0.7478979077091129: Connecting to Peer_11:bootstrap
Peer_6:basic INFO 1.3974002465706041: Received message <Hello:> from Peer_11:bootstrap
Peer_6:basic INFO 2.7326220948246007: Received message <RequestPeers:> from Peer_11:bootstrap
Peer_6:basic INFO 2.7326220948246007: Sending message <PeerList> to Peer_11:bootstrap
Peer_6:basic WARNING 500: Not enough peers, fetching more (1, 5)
Peer_6:basic INFO 500: Sending message <RequestPeers:> to Peer_11:bootstrap
Peer_6:basic INFO 501.7335621250744: Received message <PeerList> from Peer_11:bootstrap
Peer_6:basic WARNING 1000: Not enough peers, fetching more (1, 5)
Peer_6:basic INFO 1000: Sending message <RequestPeers:> to Peer_11:bootstrap
Peer_6:basic INFO 1000.9164261183577: Connecting to Peer_1:basic
Peer_6:basic INFO 1000.9936977247484: Received message <Hello:> from Peer_2:basic
Peer_6:basic INFO 1000.9936977247484: Connecting to Peer_2:basic
Peer_6:basic INFO 1000.9936977247484: Sending message <Hello:> to Peer_2:basic
Peer_6:basic INFO 1000.9936977247484: Sending message <RequestPeers:> to Peer_2:basic
Peer_6:basic INFO 1001.698869335359: Received message <RequestPeers:> from Peer_1:basic
Peer_6:basic INFO 1001.698869335359: Sending message <PeerList> to Peer_1:basic
Peer_6:basic INFO 1002.020495549075: Received message <PeerList> from Peer_11:bootstrap
Peer_6:basic INFO 1002.3681015893029: Received message <PeerList> from Peer_2:basic
Peer_6:basic INFO 1002.7988472578504: Received message <Hello:> from Peer_1:basic
Peer_6:basic WARNING 1500: Not enough peers, fetching more (3, 5)
Peer_6:basic INFO 1500: Sending message <RequestPeers:> to Peer_2:basic
Peer_6:basic INFO 1500: Sending message <RequestPeers:> to Peer_1:basic
Peer_6:basic INFO 1500: Sending message <RequestPeers:> to Peer_11:bootstrap
Peer_6:basic INFO 1500.72731084164: Received message <RequestPeers:> from Peer_2:basic
Peer_6:basic INFO 1500.72731084164: Sending message <PeerList> to Peer_2:basic
Peer_6:basic INFO 1500.9669846987: Received message <RequestPeers:> from Peer_11:bootstrap
Peer_6:basic INFO 1500.9669846987: Sending message <PeerList> to Peer_11:bootstrap
Peer_6:basic INFO 1500.9760123193569: Received message <RequestPeers:> from Peer_1:basic
Peer_6:basic INFO 1500.9760123193569: Sending message <PeerList> to Peer_1:basic
Peer_6:basic INFO 1501.4314052585537: Received message <PeerList> from Peer_11:bootstrap
Peer_6:basic INFO 1501.460562383526: Received message <PeerList> from Peer_2:basic
Peer_6:basic INFO 1504.3882694777449: Received message <PeerList> from Peer_1:basic
Peer_6:basic INFO 1506.5476223355847: Connecting to Peer_3:basic
Peer_6:basic INFO 1513.6092420087418: Received message <RequestPeers:> from Peer_3:basic
Peer_6:basic INFO 1513.6092420087418: Sending message <PeerList> to Peer_3:basic
Peer_6:basic INFO 1515.1338105970833: Received message <Hello:> from Peer_3:basic
Peer_6:basic WARNING 2000: Not enough peers, fetching more (4, 5)
Peer_6:basic INFO 2006.871950302937: Connecting to Peer_10:basic
Peer_6:basic INFO 2013.6456304096446: Received message <Hello:> from Peer_10:basic
Peer_6:basic INFO 2016.2696339446702: Received message <RequestPeers:> from Peer_10:basic
Peer_6:basic INFO 2016.2696339446702: Sending message <PeerList> to Peer_10:basic
Peer_6:basic INFO 2500: Sending message <Ping:> to Peer_11:bootstrap
Peer_6:basic INFO 2500: Sending message <Ping:> to Peer_1:basic
Peer_6:basic INFO 2500: Sending message <Ping:> to Peer_2:basic
Peer_6:basic INFO 2500: Sending message <Ping:> to Peer_3:basic
Peer_6:basic INFO 2500.722837746825: Received message <Ping:> from Peer_11:bootstrap
Peer_6:basic INFO 2500.722837746825: Sending message <Pong:> to Peer_11:bootstrap
Peer_6:basic INFO 2500.7942866068925: Received message <RequestPeers:> from Peer_11:bootstrap
Peer_6:basic INFO 2500.7942866068925: Sending message <PeerList> to Peer_11:bootstrap
Peer_6:basic INFO 2500.8046642877102: Received message <Ping:> from Peer_2:basic
Peer_6:basic INFO 2500.8046642877102: Sending message <Pong:> to Peer_2:basic
Peer_6:basic INFO 2501.429225001012: Received message <Pong:> from Peer_1:basic
Peer_6:basic INFO 2501.446244408793: Received message <Pong:> from Peer_11:bootstrap
Peer_6:basic INFO 2501.738498641118: Received message <Pong:> from Peer_2:basic
Peer_6:basic INFO 2506.7770849443045: Received message <Ping:> from Peer_1:basic
Peer_6:basic INFO 2506.7770849443045: Sending message <Pong:> to Peer_1:basic
Peer_6:basic INFO 2509.5270541689006: Received message <Ping:> from Peer_3:basic
Peer_6:basic INFO 2509.5270541689006: Sending message <Pong:> to Peer_3:basic
Peer_6:basic INFO 2518.986717795327: Received message <Pong:> from Peer_3:basic
Peer_6:basic INFO 3000: Sending message <Ping:> to Peer_10:basic
Peer_6:basic INFO 3008.0386636858625: Received message <Ping:> from Peer_10:basic
Peer_6:basic INFO 3008.0386636858625: Sending message <Pong:> to Peer_10:basic
Peer_6:basic INFO 3016.2301306903446: Received message <Pong:> from Peer_10:basic
Peer_6:basic INFO 3500: Sending message <Ping:> to Peer_11:bootstrap
Peer_6:basic INFO 3500: Sending message <Ping:> to Peer_1:basic
Peer_6:basic INFO 3500: Sending message <Ping:> to Peer_2:basic
Peer_6:basic INFO 3500: Sending message <Ping:> to Peer_3:basic
Peer_6:basic INFO 3500.8043883817313: Received message <Ping:> from Peer_11:bootstrap
Peer_6:basic INFO 3500.8043883817313: Sending message <Pong:> to Peer_11:bootstrap
Peer_6:basic INFO 3500.997462974673: Received message <Ping:> from Peer_1:basic
Peer_6:basic INFO 3500.997462974673: Sending message <Pong:> to Peer_1:basic
Peer_6:basic INFO 3501.3100170595726: Received message <Pong:> from Peer_2:basic
Peer_6:basic INFO 3501.556378257066: Received message <Pong:> from Peer_1:basic
Peer_6:basic INFO 3501.7142755733607: Received message <Ping:> from Peer_2:basic
Peer_6:basic INFO 3501.7142755733607: Sending message <Pong:> to Peer_2:basic
Peer_6:basic INFO 3501.7896974098016: Received message <Pong:> from Peer_11:bootstrap
Peer_6:basic INFO 3507.0194560382993: Received message <Ping:> from Peer_3:basic
Peer_6:basic INFO 3507.0194560382993: Sending message <Pong:> to Peer_3:basic
Peer_6:basic INFO 3514.433819686719: Received message <Pong:> from Peer_3:basic
Peer_6:basic INFO 4000: Sending message <Ping:> to Peer_10:basic
Peer_6:basic INFO 4000.7687664173286: Received message <RequestPeers:> from Peer_11:bootstrap
Peer_6:basic INFO 4000.7687664173286: Sending message <PeerList> to Peer_11:bootstrap
Peer_6:basic INFO 4006.3091026755988: Received message <Ping:> from Peer_10:basic
Peer_6:basic INFO 4006.3091026755988: Sending message <Pong:> to Peer_10:basic
Peer_6:basic INFO 4012.6780853403325: Received message <Pong:> from Peer_10:basic
Peer_6:basic INFO 4500: Sending message <Ping:> to Peer_1:basic
Peer_6:basic INFO 4500: Sending message <Ping:> to Peer_2:basic
Peer_6:basic INFO 4500: Sending message <Ping:> to Peer_3:basic
Peer_6:basic INFO 4500.803527794357: Received message <RequestPeers:> from Peer_11:bootstrap
Peer_6:basic INFO 4500.803527794357: Sending message <PeerList> to Peer_11:bootstrap
Peer_6:basic INFO 4501.1788498146425: Received message <Ping:> from Peer_2:basic
Peer_6:basic INFO 4501.1788498146425: Sending message <Pong:> to Peer_2:basic
Peer_6:basic INFO 4501.66266118504: Received message <Pong:> from Peer_1:basic
Peer_6:basic INFO 4502.104123782085: Received message <Pong:> from Peer_2:basic
Peer_6:basic INFO 4502.836579592679: Received message <Ping:> from Peer_1:basic
Peer_6:basic INFO 4502.836579592679: Sending message <Pong:> to Peer_1:basic
Peer_6:basic INFO 4507.711797909421: Received message <Ping:> from Peer_3:basic
Peer_6:basic INFO 4507.711797909421: Sending message <Pong:> to Peer_3:basic
Peer_6:basic INFO 4516.434856125408: Received message <Pong:> from Peer_3:basic
