Peer_14:peer WARNING 0: Not enough peers, fetching more (0, 4)
Peer_14:peer INFO 36.54509064218714: Connecting to Peer_26:bootstrap
Peer_14:peer INFO 73.13009965997051: Received message <Hello:> from Peer_26:bootstrap
Peer_14:peer INFO 74.1786967524555: Received message <RequestPeers:> from Peer_26:bootstrap
Peer_14:peer INFO 74.1786967524555: Sending message <PeerList> to Peer_26:bootstrap
Peer_14:peer WARNING 500: Not enough peers, fetching more (1, 4)
Peer_14:peer INFO 500: Sending message <RequestPeers:> to Peer_26:bootstrap
Peer_14:peer INFO 573.3988024379233: Received message <PeerList> from Peer_26:bootstrap
Peer_14:peer WARNING 1000: Not enough peers, fetching more (1, 4)
Peer_14:peer INFO 1000: Sending message <RequestPeers:> to Peer_26:bootstrap
Peer_14:peer INFO 1000.240644802622: Connecting to Peer_15:peer
Peer_14:peer INFO 1000.353706120964: Received message <Hello:> from Peer_3:peer
Peer_14:peer INFO 1000.353706120964: Connecting to Peer_3:peer
Peer_14:peer INFO 1000.353706120964: Sending message <Hello:> to Peer_3:peer
Peer_14:peer INFO 1000.353706120964: Sending message <RequestPeers:> to Peer_3:peer
Peer_14:peer INFO 1000.4897531453856: Received message <Hello:> from Peer_15:peer
Peer_14:peer INFO 1000.5864900149309: Received message <RequestPeers:> from Peer_15:peer
Peer_14:peer INFO 1000.5864900149309: Sending message <PeerList> to Peer_15:peer
Peer_14:peer INFO 1000.9747959211661: Received message <PeerList> from Peer_3:peer
Peer_14:peer INFO 1073.683209811191: Received message <PeerList> from Peer_26:bootstrap
Peer_14:peer INFO 1310.7881319085075: Received message <GossipMessage:2_1> from Peer_15:peer
Peer_14:peer WARNING 1500: Not enough peers, fetching more (3, 4)
Peer_14:peer INFO 1500.2261202747522: Received message <Hello:> from Peer_5:peer
Peer_14:peer INFO 1500.2261202747522: Connecting to Peer_5:peer
Peer_14:peer INFO 1500.2261202747522: Sending message <Hello:> to Peer_5:peer
Peer_14:peer INFO 1500.2261202747522: Sending message <RequestPeers:> to Peer_5:peer
Peer_14:peer INFO 1500.4116174768599: Received message <RequestPeers:> from Peer_3:peer
Peer_14:peer INFO 1500.4116174768599: Sending message <PeerList> to Peer_3:peer
Peer_14:peer INFO 1500.8784046583914: Received message <PeerList> from Peer_5:peer
Peer_14:peer INFO 1511.187983505396: Received message <GossipMessage:3_1> from Peer_15:peer
Peer_14:peer INFO 1544.1721100528391: Received message <GossipMessage:3_1> from Peer_3:peer
Peer_14:peer INFO 1578.029955962911: Connecting to Peer_13:peer
Peer_14:peer INFO 1637.3809551322927: Received message <GossipMessage:4_1> from Peer_15:peer
Peer_14:peer INFO 1637.3809551322927: Sending message <GossipMessage:4_1> to Peer_3:peer
Peer_14:peer INFO 1637.3809551322927: Sending message <GossipMessage:4_1> to Peer_5:peer
Peer_14:peer INFO 1637.3809551322927: Sending message <GossipMessage:4_1> to Peer_13:peer
Peer_14:peer INFO 1637.560748943745: Received message <GossipMessage:4_1> from Peer_3:peer
Peer_14:peer INFO 1655.9957498120812: Received message <Hello:> from Peer_13:peer
Peer_14:peer INFO 1656.0220806228238: Received message <RequestPeers:> from Peer_13:peer
Peer_14:peer INFO 1656.0220806228238: Sending message <PeerList> to Peer_13:peer
Peer_14:peer INFO 1710.7774927747644: Received message <GossipMessage:4_1> from Peer_15:peer
Peer_14:peer INFO 1744.0972640344053: Received message <GossipMessage:4_1> from Peer_3:peer
Peer_14:peer INFO 1744.2044501185073: Received message <GossipMessage:4_1> from Peer_5:peer
Peer_14:peer INFO 1792.7756187927475: Received message <GossipMessage:4_1> from Peer_13:peer
Peer_14:peer INFO 1837.1614238305294: Received message <GossipMessage:5_1> from Peer_15:peer
Peer_14:peer INFO 1837.1614238305294: Sending message <GossipMessage:5_1> to Peer_13:peer
Peer_14:peer INFO 1837.1614238305294: Sending message <GossipMessage:5_1> to Peer_3:peer
Peer_14:peer INFO 1837.1614238305294: Sending message <GossipMessage:5_1> to Peer_5:peer
Peer_14:peer INFO 1837.7756801768612: Received message <GossipMessage:5_1> from Peer_15:peer
Peer_14:peer INFO 1837.7756801768612: Sending message <GossipMessage:5_1> to Peer_3:peer
Peer_14:peer INFO 1837.7756801768612: Sending message <GossipMessage:5_1> to Peer_5:peer
Peer_14:peer INFO 1837.7756801768612: Sending message <GossipMessage:5_1> to Peer_13:peer
Peer_14:peer INFO 1838.2169468082136: Received message <GossipMessage:5_1> from Peer_3:peer
Peer_14:peer INFO 1911.086520259548: Received message <GossipMessage:5_1> from Peer_15:peer
Peer_14:peer INFO 1911.396618339377: Received message <GossipMessage:5_1> from Peer_15:peer
Peer_14:peer INFO 1943.8989085136966: Received message <GossipMessage:5_1> from Peer_3:peer
Peer_14:peer INFO 1944.0706531685287: Received message <GossipMessage:5_1> from Peer_5:peer
Peer_14:peer INFO 1992.8568704451734: Received message <GossipMessage:5_1> from Peer_13:peer
Peer_14:peer INFO 2000: Sending message <Ping:> to Peer_26:bootstrap
Peer_14:peer INFO 2000.3443581609056: Received message <Ping:> from Peer_15:peer
Peer_14:peer INFO 2000.3443581609056: Sending message <Pong:> to Peer_15:peer
Peer_14:peer INFO 2036.1590456677195: Received message <Ping:> from Peer_26:bootstrap
Peer_14:peer INFO 2036.1590456677195: Sending message <Pong:> to Peer_26:bootstrap
Peer_14:peer INFO 2037.4674560488493: Received message <GossipMessage:6_1> from Peer_15:peer
Peer_14:peer INFO 2037.4674560488493: Sending message <GossipMessage:6_1> to Peer_13:peer
Peer_14:peer INFO 2037.4674560488493: Sending message <GossipMessage:6_1> to Peer_5:peer
Peer_14:peer INFO 2037.4674560488493: Sending message <GossipMessage:6_1> to Peer_3:peer
Peer_14:peer INFO 2037.7124837079384: Received message <GossipMessage:6_1> from Peer_3:peer
Peer_14:peer INFO 2038.4532486895394: Received message <GossipMessage:6_1> from Peer_3:peer
Peer_14:peer INFO 2039.4906035934991: Received message <GossipMessage:6_1> from Peer_3:peer
Peer_14:peer INFO 2074.662605148223: Received message <Pong:> from Peer_26:bootstrap
Peer_14:peer INFO 2111.1003395228386: Received message <GossipMessage:6_1> from Peer_15:peer
Peer_14:peer INFO 2144.1967677930115: Received message <GossipMessage:6_1> from Peer_5:peer
Peer_14:peer INFO 2144.244904282595: Received message <GossipMessage:6_1> from Peer_3:peer
Peer_14:peer INFO 2193.2569653738697: Received message <GossipMessage:6_1> from Peer_13:peer
Peer_14:peer INFO 2193.9725065854886: Received message <GossipMessage:6_1> from Peer_13:peer
Peer_14:peer INFO 2237.4138351746765: Received message <GossipMessage:7_1> from Peer_3:peer
Peer_14:peer INFO 2237.4138351746765: Sending message <GossipMessage:7_1> to Peer_15:peer
Peer_14:peer INFO 2237.4138351746765: Sending message <GossipMessage:7_1> to Peer_5:peer
Peer_14:peer INFO 2237.4138351746765: Sending message <GossipMessage:7_1> to Peer_13:peer
Peer_14:peer INFO 2237.5709725115007: Received message <GossipMessage:7_1> from Peer_15:peer
Peer_14:peer INFO 2238.2062569086934: Received message <GossipMessage:7_1> from Peer_5:peer
Peer_14:peer INFO 2238.3379752527835: Received message <GossipMessage:7_1> from Peer_3:peer
Peer_14:peer INFO 2238.930012650143: Received message <GossipMessage:7_1> from Peer_15:peer
Peer_14:peer INFO 2239.7252808332482: Received message <GossipMessage:7_1> from Peer_3:peer
Peer_14:peer INFO 2310.5455099441983: Received message <GossipMessage:7_1> from Peer_15:peer
Peer_14:peer INFO 2343.845332002678: Received message <GossipMessage:7_1> from Peer_5:peer
Peer_14:peer INFO 2343.8479652464366: Received message <GossipMessage:7_1> from Peer_3:peer
Peer_14:peer INFO 2392.3289162614683: Received message <GossipMessage:7_1> from Peer_13:peer
Peer_14:peer INFO 2392.3289162614683: Sending message <GossipMessage:7_1> to Peer_3:peer
Peer_14:peer INFO 2392.3289162614683: Sending message <GossipMessage:7_1> to Peer_15:peer
Peer_14:peer INFO 2392.3289162614683: Sending message <GossipMessage:7_1> to Peer_5:peer
Peer_14:peer INFO 2393.0490078559274: Received message <GossipMessage:7_1> from Peer_13:peer
Peer_14:peer INFO 2393.718473323103: Received message <GossipMessage:7_1> from Peer_13:peer
Peer_14:peer INFO 2437.440382188409: Received message <GossipMessage:8_1> from Peer_15:peer
Peer_14:peer INFO 2437.440382188409: Sending message <GossipMessage:8_1> to Peer_5:peer
Peer_14:peer INFO 2437.440382188409: Sending message <GossipMessage:8_1> to Peer_3:peer
Peer_14:peer INFO 2437.440382188409: Sending message <GossipMessage:8_1> to Peer_13:peer
Peer_14:peer INFO 2437.5576016555588: Received message <GossipMessage:8_1> from Peer_15:peer
Peer_14:peer INFO 2437.5576016555588: Sending message <GossipMessage:8_1> to Peer_5:peer
Peer_14:peer INFO 2437.5576016555588: Sending message <GossipMessage:8_1> to Peer_3:peer
Peer_14:peer INFO 2437.5576016555588: Sending message <GossipMessage:8_1> to Peer_13:peer
Peer_14:peer INFO 2437.7713886785677: Received message <GossipMessage:8_1> from Peer_3:peer
Peer_14:peer INFO 2437.9756267092353: Received message <GossipMessage:8_1> from Peer_3:peer
Peer_14:peer INFO 2437.9756267092353: Sending message <GossipMessage:8_1> to Peer_15:peer
Peer_14:peer INFO 2437.9756267092353: Sending message <GossipMessage:8_1> to Peer_5:peer
Peer_14:peer INFO 2437.9756267092353: Sending message <GossipMessage:8_1> to Peer_13:peer
Peer_14:peer INFO 2438.1530877928294: Received message <GossipMessage:8_1> from Peer_15:peer
Peer_14:peer INFO 2438.369966700269: Received message <GossipMessage:8_1> from Peer_15:peer
Peer_14:peer INFO 2438.75953003592: Received message <GossipMessage:8_1> from Peer_5:peer
Peer_14:peer INFO 2537.171268488555: Received message <Hello:> from Peer_1:client
Peer_14:peer INFO 2537.171268488555: Connecting to Peer_1:client
Peer_14:peer INFO 2537.171268488555: Sending message <Hello:> to Peer_1:client
Peer_14:peer INFO 2537.171268488555: Sending message <RequestPeers:> to Peer_1:client
Peer_14:peer INFO 2544.1235880634435: Received message <GossipMessage:8_1> from Peer_5:peer
Peer_14:peer INFO 2544.131569789109: Received message <GossipMessage:8_1> from Peer_3:peer
Peer_14:peer INFO 2611.037021876491: Received message <PeerList> from Peer_1:client
Peer_14:peer INFO 2637.0985198950893: Received message <GossipMessage:9_1> from Peer_15:peer
Peer_14:peer INFO 2637.0985198950893: Sending message <GossipMessage:9_1> to Peer_5:peer
Peer_14:peer INFO 2637.0985198950893: Sending message <GossipMessage:9_1> to Peer_3:peer
Peer_14:peer INFO 2637.0985198950893: Sending message <GossipMessage:9_1> to Peer_13:peer
Peer_14:peer INFO 2637.1044405050093: Received message <GossipMessage:9_1> from Peer_3:peer
Peer_14:peer INFO 2637.1044405050093: Sending message <GossipMessage:9_1> to Peer_13:peer
Peer_14:peer INFO 2637.1044405050093: Sending message <GossipMessage:9_1> to Peer_15:peer
Peer_14:peer INFO 2637.1044405050093: Sending message <GossipMessage:9_1> to Peer_5:peer
Peer_14:peer INFO 2637.3805841913922: Received message <GossipMessage:9_1> from Peer_15:peer
Peer_14:peer INFO 2637.381470369046: Received message <GossipMessage:9_1> from Peer_5:peer
Peer_14:peer INFO 2637.501870899035: Received message <GossipMessage:9_1> from Peer_15:peer
Peer_14:peer INFO 2637.5193592153573: Received message <GossipMessage:9_1> from Peer_3:peer
Peer_14:peer INFO 2637.5193592153573: Sending message <GossipMessage:9_1> to Peer_13:peer
Peer_14:peer INFO 2637.5193592153573: Sending message <GossipMessage:9_1> to Peer_5:peer
Peer_14:peer INFO 2637.5193592153573: Sending message <GossipMessage:9_1> to Peer_15:peer
Peer_14:peer INFO 2637.5716005831096: Received message <GossipMessage:9_1> from Peer_15:peer
Peer_14:peer INFO 2637.5716005831096: Sending message <GossipMessage:9_1> to Peer_5:peer
Peer_14:peer INFO 2637.5716005831096: Sending message <GossipMessage:9_1> to Peer_3:peer
Peer_14:peer INFO 2637.5716005831096: Sending message <GossipMessage:9_1> to Peer_13:peer
Peer_14:peer INFO 2637.7244444637427: Received message <GossipMessage:9_1> from Peer_1:client
Peer_14:peer INFO 2637.7244444637427: Sending message <GossipMessage:9_1> to Peer_5:peer
Peer_14:peer INFO 2637.7244444637427: Sending message <GossipMessage:9_1> to Peer_15:peer
Peer_14:peer INFO 2637.7244444637427: Sending message <GossipMessage:9_1> to Peer_3:peer
Peer_14:peer INFO 2638.087820487709: Received message <GossipMessage:9_1> from Peer_3:peer
Peer_14:peer INFO 2638.5049000436015: Received message <GossipMessage:9_1> from Peer_15:peer
Peer_14:peer INFO 2638.598545787088: Received message <GossipMessage:9_1> from Peer_3:peer
Peer_14:peer INFO 2709.4565285481526: Received message <GossipMessage:9_1> from Peer_15:peer
Peer_14:peer INFO 2711.627408272424: Received message <GossipMessage:9_1> from Peer_15:peer
Peer_14:peer INFO 2744.2236678114164: Received message <GossipMessage:9_1> from Peer_3:peer
Peer_14:peer INFO 2744.347533607519: Received message <GossipMessage:9_1> from Peer_5:peer
Peer_14:peer INFO 2744.4756661159477: Received message <GossipMessage:9_1> from Peer_5:peer
Peer_14:peer INFO 2792.1073528966317: Received message <GossipMessage:9_1> from Peer_13:peer
Peer_14:peer INFO 2792.1073528966317: Sending message <GossipMessage:9_1> to Peer_15:peer
Peer_14:peer INFO 2792.1073528966317: Sending message <GossipMessage:9_1> to Peer_3:peer
Peer_14:peer INFO 2792.1073528966317: Sending message <GossipMessage:9_1> to Peer_5:peer
Peer_14:peer INFO 2792.402234987513: Received message <GossipMessage:9_1> from Peer_15:peer
Peer_14:peer INFO 2792.8789130935766: Received message <GossipMessage:9_1> from Peer_13:peer
Peer_14:peer INFO 2792.8789130935766: Sending message <GossipMessage:9_1> to Peer_3:peer
Peer_14:peer INFO 2792.8789130935766: Sending message <GossipMessage:9_1> to Peer_5:peer
Peer_14:peer INFO 2792.8789130935766: Sending message <GossipMessage:9_1> to Peer_15:peer
Peer_14:peer INFO 2793.2358009938157: Received message <GossipMessage:9_1> from Peer_13:peer
Peer_14:peer INFO 2836.676780891724: Received message <GossipMessage:10_1> from Peer_1:client
Peer_14:peer INFO 2836.676780891724: Sending message <GossipMessage:10_1> to Peer_15:peer
Peer_14:peer INFO 2836.676780891724: Sending message <GossipMessage:10_1> to Peer_5:peer
Peer_14:peer INFO 2836.676780891724: Sending message <GossipMessage:10_1> to Peer_3:peer
Peer_14:peer INFO 2836.7093469748806: Received message <GossipMessage:10_1> from Peer_15:peer
Peer_14:peer INFO 2836.7093469748806: Sending message <GossipMessage:10_1> to Peer_5:peer
Peer_14:peer INFO 2836.7093469748806: Sending message <GossipMessage:10_1> to Peer_3:peer
Peer_14:peer INFO 2836.7093469748806: Sending message <GossipMessage:10_1> to Peer_13:peer
Peer_14:peer INFO 2836.873680027574: Received message <GossipMessage:10_1> from Peer_3:peer
Peer_14:peer INFO 2837.280228382044: Received message <GossipMessage:10_1> from Peer_15:peer
Peer_14:peer INFO 2837.280228382044: Sending message <GossipMessage:10_1> to Peer_3:peer
Peer_14:peer INFO 2837.280228382044: Sending message <GossipMessage:10_1> to Peer_13:peer
Peer_14:peer INFO 2837.280228382044: Sending message <GossipMessage:10_1> to Peer_5:peer
Peer_14:peer INFO 2837.4756365459953: Received message <GossipMessage:10_1> from Peer_3:peer
Peer_14:peer INFO 2837.6268893522574: Received message <GossipMessage:10_1> from Peer_5:peer
Peer_14:peer INFO 2838.2244164851345: Received message <GossipMessage:10_1> from Peer_5:peer
Peer_14:peer INFO 2909.990833479762: Received message <GossipMessage:10_1> from Peer_15:peer
Peer_14:peer INFO 2910.4045548566173: Received message <GossipMessage:10_1> from Peer_15:peer
Peer_14:peer INFO 2911.2869119130396: Received message <GossipMessage:10_1> from Peer_15:peer
Peer_14:peer INFO 2944.0854260717447: Received message <GossipMessage:10_1> from Peer_5:peer
Peer_14:peer INFO 2944.1610915987153: Received message <GossipMessage:10_1> from Peer_3:peer
Peer_14:peer INFO 2944.1830294174315: Received message <GossipMessage:10_1> from Peer_5:peer
Peer_14:peer INFO 2992.386580023899: Received message <GossipMessage:10_1> from Peer_13:peer
Peer_14:peer INFO 2992.739015266663: Received message <GossipMessage:10_1> from Peer_5:peer
Peer_14:peer INFO 2992.834956608623: Received message <GossipMessage:10_1> from Peer_13:peer
Peer_14:peer INFO 2993.026594642895: Received message <GossipMessage:10_1> from Peer_13:peer
Peer_14:peer INFO 2993.026594642895: Sending message <GossipMessage:10_1> to Peer_5:peer
Peer_14:peer INFO 2993.026594642895: Sending message <GossipMessage:10_1> to Peer_3:peer
Peer_14:peer INFO 2993.026594642895: Sending message <GossipMessage:10_1> to Peer_15:peer
Peer_14:peer INFO 2993.0782076409255: Received message <GossipMessage:10_1> from Peer_13:peer
Peer_14:peer INFO 2993.1210113873276: Received message <GossipMessage:10_1> from Peer_13:peer
Peer_14:peer INFO 3000: Sending message <Ping:> to Peer_26:bootstrap
Peer_14:peer INFO 3036.641775478977: Received message <GossipMessage:11_1> from Peer_3:peer
Peer_14:peer INFO 3036.641775478977: Sending message <GossipMessage:11_1> to Peer_13:peer
Peer_14:peer INFO 3036.641775478977: Sending message <GossipMessage:11_1> to Peer_5:peer
Peer_14:peer INFO 3036.641775478977: Sending message <GossipMessage:11_1> to Peer_15:peer
Peer_14:peer INFO 3036.9038615570084: Received message <GossipMessage:11_1> from Peer_1:client
Peer_14:peer INFO 3036.9038615570084: Sending message <GossipMessage:11_1> to Peer_13:peer
Peer_14:peer INFO 3036.9038615570084: Sending message <GossipMessage:11_1> to Peer_3:peer
Peer_14:peer INFO 3036.9038615570084: Sending message <GossipMessage:11_1> to Peer_15:peer
Peer_14:peer INFO 3037.0380915497567: Received message <GossipMessage:11_1> from Peer_3:peer
Peer_14:peer INFO 3037.040957920897: Received message <Ping:> from Peer_26:bootstrap
Peer_14:peer INFO 3037.040957920897: Sending message <Pong:> to Peer_26:bootstrap
Peer_14:peer INFO 3037.2842693594894: Received message <RequestPeers:> from Peer_1:client
Peer_14:peer INFO 3037.2842693594894: Sending message <PeerList> to Peer_1:client
Peer_14:peer INFO 3037.295972995106: Received message <GossipMessage:11_1> from Peer_5:peer
Peer_14:peer INFO 3037.438600091488: Received message <GossipMessage:11_1> from Peer_3:peer
Peer_14:peer INFO 3037.438600091488: Sending message <GossipMessage:11_1> to Peer_5:peer
Peer_14:peer INFO 3037.438600091488: Sending message <GossipMessage:11_1> to Peer_13:peer
Peer_14:peer INFO 3037.438600091488: Sending message <GossipMessage:11_1> to Peer_15:peer
Peer_14:peer INFO 3037.7265764530384: Received message <GossipMessage:11_1> from Peer_3:peer
Peer_14:peer INFO 3037.751432582456: Received message <GossipMessage:11_1> from Peer_15:peer
Peer_14:peer INFO 3037.831955881871: Received message <GossipMessage:11_1> from Peer_5:peer
Peer_14:peer INFO 3038.349629322137: Received message <GossipMessage:11_1> from Peer_3:peer
Peer_14:peer INFO 3038.8397873184663: Received message <GossipMessage:11_1> from Peer_3:peer
Peer_14:peer INFO 3073.5272803129337: Received message <Pong:> from Peer_26:bootstrap
Peer_14:peer INFO 3109.338103475385: Received message <GossipMessage:11_1> from Peer_15:peer
Peer_14:peer INFO 3109.702496705397: Received message <GossipMessage:11_1> from Peer_15:peer
Peer_14:peer INFO 3110.0026654111225: Received message <GossipMessage:11_1> from Peer_15:peer
Peer_14:peer INFO 3143.9915457270813: Received message <GossipMessage:11_1> from Peer_3:peer
Peer_14:peer INFO 3144.1640701088277: Received message <GossipMessage:11_1> from Peer_5:peer
Peer_14:peer INFO 3192.531191015443: Received message <GossipMessage:11_1> from Peer_13:peer
Peer_14:peer INFO 3192.5394091765393: Received message <GossipMessage:11_1> from Peer_13:peer
Peer_14:peer INFO 3192.5394091765393: Sending message <GossipMessage:11_1> to Peer_3:peer
Peer_14:peer INFO 3192.5394091765393: Sending message <GossipMessage:11_1> to Peer_5:peer
Peer_14:peer INFO 3192.5394091765393: Sending message <GossipMessage:11_1> to Peer_15:peer
Peer_14:peer INFO 3192.5963073235575: Received message <GossipMessage:11_1> from Peer_5:peer
Peer_14:peer INFO 3192.891146527138: Received message <GossipMessage:11_1> from Peer_13:peer
Peer_14:peer INFO 3192.891146527138: Sending message <GossipMessage:11_1> to Peer_5:peer
Peer_14:peer INFO 3192.891146527138: Sending message <GossipMessage:11_1> to Peer_3:peer
Peer_14:peer INFO 3192.891146527138: Sending message <GossipMessage:11_1> to Peer_15:peer
Peer_14:peer INFO 3193.150074821973: Received message <GossipMessage:11_1> from Peer_13:peer
Peer_14:peer INFO 3193.1600092091962: Received message <GossipMessage:11_1> from Peer_15:peer
Peer_14:peer INFO 3236.9108257974917: Received message <GossipMessage:12_1> from Peer_1:client
Peer_14:peer INFO 3236.9108257974917: Sending message <GossipMessage:12_1> to Peer_3:peer
Peer_14:peer INFO 3236.9108257974917: Sending message <GossipMessage:12_1> to Peer_5:peer
Peer_14:peer INFO 3236.9108257974917: Sending message <GossipMessage:12_1> to Peer_13:peer
Peer_14:peer INFO 3237.8183073731393: Received message <GossipMessage:12_1> from Peer_3:peer
Peer_14:peer INFO 3237.850656587776: Received message <GossipMessage:12_1> from Peer_15:peer
Peer_14:peer INFO 3237.862079063629: Received message <GossipMessage:12_1> from Peer_15:peer
Peer_14:peer INFO 3238.0365221526704: Received message <GossipMessage:12_1> from Peer_15:peer
Peer_14:peer INFO 3238.1273372621367: Received message <GossipMessage:12_1> from Peer_5:peer
Peer_14:peer INFO 3310.518848900653: Received message <GossipMessage:12_1> from Peer_15:peer
Peer_14:peer INFO 3343.8643474657356: Received message <GossipMessage:12_1> from Peer_15:peer
Peer_14:peer INFO 3343.9086400983992: Received message <GossipMessage:12_1> from Peer_13:peer
Peer_14:peer INFO 3343.9591771281703: Received message <GossipMessage:12_1> from Peer_3:peer
Peer_14:peer INFO 3344.080253087616: Received message <GossipMessage:12_1> from Peer_5:peer
Peer_14:peer INFO 3391.924724815746: Received message <GossipMessage:12_1> from Peer_13:peer
Peer_14:peer INFO 3391.924724815746: Sending message <GossipMessage:12_1> to Peer_15:peer
Peer_14:peer INFO 3391.924724815746: Sending message <GossipMessage:12_1> to Peer_3:peer
Peer_14:peer INFO 3391.924724815746: Sending message <GossipMessage:12_1> to Peer_5:peer
Peer_14:peer INFO 3392.059333445486: Received message <GossipMessage:12_1> from Peer_15:peer
Peer_14:peer INFO 3392.882761225892: Received message <GossipMessage:12_1> from Peer_13:peer
Peer_14:peer INFO 3392.9387038755126: Received message <GossipMessage:12_1> from Peer_5:peer
Peer_14:peer INFO 3393.0126838625947: Received message <GossipMessage:12_1> from Peer_13:peer
Peer_14:peer INFO 3393.2491340925217: Received message <GossipMessage:12_1> from Peer_13:peer
Peer_14:peer INFO 3437.499655512607: Received message <GossipMessage:13_1> from Peer_3:peer
Peer_14:peer INFO 3437.499655512607: Sending message <GossipMessage:13_1> to Peer_13:peer
Peer_14:peer INFO 3437.499655512607: Sending message <GossipMessage:13_1> to Peer_5:peer
Peer_14:peer INFO 3437.499655512607: Sending message <GossipMessage:13_1> to Peer_15:peer
Peer_14:peer INFO 3437.6484552655247: Received message <GossipMessage:13_1> from Peer_5:peer
Peer_14:peer INFO 3437.8844572824323: Received message <GossipMessage:13_1> from Peer_5:peer
Peer_14:peer INFO 3438.0183543038524: Received message <GossipMessage:13_1> from Peer_15:peer
Peer_14:peer INFO 3438.0183543038524: Sending message <GossipMessage:13_1> to Peer_13:peer
Peer_14:peer INFO 3438.0183543038524: Sending message <GossipMessage:13_1> to Peer_3:peer
Peer_14:peer INFO 3438.0183543038524: Sending message <GossipMessage:13_1> to Peer_5:peer
Peer_14:peer INFO 3438.1127798296106: Received message <GossipMessage:13_1> from Peer_1:client
Peer_14:peer INFO 3438.1127798296106: Sending message <GossipMessage:13_1> to Peer_5:peer
Peer_14:peer INFO 3438.1127798296106: Sending message <GossipMessage:13_1> to Peer_13:peer
Peer_14:peer INFO 3438.1127798296106: Sending message <GossipMessage:13_1> to Peer_15:peer
Peer_14:peer INFO 3438.593490793319: Received message <GossipMessage:13_1> from Peer_15:peer
Peer_14:peer INFO 3438.593490793319: Sending message <GossipMessage:13_1> to Peer_3:peer
Peer_14:peer INFO 3438.593490793319: Sending message <GossipMessage:13_1> to Peer_13:peer
Peer_14:peer INFO 3438.593490793319: Sending message <GossipMessage:13_1> to Peer_5:peer
Peer_14:peer INFO 3438.893506554823: Received message <GossipMessage:13_1> from Peer_3:peer
Peer_14:peer INFO 3510.7019313925393: Received message <GossipMessage:13_1> from Peer_15:peer
Peer_14:peer INFO 3537.53215599984: Received message <RequestPeers:> from Peer_1:client
Peer_14:peer INFO 3537.53215599984: Sending message <PeerList> to Peer_1:client
Peer_14:peer INFO 3543.662353066188: Received message <GossipMessage:13_1> from Peer_5:peer
Peer_14:peer INFO 3543.7116606373206: Received message <GossipMessage:13_1> from Peer_3:peer
Peer_14:peer INFO 3544.0543059227907: Received message <GossipMessage:13_1> from Peer_13:peer
Peer_14:peer INFO 3592.6165754388308: Received message <GossipMessage:13_1> from Peer_13:peer
Peer_14:peer INFO 3592.6165754388308: Sending message <GossipMessage:13_1> to Peer_5:peer
Peer_14:peer INFO 3592.6165754388308: Sending message <GossipMessage:13_1> to Peer_15:peer
Peer_14:peer INFO 3592.6165754388308: Sending message <GossipMessage:13_1> to Peer_3:peer
Peer_14:peer INFO 3594.25822376595: Received message <GossipMessage:13_1> from Peer_13:peer
Peer_14:peer INFO 3594.29653041161: Received message <GossipMessage:13_1> from Peer_15:peer
Peer_14:peer INFO 3594.3092712157054: Received message <GossipMessage:13_1> from Peer_13:peer
Peer_14:peer INFO 3594.3092712157054: Sending message <GossipMessage:13_1> to Peer_15:peer
Peer_14:peer INFO 3594.3092712157054: Sending message <GossipMessage:13_1> to Peer_5:peer
Peer_14:peer INFO 3594.3092712157054: Sending message <GossipMessage:13_1> to Peer_3:peer
Peer_14:peer INFO 3594.448545784993: Received message <GossipMessage:13_1> from Peer_13:peer
Peer_14:peer INFO 3636.6452585572288: Received message <GossipMessage:14_1> from Peer_1:client
Peer_14:peer INFO 3636.6452585572288: Sending message <GossipMessage:14_1> to Peer_5:peer
Peer_14:peer INFO 3636.6452585572288: Sending message <GossipMessage:14_1> to Peer_3:peer
Peer_14:peer INFO 3636.6452585572288: Sending message <GossipMessage:14_1> to Peer_15:peer
Peer_14:peer INFO 3637.400733540111: Received message <GossipMessage:14_1> from Peer_15:peer
Peer_14:peer INFO 3637.569613474845: Received message <GossipMessage:14_1> from Peer_3:peer
Peer_14:peer INFO 3637.668103559853: Received message <GossipMessage:14_1> from Peer_15:peer
Peer_14:peer INFO 3637.668103559853: Sending message <GossipMessage:14_1> to Peer_3:peer
Peer_14:peer INFO 3637.668103559853: Sending message <GossipMessage:14_1> to Peer_5:peer
Peer_14:peer INFO 3637.668103559853: Sending message <GossipMessage:14_1> to Peer_13:peer
Peer_14:peer INFO 3637.9600076757424: Received message <GossipMessage:14_1> from Peer_3:peer
Peer_14:peer INFO 3638.6052395855904: Received message <GossipMessage:14_1> from Peer_5:peer
Peer_14:peer INFO 3711.519806896385: Received message <GossipMessage:14_1> from Peer_15:peer
Peer_14:peer INFO 3743.451347017597: Received message <GossipMessage:14_1> from Peer_13:peer
Peer_14:peer INFO 3743.451347017597: Sending message <GossipMessage:14_1> to Peer_15:peer
Peer_14:peer INFO 3743.451347017597: Sending message <GossipMessage:14_1> to Peer_3:peer
Peer_14:peer INFO 3743.451347017597: Sending message <GossipMessage:14_1> to Peer_5:peer
Peer_14:peer INFO 3743.9429502153116: Received message <GossipMessage:14_1> from Peer_3:peer
Peer_14:peer INFO 3744.0379180050236: Received message <GossipMessage:14_1> from Peer_5:peer
Peer_14:peer INFO 3744.0939878515046: Received message <GossipMessage:14_1> from Peer_15:peer
Peer_14:peer INFO 3744.1149166033238: Received message <GossipMessage:14_1> from Peer_13:peer
Peer_14:peer INFO 3744.1878863755246: Received message <GossipMessage:14_1> from Peer_5:peer
Peer_14:peer INFO 3792.8241906413696: Received message <GossipMessage:14_1> from Peer_13:peer
Peer_14:peer INFO 3793.149814023085: Received message <GossipMessage:14_1> from Peer_13:peer
Peer_14:peer INFO 3793.149814023085: Sending message <GossipMessage:14_1> to Peer_5:peer
Peer_14:peer INFO 3793.149814023085: Sending message <GossipMessage:14_1> to Peer_3:peer
Peer_14:peer INFO 3793.149814023085: Sending message <GossipMessage:14_1> to Peer_15:peer
Peer_14:peer INFO 3793.5886568000988: Received message <GossipMessage:14_1> from Peer_15:peer
Peer_14:peer INFO 3835.3305181496794: Received message <GossipMessage:15_1> from Peer_1:client
Peer_14:peer INFO 3835.3305181496794: Sending message <GossipMessage:15_1> to Peer_13:peer
Peer_14:peer INFO 3835.3305181496794: Sending message <GossipMessage:15_1> to Peer_3:peer
Peer_14:peer INFO 3835.3305181496794: Sending message <GossipMessage:15_1> to Peer_15:peer
Peer_14:peer INFO 3836.185765332817: Received message <GossipMessage:15_1> from Peer_3:peer
Peer_14:peer INFO 3836.816111782961: Received message <GossipMessage:15_1> from Peer_5:peer
Peer_14:peer INFO 3837.1629560002098: Received message <GossipMessage:15_1> from Peer_15:peer
Peer_14:peer INFO 3837.1629560002098: Sending message <GossipMessage:15_1> to Peer_3:peer
Peer_14:peer INFO 3837.1629560002098: Sending message <GossipMessage:15_1> to Peer_5:peer
Peer_14:peer INFO 3837.1629560002098: Sending message <GossipMessage:15_1> to Peer_13:peer
Peer_14:peer INFO 3837.3472348816153: Received message <GossipMessage:15_1> from Peer_3:peer
Peer_14:peer INFO 3837.3472348816153: Sending message <GossipMessage:15_1> to Peer_15:peer
Peer_14:peer INFO 3837.3472348816153: Sending message <GossipMessage:15_1> to Peer_13:peer
Peer_14:peer INFO 3837.3472348816153: Sending message <GossipMessage:15_1> to Peer_5:peer
Peer_14:peer INFO 3837.3929892545866: Received message <GossipMessage:15_1> from Peer_15:peer
Peer_14:peer INFO 3837.4916394573274: Received message <GossipMessage:15_1> from Peer_3:peer
Peer_14:peer INFO 3837.542381935941: Received message <GossipMessage:15_1> from Peer_5:peer
Peer_14:peer INFO 3838.1747321944026: Received message <GossipMessage:15_1> from Peer_15:peer
Peer_14:peer INFO 3838.1747321944026: Sending message <GossipMessage:15_1> to Peer_5:peer
Peer_14:peer INFO 3838.1747321944026: Sending message <GossipMessage:15_1> to Peer_13:peer
Peer_14:peer INFO 3838.1747321944026: Sending message <GossipMessage:15_1> to Peer_3:peer
Peer_14:peer INFO 3911.354340687302: Received message <GossipMessage:15_1> from Peer_15:peer
Peer_14:peer INFO 3912.066604433077: Received message <GossipMessage:15_1> from Peer_15:peer
Peer_14:peer INFO 3944.057032436799: Received message <GossipMessage:15_1> from Peer_5:peer
Peer_14:peer INFO 3944.069110364852: Received message <GossipMessage:15_1> from Peer_15:peer
Peer_14:peer INFO 3944.070832234014: Received message <GossipMessage:15_1> from Peer_13:peer
Peer_14:peer INFO 3944.2056882674447: Received message <GossipMessage:15_1> from Peer_3:peer
Peer_14:peer INFO 3944.2858088595226: Received message <GossipMessage:15_1> from Peer_3:peer
Peer_14:peer INFO 3944.485062070222: Received message <GossipMessage:15_1> from Peer_5:peer
Peer_14:peer INFO 3991.5170290289097: Received message <GossipMessage:15_1> from Peer_15:peer
Peer_14:peer INFO 3991.6818932860233: Received message <GossipMessage:15_1> from Peer_13:peer
Peer_14:peer INFO 3993.8354924380483: Received message <GossipMessage:15_1> from Peer_13:peer
Peer_14:peer INFO 3994.030275818776: Received message <GossipMessage:15_1> from Peer_13:peer
Peer_14:peer INFO 3994.030275818776: Sending message <GossipMessage:15_1> to Peer_15:peer
Peer_14:peer INFO 3994.030275818776: Sending message <GossipMessage:15_1> to Peer_5:peer
Peer_14:peer INFO 3994.030275818776: Sending message <GossipMessage:15_1> to Peer_3:peer
Peer_14:peer INFO 4000: Sending message <Ping:> to Peer_26:bootstrap
Peer_14:peer INFO 4036.1948087266455: Received message <GossipMessage:16_1> from Peer_1:client
Peer_14:peer INFO 4036.1948087266455: Sending message <GossipMessage:16_1> to Peer_5:peer
Peer_14:peer INFO 4036.1948087266455: Sending message <GossipMessage:16_1> to Peer_15:peer
Peer_14:peer INFO 4036.1948087266455: Sending message <GossipMessage:16_1> to Peer_13:peer
Peer_14:peer INFO 4036.5899146557845: Received message <GossipMessage:16_1> from Peer_5:peer
Peer_14:peer INFO 4036.5899146557845: Sending message <GossipMessage:16_1> to Peer_15:peer
Peer_14:peer INFO 4036.5899146557845: Sending message <GossipMessage:16_1> to Peer_3:peer
Peer_14:peer INFO 4036.5899146557845: Sending message <GossipMessage:16_1> to Peer_13:peer
Peer_14:peer INFO 4036.6343002390263: Received message <RequestPeers:> from Peer_1:client
Peer_14:peer INFO 4036.6343002390263: Sending message <PeerList> to Peer_1:client
Peer_14:peer INFO 4036.9445952231576: Received message <Ping:> from Peer_26:bootstrap
Peer_14:peer INFO 4036.9445952231576: Sending message <Pong:> to Peer_26:bootstrap
Peer_14:peer INFO 4036.9584152819643: Received message <GossipMessage:16_1> from Peer_15:peer
Peer_14:peer INFO 4036.9584152819643: Sending message <GossipMessage:16_1> to Peer_5:peer
Peer_14:peer INFO 4036.9584152819643: Sending message <GossipMessage:16_1> to Peer_13:peer
Peer_14:peer INFO 4036.9584152819643: Sending message <GossipMessage:16_1> to Peer_3:peer
Peer_14:peer INFO 4037.203749840312: Received message <GossipMessage:16_1> from Peer_3:peer
Peer_14:peer INFO 4037.3182984887403: Received message <GossipMessage:16_1> from Peer_3:peer
Peer_14:peer INFO 4037.3182984887403: Sending message <GossipMessage:16_1> to Peer_15:peer
Peer_14:peer INFO 4037.3182984887403: Sending message <GossipMessage:16_1> to Peer_13:peer
Peer_14:peer INFO 4037.3182984887403: Sending message <GossipMessage:16_1> to Peer_5:peer
Peer_14:peer INFO 4037.527583038795: Received message <GossipMessage:16_1> from Peer_3:peer
Peer_14:peer INFO 4037.612958501674: Received message <GossipMessage:16_1> from Peer_15:peer
Peer_14:peer INFO 4037.7617091736506: Received message <GossipMessage:16_1> from Peer_5:peer
Peer_14:peer INFO 4074.5340527956846: Received message <Pong:> from Peer_26:bootstrap
Peer_14:peer INFO 4144.0213228911525: Received message <GossipMessage:16_1> from Peer_15:peer
Peer_14:peer INFO 4144.0213228911525: Sending message <GossipMessage:16_1> to Peer_13:peer
Peer_14:peer INFO 4144.0213228911525: Sending message <GossipMessage:16_1> to Peer_5:peer
Peer_14:peer INFO 4144.0213228911525: Sending message <GossipMessage:16_1> to Peer_3:peer
Peer_14:peer INFO 4144.1605983875925: Received message <GossipMessage:16_1> from Peer_3:peer
Peer_14:peer INFO 4144.2932317697605: Received message <GossipMessage:16_1> from Peer_15:peer
Peer_14:peer INFO 4144.559016365949: Received message <GossipMessage:16_1> from Peer_5:peer
Peer_14:peer INFO 4192.440769176446: Received message <GossipMessage:16_1> from Peer_5:peer
Peer_14:peer INFO 4192.696952152939: Received message <GossipMessage:16_1> from Peer_13:peer
Peer_14:peer INFO 4192.696952152939: Sending message <GossipMessage:16_1> to Peer_3:peer
Peer_14:peer INFO 4192.696952152939: Sending message <GossipMessage:16_1> to Peer_5:peer
Peer_14:peer INFO 4192.696952152939: Sending message <GossipMessage:16_1> to Peer_15:peer
Peer_14:peer INFO 4193.255481601624: Received message <GossipMessage:16_1> from Peer_13:peer
Peer_14:peer INFO 4193.28263811797: Received message <GossipMessage:16_1> from Peer_13:peer
Peer_14:peer INFO 4193.28263811797: Sending message <GossipMessage:16_1> to Peer_15:peer
Peer_14:peer INFO 4193.28263811797: Sending message <GossipMessage:16_1> to Peer_5:peer
Peer_14:peer INFO 4193.28263811797: Sending message <GossipMessage:16_1> to Peer_3:peer
Peer_14:peer INFO 4193.550133976845: Received message <GossipMessage:16_1> from Peer_15:peer
Peer_14:peer INFO 4237.256066001376: Received message <GossipMessage:17_1> from Peer_15:peer
Peer_14:peer INFO 4237.256066001376: Sending message <GossipMessage:17_1> to Peer_13:peer
Peer_14:peer INFO 4237.256066001376: Sending message <GossipMessage:17_1> to Peer_5:peer
Peer_14:peer INFO 4237.256066001376: Sending message <GossipMessage:17_1> to Peer_3:peer
Peer_14:peer INFO 4237.343805134584: Received message <GossipMessage:17_1> from Peer_1:client
Peer_14:peer INFO 4237.343805134584: Sending message <GossipMessage:17_1> to Peer_13:peer
Peer_14:peer INFO 4237.343805134584: Sending message <GossipMessage:17_1> to Peer_15:peer
Peer_14:peer INFO 4237.343805134584: Sending message <GossipMessage:17_1> to Peer_3:peer
Peer_14:peer INFO 4237.639958077544: Received message <GossipMessage:17_1> from Peer_3:peer
Peer_14:peer INFO 4238.05910874842: Received message <GossipMessage:17_1> from Peer_15:peer
Peer_14:peer INFO 4238.309787316847: Received message <GossipMessage:17_1> from Peer_5:peer
Peer_14:peer INFO 4343.268095436247: Received message <GossipMessage:17_1> from Peer_13:peer
Peer_14:peer INFO 4343.268095436247: Sending message <GossipMessage:17_1> to Peer_15:peer
Peer_14:peer INFO 4343.268095436247: Sending message <GossipMessage:17_1> to Peer_5:peer
Peer_14:peer INFO 4343.268095436247: Sending message <GossipMessage:17_1> to Peer_3:peer
Peer_14:peer INFO 4344.121253566554: Received message <GossipMessage:17_1> from Peer_13:peer
Peer_14:peer INFO 4344.327392646289: Received message <GossipMessage:17_1> from Peer_5:peer
Peer_14:peer INFO 4344.421993861005: Received message <GossipMessage:17_1> from Peer_3:peer
Peer_14:peer INFO 4391.94077179777: Received message <GossipMessage:17_1> from Peer_13:peer
Peer_14:peer INFO 4393.425846982537: Received message <GossipMessage:17_1> from Peer_5:peer
Peer_14:peer INFO 4393.574962592402: Received message <GossipMessage:17_1> from Peer_13:peer
Peer_14:peer INFO 4393.579623066829: Received message <GossipMessage:17_1> from Peer_15:peer
Peer_14:peer INFO 4393.608042207821: Received message <GossipMessage:17_1> from Peer_13:peer
Peer_14:peer INFO 4436.245518266898: Received message <GossipMessage:18_1> from Peer_15:peer
Peer_14:peer INFO 4436.245518266898: Sending message <GossipMessage:18_1> to Peer_13:peer
Peer_14:peer INFO 4436.245518266898: Sending message <GossipMessage:18_1> to Peer_5:peer
Peer_14:peer INFO 4436.245518266898: Sending message <GossipMessage:18_1> to Peer_3:peer
Peer_14:peer INFO 4437.190470553141: Received message <GossipMessage:18_1> from Peer_15:peer
Peer_14:peer INFO 4437.190470553141: Sending message <GossipMessage:18_1> to Peer_5:peer
Peer_14:peer INFO 4437.190470553141: Sending message <GossipMessage:18_1> to Peer_13:peer
Peer_14:peer INFO 4437.190470553141: Sending message <GossipMessage:18_1> to Peer_3:peer
Peer_14:peer INFO 4437.448795245297: Received message <GossipMessage:18_1> from Peer_5:peer
Peer_14:peer INFO 4437.702778729834: Received message <GossipMessage:18_1> from Peer_1:client
Peer_14:peer INFO 4437.702778729834: Sending message <GossipMessage:18_1> to Peer_5:peer
Peer_14:peer INFO 4437.702778729834: Sending message <GossipMessage:18_1> to Peer_3:peer
Peer_14:peer INFO 4437.702778729834: Sending message <GossipMessage:18_1> to Peer_13:peer
Peer_14:peer INFO 4438.195029015714: Received message <GossipMessage:18_1> from Peer_3:peer
Peer_14:peer INFO 4438.195029015714: Sending message <GossipMessage:18_1> to Peer_13:peer
Peer_14:peer INFO 4438.195029015714: Sending message <GossipMessage:18_1> to Peer_15:peer
Peer_14:peer INFO 4438.195029015714: Sending message <GossipMessage:18_1> to Peer_5:peer
Peer_14:peer INFO 4438.468363006058: Received message <GossipMessage:18_1> from Peer_15:peer
Peer_14:peer INFO 4438.605200050108: Received message <GossipMessage:18_1> from Peer_5:peer
Peer_14:peer INFO 4544.023653253424: Received message <GossipMessage:18_1> from Peer_13:peer
Peer_14:peer INFO 4544.097745037003: Received message <GossipMessage:18_1> from Peer_15:peer
Peer_14:peer INFO 4544.172854045788: Received message <GossipMessage:18_1> from Peer_3:peer
Peer_14:peer INFO 4544.222413674519: Received message <GossipMessage:18_1> from Peer_15:peer
Peer_14:peer INFO 4544.222531739361: Received message <GossipMessage:18_1> from Peer_3:peer
Peer_14:peer INFO 4544.247777072185: Received message <GossipMessage:18_1> from Peer_5:peer
Peer_14:peer INFO 4544.45068555021: Received message <GossipMessage:18_1> from Peer_5:peer
Peer_14:peer INFO 4591.962393061359: Received message <GossipMessage:18_1> from Peer_13:peer
Peer_14:peer INFO 4591.962393061359: Sending message <GossipMessage:18_1> to Peer_5:peer
Peer_14:peer INFO 4591.962393061359: Sending message <GossipMessage:18_1> to Peer_3:peer
Peer_14:peer INFO 4591.962393061359: Sending message <GossipMessage:18_1> to Peer_15:peer
Peer_14:peer INFO 4592.130954241458: Received message <GossipMessage:18_1> from Peer_13:peer
Peer_14:peer INFO 4593.545232834515: Received message <GossipMessage:18_1> from Peer_13:peer
Peer_14:peer INFO 4637.055062607858: Received message <GossipMessage:19_1> from Peer_1:client
Peer_14:peer INFO 4637.055062607858: Sending message <GossipMessage:19_1> to Peer_3:peer
Peer_14:peer INFO 4637.055062607858: Sending message <GossipMessage:19_1> to Peer_13:peer
Peer_14:peer INFO 4637.055062607858: Sending message <GossipMessage:19_1> to Peer_15:peer
Peer_14:peer INFO 4637.203306744851: Received message <GossipMessage:19_1> from Peer_15:peer
Peer_14:peer INFO 4637.203306744851: Sending message <GossipMessage:19_1> to Peer_13:peer
Peer_14:peer INFO 4637.203306744851: Sending message <GossipMessage:19_1> to Peer_3:peer
Peer_14:peer INFO 4637.203306744851: Sending message <GossipMessage:19_1> to Peer_5:peer
Peer_14:peer INFO 4637.3546199779485: Received message <GossipMessage:19_1> from Peer_5:peer
Peer_14:peer INFO 4637.3546199779485: Sending message <GossipMessage:19_1> to Peer_13:peer
Peer_14:peer INFO 4637.3546199779485: Sending message <GossipMessage:19_1> to Peer_15:peer
Peer_14:peer INFO 4637.3546199779485: Sending message <GossipMessage:19_1> to Peer_3:peer
Peer_14:peer INFO 4638.677966771991: Received message <GossipMessage:19_1> from Peer_5:peer
Peer_14:peer INFO 4709.725141926469: Received message <GossipMessage:19_1> from Peer_15:peer
Peer_14:peer INFO 4710.725953258683: Received message <GossipMessage:19_1> from Peer_15:peer
Peer_14:peer INFO 4710.98152771395: Received message <GossipMessage:19_1> from Peer_15:peer
Peer_14:peer INFO 4743.817825413531: Received message <GossipMessage:19_1> from Peer_13:peer
Peer_14:peer INFO 4743.817825413531: Sending message <GossipMessage:19_1> to Peer_5:peer
Peer_14:peer INFO 4743.817825413531: Sending message <GossipMessage:19_1> to Peer_3:peer
Peer_14:peer INFO 4743.817825413531: Sending message <GossipMessage:19_1> to Peer_15:peer
Peer_14:peer INFO 4744.114543654781: Received message <GossipMessage:19_1> from Peer_15:peer
Peer_14:peer INFO 4744.201716141554: Received message <GossipMessage:19_1> from Peer_5:peer
Peer_14:peer INFO 4744.339127483451: Received message <GossipMessage:19_1> from Peer_15:peer
Peer_14:peer INFO 4793.008004782537: Received message <GossipMessage:19_1> from Peer_13:peer
Peer_14:peer INFO 4793.008004782537: Sending message <GossipMessage:19_1> to Peer_15:peer
Peer_14:peer INFO 4793.008004782537: Sending message <GossipMessage:19_1> to Peer_3:peer
Peer_14:peer INFO 4793.008004782537: Sending message <GossipMessage:19_1> to Peer_5:peer
Peer_14:peer INFO 4793.356799914302: Received message <GossipMessage:19_1> from Peer_5:peer
Peer_14:peer INFO 4793.548528802752: Received message <GossipMessage:19_1> from Peer_5:peer
Peer_14:peer INFO 4794.420850812212: Received message <GossipMessage:19_1> from Peer_13:peer
Peer_14:peer INFO 4794.420850812212: Sending message <GossipMessage:19_1> to Peer_15:peer
Peer_14:peer INFO 4794.420850812212: Sending message <GossipMessage:19_1> to Peer_5:peer
Peer_14:peer INFO 4794.420850812212: Sending message <GossipMessage:19_1> to Peer_3:peer
Peer_14:peer INFO 4836.678103199388: Received message <GossipMessage:20_1> from Peer_1:client
Peer_14:peer INFO 4836.678103199388: Sending message <GossipMessage:20_1> to Peer_15:peer
Peer_14:peer INFO 4836.678103199388: Sending message <GossipMessage:20_1> to Peer_5:peer
Peer_14:peer INFO 4836.678103199388: Sending message <GossipMessage:20_1> to Peer_13:peer
Peer_14:peer INFO 4837.0761076036215: Received message <GossipMessage:20_1> from Peer_5:peer
Peer_14:peer INFO 4837.818384501309: Received message <GossipMessage:20_1> from Peer_15:peer
Peer_14:peer INFO 4837.818384501309: Sending message <GossipMessage:20_1> to Peer_13:peer
Peer_14:peer INFO 4837.818384501309: Sending message <GossipMessage:20_1> to Peer_5:peer
Peer_14:peer INFO 4837.818384501309: Sending message <GossipMessage:20_1> to Peer_3:peer
Peer_14:peer INFO 4837.846833866154: Received message <GossipMessage:20_1> from Peer_3:peer
Peer_14:peer INFO 4838.265710650511: Received message <GossipMessage:20_1> from Peer_3:peer
Peer_14:peer INFO 4838.265710650511: Sending message <GossipMessage:20_1> to Peer_13:peer
Peer_14:peer INFO 4838.265710650511: Sending message <GossipMessage:20_1> to Peer_15:peer
Peer_14:peer INFO 4838.265710650511: Sending message <GossipMessage:20_1> to Peer_5:peer
Peer_14:peer INFO 4838.675464006148: Received message <GossipMessage:20_1> from Peer_15:peer
Peer_14:peer INFO 4943.633681622276: Received message <GossipMessage:20_1> from Peer_15:peer
Peer_14:peer INFO 4943.633681622276: Sending message <GossipMessage:20_1> to Peer_3:peer
Peer_14:peer INFO 4943.633681622276: Sending message <GossipMessage:20_1> to Peer_5:peer
Peer_14:peer INFO 4943.633681622276: Sending message <GossipMessage:20_1> to Peer_13:peer
Peer_14:peer INFO 4993.010455008764: Received message <GossipMessage:20_1> from Peer_15:peer
Peer_14:peer INFO 4993.0690810466: Received message <GossipMessage:20_1> from Peer_13:peer
Peer_14:peer INFO 4993.304225373836: Received message <GossipMessage:20_1> from Peer_13:peer
Peer_14:peer INFO 5000: Sending message <Ping:> to Peer_26:bootstrap
Peer_14:peer INFO 5036.872805697164: Received message <GossipMessage:21_1> from Peer_15:peer
Peer_14:peer INFO 5036.872805697164: Sending message <GossipMessage:21_1> to Peer_3:peer
Peer_14:peer INFO 5036.872805697164: Sending message <GossipMessage:21_1> to Peer_13:peer
Peer_14:peer INFO 5036.872805697164: Sending message <GossipMessage:21_1> to Peer_5:peer
Peer_14:peer INFO 5036.936242589657: Received message <GossipMessage:21_1> from Peer_3:peer
Peer_14:peer INFO 5036.936242589657: Sending message <GossipMessage:21_1> to Peer_13:peer
Peer_14:peer INFO 5036.936242589657: Sending message <GossipMessage:21_1> to Peer_15:peer
Peer_14:peer INFO 5036.936242589657: Sending message <GossipMessage:21_1> to Peer_5:peer
Peer_14:peer INFO 5037.103133626153: Received message <Ping:> from Peer_1:client
Peer_14:peer INFO 5037.103133626153: Sending message <Pong:> to Peer_1:client
Peer_14:peer INFO 5037.170356355918: Received message <GossipMessage:21_1> from Peer_1:client
Peer_14:peer INFO 5037.170356355918: Sending message <GossipMessage:21_1> to Peer_15:peer
Peer_14:peer INFO 5037.170356355918: Sending message <GossipMessage:21_1> to Peer_5:peer
Peer_14:peer INFO 5037.170356355918: Sending message <GossipMessage:21_1> to Peer_13:peer
Peer_14:peer INFO 5037.19047501903: Received message <GossipMessage:21_1> from Peer_15:peer
Peer_14:peer INFO 5037.212595959437: Received message <GossipMessage:21_1> from Peer_3:peer
Peer_14:peer INFO 5037.332323981656: Received message <GossipMessage:21_1> from Peer_15:peer
Peer_14:peer INFO 5037.454621467036: Received message <GossipMessage:21_1> from Peer_15:peer
Peer_14:peer INFO 5037.454621467036: Sending message <GossipMessage:21_1> to Peer_3:peer
Peer_14:peer INFO 5037.454621467036: Sending message <GossipMessage:21_1> to Peer_5:peer
Peer_14:peer INFO 5037.454621467036: Sending message <GossipMessage:21_1> to Peer_13:peer
Peer_14:peer INFO 5037.64048027951: Received message <GossipMessage:21_1> from Peer_5:peer
Peer_14:peer INFO 5037.693637271311: Received message <GossipMessage:21_1> from Peer_3:peer
Peer_14:peer INFO 5037.693637271311: Sending message <GossipMessage:21_1> to Peer_13:peer
Peer_14:peer INFO 5037.693637271311: Sending message <GossipMessage:21_1> to Peer_15:peer
Peer_14:peer INFO 5037.693637271311: Sending message <GossipMessage:21_1> to Peer_5:peer
Peer_14:peer INFO 5037.861798178758: Received message <GossipMessage:21_1> from Peer_5:peer
Peer_14:peer INFO 5037.861798178758: Sending message <GossipMessage:21_1> to Peer_13:peer
Peer_14:peer INFO 5037.861798178758: Sending message <GossipMessage:21_1> to Peer_15:peer
Peer_14:peer INFO 5037.861798178758: Sending message <GossipMessage:21_1> to Peer_3:peer
Peer_14:peer INFO 5037.914643243898: Received message <Ping:> from Peer_26:bootstrap
Peer_14:peer INFO 5037.914643243898: Sending message <Pong:> to Peer_26:bootstrap
Peer_14:peer INFO 5037.958252292234: Received message <GossipMessage:21_1> from Peer_3:peer
Peer_14:peer INFO 5072.872472825474: Received message <Pong:> from Peer_26:bootstrap
Peer_14:peer INFO 5109.173033122476: Received message <GossipMessage:21_1> from Peer_15:peer
Peer_14:peer INFO 5144.136912782525: Received message <GossipMessage:21_1> from Peer_5:peer
Peer_14:peer INFO 5144.2058630133215: Received message <GossipMessage:21_1> from Peer_5:peer
Peer_14:peer INFO 5144.220002440102: Received message <GossipMessage:21_1> from Peer_3:peer
Peer_14:peer INFO 5192.797749718779: Received message <GossipMessage:21_1> from Peer_5:peer
Peer_14:peer INFO 5193.332228621949: Received message <GossipMessage:21_1> from Peer_13:peer
Peer_14:peer INFO 5193.332228621949: Sending message <GossipMessage:21_1> to Peer_5:peer
Peer_14:peer INFO 5193.332228621949: Sending message <GossipMessage:21_1> to Peer_3:peer
Peer_14:peer INFO 5193.332228621949: Sending message <GossipMessage:21_1> to Peer_15:peer
Peer_14:peer INFO 5193.5459048464445: Received message <GossipMessage:21_1> from Peer_15:peer
