Peer_19:peer WARNING 0: Not enough peers, fetching more (0, 4)
Peer_19:peer INFO 65.47746736799348: Connecting to Peer_26:bootstrap
Peer_19:peer INFO 130.91946370598447: Received message <Hello:> from Peer_26:bootstrap
Peer_19:peer INFO 131.1118119424594: Received message <RequestPeers:> from Peer_26:bootstrap
Peer_19:peer INFO 131.1118119424594: Sending message <PeerList> to Peer_26:bootstrap
Peer_19:peer WARNING 500: Not enough peers, fetching more (1, 4)
Peer_19:peer INFO 500: Sending message <RequestPeers:> to Peer_26:bootstrap
Peer_19:peer INFO 630.8325599431678: Received message <PeerList> from Peer_26:bootstrap
Peer_19:peer WARNING 1000: Not enough peers, fetching more (1, 4)
Peer_19:peer INFO 1000: Sending message <RequestPeers:> to Peer_26:bootstrap
Peer_19:peer INFO 1065.4752946191768: Received message <Hello:> from Peer_18:peer
Peer_19:peer INFO 1065.4752946191768: Connecting to Peer_18:peer
Peer_19:peer INFO 1065.4752946191768: Sending message <Hello:> to Peer_18:peer
Peer_19:peer INFO 1065.4752946191768: Sending message <RequestPeers:> to Peer_18:peer
Peer_19:peer INFO 1077.9987921256336: Connecting to Peer_16:peer
Peer_19:peer INFO 1130.9589649479633: Received message <PeerList> from Peer_26:bootstrap
Peer_19:peer INFO 1156.0079896787074: Received message <Hello:> from Peer_16:peer
Peer_19:peer INFO 1156.0458616740366: Received message <RequestPeers:> from Peer_16:peer
Peer_19:peer INFO 1156.0458616740366: Sending message <PeerList> to Peer_16:peer
Peer_19:peer INFO 1196.5900983401614: Received message <PeerList> from Peer_18:peer
Peer_19:peer WARNING 1500: Not enough peers, fetching more (3, 4)
Peer_19:peer INFO 1500.2573657310447: Connecting to Peer_23:peer
Peer_19:peer INFO 1500.4832695296602: Received message <RequestPeers:> from Peer_23:peer
Peer_19:peer INFO 1500.4832695296602: Sending message <PeerList> to Peer_23:peer
Peer_19:peer INFO 1500.5034465005542: Received message <Hello:> from Peer_23:peer
Peer_19:peer INFO 1714.906541185046: Received message <GossipMessage:4_1> from Peer_23:peer
Peer_19:peer INFO 1715.1910727778452: Received message <GossipMessage:4_1> from Peer_23:peer
Peer_19:peer INFO 2000: Sending message <Ping:> to Peer_26:bootstrap
Peer_19:peer INFO 2000: Sending message <Ping:> to Peer_18:peer
Peer_19:peer INFO 2000: Sending message <Ping:> to Peer_16:peer
Peer_19:peer INFO 2065.4645942053644: Received message <Ping:> from Peer_18:peer
Peer_19:peer INFO 2065.4645942053644: Sending message <Pong:> to Peer_18:peer
Peer_19:peer INFO 2065.828804818999: Received message <Ping:> from Peer_26:bootstrap
Peer_19:peer INFO 2065.828804818999: Sending message <Pong:> to Peer_26:bootstrap
Peer_19:peer INFO 2077.988358323011: Received message <Ping:> from Peer_16:peer
Peer_19:peer INFO 2077.988358323011: Sending message <Pong:> to Peer_16:peer
Peer_19:peer INFO 2078.020104044528: Received message <Hello:> from Peer_10:peer
Peer_19:peer INFO 2078.020104044528: Connecting to Peer_10:peer
Peer_19:peer INFO 2078.020104044528: Sending message <Hello:> to Peer_10:peer
Peer_19:peer INFO 2078.020104044528: Sending message <RequestPeers:> to Peer_10:peer
Peer_19:peer INFO 2115.399828542115: Received message <GossipMessage:6_1> from Peer_23:peer
Peer_19:peer INFO 2131.223732728685: Received message <Pong:> from Peer_26:bootstrap
Peer_19:peer INFO 2131.245483741608: Received message <Pong:> from Peer_18:peer
Peer_19:peer INFO 2155.863967333453: Received message <Pong:> from Peer_16:peer
Peer_19:peer INFO 2233.9870018262045: Received message <PeerList> from Peer_10:peer
Peer_19:peer INFO 2315.8142242527406: Received message <GossipMessage:7_1> from Peer_23:peer
Peer_19:peer INFO 2315.95350355133: Received message <GossipMessage:7_1> from Peer_10:peer
Peer_19:peer INFO 2397.056050003942: Received message <GossipMessage:7_1> from Peer_18:peer
Peer_19:peer INFO 2422.2680522266382: Received message <GossipMessage:7_1> from Peer_10:peer
Peer_19:peer INFO 2470.4175915049173: Received message <GossipMessage:7_1> from Peer_16:peer
Peer_19:peer INFO 2500.2537791313866: Received message <Ping:> from Peer_23:peer
Peer_19:peer INFO 2500.2537791313866: Sending message <Pong:> to Peer_23:peer
Peer_19:peer INFO 2515.4584698613457: Received message <GossipMessage:8_1> from Peer_23:peer
Peer_19:peer INFO 2516.442454910545: Received message <GossipMessage:8_1> from Peer_10:peer
Peer_19:peer INFO 2596.8694011172693: Received message <GossipMessage:8_1> from Peer_18:peer
Peer_19:peer INFO 2621.7695656748506: Received message <GossipMessage:8_1> from Peer_10:peer
Peer_19:peer INFO 2671.421858948658: Received message <GossipMessage:8_1> from Peer_16:peer
Peer_19:peer INFO 2714.926267104681: Received message <GossipMessage:9_1> from Peer_23:peer
Peer_19:peer INFO 2714.926267104681: Sending message <GossipMessage:9_1> to Peer_16:peer
Peer_19:peer INFO 2714.926267104681: Sending message <GossipMessage:9_1> to Peer_10:peer
Peer_19:peer INFO 2714.926267104681: Sending message <GossipMessage:9_1> to Peer_18:peer
Peer_19:peer INFO 2715.0566805559683: Received message <GossipMessage:9_1> from Peer_10:peer
Peer_19:peer INFO 2715.4922426990775: Received message <GossipMessage:9_1> from Peer_23:peer
Peer_19:peer INFO 2796.69709592024: Received message <GossipMessage:9_1> from Peer_18:peer
Peer_19:peer INFO 2821.9463965379: Received message <GossipMessage:9_1> from Peer_10:peer
Peer_19:peer INFO 2845.7269601034204: Received message <GossipMessage:9_1> from Peer_18:peer
Peer_19:peer INFO 2870.1814787284275: Received message <GossipMessage:9_1> from Peer_16:peer
Peer_19:peer INFO 2914.6082079374128: Received message <GossipMessage:10_1> from Peer_23:peer
Peer_19:peer INFO 2914.85771581734: Received message <GossipMessage:10_1> from Peer_23:peer
Peer_19:peer INFO 2915.085226562142: Received message <GossipMessage:10_1> from Peer_23:peer
Peer_19:peer INFO 2915.085226562142: Sending message <GossipMessage:10_1> to Peer_18:peer
Peer_19:peer INFO 2915.085226562142: Sending message <GossipMessage:10_1> to Peer_16:peer
Peer_19:peer INFO 2915.085226562142: Sending message <GossipMessage:10_1> to Peer_10:peer
Peer_19:peer INFO 2915.932109161165: Received message <GossipMessage:10_1> from Peer_10:peer
Peer_19:peer INFO 2997.170390339772: Received message <GossipMessage:10_1> from Peer_18:peer
Peer_19:peer INFO 3000: Sending message <Ping:> to Peer_26:bootstrap
Peer_19:peer INFO 3022.079664626037: Received message <GossipMessage:10_1> from Peer_10:peer
Peer_19:peer INFO 3045.5287556119483: Received message <GossipMessage:10_1> from Peer_18:peer
Peer_19:peer INFO 3065.3974077256244: Received message <Ping:> from Peer_26:bootstrap
Peer_19:peer INFO 3065.3974077256244: Sending message <Pong:> to Peer_26:bootstrap
Peer_19:peer INFO 3070.8806013578273: Received message <GossipMessage:10_1> from Peer_16:peer
Peer_19:peer INFO 3070.9329248522295: Received message <GossipMessage:10_1> from Peer_16:peer
Peer_19:peer INFO 3114.7803020380943: Received message <GossipMessage:11_1> from Peer_23:peer
Peer_19:peer INFO 3115.1775200081042: Received message <GossipMessage:11_1> from Peer_23:peer
Peer_19:peer INFO 3115.4871103907144: Received message <GossipMessage:11_1> from Peer_10:peer
Peer_19:peer INFO 3131.1125250134155: Received message <Pong:> from Peer_26:bootstrap
Peer_19:peer INFO 3197.2407783032286: Received message <GossipMessage:11_1> from Peer_18:peer
Peer_19:peer INFO 3222.138787143273: Received message <GossipMessage:11_1> from Peer_10:peer
Peer_19:peer INFO 3270.4125608446807: Received message <GossipMessage:11_1> from Peer_16:peer
Peer_19:peer INFO 3270.926461404032: Received message <GossipMessage:11_1> from Peer_16:peer
Peer_19:peer INFO 3270.978878926021: Received message <GossipMessage:11_1> from Peer_16:peer
Peer_19:peer INFO 3270.9848366176125: Received message <GossipMessage:11_1> from Peer_16:peer
Peer_19:peer INFO 3315.306981051753: Received message <GossipMessage:12_1> from Peer_23:peer
Peer_19:peer INFO 3315.306981051753: Sending message <GossipMessage:12_1> to Peer_10:peer
Peer_19:peer INFO 3315.306981051753: Sending message <GossipMessage:12_1> to Peer_16:peer
Peer_19:peer INFO 3315.306981051753: Sending message <GossipMessage:12_1> to Peer_18:peer
Peer_19:peer INFO 3315.9198918465995: Received message <GossipMessage:12_1> from Peer_10:peer
Peer_19:peer INFO 3396.3816366788833: Received message <GossipMessage:12_1> from Peer_18:peer
Peer_19:peer INFO 3396.3816366788833: Sending message <GossipMessage:12_1> to Peer_10:peer
Peer_19:peer INFO 3396.3816366788833: Sending message <GossipMessage:12_1> to Peer_16:peer
Peer_19:peer INFO 3396.3816366788833: Sending message <GossipMessage:12_1> to Peer_23:peer
Peer_19:peer INFO 3396.8374670371163: Received message <GossipMessage:12_1> from Peer_23:peer
Peer_19:peer INFO 3397.2304545895418: Received message <GossipMessage:12_1> from Peer_18:peer
Peer_19:peer INFO 3421.359131337561: Received message <GossipMessage:12_1> from Peer_10:peer
Peer_19:peer INFO 3421.359131337561: Sending message <GossipMessage:12_1> to Peer_16:peer
Peer_19:peer INFO 3421.359131337561: Sending message <GossipMessage:12_1> to Peer_18:peer
Peer_19:peer INFO 3421.359131337561: Sending message <GossipMessage:12_1> to Peer_23:peer
Peer_19:peer INFO 3421.6417243645064: Received message <GossipMessage:12_1> from Peer_16:peer
Peer_19:peer INFO 3422.213479472238: Received message <GossipMessage:12_1> from Peer_10:peer
Peer_19:peer INFO 3445.8780385157374: Received message <GossipMessage:12_1> from Peer_18:peer
Peer_19:peer INFO 3471.0126754067815: Received message <GossipMessage:12_1> from Peer_16:peer
Peer_19:peer INFO 3471.0667754697997: Received message <GossipMessage:12_1> from Peer_16:peer
Peer_19:peer INFO 3515.7191289192842: Received message <GossipMessage:13_1> from Peer_10:peer
Peer_19:peer INFO 3597.1364542206293: Received message <GossipMessage:13_1> from Peer_18:peer
Peer_19:peer INFO 3621.492860314342: Received message <GossipMessage:13_1> from Peer_10:peer
Peer_19:peer INFO 3621.492860314342: Sending message <GossipMessage:13_1> to Peer_18:peer
Peer_19:peer INFO 3621.492860314342: Sending message <GossipMessage:13_1> to Peer_23:peer
Peer_19:peer INFO 3621.492860314342: Sending message <GossipMessage:13_1> to Peer_16:peer
Peer_19:peer INFO 3621.6934032750023: Received message <GossipMessage:13_1> from Peer_16:peer
Peer_19:peer INFO 3622.061526233104: Received message <GossipMessage:13_1> from Peer_10:peer
Peer_19:peer INFO 3670.656466005749: Received message <GossipMessage:13_1> from Peer_16:peer
Peer_19:peer INFO 3672.0378588272565: Received message <GossipMessage:13_1> from Peer_16:peer
Peer_19:peer INFO 3672.2957372867636: Received message <GossipMessage:13_1> from Peer_16:peer
Peer_19:peer INFO 3672.4535413202602: Received message <GossipMessage:13_1> from Peer_16:peer
Peer_19:peer INFO 3715.0618180125316: Received message <GossipMessage:14_1> from Peer_10:peer
Peer_19:peer INFO 3715.0618180125316: Sending message <GossipMessage:14_1> to Peer_16:peer
Peer_19:peer INFO 3715.0618180125316: Sending message <GossipMessage:14_1> to Peer_18:peer
Peer_19:peer INFO 3715.0618180125316: Sending message <GossipMessage:14_1> to Peer_23:peer
Peer_19:peer INFO 3715.5302900365377: Received message <GossipMessage:14_1> from Peer_23:peer
Peer_19:peer INFO 3715.6994496532966: Received message <GossipMessage:14_1> from Peer_23:peer
Peer_19:peer INFO 3716.240969869472: Received message <GossipMessage:14_1> from Peer_10:peer
Peer_19:peer INFO 3796.5149952327974: Received message <GossipMessage:14_1> from Peer_18:peer
Peer_19:peer INFO 3821.4674826939104: Received message <GossipMessage:14_1> from Peer_10:peer
Peer_19:peer INFO 3821.4674826939104: Sending message <GossipMessage:14_1> to Peer_16:peer
Peer_19:peer INFO 3821.4674826939104: Sending message <GossipMessage:14_1> to Peer_23:peer
Peer_19:peer INFO 3821.4674826939104: Sending message <GossipMessage:14_1> to Peer_18:peer
Peer_19:peer INFO 3821.7635844590773: Received message <GossipMessage:14_1> from Peer_16:peer
Peer_19:peer INFO 3821.77448588352: Received message <GossipMessage:14_1> from Peer_16:peer
Peer_19:peer INFO 3822.1565471993417: Received message <GossipMessage:14_1> from Peer_10:peer
Peer_19:peer INFO 3915.321813447399: Received message <GossipMessage:15_1> from Peer_10:peer
Peer_19:peer INFO 3996.3382209754836: Received message <GossipMessage:15_1> from Peer_18:peer
Peer_19:peer INFO 3996.3382209754836: Sending message <GossipMessage:15_1> to Peer_23:peer
Peer_19:peer INFO 3996.3382209754836: Sending message <GossipMessage:15_1> to Peer_10:peer
Peer_19:peer INFO 3996.3382209754836: Sending message <GossipMessage:15_1> to Peer_16:peer
Peer_19:peer INFO 3996.824936132225: Received message <GossipMessage:15_1> from Peer_23:peer
Peer_19:peer INFO 3997.509400892983: Received message <GossipMessage:15_1> from Peer_18:peer
Peer_19:peer INFO 4000: Sending message <Ping:> to Peer_26:bootstrap
Peer_19:peer INFO 4021.6400995944696: Received message <GossipMessage:15_1> from Peer_16:peer
Peer_19:peer INFO 4021.6400995944696: Sending message <GossipMessage:15_1> to Peer_18:peer
Peer_19:peer INFO 4021.6400995944696: Sending message <GossipMessage:15_1> to Peer_23:peer
Peer_19:peer INFO 4021.6400995944696: Sending message <GossipMessage:15_1> to Peer_10:peer
Peer_19:peer INFO 4021.761877418319: Received message <GossipMessage:15_1> from Peer_16:peer
Peer_19:peer INFO 4021.8311620789127: Received message <GossipMessage:15_1> from Peer_16:peer
Peer_19:peer INFO 4022.3408822798333: Received message <GossipMessage:15_1> from Peer_10:peer
Peer_19:peer INFO 4065.5513087273284: Received message <Ping:> from Peer_26:bootstrap
Peer_19:peer INFO 4065.5513087273284: Sending message <Pong:> to Peer_26:bootstrap
Peer_19:peer INFO 4069.150103604989: Received message <GossipMessage:15_1> from Peer_16:peer
Peer_19:peer INFO 4071.981979694636: Received message <GossipMessage:15_1> from Peer_16:peer
Peer_19:peer INFO 4077.9945320502534: Received message <Ping:> from Peer_10:peer
Peer_19:peer INFO 4077.9945320502534: Sending message <Pong:> to Peer_10:peer
Peer_19:peer INFO 4114.398329657778: Received message <GossipMessage:16_1> from Peer_10:peer
Peer_19:peer INFO 4114.398329657778: Sending message <GossipMessage:16_1> to Peer_23:peer
Peer_19:peer INFO 4114.398329657778: Sending message <GossipMessage:16_1> to Peer_16:peer
Peer_19:peer INFO 4114.398329657778: Sending message <GossipMessage:16_1> to Peer_18:peer
Peer_19:peer INFO 4115.064488845293: Received message <GossipMessage:16_1> from Peer_23:peer
Peer_19:peer INFO 4115.388649197802: Received message <GossipMessage:16_1> from Peer_10:peer
Peer_19:peer INFO 4116.309564253532: Received message <GossipMessage:16_1> from Peer_23:peer
Peer_19:peer INFO 4116.309564253532: Sending message <GossipMessage:16_1> to Peer_18:peer
Peer_19:peer INFO 4116.309564253532: Sending message <GossipMessage:16_1> to Peer_16:peer
Peer_19:peer INFO 4116.309564253532: Sending message <GossipMessage:16_1> to Peer_10:peer
Peer_19:peer INFO 4131.075920181158: Received message <Pong:> from Peer_26:bootstrap
Peer_19:peer INFO 4197.310036630691: Received message <GossipMessage:16_1> from Peer_18:peer
Peer_19:peer INFO 4221.7957442293855: Received message <GossipMessage:16_1> from Peer_10:peer
Peer_19:peer INFO 4221.85965424082: Received message <GossipMessage:16_1> from Peer_16:peer
Peer_19:peer INFO 4247.340384421863: Received message <GossipMessage:16_1> from Peer_18:peer
Peer_19:peer INFO 4265.796411765749: Received message <GossipMessage:17_1> from Peer_23:peer
Peer_19:peer INFO 4265.796411765749: Sending message <GossipMessage:17_1> to Peer_16:peer
Peer_19:peer INFO 4265.796411765749: Sending message <GossipMessage:17_1> to Peer_18:peer
Peer_19:peer INFO 4265.796411765749: Sending message <GossipMessage:17_1> to Peer_10:peer
Peer_19:peer INFO 4270.834387183993: Received message <GossipMessage:16_1> from Peer_16:peer
Peer_19:peer INFO 4271.332468640266: Received message <GossipMessage:16_1> from Peer_16:peer
Peer_19:peer INFO 4314.078669976182: Received message <GossipMessage:17_1> from Peer_23:peer
Peer_19:peer INFO 4314.078669976182: Sending message <GossipMessage:17_1> to Peer_18:peer
Peer_19:peer INFO 4314.078669976182: Sending message <GossipMessage:17_1> to Peer_10:peer
Peer_19:peer INFO 4314.078669976182: Sending message <GossipMessage:17_1> to Peer_16:peer
Peer_19:peer INFO 4315.333961640258: Received message <GossipMessage:17_1> from Peer_10:peer
Peer_19:peer INFO 4315.333961640258: Sending message <GossipMessage:17_1> to Peer_18:peer
Peer_19:peer INFO 4315.333961640258: Sending message <GossipMessage:17_1> to Peer_23:peer
Peer_19:peer INFO 4315.333961640258: Sending message <GossipMessage:17_1> to Peer_16:peer
Peer_19:peer INFO 4316.078831176576: Received message <GossipMessage:17_1> from Peer_10:peer
Peer_19:peer INFO 4396.772225597586: Received message <GossipMessage:17_1> from Peer_18:peer
Peer_19:peer INFO 4396.848716748645: Received message <GossipMessage:17_1> from Peer_18:peer
Peer_19:peer INFO 4396.848716748645: Sending message <GossipMessage:17_1> to Peer_16:peer
Peer_19:peer INFO 4396.848716748645: Sending message <GossipMessage:17_1> to Peer_23:peer
Peer_19:peer INFO 4396.848716748645: Sending message <GossipMessage:17_1> to Peer_10:peer
Peer_19:peer INFO 4421.246240882944: Received message <GossipMessage:17_1> from Peer_16:peer
Peer_19:peer INFO 4421.246240882944: Sending message <GossipMessage:17_1> to Peer_18:peer
Peer_19:peer INFO 4421.246240882944: Sending message <GossipMessage:17_1> to Peer_23:peer
Peer_19:peer INFO 4421.246240882944: Sending message <GossipMessage:17_1> to Peer_10:peer
Peer_19:peer INFO 4421.4766380967: Received message <GossipMessage:17_1> from Peer_16:peer
Peer_19:peer INFO 4421.638595669653: Received message <GossipMessage:17_1> from Peer_10:peer
Peer_19:peer INFO 4421.638595669653: Sending message <GossipMessage:17_1> to Peer_16:peer
Peer_19:peer INFO 4421.638595669653: Sending message <GossipMessage:17_1> to Peer_23:peer
Peer_19:peer INFO 4421.638595669653: Sending message <GossipMessage:17_1> to Peer_18:peer
Peer_19:peer INFO 4421.756794613976: Received message <GossipMessage:17_1> from Peer_10:peer
Peer_19:peer INFO 4421.9516933877785: Received message <GossipMessage:17_1> from Peer_16:peer
Peer_19:peer INFO 4444.972373264425: Received message <GossipMessage:17_1> from Peer_18:peer
Peer_19:peer INFO 4469.705203793732: Received message <GossipMessage:17_1> from Peer_16:peer
Peer_19:peer INFO 4471.315452842747: Received message <GossipMessage:17_1> from Peer_16:peer
Peer_19:peer INFO 4515.03904420921: Received message <GossipMessage:18_1> from Peer_23:peer
Peer_19:peer INFO 4515.03904420921: Sending message <GossipMessage:18_1> to Peer_18:peer
Peer_19:peer INFO 4515.03904420921: Sending message <GossipMessage:18_1> to Peer_10:peer
Peer_19:peer INFO 4515.03904420921: Sending message <GossipMessage:18_1> to Peer_16:peer
Peer_19:peer INFO 4515.780119114516: Received message <GossipMessage:18_1> from Peer_23:peer
Peer_19:peer INFO 4516.452239186149: Received message <GossipMessage:18_1> from Peer_10:peer
Peer_19:peer INFO 4596.4318195268115: Received message <GossipMessage:18_1> from Peer_18:peer
Peer_19:peer INFO 4596.4318195268115: Sending message <GossipMessage:18_1> to Peer_23:peer
Peer_19:peer INFO 4596.4318195268115: Sending message <GossipMessage:18_1> to Peer_16:peer
Peer_19:peer INFO 4596.4318195268115: Sending message <GossipMessage:18_1> to Peer_10:peer
Peer_19:peer INFO 4596.60548441753: Received message <GossipMessage:18_1> from Peer_18:peer
Peer_19:peer INFO 4596.60548441753: Sending message <GossipMessage:18_1> to Peer_10:peer
Peer_19:peer INFO 4596.60548441753: Sending message <GossipMessage:18_1> to Peer_23:peer
Peer_19:peer INFO 4596.60548441753: Sending message <GossipMessage:18_1> to Peer_16:peer
Peer_19:peer INFO 4596.847830793571: Received message <GossipMessage:18_1> from Peer_18:peer
Peer_19:peer INFO 4597.1047521263445: Received message <GossipMessage:18_1> from Peer_23:peer
Peer_19:peer INFO 4621.760933194195: Received message <GossipMessage:18_1> from Peer_16:peer
Peer_19:peer INFO 4621.967501738851: Received message <GossipMessage:18_1> from Peer_16:peer
Peer_19:peer INFO 4622.143850174128: Received message <GossipMessage:18_1> from Peer_10:peer
Peer_19:peer INFO 4645.71681068558: Received message <GossipMessage:18_1> from Peer_18:peer
Peer_19:peer INFO 4666.189004061523: Received message <GossipMessage:19_1> from Peer_18:peer
Peer_19:peer INFO 4666.189004061523: Sending message <GossipMessage:19_1> to Peer_10:peer
Peer_19:peer INFO 4666.189004061523: Sending message <GossipMessage:19_1> to Peer_16:peer
Peer_19:peer INFO 4666.189004061523: Sending message <GossipMessage:19_1> to Peer_23:peer
Peer_19:peer INFO 4666.202726878762: Received message <GossipMessage:19_1> from Peer_23:peer
Peer_19:peer INFO 4666.202726878762: Sending message <GossipMessage:19_1> to Peer_16:peer
Peer_19:peer INFO 4666.202726878762: Sending message <GossipMessage:19_1> to Peer_10:peer
Peer_19:peer INFO 4666.202726878762: Sending message <GossipMessage:19_1> to Peer_18:peer
Peer_19:peer INFO 4669.9574784096685: Received message <GossipMessage:18_1> from Peer_16:peer
Peer_19:peer INFO 4670.108678290738: Received message <GossipMessage:18_1> from Peer_16:peer
Peer_19:peer INFO 4671.9032047299115: Received message <GossipMessage:18_1> from Peer_16:peer
Peer_19:peer INFO 4714.417223519497: Received message <GossipMessage:19_1> from Peer_23:peer
Peer_19:peer INFO 4714.417223519497: Sending message <GossipMessage:19_1> to Peer_10:peer
Peer_19:peer INFO 4714.417223519497: Sending message <GossipMessage:19_1> to Peer_18:peer
Peer_19:peer INFO 4714.417223519497: Sending message <GossipMessage:19_1> to Peer_16:peer
Peer_19:peer INFO 4714.983463870718: Received message <GossipMessage:19_1> from Peer_10:peer
Peer_19:peer INFO 4714.983463870718: Sending message <GossipMessage:19_1> to Peer_23:peer
Peer_19:peer INFO 4714.983463870718: Sending message <GossipMessage:19_1> to Peer_18:peer
Peer_19:peer INFO 4714.983463870718: Sending message <GossipMessage:19_1> to Peer_16:peer
Peer_19:peer INFO 4716.5656994233605: Received message <GossipMessage:19_1> from Peer_10:peer
Peer_19:peer INFO 4797.267983244942: Received message <GossipMessage:19_1> from Peer_18:peer
Peer_19:peer INFO 4821.509935639326: Received message <GossipMessage:19_1> from Peer_10:peer
Peer_19:peer INFO 4821.509935639326: Sending message <GossipMessage:19_1> to Peer_23:peer
Peer_19:peer INFO 4821.509935639326: Sending message <GossipMessage:19_1> to Peer_18:peer
Peer_19:peer INFO 4821.509935639326: Sending message <GossipMessage:19_1> to Peer_16:peer
Peer_19:peer INFO 4821.749960778403: Received message <GossipMessage:19_1> from Peer_16:peer
Peer_19:peer INFO 4822.0837705999675: Received message <GossipMessage:19_1> from Peer_16:peer
Peer_19:peer INFO 4822.114156286702: Received message <GossipMessage:19_1> from Peer_10:peer
Peer_19:peer INFO 4822.249819808233: Received message <GossipMessage:19_1> from Peer_10:peer
Peer_19:peer INFO 4845.1896348495575: Received message <GossipMessage:19_1> from Peer_18:peer
Peer_19:peer INFO 4865.6805013058565: Received message <GossipMessage:20_1> from Peer_23:peer
Peer_19:peer INFO 4865.6805013058565: Sending message <GossipMessage:20_1> to Peer_16:peer
Peer_19:peer INFO 4865.6805013058565: Sending message <GossipMessage:20_1> to Peer_18:peer
Peer_19:peer INFO 4865.6805013058565: Sending message <GossipMessage:20_1> to Peer_10:peer
Peer_19:peer INFO 4865.936257807034: Received message <GossipMessage:20_1> from Peer_18:peer
Peer_19:peer INFO 4865.936257807034: Sending message <GossipMessage:20_1> to Peer_10:peer
Peer_19:peer INFO 4865.936257807034: Sending message <GossipMessage:20_1> to Peer_16:peer
Peer_19:peer INFO 4865.936257807034: Sending message <GossipMessage:20_1> to Peer_23:peer
Peer_19:peer INFO 4866.321357756351: Received message <GossipMessage:20_1> from Peer_23:peer
Peer_19:peer INFO 4866.321357756351: Sending message <GossipMessage:20_1> to Peer_16:peer
Peer_19:peer INFO 4866.321357756351: Sending message <GossipMessage:20_1> to Peer_10:peer
Peer_19:peer INFO 4866.321357756351: Sending message <GossipMessage:20_1> to Peer_18:peer
Peer_19:peer INFO 4870.874893371509: Received message <GossipMessage:19_1> from Peer_16:peer
Peer_19:peer INFO 4871.082869916924: Received message <GossipMessage:19_1> from Peer_16:peer
Peer_19:peer INFO 4914.294085452652: Received message <GossipMessage:20_1> from Peer_10:peer
Peer_19:peer INFO 4914.294085452652: Sending message <GossipMessage:20_1> to Peer_23:peer
Peer_19:peer INFO 4914.294085452652: Sending message <GossipMessage:20_1> to Peer_18:peer
Peer_19:peer INFO 4914.294085452652: Sending message <GossipMessage:20_1> to Peer_16:peer
Peer_19:peer INFO 4914.609574375399: Received message <GossipMessage:20_1> from Peer_23:peer
Peer_19:peer INFO 4914.609574375399: Sending message <GossipMessage:20_1> to Peer_18:peer
Peer_19:peer INFO 4914.609574375399: Sending message <GossipMessage:20_1> to Peer_10:peer
Peer_19:peer INFO 4914.609574375399: Sending message <GossipMessage:20_1> to Peer_16:peer
Peer_19:peer INFO 4916.3229363913215: Received message <GossipMessage:20_1> from Peer_23:peer
Peer_19:peer INFO 4997.0529763387885: Received message <GossipMessage:20_1> from Peer_18:peer
Peer_19:peer INFO 4997.0529763387885: Sending message <GossipMessage:20_1> to Peer_10:peer
Peer_19:peer INFO 4997.0529763387885: Sending message <GossipMessage:20_1> to Peer_16:peer
Peer_19:peer INFO 4997.0529763387885: Sending message <GossipMessage:20_1> to Peer_23:peer
Peer_19:peer INFO 4997.12209300335: Received message <GossipMessage:20_1> from Peer_23:peer
Peer_19:peer INFO 5000: Sending message <Ping:> to Peer_26:bootstrap
Peer_19:peer INFO 5021.489990074121: Received message <GossipMessage:20_1> from Peer_16:peer
Peer_19:peer INFO 5021.489990074121: Sending message <GossipMessage:20_1> to Peer_23:peer
Peer_19:peer INFO 5021.489990074121: Sending message <GossipMessage:20_1> to Peer_18:peer
Peer_19:peer INFO 5021.489990074121: Sending message <GossipMessage:20_1> to Peer_10:peer
Peer_19:peer INFO 5021.749069971476: Received message <GossipMessage:20_1> from Peer_10:peer
Peer_19:peer INFO 5021.749069971476: Sending message <GossipMessage:20_1> to Peer_18:peer
Peer_19:peer INFO 5021.749069971476: Sending message <GossipMessage:20_1> to Peer_23:peer
Peer_19:peer INFO 5021.749069971476: Sending message <GossipMessage:20_1> to Peer_16:peer
Peer_19:peer INFO 5021.8024691180735: Received message <GossipMessage:20_1> from Peer_10:peer
Peer_19:peer INFO 5045.14342997385: Received message <GossipMessage:20_1> from Peer_18:peer
Peer_19:peer INFO 5065.300487143321: Received message <Ping:> from Peer_26:bootstrap
Peer_19:peer INFO 5065.300487143321: Sending message <Pong:> to Peer_26:bootstrap
Peer_19:peer INFO 5114.761579219033: Received message <GossipMessage:21_1> from Peer_23:peer
Peer_19:peer INFO 5114.761579219033: Sending message <GossipMessage:21_1> to Peer_18:peer
Peer_19:peer INFO 5114.761579219033: Sending message <GossipMessage:21_1> to Peer_16:peer
Peer_19:peer INFO 5114.761579219033: Sending message <GossipMessage:21_1> to Peer_10:peer
Peer_19:peer INFO 5115.404774585979: Received message <GossipMessage:21_1> from Peer_10:peer
Peer_19:peer INFO 5115.651494032325: Received message <GossipMessage:21_1> from Peer_10:peer
Peer_19:peer INFO 5115.651494032325: Sending message <GossipMessage:21_1> to Peer_16:peer
Peer_19:peer INFO 5115.651494032325: Sending message <GossipMessage:21_1> to Peer_23:peer
Peer_19:peer INFO 5115.651494032325: Sending message <GossipMessage:21_1> to Peer_18:peer
Peer_19:peer INFO 5130.975271090021: Received message <Pong:> from Peer_26:bootstrap
Peer_19:peer INFO 5196.5342840850535: Received message <GossipMessage:21_1> from Peer_18:peer
Peer_19:peer INFO 5196.5342840850535: Sending message <GossipMessage:21_1> to Peer_16:peer
Peer_19:peer INFO 5196.5342840850535: Sending message <GossipMessage:21_1> to Peer_10:peer
Peer_19:peer INFO 5196.5342840850535: Sending message <GossipMessage:21_1> to Peer_23:peer
Peer_19:peer INFO 5197.203148446369: Received message <GossipMessage:21_1> from Peer_18:peer
