Peer_22:peer WARNING 0: Not enough peers, fetching more (0, 4)
Peer_22:peer INFO 37.33677838602977: Connecting to Peer_26:bootstrap
Peer_22:peer INFO 73.86669190383707: Received message <RequestPeers:> from Peer_26:bootstrap
Peer_22:peer INFO 73.86669190383707: Sending message <PeerList> to Peer_26:bootstrap
Peer_22:peer INFO 74.35320090941495: Received message <Hello:> from Peer_26:bootstrap
Peer_22:peer WARNING 500: Not enough peers, fetching more (1, 4)
Peer_22:peer INFO 500: Sending message <RequestPeers:> to Peer_26:bootstrap
Peer_22:peer INFO 573.5294205985299: Received message <PeerList> from Peer_26:bootstrap
Peer_22:peer WARNING 1000: Not enough peers, fetching more (1, 4)
Peer_22:peer INFO 1000: Sending message <RequestPeers:> to Peer_26:bootstrap
Peer_22:peer INFO 1037.216237896959: Connecting to Peer_24:peer
Peer_22:peer INFO 1037.4365963496473: Received message <Hello:> from Peer_2:peer
Peer_22:peer INFO 1037.4365963496473: Connecting to Peer_2:peer
Peer_22:peer INFO 1037.4365963496473: Sending message <Hello:> to Peer_2:peer
Peer_22:peer INFO 1037.4365963496473: Sending message <RequestPeers:> to Peer_2:peer
Peer_22:peer INFO 1072.945121628543: Received message <Hello:> from Peer_24:peer
Peer_22:peer INFO 1073.7792933820258: Received message <RequestPeers:> from Peer_24:peer
Peer_22:peer INFO 1073.7792933820258: Sending message <PeerList> to Peer_24:peer
Peer_22:peer INFO 1074.4252798255188: Received message <PeerList> from Peer_26:bootstrap
Peer_22:peer INFO 1111.18236265802: Received message <PeerList> from Peer_2:peer
Peer_22:peer INFO 1309.9397462742902: Received message <GossipMessage:2_1> from Peer_24:peer
Peer_22:peer INFO 1309.9397462742902: Sending message <GossipMessage:2_1> to Peer_2:peer
Peer_22:peer WARNING 1500: Not enough peers, fetching more (3, 4)
Peer_22:peer INFO 1500.2055917758225: Connecting to Peer_6:peer
Peer_22:peer INFO 1500.2394998174593: Received message <Hello:> from Peer_20:peer
Peer_22:peer INFO 1500.2394998174593: Connecting to Peer_20:peer
Peer_22:peer INFO 1500.2394998174593: Sending message <Hello:> to Peer_20:peer
Peer_22:peer INFO 1500.2394998174593: Sending message <RequestPeers:> to Peer_20:peer
Peer_22:peer INFO 1500.4448566517717: Received message <RequestPeers:> from Peer_6:peer
Peer_22:peer INFO 1500.4448566517717: Sending message <PeerList> to Peer_6:peer
Peer_22:peer INFO 1500.4484466147815: Received message <Hello:> from Peer_6:peer
Peer_22:peer INFO 1500.700477936776: Received message <PeerList> from Peer_20:peer
Peer_22:peer INFO 1508.6946451850545: Received message <GossipMessage:3_1> from Peer_24:peer
Peer_22:peer INFO 1508.6946451850545: Sending message <GossipMessage:3_1> to Peer_6:peer
Peer_22:peer INFO 1508.6946451850545: Sending message <GossipMessage:3_1> to Peer_20:peer
Peer_22:peer INFO 1508.6946451850545: Sending message <GossipMessage:3_1> to Peer_2:peer
Peer_22:peer INFO 1577.932487240092: Received message <Hello:> from Peer_23:peer
Peer_22:peer INFO 1577.932487240092: Connecting to Peer_23:peer
Peer_22:peer INFO 1577.932487240092: Sending message <Hello:> to Peer_23:peer
Peer_22:peer INFO 1577.932487240092: Sending message <RequestPeers:> to Peer_23:peer
Peer_22:peer INFO 1636.6950732512382: Received message <GossipMessage:4_1> from Peer_24:peer
Peer_22:peer INFO 1636.6950732512382: Sending message <GossipMessage:4_1> to Peer_23:peer
Peer_22:peer INFO 1636.6950732512382: Sending message <GossipMessage:4_1> to Peer_20:peer
Peer_22:peer INFO 1636.6950732512382: Sending message <GossipMessage:4_1> to Peer_2:peer
Peer_22:peer INFO 1636.8765080129629: Received message <GossipMessage:4_1> from Peer_6:peer
Peer_22:peer INFO 1636.8765080129629: Sending message <GossipMessage:4_1> to Peer_23:peer
Peer_22:peer INFO 1636.8765080129629: Sending message <GossipMessage:4_1> to Peer_24:peer
Peer_22:peer INFO 1636.8765080129629: Sending message <GossipMessage:4_1> to Peer_20:peer
Peer_22:peer INFO 1637.643520250751: Received message <GossipMessage:4_1> from Peer_6:peer
Peer_22:peer INFO 1709.982834492978: Received message <GossipMessage:4_1> from Peer_24:peer
Peer_22:peer INFO 1712.6125972535785: Received message <GossipMessage:4_1> from Peer_6:peer
Peer_22:peer INFO 1734.0066604239341: Received message <PeerList> from Peer_23:peer
Peer_22:peer INFO 1743.8185799714593: Received message <GossipMessage:4_1> from Peer_20:peer
Peer_22:peer INFO 1743.8185799714593: Sending message <GossipMessage:4_1> to Peer_2:peer
Peer_22:peer INFO 1743.8185799714593: Sending message <GossipMessage:4_1> to Peer_23:peer
Peer_22:peer INFO 1743.8185799714593: Sending message <GossipMessage:4_1> to Peer_6:peer
Peer_22:peer INFO 1817.839789333103: Received message <GossipMessage:4_1> from Peer_24:peer
Peer_22:peer INFO 1837.3339685324668: Received message <GossipMessage:5_1> from Peer_6:peer
Peer_22:peer INFO 1837.5578324054843: Received message <GossipMessage:5_1> from Peer_6:peer
Peer_22:peer INFO 1837.5578324054843: Sending message <GossipMessage:5_1> to Peer_24:peer
Peer_22:peer INFO 1837.5578324054843: Sending message <GossipMessage:5_1> to Peer_2:peer
Peer_22:peer INFO 1837.5578324054843: Sending message <GossipMessage:5_1> to Peer_20:peer
Peer_22:peer INFO 1910.6999589602872: Received message <GossipMessage:5_1> from Peer_24:peer
Peer_22:peer INFO 1910.6999589602872: Sending message <GossipMessage:5_1> to Peer_23:peer
Peer_22:peer INFO 1910.6999589602872: Sending message <GossipMessage:5_1> to Peer_2:peer
Peer_22:peer INFO 1910.6999589602872: Sending message <GossipMessage:5_1> to Peer_6:peer
Peer_22:peer INFO 1911.8558109402957: Received message <GossipMessage:5_1> from Peer_24:peer
Peer_22:peer INFO 1912.1275631977937: Received message <GossipMessage:5_1> from Peer_6:peer
Peer_22:peer INFO 1943.5910038694244: Received message <GossipMessage:5_1> from Peer_20:peer
Peer_22:peer INFO 1943.5910038694244: Sending message <GossipMessage:5_1> to Peer_6:peer
Peer_22:peer INFO 1943.5910038694244: Sending message <GossipMessage:5_1> to Peer_23:peer
Peer_22:peer INFO 1943.5910038694244: Sending message <GossipMessage:5_1> to Peer_24:peer
Peer_22:peer INFO 2000: Sending message <Ping:> to Peer_26:bootstrap
Peer_22:peer INFO 2000: Sending message <Ping:> to Peer_2:peer
Peer_22:peer INFO 2037.1719457582262: Received message <GossipMessage:6_1> from Peer_6:peer
Peer_22:peer INFO 2037.1719457582262: Sending message <GossipMessage:6_1> to Peer_23:peer
Peer_22:peer INFO 2037.1719457582262: Sending message <GossipMessage:6_1> to Peer_2:peer
Peer_22:peer INFO 2037.1719457582262: Sending message <GossipMessage:6_1> to Peer_20:peer
Peer_22:peer INFO 2037.4303384282375: Received message <Ping:> from Peer_26:bootstrap
Peer_22:peer INFO 2037.4303384282375: Sending message <Pong:> to Peer_26:bootstrap
Peer_22:peer INFO 2072.1569864303965: Received message <Pong:> from Peer_26:bootstrap
Peer_22:peer INFO 2073.2562222581873: Received message <Pong:> from Peer_2:peer
Peer_22:peer INFO 2109.712578082842: Received message <GossipMessage:6_1> from Peer_24:peer
Peer_22:peer INFO 2109.712578082842: Sending message <GossipMessage:6_1> to Peer_23:peer
Peer_22:peer INFO 2109.712578082842: Sending message <GossipMessage:6_1> to Peer_20:peer
Peer_22:peer INFO 2109.712578082842: Sending message <GossipMessage:6_1> to Peer_6:peer
Peer_22:peer INFO 2111.723778145363: Received message <GossipMessage:6_1> from Peer_24:peer
Peer_22:peer INFO 2111.723778145363: Sending message <GossipMessage:6_1> to Peer_23:peer
Peer_22:peer INFO 2111.723778145363: Sending message <GossipMessage:6_1> to Peer_20:peer
Peer_22:peer INFO 2111.723778145363: Sending message <GossipMessage:6_1> to Peer_2:peer
Peer_22:peer INFO 2143.9438401204698: Received message <GossipMessage:6_1> from Peer_20:peer
Peer_22:peer INFO 2143.9438401204698: Sending message <GossipMessage:6_1> to Peer_24:peer
Peer_22:peer INFO 2143.9438401204698: Sending message <GossipMessage:6_1> to Peer_6:peer
Peer_22:peer INFO 2143.9438401204698: Sending message <GossipMessage:6_1> to Peer_23:peer
Peer_22:peer INFO 2217.3862579966044: Received message <GossipMessage:6_1> from Peer_24:peer
Peer_22:peer INFO 2237.626263205924: Received message <GossipMessage:7_1> from Peer_6:peer
Peer_22:peer INFO 2237.626263205924: Sending message <GossipMessage:7_1> to Peer_2:peer
Peer_22:peer INFO 2237.626263205924: Sending message <GossipMessage:7_1> to Peer_23:peer
Peer_22:peer INFO 2237.626263205924: Sending message <GossipMessage:7_1> to Peer_20:peer
Peer_22:peer INFO 2238.6330342123015: Received message <GossipMessage:7_1> from Peer_6:peer
Peer_22:peer INFO 2238.6330342123015: Sending message <GossipMessage:7_1> to Peer_24:peer
Peer_22:peer INFO 2238.6330342123015: Sending message <GossipMessage:7_1> to Peer_20:peer
Peer_22:peer INFO 2238.6330342123015: Sending message <GossipMessage:7_1> to Peer_2:peer
Peer_22:peer INFO 2309.374266906699: Received message <GossipMessage:7_1> from Peer_24:peer
Peer_22:peer INFO 2309.374266906699: Sending message <GossipMessage:7_1> to Peer_23:peer
Peer_22:peer INFO 2309.374266906699: Sending message <GossipMessage:7_1> to Peer_2:peer
Peer_22:peer INFO 2309.374266906699: Sending message <GossipMessage:7_1> to Peer_20:peer
Peer_22:peer INFO 2309.9261385444984: Received message <GossipMessage:7_1> from Peer_6:peer
Peer_22:peer INFO 2310.5530082920354: Received message <GossipMessage:7_1> from Peer_6:peer
Peer_22:peer INFO 2312.583123702557: Received message <GossipMessage:7_1> from Peer_24:peer
Peer_22:peer INFO 2343.5440871996802: Received message <GossipMessage:7_1> from Peer_20:peer
Peer_22:peer INFO 2343.5440871996802: Sending message <GossipMessage:7_1> to Peer_2:peer
Peer_22:peer INFO 2343.5440871996802: Sending message <GossipMessage:7_1> to Peer_24:peer
Peer_22:peer INFO 2343.5440871996802: Sending message <GossipMessage:7_1> to Peer_23:peer
Peer_22:peer INFO 2368.219968468524: Received message <GossipMessage:7_1> from Peer_2:peer
Peer_22:peer INFO 2393.2851264129977: Received message <GossipMessage:7_1> from Peer_20:peer
Peer_22:peer INFO 2416.8487236384876: Received message <GossipMessage:7_1> from Peer_24:peer
Peer_22:peer INFO 2437.1631797221785: Received message <GossipMessage:8_1> from Peer_6:peer
Peer_22:peer INFO 2437.1631797221785: Sending message <GossipMessage:8_1> to Peer_20:peer
Peer_22:peer INFO 2437.1631797221785: Sending message <GossipMessage:8_1> to Peer_2:peer
Peer_22:peer INFO 2437.1631797221785: Sending message <GossipMessage:8_1> to Peer_23:peer
Peer_22:peer INFO 2438.1859684246456: Received message <GossipMessage:8_1> from Peer_6:peer
Peer_22:peer INFO 2438.1859684246456: Sending message <GossipMessage:8_1> to Peer_2:peer
Peer_22:peer INFO 2438.1859684246456: Sending message <GossipMessage:8_1> to Peer_20:peer
Peer_22:peer INFO 2438.1859684246456: Sending message <GossipMessage:8_1> to Peer_24:peer
Peer_22:peer INFO 2500: Sending message <Ping:> to Peer_23:peer
Peer_22:peer INFO 2509.0746806163374: Received message <GossipMessage:8_1> from Peer_24:peer
Peer_22:peer INFO 2509.0746806163374: Sending message <GossipMessage:8_1> to Peer_2:peer
Peer_22:peer INFO 2509.0746806163374: Sending message <GossipMessage:8_1> to Peer_6:peer
Peer_22:peer INFO 2509.0746806163374: Sending message <GossipMessage:8_1> to Peer_20:peer
Peer_22:peer INFO 2509.171315332476: Received message <GossipMessage:8_1> from Peer_24:peer
Peer_22:peer INFO 2509.171315332476: Sending message <GossipMessage:8_1> to Peer_2:peer
Peer_22:peer INFO 2509.171315332476: Sending message <GossipMessage:8_1> to Peer_23:peer
Peer_22:peer INFO 2509.171315332476: Sending message <GossipMessage:8_1> to Peer_20:peer
Peer_22:peer INFO 2512.2726967349995: Received message <GossipMessage:8_1> from Peer_6:peer
Peer_22:peer INFO 2512.3228209263966: Received message <GossipMessage:8_1> from Peer_24:peer
Peer_22:peer INFO 2512.3228209263966: Sending message <GossipMessage:8_1> to Peer_2:peer
Peer_22:peer INFO 2512.3228209263966: Sending message <GossipMessage:8_1> to Peer_6:peer
Peer_22:peer INFO 2512.3228209263966: Sending message <GossipMessage:8_1> to Peer_23:peer
Peer_22:peer INFO 2536.388032902021: Received message <Hello:> from Peer_1:client
Peer_22:peer INFO 2536.388032902021: Connecting to Peer_1:client
Peer_22:peer INFO 2536.388032902021: Sending message <Hello:> to Peer_1:client
Peer_22:peer INFO 2536.388032902021: Sending message <RequestPeers:> to Peer_1:client
Peer_22:peer INFO 2543.740191981002: Received message <GossipMessage:8_1> from Peer_20:peer
Peer_22:peer INFO 2543.740191981002: Sending message <GossipMessage:8_1> to Peer_6:peer
Peer_22:peer INFO 2543.740191981002: Sending message <GossipMessage:8_1> to Peer_24:peer
Peer_22:peer INFO 2543.740191981002: Sending message <GossipMessage:8_1> to Peer_2:peer
Peer_22:peer INFO 2568.5174730428516: Received message <GossipMessage:8_1> from Peer_2:peer
Peer_22:peer INFO 2593.6001381907304: Received message <GossipMessage:8_1> from Peer_20:peer
Peer_22:peer INFO 2609.077996850698: Received message <PeerList> from Peer_1:client
Peer_22:peer INFO 2636.6919581304496: Received message <GossipMessage:9_1> from Peer_1:client
Peer_22:peer INFO 2636.6919581304496: Sending message <GossipMessage:9_1> to Peer_23:peer
Peer_22:peer INFO 2636.6919581304496: Sending message <GossipMessage:9_1> to Peer_2:peer
Peer_22:peer INFO 2636.6919581304496: Sending message <GossipMessage:9_1> to Peer_6:peer
Peer_22:peer INFO 2636.7517124441056: Received message <GossipMessage:9_1> from Peer_6:peer
Peer_22:peer INFO 2636.7517124441056: Sending message <GossipMessage:9_1> to Peer_23:peer
Peer_22:peer INFO 2636.7517124441056: Sending message <GossipMessage:9_1> to Peer_2:peer
Peer_22:peer INFO 2636.7517124441056: Sending message <GossipMessage:9_1> to Peer_24:peer
Peer_22:peer INFO 2637.28412680542: Received message <GossipMessage:9_1> from Peer_6:peer
Peer_22:peer INFO 2637.28412680542: Sending message <GossipMessage:9_1> to Peer_2:peer
Peer_22:peer INFO 2637.28412680542: Sending message <GossipMessage:9_1> to Peer_24:peer
Peer_22:peer INFO 2637.28412680542: Sending message <GossipMessage:9_1> to Peer_23:peer
Peer_22:peer INFO 2638.4643146467693: Received message <GossipMessage:9_1> from Peer_20:peer
Peer_22:peer INFO 2655.8215614153773: Received message <Pong:> from Peer_23:peer
Peer_22:peer INFO 2709.536517872231: Received message <GossipMessage:9_1> from Peer_6:peer
Peer_22:peer INFO 2709.8141809850636: Received message <GossipMessage:9_1> from Peer_24:peer
Peer_22:peer INFO 2709.8141809850636: Sending message <GossipMessage:9_1> to Peer_2:peer
Peer_22:peer INFO 2709.8141809850636: Sending message <GossipMessage:9_1> to Peer_23:peer
Peer_22:peer INFO 2709.8141809850636: Sending message <GossipMessage:9_1> to Peer_20:peer
Peer_22:peer INFO 2709.974997845059: Received message <GossipMessage:9_1> from Peer_24:peer
Peer_22:peer INFO 2710.0239270809034: Received message <GossipMessage:9_1> from Peer_24:peer
Peer_22:peer INFO 2710.0239270809034: Sending message <GossipMessage:9_1> to Peer_2:peer
Peer_22:peer INFO 2710.0239270809034: Sending message <GossipMessage:9_1> to Peer_23:peer
Peer_22:peer INFO 2710.0239270809034: Sending message <GossipMessage:9_1> to Peer_6:peer
Peer_22:peer INFO 2710.936704410208: Received message <GossipMessage:9_1> from Peer_24:peer
Peer_22:peer INFO 2743.9527086664293: Received message <GossipMessage:9_1> from Peer_20:peer
Peer_22:peer INFO 2743.9527086664293: Sending message <GossipMessage:9_1> to Peer_2:peer
Peer_22:peer INFO 2743.9527086664293: Sending message <GossipMessage:9_1> to Peer_24:peer
Peer_22:peer INFO 2743.9527086664293: Sending message <GossipMessage:9_1> to Peer_23:peer
Peer_22:peer INFO 2792.9059752893836: Received message <GossipMessage:9_1> from Peer_20:peer
Peer_22:peer INFO 2836.319492359041: Received message <GossipMessage:10_1> from Peer_24:peer
Peer_22:peer INFO 2836.319492359041: Sending message <GossipMessage:10_1> to Peer_20:peer
Peer_22:peer INFO 2836.319492359041: Sending message <GossipMessage:10_1> to Peer_23:peer
Peer_22:peer INFO 2836.319492359041: Sending message <GossipMessage:10_1> to Peer_2:peer
Peer_22:peer INFO 2836.5017503746703: Received message <GossipMessage:10_1> from Peer_6:peer
Peer_22:peer INFO 2836.5017503746703: Sending message <GossipMessage:10_1> to Peer_2:peer
Peer_22:peer INFO 2836.5017503746703: Sending message <GossipMessage:10_1> to Peer_24:peer
Peer_22:peer INFO 2836.5017503746703: Sending message <GossipMessage:10_1> to Peer_23:peer
Peer_22:peer INFO 2836.82031626787: Received message <GossipMessage:10_1> from Peer_1:client
Peer_22:peer INFO 2836.82031626787: Sending message <GossipMessage:10_1> to Peer_24:peer
Peer_22:peer INFO 2836.82031626787: Sending message <GossipMessage:10_1> to Peer_20:peer
Peer_22:peer INFO 2836.82031626787: Sending message <GossipMessage:10_1> to Peer_23:peer
Peer_22:peer INFO 2836.9698993775337: Received message <GossipMessage:10_1> from Peer_6:peer
Peer_22:peer INFO 2837.358184443165: Received message <GossipMessage:10_1> from Peer_6:peer
Peer_22:peer INFO 2837.358184443165: Sending message <GossipMessage:10_1> to Peer_2:peer
Peer_22:peer INFO 2837.358184443165: Sending message <GossipMessage:10_1> to Peer_23:peer
Peer_22:peer INFO 2837.358184443165: Sending message <GossipMessage:10_1> to Peer_20:peer
Peer_22:peer INFO 2837.393924346805: Received message <GossipMessage:10_1> from Peer_20:peer
Peer_22:peer INFO 2909.0441008152116: Received message <GossipMessage:10_1> from Peer_24:peer
Peer_22:peer INFO 2909.0441008152116: Sending message <GossipMessage:10_1> to Peer_2:peer
Peer_22:peer INFO 2909.0441008152116: Sending message <GossipMessage:10_1> to Peer_6:peer
Peer_22:peer INFO 2909.0441008152116: Sending message <GossipMessage:10_1> to Peer_20:peer
Peer_22:peer INFO 2910.28498090168: Received message <GossipMessage:10_1> from Peer_24:peer
Peer_22:peer INFO 2910.561201175596: Received message <GossipMessage:10_1> from Peer_24:peer
Peer_22:peer INFO 2910.561201175596: Sending message <GossipMessage:10_1> to Peer_20:peer
Peer_22:peer INFO 2910.561201175596: Sending message <GossipMessage:10_1> to Peer_23:peer
Peer_22:peer INFO 2910.561201175596: Sending message <GossipMessage:10_1> to Peer_2:peer
Peer_22:peer INFO 2910.580964236485: Received message <GossipMessage:10_1> from Peer_24:peer
Peer_22:peer INFO 2910.6621928796594: Received message <GossipMessage:10_1> from Peer_24:peer
Peer_22:peer INFO 2910.6621928796594: Sending message <GossipMessage:10_1> to Peer_6:peer
Peer_22:peer INFO 2910.6621928796594: Sending message <GossipMessage:10_1> to Peer_2:peer
Peer_22:peer INFO 2910.6621928796594: Sending message <GossipMessage:10_1> to Peer_23:peer
Peer_22:peer INFO 2911.687171905662: Received message <GossipMessage:10_1> from Peer_6:peer
Peer_22:peer INFO 2943.7921901097666: Received message <GossipMessage:10_1> from Peer_20:peer
Peer_22:peer INFO 2943.7921901097666: Sending message <GossipMessage:10_1> to Peer_24:peer
Peer_22:peer INFO 2943.7921901097666: Sending message <GossipMessage:10_1> to Peer_2:peer
Peer_22:peer INFO 2943.7921901097666: Sending message <GossipMessage:10_1> to Peer_23:peer
Peer_22:peer INFO 2992.756303454244: Received message <GossipMessage:10_1> from Peer_20:peer
Peer_22:peer INFO 3000: Sending message <Ping:> to Peer_26:bootstrap
Peer_22:peer INFO 3036.4817175977428: Received message <GossipMessage:11_1> from Peer_1:client
Peer_22:peer INFO 3036.4817175977428: Sending message <GossipMessage:11_1> to Peer_2:peer
Peer_22:peer INFO 3036.4817175977428: Sending message <GossipMessage:11_1> to Peer_24:peer
Peer_22:peer INFO 3036.4817175977428: Sending message <GossipMessage:11_1> to Peer_20:peer
Peer_22:peer INFO 3036.564830493764: Received message <GossipMessage:11_1> from Peer_6:peer
Peer_22:peer INFO 3036.564830493764: Sending message <GossipMessage:11_1> to Peer_24:peer
Peer_22:peer INFO 3036.564830493764: Sending message <GossipMessage:11_1> to Peer_23:peer
Peer_22:peer INFO 3036.564830493764: Sending message <GossipMessage:11_1> to Peer_2:peer
Peer_22:peer INFO 3036.9929790760652: Received message <GossipMessage:11_1> from Peer_24:peer
Peer_22:peer INFO 3036.9929790760652: Sending message <GossipMessage:11_1> to Peer_23:peer
Peer_22:peer INFO 3036.9929790760652: Sending message <GossipMessage:11_1> to Peer_2:peer
Peer_22:peer INFO 3036.9929790760652: Sending message <GossipMessage:11_1> to Peer_20:peer
Peer_22:peer INFO 3037.6685706245385: Received message <Ping:> from Peer_26:bootstrap
Peer_22:peer INFO 3037.6685706245385: Sending message <Pong:> to Peer_26:bootstrap
Peer_22:peer INFO 3037.7678989152796: Received message <GossipMessage:11_1> from Peer_6:peer
Peer_22:peer INFO 3038.252744296378: Received message <GossipMessage:11_1> from Peer_6:peer
Peer_22:peer INFO 3073.884374115887: Received message <Pong:> from Peer_26:bootstrap
Peer_22:peer INFO 3109.980412086014: Received message <GossipMessage:11_1> from Peer_24:peer
Peer_22:peer INFO 3109.980412086014: Sending message <GossipMessage:11_1> to Peer_23:peer
Peer_22:peer INFO 3109.980412086014: Sending message <GossipMessage:11_1> to Peer_2:peer
Peer_22:peer INFO 3109.980412086014: Sending message <GossipMessage:11_1> to Peer_20:peer
Peer_22:peer INFO 3110.186179167905: Received message <GossipMessage:11_1> from Peer_6:peer
Peer_22:peer INFO 3110.612828120031: Received message <GossipMessage:11_1> from Peer_24:peer
Peer_22:peer INFO 3143.9174431510346: Received message <GossipMessage:11_1> from Peer_20:peer
Peer_22:peer INFO 3143.9174431510346: Sending message <GossipMessage:11_1> to Peer_23:peer
Peer_22:peer INFO 3143.9174431510346: Sending message <GossipMessage:11_1> to Peer_2:peer
Peer_22:peer INFO 3143.9174431510346: Sending message <GossipMessage:11_1> to Peer_24:peer
Peer_22:peer INFO 3168.425854086855: Received message <GossipMessage:11_1> from Peer_2:peer
Peer_22:peer INFO 3192.506892649243: Received message <GossipMessage:11_1> from Peer_20:peer
Peer_22:peer INFO 3216.363309845333: Received message <GossipMessage:11_1> from Peer_2:peer
Peer_22:peer INFO 3236.9609018737965: Received message <GossipMessage:12_1> from Peer_1:client
Peer_22:peer INFO 3236.9609018737965: Sending message <GossipMessage:12_1> to Peer_23:peer
Peer_22:peer INFO 3236.9609018737965: Sending message <GossipMessage:12_1> to Peer_2:peer
Peer_22:peer INFO 3236.9609018737965: Sending message <GossipMessage:12_1> to Peer_6:peer
Peer_22:peer INFO 3237.233494690558: Received message <GossipMessage:12_1> from Peer_6:peer
Peer_22:peer INFO 3237.233494690558: Sending message <GossipMessage:12_1> to Peer_20:peer
Peer_22:peer INFO 3237.233494690558: Sending message <GossipMessage:12_1> to Peer_2:peer
Peer_22:peer INFO 3237.233494690558: Sending message <GossipMessage:12_1> to Peer_24:peer
Peer_22:peer INFO 3237.492498926224: Received message <GossipMessage:12_1> from Peer_6:peer
Peer_22:peer INFO 3237.494951618284: Received message <GossipMessage:12_1> from Peer_6:peer
Peer_22:peer INFO 3237.494951618284: Sending message <GossipMessage:12_1> to Peer_2:peer
Peer_22:peer INFO 3237.494951618284: Sending message <GossipMessage:12_1> to Peer_20:peer
Peer_22:peer INFO 3237.494951618284: Sending message <GossipMessage:12_1> to Peer_23:peer
Peer_22:peer INFO 3237.6246289070455: Received message <GossipMessage:12_1> from Peer_20:peer
Peer_22:peer INFO 3237.7756093351254: Received message <GossipMessage:12_1> from Peer_6:peer
Peer_22:peer INFO 3237.7756093351254: Sending message <GossipMessage:12_1> to Peer_23:peer
Peer_22:peer INFO 3237.7756093351254: Sending message <GossipMessage:12_1> to Peer_2:peer
Peer_22:peer INFO 3237.7756093351254: Sending message <GossipMessage:12_1> to Peer_20:peer
Peer_22:peer INFO 3308.464626585421: Received message <GossipMessage:12_1> from Peer_24:peer
Peer_22:peer INFO 3308.464626585421: Sending message <GossipMessage:12_1> to Peer_6:peer
Peer_22:peer INFO 3308.464626585421: Sending message <GossipMessage:12_1> to Peer_20:peer
Peer_22:peer INFO 3308.464626585421: Sending message <GossipMessage:12_1> to Peer_2:peer
Peer_22:peer INFO 3308.956557973634: Received message <GossipMessage:12_1> from Peer_6:peer
Peer_22:peer INFO 3310.352295627115: Received message <GossipMessage:12_1> from Peer_24:peer
Peer_22:peer INFO 3310.352295627115: Sending message <GossipMessage:12_1> to Peer_20:peer
Peer_22:peer INFO 3310.352295627115: Sending message <GossipMessage:12_1> to Peer_2:peer
Peer_22:peer INFO 3310.352295627115: Sending message <GossipMessage:12_1> to Peer_6:peer
Peer_22:peer INFO 3310.394315682947: Received message <GossipMessage:12_1> from Peer_24:peer
Peer_22:peer INFO 3310.394315682947: Sending message <GossipMessage:12_1> to Peer_23:peer
Peer_22:peer INFO 3310.394315682947: Sending message <GossipMessage:12_1> to Peer_20:peer
Peer_22:peer INFO 3310.394315682947: Sending message <GossipMessage:12_1> to Peer_6:peer
Peer_22:peer INFO 3310.6178860139316: Received message <GossipMessage:12_1> from Peer_6:peer
Peer_22:peer INFO 3311.695902415446: Received message <GossipMessage:12_1> from Peer_24:peer
Peer_22:peer INFO 3311.7006529065566: Received message <GossipMessage:12_1> from Peer_24:peer
Peer_22:peer INFO 3311.778557366352: Received message <GossipMessage:12_1> from Peer_6:peer
Peer_22:peer INFO 3343.8827805251003: Received message <GossipMessage:12_1> from Peer_20:peer
Peer_22:peer INFO 3343.8827805251003: Sending message <GossipMessage:12_1> to Peer_24:peer
Peer_22:peer INFO 3343.8827805251003: Sending message <GossipMessage:12_1> to Peer_23:peer
Peer_22:peer INFO 3343.8827805251003: Sending message <GossipMessage:12_1> to Peer_2:peer
Peer_22:peer INFO 3367.7118445732362: Received message <GossipMessage:12_1> from Peer_2:peer
Peer_22:peer INFO 3392.842619615951: Received message <GossipMessage:12_1> from Peer_20:peer
Peer_22:peer INFO 3417.876016514442: Received message <GossipMessage:12_1> from Peer_2:peer
Peer_22:peer INFO 3436.157782519424: Received message <GossipMessage:13_1> from Peer_24:peer
Peer_22:peer INFO 3436.157782519424: Sending message <GossipMessage:13_1> to Peer_6:peer
Peer_22:peer INFO 3436.157782519424: Sending message <GossipMessage:13_1> to Peer_20:peer
Peer_22:peer INFO 3436.157782519424: Sending message <GossipMessage:13_1> to Peer_2:peer
Peer_22:peer INFO 3436.9214407541313: Received message <GossipMessage:13_1> from Peer_1:client
Peer_22:peer INFO 3436.9214407541313: Sending message <GossipMessage:13_1> to Peer_2:peer
Peer_22:peer INFO 3436.9214407541313: Sending message <GossipMessage:13_1> to Peer_20:peer
Peer_22:peer INFO 3436.9214407541313: Sending message <GossipMessage:13_1> to Peer_24:peer
Peer_22:peer INFO 3437.6684449588984: Received message <GossipMessage:13_1> from Peer_6:peer
Peer_22:peer INFO 3437.6684449588984: Sending message <GossipMessage:13_1> to Peer_24:peer
Peer_22:peer INFO 3437.6684449588984: Sending message <GossipMessage:13_1> to Peer_2:peer
Peer_22:peer INFO 3437.6684449588984: Sending message <GossipMessage:13_1> to Peer_20:peer
Peer_22:peer INFO 3438.401054109107: Received message <GossipMessage:13_1> from Peer_6:peer
Peer_22:peer INFO 3438.401054109107: Sending message <GossipMessage:13_1> to Peer_24:peer
Peer_22:peer INFO 3438.401054109107: Sending message <GossipMessage:13_1> to Peer_20:peer
Peer_22:peer INFO 3438.401054109107: Sending message <GossipMessage:13_1> to Peer_2:peer
Peer_22:peer INFO 3438.5961354607502: Received message <GossipMessage:13_1> from Peer_6:peer
Peer_22:peer INFO 3438.8688659741465: Received message <GossipMessage:13_1> from Peer_20:peer
Peer_22:peer INFO 3438.9213810747738: Received message <GossipMessage:13_1> from Peer_6:peer
Peer_22:peer INFO 3474.519104671579: Received message <GossipMessage:12_1> from Peer_23:peer
Peer_22:peer INFO 3510.894729915091: Received message <GossipMessage:13_1> from Peer_6:peer
Peer_22:peer INFO 3511.2242604495373: Received message <GossipMessage:13_1> from Peer_24:peer
Peer_22:peer INFO 3511.2242604495373: Sending message <GossipMessage:13_1> to Peer_6:peer
Peer_22:peer INFO 3511.2242604495373: Sending message <GossipMessage:13_1> to Peer_23:peer
Peer_22:peer INFO 3511.2242604495373: Sending message <GossipMessage:13_1> to Peer_20:peer
Peer_22:peer INFO 3512.2851968768655: Received message <GossipMessage:13_1> from Peer_24:peer
Peer_22:peer INFO 3512.2851968768655: Sending message <GossipMessage:13_1> to Peer_20:peer
Peer_22:peer INFO 3512.2851968768655: Sending message <GossipMessage:13_1> to Peer_6:peer
Peer_22:peer INFO 3512.2851968768655: Sending message <GossipMessage:13_1> to Peer_2:peer
Peer_22:peer INFO 3513.044977276176: Received message <GossipMessage:13_1> from Peer_24:peer
Peer_22:peer INFO 3535.927347327119: Received message <RequestPeers:> from Peer_1:client
Peer_22:peer INFO 3535.927347327119: Sending message <PeerList> to Peer_1:client
Peer_22:peer INFO 3537.1048644400908: Received message <Ping:> from Peer_1:client
Peer_22:peer INFO 3537.1048644400908: Sending message <Pong:> to Peer_1:client
Peer_22:peer INFO 3543.4353042713055: Received message <GossipMessage:13_1> from Peer_20:peer
Peer_22:peer INFO 3543.4353042713055: Sending message <GossipMessage:13_1> to Peer_6:peer
Peer_22:peer INFO 3543.4353042713055: Sending message <GossipMessage:13_1> to Peer_24:peer
Peer_22:peer INFO 3543.4353042713055: Sending message <GossipMessage:13_1> to Peer_2:peer
Peer_22:peer INFO 3593.1602886759183: Received message <GossipMessage:13_1> from Peer_20:peer
Peer_22:peer INFO 3617.3709374756904: Received message <GossipMessage:13_1> from Peer_24:peer
Peer_22:peer INFO 3617.9987069292356: Received message <GossipMessage:13_1> from Peer_2:peer
Peer_22:peer INFO 3636.796982422461: Received message <GossipMessage:14_1> from Peer_1:client
Peer_22:peer INFO 3636.796982422461: Sending message <GossipMessage:14_1> to Peer_2:peer
Peer_22:peer INFO 3636.796982422461: Sending message <GossipMessage:14_1> to Peer_6:peer
Peer_22:peer INFO 3636.796982422461: Sending message <GossipMessage:14_1> to Peer_24:peer
Peer_22:peer INFO 3636.977171711209: Received message <GossipMessage:14_1> from Peer_6:peer
Peer_22:peer INFO 3636.977171711209: Sending message <GossipMessage:14_1> to Peer_2:peer
Peer_22:peer INFO 3636.977171711209: Sending message <GossipMessage:14_1> to Peer_20:peer
Peer_22:peer INFO 3636.977171711209: Sending message <GossipMessage:14_1> to Peer_24:peer
Peer_22:peer INFO 3637.2877093708885: Received message <GossipMessage:14_1> from Peer_24:peer
Peer_22:peer INFO 3637.2877093708885: Sending message <GossipMessage:14_1> to Peer_23:peer
Peer_22:peer INFO 3637.2877093708885: Sending message <GossipMessage:14_1> to Peer_20:peer
Peer_22:peer INFO 3637.2877093708885: Sending message <GossipMessage:14_1> to Peer_2:peer
Peer_22:peer INFO 3637.45348090719: Received message <GossipMessage:14_1> from Peer_6:peer
Peer_22:peer INFO 3637.45348090719: Sending message <GossipMessage:14_1> to Peer_24:peer
Peer_22:peer INFO 3637.45348090719: Sending message <GossipMessage:14_1> to Peer_23:peer
Peer_22:peer INFO 3637.45348090719: Sending message <GossipMessage:14_1> to Peer_20:peer
Peer_22:peer INFO 3637.501820059459: Received message <GossipMessage:14_1> from Peer_6:peer
Peer_22:peer INFO 3637.5921754037972: Received message <GossipMessage:14_1> from Peer_20:peer
Peer_22:peer INFO 3710.2260245783864: Received message <GossipMessage:14_1> from Peer_24:peer
Peer_22:peer INFO 3710.2260245783864: Sending message <GossipMessage:14_1> to Peer_20:peer
Peer_22:peer INFO 3710.2260245783864: Sending message <GossipMessage:14_1> to Peer_23:peer
Peer_22:peer INFO 3710.2260245783864: Sending message <GossipMessage:14_1> to Peer_6:peer
Peer_22:peer INFO 3710.682148342937: Received message <GossipMessage:14_1> from Peer_24:peer
Peer_22:peer INFO 3710.682148342937: Sending message <GossipMessage:14_1> to Peer_20:peer
Peer_22:peer INFO 3710.682148342937: Sending message <GossipMessage:14_1> to Peer_2:peer
Peer_22:peer INFO 3710.682148342937: Sending message <GossipMessage:14_1> to Peer_6:peer
Peer_22:peer INFO 3711.234108726481: Received message <GossipMessage:14_1> from Peer_24:peer
Peer_22:peer INFO 3711.7139757657887: Received message <GossipMessage:14_1> from Peer_6:peer
Peer_22:peer INFO 3711.8330281876856: Received message <GossipMessage:14_1> from Peer_6:peer
Peer_22:peer INFO 3743.6914938645664: Received message <GossipMessage:14_1> from Peer_20:peer
Peer_22:peer INFO 3743.6914938645664: Sending message <GossipMessage:14_1> to Peer_2:peer
Peer_22:peer INFO 3743.6914938645664: Sending message <GossipMessage:14_1> to Peer_6:peer
Peer_22:peer INFO 3743.6914938645664: Sending message <GossipMessage:14_1> to Peer_24:peer
Peer_22:peer INFO 3769.176224486925: Received message <GossipMessage:14_1> from Peer_2:peer
Peer_22:peer INFO 3816.590204643993: Received message <GossipMessage:14_1> from Peer_24:peer
Peer_22:peer INFO 3817.6128672447794: Received message <GossipMessage:14_1> from Peer_2:peer
Peer_22:peer INFO 3818.173346768436: Received message <GossipMessage:14_1> from Peer_24:peer
Peer_22:peer INFO 3835.927292787577: Received message <GossipMessage:15_1> from Peer_1:client
Peer_22:peer INFO 3835.927292787577: Sending message <GossipMessage:15_1> to Peer_6:peer
Peer_22:peer INFO 3835.927292787577: Sending message <GossipMessage:15_1> to Peer_20:peer
Peer_22:peer INFO 3835.927292787577: Sending message <GossipMessage:15_1> to Peer_24:peer
Peer_22:peer INFO 3837.1001378530786: Received message <GossipMessage:15_1> from Peer_6:peer
Peer_22:peer INFO 3837.1001378530786: Sending message <GossipMessage:15_1> to Peer_24:peer
Peer_22:peer INFO 3837.1001378530786: Sending message <GossipMessage:15_1> to Peer_2:peer
Peer_22:peer INFO 3837.1001378530786: Sending message <GossipMessage:15_1> to Peer_23:peer
Peer_22:peer INFO 3837.3477211065947: Received message <GossipMessage:15_1> from Peer_6:peer
Peer_22:peer INFO 3837.3477211065947: Sending message <GossipMessage:15_1> to Peer_23:peer
Peer_22:peer INFO 3837.3477211065947: Sending message <GossipMessage:15_1> to Peer_24:peer
Peer_22:peer INFO 3837.3477211065947: Sending message <GossipMessage:15_1> to Peer_20:peer
Peer_22:peer INFO 3837.8838490544817: Received message <GossipMessage:15_1> from Peer_6:peer
Peer_22:peer INFO 3837.8838490544817: Sending message <GossipMessage:15_1> to Peer_24:peer
Peer_22:peer INFO 3837.8838490544817: Sending message <GossipMessage:15_1> to Peer_20:peer
Peer_22:peer INFO 3837.8838490544817: Sending message <GossipMessage:15_1> to Peer_2:peer
Peer_22:peer INFO 3909.4099135290157: Received message <GossipMessage:15_1> from Peer_6:peer
Peer_22:peer INFO 3911.5008926934565: Received message <GossipMessage:15_1> from Peer_6:peer
Peer_22:peer INFO 3911.8779390283703: Received message <GossipMessage:15_1> from Peer_24:peer
Peer_22:peer INFO 3943.7832645963354: Received message <GossipMessage:15_1> from Peer_20:peer
Peer_22:peer INFO 3943.7832645963354: Sending message <GossipMessage:15_1> to Peer_2:peer
Peer_22:peer INFO 3943.7832645963354: Sending message <GossipMessage:15_1> to Peer_6:peer
Peer_22:peer INFO 3943.7832645963354: Sending message <GossipMessage:15_1> to Peer_24:peer
Peer_22:peer INFO 3944.1164935682095: Received message <GossipMessage:15_1> from Peer_6:peer
Peer_22:peer INFO 4000: Sending message <Ping:> to Peer_26:bootstrap
Peer_22:peer INFO 4000: Sending message <Ping:> to Peer_23:peer
Peer_22:peer INFO 4016.7112964433995: Received message <GossipMessage:15_1> from Peer_24:peer
Peer_22:peer INFO 4018.543889863982: Received message <GossipMessage:15_1> from Peer_24:peer
Peer_22:peer INFO 4036.0572048322533: Received message <Ping:> from Peer_26:bootstrap
Peer_22:peer INFO 4036.0572048322533: Sending message <Pong:> to Peer_26:bootstrap
Peer_22:peer INFO 4036.7705122013904: Received message <GossipMessage:16_1> from Peer_6:peer
Peer_22:peer INFO 4036.7705122013904: Sending message <GossipMessage:16_1> to Peer_23:peer
Peer_22:peer INFO 4036.7705122013904: Sending message <GossipMessage:16_1> to Peer_20:peer
Peer_22:peer INFO 4036.7705122013904: Sending message <GossipMessage:16_1> to Peer_2:peer
Peer_22:peer INFO 4036.9861921606453: Received message <GossipMessage:16_1> from Peer_20:peer
Peer_22:peer INFO 4037.0228717857053: Received message <GossipMessage:16_1> from Peer_20:peer
Peer_22:peer INFO 4037.023357043826: Received message <GossipMessage:16_1> from Peer_6:peer
Peer_22:peer INFO 4037.3012023719166: Received message <GossipMessage:16_1> from Peer_6:peer
Peer_22:peer INFO 4037.3012023719166: Sending message <GossipMessage:16_1> to Peer_23:peer
Peer_22:peer INFO 4037.3012023719166: Sending message <GossipMessage:16_1> to Peer_20:peer
Peer_22:peer INFO 4037.3012023719166: Sending message <GossipMessage:16_1> to Peer_24:peer
Peer_22:peer INFO 4038.0333373855683: Received message <GossipMessage:16_1> from Peer_1:client
Peer_22:peer INFO 4038.0333373855683: Sending message <GossipMessage:16_1> to Peer_2:peer
Peer_22:peer INFO 4038.0333373855683: Sending message <GossipMessage:16_1> to Peer_23:peer
Peer_22:peer INFO 4038.0333373855683: Sending message <GossipMessage:16_1> to Peer_24:peer
Peer_22:peer INFO 4073.0343942108534: Received message <Pong:> from Peer_26:bootstrap
Peer_22:peer INFO 4074.6232438799157: Received message <GossipMessage:15_1> from Peer_23:peer
Peer_22:peer INFO 4109.110639024752: Received message <GossipMessage:16_1> from Peer_24:peer
Peer_22:peer INFO 4109.110639024752: Sending message <GossipMessage:16_1> to Peer_6:peer
Peer_22:peer INFO 4109.110639024752: Sending message <GossipMessage:16_1> to Peer_23:peer
Peer_22:peer INFO 4109.110639024752: Sending message <GossipMessage:16_1> to Peer_20:peer
Peer_22:peer INFO 4109.377790265222: Received message <GossipMessage:16_1> from Peer_6:peer
Peer_22:peer INFO 4109.51743657931: Received message <GossipMessage:16_1> from Peer_24:peer
Peer_22:peer INFO 4109.51743657931: Sending message <GossipMessage:16_1> to Peer_6:peer
Peer_22:peer INFO 4109.51743657931: Sending message <GossipMessage:16_1> to Peer_23:peer
Peer_22:peer INFO 4109.51743657931: Sending message <GossipMessage:16_1> to Peer_20:peer
Peer_22:peer INFO 4109.7462162347565: Received message <GossipMessage:16_1> from Peer_6:peer
Peer_22:peer INFO 4110.234995797138: Received message <GossipMessage:16_1> from Peer_24:peer
Peer_22:peer INFO 4110.234995797138: Sending message <GossipMessage:16_1> to Peer_23:peer
Peer_22:peer INFO 4110.234995797138: Sending message <GossipMessage:16_1> to Peer_2:peer
Peer_22:peer INFO 4110.234995797138: Sending message <GossipMessage:16_1> to Peer_20:peer
Peer_22:peer INFO 4110.674541945302: Received message <GossipMessage:16_1> from Peer_6:peer
Peer_22:peer INFO 4110.875390088989: Received message <GossipMessage:16_1> from Peer_24:peer
Peer_22:peer INFO 4110.875390088989: Sending message <GossipMessage:16_1> to Peer_20:peer
Peer_22:peer INFO 4110.875390088989: Sending message <GossipMessage:16_1> to Peer_6:peer
Peer_22:peer INFO 4110.875390088989: Sending message <GossipMessage:16_1> to Peer_23:peer
Peer_22:peer INFO 4144.586279868743: Received message <GossipMessage:16_1> from Peer_6:peer
Peer_22:peer INFO 4156.063916694634: Received message <Pong:> from Peer_23:peer
Peer_22:peer INFO 4168.33831772279: Received message <GossipMessage:16_1> from Peer_2:peer
Peer_22:peer INFO 4193.528047830846: Received message <GossipMessage:16_1> from Peer_20:peer
Peer_22:peer INFO 4214.662722593014: Received message <GossipMessage:16_1> from Peer_24:peer
Peer_22:peer INFO 4235.795847723904: Received message <GossipMessage:17_1> from Peer_1:client
Peer_22:peer INFO 4235.795847723904: Sending message <GossipMessage:17_1> to Peer_2:peer
Peer_22:peer INFO 4235.795847723904: Sending message <GossipMessage:17_1> to Peer_23:peer
Peer_22:peer INFO 4235.795847723904: Sending message <GossipMessage:17_1> to Peer_6:peer
Peer_22:peer INFO 4235.963508968953: Received message <GossipMessage:17_1> from Peer_24:peer
Peer_22:peer INFO 4235.963508968953: Sending message <GossipMessage:17_1> to Peer_6:peer
Peer_22:peer INFO 4235.963508968953: Sending message <GossipMessage:17_1> to Peer_20:peer
Peer_22:peer INFO 4235.963508968953: Sending message <GossipMessage:17_1> to Peer_2:peer
Peer_22:peer INFO 4236.182947212552: Received message <GossipMessage:17_1> from Peer_6:peer
Peer_22:peer INFO 4236.182947212552: Sending message <GossipMessage:17_1> to Peer_23:peer
Peer_22:peer INFO 4236.182947212552: Sending message <GossipMessage:17_1> to Peer_24:peer
Peer_22:peer INFO 4236.182947212552: Sending message <GossipMessage:17_1> to Peer_2:peer
Peer_22:peer INFO 4308.690109929713: Received message <GossipMessage:17_1> from Peer_6:peer
Peer_22:peer INFO 4308.9017595784935: Received message <GossipMessage:17_1> from Peer_24:peer
Peer_22:peer INFO 4308.9017595784935: Sending message <GossipMessage:17_1> to Peer_2:peer
Peer_22:peer INFO 4308.9017595784935: Sending message <GossipMessage:17_1> to Peer_6:peer
Peer_22:peer INFO 4308.9017595784935: Sending message <GossipMessage:17_1> to Peer_20:peer
Peer_22:peer INFO 4312.090043076798: Received message <GossipMessage:17_1> from Peer_24:peer
Peer_22:peer INFO 4343.508065979302: Received message <GossipMessage:17_1> from Peer_23:peer
Peer_22:peer INFO 4343.508065979302: Sending message <GossipMessage:17_1> to Peer_2:peer
Peer_22:peer INFO 4343.508065979302: Sending message <GossipMessage:17_1> to Peer_20:peer
Peer_22:peer INFO 4343.508065979302: Sending message <GossipMessage:17_1> to Peer_6:peer
Peer_22:peer INFO 4344.083515235776: Received message <GossipMessage:17_1> from Peer_20:peer
Peer_22:peer INFO 4344.083515235776: Sending message <GossipMessage:17_1> to Peer_2:peer
Peer_22:peer INFO 4344.083515235776: Sending message <GossipMessage:17_1> to Peer_6:peer
Peer_22:peer INFO 4344.083515235776: Sending message <GossipMessage:17_1> to Peer_24:peer
Peer_22:peer INFO 4368.732096026936: Received message <GossipMessage:17_1> from Peer_2:peer
Peer_22:peer INFO 4417.613263959774: Received message <GossipMessage:17_1> from Peer_24:peer
Peer_22:peer INFO 4436.750083890771: Received message <GossipMessage:18_1> from Peer_1:client
Peer_22:peer INFO 4436.750083890771: Sending message <GossipMessage:18_1> to Peer_2:peer
Peer_22:peer INFO 4436.750083890771: Sending message <GossipMessage:18_1> to Peer_23:peer
Peer_22:peer INFO 4436.750083890771: Sending message <GossipMessage:18_1> to Peer_20:peer
Peer_22:peer INFO 4437.440722838155: Received message <GossipMessage:18_1> from Peer_6:peer
Peer_22:peer INFO 4437.509059719555: Received message <GossipMessage:18_1> from Peer_24:peer
Peer_22:peer INFO 4437.509059719555: Sending message <GossipMessage:18_1> to Peer_6:peer
Peer_22:peer INFO 4437.509059719555: Sending message <GossipMessage:18_1> to Peer_23:peer
Peer_22:peer INFO 4437.509059719555: Sending message <GossipMessage:18_1> to Peer_20:peer
Peer_22:peer INFO 4438.438337693658: Received message <GossipMessage:18_1> from Peer_20:peer
Peer_22:peer INFO 4511.561771328132: Received message <GossipMessage:18_1> from Peer_6:peer
Peer_22:peer INFO 4536.915474088569: Received message <Ping:> from Peer_1:client
Peer_22:peer INFO 4536.915474088569: Sending message <Pong:> to Peer_1:client
Peer_22:peer INFO 4543.4771223003645: Received message <GossipMessage:18_1> from Peer_23:peer
Peer_22:peer INFO 4543.4771223003645: Sending message <GossipMessage:18_1> to Peer_20:peer
Peer_22:peer INFO 4543.4771223003645: Sending message <GossipMessage:18_1> to Peer_2:peer
Peer_22:peer INFO 4543.4771223003645: Sending message <GossipMessage:18_1> to Peer_24:peer
Peer_22:peer INFO 4543.975777834418: Received message <GossipMessage:18_1> from Peer_20:peer
Peer_22:peer INFO 4543.975777834418: Sending message <GossipMessage:18_1> to Peer_6:peer
Peer_22:peer INFO 4543.975777834418: Sending message <GossipMessage:18_1> to Peer_24:peer
Peer_22:peer INFO 4543.975777834418: Sending message <GossipMessage:18_1> to Peer_23:peer
Peer_22:peer INFO 4544.148808792105: Received message <GossipMessage:18_1> from Peer_6:peer
Peer_22:peer INFO 4567.550591948381: Received message <GossipMessage:18_1> from Peer_2:peer
Peer_22:peer INFO 4593.917772577897: Received message <GossipMessage:18_1> from Peer_20:peer
Peer_22:peer INFO 4617.08496414831: Received message <GossipMessage:18_1> from Peer_24:peer
Peer_22:peer INFO 4617.148626562993: Received message <GossipMessage:18_1> from Peer_24:peer
Peer_22:peer INFO 4636.205474575766: Received message <GossipMessage:19_1> from Peer_1:client
Peer_22:peer INFO 4636.205474575766: Sending message <GossipMessage:19_1> to Peer_2:peer
Peer_22:peer INFO 4636.205474575766: Sending message <GossipMessage:19_1> to Peer_23:peer
Peer_22:peer INFO 4636.205474575766: Sending message <GossipMessage:19_1> to Peer_24:peer
Peer_22:peer INFO 4637.513193951771: Received message <GossipMessage:19_1> from Peer_20:peer
Peer_22:peer INFO 4674.789754847569: Received message <GossipMessage:18_1> from Peer_23:peer
Peer_22:peer INFO 4708.609674536145: Received message <GossipMessage:19_1> from Peer_6:peer
Peer_22:peer INFO 4709.928784690281: Received message <GossipMessage:19_1> from Peer_6:peer
Peer_22:peer INFO 4710.1405678349765: Received message <GossipMessage:19_1> from Peer_6:peer
Peer_22:peer INFO 4710.379097065366: Received message <GossipMessage:19_1> from Peer_24:peer
Peer_22:peer INFO 4710.379097065366: Sending message <GossipMessage:19_1> to Peer_2:peer
Peer_22:peer INFO 4710.379097065366: Sending message <GossipMessage:19_1> to Peer_23:peer
Peer_22:peer INFO 4710.379097065366: Sending message <GossipMessage:19_1> to Peer_20:peer
Peer_22:peer INFO 4710.537647167267: Received message <GossipMessage:19_1> from Peer_24:peer
Peer_22:peer INFO 4710.537647167267: Sending message <GossipMessage:19_1> to Peer_23:peer
Peer_22:peer INFO 4710.537647167267: Sending message <GossipMessage:19_1> to Peer_20:peer
Peer_22:peer INFO 4710.537647167267: Sending message <GossipMessage:19_1> to Peer_2:peer
Peer_22:peer INFO 4711.82655060876: Received message <GossipMessage:19_1> from Peer_24:peer
Peer_22:peer INFO 4711.82655060876: Sending message <GossipMessage:19_1> to Peer_6:peer
Peer_22:peer INFO 4711.82655060876: Sending message <GossipMessage:19_1> to Peer_23:peer
Peer_22:peer INFO 4711.82655060876: Sending message <GossipMessage:19_1> to Peer_2:peer
Peer_22:peer INFO 4743.980093408624: Received message <GossipMessage:19_1> from Peer_23:peer
Peer_22:peer INFO 4743.980093408624: Sending message <GossipMessage:19_1> to Peer_2:peer
Peer_22:peer INFO 4743.980093408624: Sending message <GossipMessage:19_1> to Peer_6:peer
Peer_22:peer INFO 4743.980093408624: Sending message <GossipMessage:19_1> to Peer_24:peer
Peer_22:peer INFO 4744.447288568669: Received message <GossipMessage:19_1> from Peer_23:peer
Peer_22:peer INFO 4768.867090066493: Received message <GossipMessage:19_1> from Peer_2:peer
Peer_22:peer INFO 4793.527762924185: Received message <GossipMessage:19_1> from Peer_20:peer
Peer_22:peer INFO 4817.857673161645: Received message <GossipMessage:19_1> from Peer_2:peer
Peer_22:peer INFO 4818.567875512994: Received message <GossipMessage:19_1> from Peer_2:peer
Peer_22:peer INFO 4836.339338831795: Received message <GossipMessage:20_1> from Peer_1:client
Peer_22:peer INFO 4836.339338831795: Sending message <GossipMessage:20_1> to Peer_2:peer
Peer_22:peer INFO 4836.339338831795: Sending message <GossipMessage:20_1> to Peer_20:peer
Peer_22:peer INFO 4836.339338831795: Sending message <GossipMessage:20_1> to Peer_23:peer
Peer_22:peer INFO 4837.330915481792: Received message <GossipMessage:20_1> from Peer_6:peer
Peer_22:peer INFO 4837.330915481792: Sending message <GossipMessage:20_1> to Peer_20:peer
Peer_22:peer INFO 4837.330915481792: Sending message <GossipMessage:20_1> to Peer_2:peer
Peer_22:peer INFO 4837.330915481792: Sending message <GossipMessage:20_1> to Peer_24:peer
Peer_22:peer INFO 4837.487814885631: Received message <GossipMessage:20_1> from Peer_20:peer
Peer_22:peer INFO 4837.571396757222: Received message <GossipMessage:20_1> from Peer_6:peer
Peer_22:peer INFO 4838.0141058900745: Received message <GossipMessage:20_1> from Peer_24:peer
Peer_22:peer INFO 4838.0141058900745: Sending message <GossipMessage:20_1> to Peer_23:peer
Peer_22:peer INFO 4838.0141058900745: Sending message <GossipMessage:20_1> to Peer_20:peer
Peer_22:peer INFO 4838.0141058900745: Sending message <GossipMessage:20_1> to Peer_2:peer
Peer_22:peer INFO 4838.071952071061: Received message <GossipMessage:20_1> from Peer_6:peer
Peer_22:peer INFO 4909.964535035881: Received message <GossipMessage:20_1> from Peer_24:peer
Peer_22:peer INFO 4910.252754073033: Received message <GossipMessage:20_1> from Peer_24:peer
Peer_22:peer INFO 4910.252754073033: Sending message <GossipMessage:20_1> to Peer_6:peer
Peer_22:peer INFO 4910.252754073033: Sending message <GossipMessage:20_1> to Peer_20:peer
Peer_22:peer INFO 4910.252754073033: Sending message <GossipMessage:20_1> to Peer_2:peer
Peer_22:peer INFO 4910.768666570369: Received message <GossipMessage:20_1> from Peer_24:peer
Peer_22:peer INFO 4910.90527481347: Received message <GossipMessage:20_1> from Peer_6:peer
Peer_22:peer INFO 4912.463170870686: Received message <GossipMessage:20_1> from Peer_24:peer
Peer_22:peer INFO 4912.463170870686: Sending message <GossipMessage:20_1> to Peer_6:peer
Peer_22:peer INFO 4912.463170870686: Sending message <GossipMessage:20_1> to Peer_20:peer
Peer_22:peer INFO 4912.463170870686: Sending message <GossipMessage:20_1> to Peer_23:peer
Peer_22:peer INFO 4943.448340151146: Received message <GossipMessage:20_1> from Peer_23:peer
Peer_22:peer INFO 4943.448340151146: Sending message <GossipMessage:20_1> to Peer_20:peer
Peer_22:peer INFO 4943.448340151146: Sending message <GossipMessage:20_1> to Peer_6:peer
Peer_22:peer INFO 4943.448340151146: Sending message <GossipMessage:20_1> to Peer_24:peer
Peer_22:peer INFO 4943.901355661284: Received message <GossipMessage:20_1> from Peer_6:peer
Peer_22:peer INFO 4944.121230748255: Received message <GossipMessage:20_1> from Peer_23:peer
Peer_22:peer INFO 4944.121230748255: Sending message <GossipMessage:20_1> to Peer_24:peer
Peer_22:peer INFO 4944.121230748255: Sending message <GossipMessage:20_1> to Peer_20:peer
Peer_22:peer INFO 4944.121230748255: Sending message <GossipMessage:20_1> to Peer_6:peer
Peer_22:peer INFO 4944.3007217055765: Received message <GossipMessage:20_1> from Peer_23:peer
Peer_22:peer INFO 4968.124333394424: Received message <GossipMessage:20_1> from Peer_2:peer
Peer_22:peer INFO 5000: Sending message <Ping:> to Peer_26:bootstrap
Peer_22:peer INFO 5016.298681834606: Received message <GossipMessage:20_1> from Peer_2:peer
Peer_22:peer INFO 5017.660140623161: Received message <GossipMessage:20_1> from Peer_2:peer
Peer_22:peer INFO 5018.695764154902: Received message <GossipMessage:20_1> from Peer_24:peer
Peer_22:peer INFO 5036.5230210287455: Received message <GossipMessage:21_1> from Peer_1:client
Peer_22:peer INFO 5036.5230210287455: Sending message <GossipMessage:21_1> to Peer_6:peer
Peer_22:peer INFO 5036.5230210287455: Sending message <GossipMessage:21_1> to Peer_23:peer
Peer_22:peer INFO 5036.5230210287455: Sending message <GossipMessage:21_1> to Peer_2:peer
Peer_22:peer INFO 5036.52765606864: Received message <GossipMessage:21_1> from Peer_6:peer
Peer_22:peer INFO 5036.52765606864: Sending message <GossipMessage:21_1> to Peer_20:peer
Peer_22:peer INFO 5036.52765606864: Sending message <GossipMessage:21_1> to Peer_24:peer
Peer_22:peer INFO 5036.52765606864: Sending message <GossipMessage:21_1> to Peer_2:peer
Peer_22:peer INFO 5036.847898879503: Received message <Ping:> from Peer_26:bootstrap
Peer_22:peer INFO 5036.847898879503: Sending message <Pong:> to Peer_26:bootstrap
Peer_22:peer INFO 5038.137407720833: Received message <GossipMessage:21_1> from Peer_20:peer
Peer_22:peer INFO 5038.160434057605: Received message <GossipMessage:21_1> from Peer_20:peer
Peer_22:peer INFO 5074.697340481726: Received message <Pong:> from Peer_26:bootstrap
Peer_22:peer INFO 5074.891037214722: Received message <GossipMessage:20_1> from Peer_23:peer
Peer_22:peer INFO 5109.1182779015635: Received message <GossipMessage:21_1> from Peer_24:peer
Peer_22:peer INFO 5109.1182779015635: Sending message <GossipMessage:21_1> to Peer_6:peer
Peer_22:peer INFO 5109.1182779015635: Sending message <GossipMessage:21_1> to Peer_2:peer
Peer_22:peer INFO 5109.1182779015635: Sending message <GossipMessage:21_1> to Peer_23:peer
Peer_22:peer INFO 5143.373256162787: Received message <GossipMessage:21_1> from Peer_23:peer
Peer_22:peer INFO 5143.373256162787: Sending message <GossipMessage:21_1> to Peer_6:peer
Peer_22:peer INFO 5143.373256162787: Sending message <GossipMessage:21_1> to Peer_20:peer
Peer_22:peer INFO 5143.373256162787: Sending message <GossipMessage:21_1> to Peer_24:peer
Peer_22:peer INFO 5143.904248490801: Received message <GossipMessage:21_1> from Peer_20:peer
Peer_22:peer INFO 5143.904248490801: Sending message <GossipMessage:21_1> to Peer_6:peer
Peer_22:peer INFO 5143.904248490801: Sending message <GossipMessage:21_1> to Peer_24:peer
Peer_22:peer INFO 5143.904248490801: Sending message <GossipMessage:21_1> to Peer_23:peer
Peer_22:peer INFO 5167.972297933084: Received message <GossipMessage:21_1> from Peer_2:peer
Peer_22:peer INFO 5168.486113299792: Received message <GossipMessage:21_1> from Peer_2:peer
Peer_22:peer INFO 5192.815754490495: Received message <GossipMessage:21_1> from Peer_20:peer
