Peer_9:peer WARNING 0: Not enough peers, fetching more (0, 4)
Peer_9:peer INFO 65.48503909253552: Connecting to Peer_26:bootstrap
Peer_9:peer INFO 130.92171060327522: Received message <RequestPeers:> from Peer_26:bootstrap
Peer_9:peer INFO 130.92171060327522: Sending message <PeerList> to Peer_26:bootstrap
Peer_9:peer INFO 131.16076532373447: Received message <Hello:> from Peer_26:bootstrap
Peer_9:peer WARNING 500: Not enough peers, fetching more (1, 4)
Peer_9:peer INFO 500: Sending message <RequestPeers:> to Peer_26:bootstrap
Peer_9:peer INFO 631.0456719958017: Received message <PeerList> from Peer_26:bootstrap
Peer_9:peer WARNING 1000: Not enough peers, fetching more (1, 4)
Peer_9:peer INFO 1000: Sending message <RequestPeers:> to Peer_26:bootstrap
Peer_9:peer INFO 1065.436148069565: Connecting to Peer_2:peer
Peer_9:peer INFO 1130.815726388857: Received message <Hello:> from Peer_2:peer
Peer_9:peer INFO 1130.9463126191683: Received message <PeerList> from Peer_26:bootstrap
Peer_9:peer INFO 1131.0220995257032: Received message <RequestPeers:> from Peer_2:peer
Peer_9:peer INFO 1131.0220995257032: Sending message <PeerList> to Peer_2:peer
Peer_9:peer WARNING 1500: Not enough peers, fetching more (2, 4)
Peer_9:peer INFO 1500: Sending message <RequestPeers:> to Peer_26:bootstrap
Peer_9:peer INFO 1500: Sending message <RequestPeers:> to Peer_2:peer
Peer_9:peer INFO 1500.2377971443539: Connecting to Peer_23:peer
Peer_9:peer INFO 1500.4991069547095: Received message <Hello:> from Peer_23:peer
Peer_9:peer INFO 1500.5224382244648: Received message <RequestPeers:> from Peer_23:peer
Peer_9:peer INFO 1500.5224382244648: Sending message <PeerList> to Peer_23:peer
Peer_9:peer INFO 1630.9070796959827: Received message <PeerList> from Peer_2:peer
Peer_9:peer INFO 1631.226512628226: Received message <PeerList> from Peer_26:bootstrap
Peer_9:peer INFO 1714.9467789772548: Received message <GossipMessage:4_1> from Peer_23:peer
Peer_9:peer INFO 1715.1959599998536: Received message <GossipMessage:4_1> from Peer_23:peer
Peer_9:peer INFO 1738.7858650031267: Received message <GossipMessage:4_1> from Peer_2:peer
Peer_9:peer INFO 1940.1765152610856: Received message <GossipMessage:5_1> from Peer_2:peer
Peer_9:peer WARNING 2000: Not enough peers, fetching more (3, 4)
Peer_9:peer INFO 2000: Sending message <RequestPeers:> to Peer_23:peer
Peer_9:peer INFO 2000: Sending message <RequestPeers:> to Peer_2:peer
Peer_9:peer INFO 2000: Sending message <RequestPeers:> to Peer_26:bootstrap
Peer_9:peer INFO 2000.5124948437583: Received message <PeerList> from Peer_23:peer
Peer_9:peer INFO 2115.410539535474: Received message <GossipMessage:6_1> from Peer_23:peer
Peer_9:peer INFO 2130.9459137949666: Received message <PeerList> from Peer_26:bootstrap
Peer_9:peer INFO 2131.0507703561325: Received message <PeerList> from Peer_2:peer
Peer_9:peer INFO 2138.2423659874203: Received message <GossipMessage:6_1> from Peer_2:peer
Peer_9:peer INFO 2315.8266751010983: Received message <GossipMessage:7_1> from Peer_23:peer
Peer_9:peer INFO 2339.0395731076474: Received message <GossipMessage:7_1> from Peer_2:peer
Peer_9:peer INFO 2396.900708674345: Received message <GossipMessage:7_1> from Peer_2:peer
Peer_9:peer WARNING 2500: Not enough peers, fetching more (3, 4)
Peer_9:peer INFO 2500.281991666722: Connecting to Peer_17:peer
Peer_9:peer INFO 2500.54741787162: Received message <RequestPeers:> from Peer_17:peer
Peer_9:peer INFO 2500.54741787162: Sending message <PeerList> to Peer_17:peer
Peer_9:peer INFO 2500.5607984597304: Received message <Hello:> from Peer_17:peer
Peer_9:peer INFO 2515.4370358337856: Received message <GossipMessage:8_1> from Peer_23:peer
Peer_9:peer INFO 2515.5622796472762: Received message <GossipMessage:8_1> from Peer_17:peer
Peer_9:peer INFO 2516.502947967134: Received message <GossipMessage:8_1> from Peer_17:peer
Peer_9:peer INFO 2539.726636714078: Received message <GossipMessage:8_1> from Peer_2:peer
Peer_9:peer INFO 2597.227518806434: Received message <GossipMessage:8_1> from Peer_2:peer
Peer_9:peer INFO 2621.8097584830107: Received message <GossipMessage:8_1> from Peer_17:peer
Peer_9:peer INFO 2666.324048154602: Received message <GossipMessage:9_1> from Peer_17:peer
Peer_9:peer INFO 2666.324048154602: Sending message <GossipMessage:9_1> to Peer_23:peer
Peer_9:peer INFO 2666.324048154602: Sending message <GossipMessage:9_1> to Peer_2:peer
Peer_9:peer INFO 2714.9156073270374: Received message <GossipMessage:9_1> from Peer_23:peer
Peer_9:peer INFO 2714.9156073270374: Sending message <GossipMessage:9_1> to Peer_2:peer
Peer_9:peer INFO 2714.9156073270374: Sending message <GossipMessage:9_1> to Peer_17:peer
Peer_9:peer INFO 2715.0122927017437: Received message <GossipMessage:9_1> from Peer_17:peer
Peer_9:peer INFO 2715.5287939417217: Received message <GossipMessage:9_1> from Peer_23:peer
Peer_9:peer INFO 2715.831895727558: Received message <GossipMessage:9_1> from Peer_17:peer
Peer_9:peer INFO 2716.392250295439: Received message <GossipMessage:9_1> from Peer_17:peer
Peer_9:peer INFO 2739.604726676961: Received message <GossipMessage:9_1> from Peer_2:peer
Peer_9:peer INFO 2739.604726676961: Sending message <GossipMessage:9_1> to Peer_23:peer
Peer_9:peer INFO 2739.604726676961: Sending message <GossipMessage:9_1> to Peer_17:peer
Peer_9:peer INFO 2739.7160795589034: Received message <GossipMessage:9_1> from Peer_17:peer
Peer_9:peer INFO 2739.9624126495323: Received message <GossipMessage:9_1> from Peer_2:peer
Peer_9:peer INFO 2821.8433044170124: Received message <GossipMessage:9_1> from Peer_17:peer
Peer_9:peer INFO 2914.594998678934: Received message <GossipMessage:10_1> from Peer_23:peer
Peer_9:peer INFO 2914.7194988725623: Received message <GossipMessage:10_1> from Peer_17:peer
Peer_9:peer INFO 2914.7194988725623: Sending message <GossipMessage:10_1> to Peer_2:peer
Peer_9:peer INFO 2914.7194988725623: Sending message <GossipMessage:10_1> to Peer_23:peer
Peer_9:peer INFO 2914.804895665: Received message <GossipMessage:10_1> from Peer_23:peer
Peer_9:peer INFO 2915.0985018664637: Received message <GossipMessage:10_1> from Peer_23:peer
Peer_9:peer INFO 2915.0985018664637: Sending message <GossipMessage:10_1> to Peer_2:peer
Peer_9:peer INFO 2915.0985018664637: Sending message <GossipMessage:10_1> to Peer_17:peer
Peer_9:peer INFO 2938.0266995029797: Received message <GossipMessage:10_1> from Peer_2:peer
Peer_9:peer INFO 2938.395651408959: Received message <GossipMessage:10_1> from Peer_2:peer
Peer_9:peer INFO 3000: Sending message <Ping:> to Peer_26:bootstrap
Peer_9:peer INFO 3021.811938006817: Received message <GossipMessage:10_1> from Peer_17:peer
Peer_9:peer INFO 3065.467058925007: Received message <Ping:> from Peer_26:bootstrap
Peer_9:peer INFO 3065.467058925007: Sending message <Pong:> to Peer_26:bootstrap
Peer_9:peer INFO 3114.8089701569074: Received message <GossipMessage:11_1> from Peer_23:peer
Peer_9:peer INFO 3115.1838185301713: Received message <GossipMessage:11_1> from Peer_23:peer
Peer_9:peer INFO 3115.6878860105644: Received message <GossipMessage:11_1> from Peer_17:peer
Peer_9:peer INFO 3116.468905122285: Received message <GossipMessage:11_1> from Peer_17:peer
Peer_9:peer INFO 3130.873427750412: Received message <Pong:> from Peer_26:bootstrap
Peer_9:peer INFO 3138.8375579580907: Received message <GossipMessage:11_1> from Peer_2:peer
Peer_9:peer INFO 3138.8375579580907: Sending message <GossipMessage:11_1> to Peer_17:peer
Peer_9:peer INFO 3138.8375579580907: Sending message <GossipMessage:11_1> to Peer_23:peer
Peer_9:peer INFO 3138.9270598236235: Received message <GossipMessage:11_1> from Peer_17:peer
Peer_9:peer INFO 3138.9325140866576: Received message <GossipMessage:11_1> from Peer_2:peer
Peer_9:peer INFO 3139.6362608969357: Received message <GossipMessage:11_1> from Peer_2:peer
Peer_9:peer INFO 3196.832053972965: Received message <GossipMessage:11_1> from Peer_2:peer
Peer_9:peer INFO 3221.7678769528593: Received message <GossipMessage:11_1> from Peer_17:peer
Peer_9:peer INFO 3245.3399116375476: Received message <GossipMessage:11_1> from Peer_2:peer
Peer_9:peer INFO 3266.1664072638027: Received message <GossipMessage:12_1> from Peer_17:peer
Peer_9:peer INFO 3266.1664072638027: Sending message <GossipMessage:12_1> to Peer_2:peer
Peer_9:peer INFO 3266.1664072638027: Sending message <GossipMessage:12_1> to Peer_23:peer
Peer_9:peer INFO 3315.278954308117: Received message <GossipMessage:12_1> from Peer_23:peer
Peer_9:peer INFO 3315.278954308117: Sending message <GossipMessage:12_1> to Peer_2:peer
Peer_9:peer INFO 3315.278954308117: Sending message <GossipMessage:12_1> to Peer_17:peer
Peer_9:peer INFO 3338.7621962662643: Received message <GossipMessage:12_1> from Peer_2:peer
Peer_9:peer INFO 3338.7621962662643: Sending message <GossipMessage:12_1> to Peer_17:peer
Peer_9:peer INFO 3338.7621962662643: Sending message <GossipMessage:12_1> to Peer_23:peer
Peer_9:peer INFO 3339.254767352915: Received message <GossipMessage:12_1> from Peer_2:peer
Peer_9:peer INFO 3396.813315607204: Received message <GossipMessage:12_1> from Peer_23:peer
Peer_9:peer INFO 3397.037234868229: Received message <GossipMessage:12_1> from Peer_2:peer
Peer_9:peer INFO 3421.6739373467954: Received message <GossipMessage:12_1> from Peer_17:peer
Peer_9:peer INFO 3445.694637762015: Received message <GossipMessage:12_1> from Peer_2:peer
Peer_9:peer INFO 3466.154439846274: Received message <GossipMessage:13_1> from Peer_17:peer
Peer_9:peer INFO 3466.154439846274: Sending message <GossipMessage:13_1> to Peer_2:peer
Peer_9:peer INFO 3466.154439846274: Sending message <GossipMessage:13_1> to Peer_23:peer
Peer_9:peer INFO 3515.7721982290414: Received message <GossipMessage:13_1> from Peer_17:peer
Peer_9:peer INFO 3516.6159026830546: Received message <GossipMessage:13_1> from Peer_17:peer
Peer_9:peer INFO 3538.1913637056246: Received message <GossipMessage:13_1> from Peer_2:peer
Peer_9:peer INFO 3538.9551691160004: Received message <GossipMessage:13_1> from Peer_2:peer
Peer_9:peer INFO 3538.9551691160004: Sending message <GossipMessage:13_1> to Peer_23:peer
Peer_9:peer INFO 3538.9551691160004: Sending message <GossipMessage:13_1> to Peer_17:peer
Peer_9:peer INFO 3540.5426181413786: Received message <GossipMessage:13_1> from Peer_2:peer
Peer_9:peer INFO 3621.4655721756653: Received message <GossipMessage:13_1> from Peer_17:peer
Peer_9:peer INFO 3646.032657838083: Received message <GossipMessage:13_1> from Peer_2:peer
Peer_9:peer INFO 3715.145018978664: Received message <GossipMessage:14_1> from Peer_17:peer
Peer_9:peer INFO 3715.145018978664: Sending message <GossipMessage:14_1> to Peer_2:peer
Peer_9:peer INFO 3715.145018978664: Sending message <GossipMessage:14_1> to Peer_23:peer
Peer_9:peer INFO 3715.329341823089: Received message <GossipMessage:14_1> from Peer_17:peer
Peer_9:peer INFO 3715.5115143102576: Received message <GossipMessage:14_1> from Peer_23:peer
Peer_9:peer INFO 3715.679011863311: Received message <GossipMessage:14_1> from Peer_23:peer
Peer_9:peer INFO 3716.2923442076203: Received message <GossipMessage:14_1> from Peer_17:peer
Peer_9:peer INFO 3738.9437409371917: Received message <GossipMessage:14_1> from Peer_2:peer
Peer_9:peer INFO 3738.9437409371917: Sending message <GossipMessage:14_1> to Peer_23:peer
Peer_9:peer INFO 3738.9437409371917: Sending message <GossipMessage:14_1> to Peer_17:peer
Peer_9:peer INFO 3740.2587387596404: Received message <GossipMessage:14_1> from Peer_2:peer
Peer_9:peer INFO 3796.572745315753: Received message <GossipMessage:14_1> from Peer_17:peer
Peer_9:peer INFO 3797.013536065808: Received message <GossipMessage:14_1> from Peer_2:peer
Peer_9:peer INFO 3821.732207000435: Received message <GossipMessage:14_1> from Peer_17:peer
Peer_9:peer INFO 3845.9958730758317: Received message <GossipMessage:14_1> from Peer_2:peer
Peer_9:peer INFO 3866.5202295442414: Received message <GossipMessage:15_1> from Peer_17:peer
Peer_9:peer INFO 3866.5202295442414: Sending message <GossipMessage:15_1> to Peer_2:peer
Peer_9:peer INFO 3866.5202295442414: Sending message <GossipMessage:15_1> to Peer_23:peer
Peer_9:peer INFO 3915.2665985285826: Received message <GossipMessage:15_1> from Peer_17:peer
Peer_9:peer INFO 3940.811885211196: Received message <GossipMessage:15_1> from Peer_2:peer
Peer_9:peer INFO 3996.8151065678226: Received message <GossipMessage:15_1> from Peer_23:peer
Peer_9:peer INFO 3997.06180372417: Received message <GossipMessage:15_1> from Peer_17:peer
Peer_9:peer INFO 4000: Sending message <Ping:> to Peer_26:bootstrap
Peer_9:peer INFO 4021.902823295087: Received message <GossipMessage:15_1> from Peer_17:peer
Peer_9:peer INFO 4065.2657730644273: Received message <Ping:> from Peer_26:bootstrap
Peer_9:peer INFO 4065.2657730644273: Sending message <Pong:> to Peer_26:bootstrap
Peer_9:peer INFO 4114.417621086673: Received message <GossipMessage:16_1> from Peer_17:peer
Peer_9:peer INFO 4114.417621086673: Sending message <GossipMessage:16_1> to Peer_2:peer
Peer_9:peer INFO 4114.417621086673: Sending message <GossipMessage:16_1> to Peer_23:peer
Peer_9:peer INFO 4114.6021873273385: Received message <GossipMessage:16_1> from Peer_17:peer
Peer_9:peer INFO 4115.124843921956: Received message <GossipMessage:16_1> from Peer_23:peer
Peer_9:peer INFO 4115.413040427581: Received message <GossipMessage:16_1> from Peer_17:peer
Peer_9:peer INFO 4115.572836449713: Received message <GossipMessage:16_1> from Peer_17:peer
Peer_9:peer INFO 4115.63310888514: Received message <GossipMessage:16_1> from Peer_17:peer
Peer_9:peer INFO 4115.63310888514: Sending message <GossipMessage:16_1> to Peer_23:peer
Peer_9:peer INFO 4115.63310888514: Sending message <GossipMessage:16_1> to Peer_2:peer
Peer_9:peer INFO 4116.322482692511: Received message <GossipMessage:16_1> from Peer_23:peer
Peer_9:peer INFO 4116.322482692511: Sending message <GossipMessage:16_1> to Peer_17:peer
Peer_9:peer INFO 4116.322482692511: Sending message <GossipMessage:16_1> to Peer_2:peer
Peer_9:peer INFO 4131.247987336214: Received message <Pong:> from Peer_26:bootstrap
Peer_9:peer INFO 4140.399562966151: Received message <GossipMessage:16_1> from Peer_2:peer
Peer_9:peer INFO 4141.36957072208: Received message <GossipMessage:16_1> from Peer_2:peer
Peer_9:peer INFO 4141.36957072208: Sending message <GossipMessage:16_1> to Peer_17:peer
Peer_9:peer INFO 4141.36957072208: Sending message <GossipMessage:16_1> to Peer_23:peer
Peer_9:peer INFO 4197.430122651978: Received message <GossipMessage:16_1> from Peer_2:peer
Peer_9:peer INFO 4266.10411825041: Received message <GossipMessage:17_1> from Peer_17:peer
Peer_9:peer INFO 4266.10411825041: Sending message <GossipMessage:17_1> to Peer_23:peer
Peer_9:peer INFO 4266.10411825041: Sending message <GossipMessage:17_1> to Peer_2:peer
Peer_9:peer INFO 4314.089372950573: Received message <GossipMessage:17_1> from Peer_23:peer
Peer_9:peer INFO 4314.089372950573: Sending message <GossipMessage:17_1> to Peer_2:peer
Peer_9:peer INFO 4314.089372950573: Sending message <GossipMessage:17_1> to Peer_17:peer
Peer_9:peer INFO 4315.459684228912: Received message <GossipMessage:17_1> from Peer_17:peer
Peer_9:peer INFO 4315.459684228912: Sending message <GossipMessage:17_1> to Peer_2:peer
Peer_9:peer INFO 4315.459684228912: Sending message <GossipMessage:17_1> to Peer_23:peer
Peer_9:peer INFO 4316.08553247169: Received message <GossipMessage:17_1> from Peer_17:peer
Peer_9:peer INFO 4338.079183371046: Received message <GossipMessage:17_1> from Peer_2:peer
Peer_9:peer INFO 4338.079183371046: Sending message <GossipMessage:17_1> to Peer_17:peer
Peer_9:peer INFO 4338.079183371046: Sending message <GossipMessage:17_1> to Peer_23:peer
Peer_9:peer INFO 4338.283823287421: Received message <GossipMessage:17_1> from Peer_17:peer
Peer_9:peer INFO 4338.564816108297: Received message <GossipMessage:17_1> from Peer_2:peer
Peer_9:peer INFO 4396.857829411607: Received message <GossipMessage:17_1> from Peer_2:peer
Peer_9:peer INFO 4422.11374372011: Received message <GossipMessage:17_1> from Peer_17:peer
Peer_9:peer INFO 4445.845594541929: Received message <GossipMessage:17_1> from Peer_2:peer
Peer_9:peer INFO 4465.814067654621: Received message <GossipMessage:18_1> from Peer_23:peer
Peer_9:peer INFO 4465.814067654621: Sending message <GossipMessage:18_1> to Peer_2:peer
Peer_9:peer INFO 4465.814067654621: Sending message <GossipMessage:18_1> to Peer_17:peer
Peer_9:peer INFO 4515.044047314396: Received message <GossipMessage:18_1> from Peer_23:peer
Peer_9:peer INFO 4515.044047314396: Sending message <GossipMessage:18_1> to Peer_17:peer
Peer_9:peer INFO 4515.044047314396: Sending message <GossipMessage:18_1> to Peer_2:peer
Peer_9:peer INFO 4515.760943398752: Received message <GossipMessage:18_1> from Peer_23:peer
Peer_9:peer INFO 4516.3491818549855: Received message <GossipMessage:18_1> from Peer_17:peer
Peer_9:peer INFO 4537.665680093385: Received message <GossipMessage:18_1> from Peer_2:peer
Peer_9:peer INFO 4537.665680093385: Sending message <GossipMessage:18_1> to Peer_23:peer
Peer_9:peer INFO 4537.665680093385: Sending message <GossipMessage:18_1> to Peer_17:peer
Peer_9:peer INFO 4538.016592789225: Received message <GossipMessage:18_1> from Peer_17:peer
Peer_9:peer INFO 4596.793012181999: Received message <GossipMessage:18_1> from Peer_17:peer
Peer_9:peer INFO 4597.068645104576: Received message <GossipMessage:18_1> from Peer_23:peer
Peer_9:peer INFO 4645.181565068901: Received message <GossipMessage:18_1> from Peer_2:peer
Peer_9:peer INFO 4666.203946919959: Received message <GossipMessage:19_1> from Peer_23:peer
Peer_9:peer INFO 4666.203946919959: Sending message <GossipMessage:19_1> to Peer_2:peer
Peer_9:peer INFO 4666.203946919959: Sending message <GossipMessage:19_1> to Peer_17:peer
Peer_9:peer INFO 4666.262083456285: Received message <GossipMessage:19_1> from Peer_17:peer
Peer_9:peer INFO 4666.262083456285: Sending message <GossipMessage:19_1> to Peer_23:peer
Peer_9:peer INFO 4666.262083456285: Sending message <GossipMessage:19_1> to Peer_2:peer
Peer_9:peer INFO 4666.6534432778835: Received message <GossipMessage:19_1> from Peer_23:peer
Peer_9:peer INFO 4714.431488660085: Received message <GossipMessage:19_1> from Peer_23:peer
Peer_9:peer INFO 4714.431488660085: Sending message <GossipMessage:19_1> to Peer_17:peer
Peer_9:peer INFO 4714.431488660085: Sending message <GossipMessage:19_1> to Peer_2:peer
Peer_9:peer INFO 4715.612771360662: Received message <GossipMessage:19_1> from Peer_17:peer
Peer_9:peer INFO 4715.612771360662: Sending message <GossipMessage:19_1> to Peer_2:peer
Peer_9:peer INFO 4715.612771360662: Sending message <GossipMessage:19_1> to Peer_23:peer
Peer_9:peer INFO 4738.512207265002: Received message <GossipMessage:19_1> from Peer_2:peer
Peer_9:peer INFO 4738.512207265002: Sending message <GossipMessage:19_1> to Peer_23:peer
Peer_9:peer INFO 4738.512207265002: Sending message <GossipMessage:19_1> to Peer_17:peer
Peer_9:peer INFO 4738.936023422919: Received message <GossipMessage:19_1> from Peer_17:peer
Peer_9:peer INFO 4797.258252787389: Received message <GossipMessage:19_1> from Peer_2:peer
Peer_9:peer INFO 4846.128350695868: Received message <GossipMessage:19_1> from Peer_2:peer
Peer_9:peer INFO 4846.235917570834: Received message <GossipMessage:19_1> from Peer_2:peer
Peer_9:peer INFO 4865.669246380249: Received message <GossipMessage:20_1> from Peer_23:peer
Peer_9:peer INFO 4865.669246380249: Sending message <GossipMessage:20_1> to Peer_17:peer
Peer_9:peer INFO 4865.669246380249: Sending message <GossipMessage:20_1> to Peer_2:peer
Peer_9:peer INFO 4866.347147322216: Received message <GossipMessage:20_1> from Peer_23:peer
Peer_9:peer INFO 4866.347147322216: Sending message <GossipMessage:20_1> to Peer_17:peer
Peer_9:peer INFO 4866.347147322216: Sending message <GossipMessage:20_1> to Peer_2:peer
Peer_9:peer INFO 4866.496476345665: Received message <GossipMessage:20_1> from Peer_23:peer
Peer_9:peer INFO 4914.320025158121: Received message <GossipMessage:20_1> from Peer_17:peer
Peer_9:peer INFO 4914.320025158121: Sending message <GossipMessage:20_1> to Peer_2:peer
Peer_9:peer INFO 4914.320025158121: Sending message <GossipMessage:20_1> to Peer_23:peer
Peer_9:peer INFO 4914.596509657782: Received message <GossipMessage:20_1> from Peer_23:peer
Peer_9:peer INFO 4914.596509657782: Sending message <GossipMessage:20_1> to Peer_2:peer
Peer_9:peer INFO 4914.596509657782: Sending message <GossipMessage:20_1> to Peer_17:peer
Peer_9:peer INFO 4916.00957797921: Received message <GossipMessage:20_1> from Peer_17:peer
Peer_9:peer INFO 4916.00957797921: Sending message <GossipMessage:20_1> to Peer_2:peer
Peer_9:peer INFO 4916.00957797921: Sending message <GossipMessage:20_1> to Peer_23:peer
Peer_9:peer INFO 4916.258594998557: Received message <GossipMessage:20_1> from Peer_23:peer
Peer_9:peer INFO 4938.166984515715: Received message <GossipMessage:20_1> from Peer_2:peer
Peer_9:peer INFO 4938.166984515715: Sending message <GossipMessage:20_1> to Peer_17:peer
Peer_9:peer INFO 4938.166984515715: Sending message <GossipMessage:20_1> to Peer_23:peer
Peer_9:peer INFO 4938.230424933523: Received message <GossipMessage:20_1> from Peer_17:peer
Peer_9:peer INFO 4938.550739101761: Received message <GossipMessage:20_1> from Peer_17:peer
Peer_9:peer INFO 4938.717130243025: Received message <GossipMessage:20_1> from Peer_2:peer
Peer_9:peer INFO 4940.339218235675: Received message <GossipMessage:20_1> from Peer_2:peer
Peer_9:peer INFO 4997.106098449037: Received message <GossipMessage:20_1> from Peer_23:peer
Peer_9:peer INFO 5000: Sending message <Ping:> to Peer_26:bootstrap
Peer_9:peer INFO 5045.228299571017: Received message <GossipMessage:20_1> from Peer_2:peer
Peer_9:peer INFO 5046.677350055526: Received message <GossipMessage:20_1> from Peer_2:peer
Peer_9:peer INFO 5065.367343578928: Received message <Ping:> from Peer_26:bootstrap
Peer_9:peer INFO 5065.367343578928: Sending message <Pong:> to Peer_26:bootstrap
Peer_9:peer INFO 5065.611340541886: Received message <GossipMessage:21_1> from Peer_23:peer
Peer_9:peer INFO 5065.611340541886: Sending message <GossipMessage:21_1> to Peer_2:peer
Peer_9:peer INFO 5065.611340541886: Sending message <GossipMessage:21_1> to Peer_17:peer
Peer_9:peer INFO 5114.869996498489: Received message <GossipMessage:21_1> from Peer_23:peer
Peer_9:peer INFO 5114.869996498489: Sending message <GossipMessage:21_1> to Peer_2:peer
Peer_9:peer INFO 5114.869996498489: Sending message <GossipMessage:21_1> to Peer_17:peer
Peer_9:peer INFO 5115.893767418031: Received message <GossipMessage:21_1> from Peer_17:peer
Peer_9:peer INFO 5130.93410280143: Received message <Pong:> from Peer_26:bootstrap
Peer_9:peer INFO 5139.105648290361: Received message <GossipMessage:21_1> from Peer_2:peer
Peer_9:peer INFO 5139.105648290361: Sending message <GossipMessage:21_1> to Peer_23:peer
Peer_9:peer INFO 5139.105648290361: Sending message <GossipMessage:21_1> to Peer_17:peer
Peer_9:peer INFO 5140.131202148585: Received message <GossipMessage:21_1> from Peer_2:peer
Peer_9:peer INFO 5140.5230009312645: Received message <GossipMessage:21_1> from Peer_17:peer
Peer_9:peer INFO 5196.808642568503: Received message <GossipMessage:21_1> from Peer_2:peer
