Peer_6:peer WARNING 0: Not enough peers, fetching more (0, 4)
Peer_6:peer INFO 37.23411788872957: Connecting to Peer_26:bootstrap
Peer_6:peer INFO 74.2749663712749: Received message <Hello:> from Peer_26:bootstrap
Peer_6:peer INFO 74.51790347823528: Received message <RequestPeers:> from Peer_26:bootstrap
Peer_6:peer INFO 74.51790347823528: Sending message <PeerList> to Peer_26:bootstrap
Peer_6:peer WARNING 500: Not enough peers, fetching more (1, 4)
Peer_6:peer INFO 500: Sending message <RequestPeers:> to Peer_26:bootstrap
Peer_6:peer INFO 573.5198968870574: Received message <PeerList> from Peer_26:bootstrap
Peer_6:peer WARNING 1000: Not enough peers, fetching more (1, 4)
Peer_6:peer INFO 1000: Sending message <RequestPeers:> to Peer_26:bootstrap
Peer_6:peer INFO 1035.6965077594425: Connecting to Peer_1:client
Peer_6:peer INFO 1036.8033995971325: Received message <Hello:> from Peer_24:peer
Peer_6:peer INFO 1036.8033995971325: Connecting to Peer_24:peer
Peer_6:peer INFO 1036.8033995971325: Sending message <Hello:> to Peer_24:peer
Peer_6:peer INFO 1036.8033995971325: Sending message <RequestPeers:> to Peer_24:peer
Peer_6:peer INFO 1072.3707503420117: Received message <Hello:> from Peer_1:client
Peer_6:peer INFO 1073.2667154787837: Received message <RequestPeers:> from Peer_1:client
Peer_6:peer INFO 1073.2667154787837: Sending message <PeerList> to Peer_1:client
Peer_6:peer INFO 1074.9359640868913: Received message <PeerList> from Peer_26:bootstrap
Peer_6:peer INFO 1109.7775722399542: Received message <PeerList> from Peer_24:peer
Peer_6:peer INFO 1236.7795064069237: Received message <GossipMessage:2_1> from Peer_1:client
Peer_6:peer INFO 1236.7795064069237: Sending message <GossipMessage:2_1> to Peer_24:peer
Peer_6:peer INFO 1436.7592835447679: Received message <GossipMessage:3_1> from Peer_1:client
Peer_6:peer INFO 1436.7592835447679: Sending message <GossipMessage:3_1> to Peer_24:peer
Peer_6:peer WARNING 1500: Not enough peers, fetching more (3, 4)
Peer_6:peer INFO 1500.2055917758225: Received message <Hello:> from Peer_22:peer
Peer_6:peer INFO 1500.2055917758225: Connecting to Peer_22:peer
Peer_6:peer INFO 1500.2055917758225: Sending message <Hello:> to Peer_22:peer
Peer_6:peer INFO 1500.2055917758225: Sending message <RequestPeers:> to Peer_22:peer
Peer_6:peer INFO 1500.2532434721973: Connecting to Peer_15:peer
Peer_6:peer INFO 1500.502511945858: Received message <RequestPeers:> from Peer_15:peer
Peer_6:peer INFO 1500.502511945858: Sending message <PeerList> to Peer_15:peer
Peer_6:peer INFO 1500.511962131586: Received message <Hello:> from Peer_15:peer
Peer_6:peer INFO 1500.7806859099362: Received message <PeerList> from Peer_22:peer
Peer_6:peer INFO 1508.9212231292652: Received message <GossipMessage:3_1> from Peer_22:peer
Peer_6:peer INFO 1511.1824902023807: Received message <GossipMessage:3_1> from Peer_15:peer
Peer_6:peer INFO 1535.9506621325688: Received message <RequestPeers:> from Peer_1:client
Peer_6:peer INFO 1535.9506621325688: Sending message <PeerList> to Peer_1:client
Peer_6:peer INFO 1618.3484237107905: Received message <GossipMessage:3_1> from Peer_24:peer
Peer_6:peer INFO 1636.5500811800237: Received message <GossipMessage:4_1> from Peer_1:client
Peer_6:peer INFO 1636.5500811800237: Sending message <GossipMessage:4_1> to Peer_22:peer
Peer_6:peer INFO 1636.5500811800237: Sending message <GossipMessage:4_1> to Peer_24:peer
Peer_6:peer INFO 1636.5500811800237: Sending message <GossipMessage:4_1> to Peer_15:peer
Peer_6:peer INFO 1637.3716776718463: Received message <GossipMessage:4_1> from Peer_15:peer
Peer_6:peer INFO 1637.3716776718463: Sending message <GossipMessage:4_1> to Peer_24:peer
Peer_6:peer INFO 1637.3716776718463: Sending message <GossipMessage:4_1> to Peer_22:peer
Peer_6:peer INFO 1709.0370940772898: Received message <GossipMessage:4_1> from Peer_24:peer
Peer_6:peer INFO 1710.5128178850746: Received message <GossipMessage:4_1> from Peer_24:peer
Peer_6:peer INFO 1711.793617826531: Received message <GossipMessage:4_1> from Peer_15:peer
Peer_6:peer INFO 1712.3389240487777: Received message <GossipMessage:4_1> from Peer_24:peer
Peer_6:peer INFO 1712.3389240487777: Sending message <GossipMessage:4_1> to Peer_15:peer
Peer_6:peer INFO 1712.3389240487777: Sending message <GossipMessage:4_1> to Peer_22:peer
Peer_6:peer INFO 1744.0409861845203: Received message <GossipMessage:4_1> from Peer_22:peer
Peer_6:peer INFO 1837.0682069273028: Received message <GossipMessage:5_1> from Peer_15:peer
Peer_6:peer INFO 1837.0682069273028: Sending message <GossipMessage:5_1> to Peer_22:peer
Peer_6:peer INFO 1837.0682069273028: Sending message <GossipMessage:5_1> to Peer_24:peer
Peer_6:peer INFO 1837.2932401799544: Received message <GossipMessage:5_1> from Peer_1:client
Peer_6:peer INFO 1837.2932401799544: Sending message <GossipMessage:5_1> to Peer_22:peer
Peer_6:peer INFO 1837.2932401799544: Sending message <GossipMessage:5_1> to Peer_15:peer
Peer_6:peer INFO 1837.2932401799544: Sending message <GossipMessage:5_1> to Peer_24:peer
Peer_6:peer INFO 1910.9458109777852: Received message <GossipMessage:5_1> from Peer_22:peer
Peer_6:peer INFO 1911.0533242845681: Received message <GossipMessage:5_1> from Peer_24:peer
Peer_6:peer INFO 1911.0797156649758: Received message <GossipMessage:5_1> from Peer_15:peer
Peer_6:peer INFO 1911.3091198464056: Received message <GossipMessage:5_1> from Peer_15:peer
Peer_6:peer INFO 1911.9179392693418: Received message <GossipMessage:5_1> from Peer_24:peer
Peer_6:peer INFO 1911.9179392693418: Sending message <GossipMessage:5_1> to Peer_15:peer
Peer_6:peer INFO 1911.9179392693418: Sending message <GossipMessage:5_1> to Peer_22:peer
Peer_6:peer INFO 1944.017416805354: Received message <GossipMessage:5_1> from Peer_22:peer
Peer_6:peer INFO 2000: Sending message <Ping:> to Peer_26:bootstrap
Peer_6:peer INFO 2017.3181209325403: Received message <GossipMessage:5_1> from Peer_24:peer
Peer_6:peer INFO 2036.607223760646: Received message <RequestPeers:> from Peer_1:client
Peer_6:peer INFO 2036.607223760646: Sending message <PeerList> to Peer_1:client
Peer_6:peer INFO 2036.9369642807264: Received message <GossipMessage:6_1> from Peer_1:client
Peer_6:peer INFO 2036.9369642807264: Sending message <GossipMessage:6_1> to Peer_22:peer
Peer_6:peer INFO 2036.9369642807264: Sending message <GossipMessage:6_1> to Peer_15:peer
Peer_6:peer INFO 2036.9369642807264: Sending message <GossipMessage:6_1> to Peer_24:peer
Peer_6:peer INFO 2037.4013353563084: Received message <Ping:> from Peer_26:bootstrap
Peer_6:peer INFO 2037.4013353563084: Sending message <Pong:> to Peer_26:bootstrap
Peer_6:peer INFO 2073.4223681892063: Received message <Pong:> from Peer_26:bootstrap
Peer_6:peer INFO 2109.9536715411573: Received message <GossipMessage:6_1> from Peer_22:peer
Peer_6:peer INFO 2144.2923356531896: Received message <GossipMessage:6_1> from Peer_22:peer
Peer_6:peer INFO 2217.162708273562: Received message <GossipMessage:6_1> from Peer_24:peer
Peer_6:peer INFO 2237.3295450165892: Received message <GossipMessage:7_1> from Peer_1:client
Peer_6:peer INFO 2237.3295450165892: Sending message <GossipMessage:7_1> to Peer_24:peer
Peer_6:peer INFO 2237.3295450165892: Sending message <GossipMessage:7_1> to Peer_15:peer
Peer_6:peer INFO 2237.3295450165892: Sending message <GossipMessage:7_1> to Peer_22:peer
Peer_6:peer INFO 2238.4012243113666: Received message <GossipMessage:7_1> from Peer_24:peer
Peer_6:peer INFO 2238.4012243113666: Sending message <GossipMessage:7_1> to Peer_22:peer
Peer_6:peer INFO 2238.4012243113666: Sending message <GossipMessage:7_1> to Peer_15:peer
Peer_6:peer INFO 2309.5757116741556: Received message <GossipMessage:7_1> from Peer_24:peer
Peer_6:peer INFO 2309.5757116741556: Sending message <GossipMessage:7_1> to Peer_22:peer
Peer_6:peer INFO 2309.5757116741556: Sending message <GossipMessage:7_1> to Peer_15:peer
Peer_6:peer INFO 2310.288588898795: Received message <GossipMessage:7_1> from Peer_24:peer
Peer_6:peer INFO 2310.288588898795: Sending message <GossipMessage:7_1> to Peer_22:peer
Peer_6:peer INFO 2310.288588898795: Sending message <GossipMessage:7_1> to Peer_15:peer
Peer_6:peer INFO 2310.54864925178: Received message <GossipMessage:7_1> from Peer_15:peer
Peer_6:peer INFO 2311.252365364525: Received message <GossipMessage:7_1> from Peer_15:peer
Peer_6:peer INFO 2312.730087013494: Received message <GossipMessage:7_1> from Peer_24:peer
Peer_6:peer INFO 2314.2054415393327: Received message <GossipMessage:7_1> from Peer_15:peer
Peer_6:peer INFO 2417.43972401918: Received message <GossipMessage:7_1> from Peer_24:peer
Peer_6:peer INFO 2436.902461577287: Received message <GossipMessage:8_1> from Peer_1:client
Peer_6:peer INFO 2436.902461577287: Sending message <GossipMessage:8_1> to Peer_22:peer
Peer_6:peer INFO 2436.902461577287: Sending message <GossipMessage:8_1> to Peer_24:peer
Peer_6:peer INFO 2436.902461577287: Sending message <GossipMessage:8_1> to Peer_15:peer
Peer_6:peer INFO 2437.8461208148387: Received message <GossipMessage:8_1> from Peer_24:peer
Peer_6:peer INFO 2437.8461208148387: Sending message <GossipMessage:8_1> to Peer_22:peer
Peer_6:peer INFO 2437.8461208148387: Sending message <GossipMessage:8_1> to Peer_15:peer
Peer_6:peer INFO 2438.0812968092323: Received message <GossipMessage:8_1> from Peer_15:peer
Peer_6:peer INFO 2509.3010346546243: Received message <GossipMessage:8_1> from Peer_22:peer
Peer_6:peer INFO 2509.7977091608564: Received message <GossipMessage:8_1> from Peer_24:peer
Peer_6:peer INFO 2511.0201314851115: Received message <GossipMessage:8_1> from Peer_15:peer
Peer_6:peer INFO 2511.608926547961: Received message <GossipMessage:8_1> from Peer_15:peer
Peer_6:peer INFO 2511.9693044986147: Received message <GossipMessage:8_1> from Peer_24:peer
Peer_6:peer INFO 2511.9693044986147: Sending message <GossipMessage:8_1> to Peer_15:peer
Peer_6:peer INFO 2511.9693044986147: Sending message <GossipMessage:8_1> to Peer_22:peer
Peer_6:peer INFO 2512.549030464183: Received message <GossipMessage:8_1> from Peer_22:peer
Peer_6:peer INFO 2536.024999944322: Received message <RequestPeers:> from Peer_1:client
Peer_6:peer INFO 2536.024999944322: Sending message <PeerList> to Peer_1:client
Peer_6:peer INFO 2543.9612915826724: Received message <GossipMessage:8_1> from Peer_22:peer
Peer_6:peer INFO 2593.695584712311: Received message <GossipMessage:8_1> from Peer_15:peer
Peer_6:peer INFO 2617.0583758377115: Received message <GossipMessage:8_1> from Peer_24:peer
Peer_6:peer INFO 2636.427153640689: Received message <GossipMessage:9_1> from Peer_24:peer
Peer_6:peer INFO 2636.427153640689: Sending message <GossipMessage:9_1> to Peer_15:peer
Peer_6:peer INFO 2636.427153640689: Sending message <GossipMessage:9_1> to Peer_22:peer
Peer_6:peer INFO 2636.9992123545776: Received message <GossipMessage:9_1> from Peer_22:peer
Peer_6:peer INFO 2636.9992123545776: Sending message <GossipMessage:9_1> to Peer_15:peer
Peer_6:peer INFO 2636.9992123545776: Sending message <GossipMessage:9_1> to Peer_24:peer
Peer_6:peer INFO 2637.077971098907: Received message <GossipMessage:9_1> from Peer_1:client
Peer_6:peer INFO 2637.077971098907: Sending message <GossipMessage:9_1> to Peer_24:peer
Peer_6:peer INFO 2637.077971098907: Sending message <GossipMessage:9_1> to Peer_22:peer
Peer_6:peer INFO 2637.077971098907: Sending message <GossipMessage:9_1> to Peer_15:peer
Peer_6:peer INFO 2638.6455371574834: Received message <GossipMessage:9_1> from Peer_15:peer
Peer_6:peer INFO 2709.1086123449095: Received message <GossipMessage:9_1> from Peer_24:peer
Peer_6:peer INFO 2709.1086123449095: Sending message <GossipMessage:9_1> to Peer_15:peer
Peer_6:peer INFO 2709.1086123449095: Sending message <GossipMessage:9_1> to Peer_22:peer
Peer_6:peer INFO 2710.3628057260826: Received message <GossipMessage:9_1> from Peer_22:peer
Peer_6:peer INFO 2711.552924322059: Received message <GossipMessage:9_1> from Peer_15:peer
Peer_6:peer INFO 2711.7101080994134: Received message <GossipMessage:9_1> from Peer_24:peer
Peer_6:peer INFO 2792.3862417037017: Received message <GossipMessage:9_1> from Peer_15:peer
Peer_6:peer INFO 2818.167698801259: Received message <GossipMessage:9_1> from Peer_24:peer
Peer_6:peer INFO 2836.173414582101: Received message <GossipMessage:10_1> from Peer_1:client
Peer_6:peer INFO 2836.173414582101: Sending message <GossipMessage:10_1> to Peer_22:peer
Peer_6:peer INFO 2836.173414582101: Sending message <GossipMessage:10_1> to Peer_24:peer
Peer_6:peer INFO 2836.173414582101: Sending message <GossipMessage:10_1> to Peer_15:peer
Peer_6:peer INFO 2836.691016744616: Received message <GossipMessage:10_1> from Peer_15:peer
Peer_6:peer INFO 2836.691016744616: Sending message <GossipMessage:10_1> to Peer_22:peer
Peer_6:peer INFO 2836.691016744616: Sending message <GossipMessage:10_1> to Peer_24:peer
Peer_6:peer INFO 2837.1325724937356: Received message <GossipMessage:10_1> from Peer_15:peer
Peer_6:peer INFO 2837.1325724937356: Sending message <GossipMessage:10_1> to Peer_22:peer
Peer_6:peer INFO 2837.1325724937356: Sending message <GossipMessage:10_1> to Peer_24:peer
Peer_6:peer INFO 2837.4798279729453: Received message <GossipMessage:10_1> from Peer_15:peer
Peer_6:peer INFO 2909.32776646162: Received message <GossipMessage:10_1> from Peer_22:peer
Peer_6:peer INFO 2910.001227923833: Received message <GossipMessage:10_1> from Peer_15:peer
Peer_6:peer INFO 2910.5433210637925: Received message <GossipMessage:10_1> from Peer_24:peer
Peer_6:peer INFO 2910.9061275242275: Received message <GossipMessage:10_1> from Peer_22:peer
Peer_6:peer INFO 2911.333757073593: Received message <GossipMessage:10_1> from Peer_15:peer
Peer_6:peer INFO 2911.459691154794: Received message <GossipMessage:10_1> from Peer_24:peer
Peer_6:peer INFO 2911.459691154794: Sending message <GossipMessage:10_1> to Peer_15:peer
Peer_6:peer INFO 2911.459691154794: Sending message <GossipMessage:10_1> to Peer_22:peer
Peer_6:peer INFO 2912.010468987748: Received message <GossipMessage:10_1> from Peer_15:peer
Peer_6:peer INFO 3000: Sending message <Ping:> to Peer_26:bootstrap
Peer_6:peer INFO 3018.9507630490775: Received message <GossipMessage:10_1> from Peer_24:peer
Peer_6:peer INFO 3036.2975122752673: Received message <GossipMessage:11_1> from Peer_1:client
Peer_6:peer INFO 3036.2975122752673: Sending message <GossipMessage:11_1> to Peer_22:peer
Peer_6:peer INFO 3036.2975122752673: Sending message <GossipMessage:11_1> to Peer_24:peer
Peer_6:peer INFO 3036.2975122752673: Sending message <GossipMessage:11_1> to Peer_15:peer
Peer_6:peer INFO 3036.715187793052: Received message <Ping:> from Peer_26:bootstrap
Peer_6:peer INFO 3036.715187793052: Sending message <Pong:> to Peer_26:bootstrap
Peer_6:peer INFO 3036.8555485922716: Received message <GossipMessage:11_1> from Peer_15:peer
Peer_6:peer INFO 3037.5488538574964: Received message <GossipMessage:11_1> from Peer_15:peer
Peer_6:peer INFO 3037.5488538574964: Sending message <GossipMessage:11_1> to Peer_24:peer
Peer_6:peer INFO 3037.5488538574964: Sending message <GossipMessage:11_1> to Peer_22:peer
Peer_6:peer INFO 3037.896186890947: Received message <GossipMessage:11_1> from Peer_15:peer
Peer_6:peer INFO 3037.896186890947: Sending message <GossipMessage:11_1> to Peer_24:peer
Peer_6:peer INFO 3037.896186890947: Sending message <GossipMessage:11_1> to Peer_22:peer
Peer_6:peer INFO 3074.4112177454294: Received message <Pong:> from Peer_26:bootstrap
Peer_6:peer INFO 3109.368187971631: Received message <GossipMessage:11_1> from Peer_24:peer
Peer_6:peer INFO 3109.6497163390272: Received message <GossipMessage:11_1> from Peer_15:peer
Peer_6:peer INFO 3109.95245257685: Received message <GossipMessage:11_1> from Peer_24:peer
Peer_6:peer INFO 3109.95245257685: Sending message <GossipMessage:11_1> to Peer_22:peer
Peer_6:peer INFO 3109.95245257685: Sending message <GossipMessage:11_1> to Peer_15:peer
Peer_6:peer INFO 3193.1189721209444: Received message <GossipMessage:11_1> from Peer_15:peer
Peer_6:peer INFO 3218.443630860019: Received message <GossipMessage:11_1> from Peer_24:peer
Peer_6:peer INFO 3236.949887114184: Received message <GossipMessage:12_1> from Peer_1:client
Peer_6:peer INFO 3236.949887114184: Sending message <GossipMessage:12_1> to Peer_15:peer
Peer_6:peer INFO 3236.949887114184: Sending message <GossipMessage:12_1> to Peer_24:peer
Peer_6:peer INFO 3236.949887114184: Sending message <GossipMessage:12_1> to Peer_22:peer
Peer_6:peer INFO 3237.182222088092: Received message <GossipMessage:12_1> from Peer_22:peer
Peer_6:peer INFO 3237.182222088092: Sending message <GossipMessage:12_1> to Peer_15:peer
Peer_6:peer INFO 3237.182222088092: Sending message <GossipMessage:12_1> to Peer_24:peer
Peer_6:peer INFO 3237.224778278524: Received message <GossipMessage:12_1> from Peer_15:peer
Peer_6:peer INFO 3237.224778278524: Sending message <GossipMessage:12_1> to Peer_24:peer
Peer_6:peer INFO 3237.224778278524: Sending message <GossipMessage:12_1> to Peer_22:peer
Peer_6:peer INFO 3237.2302690481874: Received message <GossipMessage:12_1> from Peer_15:peer
Peer_6:peer INFO 3237.2302690481874: Sending message <GossipMessage:12_1> to Peer_22:peer
Peer_6:peer INFO 3237.2302690481874: Sending message <GossipMessage:12_1> to Peer_24:peer
Peer_6:peer INFO 3237.5260358599985: Received message <GossipMessage:12_1> from Peer_24:peer
Peer_6:peer INFO 3237.5260358599985: Sending message <GossipMessage:12_1> to Peer_15:peer
Peer_6:peer INFO 3237.5260358599985: Sending message <GossipMessage:12_1> to Peer_22:peer
Peer_6:peer INFO 3237.7842355078346: Received message <GossipMessage:12_1> from Peer_15:peer
Peer_6:peer INFO 3308.6923360516494: Received message <GossipMessage:12_1> from Peer_24:peer
Peer_6:peer INFO 3308.6923360516494: Sending message <GossipMessage:12_1> to Peer_15:peer
Peer_6:peer INFO 3308.6923360516494: Sending message <GossipMessage:12_1> to Peer_22:peer
Peer_6:peer INFO 3308.833154968075: Received message <GossipMessage:12_1> from Peer_22:peer
Peer_6:peer INFO 3310.3565630566945: Received message <GossipMessage:12_1> from Peer_24:peer
Peer_6:peer INFO 3310.3565630566945: Sending message <GossipMessage:12_1> to Peer_22:peer
Peer_6:peer INFO 3310.3565630566945: Sending message <GossipMessage:12_1> to Peer_15:peer
Peer_6:peer INFO 3310.519382277604: Received message <GossipMessage:12_1> from Peer_15:peer
Peer_6:peer INFO 3310.6233855963173: Received message <GossipMessage:12_1> from Peer_22:peer
Peer_6:peer INFO 3310.722731805898: Received message <GossipMessage:12_1> from Peer_22:peer
Peer_6:peer INFO 3311.113896148853: Received message <GossipMessage:12_1> from Peer_24:peer
Peer_6:peer INFO 3311.4620293994553: Received message <GossipMessage:12_1> from Peer_24:peer
Peer_6:peer INFO 3311.4620293994553: Sending message <GossipMessage:12_1> to Peer_22:peer
Peer_6:peer INFO 3311.4620293994553: Sending message <GossipMessage:12_1> to Peer_15:peer
Peer_6:peer INFO 3311.5079629884835: Received message <GossipMessage:12_1> from Peer_15:peer
Peer_6:peer INFO 3312.115669052981: Received message <GossipMessage:12_1> from Peer_24:peer
Peer_6:peer INFO 3393.296039820866: Received message <GossipMessage:12_1> from Peer_15:peer
Peer_6:peer INFO 3416.490568068978: Received message <GossipMessage:12_1> from Peer_24:peer
Peer_6:peer INFO 3436.469067471223: Received message <GossipMessage:13_1> from Peer_22:peer
Peer_6:peer INFO 3436.469067471223: Sending message <GossipMessage:13_1> to Peer_24:peer
Peer_6:peer INFO 3436.469067471223: Sending message <GossipMessage:13_1> to Peer_15:peer
Peer_6:peer INFO 3437.446980868307: Received message <GossipMessage:13_1> from Peer_24:peer
Peer_6:peer INFO 3437.446980868307: Sending message <GossipMessage:13_1> to Peer_15:peer
Peer_6:peer INFO 3437.446980868307: Sending message <GossipMessage:13_1> to Peer_22:peer
Peer_6:peer INFO 3438.1114979141576: Received message <GossipMessage:13_1> from Peer_1:client
Peer_6:peer INFO 3438.1114979141576: Sending message <GossipMessage:13_1> to Peer_15:peer
Peer_6:peer INFO 3438.1114979141576: Sending message <GossipMessage:13_1> to Peer_24:peer
Peer_6:peer INFO 3438.1114979141576: Sending message <GossipMessage:13_1> to Peer_22:peer
Peer_6:peer INFO 3438.243800419198: Received message <GossipMessage:13_1> from Peer_15:peer
Peer_6:peer INFO 3438.243800419198: Sending message <GossipMessage:13_1> to Peer_24:peer
Peer_6:peer INFO 3438.243800419198: Sending message <GossipMessage:13_1> to Peer_22:peer
Peer_6:peer INFO 3438.6988125461744: Received message <GossipMessage:13_1> from Peer_15:peer
Peer_6:peer INFO 3438.6988125461744: Sending message <GossipMessage:13_1> to Peer_24:peer
Peer_6:peer INFO 3438.6988125461744: Sending message <GossipMessage:13_1> to Peer_22:peer
Peer_6:peer INFO 3510.615813646722: Received message <GossipMessage:13_1> from Peer_15:peer
Peer_6:peer INFO 3510.6432235307543: Received message <GossipMessage:13_1> from Peer_24:peer
Peer_6:peer INFO 3510.6432235307543: Sending message <GossipMessage:13_1> to Peer_22:peer
Peer_6:peer INFO 3510.6432235307543: Sending message <GossipMessage:13_1> to Peer_15:peer
Peer_6:peer INFO 3511.547020961573: Received message <GossipMessage:13_1> from Peer_22:peer
Peer_6:peer INFO 3511.601349276267: Received message <GossipMessage:13_1> from Peer_15:peer
Peer_6:peer INFO 3511.6897680504185: Received message <GossipMessage:13_1> from Peer_24:peer
Peer_6:peer INFO 3512.5760611055175: Received message <GossipMessage:13_1> from Peer_22:peer
Peer_6:peer INFO 3513.1801980240716: Received message <GossipMessage:13_1> from Peer_24:peer
Peer_6:peer INFO 3535.572879497306: Received message <Ping:> from Peer_1:client
Peer_6:peer INFO 3535.572879497306: Sending message <Pong:> to Peer_1:client
Peer_6:peer INFO 3543.6823691611535: Received message <GossipMessage:13_1> from Peer_22:peer
Peer_6:peer INFO 3543.929123682684: Received message <GossipMessage:13_1> from Peer_15:peer
Peer_6:peer INFO 3592.7760439100534: Received message <GossipMessage:13_1> from Peer_15:peer
Peer_6:peer INFO 3617.863114231449: Received message <GossipMessage:13_1> from Peer_24:peer
Peer_6:peer INFO 3636.744063141518: Received message <GossipMessage:14_1> from Peer_24:peer
Peer_6:peer INFO 3636.744063141518: Sending message <GossipMessage:14_1> to Peer_15:peer
Peer_6:peer INFO 3636.744063141518: Sending message <GossipMessage:14_1> to Peer_22:peer
Peer_6:peer INFO 3637.028254600757: Received message <GossipMessage:14_1> from Peer_22:peer
Peer_6:peer INFO 3637.028254600757: Sending message <GossipMessage:14_1> to Peer_15:peer
Peer_6:peer INFO 3637.028254600757: Sending message <GossipMessage:14_1> to Peer_24:peer
Peer_6:peer INFO 3637.177426147134: Received message <GossipMessage:14_1> from Peer_1:client
Peer_6:peer INFO 3637.177426147134: Sending message <GossipMessage:14_1> to Peer_22:peer
Peer_6:peer INFO 3637.177426147134: Sending message <GossipMessage:14_1> to Peer_24:peer
Peer_6:peer INFO 3637.177426147134: Sending message <GossipMessage:14_1> to Peer_15:peer
Peer_6:peer INFO 3637.2186679241677: Received message <GossipMessage:14_1> from Peer_15:peer
Peer_6:peer INFO 3637.2186679241677: Sending message <GossipMessage:14_1> to Peer_24:peer
Peer_6:peer INFO 3637.2186679241677: Sending message <GossipMessage:14_1> to Peer_22:peer
Peer_6:peer INFO 3637.513382506209: Received message <GossipMessage:14_1> from Peer_15:peer
Peer_6:peer INFO 3710.144074383698: Received message <GossipMessage:14_1> from Peer_15:peer
Peer_6:peer INFO 3710.4469554900866: Received message <GossipMessage:14_1> from Peer_22:peer
Peer_6:peer INFO 3710.9195571316554: Received message <GossipMessage:14_1> from Peer_22:peer
Peer_6:peer INFO 3710.9304269014133: Received message <GossipMessage:14_1> from Peer_15:peer
Peer_6:peer INFO 3711.401610081628: Received message <GossipMessage:14_1> from Peer_24:peer
Peer_6:peer INFO 3711.401610081628: Sending message <GossipMessage:14_1> to Peer_22:peer
Peer_6:peer INFO 3711.401610081628: Sending message <GossipMessage:14_1> to Peer_15:peer
Peer_6:peer INFO 3711.4832653174985: Received message <GossipMessage:14_1> from Peer_24:peer
Peer_6:peer INFO 3711.4832653174985: Sending message <GossipMessage:14_1> to Peer_15:peer
Peer_6:peer INFO 3711.4832653174985: Sending message <GossipMessage:14_1> to Peer_22:peer
Peer_6:peer INFO 3712.2074463078447: Received message <GossipMessage:14_1> from Peer_24:peer
Peer_6:peer INFO 3743.917156820738: Received message <GossipMessage:14_1> from Peer_22:peer
Peer_6:peer INFO 3743.958718889042: Received message <GossipMessage:14_1> from Peer_15:peer
Peer_6:peer INFO 3793.501391286598: Received message <GossipMessage:14_1> from Peer_15:peer
Peer_6:peer INFO 3817.7918486570707: Received message <GossipMessage:14_1> from Peer_24:peer
Peer_6:peer INFO 3818.3076765692153: Received message <GossipMessage:14_1> from Peer_24:peer
Peer_6:peer INFO 3836.1702958135415: Received message <GossipMessage:15_1> from Peer_22:peer
Peer_6:peer INFO 3836.1702958135415: Sending message <GossipMessage:15_1> to Peer_15:peer
Peer_6:peer INFO 3836.1702958135415: Sending message <GossipMessage:15_1> to Peer_24:peer
Peer_6:peer INFO 3836.842188620611: Received message <GossipMessage:15_1> from Peer_24:peer
Peer_6:peer INFO 3836.842188620611: Sending message <GossipMessage:15_1> to Peer_22:peer
Peer_6:peer INFO 3836.842188620611: Sending message <GossipMessage:15_1> to Peer_15:peer
Peer_6:peer INFO 3837.1084934134774: Received message <GossipMessage:15_1> from Peer_15:peer
Peer_6:peer INFO 3837.1084934134774: Sending message <GossipMessage:15_1> to Peer_22:peer
Peer_6:peer INFO 3837.1084934134774: Sending message <GossipMessage:15_1> to Peer_24:peer
Peer_6:peer INFO 3837.6214180385186: Received message <GossipMessage:15_1> from Peer_1:client
Peer_6:peer INFO 3837.6214180385186: Sending message <GossipMessage:15_1> to Peer_15:peer
Peer_6:peer INFO 3837.6214180385186: Sending message <GossipMessage:15_1> to Peer_24:peer
Peer_6:peer INFO 3837.6214180385186: Sending message <GossipMessage:15_1> to Peer_22:peer
Peer_6:peer INFO 3909.130276789863: Received message <GossipMessage:15_1> from Peer_24:peer
Peer_6:peer INFO 3909.130276789863: Sending message <GossipMessage:15_1> to Peer_15:peer
Peer_6:peer INFO 3909.130276789863: Sending message <GossipMessage:15_1> to Peer_22:peer
Peer_6:peer INFO 3911.2265246678003: Received message <GossipMessage:15_1> from Peer_24:peer
Peer_6:peer INFO 3911.2265246678003: Sending message <GossipMessage:15_1> to Peer_22:peer
Peer_6:peer INFO 3911.2265246678003: Sending message <GossipMessage:15_1> to Peer_15:peer
Peer_6:peer INFO 3911.236382569523: Received message <GossipMessage:15_1> from Peer_24:peer
Peer_6:peer INFO 3911.298152271782: Received message <GossipMessage:15_1> from Peer_15:peer
Peer_6:peer INFO 3912.167000273308: Received message <GossipMessage:15_1> from Peer_15:peer
Peer_6:peer INFO 3943.8775098037336: Received message <GossipMessage:15_1> from Peer_15:peer
Peer_6:peer INFO 3943.8775098037336: Sending message <GossipMessage:15_1> to Peer_24:peer
Peer_6:peer INFO 3943.8775098037336: Sending message <GossipMessage:15_1> to Peer_22:peer
Peer_6:peer INFO 3944.0347976957005: Received message <GossipMessage:15_1> from Peer_22:peer
Peer_6:peer INFO 3944.0745505972504: Received message <GossipMessage:15_1> from Peer_15:peer
Peer_6:peer INFO 4000: Sending message <Ping:> to Peer_26:bootstrap
Peer_6:peer INFO 4017.696364930532: Received message <GossipMessage:15_1> from Peer_24:peer
Peer_6:peer INFO 4036.075431850745: Received message <Ping:> from Peer_26:bootstrap
Peer_6:peer INFO 4036.075431850745: Sending message <Pong:> to Peer_26:bootstrap
Peer_6:peer INFO 4036.486540977799: Received message <GossipMessage:16_1> from Peer_1:client
Peer_6:peer INFO 4036.486540977799: Sending message <GossipMessage:16_1> to Peer_24:peer
Peer_6:peer INFO 4036.486540977799: Sending message <GossipMessage:16_1> to Peer_15:peer
Peer_6:peer INFO 4036.486540977799: Sending message <GossipMessage:16_1> to Peer_22:peer
Peer_6:peer INFO 4036.773204042278: Received message <GossipMessage:16_1> from Peer_15:peer
Peer_6:peer INFO 4036.773204042278: Sending message <GossipMessage:16_1> to Peer_22:peer
Peer_6:peer INFO 4036.773204042278: Sending message <GossipMessage:16_1> to Peer_24:peer
Peer_6:peer INFO 4037.0826324439313: Received message <GossipMessage:16_1> from Peer_24:peer
Peer_6:peer INFO 4037.0826324439313: Sending message <GossipMessage:16_1> to Peer_15:peer
Peer_6:peer INFO 4037.0826324439313: Sending message <GossipMessage:16_1> to Peer_22:peer
Peer_6:peer INFO 4073.7209090497317: Received message <Pong:> from Peer_26:bootstrap
Peer_6:peer INFO 4109.1454146467295: Received message <GossipMessage:16_1> from Peer_24:peer
Peer_6:peer INFO 4109.1454146467295: Sending message <GossipMessage:16_1> to Peer_15:peer
Peer_6:peer INFO 4109.1454146467295: Sending message <GossipMessage:16_1> to Peer_22:peer
Peer_6:peer INFO 4109.349337280342: Received message <GossipMessage:16_1> from Peer_22:peer
Peer_6:peer INFO 4109.472685790969: Received message <GossipMessage:16_1> from Peer_24:peer
Peer_6:peer INFO 4109.472685790969: Sending message <GossipMessage:16_1> to Peer_22:peer
Peer_6:peer INFO 4109.472685790969: Sending message <GossipMessage:16_1> to Peer_15:peer
Peer_6:peer INFO 4109.773672233757: Received message <GossipMessage:16_1> from Peer_22:peer
Peer_6:peer INFO 4110.30402096747: Received message <GossipMessage:16_1> from Peer_15:peer
Peer_6:peer INFO 4110.436001159243: Received message <GossipMessage:16_1> from Peer_24:peer
Peer_6:peer INFO 4110.436001159243: Sending message <GossipMessage:16_1> to Peer_22:peer
Peer_6:peer INFO 4110.436001159243: Sending message <GossipMessage:16_1> to Peer_15:peer
Peer_6:peer INFO 4111.238047910351: Received message <GossipMessage:16_1> from Peer_22:peer
Peer_6:peer INFO 4144.37117424812: Received message <GossipMessage:16_1> from Peer_15:peer
Peer_6:peer INFO 4144.37117424812: Sending message <GossipMessage:16_1> to Peer_22:peer
Peer_6:peer INFO 4144.37117424812: Sending message <GossipMessage:16_1> to Peer_24:peer
Peer_6:peer INFO 4192.497758968648: Received message <GossipMessage:16_1> from Peer_15:peer
Peer_6:peer INFO 4235.886191392792: Received message <GossipMessage:17_1> from Peer_15:peer
Peer_6:peer INFO 4235.886191392792: Sending message <GossipMessage:17_1> to Peer_24:peer
Peer_6:peer INFO 4235.886191392792: Sending message <GossipMessage:17_1> to Peer_22:peer
Peer_6:peer INFO 4236.0472784735675: Received message <GossipMessage:17_1> from Peer_22:peer
Peer_6:peer INFO 4236.0472784735675: Sending message <GossipMessage:17_1> to Peer_15:peer
Peer_6:peer INFO 4236.0472784735675: Sending message <GossipMessage:17_1> to Peer_24:peer
Peer_6:peer INFO 4236.298678988415: Received message <GossipMessage:17_1> from Peer_22:peer
Peer_6:peer INFO 4236.298678988415: Sending message <GossipMessage:17_1> to Peer_24:peer
Peer_6:peer INFO 4236.298678988415: Sending message <GossipMessage:17_1> to Peer_15:peer
Peer_6:peer INFO 4238.069697290732: Received message <GossipMessage:17_1> from Peer_15:peer
Peer_6:peer INFO 4308.456219164601: Received message <GossipMessage:17_1> from Peer_24:peer
Peer_6:peer INFO 4308.456219164601: Sending message <GossipMessage:17_1> to Peer_22:peer
Peer_6:peer INFO 4308.456219164601: Sending message <GossipMessage:17_1> to Peer_15:peer
Peer_6:peer INFO 4309.138604484697: Received message <GossipMessage:17_1> from Peer_22:peer
Peer_6:peer INFO 4311.521291747148: Received message <GossipMessage:17_1> from Peer_24:peer
Peer_6:peer INFO 4343.682917949338: Received message <GossipMessage:17_1> from Peer_15:peer
Peer_6:peer INFO 4343.918794683823: Received message <GossipMessage:17_1> from Peer_22:peer
Peer_6:peer INFO 4343.918794683823: Sending message <GossipMessage:17_1> to Peer_15:peer
Peer_6:peer INFO 4343.918794683823: Sending message <GossipMessage:17_1> to Peer_24:peer
Peer_6:peer INFO 4344.287260221483: Received message <GossipMessage:17_1> from Peer_15:peer
Peer_6:peer INFO 4344.450114305448: Received message <GossipMessage:17_1> from Peer_22:peer
Peer_6:peer INFO 4393.585310856628: Received message <GossipMessage:17_1> from Peer_15:peer
Peer_6:peer INFO 4415.620557397823: Received message <GossipMessage:17_1> from Peer_24:peer
Peer_6:peer INFO 4437.071033828897: Received message <GossipMessage:18_1> from Peer_15:peer
Peer_6:peer INFO 4437.071033828897: Sending message <GossipMessage:18_1> to Peer_22:peer
Peer_6:peer INFO 4437.071033828897: Sending message <GossipMessage:18_1> to Peer_24:peer
Peer_6:peer INFO 4437.722350878344: Received message <GossipMessage:18_1> from Peer_22:peer
Peer_6:peer INFO 4437.722350878344: Sending message <GossipMessage:18_1> to Peer_24:peer
Peer_6:peer INFO 4437.722350878344: Sending message <GossipMessage:18_1> to Peer_15:peer
Peer_6:peer INFO 4438.600116139491: Received message <GossipMessage:18_1> from Peer_15:peer
Peer_6:peer INFO 4510.306829550338: Received message <GossipMessage:18_1> from Peer_15:peer
Peer_6:peer INFO 4511.33437448678: Received message <GossipMessage:18_1> from Peer_24:peer
Peer_6:peer INFO 4511.33437448678: Sending message <GossipMessage:18_1> to Peer_22:peer
Peer_6:peer INFO 4511.33437448678: Sending message <GossipMessage:18_1> to Peer_15:peer
Peer_6:peer INFO 4536.722421881865: Received message <Ping:> from Peer_1:client
Peer_6:peer INFO 4536.722421881865: Sending message <Pong:> to Peer_1:client
Peer_6:peer INFO 4543.927242383869: Received message <GossipMessage:18_1> from Peer_15:peer
Peer_6:peer INFO 4543.927242383869: Sending message <GossipMessage:18_1> to Peer_22:peer
Peer_6:peer INFO 4543.927242383869: Sending message <GossipMessage:18_1> to Peer_24:peer
Peer_6:peer INFO 4544.070982891117: Received message <GossipMessage:18_1> from Peer_15:peer
Peer_6:peer INFO 4544.185251800148: Received message <GossipMessage:18_1> from Peer_15:peer
Peer_6:peer INFO 4544.195696760496: Received message <GossipMessage:18_1> from Peer_22:peer
Peer_6:peer INFO 4594.087803107748: Received message <GossipMessage:18_1> from Peer_15:peer
Peer_6:peer INFO 4616.783360163048: Received message <GossipMessage:18_1> from Peer_24:peer
Peer_6:peer INFO 4617.102215599011: Received message <GossipMessage:18_1> from Peer_24:peer
Peer_6:peer INFO 4617.196880766558: Received message <GossipMessage:18_1> from Peer_24:peer
Peer_6:peer INFO 4637.821877389171: Received message <GossipMessage:19_1> from Peer_15:peer
Peer_6:peer INFO 4708.382737760615: Received message <GossipMessage:19_1> from Peer_24:peer
Peer_6:peer INFO 4708.382737760615: Sending message <GossipMessage:19_1> to Peer_15:peer
Peer_6:peer INFO 4708.382737760615: Sending message <GossipMessage:19_1> to Peer_22:peer
Peer_6:peer INFO 4709.695025454927: Received message <GossipMessage:19_1> from Peer_24:peer
Peer_6:peer INFO 4709.695025454927: Sending message <GossipMessage:19_1> to Peer_15:peer
Peer_6:peer INFO 4709.695025454927: Sending message <GossipMessage:19_1> to Peer_22:peer
Peer_6:peer INFO 4709.879564632304: Received message <GossipMessage:19_1> from Peer_24:peer
Peer_6:peer INFO 4709.879564632304: Sending message <GossipMessage:19_1> to Peer_22:peer
Peer_6:peer INFO 4709.879564632304: Sending message <GossipMessage:19_1> to Peer_15:peer
Peer_6:peer INFO 4710.703928141818: Received message <GossipMessage:19_1> from Peer_15:peer
Peer_6:peer INFO 4710.931834603645: Received message <GossipMessage:19_1> from Peer_15:peer
Peer_6:peer INFO 4711.80393056552: Received message <GossipMessage:19_1> from Peer_24:peer
Peer_6:peer INFO 4712.048678235091: Received message <GossipMessage:19_1> from Peer_22:peer
Peer_6:peer INFO 4744.282020598238: Received message <GossipMessage:19_1> from Peer_22:peer
Peer_6:peer INFO 4744.2833234855825: Received message <GossipMessage:19_1> from Peer_15:peer
Peer_6:peer INFO 4817.598648863348: Received message <GossipMessage:19_1> from Peer_24:peer
Peer_6:peer INFO 4837.017399937237: Received message <GossipMessage:20_1> from Peer_1:client
Peer_6:peer INFO 4837.017399937237: Sending message <GossipMessage:20_1> to Peer_24:peer
Peer_6:peer INFO 4837.017399937237: Sending message <GossipMessage:20_1> to Peer_15:peer
Peer_6:peer INFO 4837.017399937237: Sending message <GossipMessage:20_1> to Peer_22:peer
Peer_6:peer INFO 4837.30006596409: Received message <GossipMessage:20_1> from Peer_15:peer
Peer_6:peer INFO 4837.30006596409: Sending message <GossipMessage:20_1> to Peer_24:peer
Peer_6:peer INFO 4837.30006596409: Sending message <GossipMessage:20_1> to Peer_22:peer
Peer_6:peer INFO 4837.851972417477: Received message <GossipMessage:20_1> from Peer_15:peer
Peer_6:peer INFO 4837.851972417477: Sending message <GossipMessage:20_1> to Peer_22:peer
Peer_6:peer INFO 4837.851972417477: Sending message <GossipMessage:20_1> to Peer_24:peer
Peer_6:peer INFO 4838.68383187382: Received message <GossipMessage:20_1> from Peer_15:peer
Peer_6:peer INFO 4910.527169461365: Received message <GossipMessage:20_1> from Peer_22:peer
Peer_6:peer INFO 4910.642609169276: Received message <GossipMessage:20_1> from Peer_24:peer
Peer_6:peer INFO 4910.642609169276: Sending message <GossipMessage:20_1> to Peer_22:peer
Peer_6:peer INFO 4910.642609169276: Sending message <GossipMessage:20_1> to Peer_15:peer
Peer_6:peer INFO 4911.983803052214: Received message <GossipMessage:20_1> from Peer_24:peer
Peer_6:peer INFO 4912.69594701338: Received message <GossipMessage:20_1> from Peer_22:peer
Peer_6:peer INFO 4943.621803287683: Received message <GossipMessage:20_1> from Peer_15:peer
Peer_6:peer INFO 4943.621803287683: Sending message <GossipMessage:20_1> to Peer_22:peer
Peer_6:peer INFO 4943.621803287683: Sending message <GossipMessage:20_1> to Peer_24:peer
Peer_6:peer INFO 4943.802057539389: Received message <GossipMessage:20_1> from Peer_22:peer
Peer_6:peer INFO 4943.802057539389: Sending message <GossipMessage:20_1> to Peer_24:peer
Peer_6:peer INFO 4943.802057539389: Sending message <GossipMessage:20_1> to Peer_15:peer
Peer_6:peer INFO 4944.384966285724: Received message <GossipMessage:20_1> from Peer_22:peer
Peer_6:peer INFO 5000: Sending message <Ping:> to Peer_26:bootstrap
Peer_6:peer INFO 5016.845818086942: Received message <GossipMessage:20_1> from Peer_24:peer
Peer_6:peer INFO 5017.611123198348: Received message <GossipMessage:20_1> from Peer_24:peer
Peer_6:peer INFO 5019.085280710606: Received message <GossipMessage:20_1> from Peer_24:peer
Peer_6:peer INFO 5036.261800646195: Received message <GossipMessage:21_1> from Peer_1:client
Peer_6:peer INFO 5036.261800646195: Sending message <GossipMessage:21_1> to Peer_24:peer
Peer_6:peer INFO 5036.261800646195: Sending message <GossipMessage:21_1> to Peer_15:peer
Peer_6:peer INFO 5036.261800646195: Sending message <GossipMessage:21_1> to Peer_22:peer
Peer_6:peer INFO 5036.731639104361: Received message <GossipMessage:21_1> from Peer_22:peer
Peer_6:peer INFO 5036.731639104361: Sending message <GossipMessage:21_1> to Peer_24:peer
Peer_6:peer INFO 5036.731639104361: Sending message <GossipMessage:21_1> to Peer_15:peer
Peer_6:peer INFO 5037.237498238168: Received message <Ping:> from Peer_26:bootstrap
Peer_6:peer INFO 5037.237498238168: Sending message <Pong:> to Peer_26:bootstrap
Peer_6:peer INFO 5073.664788203697: Received message <Pong:> from Peer_26:bootstrap
Peer_6:peer INFO 5108.998337889794: Received message <GossipMessage:21_1> from Peer_15:peer
Peer_6:peer INFO 5109.639348755201: Received message <GossipMessage:21_1> from Peer_22:peer
Peer_6:peer INFO 5143.60564150432: Received message <GossipMessage:21_1> from Peer_22:peer
Peer_6:peer INFO 5143.60564150432: Sending message <GossipMessage:21_1> to Peer_24:peer
Peer_6:peer INFO 5143.60564150432: Sending message <GossipMessage:21_1> to Peer_15:peer
Peer_6:peer INFO 5144.152471503618: Received message <GossipMessage:21_1> from Peer_22:peer
Peer_6:peer INFO 5193.518980149765: Received message <GossipMessage:21_1> from Peer_15:peer
