Peer_13:peer WARNING 0: Not enough peers, fetching more (0, 4)
Peer_13:peer INFO 65.38900235350748: Connecting to Peer_26:bootstrap
Peer_13:peer INFO 130.8100075453421: Received message <RequestPeers:> from Peer_26:bootstrap
Peer_13:peer INFO 130.8100075453421: Sending message <PeerList> to Peer_26:bootstrap
Peer_13:peer INFO 130.958242285827: Received message <Hello:> from Peer_26:bootstrap
Peer_13:peer WARNING 500: Not enough peers, fetching more (1, 4)
Peer_13:peer INFO 500: Sending message <RequestPeers:> to Peer_26:bootstrap
Peer_13:peer INFO 630.7327603165052: Received message <PeerList> from Peer_26:bootstrap
Peer_13:peer WARNING 1000: Not enough peers, fetching more (1, 4)
Peer_13:peer INFO 1000: Sending message <RequestPeers:> to Peer_26:bootstrap
Peer_13:peer INFO 1077.9923388037396: Connecting to Peer_16:peer
Peer_13:peer INFO 1131.2425122292732: Received message <PeerList> from Peer_26:bootstrap
Peer_13:peer INFO 1155.9938361095503: Received message <RequestPeers:> from Peer_16:peer
Peer_13:peer INFO 1155.9938361095503: Sending message <PeerList> to Peer_16:peer
Peer_13:peer INFO 1156.1357614930473: Received message <Hello:> from Peer_16:peer
Peer_13:peer WARNING 1500: Not enough peers, fetching more (2, 4)
Peer_13:peer INFO 1500: Sending message <RequestPeers:> to Peer_16:peer
Peer_13:peer INFO 1500: Sending message <RequestPeers:> to Peer_26:bootstrap
Peer_13:peer INFO 1500.3056805341394: Received message <Hello:> from Peer_4:peer
Peer_13:peer INFO 1500.3056805341394: Connecting to Peer_4:peer
Peer_13:peer INFO 1500.3056805341394: Sending message <Hello:> to Peer_4:peer
Peer_13:peer INFO 1500.3056805341394: Sending message <RequestPeers:> to Peer_4:peer
Peer_13:peer INFO 1500.8572438017545: Received message <PeerList> from Peer_4:peer
Peer_13:peer INFO 1577.960191944768: Connecting to Peer_15:peer
Peer_13:peer INFO 1578.029955962911: Received message <Hello:> from Peer_14:peer
Peer_13:peer INFO 1578.029955962911: Connecting to Peer_14:peer
Peer_13:peer INFO 1578.029955962911: Sending message <Hello:> to Peer_14:peer
Peer_13:peer INFO 1578.029955962911: Sending message <RequestPeers:> to Peer_14:peer
Peer_13:peer INFO 1631.047372226546: Received message <PeerList> from Peer_26:bootstrap
Peer_13:peer INFO 1655.9580181944593: Received message <RequestPeers:> from Peer_15:peer
Peer_13:peer INFO 1655.9580181944593: Sending message <PeerList> to Peer_15:peer
Peer_13:peer INFO 1655.9863771598098: Received message <Hello:> from Peer_15:peer
Peer_13:peer INFO 1656.0322850178202: Received message <PeerList> from Peer_16:peer
Peer_13:peer INFO 1714.7226162777547: Received message <GossipMessage:4_1> from Peer_15:peer
Peer_13:peer INFO 1714.7226162777547: Sending message <GossipMessage:4_1> to Peer_14:peer
Peer_13:peer INFO 1714.7226162777547: Sending message <GossipMessage:4_1> to Peer_4:peer
Peer_13:peer INFO 1714.7226162777547: Sending message <GossipMessage:4_1> to Peer_16:peer
Peer_13:peer INFO 1715.0162012902372: Received message <GossipMessage:4_1> from Peer_4:peer
Peer_13:peer INFO 1715.2916632785652: Received message <GossipMessage:4_1> from Peer_14:peer
Peer_13:peer INFO 1715.441108881599: Received message <GossipMessage:4_1> from Peer_4:peer
Peer_13:peer INFO 1734.0458926619299: Received message <PeerList> from Peer_14:peer
Peer_13:peer INFO 1788.6104271564761: Received message <GossipMessage:4_1> from Peer_15:peer
Peer_13:peer INFO 1789.5520134448: Received message <GossipMessage:4_1> from Peer_15:peer
Peer_13:peer INFO 1914.8308676012045: Received message <GossipMessage:5_1> from Peer_15:peer
Peer_13:peer INFO 1914.8308676012045: Sending message <GossipMessage:5_1> to Peer_4:peer
Peer_13:peer INFO 1914.8308676012045: Sending message <GossipMessage:5_1> to Peer_14:peer
Peer_13:peer INFO 1914.8308676012045: Sending message <GossipMessage:5_1> to Peer_16:peer
Peer_13:peer INFO 1915.2243598917178: Received message <GossipMessage:5_1> from Peer_14:peer
Peer_13:peer INFO 1915.7255482639296: Received message <GossipMessage:5_1> from Peer_14:peer
Peer_13:peer INFO 1915.816013941184: Received message <GossipMessage:5_1> from Peer_4:peer
Peer_13:peer INFO 1988.808999344975: Received message <GossipMessage:5_1> from Peer_15:peer
Peer_13:peer INFO 1989.175622869091: Received message <GossipMessage:5_1> from Peer_15:peer
Peer_13:peer INFO 2078.02282659689: Received message <Hello:> from Peer_21:peer
Peer_13:peer INFO 2078.02282659689: Connecting to Peer_21:peer
Peer_13:peer INFO 2078.02282659689: Sending message <Hello:> to Peer_21:peer
Peer_13:peer INFO 2078.02282659689: Sending message <RequestPeers:> to Peer_21:peer
Peer_13:peer INFO 2115.1999014561575: Received message <GossipMessage:6_1> from Peer_15:peer
Peer_13:peer INFO 2115.1999014561575: Sending message <GossipMessage:6_1> to Peer_14:peer
Peer_13:peer INFO 2115.1999014561575: Sending message <GossipMessage:6_1> to Peer_16:peer
Peer_13:peer INFO 2115.1999014561575: Sending message <GossipMessage:6_1> to Peer_21:peer
Peer_13:peer INFO 2115.545169719601: Received message <GossipMessage:6_1> from Peer_14:peer
Peer_13:peer INFO 2116.0609753664708: Received message <GossipMessage:6_1> from Peer_15:peer
Peer_13:peer INFO 2116.0609753664708: Sending message <GossipMessage:6_1> to Peer_14:peer
Peer_13:peer INFO 2116.0609753664708: Sending message <GossipMessage:6_1> to Peer_21:peer
Peer_13:peer INFO 2116.0609753664708: Sending message <GossipMessage:6_1> to Peer_4:peer
Peer_13:peer INFO 2116.287594101223: Received message <GossipMessage:6_1> from Peer_4:peer
Peer_13:peer INFO 2188.7899893816375: Received message <GossipMessage:6_1> from Peer_15:peer
Peer_13:peer INFO 2189.267884205768: Received message <GossipMessage:6_1> from Peer_21:peer
Peer_13:peer INFO 2234.071360452371: Received message <PeerList> from Peer_21:peer
Peer_13:peer INFO 2266.705301739336: Received message <GossipMessage:7_1> from Peer_4:peer
Peer_13:peer INFO 2314.388730170762: Received message <GossipMessage:7_1> from Peer_21:peer
Peer_13:peer INFO 2314.388730170762: Sending message <GossipMessage:7_1> to Peer_14:peer
Peer_13:peer INFO 2314.388730170762: Sending message <GossipMessage:7_1> to Peer_16:peer
Peer_13:peer INFO 2314.388730170762: Sending message <GossipMessage:7_1> to Peer_4:peer
Peer_13:peer INFO 2315.1765521063876: Received message <GossipMessage:7_1> from Peer_21:peer
Peer_13:peer INFO 2315.1765521063876: Sending message <GossipMessage:7_1> to Peer_16:peer
Peer_13:peer INFO 2315.1765521063876: Sending message <GossipMessage:7_1> to Peer_4:peer
Peer_13:peer INFO 2315.1765521063876: Sending message <GossipMessage:7_1> to Peer_14:peer
Peer_13:peer INFO 2315.4678821686903: Received message <GossipMessage:7_1> from Peer_14:peer
Peer_13:peer INFO 2315.7773537911075: Received message <GossipMessage:7_1> from Peer_15:peer
Peer_13:peer INFO 2315.7773537911075: Sending message <GossipMessage:7_1> to Peer_16:peer
Peer_13:peer INFO 2315.7773537911075: Sending message <GossipMessage:7_1> to Peer_21:peer
Peer_13:peer INFO 2315.7773537911075: Sending message <GossipMessage:7_1> to Peer_14:peer
Peer_13:peer INFO 2316.6542241802836: Received message <GossipMessage:7_1> from Peer_15:peer
Peer_13:peer INFO 2388.2335888573098: Received message <GossipMessage:7_1> from Peer_21:peer
Peer_13:peer INFO 2388.9047926456615: Received message <GossipMessage:7_1> from Peer_15:peer
Peer_13:peer INFO 2389.2536960917814: Received message <GossipMessage:7_1> from Peer_21:peer
Peer_13:peer INFO 2466.4619597678306: Received message <GossipMessage:8_1> from Peer_4:peer
Peer_13:peer INFO 2500: Sending message <Ping:> to Peer_26:bootstrap
Peer_13:peer INFO 2500: Sending message <Ping:> to Peer_16:peer
Peer_13:peer INFO 2515.2980506258978: Received message <GossipMessage:8_1> from Peer_15:peer
Peer_13:peer INFO 2515.2980506258978: Sending message <GossipMessage:8_1> to Peer_21:peer
Peer_13:peer INFO 2515.2980506258978: Sending message <GossipMessage:8_1> to Peer_4:peer
Peer_13:peer INFO 2515.2980506258978: Sending message <GossipMessage:8_1> to Peer_16:peer
Peer_13:peer INFO 2515.399605572069: Received message <GossipMessage:8_1> from Peer_21:peer
Peer_13:peer INFO 2515.399605572069: Sending message <GossipMessage:8_1> to Peer_4:peer
Peer_13:peer INFO 2515.399605572069: Sending message <GossipMessage:8_1> to Peer_16:peer
Peer_13:peer INFO 2515.399605572069: Sending message <GossipMessage:8_1> to Peer_15:peer
Peer_13:peer INFO 2515.4853925152875: Received message <GossipMessage:8_1> from Peer_14:peer
Peer_13:peer INFO 2515.536026143654: Received message <GossipMessage:8_1> from Peer_4:peer
Peer_13:peer INFO 2515.599253325941: Received message <GossipMessage:8_1> from Peer_4:peer
Peer_13:peer INFO 2515.656828350338: Received message <GossipMessage:8_1> from Peer_14:peer
Peer_13:peer INFO 2515.7621658866774: Received message <GossipMessage:8_1> from Peer_15:peer
Peer_13:peer INFO 2516.000126323844: Received message <GossipMessage:8_1> from Peer_14:peer
Peer_13:peer INFO 2516.088533037528: Received message <GossipMessage:8_1> from Peer_15:peer
Peer_13:peer INFO 2565.5380348113636: Received message <Ping:> from Peer_26:bootstrap
Peer_13:peer INFO 2565.5380348113636: Sending message <Pong:> to Peer_26:bootstrap
Peer_13:peer INFO 2578.0461416695894: Received message <Ping:> from Peer_15:peer
Peer_13:peer INFO 2578.0461416695894: Sending message <Pong:> to Peer_15:peer
Peer_13:peer INFO 2587.987056145813: Received message <GossipMessage:8_1> from Peer_21:peer
Peer_13:peer INFO 2588.7492874263235: Received message <GossipMessage:8_1> from Peer_15:peer
Peer_13:peer INFO 2589.2646528434675: Received message <GossipMessage:8_1> from Peer_15:peer
Peer_13:peer INFO 2589.882898544815: Received message <GossipMessage:8_1> from Peer_21:peer
Peer_13:peer INFO 2631.090357758256: Received message <Pong:> from Peer_26:bootstrap
Peer_13:peer INFO 2656.063835920983: Received message <Pong:> from Peer_16:peer
Peer_13:peer INFO 2666.526448904555: Received message <GossipMessage:9_1> from Peer_4:peer
Peer_13:peer INFO 2714.130264133626: Received message <GossipMessage:9_1> from Peer_21:peer
Peer_13:peer INFO 2714.130264133626: Sending message <GossipMessage:9_1> to Peer_14:peer
Peer_13:peer INFO 2714.130264133626: Sending message <GossipMessage:9_1> to Peer_16:peer
Peer_13:peer INFO 2714.130264133626: Sending message <GossipMessage:9_1> to Peer_15:peer
Peer_13:peer INFO 2714.7308835624544: Received message <GossipMessage:9_1> from Peer_15:peer
Peer_13:peer INFO 2714.890206779434: Received message <GossipMessage:9_1> from Peer_15:peer
Peer_13:peer INFO 2714.890206779434: Sending message <GossipMessage:9_1> to Peer_21:peer
Peer_13:peer INFO 2714.890206779434: Sending message <GossipMessage:9_1> to Peer_14:peer
Peer_13:peer INFO 2714.890206779434: Sending message <GossipMessage:9_1> to Peer_4:peer
Peer_13:peer INFO 2715.1100943834062: Received message <GossipMessage:9_1> from Peer_15:peer
Peer_13:peer INFO 2715.1315315089014: Received message <GossipMessage:9_1> from Peer_14:peer
Peer_13:peer INFO 2715.1935977639855: Received message <GossipMessage:9_1> from Peer_14:peer
Peer_13:peer INFO 2715.1935977639855: Sending message <GossipMessage:9_1> to Peer_16:peer
Peer_13:peer INFO 2715.1935977639855: Sending message <GossipMessage:9_1> to Peer_15:peer
Peer_13:peer INFO 2715.1935977639855: Sending message <GossipMessage:9_1> to Peer_21:peer
Peer_13:peer INFO 2715.276250038199: Received message <GossipMessage:9_1> from Peer_21:peer
Peer_13:peer INFO 2715.276250038199: Sending message <GossipMessage:9_1> to Peer_16:peer
Peer_13:peer INFO 2715.276250038199: Sending message <GossipMessage:9_1> to Peer_14:peer
Peer_13:peer INFO 2715.276250038199: Sending message <GossipMessage:9_1> to Peer_15:peer
Peer_13:peer INFO 2715.4286743599323: Received message <GossipMessage:9_1> from Peer_14:peer
Peer_13:peer INFO 2715.554318616328: Received message <GossipMessage:9_1> from Peer_14:peer
Peer_13:peer INFO 2715.5615925321763: Received message <GossipMessage:9_1> from Peer_4:peer
Peer_13:peer INFO 2716.1147564685525: Received message <GossipMessage:9_1> from Peer_15:peer
Peer_13:peer INFO 2716.1147564685525: Sending message <GossipMessage:9_1> to Peer_21:peer
Peer_13:peer INFO 2716.1147564685525: Sending message <GossipMessage:9_1> to Peer_4:peer
Peer_13:peer INFO 2716.1147564685525: Sending message <GossipMessage:9_1> to Peer_16:peer
Peer_13:peer INFO 2716.2197693503176: Received message <GossipMessage:9_1> from Peer_15:peer
Peer_13:peer INFO 2716.3739041326066: Received message <GossipMessage:9_1> from Peer_4:peer
Peer_13:peer INFO 2786.5741828949695: Received message <GossipMessage:9_1> from Peer_15:peer
Peer_13:peer INFO 2787.246014674569: Received message <GossipMessage:9_1> from Peer_15:peer
Peer_13:peer INFO 2787.8905182558137: Received message <GossipMessage:9_1> from Peer_21:peer
Peer_13:peer INFO 2788.692234633004: Received message <GossipMessage:9_1> from Peer_21:peer
Peer_13:peer INFO 2789.3891125452064: Received message <GossipMessage:9_1> from Peer_15:peer
Peer_13:peer INFO 2866.6066113706884: Received message <GossipMessage:10_1> from Peer_4:peer
Peer_13:peer INFO 2914.3788892642997: Received message <GossipMessage:10_1> from Peer_15:peer
Peer_13:peer INFO 2914.3788892642997: Sending message <GossipMessage:10_1> to Peer_4:peer
Peer_13:peer INFO 2914.3788892642997: Sending message <GossipMessage:10_1> to Peer_14:peer
Peer_13:peer INFO 2914.3788892642997: Sending message <GossipMessage:10_1> to Peer_21:peer
Peer_13:peer INFO 2914.756348816611: Received message <GossipMessage:10_1> from Peer_14:peer
Peer_13:peer INFO 2914.7726310716894: Received message <GossipMessage:10_1> from Peer_4:peer
Peer_13:peer INFO 2914.817480976392: Received message <GossipMessage:10_1> from Peer_15:peer
Peer_13:peer INFO 2914.817480976392: Sending message <GossipMessage:10_1> to Peer_16:peer
Peer_13:peer INFO 2914.817480976392: Sending message <GossipMessage:10_1> to Peer_14:peer
Peer_13:peer INFO 2914.817480976392: Sending message <GossipMessage:10_1> to Peer_21:peer
Peer_13:peer INFO 2914.985996988404: Received message <GossipMessage:10_1> from Peer_21:peer
Peer_13:peer INFO 2914.985996988404: Sending message <GossipMessage:10_1> to Peer_14:peer
Peer_13:peer INFO 2914.985996988404: Sending message <GossipMessage:10_1> to Peer_16:peer
Peer_13:peer INFO 2914.985996988404: Sending message <GossipMessage:10_1> to Peer_4:peer
Peer_13:peer INFO 2915.083663595141: Received message <GossipMessage:10_1> from Peer_21:peer
Peer_13:peer INFO 2915.083663595141: Sending message <GossipMessage:10_1> to Peer_16:peer
Peer_13:peer INFO 2915.083663595141: Sending message <GossipMessage:10_1> to Peer_14:peer
Peer_13:peer INFO 2915.083663595141: Sending message <GossipMessage:10_1> to Peer_4:peer
Peer_13:peer INFO 2915.0914391712827: Received message <GossipMessage:10_1> from Peer_4:peer
Peer_13:peer INFO 2915.0914391712827: Sending message <GossipMessage:10_1> to Peer_15:peer
Peer_13:peer INFO 2915.0914391712827: Sending message <GossipMessage:10_1> to Peer_16:peer
Peer_13:peer INFO 2915.0914391712827: Sending message <GossipMessage:10_1> to Peer_14:peer
Peer_13:peer INFO 2915.2240035161512: Received message <GossipMessage:10_1> from Peer_15:peer
Peer_13:peer INFO 2915.2851560903164: Received message <GossipMessage:10_1> from Peer_14:peer
Peer_13:peer INFO 2915.2851560903164: Sending message <GossipMessage:10_1> to Peer_21:peer
Peer_13:peer INFO 2915.2851560903164: Sending message <GossipMessage:10_1> to Peer_4:peer
Peer_13:peer INFO 2915.2851560903164: Sending message <GossipMessage:10_1> to Peer_16:peer
Peer_13:peer INFO 2988.0317064301935: Received message <GossipMessage:10_1> from Peer_21:peer
Peer_13:peer INFO 2988.143463566172: Received message <GossipMessage:10_1> from Peer_15:peer
Peer_13:peer INFO 2988.2341483068885: Received message <GossipMessage:10_1> from Peer_21:peer
Peer_13:peer INFO 2989.6954834281196: Received message <GossipMessage:10_1> from Peer_15:peer
Peer_13:peer INFO 3066.6566210235706: Received message <GossipMessage:11_1> from Peer_4:peer
Peer_13:peer INFO 3070.905849214579: Received message <GossipMessage:10_1> from Peer_16:peer
Peer_13:peer INFO 3114.467109951582: Received message <GossipMessage:11_1> from Peer_21:peer
Peer_13:peer INFO 3114.467109951582: Sending message <GossipMessage:11_1> to Peer_16:peer
Peer_13:peer INFO 3114.467109951582: Sending message <GossipMessage:11_1> to Peer_14:peer
Peer_13:peer INFO 3114.467109951582: Sending message <GossipMessage:11_1> to Peer_4:peer
Peer_13:peer INFO 3114.5064367246396: Received message <GossipMessage:11_1> from Peer_15:peer
Peer_13:peer INFO 3114.5064367246396: Sending message <GossipMessage:11_1> to Peer_21:peer
Peer_13:peer INFO 3114.5064367246396: Sending message <GossipMessage:11_1> to Peer_16:peer
Peer_13:peer INFO 3114.5064367246396: Sending message <GossipMessage:11_1> to Peer_14:peer
Peer_13:peer INFO 3114.690381387177: Received message <GossipMessage:11_1> from Peer_15:peer
Peer_13:peer INFO 3114.697061112551: Received message <GossipMessage:11_1> from Peer_14:peer
Peer_13:peer INFO 3114.8150604670036: Received message <GossipMessage:11_1> from Peer_4:peer
Peer_13:peer INFO 3114.855882759032: Received message <GossipMessage:11_1> from Peer_14:peer
Peer_13:peer INFO 3114.855882759032: Sending message <GossipMessage:11_1> to Peer_21:peer
Peer_13:peer INFO 3114.855882759032: Sending message <GossipMessage:11_1> to Peer_15:peer
Peer_13:peer INFO 3114.855882759032: Sending message <GossipMessage:11_1> to Peer_16:peer
Peer_13:peer INFO 3114.908288305918: Received message <GossipMessage:11_1> from Peer_15:peer
Peer_13:peer INFO 3114.908288305918: Sending message <GossipMessage:11_1> to Peer_14:peer
Peer_13:peer INFO 3114.908288305918: Sending message <GossipMessage:11_1> to Peer_21:peer
Peer_13:peer INFO 3114.908288305918: Sending message <GossipMessage:11_1> to Peer_16:peer
Peer_13:peer INFO 3115.1292547679445: Received message <GossipMessage:11_1> from Peer_4:peer
Peer_13:peer INFO 3115.1292547679445: Sending message <GossipMessage:11_1> to Peer_21:peer
Peer_13:peer INFO 3115.1292547679445: Sending message <GossipMessage:11_1> to Peer_14:peer
Peer_13:peer INFO 3115.1292547679445: Sending message <GossipMessage:11_1> to Peer_16:peer
Peer_13:peer INFO 3115.4085640217854: Received message <GossipMessage:11_1> from Peer_14:peer
Peer_13:peer INFO 3115.5143489944194: Received message <GossipMessage:11_1> from Peer_15:peer
Peer_13:peer INFO 3115.5402198649067: Received message <GossipMessage:11_1> from Peer_15:peer
Peer_13:peer INFO 3115.5402198649067: Sending message <GossipMessage:11_1> to Peer_21:peer
Peer_13:peer INFO 3115.5402198649067: Sending message <GossipMessage:11_1> to Peer_16:peer
Peer_13:peer INFO 3115.5402198649067: Sending message <GossipMessage:11_1> to Peer_4:peer
Peer_13:peer INFO 3187.4784901688386: Received message <GossipMessage:11_1> from Peer_15:peer
Peer_13:peer INFO 3187.7457701381263: Received message <GossipMessage:11_1> from Peer_15:peer
Peer_13:peer INFO 3188.013690081581: Received message <GossipMessage:11_1> from Peer_21:peer
Peer_13:peer INFO 3265.8337387800984: Received message <GossipMessage:12_1> from Peer_4:peer
Peer_13:peer INFO 3265.8337387800984: Sending message <GossipMessage:12_1> to Peer_21:peer
Peer_13:peer INFO 3265.8337387800984: Sending message <GossipMessage:12_1> to Peer_15:peer
Peer_13:peer INFO 3265.8337387800984: Sending message <GossipMessage:12_1> to Peer_14:peer
Peer_13:peer INFO 3266.685547058193: Received message <GossipMessage:12_1> from Peer_4:peer
Peer_13:peer INFO 3270.885745420896: Received message <GossipMessage:11_1> from Peer_16:peer
Peer_13:peer INFO 3313.8455602791505: Received message <GossipMessage:12_1> from Peer_21:peer
Peer_13:peer INFO 3313.8455602791505: Sending message <GossipMessage:12_1> to Peer_15:peer
Peer_13:peer INFO 3313.8455602791505: Sending message <GossipMessage:12_1> to Peer_4:peer
Peer_13:peer INFO 3313.8455602791505: Sending message <GossipMessage:12_1> to Peer_14:peer
Peer_13:peer INFO 3314.91390178026: Received message <GossipMessage:12_1> from Peer_15:peer
Peer_13:peer INFO 3314.91390178026: Sending message <GossipMessage:12_1> to Peer_14:peer
Peer_13:peer INFO 3314.91390178026: Sending message <GossipMessage:12_1> to Peer_16:peer
Peer_13:peer INFO 3314.91390178026: Sending message <GossipMessage:12_1> to Peer_4:peer
Peer_13:peer INFO 3314.9488893106195: Received message <GossipMessage:12_1> from Peer_21:peer
Peer_13:peer INFO 3314.9488893106195: Sending message <GossipMessage:12_1> to Peer_14:peer
Peer_13:peer INFO 3314.9488893106195: Sending message <GossipMessage:12_1> to Peer_4:peer
Peer_13:peer INFO 3314.9488893106195: Sending message <GossipMessage:12_1> to Peer_15:peer
Peer_13:peer INFO 3314.9650136343776: Received message <GossipMessage:12_1> from Peer_14:peer
Peer_13:peer INFO 3314.9650136343776: Sending message <GossipMessage:12_1> to Peer_16:peer
Peer_13:peer INFO 3314.9650136343776: Sending message <GossipMessage:12_1> to Peer_15:peer
Peer_13:peer INFO 3314.9650136343776: Sending message <GossipMessage:12_1> to Peer_4:peer
Peer_13:peer INFO 3315.2335307703406: Received message <GossipMessage:12_1> from Peer_15:peer
Peer_13:peer INFO 3315.2335307703406: Sending message <GossipMessage:12_1> to Peer_16:peer
Peer_13:peer INFO 3315.2335307703406: Sending message <GossipMessage:12_1> to Peer_21:peer
Peer_13:peer INFO 3315.2335307703406: Sending message <GossipMessage:12_1> to Peer_4:peer
Peer_13:peer INFO 3315.246578409911: Received message <GossipMessage:12_1> from Peer_4:peer
Peer_13:peer INFO 3315.246578409911: Sending message <GossipMessage:12_1> to Peer_15:peer
Peer_13:peer INFO 3315.246578409911: Sending message <GossipMessage:12_1> to Peer_21:peer
Peer_13:peer INFO 3315.246578409911: Sending message <GossipMessage:12_1> to Peer_14:peer
Peer_13:peer INFO 3315.2542628210213: Received message <GossipMessage:12_1> from Peer_4:peer
Peer_13:peer INFO 3315.4496776037604: Received message <GossipMessage:12_1> from Peer_15:peer
Peer_13:peer INFO 3315.775167788406: Received message <GossipMessage:12_1> from Peer_15:peer
Peer_13:peer INFO 3388.3006984751382: Received message <GossipMessage:12_1> from Peer_15:peer
Peer_13:peer INFO 3389.0722332015544: Received message <GossipMessage:12_1> from Peer_21:peer
Peer_13:peer INFO 3389.118111738191: Received message <GossipMessage:12_1> from Peer_21:peer
Peer_13:peer INFO 3389.1922864005332: Received message <GossipMessage:12_1> from Peer_15:peer
Peer_13:peer INFO 3421.7116436436154: Received message <GossipMessage:12_1> from Peer_16:peer
Peer_13:peer INFO 3465.9713504756382: Received message <GossipMessage:13_1> from Peer_4:peer
Peer_13:peer INFO 3465.9713504756382: Sending message <GossipMessage:13_1> to Peer_21:peer
Peer_13:peer INFO 3465.9713504756382: Sending message <GossipMessage:13_1> to Peer_16:peer
Peer_13:peer INFO 3465.9713504756382: Sending message <GossipMessage:13_1> to Peer_14:peer
Peer_13:peer INFO 3466.4796987861137: Received message <GossipMessage:13_1> from Peer_4:peer
Peer_13:peer INFO 3471.007062640374: Received message <GossipMessage:12_1> from Peer_16:peer
Peer_13:peer INFO 3500: Sending message <Ping:> to Peer_26:bootstrap
Peer_13:peer INFO 3514.557789287667: Received message <GossipMessage:13_1> from Peer_21:peer
Peer_13:peer INFO 3514.557789287667: Sending message <GossipMessage:13_1> to Peer_14:peer
Peer_13:peer INFO 3514.557789287667: Sending message <GossipMessage:13_1> to Peer_15:peer
Peer_13:peer INFO 3514.557789287667: Sending message <GossipMessage:13_1> to Peer_16:peer
Peer_13:peer INFO 3515.4571910806435: Received message <GossipMessage:13_1> from Peer_15:peer
Peer_13:peer INFO 3515.4611539628345: Received message <GossipMessage:13_1> from Peer_14:peer
Peer_13:peer INFO 3515.6565862521657: Received message <GossipMessage:13_1> from Peer_15:peer
Peer_13:peer INFO 3515.930811095932: Received message <GossipMessage:13_1> from Peer_4:peer
Peer_13:peer INFO 3515.9750835937525: Received message <GossipMessage:13_1> from Peer_14:peer
Peer_13:peer INFO 3516.0481645346035: Received message <GossipMessage:13_1> from Peer_14:peer
Peer_13:peer INFO 3516.0481645346035: Sending message <GossipMessage:13_1> to Peer_16:peer
Peer_13:peer INFO 3516.0481645346035: Sending message <GossipMessage:13_1> to Peer_15:peer
Peer_13:peer INFO 3516.0481645346035: Sending message <GossipMessage:13_1> to Peer_4:peer
Peer_13:peer INFO 3516.270899518123: Received message <GossipMessage:13_1> from Peer_15:peer
Peer_13:peer INFO 3516.270899518123: Sending message <GossipMessage:13_1> to Peer_16:peer
Peer_13:peer INFO 3516.270899518123: Sending message <GossipMessage:13_1> to Peer_14:peer
Peer_13:peer INFO 3516.270899518123: Sending message <GossipMessage:13_1> to Peer_4:peer
Peer_13:peer INFO 3516.376652539261: Received message <GossipMessage:13_1> from Peer_15:peer
Peer_13:peer INFO 3516.376652539261: Sending message <GossipMessage:13_1> to Peer_21:peer
Peer_13:peer INFO 3516.376652539261: Sending message <GossipMessage:13_1> to Peer_16:peer
Peer_13:peer INFO 3516.376652539261: Sending message <GossipMessage:13_1> to Peer_14:peer
Peer_13:peer INFO 3516.448773849504: Received message <GossipMessage:13_1> from Peer_4:peer
Peer_13:peer INFO 3516.448773849504: Sending message <GossipMessage:13_1> to Peer_15:peer
Peer_13:peer INFO 3516.448773849504: Sending message <GossipMessage:13_1> to Peer_14:peer
Peer_13:peer INFO 3516.448773849504: Sending message <GossipMessage:13_1> to Peer_16:peer
Peer_13:peer INFO 3516.5689087934434: Received message <GossipMessage:13_1> from Peer_14:peer
Peer_13:peer INFO 3516.5689087934434: Sending message <GossipMessage:13_1> to Peer_16:peer
Peer_13:peer INFO 3516.5689087934434: Sending message <GossipMessage:13_1> to Peer_4:peer
Peer_13:peer INFO 3516.5689087934434: Sending message <GossipMessage:13_1> to Peer_15:peer
Peer_13:peer INFO 3516.630400356793: Received message <GossipMessage:13_1> from Peer_4:peer
Peer_13:peer INFO 3516.718659708923: Received message <GossipMessage:13_1> from Peer_4:peer
Peer_13:peer INFO 3565.4837204864934: Received message <Hello:> from Peer_1:client
Peer_13:peer INFO 3565.4837204864934: Connecting to Peer_1:client
Peer_13:peer INFO 3565.4837204864934: Sending message <Hello:> to Peer_1:client
Peer_13:peer INFO 3565.4837204864934: Sending message <RequestPeers:> to Peer_1:client
Peer_13:peer INFO 3565.5866048766707: Received message <Ping:> from Peer_26:bootstrap
Peer_13:peer INFO 3565.5866048766707: Sending message <Pong:> to Peer_26:bootstrap
Peer_13:peer INFO 3588.3695902907502: Received message <GossipMessage:13_1> from Peer_15:peer
Peer_13:peer INFO 3588.420021595247: Received message <GossipMessage:13_1> from Peer_21:peer
Peer_13:peer INFO 3589.324815497129: Received message <GossipMessage:13_1> from Peer_15:peer
Peer_13:peer INFO 3590.8349695454076: Received message <GossipMessage:13_1> from Peer_21:peer
Peer_13:peer INFO 3621.6249221809317: Received message <GossipMessage:13_1> from Peer_16:peer
Peer_13:peer INFO 3621.6605278242646: Received message <GossipMessage:13_1> from Peer_15:peer
Peer_13:peer INFO 3631.1065786065587: Received message <Pong:> from Peer_26:bootstrap
Peer_13:peer INFO 3665.4450787242026: Received message <GossipMessage:14_1> from Peer_1:client
Peer_13:peer INFO 3665.4450787242026: Sending message <GossipMessage:14_1> to Peer_4:peer
Peer_13:peer INFO 3665.4450787242026: Sending message <GossipMessage:14_1> to Peer_21:peer
Peer_13:peer INFO 3665.4450787242026: Sending message <GossipMessage:14_1> to Peer_14:peer
Peer_13:peer INFO 3666.0398746970486: Received message <GossipMessage:14_1> from Peer_4:peer
Peer_13:peer INFO 3666.0398746970486: Sending message <GossipMessage:14_1> to Peer_14:peer
Peer_13:peer INFO 3666.0398746970486: Sending message <GossipMessage:14_1> to Peer_16:peer
Peer_13:peer INFO 3666.0398746970486: Sending message <GossipMessage:14_1> to Peer_15:peer
Peer_13:peer INFO 3666.6714299520017: Received message <GossipMessage:14_1> from Peer_4:peer
Peer_13:peer INFO 3672.168116720056: Received message <GossipMessage:13_1> from Peer_16:peer
Peer_13:peer INFO 3696.512721851474: Received message <PeerList> from Peer_1:client
Peer_13:peer INFO 3714.8873485833683: Received message <GossipMessage:14_1> from Peer_15:peer
Peer_13:peer INFO 3714.8873485833683: Sending message <GossipMessage:14_1> to Peer_16:peer
Peer_13:peer INFO 3714.8873485833683: Sending message <GossipMessage:14_1> to Peer_14:peer
Peer_13:peer INFO 3714.8873485833683: Sending message <GossipMessage:14_1> to Peer_21:peer
Peer_13:peer INFO 3714.9818437120216: Received message <GossipMessage:14_1> from Peer_15:peer
Peer_13:peer INFO 3715.1233569053693: Received message <GossipMessage:14_1> from Peer_15:peer
Peer_13:peer INFO 3715.1981550588685: Received message <GossipMessage:14_1> from Peer_21:peer
Peer_13:peer INFO 3715.1981550588685: Sending message <GossipMessage:14_1> to Peer_15:peer
Peer_13:peer INFO 3715.1981550588685: Sending message <GossipMessage:14_1> to Peer_14:peer
Peer_13:peer INFO 3715.1981550588685: Sending message <GossipMessage:14_1> to Peer_4:peer
Peer_13:peer INFO 3715.202145893848: Received message <GossipMessage:14_1> from Peer_4:peer
Peer_13:peer INFO 3715.372277130582: Received message <GossipMessage:14_1> from Peer_15:peer
Peer_13:peer INFO 3715.625120988497: Received message <GossipMessage:14_1> from Peer_14:peer
Peer_13:peer INFO 3715.830089239: Received message <GossipMessage:14_1> from Peer_4:peer
Peer_13:peer INFO 3787.8823113758986: Received message <GossipMessage:14_1> from Peer_15:peer
Peer_13:peer INFO 3788.6825365693303: Received message <GossipMessage:14_1> from Peer_15:peer
Peer_13:peer INFO 3789.318437551189: Received message <GossipMessage:14_1> from Peer_15:peer
Peer_13:peer INFO 3789.364032920834: Received message <GossipMessage:14_1> from Peer_21:peer
Peer_13:peer INFO 3821.7333426181817: Received message <GossipMessage:14_1> from Peer_15:peer
Peer_13:peer INFO 3821.7347424566533: Received message <GossipMessage:14_1> from Peer_16:peer
Peer_13:peer INFO 3821.7618398456098: Received message <GossipMessage:14_1> from Peer_16:peer
Peer_13:peer INFO 3821.8646670591406: Received message <GossipMessage:14_1> from Peer_15:peer
Peer_13:peer INFO 3865.5819124178815: Received message <GossipMessage:15_1> from Peer_1:client
Peer_13:peer INFO 3865.5819124178815: Sending message <GossipMessage:15_1> to Peer_16:peer
Peer_13:peer INFO 3865.5819124178815: Sending message <GossipMessage:15_1> to Peer_15:peer
Peer_13:peer INFO 3865.5819124178815: Sending message <GossipMessage:15_1> to Peer_4:peer
Peer_13:peer INFO 3866.0662562629436: Received message <GossipMessage:15_1> from Peer_4:peer
Peer_13:peer INFO 3866.0662562629436: Sending message <GossipMessage:15_1> to Peer_15:peer
Peer_13:peer INFO 3866.0662562629436: Sending message <GossipMessage:15_1> to Peer_21:peer
Peer_13:peer INFO 3866.0662562629436: Sending message <GossipMessage:15_1> to Peer_14:peer
Peer_13:peer INFO 3866.7626586829656: Received message <GossipMessage:15_1> from Peer_4:peer
Peer_13:peer INFO 3913.313138041009: Received message <GossipMessage:15_1> from Peer_14:peer
Peer_13:peer INFO 3913.313138041009: Sending message <GossipMessage:15_1> to Peer_16:peer
Peer_13:peer INFO 3913.313138041009: Sending message <GossipMessage:15_1> to Peer_15:peer
Peer_13:peer INFO 3913.313138041009: Sending message <GossipMessage:15_1> to Peer_21:peer
Peer_13:peer INFO 3913.6813819092713: Received message <GossipMessage:15_1> from Peer_15:peer
Peer_13:peer INFO 3913.6813819092713: Sending message <GossipMessage:15_1> to Peer_14:peer
Peer_13:peer INFO 3913.6813819092713: Sending message <GossipMessage:15_1> to Peer_4:peer
Peer_13:peer INFO 3913.6813819092713: Sending message <GossipMessage:15_1> to Peer_16:peer
Peer_13:peer INFO 3913.8521852040985: Received message <GossipMessage:15_1> from Peer_4:peer
Peer_13:peer INFO 3913.873813549896: Received message <GossipMessage:15_1> from Peer_15:peer
Peer_13:peer INFO 3914.371802739795: Received message <GossipMessage:15_1> from Peer_15:peer
Peer_13:peer INFO 3914.890924311848: Received message <GossipMessage:15_1> from Peer_21:peer
Peer_13:peer INFO 3914.890924311848: Sending message <GossipMessage:15_1> to Peer_15:peer
Peer_13:peer INFO 3914.890924311848: Sending message <GossipMessage:15_1> to Peer_16:peer
Peer_13:peer INFO 3914.890924311848: Sending message <GossipMessage:15_1> to Peer_4:peer
Peer_13:peer INFO 3915.1108960127667: Received message <GossipMessage:15_1> from Peer_14:peer
Peer_13:peer INFO 3915.1108960127667: Sending message <GossipMessage:15_1> to Peer_15:peer
Peer_13:peer INFO 3915.1108960127667: Sending message <GossipMessage:15_1> to Peer_21:peer
Peer_13:peer INFO 3915.1108960127667: Sending message <GossipMessage:15_1> to Peer_4:peer
Peer_13:peer INFO 3915.1636166855556: Received message <GossipMessage:15_1> from Peer_15:peer
Peer_13:peer INFO 3915.3271751298307: Received message <GossipMessage:15_1> from Peer_14:peer
Peer_13:peer INFO 3915.7968677538606: Received message <GossipMessage:15_1> from Peer_15:peer
Peer_13:peer INFO 3915.7968677538606: Sending message <GossipMessage:15_1> to Peer_21:peer
Peer_13:peer INFO 3915.7968677538606: Sending message <GossipMessage:15_1> to Peer_16:peer
Peer_13:peer INFO 3915.7968677538606: Sending message <GossipMessage:15_1> to Peer_14:peer
Peer_13:peer INFO 3916.0878871148743: Received message <GossipMessage:15_1> from Peer_21:peer
Peer_13:peer INFO 3916.0878871148743: Sending message <GossipMessage:15_1> to Peer_4:peer
Peer_13:peer INFO 3916.0878871148743: Sending message <GossipMessage:15_1> to Peer_14:peer
Peer_13:peer INFO 3916.0878871148743: Sending message <GossipMessage:15_1> to Peer_16:peer
Peer_13:peer INFO 3916.1409304271133: Received message <GossipMessage:15_1> from Peer_14:peer
Peer_13:peer INFO 3987.8260648527703: Received message <GossipMessage:15_1> from Peer_21:peer
Peer_13:peer INFO 3989.507929234825: Received message <GossipMessage:15_1> from Peer_21:peer
Peer_13:peer INFO 4021.790258457314: Received message <GossipMessage:15_1> from Peer_15:peer
Peer_13:peer INFO 4021.844847563245: Received message <GossipMessage:15_1> from Peer_4:peer
Peer_13:peer INFO 4021.853868309137: Received message <GossipMessage:15_1> from Peer_16:peer
Peer_13:peer INFO 4021.862759999705: Received message <GossipMessage:15_1> from Peer_15:peer
Peer_13:peer INFO 4021.88527962435: Received message <GossipMessage:15_1> from Peer_16:peer
Peer_13:peer INFO 4065.4361710636276: Received message <RequestPeers:> from Peer_1:client
Peer_13:peer INFO 4065.4361710636276: Sending message <PeerList> to Peer_1:client
Peer_13:peer INFO 4065.7340408298146: Received message <GossipMessage:16_1> from Peer_1:client
Peer_13:peer INFO 4065.7340408298146: Sending message <GossipMessage:16_1> to Peer_15:peer
Peer_13:peer INFO 4065.7340408298146: Sending message <GossipMessage:16_1> to Peer_21:peer
Peer_13:peer INFO 4065.7340408298146: Sending message <GossipMessage:16_1> to Peer_4:peer
Peer_13:peer INFO 4066.3945298865: Received message <GossipMessage:16_1> from Peer_4:peer
Peer_13:peer INFO 4114.2385085750675: Received message <GossipMessage:16_1> from Peer_14:peer
Peer_13:peer INFO 4114.2385085750675: Sending message <GossipMessage:16_1> to Peer_15:peer
Peer_13:peer INFO 4114.2385085750675: Sending message <GossipMessage:16_1> to Peer_4:peer
Peer_13:peer INFO 4114.2385085750675: Sending message <GossipMessage:16_1> to Peer_21:peer
Peer_13:peer INFO 4114.491040971691: Received message <GossipMessage:16_1> from Peer_15:peer
Peer_13:peer INFO 4114.491040971691: Sending message <GossipMessage:16_1> to Peer_16:peer
Peer_13:peer INFO 4114.491040971691: Sending message <GossipMessage:16_1> to Peer_21:peer
Peer_13:peer INFO 4114.491040971691: Sending message <GossipMessage:16_1> to Peer_4:peer
Peer_13:peer INFO 4114.537917746165: Received message <GossipMessage:16_1> from Peer_14:peer
Peer_13:peer INFO 4114.777139358193: Received message <GossipMessage:16_1> from Peer_4:peer
Peer_13:peer INFO 4114.783788462807: Received message <GossipMessage:16_1> from Peer_15:peer
Peer_13:peer INFO 4114.783788462807: Sending message <GossipMessage:16_1> to Peer_4:peer
Peer_13:peer INFO 4114.783788462807: Sending message <GossipMessage:16_1> to Peer_14:peer
Peer_13:peer INFO 4114.783788462807: Sending message <GossipMessage:16_1> to Peer_16:peer
Peer_13:peer INFO 4114.927098624946: Received message <GossipMessage:16_1> from Peer_14:peer
Peer_13:peer INFO 4115.03276091518: Received message <GossipMessage:16_1> from Peer_4:peer
Peer_13:peer INFO 4115.25794440729: Received message <GossipMessage:16_1> from Peer_21:peer
Peer_13:peer INFO 4115.25794440729: Sending message <GossipMessage:16_1> to Peer_4:peer
Peer_13:peer INFO 4115.25794440729: Sending message <GossipMessage:16_1> to Peer_16:peer
Peer_13:peer INFO 4115.25794440729: Sending message <GossipMessage:16_1> to Peer_14:peer
Peer_13:peer INFO 4115.294827857339: Received message <GossipMessage:16_1> from Peer_21:peer
Peer_13:peer INFO 4115.294827857339: Sending message <GossipMessage:16_1> to Peer_15:peer
Peer_13:peer INFO 4115.294827857339: Sending message <GossipMessage:16_1> to Peer_14:peer
Peer_13:peer INFO 4115.294827857339: Sending message <GossipMessage:16_1> to Peer_16:peer
Peer_13:peer INFO 4115.328625909071: Received message <GossipMessage:16_1> from Peer_14:peer
Peer_13:peer INFO 4115.399217661495: Received message <GossipMessage:16_1> from Peer_15:peer
Peer_13:peer INFO 4186.789280278313: Received message <GossipMessage:16_1> from Peer_21:peer
Peer_13:peer INFO 4188.0036558535: Received message <GossipMessage:16_1> from Peer_15:peer
Peer_13:peer INFO 4188.076208523587: Received message <GossipMessage:16_1> from Peer_15:peer
Peer_13:peer INFO 4188.100488120843: Received message <GossipMessage:16_1> from Peer_15:peer
Peer_13:peer INFO 4189.241647488681: Received message <GossipMessage:16_1> from Peer_21:peer
Peer_13:peer INFO 4221.915780693266: Received message <GossipMessage:16_1> from Peer_16:peer
Peer_13:peer INFO 4222.062511664239: Received message <GossipMessage:16_1> from Peer_14:peer
Peer_13:peer INFO 4265.249191694226: Received message <GossipMessage:17_1> from Peer_1:client
Peer_13:peer INFO 4265.249191694226: Sending message <GossipMessage:17_1> to Peer_16:peer
Peer_13:peer INFO 4265.249191694226: Sending message <GossipMessage:17_1> to Peer_4:peer
Peer_13:peer INFO 4265.249191694226: Sending message <GossipMessage:17_1> to Peer_14:peer
Peer_13:peer INFO 4266.15142835193: Received message <GossipMessage:17_1> from Peer_4:peer
Peer_13:peer INFO 4266.15142835193: Sending message <GossipMessage:17_1> to Peer_15:peer
Peer_13:peer INFO 4266.15142835193: Sending message <GossipMessage:17_1> to Peer_21:peer
Peer_13:peer INFO 4266.15142835193: Sending message <GossipMessage:17_1> to Peer_14:peer
Peer_13:peer INFO 4266.340113912554: Received message <GossipMessage:17_1> from Peer_4:peer
Peer_13:peer INFO 4313.954098745015: Received message <GossipMessage:17_1> from Peer_4:peer
Peer_13:peer INFO 4313.954098745015: Sending message <GossipMessage:17_1> to Peer_16:peer
Peer_13:peer INFO 4313.954098745015: Sending message <GossipMessage:17_1> to Peer_14:peer
Peer_13:peer INFO 4313.954098745015: Sending message <GossipMessage:17_1> to Peer_15:peer
Peer_13:peer INFO 4314.347973593282: Received message <GossipMessage:17_1> from Peer_15:peer
Peer_13:peer INFO 4315.226395166964: Received message <GossipMessage:17_1> from Peer_4:peer
Peer_13:peer INFO 4315.301245566648: Received message <GossipMessage:17_1> from Peer_14:peer
Peer_13:peer INFO 4315.331526482332: Received message <GossipMessage:17_1> from Peer_14:peer
Peer_13:peer INFO 4315.331526482332: Sending message <GossipMessage:17_1> to Peer_16:peer
Peer_13:peer INFO 4315.331526482332: Sending message <GossipMessage:17_1> to Peer_21:peer
Peer_13:peer INFO 4315.331526482332: Sending message <GossipMessage:17_1> to Peer_15:peer
Peer_13:peer INFO 4315.61541163643: Received message <GossipMessage:17_1> from Peer_15:peer
Peer_13:peer INFO 4315.61541163643: Sending message <GossipMessage:17_1> to Peer_4:peer
Peer_13:peer INFO 4315.61541163643: Sending message <GossipMessage:17_1> to Peer_14:peer
Peer_13:peer INFO 4315.61541163643: Sending message <GossipMessage:17_1> to Peer_16:peer
Peer_13:peer INFO 4315.64189365592: Received message <GossipMessage:17_1> from Peer_21:peer
Peer_13:peer INFO 4315.64189365592: Sending message <GossipMessage:17_1> to Peer_15:peer
Peer_13:peer INFO 4315.64189365592: Sending message <GossipMessage:17_1> to Peer_16:peer
Peer_13:peer INFO 4315.64189365592: Sending message <GossipMessage:17_1> to Peer_14:peer
Peer_13:peer INFO 4315.8634011904705: Received message <GossipMessage:17_1> from Peer_15:peer
Peer_13:peer INFO 4315.88190200961: Received message <GossipMessage:17_1> from Peer_4:peer
Peer_13:peer INFO 4421.529286538963: Received message <GossipMessage:17_1> from Peer_16:peer
Peer_13:peer INFO 4421.594976812326: Received message <GossipMessage:17_1> from Peer_4:peer
Peer_13:peer INFO 4421.76082083245: Received message <GossipMessage:17_1> from Peer_16:peer
Peer_13:peer INFO 4421.86568751175: Received message <GossipMessage:17_1> from Peer_16:peer
Peer_13:peer INFO 4422.029857795811: Received message <GossipMessage:17_1> from Peer_15:peer
Peer_13:peer INFO 4465.637905793552: Received message <GossipMessage:18_1> from Peer_1:client
Peer_13:peer INFO 4465.637905793552: Sending message <GossipMessage:18_1> to Peer_21:peer
Peer_13:peer INFO 4465.637905793552: Sending message <GossipMessage:18_1> to Peer_15:peer
Peer_13:peer INFO 4465.637905793552: Sending message <GossipMessage:18_1> to Peer_4:peer
Peer_13:peer INFO 4466.064066159419: Received message <GossipMessage:18_1> from Peer_4:peer
Peer_13:peer INFO 4466.064066159419: Sending message <GossipMessage:18_1> to Peer_15:peer
Peer_13:peer INFO 4466.064066159419: Sending message <GossipMessage:18_1> to Peer_14:peer
Peer_13:peer INFO 4466.064066159419: Sending message <GossipMessage:18_1> to Peer_21:peer
Peer_13:peer INFO 4466.720499420079: Received message <GossipMessage:18_1> from Peer_4:peer
Peer_13:peer INFO 4469.644760533543: Received message <GossipMessage:17_1> from Peer_16:peer
Peer_13:peer INFO 4500: Sending message <Ping:> to Peer_26:bootstrap
Peer_13:peer INFO 4513.999547069631: Received message <GossipMessage:18_1> from Peer_15:peer
Peer_13:peer INFO 4513.999547069631: Sending message <GossipMessage:18_1> to Peer_14:peer
Peer_13:peer INFO 4513.999547069631: Sending message <GossipMessage:18_1> to Peer_21:peer
Peer_13:peer INFO 4513.999547069631: Sending message <GossipMessage:18_1> to Peer_16:peer
Peer_13:peer INFO 4514.190714638275: Received message <GossipMessage:18_1> from Peer_4:peer
Peer_13:peer INFO 4514.190714638275: Sending message <GossipMessage:18_1> to Peer_16:peer
Peer_13:peer INFO 4514.190714638275: Sending message <GossipMessage:18_1> to Peer_21:peer
Peer_13:peer INFO 4514.190714638275: Sending message <GossipMessage:18_1> to Peer_14:peer
Peer_13:peer INFO 4514.19651304576: Received message <GossipMessage:18_1> from Peer_14:peer
Peer_13:peer INFO 4514.19651304576: Sending message <GossipMessage:18_1> to Peer_16:peer
Peer_13:peer INFO 4514.19651304576: Sending message <GossipMessage:18_1> to Peer_15:peer
Peer_13:peer INFO 4514.19651304576: Sending message <GossipMessage:18_1> to Peer_21:peer
Peer_13:peer INFO 4515.165170325368: Received message <GossipMessage:18_1> from Peer_4:peer
Peer_13:peer INFO 4515.216427089197: Received message <GossipMessage:18_1> from Peer_14:peer
Peer_13:peer INFO 4515.576822992442: Received message <GossipMessage:18_1> from Peer_21:peer
Peer_13:peer INFO 4515.576822992442: Sending message <GossipMessage:18_1> to Peer_4:peer
Peer_13:peer INFO 4515.576822992442: Sending message <GossipMessage:18_1> to Peer_14:peer
Peer_13:peer INFO 4515.576822992442: Sending message <GossipMessage:18_1> to Peer_16:peer
Peer_13:peer INFO 4515.830830113742: Received message <GossipMessage:18_1> from Peer_14:peer
Peer_13:peer INFO 4515.830830113742: Sending message <GossipMessage:18_1> to Peer_16:peer
Peer_13:peer INFO 4515.830830113742: Sending message <GossipMessage:18_1> to Peer_15:peer
Peer_13:peer INFO 4515.830830113742: Sending message <GossipMessage:18_1> to Peer_21:peer
Peer_13:peer INFO 4516.194133577509: Received message <GossipMessage:18_1> from Peer_14:peer
Peer_13:peer INFO 4516.2102472893985: Received message <GossipMessage:18_1> from Peer_15:peer
Peer_13:peer INFO 4516.252857358925: Received message <GossipMessage:18_1> from Peer_15:peer
Peer_13:peer INFO 4565.476773515454: Received message <Ping:> from Peer_26:bootstrap
Peer_13:peer INFO 4565.476773515454: Sending message <Pong:> to Peer_26:bootstrap
Peer_13:peer INFO 4588.001179773107: Received message <GossipMessage:18_1> from Peer_15:peer
Peer_13:peer INFO 4589.694314671022: Received message <GossipMessage:18_1> from Peer_21:peer
Peer_13:peer INFO 4621.801131066338: Received message <GossipMessage:18_1> from Peer_16:peer
Peer_13:peer INFO 4621.883844503089: Received message <GossipMessage:18_1> from Peer_4:peer
Peer_13:peer INFO 4621.921867814179: Received message <GossipMessage:18_1> from Peer_16:peer
Peer_13:peer INFO 4630.8234092597495: Received message <Pong:> from Peer_26:bootstrap
Peer_13:peer INFO 4665.789498586311: Received message <GossipMessage:19_1> from Peer_1:client
Peer_13:peer INFO 4665.789498586311: Sending message <GossipMessage:19_1> to Peer_4:peer
Peer_13:peer INFO 4665.789498586311: Sending message <GossipMessage:19_1> to Peer_14:peer
Peer_13:peer INFO 4665.789498586311: Sending message <GossipMessage:19_1> to Peer_21:peer
Peer_13:peer INFO 4666.090995587791: Received message <GossipMessage:19_1> from Peer_4:peer
Peer_13:peer INFO 4666.090995587791: Sending message <GossipMessage:19_1> to Peer_21:peer
Peer_13:peer INFO 4666.090995587791: Sending message <GossipMessage:19_1> to Peer_16:peer
Peer_13:peer INFO 4666.090995587791: Sending message <GossipMessage:19_1> to Peer_15:peer
Peer_13:peer INFO 4666.690185052251: Received message <GossipMessage:19_1> from Peer_4:peer
Peer_13:peer INFO 4666.749400531004: Received message <GossipMessage:19_1> from Peer_4:peer
Peer_13:peer INFO 4669.995316260913: Received message <GossipMessage:18_1> from Peer_16:peer
Peer_13:peer INFO 4714.9489737371105: Received message <GossipMessage:19_1> from Peer_15:peer
Peer_13:peer INFO 4714.9489737371105: Sending message <GossipMessage:19_1> to Peer_16:peer
Peer_13:peer INFO 4714.9489737371105: Sending message <GossipMessage:19_1> to Peer_14:peer
Peer_13:peer INFO 4714.9489737371105: Sending message <GossipMessage:19_1> to Peer_21:peer
Peer_13:peer INFO 4715.123943457011: Received message <GossipMessage:19_1> from Peer_14:peer
Peer_13:peer INFO 4715.123943457011: Sending message <GossipMessage:19_1> to Peer_4:peer
Peer_13:peer INFO 4715.123943457011: Sending message <GossipMessage:19_1> to Peer_16:peer
Peer_13:peer INFO 4715.123943457011: Sending message <GossipMessage:19_1> to Peer_21:peer
Peer_13:peer INFO 4715.294922793125: Received message <GossipMessage:19_1> from Peer_14:peer
Peer_13:peer INFO 4715.294922793125: Sending message <GossipMessage:19_1> to Peer_21:peer
Peer_13:peer INFO 4715.294922793125: Sending message <GossipMessage:19_1> to Peer_15:peer
Peer_13:peer INFO 4715.294922793125: Sending message <GossipMessage:19_1> to Peer_4:peer
Peer_13:peer INFO 4715.350484486406: Received message <GossipMessage:19_1> from Peer_15:peer
Peer_13:peer INFO 4715.350484486406: Sending message <GossipMessage:19_1> to Peer_16:peer
Peer_13:peer INFO 4715.350484486406: Sending message <GossipMessage:19_1> to Peer_4:peer
Peer_13:peer INFO 4715.350484486406: Sending message <GossipMessage:19_1> to Peer_21:peer
Peer_13:peer INFO 4715.397952618627: Received message <GossipMessage:19_1> from Peer_14:peer
Peer_13:peer INFO 4715.492383126982: Received message <GossipMessage:19_1> from Peer_4:peer
Peer_13:peer INFO 4715.628974391726: Received message <GossipMessage:19_1> from Peer_15:peer
Peer_13:peer INFO 4716.356748526372: Received message <GossipMessage:19_1> from Peer_21:peer
Peer_13:peer INFO 4716.356748526372: Sending message <GossipMessage:19_1> to Peer_14:peer
Peer_13:peer INFO 4716.356748526372: Sending message <GossipMessage:19_1> to Peer_15:peer
Peer_13:peer INFO 4716.356748526372: Sending message <GossipMessage:19_1> to Peer_4:peer
Peer_13:peer INFO 4787.530541234516: Received message <GossipMessage:19_1> from Peer_15:peer
Peer_13:peer INFO 4788.739380739873: Received message <GossipMessage:19_1> from Peer_15:peer
Peer_13:peer INFO 4789.627277884007: Received message <GossipMessage:19_1> from Peer_21:peer
Peer_13:peer INFO 4821.785162698144: Received message <GossipMessage:19_1> from Peer_16:peer
Peer_13:peer INFO 4822.070127047873: Received message <GossipMessage:19_1> from Peer_16:peer
Peer_13:peer INFO 4822.364674673402: Received message <GossipMessage:19_1> from Peer_16:peer
Peer_13:peer INFO 4865.409483077924: Received message <GossipMessage:20_1> from Peer_1:client
Peer_13:peer INFO 4865.409483077924: Sending message <GossipMessage:20_1> to Peer_21:peer
Peer_13:peer INFO 4865.409483077924: Sending message <GossipMessage:20_1> to Peer_15:peer
Peer_13:peer INFO 4865.409483077924: Sending message <GossipMessage:20_1> to Peer_16:peer
Peer_13:peer INFO 4866.351535089517: Received message <GossipMessage:20_1> from Peer_4:peer
Peer_13:peer INFO 4914.734807658253: Received message <GossipMessage:20_1> from Peer_14:peer
Peer_13:peer INFO 4914.734807658253: Sending message <GossipMessage:20_1> to Peer_15:peer
Peer_13:peer INFO 4914.734807658253: Sending message <GossipMessage:20_1> to Peer_4:peer
Peer_13:peer INFO 4914.734807658253: Sending message <GossipMessage:20_1> to Peer_21:peer
Peer_13:peer INFO 4915.026102750813: Received message <GossipMessage:20_1> from Peer_15:peer
Peer_13:peer INFO 4915.026102750813: Sending message <GossipMessage:20_1> to Peer_16:peer
Peer_13:peer INFO 4915.026102750813: Sending message <GossipMessage:20_1> to Peer_4:peer
Peer_13:peer INFO 4915.026102750813: Sending message <GossipMessage:20_1> to Peer_14:peer
Peer_13:peer INFO 4915.316242382615: Received message <GossipMessage:20_1> from Peer_21:peer
Peer_13:peer INFO 4915.316242382615: Sending message <GossipMessage:20_1> to Peer_14:peer
Peer_13:peer INFO 4915.316242382615: Sending message <GossipMessage:20_1> to Peer_15:peer
Peer_13:peer INFO 4915.316242382615: Sending message <GossipMessage:20_1> to Peer_16:peer
Peer_13:peer INFO 4915.478809707278: Received message <GossipMessage:20_1> from Peer_4:peer
Peer_13:peer INFO 4915.801527885702: Received message <GossipMessage:20_1> from Peer_14:peer
Peer_13:peer INFO 4915.836711400688: Received message <GossipMessage:20_1> from Peer_4:peer
Peer_13:peer INFO 4916.241939036511: Received message <GossipMessage:20_1> from Peer_14:peer
Peer_13:peer INFO 4989.306936515618: Received message <GossipMessage:20_1> from Peer_21:peer
Peer_13:peer INFO 4989.382099867182: Received message <GossipMessage:20_1> from Peer_21:peer
Peer_13:peer INFO 5021.653311496604: Received message <GossipMessage:20_1> from Peer_14:peer
Peer_13:peer INFO 5021.718529792647: Received message <GossipMessage:20_1> from Peer_4:peer
Peer_13:peer INFO 5021.743225102074: Received message <GossipMessage:20_1> from Peer_16:peer
Peer_13:peer INFO 5021.954313047362: Received message <GossipMessage:20_1> from Peer_16:peer
Peer_13:peer INFO 5065.532168687076: Received message <Ping:> from Peer_1:client
Peer_13:peer INFO 5065.532168687076: Sending message <Pong:> to Peer_1:client
Peer_13:peer INFO 5066.665986263686: Received message <GossipMessage:21_1> from Peer_4:peer
Peer_13:peer INFO 5114.8416951070585: Received message <GossipMessage:21_1> from Peer_4:peer
Peer_13:peer INFO 5114.852347263019: Received message <GossipMessage:21_1> from Peer_15:peer
Peer_13:peer INFO 5114.949358878954: Received message <GossipMessage:21_1> from Peer_14:peer
Peer_13:peer INFO 5114.983121179307: Received message <GossipMessage:21_1> from Peer_14:peer
Peer_13:peer INFO 5115.07659580883: Received message <GossipMessage:21_1> from Peer_14:peer
Peer_13:peer INFO 5115.07659580883: Sending message <GossipMessage:21_1> to Peer_16:peer
Peer_13:peer INFO 5115.07659580883: Sending message <GossipMessage:21_1> to Peer_21:peer
Peer_13:peer INFO 5115.07659580883: Sending message <GossipMessage:21_1> to Peer_4:peer
Peer_13:peer INFO 5115.16868637198: Received message <GossipMessage:21_1> from Peer_15:peer
Peer_13:peer INFO 5115.16868637198: Sending message <GossipMessage:21_1> to Peer_21:peer
Peer_13:peer INFO 5115.16868637198: Sending message <GossipMessage:21_1> to Peer_16:peer
Peer_13:peer INFO 5115.16868637198: Sending message <GossipMessage:21_1> to Peer_4:peer
Peer_13:peer INFO 5115.275777209665: Received message <GossipMessage:21_1> from Peer_21:peer
Peer_13:peer INFO 5115.275777209665: Sending message <GossipMessage:21_1> to Peer_16:peer
Peer_13:peer INFO 5115.275777209665: Sending message <GossipMessage:21_1> to Peer_14:peer
Peer_13:peer INFO 5115.275777209665: Sending message <GossipMessage:21_1> to Peer_15:peer
Peer_13:peer INFO 5115.432052464294: Received message <GossipMessage:21_1> from Peer_14:peer
Peer_13:peer INFO 5115.432052464294: Sending message <GossipMessage:21_1> to Peer_15:peer
Peer_13:peer INFO 5115.432052464294: Sending message <GossipMessage:21_1> to Peer_4:peer
Peer_13:peer INFO 5115.432052464294: Sending message <GossipMessage:21_1> to Peer_21:peer
Peer_13:peer INFO 5115.471543414508: Received message <GossipMessage:21_1> from Peer_15:peer
Peer_13:peer INFO 5115.471543414508: Sending message <GossipMessage:21_1> to Peer_16:peer
Peer_13:peer INFO 5115.471543414508: Sending message <GossipMessage:21_1> to Peer_4:peer
Peer_13:peer INFO 5115.471543414508: Sending message <GossipMessage:21_1> to Peer_21:peer
Peer_13:peer INFO 5115.69002129713: Received message <GossipMessage:21_1> from Peer_4:peer
Peer_13:peer INFO 5115.709528433244: Received message <GossipMessage:21_1> from Peer_14:peer
Peer_13:peer INFO 5115.860733984757: Received message <GossipMessage:21_1> from Peer_14:peer
Peer_13:peer INFO 5186.661203118234: Received message <GossipMessage:21_1> from Peer_15:peer
Peer_13:peer INFO 5188.14167418502: Received message <GossipMessage:21_1> from Peer_21:peer
