Peer_1:client WARNING 0: Not enough peers, fetching more (0, 15)
Peer_1:client INFO 0.46748767851409473: Connecting to Peer_26:bootstrap
Peer_1:client INFO 0.9533085519126122: Received message <RequestPeers:> from Peer_26:bootstrap
Peer_1:client INFO 0.9533085519126122: Sending message <PeerList> to Peer_26:bootstrap
Peer_1:client INFO 0.9545419067355154: Received message <Hello:> from Peer_26:bootstrap
Peer_1:client WARNING 500: Not enough peers, fetching more (1, 15)
Peer_1:client INFO 500: Sending message <RequestPeers:> to Peer_26:bootstrap
Peer_1:client INFO 500.9792734997823: Received message <PeerList> from Peer_26:bootstrap
Peer_1:client WARNING 1000: Not enough peers, fetching more (1, 15)
Peer_1:client INFO 1000: Sending message <RequestPeers:> to Peer_26:bootstrap
Peer_1:client INFO 1001.0067829418033: Received message <PeerList> from Peer_26:bootstrap
Peer_1:client INFO 1035.6965077594425: Received message <Hello:> from Peer_6:peer
Peer_1:client INFO 1035.6965077594425: Connecting to Peer_6:peer
Peer_1:client INFO 1035.6965077594425: Sending message <Hello:> to Peer_6:peer
Peer_1:client INFO 1035.6965077594425: Sending message <RequestPeers:> to Peer_6:peer
Peer_1:client INFO 1065.5145364159537: Connecting to Peer_11:peer
Peer_1:client INFO 1109.1303408797214: Received message <PeerList> from Peer_6:peer
Peer_1:client INFO 1131.0751268993704: Received message <RequestPeers:> from Peer_11:peer
Peer_1:client INFO 1131.0751268993704: Sending message <PeerList> to Peer_11:peer
Peer_1:client INFO 1131.1800216409981: Received message <Hello:> from Peer_11:peer
Peer_1:client INFO 1200.0: Sending message <GossipMessage:2_1> to Peer_11:peer
Peer_1:client INFO 1200.0: Sending message <GossipMessage:2_1> to Peer_6:peer
Peer_1:client INFO 1400.0: Sending message <GossipMessage:3_1> to Peer_11:peer
Peer_1:client INFO 1400.0: Sending message <GossipMessage:3_1> to Peer_6:peer
Peer_1:client WARNING 1500: Not enough peers, fetching more (3, 15)
Peer_1:client INFO 1500: Sending message <RequestPeers:> to Peer_11:peer
Peer_1:client INFO 1500: Sending message <RequestPeers:> to Peer_6:peer
Peer_1:client INFO 1500: Sending message <RequestPeers:> to Peer_26:bootstrap
Peer_1:client INFO 1500.4740418273766: Connecting to Peer_24:peer
Peer_1:client INFO 1500.9777274154164: Received message <RequestPeers:> from Peer_24:peer
Peer_1:client INFO 1500.9777274154164: Sending message <PeerList> to Peer_24:peer
Peer_1:client INFO 1500.9816301769472: Received message <Hello:> from Peer_24:peer
Peer_1:client INFO 1500.9974854217503: Received message <PeerList> from Peer_26:bootstrap
Peer_1:client INFO 1536.43201106939: Received message <Hello:> from Peer_21:peer
Peer_1:client INFO 1536.43201106939: Connecting to Peer_21:peer
Peer_1:client INFO 1536.43201106939: Sending message <Hello:> to Peer_21:peer
Peer_1:client INFO 1536.43201106939: Sending message <RequestPeers:> to Peer_21:peer
Peer_1:client INFO 1572.9942097920616: Received message <PeerList> from Peer_6:peer
Peer_1:client INFO 1600.0: Sending message <GossipMessage:4_1> to Peer_24:peer
Peer_1:client INFO 1600.0: Sending message <GossipMessage:4_1> to Peer_11:peer
Peer_1:client INFO 1600.0: Sending message <GossipMessage:4_1> to Peer_21:peer
Peer_1:client INFO 1600.0: Sending message <GossipMessage:4_1> to Peer_6:peer
Peer_1:client INFO 1610.7185620261193: Received message <PeerList> from Peer_21:peer
Peer_1:client INFO 1630.9632587703295: Received message <PeerList> from Peer_11:peer
Peer_1:client INFO 1800.0: Sending message <GossipMessage:5_1> to Peer_21:peer
Peer_1:client INFO 1800.0: Sending message <GossipMessage:5_1> to Peer_6:peer
Peer_1:client INFO 1800.0: Sending message <GossipMessage:5_1> to Peer_24:peer
Peer_1:client INFO 1800.0: Sending message <GossipMessage:5_1> to Peer_11:peer
Peer_1:client WARNING 2000: Not enough peers, fetching more (5, 15)
Peer_1:client INFO 2000: Sending message <RequestPeers:> to Peer_11:peer
Peer_1:client INFO 2000: Sending message <RequestPeers:> to Peer_26:bootstrap
Peer_1:client INFO 2000: Sending message <RequestPeers:> to Peer_21:peer
Peer_1:client INFO 2000: Sending message <RequestPeers:> to Peer_6:peer
Peer_1:client INFO 2000: Sending message <RequestPeers:> to Peer_24:peer
Peer_1:client INFO 2000.0: Sending message <GossipMessage:6_1> to Peer_21:peer
Peer_1:client INFO 2000.0: Sending message <GossipMessage:6_1> to Peer_11:peer
Peer_1:client INFO 2000.0: Sending message <GossipMessage:6_1> to Peer_6:peer
Peer_1:client INFO 2000.0: Sending message <GossipMessage:6_1> to Peer_24:peer
Peer_1:client INFO 2000.5320636421814: Connecting to Peer_12:peer
Peer_1:client INFO 2001.0008802883128: Received message <PeerList> from Peer_24:peer
Peer_1:client INFO 2001.0073624516567: Received message <Hello:> from Peer_12:peer
Peer_1:client INFO 2001.0420921573368: Received message <PeerList> from Peer_26:bootstrap
Peer_1:client INFO 2001.0529438067088: Received message <RequestPeers:> from Peer_12:peer
Peer_1:client INFO 2001.0529438067088: Sending message <PeerList> to Peer_12:peer
Peer_1:client INFO 2036.74034499757: Connecting to Peer_8:peer
Peer_1:client INFO 2073.158143951867: Received message <PeerList> from Peer_6:peer
Peer_1:client INFO 2073.3052546154972: Received message <RequestPeers:> from Peer_8:peer
Peer_1:client INFO 2073.3052546154972: Sending message <PeerList> to Peer_8:peer
Peer_1:client INFO 2073.573041174245: Received message <PeerList> from Peer_21:peer
Peer_1:client INFO 2074.0058423595906: Received message <Hello:> from Peer_8:peer
Peer_1:client INFO 2130.8913111344536: Received message <PeerList> from Peer_11:peer
Peer_1:client INFO 2200.0: Sending message <GossipMessage:7_1> to Peer_21:peer
Peer_1:client INFO 2200.0: Sending message <GossipMessage:7_1> to Peer_12:peer
Peer_1:client INFO 2200.0: Sending message <GossipMessage:7_1> to Peer_24:peer
Peer_1:client INFO 2200.0: Sending message <GossipMessage:7_1> to Peer_11:peer
Peer_1:client INFO 2200.0: Sending message <GossipMessage:7_1> to Peer_6:peer
Peer_1:client INFO 2200.0: Sending message <GossipMessage:7_1> to Peer_8:peer
Peer_1:client INFO 2400.0: Sending message <GossipMessage:8_1> to Peer_6:peer
Peer_1:client INFO 2400.0: Sending message <GossipMessage:8_1> to Peer_8:peer
Peer_1:client INFO 2400.0: Sending message <GossipMessage:8_1> to Peer_24:peer
Peer_1:client INFO 2400.0: Sending message <GossipMessage:8_1> to Peer_21:peer
Peer_1:client INFO 2400.0: Sending message <GossipMessage:8_1> to Peer_11:peer
Peer_1:client INFO 2400.0: Sending message <GossipMessage:8_1> to Peer_12:peer
Peer_1:client WARNING 2500: Not enough peers, fetching more (7, 15)
Peer_1:client INFO 2500: Sending message <RequestPeers:> to Peer_21:peer
Peer_1:client INFO 2500: Sending message <RequestPeers:> to Peer_12:peer
Peer_1:client INFO 2500: Sending message <RequestPeers:> to Peer_24:peer
Peer_1:client INFO 2500: Sending message <RequestPeers:> to Peer_6:peer
Peer_1:client INFO 2500: Sending message <RequestPeers:> to Peer_8:peer
Peer_1:client INFO 2500.9387497348825: Received message <PeerList> from Peer_24:peer
Peer_1:client INFO 2500.949098858494: Received message <PeerList> from Peer_12:peer
Peer_1:client INFO 2536.388032902021: Connecting to Peer_22:peer
Peer_1:client INFO 2537.1015151873626: Connecting to Peer_15:peer
Peer_1:client INFO 2537.171268488555: Connecting to Peer_14:peer
Peer_1:client INFO 2572.663980880281: Received message <RequestPeers:> from Peer_22:peer
Peer_1:client INFO 2572.663980880281: Sending message <PeerList> to Peer_22:peer
Peer_1:client INFO 2572.7426534463693: Received message <PeerList> from Peer_6:peer
Peer_1:client INFO 2572.8984014787547: Received message <Hello:> from Peer_22:peer
Peer_1:client INFO 2573.1544659175574: Received message <Hello:> from Peer_14:peer
Peer_1:client INFO 2573.495340250473: Received message <RequestPeers:> from Peer_15:peer
Peer_1:client INFO 2573.495340250473: Sending message <PeerList> to Peer_15:peer
Peer_1:client INFO 2574.7142207711445: Received message <Hello:> from Peer_15:peer
Peer_1:client INFO 2574.762652107488: Received message <PeerList> from Peer_8:peer
Peer_1:client INFO 2574.799909028258: Received message <RequestPeers:> from Peer_14:peer
Peer_1:client INFO 2574.799909028258: Sending message <PeerList> to Peer_14:peer
Peer_1:client INFO 2575.0628664374526: Received message <PeerList> from Peer_21:peer
Peer_1:client INFO 2600.0: Sending message <GossipMessage:9_1> to Peer_12:peer
Peer_1:client INFO 2600.0: Sending message <GossipMessage:9_1> to Peer_15:peer
Peer_1:client INFO 2600.0: Sending message <GossipMessage:9_1> to Peer_24:peer
Peer_1:client INFO 2600.0: Sending message <GossipMessage:9_1> to Peer_22:peer
Peer_1:client INFO 2600.0: Sending message <GossipMessage:9_1> to Peer_21:peer
Peer_1:client INFO 2600.0: Sending message <GossipMessage:9_1> to Peer_14:peer
Peer_1:client INFO 2600.0: Sending message <GossipMessage:9_1> to Peer_11:peer
Peer_1:client INFO 2600.0: Sending message <GossipMessage:9_1> to Peer_6:peer
Peer_1:client INFO 2600.0: Sending message <GossipMessage:9_1> to Peer_8:peer
Peer_1:client INFO 2800.0: Sending message <GossipMessage:10_1> to Peer_12:peer
Peer_1:client INFO 2800.0: Sending message <GossipMessage:10_1> to Peer_6:peer
Peer_1:client INFO 2800.0: Sending message <GossipMessage:10_1> to Peer_15:peer
Peer_1:client INFO 2800.0: Sending message <GossipMessage:10_1> to Peer_24:peer
Peer_1:client INFO 2800.0: Sending message <GossipMessage:10_1> to Peer_11:peer
Peer_1:client INFO 2800.0: Sending message <GossipMessage:10_1> to Peer_21:peer
Peer_1:client INFO 2800.0: Sending message <GossipMessage:10_1> to Peer_8:peer
Peer_1:client INFO 2800.0: Sending message <GossipMessage:10_1> to Peer_14:peer
Peer_1:client INFO 2800.0: Sending message <GossipMessage:10_1> to Peer_22:peer
Peer_1:client WARNING 3000: Not enough peers, fetching more (10, 15)
Peer_1:client INFO 3000: Sending message <RequestPeers:> to Peer_8:peer
Peer_1:client INFO 3000: Sending message <RequestPeers:> to Peer_11:peer
Peer_1:client INFO 3000: Sending message <RequestPeers:> to Peer_26:bootstrap
Peer_1:client INFO 3000: Sending message <RequestPeers:> to Peer_21:peer
Peer_1:client INFO 3000: Sending message <RequestPeers:> to Peer_14:peer
Peer_1:client INFO 3000: Sending message <Ping:> to Peer_26:bootstrap
Peer_1:client INFO 3000: Sending message <Ping:> to Peer_11:peer
Peer_1:client INFO 3000.0: Sending message <GossipMessage:11_1> to Peer_15:peer
Peer_1:client INFO 3000.0: Sending message <GossipMessage:11_1> to Peer_14:peer
Peer_1:client INFO 3000.0: Sending message <GossipMessage:11_1> to Peer_8:peer
Peer_1:client INFO 3000.0: Sending message <GossipMessage:11_1> to Peer_11:peer
Peer_1:client INFO 3000.0: Sending message <GossipMessage:11_1> to Peer_21:peer
Peer_1:client INFO 3000.0: Sending message <GossipMessage:11_1> to Peer_24:peer
Peer_1:client INFO 3000.0: Sending message <GossipMessage:11_1> to Peer_22:peer
Peer_1:client INFO 3000.0: Sending message <GossipMessage:11_1> to Peer_6:peer
Peer_1:client INFO 3000.0: Sending message <GossipMessage:11_1> to Peer_12:peer
Peer_1:client INFO 3000.568122083468: Received message <Ping:> from Peer_26:bootstrap
Peer_1:client INFO 3000.568122083468: Sending message <Pong:> to Peer_26:bootstrap
Peer_1:client INFO 3000.944824710512: Received message <PeerList> from Peer_26:bootstrap
Peer_1:client INFO 3000.973878342508: Received message <Pong:> from Peer_26:bootstrap
Peer_1:client INFO 3065.2845003501266: Connecting to Peer_7:peer
Peer_1:client INFO 3073.714475451198: Received message <PeerList> from Peer_8:peer
Peer_1:client INFO 3073.875858022503: Received message <PeerList> from Peer_14:peer
Peer_1:client INFO 3076.087798731228: Received message <PeerList> from Peer_21:peer
Peer_1:client INFO 3130.714126585538: Received message <RequestPeers:> from Peer_7:peer
Peer_1:client INFO 3130.714126585538: Sending message <PeerList> to Peer_7:peer
Peer_1:client INFO 3130.7738363457515: Received message <Hello:> from Peer_7:peer
Peer_1:client INFO 3130.8759481982415: Received message <PeerList> from Peer_11:peer
Peer_1:client INFO 3131.2496150157795: Received message <Pong:> from Peer_11:peer
Peer_1:client INFO 3200.0: Sending message <GossipMessage:12_1> to Peer_15:peer
Peer_1:client INFO 3200.0: Sending message <GossipMessage:12_1> to Peer_8:peer
Peer_1:client INFO 3200.0: Sending message <GossipMessage:12_1> to Peer_11:peer
Peer_1:client INFO 3200.0: Sending message <GossipMessage:12_1> to Peer_21:peer
Peer_1:client INFO 3200.0: Sending message <GossipMessage:12_1> to Peer_7:peer
Peer_1:client INFO 3200.0: Sending message <GossipMessage:12_1> to Peer_12:peer
Peer_1:client INFO 3200.0: Sending message <GossipMessage:12_1> to Peer_14:peer
Peer_1:client INFO 3200.0: Sending message <GossipMessage:12_1> to Peer_22:peer
Peer_1:client INFO 3200.0: Sending message <GossipMessage:12_1> to Peer_24:peer
Peer_1:client INFO 3200.0: Sending message <GossipMessage:12_1> to Peer_6:peer
Peer_1:client INFO 3400.0: Sending message <GossipMessage:13_1> to Peer_24:peer
Peer_1:client INFO 3400.0: Sending message <GossipMessage:13_1> to Peer_12:peer
Peer_1:client INFO 3400.0: Sending message <GossipMessage:13_1> to Peer_8:peer
Peer_1:client INFO 3400.0: Sending message <GossipMessage:13_1> to Peer_11:peer
Peer_1:client INFO 3400.0: Sending message <GossipMessage:13_1> to Peer_15:peer
Peer_1:client INFO 3400.0: Sending message <GossipMessage:13_1> to Peer_7:peer
Peer_1:client INFO 3400.0: Sending message <GossipMessage:13_1> to Peer_22:peer
Peer_1:client INFO 3400.0: Sending message <GossipMessage:13_1> to Peer_14:peer
Peer_1:client INFO 3400.0: Sending message <GossipMessage:13_1> to Peer_6:peer
Peer_1:client INFO 3400.0: Sending message <GossipMessage:13_1> to Peer_21:peer
Peer_1:client WARNING 3500: Not enough peers, fetching more (11, 15)
Peer_1:client INFO 3500: Sending message <RequestPeers:> to Peer_14:peer
Peer_1:client INFO 3500: Sending message <RequestPeers:> to Peer_15:peer
Peer_1:client INFO 3500: Sending message <RequestPeers:> to Peer_22:peer
Peer_1:client INFO 3500: Sending message <RequestPeers:> to Peer_26:bootstrap
Peer_1:client INFO 3500: Sending message <RequestPeers:> to Peer_8:peer
Peer_1:client INFO 3500: Sending message <Ping:> to Peer_6:peer
Peer_1:client INFO 3500: Sending message <Ping:> to Peer_24:peer
Peer_1:client INFO 3500: Sending message <Ping:> to Peer_12:peer
Peer_1:client INFO 3500: Sending message <Ping:> to Peer_22:peer
Peer_1:client INFO 3500: Sending message <Ping:> to Peer_15:peer
Peer_1:client INFO 3500.923324007012: Received message <Pong:> from Peer_12:peer
Peer_1:client INFO 3500.99724956734: Received message <PeerList> from Peer_26:bootstrap
Peer_1:client INFO 3501.086931914655: Received message <Pong:> from Peer_24:peer
Peer_1:client INFO 3536.269620111235: Connecting to Peer_25:peer
Peer_1:client INFO 3565.4837204864934: Connecting to Peer_13:peer
Peer_1:client INFO 3572.2810668099805: Received message <Pong:> from Peer_6:peer
Peer_1:client INFO 3572.6613495396937: Received message <PeerList> from Peer_22:peer
Peer_1:client INFO 3573.4427946599426: Received message <RequestPeers:> from Peer_25:peer
Peer_1:client INFO 3573.4427946599426: Sending message <PeerList> to Peer_25:peer
Peer_1:client INFO 3573.5165939540766: Received message <PeerList> from Peer_15:peer
Peer_1:client INFO 3573.664228994797: Received message <Hello:> from Peer_25:peer
Peer_1:client INFO 3574.087083266648: Received message <Pong:> from Peer_22:peer
Peer_1:client INFO 3574.243001401491: Received message <PeerList> from Peer_8:peer
Peer_1:client INFO 3574.641933170411: Received message <PeerList> from Peer_14:peer
Peer_1:client INFO 3574.749644122732: Received message <Pong:> from Peer_15:peer
Peer_1:client INFO 3600.0: Sending message <GossipMessage:14_1> to Peer_7:peer
Peer_1:client INFO 3600.0: Sending message <GossipMessage:14_1> to Peer_12:peer
Peer_1:client INFO 3600.0: Sending message <GossipMessage:14_1> to Peer_24:peer
Peer_1:client INFO 3600.0: Sending message <GossipMessage:14_1> to Peer_22:peer
Peer_1:client INFO 3600.0: Sending message <GossipMessage:14_1> to Peer_25:peer
Peer_1:client INFO 3600.0: Sending message <GossipMessage:14_1> to Peer_11:peer
Peer_1:client INFO 3600.0: Sending message <GossipMessage:14_1> to Peer_21:peer
Peer_1:client INFO 3600.0: Sending message <GossipMessage:14_1> to Peer_6:peer
Peer_1:client INFO 3600.0: Sending message <GossipMessage:14_1> to Peer_14:peer
Peer_1:client INFO 3600.0: Sending message <GossipMessage:14_1> to Peer_13:peer
Peer_1:client INFO 3631.0377097675223: Received message <RequestPeers:> from Peer_13:peer
Peer_1:client INFO 3631.0377097675223: Sending message <PeerList> to Peer_13:peer
Peer_1:client INFO 3631.1008519513284: Received message <Hello:> from Peer_13:peer
Peer_1:client INFO 3800.0: Sending message <GossipMessage:15_1> to Peer_11:peer
Peer_1:client INFO 3800.0: Sending message <GossipMessage:15_1> to Peer_12:peer
Peer_1:client INFO 3800.0: Sending message <GossipMessage:15_1> to Peer_22:peer
Peer_1:client INFO 3800.0: Sending message <GossipMessage:15_1> to Peer_14:peer
Peer_1:client INFO 3800.0: Sending message <GossipMessage:15_1> to Peer_6:peer
Peer_1:client INFO 3800.0: Sending message <GossipMessage:15_1> to Peer_13:peer
Peer_1:client INFO 3800.0: Sending message <GossipMessage:15_1> to Peer_15:peer
Peer_1:client INFO 3800.0: Sending message <GossipMessage:15_1> to Peer_24:peer
Peer_1:client INFO 3800.0: Sending message <GossipMessage:15_1> to Peer_21:peer
Peer_1:client INFO 3800.0: Sending message <GossipMessage:15_1> to Peer_7:peer
Peer_1:client WARNING 4000: Not enough peers, fetching more (13, 15)
Peer_1:client INFO 4000: Sending message <RequestPeers:> to Peer_24:peer
Peer_1:client INFO 4000: Sending message <RequestPeers:> to Peer_14:peer
Peer_1:client INFO 4000: Sending message <RequestPeers:> to Peer_7:peer
Peer_1:client INFO 4000: Sending message <RequestPeers:> to Peer_25:peer
Peer_1:client INFO 4000: Sending message <RequestPeers:> to Peer_13:peer
Peer_1:client INFO 4000: Sending message <Ping:> to Peer_11:peer
Peer_1:client INFO 4000: Sending message <Ping:> to Peer_21:peer
Peer_1:client INFO 4000: Sending message <Ping:> to Peer_7:peer
Peer_1:client INFO 4000.0: Sending message <GossipMessage:16_1> to Peer_12:peer
Peer_1:client INFO 4000.0: Sending message <GossipMessage:16_1> to Peer_24:peer
Peer_1:client INFO 4000.0: Sending message <GossipMessage:16_1> to Peer_6:peer
Peer_1:client INFO 4000.0: Sending message <GossipMessage:16_1> to Peer_13:peer
Peer_1:client INFO 4000.0: Sending message <GossipMessage:16_1> to Peer_22:peer
Peer_1:client INFO 4000.0: Sending message <GossipMessage:16_1> to Peer_21:peer
Peer_1:client INFO 4000.0: Sending message <GossipMessage:16_1> to Peer_15:peer
Peer_1:client INFO 4000.0: Sending message <GossipMessage:16_1> to Peer_8:peer
Peer_1:client INFO 4000.0: Sending message <GossipMessage:16_1> to Peer_25:peer
Peer_1:client INFO 4000.0: Sending message <GossipMessage:16_1> to Peer_14:peer
Peer_1:client INFO 4000.981875822861: Received message <PeerList> from Peer_24:peer
Peer_1:client INFO 4065.559383714035: Connecting to Peer_23:peer
Peer_1:client INFO 4073.468421019311: Received message <PeerList> from Peer_14:peer
Peer_1:client INFO 4074.6244236273815: Received message <PeerList> from Peer_25:peer
Peer_1:client INFO 4074.694263251976: Received message <Pong:> from Peer_21:peer
Peer_1:client INFO 4130.747650433111: Received message <PeerList> from Peer_7:peer
Peer_1:client INFO 4130.835803582081: Received message <Hello:> from Peer_23:peer
Peer_1:client INFO 4130.8983498477: Received message <PeerList> from Peer_13:peer
Peer_1:client INFO 4130.927322143147: Received message <RequestPeers:> from Peer_23:peer
Peer_1:client INFO 4130.927322143147: Sending message <PeerList> to Peer_23:peer
Peer_1:client INFO 4130.963921187731: Received message <Pong:> from Peer_11:peer
Peer_1:client INFO 4131.139884246852: Received message <Pong:> from Peer_7:peer
Peer_1:client INFO 4200.0: Sending message <GossipMessage:17_1> to Peer_22:peer
Peer_1:client INFO 4200.0: Sending message <GossipMessage:17_1> to Peer_13:peer
Peer_1:client INFO 4200.0: Sending message <GossipMessage:17_1> to Peer_14:peer
Peer_1:client INFO 4200.0: Sending message <GossipMessage:17_1> to Peer_15:peer
Peer_1:client INFO 4200.0: Sending message <GossipMessage:17_1> to Peer_25:peer
Peer_1:client INFO 4200.0: Sending message <GossipMessage:17_1> to Peer_7:peer
Peer_1:client INFO 4200.0: Sending message <GossipMessage:17_1> to Peer_24:peer
Peer_1:client INFO 4200.0: Sending message <GossipMessage:17_1> to Peer_12:peer
Peer_1:client INFO 4200.0: Sending message <GossipMessage:17_1> to Peer_23:peer
Peer_1:client INFO 4200.0: Sending message <GossipMessage:17_1> to Peer_11:peer
Peer_1:client INFO 4400.0: Sending message <GossipMessage:18_1> to Peer_11:peer
Peer_1:client INFO 4400.0: Sending message <GossipMessage:18_1> to Peer_7:peer
Peer_1:client INFO 4400.0: Sending message <GossipMessage:18_1> to Peer_8:peer
Peer_1:client INFO 4400.0: Sending message <GossipMessage:18_1> to Peer_24:peer
Peer_1:client INFO 4400.0: Sending message <GossipMessage:18_1> to Peer_15:peer
Peer_1:client INFO 4400.0: Sending message <GossipMessage:18_1> to Peer_23:peer
Peer_1:client INFO 4400.0: Sending message <GossipMessage:18_1> to Peer_12:peer
Peer_1:client INFO 4400.0: Sending message <GossipMessage:18_1> to Peer_22:peer
Peer_1:client INFO 4400.0: Sending message <GossipMessage:18_1> to Peer_14:peer
Peer_1:client INFO 4400.0: Sending message <GossipMessage:18_1> to Peer_13:peer
Peer_1:client WARNING 4500: Not enough peers, fetching more (14, 15)
Peer_1:client INFO 4500: Sending message <Ping:> to Peer_26:bootstrap
Peer_1:client INFO 4500: Sending message <Ping:> to Peer_6:peer
Peer_1:client INFO 4500: Sending message <Ping:> to Peer_12:peer
Peer_1:client INFO 4500: Sending message <Ping:> to Peer_8:peer
Peer_1:client INFO 4500: Sending message <Ping:> to Peer_22:peer
Peer_1:client INFO 4500: Sending message <Ping:> to Peer_15:peer
Peer_1:client INFO 4500.490995412206: Received message <Ping:> from Peer_26:bootstrap
Peer_1:client INFO 4500.490995412206: Sending message <Pong:> to Peer_26:bootstrap
Peer_1:client INFO 4500.554234176029: Connecting to Peer_18:peer
Peer_1:client INFO 4500.955755181487: Received message <Pong:> from Peer_12:peer
Peer_1:client INFO 4500.9892788450115: Received message <Pong:> from Peer_26:bootstrap
Peer_1:client INFO 4501.036536557852: Received message <Hello:> from Peer_18:peer
Peer_1:client INFO 4501.042350162363: Received message <RequestPeers:> from Peer_18:peer
Peer_1:client INFO 4501.042350162363: Sending message <PeerList> to Peer_18:peer
Peer_1:client INFO 4573.666519207847: Received message <Pong:> from Peer_6:peer
Peer_1:client INFO 4573.900090066647: Received message <Pong:> from Peer_15:peer
Peer_1:client INFO 4574.1448779522125: Received message <Pong:> from Peer_22:peer
Peer_1:client INFO 4574.787215676358: Received message <Pong:> from Peer_8:peer
Peer_1:client INFO 4600.0: Sending message <GossipMessage:19_1> to Peer_14:peer
Peer_1:client INFO 4600.0: Sending message <GossipMessage:19_1> to Peer_25:peer
Peer_1:client INFO 4600.0: Sending message <GossipMessage:19_1> to Peer_13:peer
Peer_1:client INFO 4600.0: Sending message <GossipMessage:19_1> to Peer_18:peer
Peer_1:client INFO 4600.0: Sending message <GossipMessage:19_1> to Peer_15:peer
Peer_1:client INFO 4600.0: Sending message <GossipMessage:19_1> to Peer_22:peer
Peer_1:client INFO 4600.0: Sending message <GossipMessage:19_1> to Peer_8:peer
Peer_1:client INFO 4600.0: Sending message <GossipMessage:19_1> to Peer_12:peer
Peer_1:client INFO 4600.0: Sending message <GossipMessage:19_1> to Peer_7:peer
Peer_1:client INFO 4600.0: Sending message <GossipMessage:19_1> to Peer_21:peer
Peer_1:client INFO 4800.0: Sending message <GossipMessage:20_1> to Peer_24:peer
Peer_1:client INFO 4800.0: Sending message <GossipMessage:20_1> to Peer_23:peer
Peer_1:client INFO 4800.0: Sending message <GossipMessage:20_1> to Peer_14:peer
Peer_1:client INFO 4800.0: Sending message <GossipMessage:20_1> to Peer_6:peer
Peer_1:client INFO 4800.0: Sending message <GossipMessage:20_1> to Peer_13:peer
Peer_1:client INFO 4800.0: Sending message <GossipMessage:20_1> to Peer_7:peer
Peer_1:client INFO 4800.0: Sending message <GossipMessage:20_1> to Peer_22:peer
Peer_1:client INFO 4800.0: Sending message <GossipMessage:20_1> to Peer_25:peer
Peer_1:client INFO 4800.0: Sending message <GossipMessage:20_1> to Peer_8:peer
Peer_1:client INFO 4800.0: Sending message <GossipMessage:20_1> to Peer_18:peer
Peer_1:client INFO 5000: Sending message <Ping:> to Peer_11:peer
Peer_1:client INFO 5000: Sending message <Ping:> to Peer_24:peer
Peer_1:client INFO 5000: Sending message <Ping:> to Peer_21:peer
Peer_1:client INFO 5000: Sending message <Ping:> to Peer_14:peer
Peer_1:client INFO 5000: Sending message <Ping:> to Peer_7:peer
Peer_1:client INFO 5000: Sending message <Ping:> to Peer_25:peer
Peer_1:client INFO 5000: Sending message <Ping:> to Peer_13:peer
Peer_1:client INFO 5000: Sending message <Ping:> to Peer_23:peer
Peer_1:client INFO 5000.0: Sending message <GossipMessage:21_1> to Peer_14:peer
Peer_1:client INFO 5000.0: Sending message <GossipMessage:21_1> to Peer_21:peer
Peer_1:client INFO 5000.0: Sending message <GossipMessage:21_1> to Peer_6:peer
Peer_1:client INFO 5000.0: Sending message <GossipMessage:21_1> to Peer_22:peer
Peer_1:client INFO 5000.0: Sending message <GossipMessage:21_1> to Peer_25:peer
Peer_1:client INFO 5000.0: Sending message <GossipMessage:21_1> to Peer_15:peer
Peer_1:client INFO 5000.0: Sending message <GossipMessage:21_1> to Peer_8:peer
Peer_1:client INFO 5000.0: Sending message <GossipMessage:21_1> to Peer_23:peer
Peer_1:client INFO 5000.0: Sending message <GossipMessage:21_1> to Peer_11:peer
Peer_1:client INFO 5000.0: Sending message <GossipMessage:21_1> to Peer_12:peer
Peer_1:client INFO 5000.979230765357: Received message <Pong:> from Peer_24:peer
Peer_1:client INFO 5065.678786043508: Received message <Ping:> from Peer_11:peer
Peer_1:client INFO 5065.678786043508: Sending message <Pong:> to Peer_11:peer
Peer_1:client INFO 5073.4812218768475: Received message <Pong:> from Peer_14:peer
Peer_1:client INFO 5074.081516728933: Received message <Pong:> from Peer_21:peer
Peer_1:client INFO 5074.718459758236: Received message <Pong:> from Peer_25:peer
Peer_1:client INFO 5130.839249486686: Received message <Pong:> from Peer_23:peer
Peer_1:client INFO 5131.019234109118: Received message <Pong:> from Peer_13:peer
Peer_1:client INFO 5131.164854344627: Received message <Pong:> from Peer_11:peer
Peer_1:client INFO 5131.205958722543: Received message <Pong:> from Peer_7:peer
