Peer_1:peer WARNING 0: Not enough peers, fetching more (0, 4)
Peer_1:peer INFO 0.21441149669415333: Connecting to Peer_26:bootstrap
Peer_1:peer INFO 0.4742045755160504: Received message <Hello:> from Peer_26:bootstrap
Peer_1:peer INFO 0.5260004156211932: Received message <RequestPeers:> from Peer_26:bootstrap
Peer_1:peer INFO 0.5260004156211932: Sending message <PeerList> to Peer_26:bootstrap
Peer_1:peer WARNING 500: Not enough peers, fetching more (1, 4)
Peer_1:peer INFO 500: Sending message <RequestPeers:> to Peer_26:bootstrap
Peer_1:peer INFO 500.59762206462256: Received message <PeerList> from Peer_26:bootstrap
Peer_1:peer WARNING 1000: Not enough peers, fetching more (1, 4)
Peer_1:peer INFO 1000: Sending message <RequestPeers:> to Peer_26:bootstrap
Peer_1:peer INFO 1000.5660123332746: Received message <PeerList> from Peer_26:bootstrap
Peer_1:peer INFO 1065.5592728169947: Connecting to Peer_18:peer
Peer_1:peer INFO 1065.574389999206: Received message <Hello:> from Peer_16:peer
Peer_1:peer INFO 1065.574389999206: Connecting to Peer_16:peer
Peer_1:peer INFO 1065.574389999206: Sending message <Hello:> to Peer_16:peer
Peer_1:peer INFO 1065.574389999206: Sending message <RequestPeers:> to Peer_16:peer
Peer_1:peer INFO 1130.9893228521412: Received message <RequestPeers:> from Peer_18:peer
Peer_1:peer INFO 1130.9893228521412: Sending message <PeerList> to Peer_18:peer
Peer_1:peer INFO 1131.0684012489573: Received message <Hello:> from Peer_18:peer
Peer_1:peer INFO 1196.6959364575814: Received message <PeerList> from Peer_16:peer
Peer_1:peer WARNING 1500: Not enough peers, fetching more (3, 4)
Peer_1:peer INFO 1565.432492682786: Received message <RequestPeers:> from Peer_16:peer
Peer_1:peer INFO 1565.432492682786: Sending message <PeerList> to Peer_16:peer
Peer_1:peer INFO 1578.026229911553: Connecting to Peer_8:peer
Peer_1:peer INFO 1655.9756757853456: Received message <RequestPeers:> from Peer_8:peer
Peer_1:peer INFO 1655.9756757853456: Sending message <PeerList> to Peer_8:peer
Peer_1:peer INFO 1656.027553626166: Received message <Hello:> from Peer_8:peer
Peer_1:peer INFO 2000: Sending message <Ping:> to Peer_26:bootstrap
Peer_1:peer INFO 2000: Sending message <Ping:> to Peer_18:peer
Peer_1:peer INFO 2000.2444756980035: Received message <Ping:> from Peer_26:bootstrap
Peer_1:peer INFO 2000.2444756980035: Sending message <Pong:> to Peer_26:bootstrap
Peer_1:peer INFO 2000.5299917939406: Received message <Pong:> from Peer_26:bootstrap
Peer_1:peer INFO 2065.4782137991965: Received message <Ping:> from Peer_18:peer
Peer_1:peer INFO 2065.4782137991965: Sending message <Pong:> to Peer_18:peer
Peer_1:peer INFO 2131.234813536043: Received message <Pong:> from Peer_18:peer
Peer_1:peer INFO 2500: Sending message <Ping:> to Peer_16:peer
Peer_1:peer INFO 2500: Sending message <Ping:> to Peer_8:peer
Peer_1:peer INFO 2565.4475635745985: Received message <Ping:> from Peer_16:peer
Peer_1:peer INFO 2565.4475635745985: Sending message <Pong:> to Peer_16:peer
Peer_1:peer INFO 2578.0976452148147: Received message <Ping:> from Peer_8:peer
Peer_1:peer INFO 2578.0976452148147: Sending message <Pong:> to Peer_8:peer
Peer_1:peer INFO 2631.056663223488: Received message <Pong:> from Peer_16:peer
Peer_1:peer INFO 2656.032819038417: Received message <Pong:> from Peer_8:peer
Peer_1:peer INFO 3000: Sending message <Ping:> to Peer_26:bootstrap
Peer_1:peer INFO 3000: Sending message <Ping:> to Peer_18:peer
Peer_1:peer INFO 3000.2563882290883: Received message <Ping:> from Peer_26:bootstrap
Peer_1:peer INFO 3000.2563882290883: Sending message <Pong:> to Peer_26:bootstrap
Peer_1:peer INFO 3000.551626632054: Received message <Pong:> from Peer_26:bootstrap
Peer_1:peer INFO 3065.489436575657: Received message <Ping:> from Peer_18:peer
Peer_1:peer INFO 3065.489436575657: Sending message <Pong:> to Peer_18:peer
Peer_1:peer INFO 3131.03943682355: Received message <Pong:> from Peer_18:peer
Peer_1:peer INFO 3500: Sending message <Ping:> to Peer_16:peer
Peer_1:peer INFO 3500: Sending message <Ping:> to Peer_8:peer
Peer_1:peer INFO 3565.4552366715257: Received message <Ping:> from Peer_16:peer
Peer_1:peer INFO 3565.4552366715257: Sending message <Pong:> to Peer_16:peer
Peer_1:peer INFO 3577.9964416742127: Received message <Ping:> from Peer_8:peer
Peer_1:peer INFO 3577.9964416742127: Sending message <Pong:> to Peer_8:peer
Peer_1:peer INFO 3631.1156663587194: Received message <Pong:> from Peer_16:peer
Peer_1:peer INFO 3655.9536627420725: Received message <Pong:> from Peer_8:peer
Peer_1:peer INFO 4000: Sending message <Ping:> to Peer_26:bootstrap
Peer_1:peer INFO 4000: Sending message <Ping:> to Peer_18:peer
Peer_1:peer INFO 4000.268988365941: Received message <Ping:> from Peer_26:bootstrap
Peer_1:peer INFO 4000.268988365941: Sending message <Pong:> to Peer_26:bootstrap
Peer_1:peer INFO 4000.519590382005: Received message <Pong:> from Peer_26:bootstrap
Peer_1:peer INFO 4065.5966909309673: Received message <Ping:> from Peer_18:peer
Peer_1:peer INFO 4065.5966909309673: Sending message <Pong:> to Peer_18:peer
Peer_1:peer INFO 4130.997951180897: Received message <Pong:> from Peer_18:peer
Peer_1:peer INFO 4500: Sending message <Ping:> to Peer_16:peer
Peer_1:peer INFO 4500: Sending message <Ping:> to Peer_8:peer
Peer_1:peer INFO 4565.541424063079: Received message <Ping:> from Peer_16:peer
Peer_1:peer INFO 4565.541424063079: Sending message <Pong:> to Peer_16:peer
Peer_1:peer INFO 4577.972232116266: Received message <Ping:> from Peer_8:peer
Peer_1:peer INFO 4577.972232116266: Sending message <Pong:> to Peer_8:peer
Peer_1:peer INFO 4630.735992081814: Received message <Pong:> from Peer_16:peer
Peer_1:peer INFO 4656.133009325486: Received message <Pong:> from Peer_8:peer
Peer_1:peer INFO 5000: Sending message <Ping:> to Peer_26:bootstrap
Peer_1:peer INFO 5000: Sending message <Ping:> to Peer_18:peer
Peer_1:peer INFO 5000.278708776513: Received message <Ping:> from Peer_26:bootstrap
Peer_1:peer INFO 5000.278708776513: Sending message <Pong:> to Peer_26:bootstrap
Peer_1:peer INFO 5000.5377765679: Received message <Pong:> from Peer_26:bootstrap
Peer_1:peer INFO 5065.395710731437: Received message <Ping:> from Peer_18:peer
Peer_1:peer INFO 5065.395710731437: Sending message <Pong:> to Peer_18:peer
Peer_1:peer INFO 5130.87112528713: Received message <Pong:> from Peer_18:peer
