Peer_11:peer WARNING 0: Not enough peers, fetching more (0, 4)
Peer_11:peer INFO 65.4896960752095: Connecting to Peer_26:bootstrap
Peer_11:peer INFO 130.78605600361703: Received message <RequestPeers:> from Peer_26:bootstrap
Peer_11:peer INFO 130.78605600361703: Sending message <PeerList> to Peer_26:bootstrap
Peer_11:peer INFO 131.07750061741672: Received message <Hello:> from Peer_26:bootstrap
Peer_11:peer WARNING 500: Not enough peers, fetching more (1, 4)
Peer_11:peer INFO 500: Sending message <RequestPeers:> to Peer_26:bootstrap
Peer_11:peer INFO 631.0892231348263: Received message <PeerList> from Peer_26:bootstrap
Peer_11:peer WARNING 1000: Not enough peers, fetching more (1, 4)
Peer_11:peer INFO 1000: Sending message <RequestPeers:> to Peer_26:bootstrap
Peer_11:peer INFO 1065.5145364159537: Received message <Hello:> from Peer_1:client
Peer_11:peer INFO 1065.5145364159537: Connecting to Peer_1:client
Peer_11:peer INFO 1065.5145364159537: Sending message <Hello:> to Peer_1:client
Peer_11:peer INFO 1065.5145364159537: Sending message <RequestPeers:> to Peer_1:client
Peer_11:peer INFO 1077.9372120418157: Connecting to Peer_8:peer
Peer_11:peer INFO 1130.938245336229: Received message <PeerList> from Peer_26:bootstrap
Peer_11:peer INFO 1155.9790111799468: Received message <RequestPeers:> from Peer_8:peer
Peer_11:peer INFO 1155.9790111799468: Sending message <PeerList> to Peer_8:peer
Peer_11:peer INFO 1156.000223223941: Received message <Hello:> from Peer_8:peer
Peer_11:peer INFO 1196.8097668356609: Received message <PeerList> from Peer_1:client
Peer_11:peer INFO 1265.3814649729936: Received message <GossipMessage:2_1> from Peer_1:client
Peer_11:peer INFO 1265.3814649729936: Sending message <GossipMessage:2_1> to Peer_8:peer
Peer_11:peer INFO 1465.6852994054304: Received message <GossipMessage:3_1> from Peer_1:client
Peer_11:peer INFO 1465.6852994054304: Sending message <GossipMessage:3_1> to Peer_8:peer
Peer_11:peer WARNING 1500: Not enough peers, fetching more (3, 4)
Peer_11:peer INFO 1565.4840557380637: Received message <RequestPeers:> from Peer_1:client
Peer_11:peer INFO 1565.4840557380637: Sending message <PeerList> to Peer_1:client
Peer_11:peer INFO 1578.0204233530908: Connecting to Peer_20:peer
Peer_11:peer INFO 1656.022836485314: Received message <Hello:> from Peer_20:peer
Peer_11:peer INFO 1656.0492404919357: Received message <RequestPeers:> from Peer_20:peer
Peer_11:peer INFO 1656.0492404919357: Sending message <PeerList> to Peer_20:peer
Peer_11:peer INFO 1665.5588733397406: Received message <GossipMessage:4_1> from Peer_1:client
Peer_11:peer INFO 1665.5588733397406: Sending message <GossipMessage:4_1> to Peer_20:peer
Peer_11:peer INFO 1665.5588733397406: Sending message <GossipMessage:4_1> to Peer_8:peer
Peer_11:peer INFO 1714.97357094594: Received message <GossipMessage:4_1> from Peer_20:peer
Peer_11:peer INFO 1715.0065458399279: Received message <GossipMessage:4_1> from Peer_8:peer
Peer_11:peer INFO 1715.0065458399279: Sending message <GossipMessage:4_1> to Peer_20:peer
Peer_11:peer INFO 1715.173311658717: Received message <GossipMessage:4_1> from Peer_20:peer
Peer_11:peer INFO 1788.007525939725: Received message <GossipMessage:4_1> from Peer_8:peer
Peer_11:peer INFO 1789.5653374944163: Received message <GossipMessage:4_1> from Peer_8:peer
Peer_11:peer INFO 1865.334847392979: Received message <GossipMessage:5_1> from Peer_1:client
Peer_11:peer INFO 1865.334847392979: Sending message <GossipMessage:5_1> to Peer_20:peer
Peer_11:peer INFO 1865.334847392979: Sending message <GossipMessage:5_1> to Peer_8:peer
Peer_11:peer INFO 1915.7052155006656: Received message <GossipMessage:5_1> from Peer_8:peer
Peer_11:peer INFO 1915.7052155006656: Sending message <GossipMessage:5_1> to Peer_20:peer
Peer_11:peer INFO 1915.7399927301874: Received message <GossipMessage:5_1> from Peer_20:peer
Peer_11:peer INFO 1988.440421880978: Received message <GossipMessage:5_1> from Peer_8:peer
Peer_11:peer INFO 1989.6811628232354: Received message <GossipMessage:5_1> from Peer_8:peer
Peer_11:peer INFO 2000: Sending message <Ping:> to Peer_26:bootstrap
Peer_11:peer INFO 2065.458658564914: Received message <RequestPeers:> from Peer_1:client
Peer_11:peer INFO 2065.458658564914: Sending message <PeerList> to Peer_1:client
Peer_11:peer INFO 2065.684882426658: Received message <GossipMessage:6_1> from Peer_1:client
Peer_11:peer INFO 2065.684882426658: Sending message <GossipMessage:6_1> to Peer_8:peer
Peer_11:peer INFO 2065.684882426658: Sending message <GossipMessage:6_1> to Peer_20:peer
Peer_11:peer INFO 2065.7408551022027: Received message <Ping:> from Peer_26:bootstrap
Peer_11:peer INFO 2065.7408551022027: Sending message <Pong:> to Peer_26:bootstrap
Peer_11:peer INFO 2115.437829961777: Received message <GossipMessage:6_1> from Peer_20:peer
Peer_11:peer INFO 2117.019655911281: Received message <GossipMessage:6_1> from Peer_8:peer
Peer_11:peer INFO 2117.019655911281: Sending message <GossipMessage:6_1> to Peer_20:peer
Peer_11:peer INFO 2131.0333518080724: Received message <Pong:> from Peer_26:bootstrap
Peer_11:peer INFO 2188.6951346112933: Received message <GossipMessage:6_1> from Peer_8:peer
Peer_11:peer INFO 2188.717229409742: Received message <GossipMessage:6_1> from Peer_8:peer
Peer_11:peer INFO 2265.277721966953: Received message <GossipMessage:7_1> from Peer_1:client
Peer_11:peer INFO 2265.277721966953: Sending message <GossipMessage:7_1> to Peer_8:peer
Peer_11:peer INFO 2265.277721966953: Sending message <GossipMessage:7_1> to Peer_20:peer
Peer_11:peer INFO 2314.90177263261: Received message <GossipMessage:7_1> from Peer_8:peer
Peer_11:peer INFO 2314.90177263261: Sending message <GossipMessage:7_1> to Peer_20:peer
Peer_11:peer INFO 2315.842413726667: Received message <GossipMessage:7_1> from Peer_20:peer
Peer_11:peer INFO 2317.185473124967: Received message <GossipMessage:7_1> from Peer_8:peer
Peer_11:peer INFO 2317.185473124967: Sending message <GossipMessage:7_1> to Peer_20:peer
Peer_11:peer INFO 2389.492661178777: Received message <GossipMessage:7_1> from Peer_8:peer
Peer_11:peer INFO 2422.0140439978363: Received message <GossipMessage:7_1> from Peer_8:peer
Peer_11:peer INFO 2465.563464788737: Received message <GossipMessage:8_1> from Peer_1:client
Peer_11:peer INFO 2465.563464788737: Sending message <GossipMessage:8_1> to Peer_20:peer
Peer_11:peer INFO 2465.563464788737: Sending message <GossipMessage:8_1> to Peer_8:peer
Peer_11:peer INFO 2515.199476833307: Received message <GossipMessage:8_1> from Peer_8:peer
Peer_11:peer INFO 2515.199476833307: Sending message <GossipMessage:8_1> to Peer_20:peer
Peer_11:peer INFO 2515.2903317701885: Received message <GossipMessage:8_1> from Peer_8:peer
Peer_11:peer INFO 2515.2903317701885: Sending message <GossipMessage:8_1> to Peer_20:peer
Peer_11:peer INFO 2515.326663876119: Received message <GossipMessage:8_1> from Peer_20:peer
Peer_11:peer INFO 2589.065450234429: Received message <GossipMessage:8_1> from Peer_8:peer
Peer_11:peer INFO 2621.9046230876056: Received message <GossipMessage:8_1> from Peer_8:peer
Peer_11:peer INFO 2665.6795709958924: Received message <GossipMessage:9_1> from Peer_1:client
Peer_11:peer INFO 2665.6795709958924: Sending message <GossipMessage:9_1> to Peer_8:peer
Peer_11:peer INFO 2665.6795709958924: Sending message <GossipMessage:9_1> to Peer_20:peer
Peer_11:peer INFO 2714.607017087778: Received message <GossipMessage:9_1> from Peer_8:peer
Peer_11:peer INFO 2714.607017087778: Sending message <GossipMessage:9_1> to Peer_20:peer
Peer_11:peer INFO 2715.45950230825: Received message <GossipMessage:9_1> from Peer_8:peer
Peer_11:peer INFO 2715.5698464035386: Received message <GossipMessage:9_1> from Peer_8:peer
Peer_11:peer INFO 2715.5698464035386: Sending message <GossipMessage:9_1> to Peer_20:peer
Peer_11:peer INFO 2716.1492063514333: Received message <GossipMessage:9_1> from Peer_20:peer
Peer_11:peer INFO 2716.231710292694: Received message <GossipMessage:9_1> from Peer_8:peer
Peer_11:peer INFO 2786.5739093937264: Received message <GossipMessage:9_1> from Peer_8:peer
Peer_11:peer INFO 2865.541341491833: Received message <GossipMessage:10_1> from Peer_1:client
Peer_11:peer INFO 2865.541341491833: Sending message <GossipMessage:10_1> to Peer_8:peer
Peer_11:peer INFO 2865.541341491833: Sending message <GossipMessage:10_1> to Peer_20:peer
Peer_11:peer INFO 2914.502674869137: Received message <GossipMessage:10_1> from Peer_20:peer
Peer_11:peer INFO 2914.565435523743: Received message <GossipMessage:10_1> from Peer_8:peer
Peer_11:peer INFO 2914.565435523743: Sending message <GossipMessage:10_1> to Peer_20:peer
Peer_11:peer INFO 2915.058404176271: Received message <GossipMessage:10_1> from Peer_20:peer
Peer_11:peer INFO 2915.058404176271: Sending message <GossipMessage:10_1> to Peer_8:peer
Peer_11:peer INFO 2915.1477185780827: Received message <GossipMessage:10_1> from Peer_8:peer
Peer_11:peer INFO 2915.188839229016: Received message <GossipMessage:10_1> from Peer_20:peer
Peer_11:peer INFO 2986.5095558579283: Received message <GossipMessage:10_1> from Peer_8:peer
Peer_11:peer INFO 2989.030768928601: Received message <GossipMessage:10_1> from Peer_8:peer
Peer_11:peer INFO 3000: Sending message <Ping:> to Peer_26:bootstrap
Peer_11:peer INFO 3021.8329865775904: Received message <GossipMessage:10_1> from Peer_8:peer
Peer_11:peer INFO 3065.407181568019: Received message <RequestPeers:> from Peer_1:client
Peer_11:peer INFO 3065.407181568019: Sending message <PeerList> to Peer_1:client
Peer_11:peer INFO 3065.544787599383: Received message <GossipMessage:11_1> from Peer_1:client
Peer_11:peer INFO 3065.544787599383: Sending message <GossipMessage:11_1> to Peer_20:peer
Peer_11:peer INFO 3065.544787599383: Sending message <GossipMessage:11_1> to Peer_8:peer
Peer_11:peer INFO 3065.5764930804967: Received message <Ping:> from Peer_1:client
Peer_11:peer INFO 3065.5764930804967: Sending message <Pong:> to Peer_1:client
Peer_11:peer INFO 3065.6921532051356: Received message <Ping:> from Peer_26:bootstrap
Peer_11:peer INFO 3065.6921532051356: Sending message <Pong:> to Peer_26:bootstrap
Peer_11:peer INFO 3114.216401366576: Received message <GossipMessage:11_1> from Peer_8:peer
Peer_11:peer INFO 3114.216401366576: Sending message <GossipMessage:11_1> to Peer_20:peer
Peer_11:peer INFO 3114.7176779709903: Received message <GossipMessage:11_1> from Peer_20:peer
Peer_11:peer INFO 3114.7176779709903: Sending message <GossipMessage:11_1> to Peer_8:peer
Peer_11:peer INFO 3115.1438125822765: Received message <GossipMessage:11_1> from Peer_20:peer
Peer_11:peer INFO 3115.4565056738325: Received message <GossipMessage:11_1> from Peer_8:peer
Peer_11:peer INFO 3115.708854576116: Received message <GossipMessage:11_1> from Peer_8:peer
Peer_11:peer INFO 3116.329753928243: Received message <GossipMessage:11_1> from Peer_8:peer
Peer_11:peer INFO 3116.329753928243: Sending message <GossipMessage:11_1> to Peer_20:peer
Peer_11:peer INFO 3131.1530643264796: Received message <Pong:> from Peer_26:bootstrap
Peer_11:peer INFO 3187.5884657571314: Received message <GossipMessage:11_1> from Peer_8:peer
Peer_11:peer INFO 3188.354776586965: Received message <GossipMessage:11_1> from Peer_8:peer
Peer_11:peer INFO 3188.8370661473114: Received message <GossipMessage:11_1> from Peer_8:peer
Peer_11:peer INFO 3221.865343099582: Received message <GossipMessage:11_1> from Peer_8:peer
Peer_11:peer INFO 3265.5073249799348: Received message <GossipMessage:12_1> from Peer_1:client
Peer_11:peer INFO 3265.5073249799348: Sending message <GossipMessage:12_1> to Peer_20:peer
Peer_11:peer INFO 3265.5073249799348: Sending message <GossipMessage:12_1> to Peer_8:peer
Peer_11:peer INFO 3314.6085445811505: Received message <GossipMessage:12_1> from Peer_8:peer
Peer_11:peer INFO 3314.6085445811505: Sending message <GossipMessage:12_1> to Peer_20:peer
Peer_11:peer INFO 3315.336078509383: Received message <GossipMessage:12_1> from Peer_8:peer
Peer_11:peer INFO 3315.3389051578934: Received message <GossipMessage:12_1> from Peer_20:peer
Peer_11:peer INFO 3315.474568564705: Received message <GossipMessage:12_1> from Peer_20:peer
Peer_11:peer INFO 3386.774477020648: Received message <GossipMessage:12_1> from Peer_8:peer
Peer_11:peer INFO 3390.1835078055824: Received message <GossipMessage:12_1> from Peer_8:peer
Peer_11:peer INFO 3465.1829895720502: Received message <GossipMessage:13_1> from Peer_1:client
Peer_11:peer INFO 3465.1829895720502: Sending message <GossipMessage:13_1> to Peer_8:peer
Peer_11:peer INFO 3465.1829895720502: Sending message <GossipMessage:13_1> to Peer_20:peer
Peer_11:peer INFO 3514.3138522988243: Received message <GossipMessage:13_1> from Peer_20:peer
Peer_11:peer INFO 3514.8303670589676: Received message <GossipMessage:13_1> from Peer_8:peer
Peer_11:peer INFO 3514.8303670589676: Sending message <GossipMessage:13_1> to Peer_20:peer
Peer_11:peer INFO 3515.1762852693564: Received message <GossipMessage:13_1> from Peer_20:peer
Peer_11:peer INFO 3515.1762852693564: Sending message <GossipMessage:13_1> to Peer_8:peer
Peer_11:peer INFO 3516.6031069009946: Received message <GossipMessage:13_1> from Peer_20:peer
Peer_11:peer INFO 3516.6491569785426: Received message <GossipMessage:13_1> from Peer_20:peer
Peer_11:peer INFO 3588.581284865606: Received message <GossipMessage:13_1> from Peer_8:peer
Peer_11:peer INFO 3589.5380923919083: Received message <GossipMessage:13_1> from Peer_8:peer
Peer_11:peer INFO 3622.02023289366: Received message <GossipMessage:13_1> from Peer_8:peer
Peer_11:peer INFO 3665.488252854173: Received message <GossipMessage:14_1> from Peer_1:client
Peer_11:peer INFO 3665.488252854173: Sending message <GossipMessage:14_1> to Peer_8:peer
Peer_11:peer INFO 3665.488252854173: Sending message <GossipMessage:14_1> to Peer_20:peer
Peer_11:peer INFO 3715.1115571534992: Received message <GossipMessage:14_1> from Peer_8:peer
Peer_11:peer INFO 3715.1115571534992: Sending message <GossipMessage:14_1> to Peer_20:peer
Peer_11:peer INFO 3715.2700803815146: Received message <GossipMessage:14_1> from Peer_20:peer
Peer_11:peer INFO 3715.2872477539654: Received message <GossipMessage:14_1> from Peer_8:peer
Peer_11:peer INFO 3715.5101702204083: Received message <GossipMessage:14_1> from Peer_20:peer
Peer_11:peer INFO 3715.733875493906: Received message <GossipMessage:14_1> from Peer_20:peer
Peer_11:peer INFO 3787.759420698623: Received message <GossipMessage:14_1> from Peer_8:peer
Peer_11:peer INFO 3821.881419398702: Received message <GossipMessage:14_1> from Peer_8:peer
Peer_11:peer INFO 3865.5637746743255: Received message <GossipMessage:15_1> from Peer_1:client
Peer_11:peer INFO 3865.5637746743255: Sending message <GossipMessage:15_1> to Peer_8:peer
Peer_11:peer INFO 3865.5637746743255: Sending message <GossipMessage:15_1> to Peer_20:peer
Peer_11:peer INFO 3870.824978155567: Received message <GossipMessage:14_1> from Peer_8:peer
Peer_11:peer INFO 3913.9483851466184: Received message <GossipMessage:15_1> from Peer_8:peer
Peer_11:peer INFO 3914.2127422901144: Received message <GossipMessage:15_1> from Peer_20:peer
Peer_11:peer INFO 3914.2127422901144: Sending message <GossipMessage:15_1> to Peer_8:peer
Peer_11:peer INFO 3915.0056049637883: Received message <GossipMessage:15_1> from Peer_8:peer
Peer_11:peer INFO 3915.0056049637883: Sending message <GossipMessage:15_1> to Peer_20:peer
Peer_11:peer INFO 3915.233117841962: Received message <GossipMessage:15_1> from Peer_8:peer
Peer_11:peer INFO 3916.0992344305255: Received message <GossipMessage:15_1> from Peer_20:peer
Peer_11:peer INFO 3987.8851632623882: Received message <GossipMessage:15_1> from Peer_8:peer
Peer_11:peer INFO 3988.5233644471414: Received message <GossipMessage:15_1> from Peer_8:peer
Peer_11:peer INFO 3990.6010920017443: Received message <GossipMessage:15_1> from Peer_8:peer
Peer_11:peer INFO 4000: Sending message <Ping:> to Peer_26:bootstrap
Peer_11:peer INFO 4022.378230451452: Received message <GossipMessage:15_1> from Peer_8:peer
Peer_11:peer INFO 4065.3905374685305: Received message <Ping:> from Peer_26:bootstrap
Peer_11:peer INFO 4065.3905374685305: Sending message <Pong:> to Peer_26:bootstrap
Peer_11:peer INFO 4065.4297104290854: Received message <Ping:> from Peer_1:client
Peer_11:peer INFO 4065.4297104290854: Sending message <Pong:> to Peer_1:client
Peer_11:peer INFO 4114.762986525108: Received message <GossipMessage:16_1> from Peer_20:peer
Peer_11:peer INFO 4114.770771355354: Received message <GossipMessage:16_1> from Peer_20:peer
Peer_11:peer INFO 4114.99188646808: Received message <GossipMessage:16_1> from Peer_20:peer
Peer_11:peer INFO 4114.994882736735: Received message <GossipMessage:16_1> from Peer_8:peer
Peer_11:peer INFO 4114.994882736735: Sending message <GossipMessage:16_1> to Peer_20:peer
Peer_11:peer INFO 4115.294192368095: Received message <GossipMessage:16_1> from Peer_8:peer
Peer_11:peer INFO 4115.294192368095: Sending message <GossipMessage:16_1> to Peer_20:peer
Peer_11:peer INFO 4115.396652610239: Received message <GossipMessage:16_1> from Peer_8:peer
Peer_11:peer INFO 4131.132476166591: Received message <Pong:> from Peer_26:bootstrap
Peer_11:peer INFO 4187.845531152796: Received message <GossipMessage:16_1> from Peer_8:peer
Peer_11:peer INFO 4189.042350616504: Received message <GossipMessage:16_1> from Peer_8:peer
Peer_11:peer INFO 4190.311317129441: Received message <GossipMessage:16_1> from Peer_8:peer
Peer_11:peer INFO 4265.7813908854605: Received message <GossipMessage:17_1> from Peer_1:client
Peer_11:peer INFO 4265.7813908854605: Sending message <GossipMessage:17_1> to Peer_20:peer
Peer_11:peer INFO 4265.7813908854605: Sending message <GossipMessage:17_1> to Peer_8:peer
Peer_11:peer INFO 4314.216385905613: Received message <GossipMessage:17_1> from Peer_20:peer
Peer_11:peer INFO 4315.855614118579: Received message <GossipMessage:17_1> from Peer_8:peer
Peer_11:peer INFO 4386.913537604168: Received message <GossipMessage:17_1> from Peer_8:peer
Peer_11:peer INFO 4421.785797901856: Received message <GossipMessage:17_1> from Peer_20:peer
Peer_11:peer INFO 4465.676640134162: Received message <GossipMessage:18_1> from Peer_1:client
Peer_11:peer INFO 4465.676640134162: Sending message <GossipMessage:18_1> to Peer_20:peer
Peer_11:peer INFO 4465.676640134162: Sending message <GossipMessage:18_1> to Peer_8:peer
Peer_11:peer INFO 4471.068664588993: Received message <GossipMessage:17_1> from Peer_8:peer
Peer_11:peer INFO 4514.981058703369: Received message <GossipMessage:18_1> from Peer_20:peer
Peer_11:peer INFO 4514.981058703369: Sending message <GossipMessage:18_1> to Peer_8:peer
Peer_11:peer INFO 4515.598523026925: Received message <GossipMessage:18_1> from Peer_8:peer
Peer_11:peer INFO 4515.598523026925: Sending message <GossipMessage:18_1> to Peer_20:peer
Peer_11:peer INFO 4515.722818102894: Received message <GossipMessage:18_1> from Peer_20:peer
Peer_11:peer INFO 4516.108820027017: Received message <GossipMessage:18_1> from Peer_8:peer
Peer_11:peer INFO 4516.197709772681: Received message <GossipMessage:18_1> from Peer_20:peer
Peer_11:peer INFO 4621.694015822899: Received message <GossipMessage:18_1> from Peer_20:peer
Peer_11:peer INFO 4622.100886722267: Received message <GossipMessage:18_1> from Peer_8:peer
Peer_11:peer INFO 4715.217514470987: Received message <GossipMessage:19_1> from Peer_20:peer
Peer_11:peer INFO 4715.297863300594: Received message <GossipMessage:19_1> from Peer_8:peer
Peer_11:peer INFO 4715.297863300594: Sending message <GossipMessage:19_1> to Peer_20:peer
Peer_11:peer INFO 4715.607934498077: Received message <GossipMessage:19_1> from Peer_8:peer
Peer_11:peer INFO 4786.6441313087635: Received message <GossipMessage:19_1> from Peer_8:peer
Peer_11:peer INFO 4790.163058749419: Received message <GossipMessage:19_1> from Peer_8:peer
Peer_11:peer INFO 4870.857623385188: Received message <GossipMessage:19_1> from Peer_8:peer
Peer_11:peer INFO 4914.58417120544: Received message <GossipMessage:20_1> from Peer_20:peer
Peer_11:peer INFO 4914.58417120544: Sending message <GossipMessage:20_1> to Peer_8:peer
Peer_11:peer INFO 4915.156125503772: Received message <GossipMessage:20_1> from Peer_20:peer
Peer_11:peer INFO 4915.533741249878: Received message <GossipMessage:20_1> from Peer_20:peer
Peer_11:peer INFO 4916.235744373829: Received message <GossipMessage:20_1> from Peer_20:peer
Peer_11:peer INFO 4990.398917000651: Received message <GossipMessage:20_1> from Peer_8:peer
Peer_11:peer INFO 5000: Sending message <Ping:> to Peer_26:bootstrap
Peer_11:peer INFO 5000: Sending message <Ping:> to Peer_1:client
Peer_11:peer INFO 5021.612951275634: Received message <GossipMessage:20_1> from Peer_20:peer
Peer_11:peer INFO 5065.384616293727: Received message <Ping:> from Peer_1:client
Peer_11:peer INFO 5065.384616293727: Sending message <Pong:> to Peer_1:client
Peer_11:peer INFO 5065.39441514873: Received message <Ping:> from Peer_26:bootstrap
Peer_11:peer INFO 5065.39441514873: Sending message <Pong:> to Peer_26:bootstrap
Peer_11:peer INFO 5065.608168875035: Received message <GossipMessage:21_1> from Peer_1:client
Peer_11:peer INFO 5065.608168875035: Sending message <GossipMessage:21_1> to Peer_8:peer
Peer_11:peer INFO 5065.608168875035: Sending message <GossipMessage:21_1> to Peer_20:peer
Peer_11:peer INFO 5114.53455538144: Received message <GossipMessage:21_1> from Peer_8:peer
Peer_11:peer INFO 5114.53455538144: Sending message <GossipMessage:21_1> to Peer_20:peer
Peer_11:peer INFO 5114.758166544967: Received message <GossipMessage:21_1> from Peer_20:peer
Peer_11:peer INFO 5115.5370928882085: Received message <GossipMessage:21_1> from Peer_8:peer
Peer_11:peer INFO 5115.840002858483: Received message <GossipMessage:21_1> from Peer_20:peer
Peer_11:peer INFO 5115.995377344113: Received message <GossipMessage:21_1> from Peer_20:peer
Peer_11:peer INFO 5130.941489171943: Received message <Pong:> from Peer_26:bootstrap
Peer_11:peer INFO 5131.149407395618: Received message <Pong:> from Peer_1:client
Peer_11:peer INFO 5186.663573922109: Received message <GossipMessage:21_1> from Peer_8:peer
Peer_11:peer INFO 5187.257125403151: Received message <GossipMessage:21_1> from Peer_8:peer
