Peer_7:peer WARNING 0: Not enough peers, fetching more (0, 4)
Peer_7:peer INFO 65.7870862445211: Connecting to Peer_26:bootstrap
Peer_7:peer INFO 131.44410326837695: Received message <RequestPeers:> from Peer_26:bootstrap
Peer_7:peer INFO 131.44410326837695: Sending message <PeerList> to Peer_26:bootstrap
Peer_7:peer INFO 131.4916603142787: Received message <Hello:> from Peer_26:bootstrap
Peer_7:peer WARNING 500: Not enough peers, fetching more (1, 4)
Peer_7:peer INFO 500: Sending message <RequestPeers:> to Peer_26:bootstrap
Peer_7:peer INFO 630.939912746852: Received message <PeerList> from Peer_26:bootstrap
Peer_7:peer WARNING 1000: Not enough peers, fetching more (1, 4)
Peer_7:peer INFO 1000: Sending message <RequestPeers:> to Peer_26:bootstrap
Peer_7:peer INFO 1065.5562650107715: Connecting to Peer_18:peer
Peer_7:peer INFO 1130.8234169716065: Received message <RequestPeers:> from Peer_18:peer
Peer_7:peer INFO 1130.8234169716065: Sending message <PeerList> to Peer_18:peer
Peer_7:peer INFO 1130.848477401774: Received message <PeerList> from Peer_26:bootstrap
Peer_7:peer INFO 1131.01247370081: Received message <Hello:> from Peer_18:peer
Peer_7:peer WARNING 1500: Not enough peers, fetching more (2, 4)
Peer_7:peer INFO 1500: Sending message <RequestPeers:> to Peer_18:peer
Peer_7:peer INFO 1500: Sending message <RequestPeers:> to Peer_26:bootstrap
Peer_7:peer INFO 1500.2405162799166: Connecting to Peer_4:peer
Peer_7:peer INFO 1500.4670166029314: Received message <RequestPeers:> from Peer_4:peer
Peer_7:peer INFO 1500.4670166029314: Sending message <PeerList> to Peer_4:peer
Peer_7:peer INFO 1500.4902573139016: Received message <Hello:> from Peer_4:peer
Peer_7:peer INFO 1565.586662905168: Received message <Hello:> from Peer_12:peer
Peer_7:peer INFO 1565.586662905168: Connecting to Peer_12:peer
Peer_7:peer INFO 1565.586662905168: Sending message <Hello:> to Peer_12:peer
Peer_7:peer INFO 1565.586662905168: Sending message <RequestPeers:> to Peer_12:peer
Peer_7:peer INFO 1578.0679576644177: Received message <Hello:> from Peer_10:peer
Peer_7:peer INFO 1578.0679576644177: Connecting to Peer_10:peer
Peer_7:peer INFO 1578.0679576644177: Sending message <Hello:> to Peer_10:peer
Peer_7:peer INFO 1578.0679576644177: Sending message <RequestPeers:> to Peer_10:peer
Peer_7:peer INFO 1630.8619171020007: Received message <PeerList> from Peer_26:bootstrap
Peer_7:peer INFO 1630.9437933994118: Received message <PeerList> from Peer_18:peer
Peer_7:peer INFO 1696.3769604729314: Received message <PeerList> from Peer_12:peer
Peer_7:peer INFO 1715.0579064039637: Received message <GossipMessage:4_1> from Peer_4:peer
Peer_7:peer INFO 1715.420353605218: Received message <GossipMessage:4_1> from Peer_4:peer
Peer_7:peer INFO 1734.122823630702: Received message <PeerList> from Peer_10:peer
Peer_7:peer INFO 1915.832404987743: Received message <GossipMessage:5_1> from Peer_4:peer
Peer_7:peer INFO 2116.2226516342544: Received message <GossipMessage:6_1> from Peer_4:peer
Peer_7:peer INFO 2266.169942198478: Received message <GossipMessage:7_1> from Peer_12:peer
Peer_7:peer INFO 2266.169942198478: Sending message <GossipMessage:7_1> to Peer_18:peer
Peer_7:peer INFO 2266.169942198478: Sending message <GossipMessage:7_1> to Peer_4:peer
Peer_7:peer INFO 2266.169942198478: Sending message <GossipMessage:7_1> to Peer_10:peer
Peer_7:peer INFO 2314.9428838487015: Received message <GossipMessage:7_1> from Peer_4:peer
Peer_7:peer INFO 2315.974788285221: Received message <GossipMessage:7_1> from Peer_10:peer
Peer_7:peer INFO 2465.874502372884: Received message <GossipMessage:8_1> from Peer_12:peer
Peer_7:peer INFO 2465.874502372884: Sending message <GossipMessage:8_1> to Peer_10:peer
Peer_7:peer INFO 2465.874502372884: Sending message <GossipMessage:8_1> to Peer_18:peer
Peer_7:peer INFO 2465.874502372884: Sending message <GossipMessage:8_1> to Peer_4:peer
Peer_7:peer INFO 2500: Sending message <Ping:> to Peer_26:bootstrap
Peer_7:peer INFO 2500: Sending message <Ping:> to Peer_18:peer
Peer_7:peer INFO 2515.4978128695757: Received message <GossipMessage:8_1> from Peer_4:peer
Peer_7:peer INFO 2515.5799965755245: Received message <GossipMessage:8_1> from Peer_4:peer
Peer_7:peer INFO 2515.903692075308: Received message <GossipMessage:8_1> from Peer_4:peer
Peer_7:peer INFO 2516.538662215309: Received message <GossipMessage:8_1> from Peer_10:peer
Peer_7:peer INFO 2565.4413683209154: Received message <Ping:> from Peer_26:bootstrap
Peer_7:peer INFO 2565.4413683209154: Sending message <Pong:> to Peer_26:bootstrap
Peer_7:peer INFO 2565.4797302271263: Received message <Ping:> from Peer_12:peer
Peer_7:peer INFO 2565.4797302271263: Sending message <Pong:> to Peer_12:peer
Peer_7:peer INFO 2631.1066148426858: Received message <Pong:> from Peer_26:bootstrap
Peer_7:peer INFO 2631.2543158962417: Received message <Pong:> from Peer_18:peer
Peer_7:peer INFO 2665.997708368918: Received message <GossipMessage:9_1> from Peer_12:peer
Peer_7:peer INFO 2665.997708368918: Sending message <GossipMessage:9_1> to Peer_4:peer
Peer_7:peer INFO 2665.997708368918: Sending message <GossipMessage:9_1> to Peer_10:peer
Peer_7:peer INFO 2665.997708368918: Sending message <GossipMessage:9_1> to Peer_18:peer
Peer_7:peer INFO 2715.008493566326: Received message <GossipMessage:9_1> from Peer_10:peer
Peer_7:peer INFO 2715.3683315900425: Received message <GossipMessage:9_1> from Peer_4:peer
Peer_7:peer INFO 2715.5270895302365: Received message <GossipMessage:9_1> from Peer_4:peer
Peer_7:peer INFO 2716.431445826576: Received message <GossipMessage:9_1> from Peer_4:peer
Peer_7:peer INFO 2845.879979790121: Received message <GossipMessage:9_1> from Peer_18:peer
Peer_7:peer INFO 2866.1021141852084: Received message <GossipMessage:10_1> from Peer_12:peer
Peer_7:peer INFO 2866.1021141852084: Sending message <GossipMessage:10_1> to Peer_4:peer
Peer_7:peer INFO 2866.1021141852084: Sending message <GossipMessage:10_1> to Peer_10:peer
Peer_7:peer INFO 2866.1021141852084: Sending message <GossipMessage:10_1> to Peer_18:peer
Peer_7:peer INFO 2914.787373985263: Received message <GossipMessage:10_1> from Peer_4:peer
Peer_7:peer INFO 2915.225193635317: Received message <GossipMessage:10_1> from Peer_4:peer
Peer_7:peer INFO 2915.225193635317: Sending message <GossipMessage:10_1> to Peer_12:peer
Peer_7:peer INFO 2915.225193635317: Sending message <GossipMessage:10_1> to Peer_10:peer
Peer_7:peer INFO 2915.225193635317: Sending message <GossipMessage:10_1> to Peer_18:peer
Peer_7:peer INFO 2915.5401941398864: Received message <GossipMessage:10_1> from Peer_4:peer
Peer_7:peer INFO 2915.9534126402464: Received message <GossipMessage:10_1> from Peer_10:peer
Peer_7:peer INFO 3045.7736172004743: Received message <GossipMessage:10_1> from Peer_18:peer
Peer_7:peer INFO 3065.2845003501266: Received message <Hello:> from Peer_1:client
Peer_7:peer INFO 3065.2845003501266: Connecting to Peer_1:client
Peer_7:peer INFO 3065.2845003501266: Sending message <Hello:> to Peer_1:client
Peer_7:peer INFO 3065.2845003501266: Sending message <RequestPeers:> to Peer_1:client
Peer_7:peer INFO 3066.1424460231788: Received message <GossipMessage:11_1> from Peer_12:peer
Peer_7:peer INFO 3066.1424460231788: Sending message <GossipMessage:11_1> to Peer_10:peer
Peer_7:peer INFO 3066.1424460231788: Sending message <GossipMessage:11_1> to Peer_4:peer
Peer_7:peer INFO 3066.1424460231788: Sending message <GossipMessage:11_1> to Peer_18:peer
Peer_7:peer INFO 3114.834437004472: Received message <GossipMessage:11_1> from Peer_4:peer
Peer_7:peer INFO 3114.9949344449365: Received message <GossipMessage:11_1> from Peer_4:peer
Peer_7:peer INFO 3115.15827519942: Received message <GossipMessage:11_1> from Peer_4:peer
Peer_7:peer INFO 3115.15827519942: Sending message <GossipMessage:11_1> to Peer_18:peer
Peer_7:peer INFO 3115.15827519942: Sending message <GossipMessage:11_1> to Peer_10:peer
Peer_7:peer INFO 3115.15827519942: Sending message <GossipMessage:11_1> to Peer_12:peer
Peer_7:peer INFO 3115.557492445962: Received message <GossipMessage:11_1> from Peer_10:peer
Peer_7:peer INFO 3196.1035987268397: Received message <PeerList> from Peer_1:client
Peer_7:peer INFO 3265.293247097277: Received message <GossipMessage:12_1> from Peer_1:client
Peer_7:peer INFO 3265.293247097277: Sending message <GossipMessage:12_1> to Peer_4:peer
Peer_7:peer INFO 3265.293247097277: Sending message <GossipMessage:12_1> to Peer_18:peer
Peer_7:peer INFO 3265.293247097277: Sending message <GossipMessage:12_1> to Peer_10:peer
Peer_7:peer INFO 3266.1749776849088: Received message <GossipMessage:12_1> from Peer_12:peer
Peer_7:peer INFO 3266.1749776849088: Sending message <GossipMessage:12_1> to Peer_10:peer
Peer_7:peer INFO 3266.1749776849088: Sending message <GossipMessage:12_1> to Peer_4:peer
Peer_7:peer INFO 3266.1749776849088: Sending message <GossipMessage:12_1> to Peer_18:peer
Peer_7:peer INFO 3314.3649518160805: Received message <GossipMessage:12_1> from Peer_4:peer
Peer_7:peer INFO 3315.273411805736: Received message <GossipMessage:12_1> from Peer_4:peer
Peer_7:peer INFO 3315.349165611641: Received message <GossipMessage:12_1> from Peer_4:peer
Peer_7:peer INFO 3315.349165611641: Sending message <GossipMessage:12_1> to Peer_10:peer
Peer_7:peer INFO 3315.349165611641: Sending message <GossipMessage:12_1> to Peer_12:peer
Peer_7:peer INFO 3315.349165611641: Sending message <GossipMessage:12_1> to Peer_18:peer
Peer_7:peer INFO 3315.520917511587: Received message <GossipMessage:12_1> from Peer_4:peer
Peer_7:peer INFO 3315.983223956972: Received message <GossipMessage:12_1> from Peer_10:peer
Peer_7:peer INFO 3445.688598552988: Received message <GossipMessage:12_1> from Peer_12:peer
Peer_7:peer INFO 3446.2122102904514: Received message <GossipMessage:12_1> from Peer_18:peer
Peer_7:peer INFO 3465.4178682589372: Received message <GossipMessage:13_1> from Peer_1:client
Peer_7:peer INFO 3465.4178682589372: Sending message <GossipMessage:13_1> to Peer_10:peer
Peer_7:peer INFO 3465.4178682589372: Sending message <GossipMessage:13_1> to Peer_12:peer
Peer_7:peer INFO 3465.4178682589372: Sending message <GossipMessage:13_1> to Peer_4:peer
Peer_7:peer INFO 3466.005752795354: Received message <GossipMessage:13_1> from Peer_12:peer
Peer_7:peer INFO 3466.005752795354: Sending message <GossipMessage:13_1> to Peer_10:peer
Peer_7:peer INFO 3466.005752795354: Sending message <GossipMessage:13_1> to Peer_18:peer
Peer_7:peer INFO 3466.005752795354: Sending message <GossipMessage:13_1> to Peer_4:peer
Peer_7:peer INFO 3500: Sending message <Ping:> to Peer_26:bootstrap
Peer_7:peer INFO 3515.729711021162: Received message <GossipMessage:13_1> from Peer_10:peer
Peer_7:peer INFO 3515.936205669959: Received message <GossipMessage:13_1> from Peer_4:peer
Peer_7:peer INFO 3516.4674727231222: Received message <GossipMessage:13_1> from Peer_4:peer
Peer_7:peer INFO 3516.4674727231222: Sending message <GossipMessage:13_1> to Peer_10:peer
Peer_7:peer INFO 3516.4674727231222: Sending message <GossipMessage:13_1> to Peer_18:peer
Peer_7:peer INFO 3516.4674727231222: Sending message <GossipMessage:13_1> to Peer_12:peer
Peer_7:peer INFO 3516.6050865237717: Received message <GossipMessage:13_1> from Peer_4:peer
Peer_7:peer INFO 3516.622572487347: Received message <GossipMessage:13_1> from Peer_4:peer
Peer_7:peer INFO 3516.6928886957817: Received message <GossipMessage:13_1> from Peer_4:peer
Peer_7:peer INFO 3516.7460568009874: Received message <GossipMessage:13_1> from Peer_4:peer
Peer_7:peer INFO 3565.5613512272735: Received message <Ping:> from Peer_26:bootstrap
Peer_7:peer INFO 3565.5613512272735: Sending message <Pong:> to Peer_26:bootstrap
Peer_7:peer INFO 3630.93170736954: Received message <Pong:> from Peer_26:bootstrap
Peer_7:peer INFO 3645.93648979427: Received message <GossipMessage:13_1> from Peer_12:peer
Peer_7:peer INFO 3665.3998940759016: Received message <GossipMessage:14_1> from Peer_1:client
Peer_7:peer INFO 3665.3998940759016: Sending message <GossipMessage:14_1> to Peer_12:peer
Peer_7:peer INFO 3665.3998940759016: Sending message <GossipMessage:14_1> to Peer_4:peer
Peer_7:peer INFO 3665.3998940759016: Sending message <GossipMessage:14_1> to Peer_10:peer
Peer_7:peer INFO 3666.0156141287807: Received message <GossipMessage:14_1> from Peer_4:peer
Peer_7:peer INFO 3666.0156141287807: Sending message <GossipMessage:14_1> to Peer_18:peer
Peer_7:peer INFO 3666.0156141287807: Sending message <GossipMessage:14_1> to Peer_12:peer
Peer_7:peer INFO 3666.0156141287807: Sending message <GossipMessage:14_1> to Peer_10:peer
Peer_7:peer INFO 3666.1095130994618: Received message <GossipMessage:14_1> from Peer_12:peer
Peer_7:peer INFO 3666.1095130994618: Sending message <GossipMessage:14_1> to Peer_4:peer
Peer_7:peer INFO 3666.1095130994618: Sending message <GossipMessage:14_1> to Peer_10:peer
Peer_7:peer INFO 3666.1095130994618: Sending message <GossipMessage:14_1> to Peer_18:peer
Peer_7:peer INFO 3715.0520761636885: Received message <GossipMessage:14_1> from Peer_10:peer
Peer_7:peer INFO 3715.0520761636885: Sending message <GossipMessage:14_1> to Peer_4:peer
Peer_7:peer INFO 3715.0520761636885: Sending message <GossipMessage:14_1> to Peer_18:peer
Peer_7:peer INFO 3715.0520761636885: Sending message <GossipMessage:14_1> to Peer_12:peer
Peer_7:peer INFO 3715.1569012047953: Received message <GossipMessage:14_1> from Peer_4:peer
Peer_7:peer INFO 3715.68787413975: Received message <GossipMessage:14_1> from Peer_4:peer
Peer_7:peer INFO 3715.7165925025765: Received message <GossipMessage:14_1> from Peer_4:peer
Peer_7:peer INFO 3716.2863949232847: Received message <GossipMessage:14_1> from Peer_10:peer
Peer_7:peer INFO 3739.7396256002103: Received message <GossipMessage:14_1> from Peer_12:peer
Peer_7:peer INFO 3739.7396256002103: Sending message <GossipMessage:14_1> to Peer_4:peer
Peer_7:peer INFO 3739.7396256002103: Sending message <GossipMessage:14_1> to Peer_18:peer
Peer_7:peer INFO 3739.7396256002103: Sending message <GossipMessage:14_1> to Peer_10:peer
Peer_7:peer INFO 3865.482230698952: Received message <GossipMessage:15_1> from Peer_1:client
Peer_7:peer INFO 3865.482230698952: Sending message <GossipMessage:15_1> to Peer_4:peer
Peer_7:peer INFO 3865.482230698952: Sending message <GossipMessage:15_1> to Peer_18:peer
Peer_7:peer INFO 3865.482230698952: Sending message <GossipMessage:15_1> to Peer_12:peer
Peer_7:peer INFO 3866.1713167223547: Received message <GossipMessage:15_1> from Peer_4:peer
Peer_7:peer INFO 3866.1713167223547: Sending message <GossipMessage:15_1> to Peer_18:peer
Peer_7:peer INFO 3866.1713167223547: Sending message <GossipMessage:15_1> to Peer_10:peer
Peer_7:peer INFO 3866.1713167223547: Sending message <GossipMessage:15_1> to Peer_12:peer
Peer_7:peer INFO 3866.2450987476604: Received message <GossipMessage:15_1> from Peer_12:peer
Peer_7:peer INFO 3866.2450987476604: Sending message <GossipMessage:15_1> to Peer_4:peer
Peer_7:peer INFO 3866.2450987476604: Sending message <GossipMessage:15_1> to Peer_10:peer
Peer_7:peer INFO 3866.2450987476604: Sending message <GossipMessage:15_1> to Peer_18:peer
Peer_7:peer INFO 3913.899786475111: Received message <GossipMessage:15_1> from Peer_4:peer
Peer_7:peer INFO 3915.307851836466: Received message <GossipMessage:15_1> from Peer_10:peer
Peer_7:peer INFO 3916.6933587389344: Received message <GossipMessage:15_1> from Peer_4:peer
Peer_7:peer INFO 4000: Sending message <Ping:> to Peer_18:peer
Peer_7:peer INFO 4021.8762090623864: Received message <GossipMessage:15_1> from Peer_4:peer
Peer_7:peer INFO 4065.414701529971: Received message <RequestPeers:> from Peer_1:client
Peer_7:peer INFO 4065.414701529971: Sending message <PeerList> to Peer_1:client
Peer_7:peer INFO 4065.4520099758993: Received message <Ping:> from Peer_1:client
Peer_7:peer INFO 4065.4520099758993: Sending message <Pong:> to Peer_1:client
Peer_7:peer INFO 4065.8382731540423: Received message <GossipMessage:16_1> from Peer_12:peer
Peer_7:peer INFO 4065.8382731540423: Sending message <GossipMessage:16_1> to Peer_18:peer
Peer_7:peer INFO 4065.8382731540423: Sending message <GossipMessage:16_1> to Peer_4:peer
Peer_7:peer INFO 4065.8382731540423: Sending message <GossipMessage:16_1> to Peer_10:peer
Peer_7:peer INFO 4066.338093386974: Received message <GossipMessage:16_1> from Peer_4:peer
Peer_7:peer INFO 4066.338093386974: Sending message <GossipMessage:16_1> to Peer_12:peer
Peer_7:peer INFO 4066.338093386974: Sending message <GossipMessage:16_1> to Peer_18:peer
Peer_7:peer INFO 4066.338093386974: Sending message <GossipMessage:16_1> to Peer_10:peer
Peer_7:peer INFO 4114.477944056867: Received message <GossipMessage:16_1> from Peer_10:peer
Peer_7:peer INFO 4114.477944056867: Sending message <GossipMessage:16_1> to Peer_18:peer
Peer_7:peer INFO 4114.477944056867: Sending message <GossipMessage:16_1> to Peer_12:peer
Peer_7:peer INFO 4114.477944056867: Sending message <GossipMessage:16_1> to Peer_4:peer
Peer_7:peer INFO 4114.761230153046: Received message <GossipMessage:16_1> from Peer_4:peer
Peer_7:peer INFO 4114.814913622279: Received message <GossipMessage:16_1> from Peer_4:peer
Peer_7:peer INFO 4114.988420775053: Received message <GossipMessage:16_1> from Peer_4:peer
Peer_7:peer INFO 4115.349787010648: Received message <GossipMessage:16_1> from Peer_4:peer
Peer_7:peer INFO 4115.365614260552: Received message <GossipMessage:16_1> from Peer_10:peer
Peer_7:peer INFO 4131.181282040265: Received message <Pong:> from Peer_18:peer
Peer_7:peer INFO 4245.26082615972: Received message <GossipMessage:16_1> from Peer_12:peer
Peer_7:peer INFO 4246.255326100696: Received message <GossipMessage:16_1> from Peer_12:peer
Peer_7:peer INFO 4247.11297890373: Received message <GossipMessage:16_1> from Peer_18:peer
Peer_7:peer INFO 4265.582808557048: Received message <GossipMessage:17_1> from Peer_1:client
Peer_7:peer INFO 4265.582808557048: Sending message <GossipMessage:17_1> to Peer_10:peer
Peer_7:peer INFO 4265.582808557048: Sending message <GossipMessage:17_1> to Peer_12:peer
Peer_7:peer INFO 4265.582808557048: Sending message <GossipMessage:17_1> to Peer_4:peer
Peer_7:peer INFO 4265.743903427474: Received message <GossipMessage:17_1> from Peer_4:peer
Peer_7:peer INFO 4265.743903427474: Sending message <GossipMessage:17_1> to Peer_12:peer
Peer_7:peer INFO 4265.743903427474: Sending message <GossipMessage:17_1> to Peer_18:peer
Peer_7:peer INFO 4265.743903427474: Sending message <GossipMessage:17_1> to Peer_10:peer
Peer_7:peer INFO 4265.766102370538: Received message <GossipMessage:17_1> from Peer_12:peer
Peer_7:peer INFO 4265.766102370538: Sending message <GossipMessage:17_1> to Peer_4:peer
Peer_7:peer INFO 4265.766102370538: Sending message <GossipMessage:17_1> to Peer_18:peer
Peer_7:peer INFO 4265.766102370538: Sending message <GossipMessage:17_1> to Peer_10:peer
Peer_7:peer INFO 4313.948484471177: Received message <GossipMessage:17_1> from Peer_4:peer
Peer_7:peer INFO 4313.948484471177: Sending message <GossipMessage:17_1> to Peer_18:peer
Peer_7:peer INFO 4313.948484471177: Sending message <GossipMessage:17_1> to Peer_10:peer
Peer_7:peer INFO 4313.948484471177: Sending message <GossipMessage:17_1> to Peer_12:peer
Peer_7:peer INFO 4315.246357948493: Received message <GossipMessage:17_1> from Peer_4:peer
Peer_7:peer INFO 4315.35674602038: Received message <GossipMessage:17_1> from Peer_10:peer
Peer_7:peer INFO 4315.35674602038: Sending message <GossipMessage:17_1> to Peer_12:peer
Peer_7:peer INFO 4315.35674602038: Sending message <GossipMessage:17_1> to Peer_18:peer
Peer_7:peer INFO 4315.35674602038: Sending message <GossipMessage:17_1> to Peer_4:peer
Peer_7:peer INFO 4315.884772180399: Received message <GossipMessage:17_1> from Peer_4:peer
Peer_7:peer INFO 4315.995827183115: Received message <GossipMessage:17_1> from Peer_10:peer
Peer_7:peer INFO 4339.775024685333: Received message <GossipMessage:17_1> from Peer_12:peer
Peer_7:peer INFO 4339.775024685333: Sending message <GossipMessage:17_1> to Peer_10:peer
Peer_7:peer INFO 4339.775024685333: Sending message <GossipMessage:17_1> to Peer_4:peer
Peer_7:peer INFO 4339.775024685333: Sending message <GossipMessage:17_1> to Peer_18:peer
Peer_7:peer INFO 4396.41034215684: Received message <GossipMessage:17_1> from Peer_18:peer
Peer_7:peer INFO 4396.41034215684: Sending message <GossipMessage:17_1> to Peer_12:peer
Peer_7:peer INFO 4396.41034215684: Sending message <GossipMessage:17_1> to Peer_4:peer
Peer_7:peer INFO 4396.41034215684: Sending message <GossipMessage:17_1> to Peer_10:peer
Peer_7:peer INFO 4397.256903743099: Received message <GossipMessage:17_1> from Peer_18:peer
Peer_7:peer INFO 4421.497861080794: Received message <GossipMessage:17_1> from Peer_4:peer
Peer_7:peer INFO 4421.748546848111: Received message <GossipMessage:17_1> from Peer_10:peer
Peer_7:peer INFO 4444.9930344919885: Received message <GossipMessage:17_1> from Peer_18:peer
Peer_7:peer INFO 4465.5906188488825: Received message <GossipMessage:18_1> from Peer_1:client
Peer_7:peer INFO 4465.5906188488825: Sending message <GossipMessage:18_1> to Peer_12:peer
Peer_7:peer INFO 4465.5906188488825: Sending message <GossipMessage:18_1> to Peer_18:peer
Peer_7:peer INFO 4465.5906188488825: Sending message <GossipMessage:18_1> to Peer_4:peer
Peer_7:peer INFO 4466.0952229995555: Received message <GossipMessage:18_1> from Peer_12:peer
Peer_7:peer INFO 4466.0952229995555: Sending message <GossipMessage:18_1> to Peer_10:peer
Peer_7:peer INFO 4466.0952229995555: Sending message <GossipMessage:18_1> to Peer_4:peer
Peer_7:peer INFO 4466.0952229995555: Sending message <GossipMessage:18_1> to Peer_18:peer
Peer_7:peer INFO 4466.17902979273: Received message <GossipMessage:18_1> from Peer_4:peer
Peer_7:peer INFO 4466.17902979273: Sending message <GossipMessage:18_1> to Peer_18:peer
Peer_7:peer INFO 4466.17902979273: Sending message <GossipMessage:18_1> to Peer_12:peer
Peer_7:peer INFO 4466.17902979273: Sending message <GossipMessage:18_1> to Peer_10:peer
Peer_7:peer INFO 4500: Sending message <Ping:> to Peer_26:bootstrap
Peer_7:peer INFO 4514.2612719024855: Received message <GossipMessage:18_1> from Peer_4:peer
Peer_7:peer INFO 4514.2612719024855: Sending message <GossipMessage:18_1> to Peer_10:peer
Peer_7:peer INFO 4514.2612719024855: Sending message <GossipMessage:18_1> to Peer_18:peer
Peer_7:peer INFO 4514.2612719024855: Sending message <GossipMessage:18_1> to Peer_12:peer
Peer_7:peer INFO 4515.1555101513095: Received message <GossipMessage:18_1> from Peer_4:peer
Peer_7:peer INFO 4516.368668238465: Received message <GossipMessage:18_1> from Peer_10:peer
Peer_7:peer INFO 4565.55384928366: Received message <Ping:> from Peer_26:bootstrap
Peer_7:peer INFO 4565.55384928366: Sending message <Pong:> to Peer_26:bootstrap
Peer_7:peer INFO 4596.670373725367: Received message <GossipMessage:18_1> from Peer_18:peer
Peer_7:peer INFO 4596.670373725367: Sending message <GossipMessage:18_1> to Peer_10:peer
Peer_7:peer INFO 4596.670373725367: Sending message <GossipMessage:18_1> to Peer_12:peer
Peer_7:peer INFO 4596.670373725367: Sending message <GossipMessage:18_1> to Peer_4:peer
Peer_7:peer INFO 4621.906463132681: Received message <GossipMessage:18_1> from Peer_4:peer
Peer_7:peer INFO 4631.2769255760595: Received message <Pong:> from Peer_26:bootstrap
Peer_7:peer INFO 4645.58516137145: Received message <GossipMessage:18_1> from Peer_18:peer
Peer_7:peer INFO 4665.582037544154: Received message <GossipMessage:19_1> from Peer_1:client
Peer_7:peer INFO 4665.582037544154: Sending message <GossipMessage:19_1> to Peer_4:peer
Peer_7:peer INFO 4665.582037544154: Sending message <GossipMessage:19_1> to Peer_12:peer
Peer_7:peer INFO 4665.582037544154: Sending message <GossipMessage:19_1> to Peer_10:peer
Peer_7:peer INFO 4666.145134582868: Received message <GossipMessage:19_1> from Peer_18:peer
Peer_7:peer INFO 4666.145134582868: Sending message <GossipMessage:19_1> to Peer_4:peer
Peer_7:peer INFO 4666.145134582868: Sending message <GossipMessage:19_1> to Peer_10:peer
Peer_7:peer INFO 4666.145134582868: Sending message <GossipMessage:19_1> to Peer_12:peer
Peer_7:peer INFO 4666.18403145632: Received message <GossipMessage:19_1> from Peer_12:peer
Peer_7:peer INFO 4666.18403145632: Sending message <GossipMessage:19_1> to Peer_18:peer
Peer_7:peer INFO 4666.18403145632: Sending message <GossipMessage:19_1> to Peer_10:peer
Peer_7:peer INFO 4666.18403145632: Sending message <GossipMessage:19_1> to Peer_4:peer
Peer_7:peer INFO 4666.296656631106: Received message <GossipMessage:19_1> from Peer_4:peer
Peer_7:peer INFO 4666.296656631106: Sending message <GossipMessage:19_1> to Peer_18:peer
Peer_7:peer INFO 4666.296656631106: Sending message <GossipMessage:19_1> to Peer_10:peer
Peer_7:peer INFO 4666.296656631106: Sending message <GossipMessage:19_1> to Peer_12:peer
Peer_7:peer INFO 4714.967182908493: Received message <GossipMessage:19_1> from Peer_10:peer
Peer_7:peer INFO 4714.967182908493: Sending message <GossipMessage:19_1> to Peer_12:peer
Peer_7:peer INFO 4714.967182908493: Sending message <GossipMessage:19_1> to Peer_18:peer
Peer_7:peer INFO 4714.967182908493: Sending message <GossipMessage:19_1> to Peer_4:peer
Peer_7:peer INFO 4715.511227346437: Received message <GossipMessage:19_1> from Peer_4:peer
Peer_7:peer INFO 4715.631906856012: Received message <GossipMessage:19_1> from Peer_4:peer
Peer_7:peer INFO 4716.434518224139: Received message <GossipMessage:19_1> from Peer_10:peer
Peer_7:peer INFO 4716.846002840103: Received message <GossipMessage:19_1> from Peer_4:peer
Peer_7:peer INFO 4822.096071087931: Received message <GossipMessage:19_1> from Peer_10:peer
Peer_7:peer INFO 4845.107612604091: Received message <GossipMessage:19_1> from Peer_18:peer
Peer_7:peer INFO 4865.75430773174: Received message <GossipMessage:20_1> from Peer_1:client
Peer_7:peer INFO 4865.75430773174: Sending message <GossipMessage:20_1> to Peer_12:peer
Peer_7:peer INFO 4865.75430773174: Sending message <GossipMessage:20_1> to Peer_18:peer
Peer_7:peer INFO 4865.75430773174: Sending message <GossipMessage:20_1> to Peer_10:peer
Peer_7:peer INFO 4865.839128895526: Received message <GossipMessage:20_1> from Peer_18:peer
Peer_7:peer INFO 4865.839128895526: Sending message <GossipMessage:20_1> to Peer_12:peer
Peer_7:peer INFO 4865.839128895526: Sending message <GossipMessage:20_1> to Peer_10:peer
Peer_7:peer INFO 4865.839128895526: Sending message <GossipMessage:20_1> to Peer_4:peer
Peer_7:peer INFO 4914.32969748718: Received message <GossipMessage:20_1> from Peer_10:peer
Peer_7:peer INFO 4914.32969748718: Sending message <GossipMessage:20_1> to Peer_4:peer
Peer_7:peer INFO 4914.32969748718: Sending message <GossipMessage:20_1> to Peer_18:peer
Peer_7:peer INFO 4914.32969748718: Sending message <GossipMessage:20_1> to Peer_12:peer
Peer_7:peer INFO 4915.401457829353: Received message <GossipMessage:20_1> from Peer_4:peer
Peer_7:peer INFO 4915.544796442752: Received message <GossipMessage:20_1> from Peer_4:peer
Peer_7:peer INFO 4915.872388229732: Received message <GossipMessage:20_1> from Peer_4:peer
Peer_7:peer INFO 4937.570581386497: Received message <GossipMessage:20_1> from Peer_12:peer
Peer_7:peer INFO 4937.570581386497: Sending message <GossipMessage:20_1> to Peer_4:peer
Peer_7:peer INFO 4937.570581386497: Sending message <GossipMessage:20_1> to Peer_18:peer
Peer_7:peer INFO 4937.570581386497: Sending message <GossipMessage:20_1> to Peer_10:peer
Peer_7:peer INFO 4996.540725939429: Received message <GossipMessage:20_1> from Peer_18:peer
Peer_7:peer INFO 5021.765085575344: Received message <GossipMessage:20_1> from Peer_10:peer
Peer_7:peer INFO 5021.807692785793: Received message <GossipMessage:20_1> from Peer_4:peer
Peer_7:peer INFO 5021.966521907131: Received message <GossipMessage:20_1> from Peer_10:peer
Peer_7:peer INFO 5044.711115288098: Received message <GossipMessage:20_1> from Peer_12:peer
Peer_7:peer INFO 5045.109913670596: Received message <GossipMessage:20_1> from Peer_18:peer
Peer_7:peer INFO 5065.746758424241: Received message <Ping:> from Peer_1:client
Peer_7:peer INFO 5065.746758424241: Sending message <Pong:> to Peer_1:client
Peer_7:peer INFO 5066.074966761234: Received message <GossipMessage:21_1> from Peer_12:peer
Peer_7:peer INFO 5066.074966761234: Sending message <GossipMessage:21_1> to Peer_4:peer
Peer_7:peer INFO 5066.074966761234: Sending message <GossipMessage:21_1> to Peer_10:peer
Peer_7:peer INFO 5066.074966761234: Sending message <GossipMessage:21_1> to Peer_18:peer
Peer_7:peer INFO 5114.869426601393: Received message <GossipMessage:21_1> from Peer_4:peer
Peer_7:peer INFO 5115.381976409936: Received message <GossipMessage:21_1> from Peer_10:peer
Peer_7:peer INFO 5115.625876014862: Received message <GossipMessage:21_1> from Peer_10:peer
Peer_7:peer INFO 5115.625876014862: Sending message <GossipMessage:21_1> to Peer_18:peer
Peer_7:peer INFO 5115.625876014862: Sending message <GossipMessage:21_1> to Peer_4:peer
Peer_7:peer INFO 5115.625876014862: Sending message <GossipMessage:21_1> to Peer_12:peer
Peer_7:peer INFO 5115.675856864108: Received message <GossipMessage:21_1> from Peer_4:peer
Peer_7:peer INFO 5115.700567562138: Received message <GossipMessage:21_1> from Peer_4:peer
Peer_7:peer INFO 5115.7052465900215: Received message <GossipMessage:21_1> from Peer_4:peer
Peer_7:peer INFO 5140.41229511801: Received message <GossipMessage:21_1> from Peer_12:peer
Peer_7:peer INFO 5140.41229511801: Sending message <GossipMessage:21_1> to Peer_4:peer
Peer_7:peer INFO 5140.41229511801: Sending message <GossipMessage:21_1> to Peer_10:peer
Peer_7:peer INFO 5140.41229511801: Sending message <GossipMessage:21_1> to Peer_18:peer
Peer_7:peer INFO 5196.218259146952: Received message <GossipMessage:21_1> from Peer_18:peer
Peer_7:peer INFO 5196.218259146952: Sending message <GossipMessage:21_1> to Peer_12:peer
Peer_7:peer INFO 5196.218259146952: Sending message <GossipMessage:21_1> to Peer_4:peer
Peer_7:peer INFO 5196.218259146952: Sending message <GossipMessage:21_1> to Peer_10:peer
