Peer_24:peer WARNING 0: Not enough peers, fetching more (0, 4)
Peer_24:peer INFO 0.5018799282070245: Connecting to Peer_26:bootstrap
Peer_24:peer INFO 0.9946573309899256: Received message <Hello:> from Peer_26:bootstrap
Peer_24:peer INFO 1.055876056235146: Received message <RequestPeers:> from Peer_26:bootstrap
Peer_24:peer INFO 1.055876056235146: Sending message <PeerList> to Peer_26:bootstrap
Peer_24:peer WARNING 500: Not enough peers, fetching more (1, 4)
Peer_24:peer INFO 500: Sending message <RequestPeers:> to Peer_26:bootstrap
Peer_24:peer INFO 501.0002538753357: Received message <PeerList> from Peer_26:bootstrap
Peer_24:peer WARNING 1000: Not enough peers, fetching more (1, 4)
Peer_24:peer INFO 1000: Sending message <RequestPeers:> to Peer_26:bootstrap
Peer_24:peer INFO 1001.1146984192324: Received message <PeerList> from Peer_26:bootstrap
Peer_24:peer INFO 1036.179294630993: Received message <Hello:> from Peer_21:peer
Peer_24:peer INFO 1036.179294630993: Connecting to Peer_21:peer
Peer_24:peer INFO 1036.179294630993: Sending message <Hello:> to Peer_21:peer
Peer_24:peer INFO 1036.179294630993: Sending message <RequestPeers:> to Peer_21:peer
Peer_24:peer INFO 1036.456086900717: Received message <Hello:> from Peer_15:peer
Peer_24:peer INFO 1036.456086900717: Connecting to Peer_15:peer
Peer_24:peer INFO 1036.456086900717: Sending message <Hello:> to Peer_15:peer
Peer_24:peer INFO 1036.456086900717: Sending message <RequestPeers:> to Peer_15:peer
Peer_24:peer INFO 1036.8033995971325: Connecting to Peer_6:peer
Peer_24:peer INFO 1037.216237896959: Received message <Hello:> from Peer_22:peer
Peer_24:peer INFO 1037.216237896959: Connecting to Peer_22:peer
Peer_24:peer INFO 1037.216237896959: Sending message <Hello:> to Peer_22:peer
Peer_24:peer INFO 1037.216237896959: Sending message <RequestPeers:> to Peer_22:peer
Peer_24:peer INFO 1073.1825094405276: Received message <RequestPeers:> from Peer_6:peer
Peer_24:peer INFO 1073.1825094405276: Sending message <PeerList> to Peer_6:peer
Peer_24:peer INFO 1074.9158909135792: Received message <Hello:> from Peer_6:peer
Peer_24:peer INFO 1110.0643048419618: Received message <PeerList> from Peer_21:peer
Peer_24:peer INFO 1110.379550689556: Received message <PeerList> from Peer_22:peer
Peer_24:peer INFO 1110.4032005313957: Received message <PeerList> from Peer_15:peer
Peer_24:peer INFO 1273.7063991152395: Received message <GossipMessage:2_1> from Peer_6:peer
Peer_24:peer INFO 1273.7063991152395: Sending message <GossipMessage:2_1> to Peer_22:peer
Peer_24:peer INFO 1273.7063991152395: Sending message <GossipMessage:2_1> to Peer_21:peer
Peer_24:peer INFO 1273.7063991152395: Sending message <GossipMessage:2_1> to Peer_15:peer
Peer_24:peer INFO 1473.0642790198513: Received message <GossipMessage:3_1> from Peer_6:peer
Peer_24:peer INFO 1473.0642790198513: Sending message <GossipMessage:3_1> to Peer_21:peer
Peer_24:peer INFO 1473.0642790198513: Sending message <GossipMessage:3_1> to Peer_15:peer
Peer_24:peer INFO 1473.0642790198513: Sending message <GossipMessage:3_1> to Peer_22:peer
Peer_24:peer INFO 1500.4740418273766: Received message <Hello:> from Peer_1:client
Peer_24:peer INFO 1500.4740418273766: Connecting to Peer_1:client
Peer_24:peer INFO 1500.4740418273766: Sending message <Hello:> to Peer_1:client
Peer_24:peer INFO 1500.4740418273766: Sending message <RequestPeers:> to Peer_1:client
Peer_24:peer INFO 1501.4292319459846: Received message <PeerList> from Peer_1:client
Peer_24:peer INFO 1535.9838411336873: Received message <Hello:> from Peer_8:peer
Peer_24:peer INFO 1535.9838411336873: Connecting to Peer_8:peer
Peer_24:peer INFO 1535.9838411336873: Sending message <Hello:> to Peer_8:peer
Peer_24:peer INFO 1535.9838411336873: Sending message <RequestPeers:> to Peer_8:peer
Peer_24:peer INFO 1536.7762421820648: Received message <RequestPeers:> from Peer_21:peer
Peer_24:peer INFO 1536.7762421820648: Sending message <PeerList> to Peer_21:peer
Peer_24:peer INFO 1580.3615335891827: Received message <GossipMessage:3_1> from Peer_8:peer
Peer_24:peer INFO 1580.3615335891827: Sending message <GossipMessage:3_1> to Peer_15:peer
Peer_24:peer INFO 1580.3615335891827: Sending message <GossipMessage:3_1> to Peer_6:peer
Peer_24:peer INFO 1580.3615335891827: Sending message <GossipMessage:3_1> to Peer_21:peer
Peer_24:peer INFO 1600.4661419242138: Received message <GossipMessage:4_1> from Peer_1:client
Peer_24:peer INFO 1600.4661419242138: Sending message <GossipMessage:4_1> to Peer_15:peer
Peer_24:peer INFO 1600.4661419242138: Sending message <GossipMessage:4_1> to Peer_8:peer
Peer_24:peer INFO 1600.4661419242138: Sending message <GossipMessage:4_1> to Peer_22:peer
Peer_24:peer INFO 1609.80399109839: Received message <PeerList> from Peer_8:peer
Peer_24:peer INFO 1673.275865584587: Received message <GossipMessage:4_1> from Peer_22:peer
Peer_24:peer INFO 1673.275865584587: Sending message <GossipMessage:4_1> to Peer_8:peer
Peer_24:peer INFO 1673.275865584587: Sending message <GossipMessage:4_1> to Peer_15:peer
Peer_24:peer INFO 1673.275865584587: Sending message <GossipMessage:4_1> to Peer_6:peer
Peer_24:peer INFO 1673.5461168896306: Received message <GossipMessage:4_1> from Peer_6:peer
Peer_24:peer INFO 1673.5461168896306: Sending message <GossipMessage:4_1> to Peer_8:peer
Peer_24:peer INFO 1673.5461168896306: Sending message <GossipMessage:4_1> to Peer_21:peer
Peer_24:peer INFO 1673.5461168896306: Sending message <GossipMessage:4_1> to Peer_15:peer
Peer_24:peer INFO 1673.7458054953302: Received message <GossipMessage:4_1> from Peer_6:peer
Peer_24:peer INFO 1674.2845213068003: Received message <GossipMessage:4_1> from Peer_15:peer
Peer_24:peer INFO 1674.2845213068003: Sending message <GossipMessage:4_1> to Peer_8:peer
Peer_24:peer INFO 1674.2845213068003: Sending message <GossipMessage:4_1> to Peer_6:peer
Peer_24:peer INFO 1674.2845213068003: Sending message <GossipMessage:4_1> to Peer_22:peer
Peer_24:peer INFO 1675.0650592954676: Received message <GossipMessage:4_1> from Peer_21:peer
Peer_24:peer INFO 1675.0650592954676: Sending message <GossipMessage:4_1> to Peer_15:peer
Peer_24:peer INFO 1675.0650592954676: Sending message <GossipMessage:4_1> to Peer_6:peer
Peer_24:peer INFO 1675.0650592954676: Sending message <GossipMessage:4_1> to Peer_8:peer
Peer_24:peer INFO 1780.5615826904916: Received message <GossipMessage:4_1> from Peer_8:peer
Peer_24:peer INFO 1780.5615826904916: Sending message <GossipMessage:4_1> to Peer_22:peer
Peer_24:peer INFO 1780.5615826904916: Sending message <GossipMessage:4_1> to Peer_21:peer
Peer_24:peer INFO 1780.5615826904916: Sending message <GossipMessage:4_1> to Peer_15:peer
Peer_24:peer INFO 1800.5519227532702: Received message <GossipMessage:5_1> from Peer_1:client
Peer_24:peer INFO 1800.5519227532702: Sending message <GossipMessage:5_1> to Peer_21:peer
Peer_24:peer INFO 1800.5519227532702: Sending message <GossipMessage:5_1> to Peer_15:peer
Peer_24:peer INFO 1800.5519227532702: Sending message <GossipMessage:5_1> to Peer_8:peer
Peer_24:peer INFO 1873.9434838364075: Received message <GossipMessage:5_1> from Peer_22:peer
Peer_24:peer INFO 1873.9434838364075: Sending message <GossipMessage:5_1> to Peer_21:peer
Peer_24:peer INFO 1873.9434838364075: Sending message <GossipMessage:5_1> to Peer_6:peer
Peer_24:peer INFO 1873.9434838364075: Sending message <GossipMessage:5_1> to Peer_8:peer
Peer_24:peer INFO 1874.0895376244175: Received message <GossipMessage:5_1> from Peer_21:peer
Peer_24:peer INFO 1874.0895376244175: Sending message <GossipMessage:5_1> to Peer_15:peer
Peer_24:peer INFO 1874.0895376244175: Sending message <GossipMessage:5_1> to Peer_8:peer
Peer_24:peer INFO 1874.0895376244175: Sending message <GossipMessage:5_1> to Peer_6:peer
Peer_24:peer INFO 1874.2490465059116: Received message <GossipMessage:5_1> from Peer_6:peer
Peer_24:peer INFO 1874.2490465059116: Sending message <GossipMessage:5_1> to Peer_15:peer
Peer_24:peer INFO 1874.2490465059116: Sending message <GossipMessage:5_1> to Peer_8:peer
Peer_24:peer INFO 1874.2490465059116: Sending message <GossipMessage:5_1> to Peer_22:peer
Peer_24:peer INFO 1874.5311196203081: Received message <GossipMessage:5_1> from Peer_15:peer
Peer_24:peer INFO 1874.5311196203081: Sending message <GossipMessage:5_1> to Peer_21:peer
Peer_24:peer INFO 1874.5311196203081: Sending message <GossipMessage:5_1> to Peer_8:peer
Peer_24:peer INFO 1874.5311196203081: Sending message <GossipMessage:5_1> to Peer_22:peer
Peer_24:peer INFO 1874.631277038407: Received message <GossipMessage:5_1> from Peer_6:peer
Peer_24:peer INFO 1979.8660401360219: Received message <GossipMessage:5_1> from Peer_8:peer
Peer_24:peer INFO 1979.8660401360219: Sending message <GossipMessage:5_1> to Peer_6:peer
Peer_24:peer INFO 1979.8660401360219: Sending message <GossipMessage:5_1> to Peer_21:peer
Peer_24:peer INFO 1979.8660401360219: Sending message <GossipMessage:5_1> to Peer_15:peer
Peer_24:peer INFO 1980.6778673254446: Received message <GossipMessage:5_1> from Peer_22:peer
Peer_24:peer INFO 2000: Sending message <Ping:> to Peer_26:bootstrap
Peer_24:peer INFO 2000.4610961841045: Received message <RequestPeers:> from Peer_1:client
Peer_24:peer INFO 2000.4610961841045: Sending message <PeerList> to Peer_1:client
Peer_24:peer INFO 2000.4660457514644: Received message <Ping:> from Peer_26:bootstrap
Peer_24:peer INFO 2000.4660457514644: Sending message <Pong:> to Peer_26:bootstrap
Peer_24:peer INFO 2000.5420898824668: Received message <GossipMessage:6_1> from Peer_1:client
Peer_24:peer INFO 2000.5420898824668: Sending message <GossipMessage:6_1> to Peer_15:peer
Peer_24:peer INFO 2000.5420898824668: Sending message <GossipMessage:6_1> to Peer_8:peer
Peer_24:peer INFO 2000.5420898824668: Sending message <GossipMessage:6_1> to Peer_21:peer
Peer_24:peer INFO 2001.0674318743406: Received message <Pong:> from Peer_26:bootstrap
Peer_24:peer INFO 2074.1690049901213: Received message <GossipMessage:6_1> from Peer_6:peer
Peer_24:peer INFO 2074.1690049901213: Sending message <GossipMessage:6_1> to Peer_21:peer
Peer_24:peer INFO 2074.1690049901213: Sending message <GossipMessage:6_1> to Peer_8:peer
Peer_24:peer INFO 2074.1690049901213: Sending message <GossipMessage:6_1> to Peer_22:peer
Peer_24:peer INFO 2074.7259852472403: Received message <GossipMessage:6_1> from Peer_21:peer
Peer_24:peer INFO 2074.7259852472403: Sending message <GossipMessage:6_1> to Peer_22:peer
Peer_24:peer INFO 2074.7259852472403: Sending message <GossipMessage:6_1> to Peer_8:peer
Peer_24:peer INFO 2074.7259852472403: Sending message <GossipMessage:6_1> to Peer_15:peer
Peer_24:peer INFO 2180.482504929046: Received message <GossipMessage:6_1> from Peer_8:peer
Peer_24:peer INFO 2180.482504929046: Sending message <GossipMessage:6_1> to Peer_15:peer
Peer_24:peer INFO 2180.482504929046: Sending message <GossipMessage:6_1> to Peer_22:peer
Peer_24:peer INFO 2180.482504929046: Sending message <GossipMessage:6_1> to Peer_6:peer
Peer_24:peer INFO 2180.8101490221243: Received message <GossipMessage:6_1> from Peer_22:peer
Peer_24:peer INFO 2200.5130492168614: Received message <GossipMessage:7_1> from Peer_1:client
Peer_24:peer INFO 2200.5130492168614: Sending message <GossipMessage:7_1> to Peer_6:peer
Peer_24:peer INFO 2200.5130492168614: Sending message <GossipMessage:7_1> to Peer_8:peer
Peer_24:peer INFO 2200.5130492168614: Sending message <GossipMessage:7_1> to Peer_21:peer
Peer_24:peer INFO 2272.814616450404: Received message <GossipMessage:7_1> from Peer_8:peer
Peer_24:peer INFO 2272.814616450404: Sending message <GossipMessage:7_1> to Peer_6:peer
Peer_24:peer INFO 2272.814616450404: Sending message <GossipMessage:7_1> to Peer_21:peer
Peer_24:peer INFO 2272.814616450404: Sending message <GossipMessage:7_1> to Peer_15:peer
Peer_24:peer INFO 2273.323827976147: Received message <GossipMessage:7_1> from Peer_21:peer
Peer_24:peer INFO 2273.323827976147: Sending message <GossipMessage:7_1> to Peer_22:peer
Peer_24:peer INFO 2273.323827976147: Sending message <GossipMessage:7_1> to Peer_6:peer
Peer_24:peer INFO 2273.323827976147: Sending message <GossipMessage:7_1> to Peer_15:peer
Peer_24:peer INFO 2274.2947577882446: Received message <GossipMessage:7_1> from Peer_15:peer
Peer_24:peer INFO 2275.074731364001: Received message <GossipMessage:7_1> from Peer_6:peer
Peer_24:peer INFO 2275.074731364001: Sending message <GossipMessage:7_1> to Peer_21:peer
Peer_24:peer INFO 2275.074731364001: Sending message <GossipMessage:7_1> to Peer_15:peer
Peer_24:peer INFO 2275.074731364001: Sending message <GossipMessage:7_1> to Peer_8:peer
Peer_24:peer INFO 2275.4101695349236: Received message <GossipMessage:7_1> from Peer_15:peer
Peer_24:peer INFO 2275.5775965092953: Received message <GossipMessage:7_1> from Peer_22:peer
Peer_24:peer INFO 2275.7289248802344: Received message <GossipMessage:7_1> from Peer_15:peer
Peer_24:peer INFO 2275.7289248802344: Sending message <GossipMessage:7_1> to Peer_22:peer
Peer_24:peer INFO 2275.7289248802344: Sending message <GossipMessage:7_1> to Peer_6:peer
Peer_24:peer INFO 2275.7289248802344: Sending message <GossipMessage:7_1> to Peer_8:peer
Peer_24:peer INFO 2379.263140284402: Received message <GossipMessage:7_1> from Peer_22:peer
Peer_24:peer INFO 2380.192030116762: Received message <GossipMessage:7_1> from Peer_8:peer
Peer_24:peer INFO 2380.192030116762: Sending message <GossipMessage:7_1> to Peer_15:peer
Peer_24:peer INFO 2380.192030116762: Sending message <GossipMessage:7_1> to Peer_22:peer
Peer_24:peer INFO 2380.192030116762: Sending message <GossipMessage:7_1> to Peer_6:peer
Peer_24:peer INFO 2381.769216623938: Received message <GossipMessage:7_1> from Peer_8:peer
Peer_24:peer INFO 2400.5538767599123: Received message <GossipMessage:8_1> from Peer_1:client
Peer_24:peer INFO 2400.5538767599123: Sending message <GossipMessage:8_1> to Peer_8:peer
Peer_24:peer INFO 2400.5538767599123: Sending message <GossipMessage:8_1> to Peer_6:peer
Peer_24:peer INFO 2400.5538767599123: Sending message <GossipMessage:8_1> to Peer_15:peer
Peer_24:peer INFO 2472.838678888354: Received message <GossipMessage:8_1> from Peer_6:peer
Peer_24:peer INFO 2472.838678888354: Sending message <GossipMessage:8_1> to Peer_21:peer
Peer_24:peer INFO 2472.838678888354: Sending message <GossipMessage:8_1> to Peer_8:peer
Peer_24:peer INFO 2472.838678888354: Sending message <GossipMessage:8_1> to Peer_22:peer
Peer_24:peer INFO 2473.910618031565: Received message <GossipMessage:8_1> from Peer_21:peer
Peer_24:peer INFO 2473.910618031565: Sending message <GossipMessage:8_1> to Peer_22:peer
Peer_24:peer INFO 2473.910618031565: Sending message <GossipMessage:8_1> to Peer_6:peer
Peer_24:peer INFO 2473.910618031565: Sending message <GossipMessage:8_1> to Peer_15:peer
Peer_24:peer INFO 2474.027645163102: Received message <GossipMessage:8_1> from Peer_15:peer
Peer_24:peer INFO 2474.027645163102: Sending message <GossipMessage:8_1> to Peer_6:peer
Peer_24:peer INFO 2474.027645163102: Sending message <GossipMessage:8_1> to Peer_8:peer
Peer_24:peer INFO 2474.027645163102: Sending message <GossipMessage:8_1> to Peer_21:peer
Peer_24:peer INFO 2474.1308755605514: Received message <GossipMessage:8_1> from Peer_22:peer
Peer_24:peer INFO 2475.0058985880046: Received message <GossipMessage:8_1> from Peer_8:peer
Peer_24:peer INFO 2475.0058985880046: Sending message <GossipMessage:8_1> to Peer_15:peer
Peer_24:peer INFO 2475.0058985880046: Sending message <GossipMessage:8_1> to Peer_21:peer
Peer_24:peer INFO 2475.0058985880046: Sending message <GossipMessage:8_1> to Peer_22:peer
Peer_24:peer INFO 2500.4609827594636: Received message <RequestPeers:> from Peer_1:client
Peer_24:peer INFO 2500.4609827594636: Sending message <PeerList> to Peer_1:client
Peer_24:peer INFO 2580.482313007542: Received message <GossipMessage:8_1> from Peer_22:peer
Peer_24:peer INFO 2580.5651379013016: Received message <GossipMessage:8_1> from Peer_8:peer
Peer_24:peer INFO 2580.5651379013016: Sending message <GossipMessage:8_1> to Peer_15:peer
Peer_24:peer INFO 2580.5651379013016: Sending message <GossipMessage:8_1> to Peer_21:peer
Peer_24:peer INFO 2580.5651379013016: Sending message <GossipMessage:8_1> to Peer_6:peer
Peer_24:peer INFO 2580.7937967303765: Received message <GossipMessage:8_1> from Peer_8:peer
Peer_24:peer INFO 2600.4802751568004: Received message <GossipMessage:9_1> from Peer_1:client
Peer_24:peer INFO 2600.4802751568004: Sending message <GossipMessage:9_1> to Peer_21:peer
Peer_24:peer INFO 2600.4802751568004: Sending message <GossipMessage:9_1> to Peer_6:peer
Peer_24:peer INFO 2600.4802751568004: Sending message <GossipMessage:9_1> to Peer_8:peer
Peer_24:peer INFO 2630.0237802085144: Received message <GossipMessage:8_1> from Peer_15:peer
Peer_24:peer INFO 2672.3538463554996: Received message <GossipMessage:9_1> from Peer_21:peer
Peer_24:peer INFO 2672.3538463554996: Sending message <GossipMessage:9_1> to Peer_15:peer
Peer_24:peer INFO 2672.3538463554996: Sending message <GossipMessage:9_1> to Peer_6:peer
Peer_24:peer INFO 2672.3538463554996: Sending message <GossipMessage:9_1> to Peer_8:peer
Peer_24:peer INFO 2672.8010281394963: Received message <GossipMessage:9_1> from Peer_8:peer
Peer_24:peer INFO 2672.8010281394963: Sending message <GossipMessage:9_1> to Peer_15:peer
Peer_24:peer INFO 2672.8010281394963: Sending message <GossipMessage:9_1> to Peer_21:peer
Peer_24:peer INFO 2672.8010281394963: Sending message <GossipMessage:9_1> to Peer_22:peer
Peer_24:peer INFO 2672.9967550167075: Received message <GossipMessage:9_1> from Peer_6:peer
Peer_24:peer INFO 2672.9967550167075: Sending message <GossipMessage:9_1> to Peer_22:peer
Peer_24:peer INFO 2672.9967550167075: Sending message <GossipMessage:9_1> to Peer_15:peer
Peer_24:peer INFO 2672.9967550167075: Sending message <GossipMessage:9_1> to Peer_8:peer
Peer_24:peer INFO 2673.2705230893275: Received message <GossipMessage:9_1> from Peer_22:peer
Peer_24:peer INFO 2673.655529268138: Received message <GossipMessage:9_1> from Peer_15:peer
Peer_24:peer INFO 2673.6621311151534: Received message <GossipMessage:9_1> from Peer_8:peer
Peer_24:peer INFO 2673.67836054723: Received message <GossipMessage:9_1> from Peer_6:peer
Peer_24:peer INFO 2673.67836054723: Sending message <GossipMessage:9_1> to Peer_15:peer
Peer_24:peer INFO 2673.67836054723: Sending message <GossipMessage:9_1> to Peer_22:peer
Peer_24:peer INFO 2673.67836054723: Sending message <GossipMessage:9_1> to Peer_21:peer
Peer_24:peer INFO 2673.7661276229605: Received message <GossipMessage:9_1> from Peer_15:peer
Peer_24:peer INFO 2673.7661276229605: Sending message <GossipMessage:9_1> to Peer_8:peer
Peer_24:peer INFO 2673.7661276229605: Sending message <GossipMessage:9_1> to Peer_22:peer
Peer_24:peer INFO 2673.7661276229605: Sending message <GossipMessage:9_1> to Peer_21:peer
Peer_24:peer INFO 2674.192424841797: Received message <GossipMessage:9_1> from Peer_15:peer
Peer_24:peer INFO 2674.2664774030363: Received message <GossipMessage:9_1> from Peer_22:peer
Peer_24:peer INFO 2674.2664774030363: Sending message <GossipMessage:9_1> to Peer_15:peer
Peer_24:peer INFO 2674.2664774030363: Sending message <GossipMessage:9_1> to Peer_6:peer
Peer_24:peer INFO 2674.2664774030363: Sending message <GossipMessage:9_1> to Peer_21:peer
Peer_24:peer INFO 2675.2191690375203: Received message <GossipMessage:9_1> from Peer_8:peer
Peer_24:peer INFO 2780.6492070464224: Received message <GossipMessage:9_1> from Peer_8:peer
Peer_24:peer INFO 2780.6492070464224: Sending message <GossipMessage:9_1> to Peer_6:peer
Peer_24:peer INFO 2780.6492070464224: Sending message <GossipMessage:9_1> to Peer_15:peer
Peer_24:peer INFO 2780.6492070464224: Sending message <GossipMessage:9_1> to Peer_21:peer
Peer_24:peer INFO 2780.898576823697: Received message <GossipMessage:9_1> from Peer_22:peer
Peer_24:peer INFO 2800.4965533151108: Received message <GossipMessage:10_1> from Peer_1:client
Peer_24:peer INFO 2800.4965533151108: Sending message <GossipMessage:10_1> to Peer_21:peer
Peer_24:peer INFO 2800.4965533151108: Sending message <GossipMessage:10_1> to Peer_22:peer
Peer_24:peer INFO 2800.4965533151108: Sending message <GossipMessage:10_1> to Peer_15:peer
Peer_24:peer INFO 2828.941318792419: Received message <GossipMessage:9_1> from Peer_15:peer
Peer_24:peer INFO 2830.1748032995147: Received message <GossipMessage:9_1> from Peer_21:peer
Peer_24:peer INFO 2872.3468332630805: Received message <GossipMessage:10_1> from Peer_6:peer
Peer_24:peer INFO 2872.3468332630805: Sending message <GossipMessage:10_1> to Peer_22:peer
Peer_24:peer INFO 2872.3468332630805: Sending message <GossipMessage:10_1> to Peer_15:peer
Peer_24:peer INFO 2872.3468332630805: Sending message <GossipMessage:10_1> to Peer_8:peer
Peer_24:peer INFO 2872.781434954076: Received message <GossipMessage:10_1> from Peer_8:peer
Peer_24:peer INFO 2872.826796336137: Received message <GossipMessage:10_1> from Peer_22:peer
Peer_24:peer INFO 2872.826796336137: Sending message <GossipMessage:10_1> to Peer_21:peer
Peer_24:peer INFO 2872.826796336137: Sending message <GossipMessage:10_1> to Peer_8:peer
Peer_24:peer INFO 2872.826796336137: Sending message <GossipMessage:10_1> to Peer_15:peer
Peer_24:peer INFO 2873.0478411904337: Received message <GossipMessage:10_1> from Peer_6:peer
Peer_24:peer INFO 2873.637768933451: Received message <GossipMessage:10_1> from Peer_22:peer
Peer_24:peer INFO 2873.637768933451: Sending message <GossipMessage:10_1> to Peer_21:peer
Peer_24:peer INFO 2873.637768933451: Sending message <GossipMessage:10_1> to Peer_8:peer
Peer_24:peer INFO 2873.637768933451: Sending message <GossipMessage:10_1> to Peer_15:peer
Peer_24:peer INFO 2873.741398729015: Received message <GossipMessage:10_1> from Peer_15:peer
Peer_24:peer INFO 2873.741398729015: Sending message <GossipMessage:10_1> to Peer_21:peer
Peer_24:peer INFO 2873.741398729015: Sending message <GossipMessage:10_1> to Peer_8:peer
Peer_24:peer INFO 2873.741398729015: Sending message <GossipMessage:10_1> to Peer_6:peer
Peer_24:peer INFO 2873.8283065353494: Received message <GossipMessage:10_1> from Peer_15:peer
Peer_24:peer INFO 2873.8283065353494: Sending message <GossipMessage:10_1> to Peer_8:peer
Peer_24:peer INFO 2873.8283065353494: Sending message <GossipMessage:10_1> to Peer_22:peer
Peer_24:peer INFO 2873.8283065353494: Sending message <GossipMessage:10_1> to Peer_21:peer
Peer_24:peer INFO 2873.8603723220385: Received message <GossipMessage:10_1> from Peer_8:peer
Peer_24:peer INFO 2873.8603723220385: Sending message <GossipMessage:10_1> to Peer_22:peer
Peer_24:peer INFO 2873.8603723220385: Sending message <GossipMessage:10_1> to Peer_15:peer
Peer_24:peer INFO 2873.8603723220385: Sending message <GossipMessage:10_1> to Peer_21:peer
Peer_24:peer INFO 2874.0652179202125: Received message <GossipMessage:10_1> from Peer_21:peer
Peer_24:peer INFO 2874.0652179202125: Sending message <GossipMessage:10_1> to Peer_22:peer
Peer_24:peer INFO 2874.0652179202125: Sending message <GossipMessage:10_1> to Peer_15:peer
Peer_24:peer INFO 2874.0652179202125: Sending message <GossipMessage:10_1> to Peer_6:peer
Peer_24:peer INFO 2874.2453187345072: Received message <GossipMessage:10_1> from Peer_6:peer
Peer_24:peer INFO 2874.2453187345072: Sending message <GossipMessage:10_1> to Peer_22:peer
Peer_24:peer INFO 2874.2453187345072: Sending message <GossipMessage:10_1> to Peer_15:peer
Peer_24:peer INFO 2874.2453187345072: Sending message <GossipMessage:10_1> to Peer_21:peer
Peer_24:peer INFO 2980.264475467979: Received message <GossipMessage:10_1> from Peer_8:peer
Peer_24:peer INFO 2980.6034478548963: Received message <GossipMessage:10_1> from Peer_22:peer
Peer_24:peer INFO 2981.222492117678: Received message <GossipMessage:10_1> from Peer_8:peer
Peer_24:peer INFO 2981.222492117678: Sending message <GossipMessage:10_1> to Peer_6:peer
Peer_24:peer INFO 2981.222492117678: Sending message <GossipMessage:10_1> to Peer_15:peer
Peer_24:peer INFO 2981.222492117678: Sending message <GossipMessage:10_1> to Peer_21:peer
Peer_24:peer INFO 3000: Sending message <Ping:> to Peer_26:bootstrap
Peer_24:peer INFO 3000.478602496323: Received message <GossipMessage:11_1> from Peer_1:client
Peer_24:peer INFO 3000.478602496323: Sending message <GossipMessage:11_1> to Peer_8:peer
Peer_24:peer INFO 3000.478602496323: Sending message <GossipMessage:11_1> to Peer_22:peer
Peer_24:peer INFO 3000.478602496323: Sending message <GossipMessage:11_1> to Peer_15:peer
Peer_24:peer INFO 3000.544320748058: Received message <Ping:> from Peer_26:bootstrap
Peer_24:peer INFO 3000.544320748058: Sending message <Pong:> to Peer_26:bootstrap
Peer_24:peer INFO 3001.007902135011: Received message <Pong:> from Peer_26:bootstrap
Peer_24:peer INFO 3072.9084515316945: Received message <GossipMessage:11_1> from Peer_22:peer
Peer_24:peer INFO 3072.9084515316945: Sending message <GossipMessage:11_1> to Peer_6:peer
Peer_24:peer INFO 3072.9084515316945: Sending message <GossipMessage:11_1> to Peer_15:peer
Peer_24:peer INFO 3072.9084515316945: Sending message <GossipMessage:11_1> to Peer_8:peer
Peer_24:peer INFO 3073.270209984875: Received message <GossipMessage:11_1> from Peer_6:peer
Peer_24:peer INFO 3073.270209984875: Sending message <GossipMessage:11_1> to Peer_21:peer
Peer_24:peer INFO 3073.270209984875: Sending message <GossipMessage:11_1> to Peer_15:peer
Peer_24:peer INFO 3073.270209984875: Sending message <GossipMessage:11_1> to Peer_8:peer
Peer_24:peer INFO 3073.277160238423: Received message <GossipMessage:11_1> from Peer_22:peer
Peer_24:peer INFO 3073.277160238423: Sending message <GossipMessage:11_1> to Peer_6:peer
Peer_24:peer INFO 3073.277160238423: Sending message <GossipMessage:11_1> to Peer_15:peer
Peer_24:peer INFO 3073.277160238423: Sending message <GossipMessage:11_1> to Peer_21:peer
Peer_24:peer INFO 3073.456410096467: Received message <GossipMessage:11_1> from Peer_21:peer
Peer_24:peer INFO 3073.456410096467: Sending message <GossipMessage:11_1> to Peer_8:peer
Peer_24:peer INFO 3073.456410096467: Sending message <GossipMessage:11_1> to Peer_15:peer
Peer_24:peer INFO 3073.456410096467: Sending message <GossipMessage:11_1> to Peer_22:peer
Peer_24:peer INFO 3073.985501829737: Received message <GossipMessage:11_1> from Peer_6:peer
Peer_24:peer INFO 3074.0713518187413: Received message <GossipMessage:11_1> from Peer_15:peer
Peer_24:peer INFO 3074.0720670613077: Received message <GossipMessage:11_1> from Peer_15:peer
Peer_24:peer INFO 3074.0720670613077: Sending message <GossipMessage:11_1> to Peer_21:peer
Peer_24:peer INFO 3074.0720670613077: Sending message <GossipMessage:11_1> to Peer_22:peer
Peer_24:peer INFO 3074.0720670613077: Sending message <GossipMessage:11_1> to Peer_8:peer
Peer_24:peer INFO 3074.197360169733: Received message <GossipMessage:11_1> from Peer_8:peer
Peer_24:peer INFO 3074.35893194771: Received message <GossipMessage:11_1> from Peer_6:peer
Peer_24:peer INFO 3074.5888378486156: Received message <GossipMessage:11_1> from Peer_8:peer
Peer_24:peer INFO 3179.645813001726: Received message <GossipMessage:11_1> from Peer_8:peer
Peer_24:peer INFO 3180.0564064802547: Received message <GossipMessage:11_1> from Peer_22:peer
Peer_24:peer INFO 3180.7912898582185: Received message <GossipMessage:11_1> from Peer_8:peer
Peer_24:peer INFO 3180.7912898582185: Sending message <GossipMessage:11_1> to Peer_21:peer
Peer_24:peer INFO 3180.7912898582185: Sending message <GossipMessage:11_1> to Peer_15:peer
Peer_24:peer INFO 3180.7912898582185: Sending message <GossipMessage:11_1> to Peer_6:peer
Peer_24:peer INFO 3200.497738946971: Received message <GossipMessage:12_1> from Peer_1:client
Peer_24:peer INFO 3200.497738946971: Sending message <GossipMessage:12_1> to Peer_21:peer
Peer_24:peer INFO 3200.497738946971: Sending message <GossipMessage:12_1> to Peer_6:peer
Peer_24:peer INFO 3200.497738946971: Sending message <GossipMessage:12_1> to Peer_15:peer
Peer_24:peer INFO 3229.3435241926277: Received message <GossipMessage:11_1> from Peer_21:peer
Peer_24:peer INFO 3230.4415672441655: Received message <GossipMessage:11_1> from Peer_21:peer
Peer_24:peer INFO 3271.261570010613: Received message <GossipMessage:12_1> from Peer_6:peer
Peer_24:peer INFO 3271.8766714573167: Received message <GossipMessage:12_1> from Peer_21:peer
Peer_24:peer INFO 3271.8766714573167: Sending message <GossipMessage:12_1> to Peer_6:peer
Peer_24:peer INFO 3271.8766714573167: Sending message <GossipMessage:12_1> to Peer_22:peer
Peer_24:peer INFO 3271.8766714573167: Sending message <GossipMessage:12_1> to Peer_8:peer
Peer_24:peer INFO 3272.8698438443266: Received message <GossipMessage:12_1> from Peer_15:peer
Peer_24:peer INFO 3273.5884207714544: Received message <GossipMessage:12_1> from Peer_8:peer
Peer_24:peer INFO 3273.5884207714544: Sending message <GossipMessage:12_1> to Peer_6:peer
Peer_24:peer INFO 3273.5884207714544: Sending message <GossipMessage:12_1> to Peer_22:peer
Peer_24:peer INFO 3273.5884207714544: Sending message <GossipMessage:12_1> to Peer_15:peer
Peer_24:peer INFO 3273.8598863944208: Received message <GossipMessage:12_1> from Peer_6:peer
Peer_24:peer INFO 3273.8598863944208: Sending message <GossipMessage:12_1> to Peer_21:peer
Peer_24:peer INFO 3273.8598863944208: Sending message <GossipMessage:12_1> to Peer_22:peer
Peer_24:peer INFO 3273.8598863944208: Sending message <GossipMessage:12_1> to Peer_15:peer
Peer_24:peer INFO 3273.956239233491: Received message <GossipMessage:12_1> from Peer_15:peer
Peer_24:peer INFO 3274.09294323011: Received message <GossipMessage:12_1> from Peer_22:peer
Peer_24:peer INFO 3274.09294323011: Sending message <GossipMessage:12_1> to Peer_6:peer
Peer_24:peer INFO 3274.09294323011: Sending message <GossipMessage:12_1> to Peer_15:peer
Peer_24:peer INFO 3274.09294323011: Sending message <GossipMessage:12_1> to Peer_21:peer
Peer_24:peer INFO 3274.33300592092: Received message <GossipMessage:12_1> from Peer_8:peer
Peer_24:peer INFO 3274.3582301349197: Received message <GossipMessage:12_1> from Peer_15:peer
Peer_24:peer INFO 3274.386442691889: Received message <GossipMessage:12_1> from Peer_15:peer
Peer_24:peer INFO 3274.386442691889: Sending message <GossipMessage:12_1> to Peer_6:peer
Peer_24:peer INFO 3274.386442691889: Sending message <GossipMessage:12_1> to Peer_22:peer
Peer_24:peer INFO 3274.386442691889: Sending message <GossipMessage:12_1> to Peer_8:peer
Peer_24:peer INFO 3274.4952532052753: Received message <GossipMessage:12_1> from Peer_6:peer
Peer_24:peer INFO 3274.4952532052753: Sending message <GossipMessage:12_1> to Peer_8:peer
Peer_24:peer INFO 3274.4952532052753: Sending message <GossipMessage:12_1> to Peer_21:peer
Peer_24:peer INFO 3274.4952532052753: Sending message <GossipMessage:12_1> to Peer_15:peer
Peer_24:peer INFO 3274.6306811350732: Received message <GossipMessage:12_1> from Peer_15:peer
Peer_24:peer INFO 3274.6306811350732: Sending message <GossipMessage:12_1> to Peer_8:peer
Peer_24:peer INFO 3274.6306811350732: Sending message <GossipMessage:12_1> to Peer_6:peer
Peer_24:peer INFO 3274.6306811350732: Sending message <GossipMessage:12_1> to Peer_21:peer
Peer_24:peer INFO 3274.9887919851403: Received message <GossipMessage:12_1> from Peer_6:peer
Peer_24:peer INFO 3274.9887919851403: Sending message <GossipMessage:12_1> to Peer_21:peer
Peer_24:peer INFO 3274.9887919851403: Sending message <GossipMessage:12_1> to Peer_15:peer
Peer_24:peer INFO 3274.9887919851403: Sending message <GossipMessage:12_1> to Peer_22:peer
Peer_24:peer INFO 3380.219577231284: Received message <GossipMessage:12_1> from Peer_8:peer
Peer_24:peer INFO 3380.219577231284: Sending message <GossipMessage:12_1> to Peer_6:peer
Peer_24:peer INFO 3380.219577231284: Sending message <GossipMessage:12_1> to Peer_21:peer
Peer_24:peer INFO 3380.219577231284: Sending message <GossipMessage:12_1> to Peer_15:peer
Peer_24:peer INFO 3381.1098522243337: Received message <GossipMessage:12_1> from Peer_22:peer
Peer_24:peer INFO 3381.511458070211: Received message <GossipMessage:12_1> from Peer_15:peer
Peer_24:peer INFO 3400.481871738463: Received message <GossipMessage:13_1> from Peer_1:client
Peer_24:peer INFO 3400.481871738463: Sending message <GossipMessage:13_1> to Peer_15:peer
Peer_24:peer INFO 3400.481871738463: Sending message <GossipMessage:13_1> to Peer_6:peer
Peer_24:peer INFO 3400.481871738463: Sending message <GossipMessage:13_1> to Peer_22:peer
Peer_24:peer INFO 3472.5735165568362: Received message <GossipMessage:13_1> from Peer_6:peer
Peer_24:peer INFO 3473.516717292162: Received message <GossipMessage:13_1> from Peer_22:peer
Peer_24:peer INFO 3473.516717292162: Sending message <GossipMessage:13_1> to Peer_21:peer
Peer_24:peer INFO 3473.516717292162: Sending message <GossipMessage:13_1> to Peer_6:peer
Peer_24:peer INFO 3473.516717292162: Sending message <GossipMessage:13_1> to Peer_8:peer
Peer_24:peer INFO 3474.197124012935: Received message <GossipMessage:13_1> from Peer_21:peer
Peer_24:peer INFO 3474.197124012935: Sending message <GossipMessage:13_1> to Peer_15:peer
Peer_24:peer INFO 3474.197124012935: Sending message <GossipMessage:13_1> to Peer_22:peer
Peer_24:peer INFO 3474.197124012935: Sending message <GossipMessage:13_1> to Peer_8:peer
Peer_24:peer INFO 3474.6865170534525: Received message <GossipMessage:13_1> from Peer_22:peer
Peer_24:peer INFO 3474.915099296936: Received message <GossipMessage:13_1> from Peer_15:peer
Peer_24:peer INFO 3474.9603173363785: Received message <GossipMessage:13_1> from Peer_6:peer
Peer_24:peer INFO 3474.9603173363785: Sending message <GossipMessage:13_1> to Peer_22:peer
Peer_24:peer INFO 3474.9603173363785: Sending message <GossipMessage:13_1> to Peer_21:peer
Peer_24:peer INFO 3474.9603173363785: Sending message <GossipMessage:13_1> to Peer_15:peer
Peer_24:peer INFO 3475.0198072790045: Received message <GossipMessage:13_1> from Peer_6:peer
Peer_24:peer INFO 3475.0561103108807: Received message <GossipMessage:13_1> from Peer_6:peer
Peer_24:peer INFO 3475.5740081731974: Received message <GossipMessage:13_1> from Peer_15:peer
Peer_24:peer INFO 3475.9368000274517: Received message <GossipMessage:13_1> from Peer_22:peer
Peer_24:peer INFO 3475.9368000274517: Sending message <GossipMessage:13_1> to Peer_15:peer
Peer_24:peer INFO 3475.9368000274517: Sending message <GossipMessage:13_1> to Peer_8:peer
Peer_24:peer INFO 3475.9368000274517: Sending message <GossipMessage:13_1> to Peer_6:peer
Peer_24:peer INFO 3476.4166695830086: Received message <GossipMessage:13_1> from Peer_15:peer
Peer_24:peer INFO 3476.4166695830086: Sending message <GossipMessage:13_1> to Peer_8:peer
Peer_24:peer INFO 3476.4166695830086: Sending message <GossipMessage:13_1> to Peer_22:peer
Peer_24:peer INFO 3476.4166695830086: Sending message <GossipMessage:13_1> to Peer_6:peer
Peer_24:peer INFO 3500.5484938017044: Received message <Ping:> from Peer_1:client
Peer_24:peer INFO 3500.5484938017044: Sending message <Pong:> to Peer_1:client
Peer_24:peer INFO 3579.854848848447: Received message <GossipMessage:13_1> from Peer_22:peer
Peer_24:peer INFO 3580.0180726206386: Received message <GossipMessage:13_1> from Peer_8:peer
Peer_24:peer INFO 3580.332873941051: Received message <GossipMessage:13_1> from Peer_8:peer
Peer_24:peer INFO 3580.332873941051: Sending message <GossipMessage:13_1> to Peer_15:peer
Peer_24:peer INFO 3580.332873941051: Sending message <GossipMessage:13_1> to Peer_6:peer
Peer_24:peer INFO 3580.332873941051: Sending message <GossipMessage:13_1> to Peer_22:peer
Peer_24:peer INFO 3600.504335789307: Received message <GossipMessage:14_1> from Peer_1:client
Peer_24:peer INFO 3600.504335789307: Sending message <GossipMessage:14_1> to Peer_22:peer
Peer_24:peer INFO 3600.504335789307: Sending message <GossipMessage:14_1> to Peer_6:peer
Peer_24:peer INFO 3600.504335789307: Sending message <GossipMessage:14_1> to Peer_8:peer
Peer_24:peer INFO 3629.1773346887335: Received message <GossipMessage:13_1> from Peer_15:peer
Peer_24:peer INFO 3673.5229577300856: Received message <GossipMessage:14_1> from Peer_22:peer
Peer_24:peer INFO 3673.5229577300856: Sending message <GossipMessage:14_1> to Peer_15:peer
Peer_24:peer INFO 3673.5229577300856: Sending message <GossipMessage:14_1> to Peer_21:peer
Peer_24:peer INFO 3673.5229577300856: Sending message <GossipMessage:14_1> to Peer_6:peer
Peer_24:peer INFO 3673.637364935714: Received message <GossipMessage:14_1> from Peer_6:peer
Peer_24:peer INFO 3673.637364935714: Sending message <GossipMessage:14_1> to Peer_22:peer
Peer_24:peer INFO 3673.637364935714: Sending message <GossipMessage:14_1> to Peer_15:peer
Peer_24:peer INFO 3673.637364935714: Sending message <GossipMessage:14_1> to Peer_8:peer
Peer_24:peer INFO 3673.9749268032397: Received message <GossipMessage:14_1> from Peer_6:peer
Peer_24:peer INFO 3673.9749268032397: Sending message <GossipMessage:14_1> to Peer_22:peer
Peer_24:peer INFO 3673.9749268032397: Sending message <GossipMessage:14_1> to Peer_15:peer
Peer_24:peer INFO 3673.9749268032397: Sending message <GossipMessage:14_1> to Peer_8:peer
Peer_24:peer INFO 3674.097043829616: Received message <GossipMessage:14_1> from Peer_21:peer
Peer_24:peer INFO 3674.097043829616: Sending message <GossipMessage:14_1> to Peer_22:peer
Peer_24:peer INFO 3674.097043829616: Sending message <GossipMessage:14_1> to Peer_15:peer
Peer_24:peer INFO 3674.097043829616: Sending message <GossipMessage:14_1> to Peer_6:peer
Peer_24:peer INFO 3674.2434725750377: Received message <GossipMessage:14_1> from Peer_15:peer
Peer_24:peer INFO 3674.4328772189774: Received message <GossipMessage:14_1> from Peer_22:peer
Peer_24:peer INFO 3674.4328772189774: Sending message <GossipMessage:14_1> to Peer_8:peer
Peer_24:peer INFO 3674.4328772189774: Sending message <GossipMessage:14_1> to Peer_6:peer
Peer_24:peer INFO 3674.4328772189774: Sending message <GossipMessage:14_1> to Peer_21:peer
Peer_24:peer INFO 3674.5411373859743: Received message <GossipMessage:14_1> from Peer_8:peer
Peer_24:peer INFO 3674.5715607983684: Received message <GossipMessage:14_1> from Peer_6:peer
Peer_24:peer INFO 3674.7574859094007: Received message <GossipMessage:14_1> from Peer_22:peer
Peer_24:peer INFO 3675.635111206383: Received message <GossipMessage:14_1> from Peer_15:peer
Peer_24:peer INFO 3780.029302736116: Received message <GossipMessage:14_1> from Peer_22:peer
Peer_24:peer INFO 3780.093071078248: Received message <GossipMessage:14_1> from Peer_15:peer
Peer_24:peer INFO 3780.2181746895385: Received message <GossipMessage:14_1> from Peer_8:peer
Peer_24:peer INFO 3780.512417447509: Received message <GossipMessage:14_1> from Peer_8:peer
Peer_24:peer INFO 3780.512417447509: Sending message <GossipMessage:14_1> to Peer_21:peer
Peer_24:peer INFO 3780.512417447509: Sending message <GossipMessage:14_1> to Peer_22:peer
Peer_24:peer INFO 3780.512417447509: Sending message <GossipMessage:14_1> to Peer_6:peer
Peer_24:peer INFO 3780.835658716694: Received message <GossipMessage:14_1> from Peer_15:peer
Peer_24:peer INFO 3781.0199058186126: Received message <GossipMessage:14_1> from Peer_21:peer
Peer_24:peer INFO 3781.0199058186126: Sending message <GossipMessage:14_1> to Peer_15:peer
Peer_24:peer INFO 3781.0199058186126: Sending message <GossipMessage:14_1> to Peer_22:peer
Peer_24:peer INFO 3781.0199058186126: Sending message <GossipMessage:14_1> to Peer_6:peer
Peer_24:peer INFO 3782.1303872518292: Received message <GossipMessage:14_1> from Peer_15:peer
Peer_24:peer INFO 3800.4816699172984: Received message <GossipMessage:15_1> from Peer_1:client
Peer_24:peer INFO 3800.4816699172984: Sending message <GossipMessage:15_1> to Peer_8:peer
Peer_24:peer INFO 3800.4816699172984: Sending message <GossipMessage:15_1> to Peer_6:peer
Peer_24:peer INFO 3800.4816699172984: Sending message <GossipMessage:15_1> to Peer_21:peer
Peer_24:peer INFO 3829.8916305728153: Received message <GossipMessage:14_1> from Peer_15:peer
Peer_24:peer INFO 3830.205879701889: Received message <GossipMessage:14_1> from Peer_8:peer
Peer_24:peer INFO 3872.936804110769: Received message <GossipMessage:15_1> from Peer_15:peer
Peer_24:peer INFO 3873.087506830054: Received message <GossipMessage:15_1> from Peer_22:peer
Peer_24:peer INFO 3873.087506830054: Sending message <GossipMessage:15_1> to Peer_6:peer
Peer_24:peer INFO 3873.087506830054: Sending message <GossipMessage:15_1> to Peer_21:peer
Peer_24:peer INFO 3873.087506830054: Sending message <GossipMessage:15_1> to Peer_8:peer
Peer_24:peer INFO 3873.2618382364158: Received message <GossipMessage:15_1> from Peer_8:peer
Peer_24:peer INFO 3873.452903593267: Received message <GossipMessage:15_1> from Peer_15:peer
Peer_24:peer INFO 3873.817666318588: Received message <GossipMessage:15_1> from Peer_6:peer
Peer_24:peer INFO 3873.817666318588: Sending message <GossipMessage:15_1> to Peer_15:peer
Peer_24:peer INFO 3873.817666318588: Sending message <GossipMessage:15_1> to Peer_8:peer
Peer_24:peer INFO 3873.817666318588: Sending message <GossipMessage:15_1> to Peer_21:peer
Peer_24:peer INFO 3873.858342829648: Received message <GossipMessage:15_1> from Peer_22:peer
Peer_24:peer INFO 3873.939115767618: Received message <GossipMessage:15_1> from Peer_22:peer
Peer_24:peer INFO 3874.0637216896926: Received message <GossipMessage:15_1> from Peer_22:peer
Peer_24:peer INFO 3874.0637216896926: Sending message <GossipMessage:15_1> to Peer_6:peer
Peer_24:peer INFO 3874.0637216896926: Sending message <GossipMessage:15_1> to Peer_21:peer
Peer_24:peer INFO 3874.0637216896926: Sending message <GossipMessage:15_1> to Peer_15:peer
Peer_24:peer INFO 3874.14255810809: Received message <GossipMessage:15_1> from Peer_6:peer
Peer_24:peer INFO 3874.14255810809: Sending message <GossipMessage:15_1> to Peer_8:peer
Peer_24:peer INFO 3874.14255810809: Sending message <GossipMessage:15_1> to Peer_15:peer
Peer_24:peer INFO 3874.14255810809: Sending message <GossipMessage:15_1> to Peer_21:peer
Peer_24:peer INFO 3874.332850279506: Received message <GossipMessage:15_1> from Peer_6:peer
Peer_24:peer INFO 3874.332850279506: Sending message <GossipMessage:15_1> to Peer_8:peer
Peer_24:peer INFO 3874.332850279506: Sending message <GossipMessage:15_1> to Peer_21:peer
Peer_24:peer INFO 3874.332850279506: Sending message <GossipMessage:15_1> to Peer_15:peer
Peer_24:peer INFO 3874.5777190591407: Received message <GossipMessage:15_1> from Peer_8:peer
Peer_24:peer INFO 3874.798760502244: Received message <GossipMessage:15_1> from Peer_15:peer
Peer_24:peer INFO 3874.798760502244: Sending message <GossipMessage:15_1> to Peer_22:peer
Peer_24:peer INFO 3874.798760502244: Sending message <GossipMessage:15_1> to Peer_21:peer
Peer_24:peer INFO 3874.798760502244: Sending message <GossipMessage:15_1> to Peer_8:peer
Peer_24:peer INFO 3875.181557257876: Received message <GossipMessage:15_1> from Peer_21:peer
Peer_24:peer INFO 3875.181557257876: Sending message <GossipMessage:15_1> to Peer_15:peer
Peer_24:peer INFO 3875.181557257876: Sending message <GossipMessage:15_1> to Peer_6:peer
Peer_24:peer INFO 3875.181557257876: Sending message <GossipMessage:15_1> to Peer_8:peer
Peer_24:peer INFO 3980.0205919867676: Received message <GossipMessage:15_1> from Peer_6:peer
Peer_24:peer INFO 3980.1343098243933: Received message <GossipMessage:15_1> from Peer_15:peer
Peer_24:peer INFO 3980.7802036481194: Received message <GossipMessage:15_1> from Peer_22:peer
Peer_24:peer INFO 3980.8738224206754: Received message <GossipMessage:15_1> from Peer_8:peer
Peer_24:peer INFO 3980.8738224206754: Sending message <GossipMessage:15_1> to Peer_21:peer
Peer_24:peer INFO 3980.8738224206754: Sending message <GossipMessage:15_1> to Peer_15:peer
Peer_24:peer INFO 3980.8738224206754: Sending message <GossipMessage:15_1> to Peer_22:peer
Peer_24:peer INFO 3980.9406618828743: Received message <GossipMessage:15_1> from Peer_15:peer
Peer_24:peer INFO 3980.9406618828743: Sending message <GossipMessage:15_1> to Peer_6:peer
Peer_24:peer INFO 3980.9406618828743: Sending message <GossipMessage:15_1> to Peer_22:peer
Peer_24:peer INFO 3980.9406618828743: Sending message <GossipMessage:15_1> to Peer_8:peer
Peer_24:peer INFO 3981.126085741531: Received message <GossipMessage:15_1> from Peer_8:peer
Peer_24:peer INFO 4000: Sending message <Ping:> to Peer_26:bootstrap
Peer_24:peer INFO 4000.482110806321: Received message <RequestPeers:> from Peer_1:client
Peer_24:peer INFO 4000.482110806321: Sending message <PeerList> to Peer_1:client
Peer_24:peer INFO 4000.5167211144994: Received message <GossipMessage:16_1> from Peer_1:client
Peer_24:peer INFO 4000.5167211144994: Sending message <GossipMessage:16_1> to Peer_6:peer
Peer_24:peer INFO 4000.5167211144994: Sending message <GossipMessage:16_1> to Peer_21:peer
Peer_24:peer INFO 4000.5167211144994: Sending message <GossipMessage:16_1> to Peer_8:peer
Peer_24:peer INFO 4000.6242627559027: Received message <Ping:> from Peer_26:bootstrap
Peer_24:peer INFO 4000.6242627559027: Sending message <Pong:> to Peer_26:bootstrap
Peer_24:peer INFO 4001.001255654677: Received message <Pong:> from Peer_26:bootstrap
Peer_24:peer INFO 4027.8571121750897: Received message <GossipMessage:15_1> from Peer_21:peer
Peer_24:peer INFO 4072.6459430830114: Received message <GossipMessage:16_1> from Peer_6:peer
Peer_24:peer INFO 4072.6459430830114: Sending message <GossipMessage:16_1> to Peer_15:peer
Peer_24:peer INFO 4072.6459430830114: Sending message <GossipMessage:16_1> to Peer_21:peer
Peer_24:peer INFO 4072.6459430830114: Sending message <GossipMessage:16_1> to Peer_22:peer
Peer_24:peer INFO 4072.9967360376136: Received message <GossipMessage:16_1> from Peer_21:peer
Peer_24:peer INFO 4072.9967360376136: Sending message <GossipMessage:16_1> to Peer_6:peer
Peer_24:peer INFO 4072.9967360376136: Sending message <GossipMessage:16_1> to Peer_8:peer
Peer_24:peer INFO 4072.9967360376136: Sending message <GossipMessage:16_1> to Peer_22:peer
Peer_24:peer INFO 4073.1593765800853: Received message <GossipMessage:16_1> from Peer_6:peer
Peer_24:peer INFO 4073.350210258425: Received message <GossipMessage:16_1> from Peer_15:peer
Peer_24:peer INFO 4073.350210258425: Sending message <GossipMessage:16_1> to Peer_8:peer
Peer_24:peer INFO 4073.350210258425: Sending message <GossipMessage:16_1> to Peer_22:peer
Peer_24:peer INFO 4073.350210258425: Sending message <GossipMessage:16_1> to Peer_6:peer
Peer_24:peer INFO 4073.5615091091663: Received message <GossipMessage:16_1> from Peer_22:peer
Peer_24:peer INFO 4073.823912755111: Received message <GossipMessage:16_1> from Peer_8:peer
Peer_24:peer INFO 4073.823912755111: Sending message <GossipMessage:16_1> to Peer_6:peer
Peer_24:peer INFO 4073.823912755111: Sending message <GossipMessage:16_1> to Peer_22:peer
Peer_24:peer INFO 4073.823912755111: Sending message <GossipMessage:16_1> to Peer_15:peer
Peer_24:peer INFO 4074.4091016273637: Received message <GossipMessage:16_1> from Peer_8:peer
Peer_24:peer INFO 4074.477487772807: Received message <GossipMessage:16_1> from Peer_22:peer
Peer_24:peer INFO 4074.477487772807: Sending message <GossipMessage:16_1> to Peer_15:peer
Peer_24:peer INFO 4074.477487772807: Sending message <GossipMessage:16_1> to Peer_8:peer
Peer_24:peer INFO 4074.477487772807: Sending message <GossipMessage:16_1> to Peer_21:peer
Peer_24:peer INFO 4178.534149387025: Received message <GossipMessage:16_1> from Peer_21:peer
Peer_24:peer INFO 4178.534149387025: Sending message <GossipMessage:16_1> to Peer_15:peer
Peer_24:peer INFO 4178.534149387025: Sending message <GossipMessage:16_1> to Peer_8:peer
Peer_24:peer INFO 4178.534149387025: Sending message <GossipMessage:16_1> to Peer_22:peer
Peer_24:peer INFO 4180.810993313384: Received message <GossipMessage:16_1> from Peer_6:peer
Peer_24:peer INFO 4181.1739441748705: Received message <GossipMessage:16_1> from Peer_15:peer
Peer_24:peer INFO 4200.541307224613: Received message <GossipMessage:17_1> from Peer_1:client
Peer_24:peer INFO 4200.541307224613: Sending message <GossipMessage:17_1> to Peer_22:peer
Peer_24:peer INFO 4200.541307224613: Sending message <GossipMessage:17_1> to Peer_15:peer
Peer_24:peer INFO 4200.541307224613: Sending message <GossipMessage:17_1> to Peer_21:peer
Peer_24:peer INFO 4228.778002081242: Received message <GossipMessage:16_1> from Peer_21:peer
Peer_24:peer INFO 4229.426478614524: Received message <GossipMessage:16_1> from Peer_15:peer
Peer_24:peer INFO 4230.37347966296: Received message <GossipMessage:16_1> from Peer_15:peer
Peer_24:peer INFO 4271.313601359985: Received message <GossipMessage:17_1> from Peer_15:peer
Peer_24:peer INFO 4271.313601359985: Sending message <GossipMessage:17_1> to Peer_8:peer
Peer_24:peer INFO 4271.313601359985: Sending message <GossipMessage:17_1> to Peer_22:peer
Peer_24:peer INFO 4271.313601359985: Sending message <GossipMessage:17_1> to Peer_6:peer
Peer_24:peer INFO 4271.803084861964: Received message <GossipMessage:17_1> from Peer_6:peer
Peer_24:peer INFO 4271.803084861964: Sending message <GossipMessage:17_1> to Peer_21:peer
Peer_24:peer INFO 4271.803084861964: Sending message <GossipMessage:17_1> to Peer_8:peer
Peer_24:peer INFO 4271.803084861964: Sending message <GossipMessage:17_1> to Peer_15:peer
Peer_24:peer INFO 4272.856379215321: Received message <GossipMessage:17_1> from Peer_22:peer
Peer_24:peer INFO 4273.12311950386: Received message <GossipMessage:17_1> from Peer_6:peer
Peer_24:peer INFO 4273.513968074635: Received message <GossipMessage:17_1> from Peer_6:peer
Peer_24:peer INFO 4273.513968074635: Sending message <GossipMessage:17_1> to Peer_15:peer
Peer_24:peer INFO 4273.513968074635: Sending message <GossipMessage:17_1> to Peer_21:peer
Peer_24:peer INFO 4273.513968074635: Sending message <GossipMessage:17_1> to Peer_8:peer
Peer_24:peer INFO 4274.058052360264: Received message <GossipMessage:17_1> from Peer_15:peer
Peer_24:peer INFO 4274.579610550757: Received message <GossipMessage:17_1> from Peer_15:peer
Peer_24:peer INFO 4274.579610550757: Sending message <GossipMessage:17_1> to Peer_8:peer
Peer_24:peer INFO 4274.579610550757: Sending message <GossipMessage:17_1> to Peer_22:peer
Peer_24:peer INFO 4274.579610550757: Sending message <GossipMessage:17_1> to Peer_6:peer
Peer_24:peer INFO 4274.697834192386: Received message <GossipMessage:17_1> from Peer_8:peer
Peer_24:peer INFO 4379.545371524549: Received message <GossipMessage:17_1> from Peer_8:peer
Peer_24:peer INFO 4379.545371524549: Sending message <GossipMessage:17_1> to Peer_15:peer
Peer_24:peer INFO 4379.545371524549: Sending message <GossipMessage:17_1> to Peer_22:peer
Peer_24:peer INFO 4379.545371524549: Sending message <GossipMessage:17_1> to Peer_6:peer
Peer_24:peer INFO 4380.3638322508305: Received message <GossipMessage:17_1> from Peer_15:peer
Peer_24:peer INFO 4380.795866364253: Received message <GossipMessage:17_1> from Peer_15:peer
Peer_24:peer INFO 4380.921302599413: Received message <GossipMessage:17_1> from Peer_6:peer
Peer_24:peer INFO 4380.922253509591: Received message <GossipMessage:17_1> from Peer_22:peer
Peer_24:peer INFO 4381.159701336682: Received message <GossipMessage:17_1> from Peer_15:peer
Peer_24:peer INFO 4400.5236011787965: Received message <GossipMessage:18_1> from Peer_1:client
Peer_24:peer INFO 4400.5236011787965: Sending message <GossipMessage:18_1> to Peer_21:peer
Peer_24:peer INFO 4400.5236011787965: Sending message <GossipMessage:18_1> to Peer_15:peer
Peer_24:peer INFO 4400.5236011787965: Sending message <GossipMessage:18_1> to Peer_22:peer
Peer_24:peer INFO 4429.423732823486: Received message <GossipMessage:17_1> from Peer_8:peer
Peer_24:peer INFO 4429.74584434267: Received message <GossipMessage:17_1> from Peer_15:peer
Peer_24:peer INFO 4430.581270599842: Received message <GossipMessage:17_1> from Peer_21:peer
Peer_24:peer INFO 4474.026619687458: Received message <GossipMessage:18_1> from Peer_6:peer
Peer_24:peer INFO 4474.194123286675: Received message <GossipMessage:18_1> from Peer_8:peer
Peer_24:peer INFO 4474.194123286675: Sending message <GossipMessage:18_1> to Peer_15:peer
Peer_24:peer INFO 4474.194123286675: Sending message <GossipMessage:18_1> to Peer_21:peer
Peer_24:peer INFO 4474.194123286675: Sending message <GossipMessage:18_1> to Peer_6:peer
Peer_24:peer INFO 4474.264716220214: Received message <GossipMessage:18_1> from Peer_6:peer
Peer_24:peer INFO 4475.329121892071: Received message <GossipMessage:18_1> from Peer_8:peer
Peer_24:peer INFO 4475.954385247546: Received message <GossipMessage:18_1> from Peer_15:peer
Peer_24:peer INFO 4580.005662895908: Received message <GossipMessage:18_1> from Peer_21:peer
Peer_24:peer INFO 4580.005662895908: Sending message <GossipMessage:18_1> to Peer_8:peer
Peer_24:peer INFO 4580.005662895908: Sending message <GossipMessage:18_1> to Peer_22:peer
Peer_24:peer INFO 4580.005662895908: Sending message <GossipMessage:18_1> to Peer_6:peer
Peer_24:peer INFO 4580.231227085018: Received message <GossipMessage:18_1> from Peer_15:peer
Peer_24:peer INFO 4580.4487350402305: Received message <GossipMessage:18_1> from Peer_8:peer
Peer_24:peer INFO 4580.4487350402305: Sending message <GossipMessage:18_1> to Peer_22:peer
Peer_24:peer INFO 4580.4487350402305: Sending message <GossipMessage:18_1> to Peer_6:peer
Peer_24:peer INFO 4580.4487350402305: Sending message <GossipMessage:18_1> to Peer_15:peer
Peer_24:peer INFO 4580.886010129094: Received message <GossipMessage:18_1> from Peer_6:peer
Peer_24:peer INFO 4580.974728375784: Received message <GossipMessage:18_1> from Peer_22:peer
Peer_24:peer INFO 4580.974728375784: Sending message <GossipMessage:18_1> to Peer_6:peer
Peer_24:peer INFO 4580.974728375784: Sending message <GossipMessage:18_1> to Peer_15:peer
Peer_24:peer INFO 4580.974728375784: Sending message <GossipMessage:18_1> to Peer_21:peer
Peer_24:peer INFO 4581.163633125694: Received message <GossipMessage:18_1> from Peer_22:peer
Peer_24:peer INFO 4581.234205942152: Received message <GossipMessage:18_1> from Peer_8:peer
Peer_24:peer INFO 4628.254484952226: Received message <GossipMessage:18_1> from Peer_21:peer
Peer_24:peer INFO 4630.534807154503: Received message <GossipMessage:18_1> from Peer_15:peer
Peer_24:peer INFO 4631.196584615504: Received message <GossipMessage:18_1> from Peer_21:peer
Peer_24:peer INFO 4672.654909535011: Received message <GossipMessage:19_1> from Peer_22:peer
Peer_24:peer INFO 4672.654909535011: Sending message <GossipMessage:19_1> to Peer_8:peer
Peer_24:peer INFO 4672.654909535011: Sending message <GossipMessage:19_1> to Peer_6:peer
Peer_24:peer INFO 4672.654909535011: Sending message <GossipMessage:19_1> to Peer_15:peer
Peer_24:peer INFO 4672.918296751267: Received message <GossipMessage:19_1> from Peer_8:peer
Peer_24:peer INFO 4673.570381443379: Received message <GossipMessage:19_1> from Peer_8:peer
Peer_24:peer INFO 4673.570381443379: Sending message <GossipMessage:19_1> to Peer_6:peer
Peer_24:peer INFO 4673.570381443379: Sending message <GossipMessage:19_1> to Peer_15:peer
Peer_24:peer INFO 4673.570381443379: Sending message <GossipMessage:19_1> to Peer_22:peer
Peer_24:peer INFO 4674.1502471227: Received message <GossipMessage:19_1> from Peer_15:peer
Peer_24:peer INFO 4674.1502471227: Sending message <GossipMessage:19_1> to Peer_22:peer
Peer_24:peer INFO 4674.1502471227: Sending message <GossipMessage:19_1> to Peer_6:peer
Peer_24:peer INFO 4674.1502471227: Sending message <GossipMessage:19_1> to Peer_21:peer
Peer_24:peer INFO 4674.521947750459: Received message <GossipMessage:19_1> from Peer_15:peer
Peer_24:peer INFO 4674.521947750459: Sending message <GossipMessage:19_1> to Peer_21:peer
Peer_24:peer INFO 4674.521947750459: Sending message <GossipMessage:19_1> to Peer_6:peer
Peer_24:peer INFO 4674.521947750459: Sending message <GossipMessage:19_1> to Peer_8:peer
Peer_24:peer INFO 4674.559887517497: Received message <GossipMessage:19_1> from Peer_21:peer
Peer_24:peer INFO 4674.559887517497: Sending message <GossipMessage:19_1> to Peer_8:peer
Peer_24:peer INFO 4674.559887517497: Sending message <GossipMessage:19_1> to Peer_15:peer
Peer_24:peer INFO 4674.559887517497: Sending message <GossipMessage:19_1> to Peer_22:peer
Peer_24:peer INFO 4675.363756576653: Received message <GossipMessage:19_1> from Peer_15:peer
Peer_24:peer INFO 4780.205440980047: Received message <GossipMessage:19_1> from Peer_15:peer
Peer_24:peer INFO 4780.602496814819: Received message <GossipMessage:19_1> from Peer_15:peer
Peer_24:peer INFO 4780.657328330894: Received message <GossipMessage:19_1> from Peer_22:peer
Peer_24:peer INFO 4780.671169660859: Received message <GossipMessage:19_1> from Peer_21:peer
Peer_24:peer INFO 4780.671169660859: Sending message <GossipMessage:19_1> to Peer_15:peer
Peer_24:peer INFO 4780.671169660859: Sending message <GossipMessage:19_1> to Peer_8:peer
Peer_24:peer INFO 4780.671169660859: Sending message <GossipMessage:19_1> to Peer_6:peer
Peer_24:peer INFO 4781.329569885658: Received message <GossipMessage:19_1> from Peer_15:peer
Peer_24:peer INFO 4800.509549103385: Received message <GossipMessage:20_1> from Peer_1:client
Peer_24:peer INFO 4800.509549103385: Sending message <GossipMessage:20_1> to Peer_15:peer
Peer_24:peer INFO 4800.509549103385: Sending message <GossipMessage:20_1> to Peer_22:peer
Peer_24:peer INFO 4800.509549103385: Sending message <GossipMessage:20_1> to Peer_21:peer
Peer_24:peer INFO 4829.216362276887: Received message <GossipMessage:19_1> from Peer_8:peer
Peer_24:peer INFO 4829.321140691529: Received message <GossipMessage:19_1> from Peer_21:peer
Peer_24:peer INFO 4829.509364168369: Received message <GossipMessage:19_1> from Peer_21:peer
Peer_24:peer INFO 4830.648622002969: Received message <GossipMessage:19_1> from Peer_15:peer
Peer_24:peer INFO 4873.588972069262: Received message <GossipMessage:20_1> from Peer_15:peer
Peer_24:peer INFO 4873.588972069262: Sending message <GossipMessage:20_1> to Peer_8:peer
Peer_24:peer INFO 4873.588972069262: Sending message <GossipMessage:20_1> to Peer_21:peer
Peer_24:peer INFO 4873.588972069262: Sending message <GossipMessage:20_1> to Peer_22:peer
Peer_24:peer INFO 4873.697600585764: Received message <GossipMessage:20_1> from Peer_15:peer
Peer_24:peer INFO 4873.697600585764: Sending message <GossipMessage:20_1> to Peer_22:peer
Peer_24:peer INFO 4873.697600585764: Sending message <GossipMessage:20_1> to Peer_8:peer
Peer_24:peer INFO 4873.697600585764: Sending message <GossipMessage:20_1> to Peer_21:peer
Peer_24:peer INFO 4873.841035172378: Received message <GossipMessage:20_1> from Peer_6:peer
Peer_24:peer INFO 4874.278375991656: Received message <GossipMessage:20_1> from Peer_6:peer
Peer_24:peer INFO 4874.311084906893: Received message <GossipMessage:20_1> from Peer_22:peer
Peer_24:peer INFO 4874.311084906893: Sending message <GossipMessage:20_1> to Peer_15:peer
Peer_24:peer INFO 4874.311084906893: Sending message <GossipMessage:20_1> to Peer_21:peer
Peer_24:peer INFO 4874.311084906893: Sending message <GossipMessage:20_1> to Peer_6:peer
Peer_24:peer INFO 4874.441078696059: Received message <GossipMessage:20_1> from Peer_8:peer
Peer_24:peer INFO 4874.441078696059: Sending message <GossipMessage:20_1> to Peer_6:peer
Peer_24:peer INFO 4874.441078696059: Sending message <GossipMessage:20_1> to Peer_21:peer
Peer_24:peer INFO 4874.441078696059: Sending message <GossipMessage:20_1> to Peer_22:peer
Peer_24:peer INFO 4874.910364204282: Received message <GossipMessage:20_1> from Peer_6:peer
Peer_24:peer INFO 4874.910364204282: Sending message <GossipMessage:20_1> to Peer_22:peer
Peer_24:peer INFO 4874.910364204282: Sending message <GossipMessage:20_1> to Peer_8:peer
Peer_24:peer INFO 4874.910364204282: Sending message <GossipMessage:20_1> to Peer_21:peer
Peer_24:peer INFO 4980.505891221142: Received message <GossipMessage:20_1> from Peer_15:peer
Peer_24:peer INFO 4980.505891221142: Sending message <GossipMessage:20_1> to Peer_8:peer
Peer_24:peer INFO 4980.505891221142: Sending message <GossipMessage:20_1> to Peer_21:peer
Peer_24:peer INFO 4980.505891221142: Sending message <GossipMessage:20_1> to Peer_6:peer
Peer_24:peer INFO 4980.549389329107: Received message <GossipMessage:20_1> from Peer_6:peer
Peer_24:peer INFO 4980.562585321745: Received message <GossipMessage:20_1> from Peer_6:peer
Peer_24:peer INFO 4980.718009427109: Received message <GossipMessage:20_1> from Peer_22:peer
Peer_24:peer INFO 4980.718009427109: Sending message <GossipMessage:20_1> to Peer_8:peer
Peer_24:peer INFO 4980.718009427109: Sending message <GossipMessage:20_1> to Peer_15:peer
Peer_24:peer INFO 4980.718009427109: Sending message <GossipMessage:20_1> to Peer_6:peer
Peer_24:peer INFO 4980.899369127319: Received message <GossipMessage:20_1> from Peer_22:peer
Peer_24:peer INFO 4981.347645843837: Received message <GossipMessage:20_1> from Peer_21:peer
Peer_24:peer INFO 4981.347645843837: Sending message <GossipMessage:20_1> to Peer_22:peer
Peer_24:peer INFO 4981.347645843837: Sending message <GossipMessage:20_1> to Peer_6:peer
Peer_24:peer INFO 4981.347645843837: Sending message <GossipMessage:20_1> to Peer_15:peer
Peer_24:peer INFO 5000: Sending message <Ping:> to Peer_26:bootstrap
Peer_24:peer INFO 5000.463783812036: Received message <Ping:> from Peer_26:bootstrap
Peer_24:peer INFO 5000.463783812036: Sending message <Pong:> to Peer_26:bootstrap
Peer_24:peer INFO 5000.501353419663: Received message <Ping:> from Peer_1:client
Peer_24:peer INFO 5000.501353419663: Sending message <Pong:> to Peer_1:client
Peer_24:peer INFO 5000.988039523645: Received message <Pong:> from Peer_26:bootstrap
Peer_24:peer INFO 5029.263049527637: Received message <GossipMessage:20_1> from Peer_15:peer
Peer_24:peer INFO 5030.175614944291: Received message <GossipMessage:20_1> from Peer_21:peer
Peer_24:peer INFO 5072.675240839421: Received message <GossipMessage:21_1> from Peer_21:peer
Peer_24:peer INFO 5072.675240839421: Sending message <GossipMessage:21_1> to Peer_15:peer
Peer_24:peer INFO 5072.675240839421: Sending message <GossipMessage:21_1> to Peer_8:peer
Peer_24:peer INFO 5072.675240839421: Sending message <GossipMessage:21_1> to Peer_22:peer
Peer_24:peer INFO 5072.888714446028: Received message <GossipMessage:21_1> from Peer_6:peer
Peer_24:peer INFO 5072.888714446028: Sending message <GossipMessage:21_1> to Peer_21:peer
Peer_24:peer INFO 5072.888714446028: Sending message <GossipMessage:21_1> to Peer_15:peer
Peer_24:peer INFO 5072.888714446028: Sending message <GossipMessage:21_1> to Peer_8:peer
Peer_24:peer INFO 5073.106268507157: Received message <GossipMessage:21_1> from Peer_6:peer
Peer_24:peer INFO 5073.106268507157: Sending message <GossipMessage:21_1> to Peer_8:peer
Peer_24:peer INFO 5073.106268507157: Sending message <GossipMessage:21_1> to Peer_15:peer
Peer_24:peer INFO 5073.106268507157: Sending message <GossipMessage:21_1> to Peer_21:peer
Peer_24:peer INFO 5073.772529946606: Received message <GossipMessage:21_1> from Peer_22:peer
Peer_24:peer INFO 5073.772529946606: Sending message <GossipMessage:21_1> to Peer_8:peer
Peer_24:peer INFO 5073.772529946606: Sending message <GossipMessage:21_1> to Peer_21:peer
Peer_24:peer INFO 5073.772529946606: Sending message <GossipMessage:21_1> to Peer_15:peer
Peer_24:peer INFO 5074.073038669655: Received message <GossipMessage:21_1> from Peer_8:peer
Peer_24:peer INFO 5074.412126922313: Received message <GossipMessage:21_1> from Peer_15:peer
Peer_24:peer INFO 5180.529686979306: Received message <GossipMessage:21_1> from Peer_22:peer
Peer_24:peer INFO 5180.529686979306: Sending message <GossipMessage:21_1> to Peer_6:peer
Peer_24:peer INFO 5180.529686979306: Sending message <GossipMessage:21_1> to Peer_8:peer
Peer_24:peer INFO 5180.529686979306: Sending message <GossipMessage:21_1> to Peer_21:peer
Peer_24:peer INFO 5181.146688982091: Received message <GossipMessage:21_1> from Peer_6:peer
Peer_24:peer INFO 5181.878030001972: Received message <GossipMessage:21_1> from Peer_8:peer
Peer_24:peer INFO 5181.878030001972: Sending message <GossipMessage:21_1> to Peer_6:peer
Peer_24:peer INFO 5181.878030001972: Sending message <GossipMessage:21_1> to Peer_21:peer
Peer_24:peer INFO 5181.878030001972: Sending message <GossipMessage:21_1> to Peer_22:peer
Peer_24:peer INFO 5182.203375312612: Received message <GossipMessage:21_1> from Peer_22:peer
