Peer_8:peer WARNING 0: Not enough peers, fetching more (0, 4)
Peer_8:peer INFO 36.654987364466166: Connecting to Peer_26:bootstrap
Peer_8:peer INFO 73.22015951496375: Received message <RequestPeers:> from Peer_26:bootstrap
Peer_8:peer INFO 73.22015951496375: Sending message <PeerList> to Peer_26:bootstrap
Peer_8:peer INFO 74.26949236940266: Received message <Hello:> from Peer_26:bootstrap
Peer_8:peer WARNING 500: Not enough peers, fetching more (1, 4)
Peer_8:peer INFO 500: Sending message <RequestPeers:> to Peer_26:bootstrap
Peer_8:peer INFO 574.7917704925948: Received message <PeerList> from Peer_26:bootstrap
Peer_8:peer WARNING 1000: Not enough peers, fetching more (1, 4)
Peer_8:peer INFO 1000: Sending message <RequestPeers:> to Peer_26:bootstrap
Peer_8:peer INFO 1073.766947460643: Received message <PeerList> from Peer_26:bootstrap
Peer_8:peer INFO 1077.9372120418157: Received message <Hello:> from Peer_11:peer
Peer_8:peer INFO 1077.9372120418157: Connecting to Peer_11:peer
Peer_8:peer INFO 1077.9372120418157: Sending message <Hello:> to Peer_11:peer
Peer_8:peer INFO 1077.9372120418157: Sending message <RequestPeers:> to Peer_11:peer
Peer_8:peer INFO 1078.0560694815676: Connecting to Peer_17:peer
Peer_8:peer INFO 1078.101090633003: Received message <Hello:> from Peer_17:peer
Peer_8:peer INFO 1156.06151722451: Received message <Hello:> from Peer_17:peer
Peer_8:peer INFO 1156.0820957821109: Received message <RequestPeers:> from Peer_17:peer
Peer_8:peer INFO 1156.0820957821109: Sending message <PeerList> to Peer_17:peer
Peer_8:peer INFO 1233.899724830986: Received message <PeerList> from Peer_11:peer
Peer_8:peer INFO 1343.4428662998246: Received message <GossipMessage:2_1> from Peer_11:peer
Peer_8:peer INFO 1343.4428662998246: Sending message <GossipMessage:2_1> to Peer_17:peer
Peer_8:peer WARNING 1500: Not enough peers, fetching more (3, 4)
Peer_8:peer INFO 1500.2175932671346: Received message <Hello:> from Peer_3:peer
Peer_8:peer INFO 1500.2175932671346: Connecting to Peer_3:peer
Peer_8:peer INFO 1500.2175932671346: Sending message <Hello:> to Peer_3:peer
Peer_8:peer INFO 1500.2175932671346: Sending message <RequestPeers:> to Peer_3:peer
Peer_8:peer INFO 1500.7165334991469: Received message <PeerList> from Peer_3:peer
Peer_8:peer INFO 1535.9838411336873: Connecting to Peer_24:peer
Peer_8:peer INFO 1543.7219202468332: Received message <GossipMessage:3_1> from Peer_11:peer
Peer_8:peer INFO 1543.7219202468332: Sending message <GossipMessage:3_1> to Peer_17:peer
Peer_8:peer INFO 1543.7219202468332: Sending message <GossipMessage:3_1> to Peer_24:peer
Peer_8:peer INFO 1543.7219202468332: Sending message <GossipMessage:3_1> to Peer_3:peer
Peer_8:peer INFO 1572.237479227271: Received message <Hello:> from Peer_24:peer
Peer_8:peer INFO 1572.6266621865245: Received message <RequestPeers:> from Peer_24:peer
Peer_8:peer INFO 1572.6266621865245: Sending message <PeerList> to Peer_24:peer
Peer_8:peer INFO 1636.9870837736207: Received message <GossipMessage:4_1> from Peer_24:peer
Peer_8:peer INFO 1636.9870837736207: Sending message <GossipMessage:4_1> to Peer_3:peer
Peer_8:peer INFO 1636.9870837736207: Sending message <GossipMessage:4_1> to Peer_11:peer
Peer_8:peer INFO 1636.9870837736207: Sending message <GossipMessage:4_1> to Peer_17:peer
Peer_8:peer INFO 1709.6690559362714: Received message <GossipMessage:4_1> from Peer_24:peer
Peer_8:peer INFO 1710.0751157530967: Received message <GossipMessage:4_1> from Peer_24:peer
Peer_8:peer INFO 1710.0751157530967: Sending message <GossipMessage:4_1> to Peer_17:peer
Peer_8:peer INFO 1710.0751157530967: Sending message <GossipMessage:4_1> to Peer_11:peer
Peer_8:peer INFO 1710.0751157530967: Sending message <GossipMessage:4_1> to Peer_3:peer
Peer_8:peer INFO 1711.1173954674168: Received message <GossipMessage:4_1> from Peer_24:peer
Peer_8:peer INFO 1711.5236118539503: Received message <GossipMessage:4_1> from Peer_24:peer
Peer_8:peer INFO 1711.5236118539503: Sending message <GossipMessage:4_1> to Peer_17:peer
Peer_8:peer INFO 1711.5236118539503: Sending message <GossipMessage:4_1> to Peer_11:peer
Peer_8:peer INFO 1711.5236118539503: Sending message <GossipMessage:4_1> to Peer_3:peer
Peer_8:peer INFO 1743.63723177695: Received message <GossipMessage:4_1> from Peer_11:peer
Peer_8:peer INFO 1743.63723177695: Sending message <GossipMessage:4_1> to Peer_17:peer
Peer_8:peer INFO 1743.63723177695: Sending message <GossipMessage:4_1> to Peer_3:peer
Peer_8:peer INFO 1743.63723177695: Sending message <GossipMessage:4_1> to Peer_24:peer
Peer_8:peer INFO 1837.6621400395818: Received message <GossipMessage:5_1> from Peer_24:peer
Peer_8:peer INFO 1837.6621400395818: Sending message <GossipMessage:5_1> to Peer_11:peer
Peer_8:peer INFO 1837.6621400395818: Sending message <GossipMessage:5_1> to Peer_17:peer
Peer_8:peer INFO 1837.6621400395818: Sending message <GossipMessage:5_1> to Peer_3:peer
Peer_8:peer INFO 1910.4103810751917: Received message <GossipMessage:5_1> from Peer_24:peer
Peer_8:peer INFO 1910.4103810751917: Sending message <GossipMessage:5_1> to Peer_11:peer
Peer_8:peer INFO 1910.4103810751917: Sending message <GossipMessage:5_1> to Peer_3:peer
Peer_8:peer INFO 1910.4103810751917: Sending message <GossipMessage:5_1> to Peer_17:peer
Peer_8:peer INFO 1910.944359690433: Received message <GossipMessage:5_1> from Peer_24:peer
Peer_8:peer INFO 1911.3084214965866: Received message <GossipMessage:5_1> from Peer_24:peer
Peer_8:peer INFO 1911.6523557535868: Received message <GossipMessage:5_1> from Peer_24:peer
Peer_8:peer INFO 1911.6523557535868: Sending message <GossipMessage:5_1> to Peer_11:peer
Peer_8:peer INFO 1911.6523557535868: Sending message <GossipMessage:5_1> to Peer_3:peer
Peer_8:peer INFO 1911.6523557535868: Sending message <GossipMessage:5_1> to Peer_17:peer
Peer_8:peer INFO 1943.291643878222: Received message <GossipMessage:5_1> from Peer_11:peer
Peer_8:peer INFO 1943.291643878222: Sending message <GossipMessage:5_1> to Peer_24:peer
Peer_8:peer INFO 1943.291643878222: Sending message <GossipMessage:5_1> to Peer_3:peer
Peer_8:peer INFO 1943.291643878222: Sending message <GossipMessage:5_1> to Peer_17:peer
Peer_8:peer INFO 2000: Sending message <Ping:> to Peer_26:bootstrap
Peer_8:peer INFO 2000: Sending message <Ping:> to Peer_17:peer
Peer_8:peer INFO 2036.74034499757: Received message <Hello:> from Peer_1:client
Peer_8:peer INFO 2036.74034499757: Connecting to Peer_1:client
Peer_8:peer INFO 2036.74034499757: Sending message <Hello:> to Peer_1:client
Peer_8:peer INFO 2036.74034499757: Sending message <RequestPeers:> to Peer_1:client
Peer_8:peer INFO 2037.3122697698852: Received message <Ping:> from Peer_26:bootstrap
Peer_8:peer INFO 2037.3122697698852: Sending message <Pong:> to Peer_26:bootstrap
Peer_8:peer INFO 2037.7914116070408: Received message <GossipMessage:6_1> from Peer_3:peer
Peer_8:peer INFO 2038.5142392629584: Received message <GossipMessage:6_1> from Peer_3:peer
Peer_8:peer INFO 2038.9842397764105: Received message <GossipMessage:6_1> from Peer_24:peer
Peer_8:peer INFO 2038.9842397764105: Sending message <GossipMessage:6_1> to Peer_17:peer
Peer_8:peer INFO 2038.9842397764105: Sending message <GossipMessage:6_1> to Peer_3:peer
Peer_8:peer INFO 2038.9842397764105: Sending message <GossipMessage:6_1> to Peer_11:peer
Peer_8:peer INFO 2074.2672720546857: Received message <Pong:> from Peer_26:bootstrap
Peer_8:peer INFO 2109.096987903686: Received message <PeerList> from Peer_1:client
Peer_8:peer INFO 2110.6443339899715: Received message <GossipMessage:6_1> from Peer_24:peer
Peer_8:peer INFO 2110.6443339899715: Sending message <GossipMessage:6_1> to Peer_3:peer
Peer_8:peer INFO 2110.6443339899715: Sending message <GossipMessage:6_1> to Peer_17:peer
Peer_8:peer INFO 2110.6443339899715: Sending message <GossipMessage:6_1> to Peer_11:peer
Peer_8:peer INFO 2110.7013497087764: Received message <GossipMessage:6_1> from Peer_24:peer
Peer_8:peer INFO 2110.7013497087764: Sending message <GossipMessage:6_1> to Peer_11:peer
Peer_8:peer INFO 2110.7013497087764: Sending message <GossipMessage:6_1> to Peer_17:peer
Peer_8:peer INFO 2110.7013497087764: Sending message <GossipMessage:6_1> to Peer_3:peer
Peer_8:peer INFO 2143.6184546957043: Received message <GossipMessage:6_1> from Peer_11:peer
Peer_8:peer INFO 2143.6184546957043: Sending message <GossipMessage:6_1> to Peer_3:peer
Peer_8:peer INFO 2143.6184546957043: Sending message <GossipMessage:6_1> to Peer_17:peer
Peer_8:peer INFO 2143.6184546957043: Sending message <GossipMessage:6_1> to Peer_24:peer
Peer_8:peer INFO 2155.956817280359: Received message <Pong:> from Peer_17:peer
Peer_8:peer INFO 2236.896838440032: Received message <GossipMessage:7_1> from Peer_1:client
Peer_8:peer INFO 2236.896838440032: Sending message <GossipMessage:7_1> to Peer_11:peer
Peer_8:peer INFO 2236.896838440032: Sending message <GossipMessage:7_1> to Peer_3:peer
Peer_8:peer INFO 2236.896838440032: Sending message <GossipMessage:7_1> to Peer_24:peer
Peer_8:peer INFO 2238.450324134652: Received message <GossipMessage:7_1> from Peer_3:peer
Peer_8:peer INFO 2239.1979399409765: Received message <GossipMessage:7_1> from Peer_24:peer
Peer_8:peer INFO 2239.1979399409765: Sending message <GossipMessage:7_1> to Peer_3:peer
Peer_8:peer INFO 2239.1979399409765: Sending message <GossipMessage:7_1> to Peer_17:peer
Peer_8:peer INFO 2239.1979399409765: Sending message <GossipMessage:7_1> to Peer_11:peer
Peer_8:peer INFO 2311.5583754908193: Received message <GossipMessage:7_1> from Peer_24:peer
Peer_8:peer INFO 2311.5583754908193: Sending message <GossipMessage:7_1> to Peer_3:peer
Peer_8:peer INFO 2311.5583754908193: Sending message <GossipMessage:7_1> to Peer_11:peer
Peer_8:peer INFO 2311.5583754908193: Sending message <GossipMessage:7_1> to Peer_17:peer
Peer_8:peer INFO 2311.8115236460417: Received message <GossipMessage:7_1> from Peer_24:peer
Peer_8:peer INFO 2343.2560453662445: Received message <GossipMessage:7_1> from Peer_11:peer
Peer_8:peer INFO 2343.2560453662445: Sending message <GossipMessage:7_1> to Peer_24:peer
Peer_8:peer INFO 2343.2560453662445: Sending message <GossipMessage:7_1> to Peer_3:peer
Peer_8:peer INFO 2343.2560453662445: Sending message <GossipMessage:7_1> to Peer_17:peer
Peer_8:peer INFO 2343.961647139102: Received message <GossipMessage:7_1> from Peer_17:peer
Peer_8:peer INFO 2343.961647139102: Sending message <GossipMessage:7_1> to Peer_3:peer
Peer_8:peer INFO 2343.961647139102: Sending message <GossipMessage:7_1> to Peer_24:peer
Peer_8:peer INFO 2343.961647139102: Sending message <GossipMessage:7_1> to Peer_11:peer
Peer_8:peer INFO 2393.7087325999955: Received message <GossipMessage:7_1> from Peer_17:peer
Peer_8:peer INFO 2437.2189056857: Received message <GossipMessage:8_1> from Peer_1:client
Peer_8:peer INFO 2437.2189056857: Sending message <GossipMessage:8_1> to Peer_3:peer
Peer_8:peer INFO 2437.2189056857: Sending message <GossipMessage:8_1> to Peer_11:peer
Peer_8:peer INFO 2437.2189056857: Sending message <GossipMessage:8_1> to Peer_24:peer
Peer_8:peer INFO 2437.2218859110726: Received message <GossipMessage:8_1> from Peer_24:peer
Peer_8:peer INFO 2437.2218859110726: Sending message <GossipMessage:8_1> to Peer_11:peer
Peer_8:peer INFO 2437.2218859110726: Sending message <GossipMessage:8_1> to Peer_3:peer
Peer_8:peer INFO 2437.2218859110726: Sending message <GossipMessage:8_1> to Peer_17:peer
Peer_8:peer INFO 2511.0262657664125: Received message <GossipMessage:8_1> from Peer_24:peer
Peer_8:peer INFO 2511.0262657664125: Sending message <GossipMessage:8_1> to Peer_17:peer
Peer_8:peer INFO 2511.0262657664125: Sending message <GossipMessage:8_1> to Peer_3:peer
Peer_8:peer INFO 2511.0262657664125: Sending message <GossipMessage:8_1> to Peer_11:peer
Peer_8:peer INFO 2512.017279678344: Received message <GossipMessage:8_1> from Peer_24:peer
Peer_8:peer INFO 2536.773743886215: Received message <RequestPeers:> from Peer_1:client
Peer_8:peer INFO 2536.773743886215: Sending message <PeerList> to Peer_1:client
Peer_8:peer INFO 2543.6078168403574: Received message <GossipMessage:8_1> from Peer_11:peer
Peer_8:peer INFO 2543.6078168403574: Sending message <GossipMessage:8_1> to Peer_17:peer
Peer_8:peer INFO 2543.6078168403574: Sending message <GossipMessage:8_1> to Peer_3:peer
Peer_8:peer INFO 2543.6078168403574: Sending message <GossipMessage:8_1> to Peer_24:peer
Peer_8:peer INFO 2543.949188561006: Received message <GossipMessage:8_1> from Peer_17:peer
Peer_8:peer INFO 2543.949188561006: Sending message <GossipMessage:8_1> to Peer_3:peer
Peer_8:peer INFO 2543.949188561006: Sending message <GossipMessage:8_1> to Peer_11:peer
Peer_8:peer INFO 2543.949188561006: Sending message <GossipMessage:8_1> to Peer_24:peer
Peer_8:peer INFO 2636.6363189650083: Received message <GossipMessage:9_1> from Peer_1:client
Peer_8:peer INFO 2636.6363189650083: Sending message <GossipMessage:9_1> to Peer_3:peer
Peer_8:peer INFO 2636.6363189650083: Sending message <GossipMessage:9_1> to Peer_24:peer
Peer_8:peer INFO 2636.6363189650083: Sending message <GossipMessage:9_1> to Peer_11:peer
Peer_8:peer INFO 2637.3779204883917: Received message <GossipMessage:9_1> from Peer_3:peer
Peer_8:peer INFO 2637.3779204883917: Sending message <GossipMessage:9_1> to Peer_11:peer
Peer_8:peer INFO 2637.3779204883917: Sending message <GossipMessage:9_1> to Peer_17:peer
Peer_8:peer INFO 2637.3779204883917: Sending message <GossipMessage:9_1> to Peer_24:peer
Peer_8:peer INFO 2637.599491796037: Received message <GossipMessage:9_1> from Peer_24:peer
Peer_8:peer INFO 2637.599491796037: Sending message <GossipMessage:9_1> to Peer_17:peer
Peer_8:peer INFO 2637.599491796037: Sending message <GossipMessage:9_1> to Peer_3:peer
Peer_8:peer INFO 2637.599491796037: Sending message <GossipMessage:9_1> to Peer_11:peer
Peer_8:peer INFO 2637.6563304352003: Received message <GossipMessage:9_1> from Peer_3:peer
Peer_8:peer INFO 2638.2857630209573: Received message <GossipMessage:9_1> from Peer_3:peer
Peer_8:peer INFO 2638.2857630209573: Sending message <GossipMessage:9_1> to Peer_17:peer
Peer_8:peer INFO 2638.2857630209573: Sending message <GossipMessage:9_1> to Peer_24:peer
Peer_8:peer INFO 2638.2857630209573: Sending message <GossipMessage:9_1> to Peer_11:peer
Peer_8:peer INFO 2638.649625185957: Received message <GossipMessage:9_1> from Peer_3:peer
Peer_8:peer INFO 2708.652821535829: Received message <GossipMessage:9_1> from Peer_24:peer
Peer_8:peer INFO 2708.652821535829: Sending message <GossipMessage:9_1> to Peer_17:peer
Peer_8:peer INFO 2708.652821535829: Sending message <GossipMessage:9_1> to Peer_3:peer
Peer_8:peer INFO 2708.652821535829: Sending message <GossipMessage:9_1> to Peer_11:peer
Peer_8:peer INFO 2709.7671343379516: Received message <GossipMessage:9_1> from Peer_24:peer
Peer_8:peer INFO 2711.212876242134: Received message <GossipMessage:9_1> from Peer_24:peer
Peer_8:peer INFO 2743.684181634183: Received message <GossipMessage:9_1> from Peer_11:peer
Peer_8:peer INFO 2743.684181634183: Sending message <GossipMessage:9_1> to Peer_17:peer
Peer_8:peer INFO 2743.684181634183: Sending message <GossipMessage:9_1> to Peer_3:peer
Peer_8:peer INFO 2743.684181634183: Sending message <GossipMessage:9_1> to Peer_24:peer
Peer_8:peer INFO 2836.544255814772: Received message <GossipMessage:10_1> from Peer_1:client
Peer_8:peer INFO 2836.544255814772: Sending message <GossipMessage:10_1> to Peer_11:peer
Peer_8:peer INFO 2836.544255814772: Sending message <GossipMessage:10_1> to Peer_17:peer
Peer_8:peer INFO 2836.544255814772: Sending message <GossipMessage:10_1> to Peer_24:peer
Peer_8:peer INFO 2836.8733513045263: Received message <GossipMessage:10_1> from Peer_3:peer
Peer_8:peer INFO 2837.1529503996717: Received message <GossipMessage:10_1> from Peer_3:peer
Peer_8:peer INFO 2837.1529503996717: Sending message <GossipMessage:10_1> to Peer_17:peer
Peer_8:peer INFO 2837.1529503996717: Sending message <GossipMessage:10_1> to Peer_24:peer
Peer_8:peer INFO 2837.1529503996717: Sending message <GossipMessage:10_1> to Peer_11:peer
Peer_8:peer INFO 2837.4481836723094: Received message <GossipMessage:10_1> from Peer_3:peer
Peer_8:peer INFO 2837.79768652282: Received message <GossipMessage:10_1> from Peer_3:peer
Peer_8:peer INFO 2908.5434544068758: Received message <GossipMessage:10_1> from Peer_24:peer
Peer_8:peer INFO 2908.5434544068758: Sending message <GossipMessage:10_1> to Peer_17:peer
Peer_8:peer INFO 2908.5434544068758: Sending message <GossipMessage:10_1> to Peer_11:peer
Peer_8:peer INFO 2908.5434544068758: Sending message <GossipMessage:10_1> to Peer_3:peer
Peer_8:peer INFO 2909.849101073566: Received message <GossipMessage:10_1> from Peer_24:peer
Peer_8:peer INFO 2910.5354035303253: Received message <GossipMessage:10_1> from Peer_24:peer
Peer_8:peer INFO 2911.062639399297: Received message <GossipMessage:10_1> from Peer_24:peer
Peer_8:peer INFO 2911.062639399297: Sending message <GossipMessage:10_1> to Peer_3:peer
Peer_8:peer INFO 2911.062639399297: Sending message <GossipMessage:10_1> to Peer_17:peer
Peer_8:peer INFO 2911.062639399297: Sending message <GossipMessage:10_1> to Peer_11:peer
Peer_8:peer INFO 2911.6693392725165: Received message <GossipMessage:10_1> from Peer_24:peer
Peer_8:peer INFO 2943.5591769806206: Received message <GossipMessage:10_1> from Peer_11:peer
Peer_8:peer INFO 2943.5591769806206: Sending message <GossipMessage:10_1> to Peer_3:peer
Peer_8:peer INFO 2943.5591769806206: Sending message <GossipMessage:10_1> to Peer_17:peer
Peer_8:peer INFO 2943.5591769806206: Sending message <GossipMessage:10_1> to Peer_24:peer
Peer_8:peer INFO 2943.846374016076: Received message <GossipMessage:10_1> from Peer_17:peer
Peer_8:peer INFO 2943.846374016076: Sending message <GossipMessage:10_1> to Peer_3:peer
Peer_8:peer INFO 2943.846374016076: Sending message <GossipMessage:10_1> to Peer_24:peer
Peer_8:peer INFO 2943.846374016076: Sending message <GossipMessage:10_1> to Peer_11:peer
Peer_8:peer INFO 2992.948553838962: Received message <GossipMessage:10_1> from Peer_17:peer
Peer_8:peer INFO 2993.114191013517: Received message <GossipMessage:10_1> from Peer_11:peer
Peer_8:peer INFO 2993.612267619623: Received message <GossipMessage:10_1> from Peer_17:peer
Peer_8:peer INFO 3000: Sending message <Ping:> to Peer_26:bootstrap
Peer_8:peer INFO 3035.9465366917725: Received message <RequestPeers:> from Peer_1:client
Peer_8:peer INFO 3035.9465366917725: Sending message <PeerList> to Peer_1:client
Peer_8:peer INFO 3036.1427197362805: Received message <GossipMessage:11_1> from Peer_1:client
Peer_8:peer INFO 3036.1427197362805: Sending message <GossipMessage:11_1> to Peer_3:peer
Peer_8:peer INFO 3036.1427197362805: Sending message <GossipMessage:11_1> to Peer_11:peer
Peer_8:peer INFO 3036.1427197362805: Sending message <GossipMessage:11_1> to Peer_17:peer
Peer_8:peer INFO 3036.472003304889: Received message <Ping:> from Peer_26:bootstrap
Peer_8:peer INFO 3036.472003304889: Sending message <Pong:> to Peer_26:bootstrap
Peer_8:peer INFO 3036.9882382394876: Received message <GossipMessage:11_1> from Peer_3:peer
Peer_8:peer INFO 3037.447322519827: Received message <GossipMessage:11_1> from Peer_3:peer
Peer_8:peer INFO 3037.447322519827: Sending message <GossipMessage:11_1> to Peer_11:peer
Peer_8:peer INFO 3037.447322519827: Sending message <GossipMessage:11_1> to Peer_17:peer
Peer_8:peer INFO 3037.447322519827: Sending message <GossipMessage:11_1> to Peer_24:peer
Peer_8:peer INFO 3037.6719515145464: Received message <GossipMessage:11_1> from Peer_3:peer
Peer_8:peer INFO 3037.6719515145464: Sending message <GossipMessage:11_1> to Peer_17:peer
Peer_8:peer INFO 3037.6719515145464: Sending message <GossipMessage:11_1> to Peer_24:peer
Peer_8:peer INFO 3037.6719515145464: Sending message <GossipMessage:11_1> to Peer_11:peer
Peer_8:peer INFO 3037.771908522593: Received message <GossipMessage:11_1> from Peer_3:peer
Peer_8:peer INFO 3038.263178609476: Received message <GossipMessage:11_1> from Peer_24:peer
Peer_8:peer INFO 3038.263178609476: Sending message <GossipMessage:11_1> to Peer_11:peer
Peer_8:peer INFO 3038.263178609476: Sending message <GossipMessage:11_1> to Peer_17:peer
Peer_8:peer INFO 3038.263178609476: Sending message <GossipMessage:11_1> to Peer_3:peer
Peer_8:peer INFO 3038.389509411228: Received message <GossipMessage:11_1> from Peer_3:peer
Peer_8:peer INFO 3072.4637580026597: Received message <Pong:> from Peer_26:bootstrap
Peer_8:peer INFO 3109.610512489758: Received message <GossipMessage:11_1> from Peer_24:peer
Peer_8:peer INFO 3109.610512489758: Sending message <GossipMessage:11_1> to Peer_11:peer
Peer_8:peer INFO 3109.610512489758: Sending message <GossipMessage:11_1> to Peer_17:peer
Peer_8:peer INFO 3109.610512489758: Sending message <GossipMessage:11_1> to Peer_3:peer
Peer_8:peer INFO 3110.4279385287323: Received message <GossipMessage:11_1> from Peer_24:peer
Peer_8:peer INFO 3110.4279385287323: Sending message <GossipMessage:11_1> to Peer_11:peer
Peer_8:peer INFO 3110.4279385287323: Sending message <GossipMessage:11_1> to Peer_3:peer
Peer_8:peer INFO 3110.4279385287323: Sending message <GossipMessage:11_1> to Peer_17:peer
Peer_8:peer INFO 3110.9004503800993: Received message <GossipMessage:11_1> from Peer_24:peer
Peer_8:peer INFO 3110.9004503800993: Sending message <GossipMessage:11_1> to Peer_17:peer
Peer_8:peer INFO 3110.9004503800993: Sending message <GossipMessage:11_1> to Peer_3:peer
Peer_8:peer INFO 3110.9004503800993: Sending message <GossipMessage:11_1> to Peer_11:peer
Peer_8:peer INFO 3111.46454056467: Received message <GossipMessage:11_1> from Peer_24:peer
Peer_8:peer INFO 3143.5206807040045: Received message <GossipMessage:11_1> from Peer_11:peer
Peer_8:peer INFO 3143.5206807040045: Sending message <GossipMessage:11_1> to Peer_24:peer
Peer_8:peer INFO 3143.5206807040045: Sending message <GossipMessage:11_1> to Peer_17:peer
Peer_8:peer INFO 3143.5206807040045: Sending message <GossipMessage:11_1> to Peer_3:peer
Peer_8:peer INFO 3143.9009321852004: Received message <GossipMessage:11_1> from Peer_17:peer
Peer_8:peer INFO 3143.9009321852004: Sending message <GossipMessage:11_1> to Peer_11:peer
Peer_8:peer INFO 3143.9009321852004: Sending message <GossipMessage:11_1> to Peer_24:peer
Peer_8:peer INFO 3143.9009321852004: Sending message <GossipMessage:11_1> to Peer_3:peer
Peer_8:peer INFO 3192.6893788167495: Received message <GossipMessage:11_1> from Peer_11:peer
Peer_8:peer INFO 3193.4054940322435: Received message <GossipMessage:11_1> from Peer_17:peer
Peer_8:peer INFO 3236.6102376105127: Received message <GossipMessage:12_1> from Peer_1:client
Peer_8:peer INFO 3236.6102376105127: Sending message <GossipMessage:12_1> to Peer_17:peer
Peer_8:peer INFO 3236.6102376105127: Sending message <GossipMessage:12_1> to Peer_24:peer
Peer_8:peer INFO 3236.6102376105127: Sending message <GossipMessage:12_1> to Peer_11:peer
Peer_8:peer INFO 3237.362166648731: Received message <GossipMessage:12_1> from Peer_3:peer
Peer_8:peer INFO 3237.362166648731: Sending message <GossipMessage:12_1> to Peer_17:peer
Peer_8:peer INFO 3237.362166648731: Sending message <GossipMessage:12_1> to Peer_24:peer
Peer_8:peer INFO 3237.362166648731: Sending message <GossipMessage:12_1> to Peer_11:peer
Peer_8:peer INFO 3237.7264341859554: Received message <GossipMessage:12_1> from Peer_3:peer
Peer_8:peer INFO 3308.6850425213233: Received message <GossipMessage:12_1> from Peer_24:peer
Peer_8:peer INFO 3308.6850425213233: Sending message <GossipMessage:12_1> to Peer_11:peer
Peer_8:peer INFO 3308.6850425213233: Sending message <GossipMessage:12_1> to Peer_17:peer
Peer_8:peer INFO 3308.6850425213233: Sending message <GossipMessage:12_1> to Peer_3:peer
Peer_8:peer INFO 3310.7275299940516: Received message <GossipMessage:12_1> from Peer_24:peer
Peer_8:peer INFO 3311.5738578626997: Received message <GossipMessage:12_1> from Peer_24:peer
Peer_8:peer INFO 3312.2134230622537: Received message <GossipMessage:12_1> from Peer_24:peer
Peer_8:peer INFO 3312.2134230622537: Sending message <GossipMessage:12_1> to Peer_11:peer
Peer_8:peer INFO 3312.2134230622537: Sending message <GossipMessage:12_1> to Peer_17:peer
Peer_8:peer INFO 3312.2134230622537: Sending message <GossipMessage:12_1> to Peer_3:peer
Peer_8:peer INFO 3343.4754590141465: Received message <GossipMessage:12_1> from Peer_11:peer
Peer_8:peer INFO 3343.4754590141465: Sending message <GossipMessage:12_1> to Peer_17:peer
Peer_8:peer INFO 3343.4754590141465: Sending message <GossipMessage:12_1> to Peer_24:peer
Peer_8:peer INFO 3343.4754590141465: Sending message <GossipMessage:12_1> to Peer_3:peer
Peer_8:peer INFO 3393.0950094899117: Received message <GossipMessage:12_1> from Peer_17:peer
Peer_8:peer INFO 3393.6653310482784: Received message <GossipMessage:12_1> from Peer_17:peer
Peer_8:peer INFO 3416.9868276301468: Received message <GossipMessage:12_1> from Peer_17:peer
Peer_8:peer INFO 3436.817757184239: Received message <GossipMessage:13_1> from Peer_1:client
Peer_8:peer INFO 3436.817757184239: Sending message <GossipMessage:13_1> to Peer_11:peer
Peer_8:peer INFO 3436.817757184239: Sending message <GossipMessage:13_1> to Peer_17:peer
Peer_8:peer INFO 3436.817757184239: Sending message <GossipMessage:13_1> to Peer_3:peer
Peer_8:peer INFO 3438.8967729920178: Received message <GossipMessage:13_1> from Peer_3:peer
Peer_8:peer INFO 3439.065912155982: Received message <GossipMessage:13_1> from Peer_3:peer
Peer_8:peer INFO 3510.578308515691: Received message <GossipMessage:13_1> from Peer_24:peer
Peer_8:peer INFO 3510.578308515691: Sending message <GossipMessage:13_1> to Peer_3:peer
Peer_8:peer INFO 3510.578308515691: Sending message <GossipMessage:13_1> to Peer_11:peer
Peer_8:peer INFO 3510.578308515691: Sending message <GossipMessage:13_1> to Peer_17:peer
Peer_8:peer INFO 3511.3948173826134: Received message <GossipMessage:13_1> from Peer_24:peer
Peer_8:peer INFO 3511.3948173826134: Sending message <GossipMessage:13_1> to Peer_3:peer
Peer_8:peer INFO 3511.3948173826134: Sending message <GossipMessage:13_1> to Peer_11:peer
Peer_8:peer INFO 3511.3948173826134: Sending message <GossipMessage:13_1> to Peer_17:peer
Peer_8:peer INFO 3512.4816911873754: Received message <GossipMessage:13_1> from Peer_24:peer
Peer_8:peer INFO 3513.3559716903396: Received message <GossipMessage:13_1> from Peer_24:peer
Peer_8:peer INFO 3537.042920422608: Received message <RequestPeers:> from Peer_1:client
Peer_8:peer INFO 3537.042920422608: Sending message <PeerList> to Peer_1:client
Peer_8:peer INFO 3543.1511240170767: Received message <GossipMessage:13_1> from Peer_11:peer
Peer_8:peer INFO 3543.1511240170767: Sending message <GossipMessage:13_1> to Peer_3:peer
Peer_8:peer INFO 3543.1511240170767: Sending message <GossipMessage:13_1> to Peer_24:peer
Peer_8:peer INFO 3543.1511240170767: Sending message <GossipMessage:13_1> to Peer_17:peer
Peer_8:peer INFO 3543.945401558975: Received message <GossipMessage:13_1> from Peer_17:peer
Peer_8:peer INFO 3543.945401558975: Sending message <GossipMessage:13_1> to Peer_11:peer
Peer_8:peer INFO 3543.945401558975: Sending message <GossipMessage:13_1> to Peer_24:peer
Peer_8:peer INFO 3543.945401558975: Sending message <GossipMessage:13_1> to Peer_3:peer
Peer_8:peer INFO 3593.1692614903986: Received message <GossipMessage:13_1> from Peer_11:peer
Peer_8:peer INFO 3637.0815509205913: Received message <GossipMessage:14_1> from Peer_24:peer
Peer_8:peer INFO 3637.0815509205913: Sending message <GossipMessage:14_1> to Peer_3:peer
Peer_8:peer INFO 3637.0815509205913: Sending message <GossipMessage:14_1> to Peer_11:peer
Peer_8:peer INFO 3637.0815509205913: Sending message <GossipMessage:14_1> to Peer_17:peer
Peer_8:peer INFO 3637.205901080813: Received message <GossipMessage:14_1> from Peer_3:peer
Peer_8:peer INFO 3637.205901080813: Sending message <GossipMessage:14_1> to Peer_11:peer
Peer_8:peer INFO 3637.205901080813: Sending message <GossipMessage:14_1> to Peer_17:peer
Peer_8:peer INFO 3637.205901080813: Sending message <GossipMessage:14_1> to Peer_24:peer
Peer_8:peer INFO 3638.0343697799944: Received message <GossipMessage:14_1> from Peer_3:peer
Peer_8:peer INFO 3674.718777616008: Received message <GossipMessage:13_1> from Peer_17:peer
Peer_8:peer INFO 3709.7144727644277: Received message <GossipMessage:14_1> from Peer_24:peer
Peer_8:peer INFO 3709.7144727644277: Sending message <GossipMessage:14_1> to Peer_17:peer
Peer_8:peer INFO 3709.7144727644277: Sending message <GossipMessage:14_1> to Peer_3:peer
Peer_8:peer INFO 3709.7144727644277: Sending message <GossipMessage:14_1> to Peer_11:peer
Peer_8:peer INFO 3711.6320204275626: Received message <GossipMessage:14_1> from Peer_24:peer
Peer_8:peer INFO 3711.659900915354: Received message <GossipMessage:14_1> from Peer_24:peer
Peer_8:peer INFO 3743.462885970074: Received message <GossipMessage:14_1> from Peer_11:peer
Peer_8:peer INFO 3743.462885970074: Sending message <GossipMessage:14_1> to Peer_3:peer
Peer_8:peer INFO 3743.462885970074: Sending message <GossipMessage:14_1> to Peer_24:peer
Peer_8:peer INFO 3743.462885970074: Sending message <GossipMessage:14_1> to Peer_17:peer
Peer_8:peer INFO 3743.908903586896: Received message <GossipMessage:14_1> from Peer_3:peer
Peer_8:peer INFO 3743.957578922971: Received message <GossipMessage:14_1> from Peer_17:peer
Peer_8:peer INFO 3743.957578922971: Sending message <GossipMessage:14_1> to Peer_11:peer
Peer_8:peer INFO 3743.957578922971: Sending message <GossipMessage:14_1> to Peer_24:peer
Peer_8:peer INFO 3743.957578922971: Sending message <GossipMessage:14_1> to Peer_3:peer
Peer_8:peer INFO 3792.8541684478064: Received message <GossipMessage:14_1> from Peer_17:peer
Peer_8:peer INFO 3792.8541684478064: Sending message <GossipMessage:14_1> to Peer_11:peer
Peer_8:peer INFO 3792.8541684478064: Sending message <GossipMessage:14_1> to Peer_24:peer
Peer_8:peer INFO 3792.8541684478064: Sending message <GossipMessage:14_1> to Peer_3:peer
Peer_8:peer INFO 3793.035916611365: Received message <GossipMessage:14_1> from Peer_17:peer
Peer_8:peer INFO 3794.0406117581238: Received message <GossipMessage:14_1> from Peer_17:peer
Peer_8:peer INFO 3816.8977283705144: Received message <GossipMessage:14_1> from Peer_17:peer
Peer_8:peer INFO 3817.6103561959403: Received message <GossipMessage:14_1> from Peer_17:peer
Peer_8:peer INFO 3835.9359125273113: Received message <GossipMessage:15_1> from Peer_3:peer
Peer_8:peer INFO 3835.9359125273113: Sending message <GossipMessage:15_1> to Peer_24:peer
Peer_8:peer INFO 3835.9359125273113: Sending message <GossipMessage:15_1> to Peer_11:peer
Peer_8:peer INFO 3835.9359125273113: Sending message <GossipMessage:15_1> to Peer_17:peer
Peer_8:peer INFO 3836.080622171445: Received message <GossipMessage:15_1> from Peer_3:peer
Peer_8:peer INFO 3836.9909892626292: Received message <GossipMessage:15_1> from Peer_24:peer
Peer_8:peer INFO 3836.9909892626292: Sending message <GossipMessage:15_1> to Peer_17:peer
Peer_8:peer INFO 3836.9909892626292: Sending message <GossipMessage:15_1> to Peer_11:peer
Peer_8:peer INFO 3836.9909892626292: Sending message <GossipMessage:15_1> to Peer_3:peer
Peer_8:peer INFO 3837.2853543134925: Received message <GossipMessage:15_1> from Peer_3:peer
Peer_8:peer INFO 3837.2853543134925: Sending message <GossipMessage:15_1> to Peer_11:peer
Peer_8:peer INFO 3837.2853543134925: Sending message <GossipMessage:15_1> to Peer_24:peer
Peer_8:peer INFO 3837.2853543134925: Sending message <GossipMessage:15_1> to Peer_17:peer
Peer_8:peer INFO 3837.719133455203: Received message <GossipMessage:15_1> from Peer_3:peer
Peer_8:peer INFO 3909.9041060497752: Received message <GossipMessage:15_1> from Peer_24:peer
Peer_8:peer INFO 3909.9041060497752: Sending message <GossipMessage:15_1> to Peer_11:peer
Peer_8:peer INFO 3909.9041060497752: Sending message <GossipMessage:15_1> to Peer_3:peer
Peer_8:peer INFO 3909.9041060497752: Sending message <GossipMessage:15_1> to Peer_17:peer
Peer_8:peer INFO 3910.5114677240294: Received message <GossipMessage:15_1> from Peer_24:peer
Peer_8:peer INFO 3910.5114677240294: Sending message <GossipMessage:15_1> to Peer_17:peer
Peer_8:peer INFO 3910.5114677240294: Sending message <GossipMessage:15_1> to Peer_3:peer
Peer_8:peer INFO 3910.5114677240294: Sending message <GossipMessage:15_1> to Peer_11:peer
Peer_8:peer INFO 3910.795975138237: Received message <GossipMessage:15_1> from Peer_24:peer
Peer_8:peer INFO 3910.8727476362724: Received message <GossipMessage:15_1> from Peer_24:peer
Peer_8:peer INFO 3911.478084542589: Received message <GossipMessage:15_1> from Peer_24:peer
Peer_8:peer INFO 3912.6729103651232: Received message <GossipMessage:15_1> from Peer_24:peer
Peer_8:peer INFO 3912.6729103651232: Sending message <GossipMessage:15_1> to Peer_3:peer
Peer_8:peer INFO 3912.6729103651232: Sending message <GossipMessage:15_1> to Peer_11:peer
Peer_8:peer INFO 3912.6729103651232: Sending message <GossipMessage:15_1> to Peer_17:peer
Peer_8:peer INFO 3943.618246526896: Received message <GossipMessage:15_1> from Peer_11:peer
Peer_8:peer INFO 3943.618246526896: Sending message <GossipMessage:15_1> to Peer_3:peer
Peer_8:peer INFO 3943.618246526896: Sending message <GossipMessage:15_1> to Peer_24:peer
Peer_8:peer INFO 3943.618246526896: Sending message <GossipMessage:15_1> to Peer_17:peer
Peer_8:peer INFO 3944.144736877005: Received message <GossipMessage:15_1> from Peer_3:peer
Peer_8:peer INFO 3944.328416917475: Received message <GossipMessage:15_1> from Peer_17:peer
Peer_8:peer INFO 3944.328416917475: Sending message <GossipMessage:15_1> to Peer_24:peer
Peer_8:peer INFO 3944.328416917475: Sending message <GossipMessage:15_1> to Peer_11:peer
Peer_8:peer INFO 3944.328416917475: Sending message <GossipMessage:15_1> to Peer_3:peer
Peer_8:peer INFO 3992.136767109239: Received message <GossipMessage:15_1> from Peer_11:peer
Peer_8:peer INFO 3993.118419864123: Received message <GossipMessage:15_1> from Peer_17:peer
Peer_8:peer INFO 4000: Sending message <Ping:> to Peer_26:bootstrap
Peer_8:peer INFO 4018.197542848534: Received message <GossipMessage:15_1> from Peer_24:peer
Peer_8:peer INFO 4036.6341625394352: Received message <Ping:> from Peer_26:bootstrap
Peer_8:peer INFO 4036.6341625394352: Sending message <Pong:> to Peer_26:bootstrap
Peer_8:peer INFO 4037.017216727627: Received message <GossipMessage:16_1> from Peer_24:peer
Peer_8:peer INFO 4037.017216727627: Sending message <GossipMessage:16_1> to Peer_17:peer
Peer_8:peer INFO 4037.017216727627: Sending message <GossipMessage:16_1> to Peer_11:peer
Peer_8:peer INFO 4037.017216727627: Sending message <GossipMessage:16_1> to Peer_3:peer
Peer_8:peer INFO 4037.2643726548376: Received message <GossipMessage:16_1> from Peer_1:client
Peer_8:peer INFO 4037.2643726548376: Sending message <GossipMessage:16_1> to Peer_17:peer
Peer_8:peer INFO 4037.2643726548376: Sending message <GossipMessage:16_1> to Peer_11:peer
Peer_8:peer INFO 4037.2643726548376: Sending message <GossipMessage:16_1> to Peer_24:peer
Peer_8:peer INFO 4037.281742627496: Received message <GossipMessage:16_1> from Peer_3:peer
Peer_8:peer INFO 4037.4258652777694: Received message <GossipMessage:16_1> from Peer_3:peer
Peer_8:peer INFO 4037.4258652777694: Sending message <GossipMessage:16_1> to Peer_17:peer
Peer_8:peer INFO 4037.4258652777694: Sending message <GossipMessage:16_1> to Peer_24:peer
Peer_8:peer INFO 4037.4258652777694: Sending message <GossipMessage:16_1> to Peer_11:peer
Peer_8:peer INFO 4073.4121455127647: Received message <Pong:> from Peer_26:bootstrap
Peer_8:peer INFO 4074.761109245374: Received message <GossipMessage:15_1> from Peer_17:peer
Peer_8:peer INFO 4109.81765414606: Received message <GossipMessage:16_1> from Peer_24:peer
Peer_8:peer INFO 4109.81765414606: Sending message <GossipMessage:16_1> to Peer_3:peer
Peer_8:peer INFO 4109.81765414606: Sending message <GossipMessage:16_1> to Peer_11:peer
Peer_8:peer INFO 4109.81765414606: Sending message <GossipMessage:16_1> to Peer_17:peer
Peer_8:peer INFO 4110.984497923275: Received message <GossipMessage:16_1> from Peer_24:peer
Peer_8:peer INFO 4110.984497923275: Sending message <GossipMessage:16_1> to Peer_17:peer
Peer_8:peer INFO 4110.984497923275: Sending message <GossipMessage:16_1> to Peer_11:peer
Peer_8:peer INFO 4110.984497923275: Sending message <GossipMessage:16_1> to Peer_3:peer
Peer_8:peer INFO 4112.358256345206: Received message <GossipMessage:16_1> from Peer_24:peer
Peer_8:peer INFO 4112.358256345206: Sending message <GossipMessage:16_1> to Peer_11:peer
Peer_8:peer INFO 4112.358256345206: Sending message <GossipMessage:16_1> to Peer_17:peer
Peer_8:peer INFO 4112.358256345206: Sending message <GossipMessage:16_1> to Peer_3:peer
Peer_8:peer INFO 4144.1712428845485: Received message <GossipMessage:16_1> from Peer_3:peer
Peer_8:peer INFO 4192.50626906087: Received message <GossipMessage:16_1> from Peer_17:peer
Peer_8:peer INFO 4193.27622986419: Received message <GossipMessage:16_1> from Peer_17:peer
Peer_8:peer INFO 4214.633650706357: Received message <GossipMessage:16_1> from Peer_24:peer
Peer_8:peer INFO 4219.2833571307665: Received message <GossipMessage:16_1> from Peer_17:peer
Peer_8:peer INFO 4237.519944946534: Received message <GossipMessage:17_1> from Peer_3:peer
Peer_8:peer INFO 4237.82094702952: Received message <GossipMessage:17_1> from Peer_3:peer
Peer_8:peer INFO 4237.82094702952: Sending message <GossipMessage:17_1> to Peer_24:peer
Peer_8:peer INFO 4237.82094702952: Sending message <GossipMessage:17_1> to Peer_11:peer
Peer_8:peer INFO 4237.82094702952: Sending message <GossipMessage:17_1> to Peer_17:peer
Peer_8:peer INFO 4308.903014997905: Received message <GossipMessage:17_1> from Peer_24:peer
Peer_8:peer INFO 4308.903014997905: Sending message <GossipMessage:17_1> to Peer_3:peer
Peer_8:peer INFO 4308.903014997905: Sending message <GossipMessage:17_1> to Peer_17:peer
Peer_8:peer INFO 4308.903014997905: Sending message <GossipMessage:17_1> to Peer_11:peer
Peer_8:peer INFO 4309.343801145098: Received message <GossipMessage:17_1> from Peer_24:peer
Peer_8:peer INFO 4310.468798854835: Received message <GossipMessage:17_1> from Peer_24:peer
Peer_8:peer INFO 4311.88357124593: Received message <GossipMessage:17_1> from Peer_24:peer
Peer_8:peer INFO 4343.755078419065: Received message <GossipMessage:17_1> from Peer_3:peer
Peer_8:peer INFO 4343.788138174608: Received message <GossipMessage:17_1> from Peer_11:peer
Peer_8:peer INFO 4343.788138174608: Sending message <GossipMessage:17_1> to Peer_17:peer
Peer_8:peer INFO 4343.788138174608: Sending message <GossipMessage:17_1> to Peer_3:peer
Peer_8:peer INFO 4343.788138174608: Sending message <GossipMessage:17_1> to Peer_24:peer
Peer_8:peer INFO 4393.061774207319: Received message <GossipMessage:17_1> from Peer_17:peer
Peer_8:peer INFO 4393.061774207319: Sending message <GossipMessage:17_1> to Peer_3:peer
Peer_8:peer INFO 4393.061774207319: Sending message <GossipMessage:17_1> to Peer_24:peer
Peer_8:peer INFO 4393.061774207319: Sending message <GossipMessage:17_1> to Peer_11:peer
Peer_8:peer INFO 4416.110495573429: Received message <GossipMessage:17_1> from Peer_17:peer
Peer_8:peer INFO 4418.00397972958: Received message <GossipMessage:17_1> from Peer_17:peer
Peer_8:peer INFO 4436.74670773601: Received message <GossipMessage:18_1> from Peer_3:peer
Peer_8:peer INFO 4437.6436814674835: Received message <GossipMessage:18_1> from Peer_1:client
Peer_8:peer INFO 4437.6436814674835: Sending message <GossipMessage:18_1> to Peer_11:peer
Peer_8:peer INFO 4437.6436814674835: Sending message <GossipMessage:18_1> to Peer_3:peer
Peer_8:peer INFO 4437.6436814674835: Sending message <GossipMessage:18_1> to Peer_24:peer
Peer_8:peer INFO 4438.159394743463: Received message <GossipMessage:18_1> from Peer_3:peer
Peer_8:peer INFO 4438.159394743463: Sending message <GossipMessage:18_1> to Peer_11:peer
Peer_8:peer INFO 4438.159394743463: Sending message <GossipMessage:18_1> to Peer_17:peer
Peer_8:peer INFO 4438.159394743463: Sending message <GossipMessage:18_1> to Peer_24:peer
Peer_8:peer INFO 4474.577113990471: Received message <GossipMessage:17_1> from Peer_17:peer
Peer_8:peer INFO 4537.54860383554: Received message <Ping:> from Peer_1:client
Peer_8:peer INFO 4537.54860383554: Sending message <Pong:> to Peer_1:client
Peer_8:peer INFO 4543.6923345581845: Received message <GossipMessage:18_1> from Peer_11:peer
Peer_8:peer INFO 4543.6923345581845: Sending message <GossipMessage:18_1> to Peer_17:peer
Peer_8:peer INFO 4543.6923345581845: Sending message <GossipMessage:18_1> to Peer_24:peer
Peer_8:peer INFO 4543.6923345581845: Sending message <GossipMessage:18_1> to Peer_3:peer
Peer_8:peer INFO 4544.125759499947: Received message <GossipMessage:18_1> from Peer_17:peer
Peer_8:peer INFO 4544.125759499947: Sending message <GossipMessage:18_1> to Peer_3:peer
Peer_8:peer INFO 4544.125759499947: Sending message <GossipMessage:18_1> to Peer_11:peer
Peer_8:peer INFO 4544.125759499947: Sending message <GossipMessage:18_1> to Peer_24:peer
Peer_8:peer INFO 4544.14324893307: Received message <GossipMessage:18_1> from Peer_3:peer
Peer_8:peer INFO 4592.91489533626: Received message <GossipMessage:18_1> from Peer_11:peer
Peer_8:peer INFO 4594.1546023962355: Received message <GossipMessage:18_1> from Peer_17:peer
Peer_8:peer INFO 4617.614890639644: Received message <GossipMessage:18_1> from Peer_24:peer
Peer_8:peer INFO 4637.341093450698: Received message <GossipMessage:19_1> from Peer_1:client
Peer_8:peer INFO 4637.341093450698: Sending message <GossipMessage:19_1> to Peer_24:peer
Peer_8:peer INFO 4637.341093450698: Sending message <GossipMessage:19_1> to Peer_11:peer
Peer_8:peer INFO 4637.341093450698: Sending message <GossipMessage:19_1> to Peer_17:peer
Peer_8:peer INFO 4637.579554696738: Received message <GossipMessage:19_1> from Peer_3:peer
Peer_8:peer INFO 4637.579554696738: Sending message <GossipMessage:19_1> to Peer_17:peer
Peer_8:peer INFO 4637.579554696738: Sending message <GossipMessage:19_1> to Peer_11:peer
Peer_8:peer INFO 4637.579554696738: Sending message <GossipMessage:19_1> to Peer_24:peer
Peer_8:peer INFO 4637.698849598465: Received message <GossipMessage:19_1> from Peer_3:peer
Peer_8:peer INFO 4708.675735533095: Received message <GossipMessage:19_1> from Peer_24:peer
Peer_8:peer INFO 4708.675735533095: Sending message <GossipMessage:19_1> to Peer_11:peer
Peer_8:peer INFO 4708.675735533095: Sending message <GossipMessage:19_1> to Peer_3:peer
Peer_8:peer INFO 4708.675735533095: Sending message <GossipMessage:19_1> to Peer_17:peer
Peer_8:peer INFO 4711.346809796196: Received message <GossipMessage:19_1> from Peer_24:peer
Peer_8:peer INFO 4712.103145859698: Received message <GossipMessage:19_1> from Peer_24:peer
Peer_8:peer INFO 4712.103145859698: Sending message <GossipMessage:19_1> to Peer_17:peer
Peer_8:peer INFO 4712.103145859698: Sending message <GossipMessage:19_1> to Peer_3:peer
Peer_8:peer INFO 4712.103145859698: Sending message <GossipMessage:19_1> to Peer_11:peer
Peer_8:peer INFO 4744.365728522894: Received message <GossipMessage:19_1> from Peer_3:peer
Peer_8:peer INFO 4792.85049085714: Received message <GossipMessage:19_1> from Peer_17:peer
Peer_8:peer INFO 4792.85049085714: Sending message <GossipMessage:19_1> to Peer_24:peer
Peer_8:peer INFO 4792.85049085714: Sending message <GossipMessage:19_1> to Peer_3:peer
Peer_8:peer INFO 4792.85049085714: Sending message <GossipMessage:19_1> to Peer_11:peer
Peer_8:peer INFO 4793.185354700754: Received message <GossipMessage:19_1> from Peer_17:peer
Peer_8:peer INFO 4794.24433896734: Received message <GossipMessage:19_1> from Peer_17:peer
Peer_8:peer INFO 4816.699373789303: Received message <GossipMessage:19_1> from Peer_24:peer
Peer_8:peer INFO 4837.675075094609: Received message <GossipMessage:20_1> from Peer_1:client
Peer_8:peer INFO 4837.675075094609: Sending message <GossipMessage:20_1> to Peer_24:peer
Peer_8:peer INFO 4837.675075094609: Sending message <GossipMessage:20_1> to Peer_3:peer
Peer_8:peer INFO 4837.675075094609: Sending message <GossipMessage:20_1> to Peer_17:peer
Peer_8:peer INFO 4837.895401904496: Received message <GossipMessage:20_1> from Peer_3:peer
Peer_8:peer INFO 4910.092481412945: Received message <GossipMessage:20_1> from Peer_24:peer
Peer_8:peer INFO 4910.32103790485: Received message <GossipMessage:20_1> from Peer_24:peer
Peer_8:peer INFO 4912.3514488203: Received message <GossipMessage:20_1> from Peer_24:peer
Peer_8:peer INFO 4912.3514488203: Sending message <GossipMessage:20_1> to Peer_3:peer
Peer_8:peer INFO 4912.3514488203: Sending message <GossipMessage:20_1> to Peer_11:peer
Peer_8:peer INFO 4912.3514488203: Sending message <GossipMessage:20_1> to Peer_17:peer
Peer_8:peer INFO 4943.9901726075395: Received message <GossipMessage:20_1> from Peer_17:peer
Peer_8:peer INFO 4992.571731221149: Received message <GossipMessage:20_1> from Peer_11:peer
Peer_8:peer INFO 4992.846977978468: Received message <GossipMessage:20_1> from Peer_17:peer
Peer_8:peer INFO 5000: Sending message <Ping:> to Peer_26:bootstrap
Peer_8:peer INFO 5016.002834248599: Received message <GossipMessage:20_1> from Peer_17:peer
Peer_8:peer INFO 5017.307363461694: Received message <GossipMessage:20_1> from Peer_24:peer
Peer_8:peer INFO 5018.812687392397: Received message <GossipMessage:20_1> from Peer_24:peer
Peer_8:peer INFO 5036.48872044957: Received message <GossipMessage:21_1> from Peer_1:client
Peer_8:peer INFO 5036.48872044957: Sending message <GossipMessage:21_1> to Peer_3:peer
Peer_8:peer INFO 5036.48872044957: Sending message <GossipMessage:21_1> to Peer_11:peer
Peer_8:peer INFO 5036.48872044957: Sending message <GossipMessage:21_1> to Peer_17:peer
Peer_8:peer INFO 5036.98862436684: Received message <Ping:> from Peer_26:bootstrap
Peer_8:peer INFO 5036.98862436684: Sending message <Pong:> to Peer_26:bootstrap
Peer_8:peer INFO 5037.222249343223: Received message <GossipMessage:21_1> from Peer_3:peer
Peer_8:peer INFO 5037.6179802313345: Received message <GossipMessage:21_1> from Peer_3:peer
Peer_8:peer INFO 5037.6179802313345: Sending message <GossipMessage:21_1> to Peer_17:peer
Peer_8:peer INFO 5037.6179802313345: Sending message <GossipMessage:21_1> to Peer_24:peer
Peer_8:peer INFO 5037.6179802313345: Sending message <GossipMessage:21_1> to Peer_11:peer
Peer_8:peer INFO 5037.995033787651: Received message <GossipMessage:21_1> from Peer_3:peer
Peer_8:peer INFO 5038.021061492245: Received message <GossipMessage:21_1> from Peer_3:peer
Peer_8:peer INFO 5071.359590498156: Received message <Pong:> from Peer_26:bootstrap
Peer_8:peer INFO 5074.803524573781: Received message <GossipMessage:20_1> from Peer_17:peer
Peer_8:peer INFO 5108.612635253541: Received message <GossipMessage:21_1> from Peer_24:peer
Peer_8:peer INFO 5108.612635253541: Sending message <GossipMessage:21_1> to Peer_17:peer
Peer_8:peer INFO 5108.612635253541: Sending message <GossipMessage:21_1> to Peer_11:peer
Peer_8:peer INFO 5108.612635253541: Sending message <GossipMessage:21_1> to Peer_3:peer
Peer_8:peer INFO 5109.21243006687: Received message <GossipMessage:21_1> from Peer_24:peer
Peer_8:peer INFO 5109.21243006687: Sending message <GossipMessage:21_1> to Peer_17:peer
Peer_8:peer INFO 5109.21243006687: Sending message <GossipMessage:21_1> to Peer_11:peer
Peer_8:peer INFO 5109.21243006687: Sending message <GossipMessage:21_1> to Peer_3:peer
Peer_8:peer INFO 5111.099925526506: Received message <GossipMessage:21_1> from Peer_24:peer
Peer_8:peer INFO 5111.561624866399: Received message <GossipMessage:21_1> from Peer_24:peer
Peer_8:peer INFO 5143.635070956219: Received message <GossipMessage:21_1> from Peer_11:peer
Peer_8:peer INFO 5143.635070956219: Sending message <GossipMessage:21_1> to Peer_24:peer
Peer_8:peer INFO 5143.635070956219: Sending message <GossipMessage:21_1> to Peer_3:peer
Peer_8:peer INFO 5143.635070956219: Sending message <GossipMessage:21_1> to Peer_17:peer
Peer_8:peer INFO 5143.916756958856: Received message <GossipMessage:21_1> from Peer_17:peer
Peer_8:peer INFO 5193.167933622455: Received message <GossipMessage:21_1> from Peer_17:peer
Peer_8:peer INFO 5193.614843940502: Received message <GossipMessage:21_1> from Peer_17:peer
