Peer_15:peer WARNING 0: Not enough peers, fetching more (0, 4)
Peer_15:peer INFO 37.59893793010601: Connecting to Peer_26:bootstrap
Peer_15:peer INFO 74.15453585577461: Received message <Hello:> from Peer_26:bootstrap
Peer_15:peer INFO 74.22042485580623: Received message <RequestPeers:> from Peer_26:bootstrap
Peer_15:peer INFO 74.22042485580623: Sending message <PeerList> to Peer_26:bootstrap
Peer_15:peer WARNING 500: Not enough peers, fetching more (1, 4)
Peer_15:peer INFO 500: Sending message <RequestPeers:> to Peer_26:bootstrap
Peer_15:peer INFO 574.3322533934147: Received message <PeerList> from Peer_26:bootstrap
Peer_15:peer WARNING 1000: Not enough peers, fetching more (1, 4)
Peer_15:peer INFO 1000: Sending message <RequestPeers:> to Peer_26:bootstrap
Peer_15:peer INFO 1000.240644802622: Received message <Hello:> from Peer_14:peer
Peer_15:peer INFO 1000.240644802622: Connecting to Peer_14:peer
Peer_15:peer INFO 1000.240644802622: Sending message <Hello:> to Peer_14:peer
Peer_15:peer INFO 1000.240644802622: Sending message <RequestPeers:> to Peer_14:peer
Peer_15:peer INFO 1000.800219075368: Received message <PeerList> from Peer_14:peer
Peer_15:peer INFO 1036.456086900717: Connecting to Peer_24:peer
Peer_15:peer INFO 1072.5074692901403: Received message <Hello:> from Peer_24:peer
Peer_15:peer INFO 1073.3639979381942: Received message <RequestPeers:> from Peer_24:peer
Peer_15:peer INFO 1073.3639979381942: Sending message <PeerList> to Peer_24:peer
Peer_15:peer INFO 1074.8594616931568: Received message <PeerList> from Peer_26:bootstrap
Peer_15:peer INFO 1077.9322696320114: Received message <Hello:> from Peer_4:peer
Peer_15:peer INFO 1077.9322696320114: Connecting to Peer_4:peer
Peer_15:peer INFO 1077.9322696320114: Sending message <Hello:> to Peer_4:peer
Peer_15:peer INFO 1077.9322696320114: Sending message <RequestPeers:> to Peer_4:peer
Peer_15:peer INFO 1233.9189878458217: Received message <PeerList> from Peer_4:peer
Peer_15:peer INFO 1310.5148040465228: Received message <GossipMessage:2_1> from Peer_24:peer
Peer_15:peer INFO 1310.5148040465228: Sending message <GossipMessage:2_1> to Peer_14:peer
Peer_15:peer INFO 1310.5148040465228: Sending message <GossipMessage:2_1> to Peer_4:peer
Peer_15:peer INFO 1500.2532434721973: Received message <Hello:> from Peer_6:peer
Peer_15:peer INFO 1500.2532434721973: Connecting to Peer_6:peer
Peer_15:peer INFO 1500.2532434721973: Sending message <Hello:> to Peer_6:peer
Peer_15:peer INFO 1500.2532434721973: Sending message <RequestPeers:> to Peer_6:peer
Peer_15:peer INFO 1500.7292451043256: Received message <PeerList> from Peer_6:peer
Peer_15:peer INFO 1510.9184840015598: Received message <GossipMessage:3_1> from Peer_24:peer
Peer_15:peer INFO 1510.9184840015598: Sending message <GossipMessage:3_1> to Peer_6:peer
Peer_15:peer INFO 1510.9184840015598: Sending message <GossipMessage:3_1> to Peer_4:peer
Peer_15:peer INFO 1510.9184840015598: Sending message <GossipMessage:3_1> to Peer_14:peer
Peer_15:peer INFO 1577.960191944768: Received message <Hello:> from Peer_13:peer
Peer_15:peer INFO 1577.960191944768: Connecting to Peer_13:peer
Peer_15:peer INFO 1577.960191944768: Sending message <Hello:> to Peer_13:peer
Peer_15:peer INFO 1577.960191944768: Sending message <RequestPeers:> to Peer_13:peer
Peer_15:peer INFO 1617.1913806736006: Received message <GossipMessage:3_1> from Peer_24:peer
Peer_15:peer INFO 1636.7931664400571: Received message <GossipMessage:4_1> from Peer_6:peer
Peer_15:peer INFO 1636.7931664400571: Sending message <GossipMessage:4_1> to Peer_24:peer
Peer_15:peer INFO 1636.7931664400571: Sending message <GossipMessage:4_1> to Peer_13:peer
Peer_15:peer INFO 1636.7931664400571: Sending message <GossipMessage:4_1> to Peer_4:peer
Peer_15:peer INFO 1637.154699578136: Received message <GossipMessage:4_1> from Peer_24:peer
Peer_15:peer INFO 1637.154699578136: Sending message <GossipMessage:4_1> to Peer_14:peer
Peer_15:peer INFO 1637.154699578136: Sending message <GossipMessage:4_1> to Peer_4:peer
Peer_15:peer INFO 1637.154699578136: Sending message <GossipMessage:4_1> to Peer_6:peer
Peer_15:peer INFO 1710.3704652090576: Received message <GossipMessage:4_1> from Peer_24:peer
Peer_15:peer INFO 1710.5277851695437: Received message <GossipMessage:4_1> from Peer_24:peer
Peer_15:peer INFO 1710.5277851695437: Sending message <GossipMessage:4_1> to Peer_13:peer
Peer_15:peer INFO 1710.5277851695437: Sending message <GossipMessage:4_1> to Peer_4:peer
Peer_15:peer INFO 1710.5277851695437: Sending message <GossipMessage:4_1> to Peer_14:peer
Peer_15:peer INFO 1711.535524661493: Received message <GossipMessage:4_1> from Peer_24:peer
Peer_15:peer INFO 1711.535524661493: Sending message <GossipMessage:4_1> to Peer_6:peer
Peer_15:peer INFO 1711.535524661493: Sending message <GossipMessage:4_1> to Peer_4:peer
Peer_15:peer INFO 1711.535524661493: Sending message <GossipMessage:4_1> to Peer_13:peer
Peer_15:peer INFO 1712.5748303656617: Received message <GossipMessage:4_1> from Peer_6:peer
Peer_15:peer INFO 1734.0002470970892: Received message <PeerList> from Peer_13:peer
Peer_15:peer INFO 1816.6468111890765: Received message <GossipMessage:4_1> from Peer_24:peer
Peer_15:peer INFO 1836.8435428050238: Received message <GossipMessage:5_1> from Peer_24:peer
Peer_15:peer INFO 1836.8435428050238: Sending message <GossipMessage:5_1> to Peer_6:peer
Peer_15:peer INFO 1836.8435428050238: Sending message <GossipMessage:5_1> to Peer_13:peer
Peer_15:peer INFO 1836.8435428050238: Sending message <GossipMessage:5_1> to Peer_14:peer
Peer_15:peer INFO 1837.5548700623506: Received message <GossipMessage:5_1> from Peer_6:peer
Peer_15:peer INFO 1837.5548700623506: Sending message <GossipMessage:5_1> to Peer_24:peer
Peer_15:peer INFO 1837.5548700623506: Sending message <GossipMessage:5_1> to Peer_4:peer
Peer_15:peer INFO 1837.5548700623506: Sending message <GossipMessage:5_1> to Peer_14:peer
Peer_15:peer INFO 1910.8319775259652: Received message <GossipMessage:5_1> from Peer_24:peer
Peer_15:peer INFO 1910.8319775259652: Sending message <GossipMessage:5_1> to Peer_14:peer
Peer_15:peer INFO 1910.8319775259652: Sending message <GossipMessage:5_1> to Peer_6:peer
Peer_15:peer INFO 1910.8319775259652: Sending message <GossipMessage:5_1> to Peer_13:peer
Peer_15:peer INFO 1911.078520120365: Received message <GossipMessage:5_1> from Peer_24:peer
Peer_15:peer INFO 1911.078520120365: Sending message <GossipMessage:5_1> to Peer_13:peer
Peer_15:peer INFO 1911.078520120365: Sending message <GossipMessage:5_1> to Peer_6:peer
Peer_15:peer INFO 1911.078520120365: Sending message <GossipMessage:5_1> to Peer_14:peer
Peer_15:peer INFO 1912.3747774216217: Received message <GossipMessage:5_1> from Peer_6:peer
Peer_15:peer INFO 2000: Sending message <Ping:> to Peer_26:bootstrap
Peer_15:peer INFO 2000: Sending message <Ping:> to Peer_14:peer
Peer_15:peer INFO 2000: Sending message <Ping:> to Peer_4:peer
Peer_15:peer INFO 2000.3177509976194: Received message <Hello:> from Peer_3:peer
Peer_15:peer INFO 2000.3177509976194: Connecting to Peer_3:peer
Peer_15:peer INFO 2000.3177509976194: Sending message <Hello:> to Peer_3:peer
Peer_15:peer INFO 2000.3177509976194: Sending message <RequestPeers:> to Peer_3:peer
Peer_15:peer INFO 2000.5640636410592: Received message <Pong:> from Peer_14:peer
Peer_15:peer INFO 2000.8453315065085: Received message <PeerList> from Peer_3:peer
Peer_15:peer INFO 2016.7613031654892: Received message <GossipMessage:5_1> from Peer_24:peer
Peer_15:peer INFO 2036.9649782007282: Received message <Ping:> from Peer_26:bootstrap
Peer_15:peer INFO 2036.9649782007282: Sending message <Pong:> to Peer_26:bootstrap
Peer_15:peer INFO 2037.183097335217: Received message <GossipMessage:6_1> from Peer_6:peer
Peer_15:peer INFO 2037.183097335217: Sending message <GossipMessage:6_1> to Peer_13:peer
Peer_15:peer INFO 2037.183097335217: Sending message <GossipMessage:6_1> to Peer_14:peer
Peer_15:peer INFO 2037.183097335217: Sending message <GossipMessage:6_1> to Peer_3:peer
Peer_15:peer INFO 2038.0133089965818: Received message <GossipMessage:6_1> from Peer_24:peer
Peer_15:peer INFO 2038.0133089965818: Sending message <GossipMessage:6_1> to Peer_13:peer
Peer_15:peer INFO 2038.0133089965818: Sending message <GossipMessage:6_1> to Peer_3:peer
Peer_15:peer INFO 2038.0133089965818: Sending message <GossipMessage:6_1> to Peer_4:peer
Peer_15:peer INFO 2039.5994889259134: Received message <GossipMessage:6_1> from Peer_3:peer
Peer_15:peer INFO 2073.0076926179195: Received message <Pong:> from Peer_26:bootstrap
Peer_15:peer INFO 2110.7907262097965: Received message <GossipMessage:6_1> from Peer_24:peer
Peer_15:peer INFO 2110.7907262097965: Sending message <GossipMessage:6_1> to Peer_13:peer
Peer_15:peer INFO 2110.7907262097965: Sending message <GossipMessage:6_1> to Peer_14:peer
Peer_15:peer INFO 2110.7907262097965: Sending message <GossipMessage:6_1> to Peer_3:peer
Peer_15:peer INFO 2144.1123783379344: Received message <GossipMessage:6_1> from Peer_3:peer
Peer_15:peer INFO 2156.0413097915693: Received message <Pong:> from Peer_4:peer
Peer_15:peer INFO 2217.8867673968284: Received message <GossipMessage:6_1> from Peer_24:peer
Peer_15:peer INFO 2237.3226752706287: Received message <GossipMessage:7_1> from Peer_3:peer
Peer_15:peer INFO 2237.3226752706287: Sending message <GossipMessage:7_1> to Peer_4:peer
Peer_15:peer INFO 2237.3226752706287: Sending message <GossipMessage:7_1> to Peer_14:peer
Peer_15:peer INFO 2237.3226752706287: Sending message <GossipMessage:7_1> to Peer_24:peer
Peer_15:peer INFO 2237.6727110155343: Received message <GossipMessage:7_1> from Peer_14:peer
Peer_15:peer INFO 2237.8244825296047: Received message <GossipMessage:7_1> from Peer_6:peer
Peer_15:peer INFO 2237.8244825296047: Sending message <GossipMessage:7_1> to Peer_3:peer
Peer_15:peer INFO 2237.8244825296047: Sending message <GossipMessage:7_1> to Peer_24:peer
Peer_15:peer INFO 2237.8244825296047: Sending message <GossipMessage:7_1> to Peer_13:peer
Peer_15:peer INFO 2238.6648441814496: Received message <GossipMessage:7_1> from Peer_6:peer
Peer_15:peer INFO 2238.6648441814496: Sending message <GossipMessage:7_1> to Peer_13:peer
Peer_15:peer INFO 2238.6648441814496: Sending message <GossipMessage:7_1> to Peer_24:peer
Peer_15:peer INFO 2238.6648441814496: Sending message <GossipMessage:7_1> to Peer_14:peer
Peer_15:peer INFO 2239.7046748151297: Received message <GossipMessage:7_1> from Peer_3:peer
Peer_15:peer INFO 2309.8171517302394: Received message <GossipMessage:7_1> from Peer_6:peer
Peer_15:peer INFO 2310.250921692055: Received message <GossipMessage:7_1> from Peer_24:peer
Peer_15:peer INFO 2310.250921692055: Sending message <GossipMessage:7_1> to Peer_4:peer
Peer_15:peer INFO 2310.250921692055: Sending message <GossipMessage:7_1> to Peer_14:peer
Peer_15:peer INFO 2310.250921692055: Sending message <GossipMessage:7_1> to Peer_6:peer
Peer_15:peer INFO 2310.5417578009956: Received message <GossipMessage:7_1> from Peer_6:peer
Peer_15:peer INFO 2310.8976841914205: Received message <GossipMessage:7_1> from Peer_24:peer
Peer_15:peer INFO 2310.8976841914205: Sending message <GossipMessage:7_1> to Peer_3:peer
Peer_15:peer INFO 2310.8976841914205: Sending message <GossipMessage:7_1> to Peer_6:peer
Peer_15:peer INFO 2310.8976841914205: Sending message <GossipMessage:7_1> to Peer_13:peer
Peer_15:peer INFO 2313.911496446808: Received message <GossipMessage:7_1> from Peer_24:peer
Peer_15:peer INFO 2313.911496446808: Sending message <GossipMessage:7_1> to Peer_3:peer
Peer_15:peer INFO 2313.911496446808: Sending message <GossipMessage:7_1> to Peer_4:peer
Peer_15:peer INFO 2313.911496446808: Sending message <GossipMessage:7_1> to Peer_6:peer
Peer_15:peer INFO 2343.7572730491747: Received message <GossipMessage:7_1> from Peer_3:peer
Peer_15:peer INFO 2344.523327057891: Received message <GossipMessage:7_1> from Peer_4:peer
Peer_15:peer INFO 2392.5765022490027: Received message <GossipMessage:7_1> from Peer_14:peer
Peer_15:peer INFO 2392.6454167692514: Received message <GossipMessage:7_1> from Peer_4:peer
Peer_15:peer INFO 2417.090141935406: Received message <GossipMessage:7_1> from Peer_24:peer
Peer_15:peer INFO 2437.145072638059: Received message <GossipMessage:8_1> from Peer_6:peer
Peer_15:peer INFO 2437.145072638059: Sending message <GossipMessage:8_1> to Peer_24:peer
Peer_15:peer INFO 2437.145072638059: Sending message <GossipMessage:8_1> to Peer_4:peer
Peer_15:peer INFO 2437.145072638059: Sending message <GossipMessage:8_1> to Peer_14:peer
Peer_15:peer INFO 2437.3434859409335: Received message <GossipMessage:8_1> from Peer_24:peer
Peer_15:peer INFO 2437.3434859409335: Sending message <GossipMessage:8_1> to Peer_14:peer
Peer_15:peer INFO 2437.3434859409335: Sending message <GossipMessage:8_1> to Peer_13:peer
Peer_15:peer INFO 2437.3434859409335: Sending message <GossipMessage:8_1> to Peer_4:peer
Peer_15:peer INFO 2437.704335400493: Received message <GossipMessage:8_1> from Peer_3:peer
Peer_15:peer INFO 2437.8468767556624: Received message <GossipMessage:8_1> from Peer_3:peer
Peer_15:peer INFO 2437.8468767556624: Sending message <GossipMessage:8_1> to Peer_13:peer
Peer_15:peer INFO 2437.8468767556624: Sending message <GossipMessage:8_1> to Peer_14:peer
Peer_15:peer INFO 2437.8468767556624: Sending message <GossipMessage:8_1> to Peer_6:peer
Peer_15:peer INFO 2438.128729670331: Received message <GossipMessage:8_1> from Peer_6:peer
Peer_15:peer INFO 2438.128729670331: Sending message <GossipMessage:8_1> to Peer_14:peer
Peer_15:peer INFO 2438.128729670331: Sending message <GossipMessage:8_1> to Peer_13:peer
Peer_15:peer INFO 2438.128729670331: Sending message <GossipMessage:8_1> to Peer_4:peer
Peer_15:peer INFO 2438.233993611186: Received message <GossipMessage:8_1> from Peer_14:peer
Peer_15:peer INFO 2500: Sending message <Ping:> to Peer_13:peer
Peer_15:peer INFO 2510.721743946828: Received message <GossipMessage:8_1> from Peer_24:peer
Peer_15:peer INFO 2510.721743946828: Sending message <GossipMessage:8_1> to Peer_13:peer
Peer_15:peer INFO 2510.721743946828: Sending message <GossipMessage:8_1> to Peer_3:peer
Peer_15:peer INFO 2510.721743946828: Sending message <GossipMessage:8_1> to Peer_6:peer
Peer_15:peer INFO 2511.2860863730425: Received message <GossipMessage:8_1> from Peer_24:peer
Peer_15:peer INFO 2511.2860863730425: Sending message <GossipMessage:8_1> to Peer_13:peer
Peer_15:peer INFO 2511.2860863730425: Sending message <GossipMessage:8_1> to Peer_6:peer
Peer_15:peer INFO 2511.2860863730425: Sending message <GossipMessage:8_1> to Peer_4:peer
Peer_15:peer INFO 2512.300620242465: Received message <GossipMessage:8_1> from Peer_6:peer
Peer_15:peer INFO 2537.1015151873626: Received message <Hello:> from Peer_1:client
Peer_15:peer INFO 2537.1015151873626: Connecting to Peer_1:client
Peer_15:peer INFO 2537.1015151873626: Sending message <Hello:> to Peer_1:client
Peer_15:peer INFO 2537.1015151873626: Sending message <RequestPeers:> to Peer_1:client
Peer_15:peer INFO 2544.109833914688: Received message <GossipMessage:8_1> from Peer_3:peer
Peer_15:peer INFO 2544.1546404276623: Received message <GossipMessage:8_1> from Peer_4:peer
Peer_15:peer INFO 2593.448769997039: Received message <GossipMessage:8_1> from Peer_13:peer
Peer_15:peer INFO 2593.448769997039: Sending message <GossipMessage:8_1> to Peer_6:peer
Peer_15:peer INFO 2593.448769997039: Sending message <GossipMessage:8_1> to Peer_3:peer
Peer_15:peer INFO 2593.448769997039: Sending message <GossipMessage:8_1> to Peer_24:peer
Peer_15:peer INFO 2593.6624779726244: Received message <GossipMessage:8_1> from Peer_4:peer
Peer_15:peer INFO 2609.061828149079: Received message <PeerList> from Peer_1:client
Peer_15:peer INFO 2618.0955056983044: Received message <GossipMessage:8_1> from Peer_24:peer
Peer_15:peer INFO 2636.7117046756666: Received message <GossipMessage:9_1> from Peer_6:peer
Peer_15:peer INFO 2636.7117046756666: Sending message <GossipMessage:9_1> to Peer_3:peer
Peer_15:peer INFO 2636.7117046756666: Sending message <GossipMessage:9_1> to Peer_13:peer
Peer_15:peer INFO 2636.7117046756666: Sending message <GossipMessage:9_1> to Peer_24:peer
Peer_15:peer INFO 2636.8506810273984: Received message <GossipMessage:9_1> from Peer_1:client
Peer_15:peer INFO 2636.8506810273984: Sending message <GossipMessage:9_1> to Peer_13:peer
Peer_15:peer INFO 2636.8506810273984: Sending message <GossipMessage:9_1> to Peer_3:peer
Peer_15:peer INFO 2636.8506810273984: Sending message <GossipMessage:9_1> to Peer_14:peer
Peer_15:peer INFO 2637.137350078036: Received message <GossipMessage:9_1> from Peer_3:peer
Peer_15:peer INFO 2637.137350078036: Sending message <GossipMessage:9_1> to Peer_4:peer
Peer_15:peer INFO 2637.137350078036: Sending message <GossipMessage:9_1> to Peer_13:peer
Peer_15:peer INFO 2637.137350078036: Sending message <GossipMessage:9_1> to Peer_14:peer
Peer_15:peer INFO 2637.237374277541: Received message <GossipMessage:9_1> from Peer_6:peer
Peer_15:peer INFO 2637.237374277541: Sending message <GossipMessage:9_1> to Peer_24:peer
Peer_15:peer INFO 2637.237374277541: Sending message <GossipMessage:9_1> to Peer_14:peer
Peer_15:peer INFO 2637.237374277541: Sending message <GossipMessage:9_1> to Peer_4:peer
Peer_15:peer INFO 2637.31921006831: Received message <GossipMessage:9_1> from Peer_6:peer
Peer_15:peer INFO 2637.31921006831: Sending message <GossipMessage:9_1> to Peer_14:peer
Peer_15:peer INFO 2637.31921006831: Sending message <GossipMessage:9_1> to Peer_4:peer
Peer_15:peer INFO 2637.31921006831: Sending message <GossipMessage:9_1> to Peer_24:peer
Peer_15:peer INFO 2637.404092557274: Received message <GossipMessage:9_1> from Peer_14:peer
Peer_15:peer INFO 2637.7420790523397: Received message <GossipMessage:9_1> from Peer_3:peer
Peer_15:peer INFO 2637.8175233380293: Received message <GossipMessage:9_1> from Peer_14:peer
Peer_15:peer INFO 2638.0660101200874: Received message <GossipMessage:9_1> from Peer_3:peer
Peer_15:peer INFO 2638.1425961129767: Received message <GossipMessage:9_1> from Peer_14:peer
Peer_15:peer INFO 2638.1425961129767: Sending message <GossipMessage:9_1> to Peer_3:peer
Peer_15:peer INFO 2638.1425961129767: Sending message <GossipMessage:9_1> to Peer_13:peer
Peer_15:peer INFO 2638.1425961129767: Sending message <GossipMessage:9_1> to Peer_4:peer
Peer_15:peer INFO 2638.223844540207: Received message <GossipMessage:9_1> from Peer_3:peer
Peer_15:peer INFO 2638.223844540207: Sending message <GossipMessage:9_1> to Peer_14:peer
Peer_15:peer INFO 2638.223844540207: Sending message <GossipMessage:9_1> to Peer_13:peer
Peer_15:peer INFO 2638.223844540207: Sending message <GossipMessage:9_1> to Peer_6:peer
Peer_15:peer INFO 2656.0135524620887: Received message <Pong:> from Peer_13:peer
Peer_15:peer INFO 2708.614811014634: Received message <GossipMessage:9_1> from Peer_24:peer
Peer_15:peer INFO 2708.614811014634: Sending message <GossipMessage:9_1> to Peer_3:peer
Peer_15:peer INFO 2708.614811014634: Sending message <GossipMessage:9_1> to Peer_13:peer
Peer_15:peer INFO 2708.614811014634: Sending message <GossipMessage:9_1> to Peer_4:peer
Peer_15:peer INFO 2709.1714025608694: Received message <GossipMessage:9_1> from Peer_24:peer
Peer_15:peer INFO 2709.1714025608694: Sending message <GossipMessage:9_1> to Peer_14:peer
Peer_15:peer INFO 2709.1714025608694: Sending message <GossipMessage:9_1> to Peer_3:peer
Peer_15:peer INFO 2709.1714025608694: Sending message <GossipMessage:9_1> to Peer_13:peer
Peer_15:peer INFO 2709.3242431624712: Received message <GossipMessage:9_1> from Peer_6:peer
Peer_15:peer INFO 2709.7287051743297: Received message <GossipMessage:9_1> from Peer_24:peer
Peer_15:peer INFO 2710.325886569209: Received message <GossipMessage:9_1> from Peer_24:peer
Peer_15:peer INFO 2711.342537720852: Received message <GossipMessage:9_1> from Peer_24:peer
Peer_15:peer INFO 2711.342537720852: Sending message <GossipMessage:9_1> to Peer_6:peer
Peer_15:peer INFO 2711.342537720852: Sending message <GossipMessage:9_1> to Peer_14:peer
Peer_15:peer INFO 2711.342537720852: Sending message <GossipMessage:9_1> to Peer_13:peer
Peer_15:peer INFO 2744.264514250214: Received message <GossipMessage:9_1> from Peer_3:peer
Peer_15:peer INFO 2744.3140210192514: Received message <GossipMessage:9_1> from Peer_4:peer
Peer_15:peer INFO 2792.1000541722033: Received message <GossipMessage:9_1> from Peer_13:peer
Peer_15:peer INFO 2792.1000541722033: Sending message <GossipMessage:9_1> to Peer_14:peer
Peer_15:peer INFO 2792.1000541722033: Sending message <GossipMessage:9_1> to Peer_6:peer
Peer_15:peer INFO 2792.1000541722033: Sending message <GossipMessage:9_1> to Peer_24:peer
Peer_15:peer INFO 2792.3895218198654: Received message <GossipMessage:9_1> from Peer_14:peer
Peer_15:peer INFO 2793.096223908698: Received message <GossipMessage:9_1> from Peer_4:peer
Peer_15:peer INFO 2793.1175465319375: Received message <GossipMessage:9_1> from Peer_14:peer
Peer_15:peer INFO 2793.179732508592: Received message <GossipMessage:9_1> from Peer_13:peer
Peer_15:peer INFO 2793.200839767046: Received message <GossipMessage:9_1> from Peer_13:peer
Peer_15:peer INFO 2817.913596459633: Received message <GossipMessage:9_1> from Peer_24:peer
Peer_15:peer INFO 2836.4103075962084: Received message <GossipMessage:10_1> from Peer_6:peer
Peer_15:peer INFO 2836.4103075962084: Sending message <GossipMessage:10_1> to Peer_3:peer
Peer_15:peer INFO 2836.4103075962084: Sending message <GossipMessage:10_1> to Peer_13:peer
Peer_15:peer INFO 2836.4103075962084: Sending message <GossipMessage:10_1> to Peer_24:peer
Peer_15:peer INFO 2836.441939681398: Received message <GossipMessage:10_1> from Peer_24:peer
Peer_15:peer INFO 2836.441939681398: Sending message <GossipMessage:10_1> to Peer_14:peer
Peer_15:peer INFO 2836.441939681398: Sending message <GossipMessage:10_1> to Peer_6:peer
Peer_15:peer INFO 2836.441939681398: Sending message <GossipMessage:10_1> to Peer_4:peer
Peer_15:peer INFO 2836.883004421975: Received message <GossipMessage:10_1> from Peer_1:client
Peer_15:peer INFO 2836.883004421975: Sending message <GossipMessage:10_1> to Peer_14:peer
Peer_15:peer INFO 2836.883004421975: Sending message <GossipMessage:10_1> to Peer_6:peer
Peer_15:peer INFO 2836.883004421975: Sending message <GossipMessage:10_1> to Peer_4:peer
Peer_15:peer INFO 2836.9149219926076: Received message <GossipMessage:10_1> from Peer_14:peer
Peer_15:peer INFO 2836.9149219926076: Sending message <GossipMessage:10_1> to Peer_13:peer
Peer_15:peer INFO 2836.9149219926076: Sending message <GossipMessage:10_1> to Peer_3:peer
Peer_15:peer INFO 2836.9149219926076: Sending message <GossipMessage:10_1> to Peer_24:peer
Peer_15:peer INFO 2837.2332330536133: Received message <GossipMessage:10_1> from Peer_3:peer
Peer_15:peer INFO 2837.2332330536133: Sending message <GossipMessage:10_1> to Peer_6:peer
Peer_15:peer INFO 2837.2332330536133: Sending message <GossipMessage:10_1> to Peer_4:peer
Peer_15:peer INFO 2837.2332330536133: Sending message <GossipMessage:10_1> to Peer_13:peer
Peer_15:peer INFO 2837.792597144946: Received message <GossipMessage:10_1> from Peer_3:peer
Peer_15:peer INFO 2909.736291412617: Received message <GossipMessage:10_1> from Peer_24:peer
Peer_15:peer INFO 2909.736291412617: Sending message <GossipMessage:10_1> to Peer_3:peer
Peer_15:peer INFO 2909.736291412617: Sending message <GossipMessage:10_1> to Peer_14:peer
Peer_15:peer INFO 2909.736291412617: Sending message <GossipMessage:10_1> to Peer_6:peer
Peer_15:peer INFO 2910.089973012647: Received message <GossipMessage:10_1> from Peer_24:peer
Peer_15:peer INFO 2910.089973012647: Sending message <GossipMessage:10_1> to Peer_14:peer
Peer_15:peer INFO 2910.089973012647: Sending message <GossipMessage:10_1> to Peer_13:peer
Peer_15:peer INFO 2910.089973012647: Sending message <GossipMessage:10_1> to Peer_3:peer
Peer_15:peer INFO 2910.4307630993053: Received message <GossipMessage:10_1> from Peer_24:peer
Peer_15:peer INFO 2910.508800578627: Received message <GossipMessage:10_1> from Peer_24:peer
Peer_15:peer INFO 2911.072427992543: Received message <GossipMessage:10_1> from Peer_24:peer
Peer_15:peer INFO 2911.072427992543: Sending message <GossipMessage:10_1> to Peer_6:peer
Peer_15:peer INFO 2911.072427992543: Sending message <GossipMessage:10_1> to Peer_14:peer
Peer_15:peer INFO 2911.072427992543: Sending message <GossipMessage:10_1> to Peer_4:peer
Peer_15:peer INFO 2911.764653257149: Received message <GossipMessage:10_1> from Peer_24:peer
Peer_15:peer INFO 2911.764653257149: Sending message <GossipMessage:10_1> to Peer_4:peer
Peer_15:peer INFO 2911.764653257149: Sending message <GossipMessage:10_1> to Peer_13:peer
Peer_15:peer INFO 2911.764653257149: Sending message <GossipMessage:10_1> to Peer_6:peer
Peer_15:peer INFO 2911.770872522537: Received message <GossipMessage:10_1> from Peer_6:peer
Peer_15:peer INFO 2944.0616208292645: Received message <GossipMessage:10_1> from Peer_3:peer
Peer_15:peer INFO 2944.380662592717: Received message <GossipMessage:10_1> from Peer_4:peer
Peer_15:peer INFO 2993.0388292421544: Received message <GossipMessage:10_1> from Peer_13:peer
Peer_15:peer INFO 2993.2058010326837: Received message <GossipMessage:10_1> from Peer_4:peer
Peer_15:peer INFO 2993.2573489672304: Received message <GossipMessage:10_1> from Peer_14:peer
Peer_15:peer INFO 3000: Sending message <Ping:> to Peer_26:bootstrap
Peer_15:peer INFO 3018.637234510894: Received message <GossipMessage:10_1> from Peer_24:peer
Peer_15:peer INFO 3036.505288132715: Received message <GossipMessage:11_1> from Peer_6:peer
Peer_15:peer INFO 3036.505288132715: Sending message <GossipMessage:11_1> to Peer_13:peer
Peer_15:peer INFO 3036.505288132715: Sending message <GossipMessage:11_1> to Peer_4:peer
Peer_15:peer INFO 3036.505288132715: Sending message <GossipMessage:11_1> to Peer_3:peer
Peer_15:peer INFO 3036.6271000921934: Received message <GossipMessage:11_1> from Peer_3:peer
Peer_15:peer INFO 3036.6271000921934: Sending message <GossipMessage:11_1> to Peer_6:peer
Peer_15:peer INFO 3036.6271000921934: Sending message <GossipMessage:11_1> to Peer_24:peer
Peer_15:peer INFO 3036.6271000921934: Sending message <GossipMessage:11_1> to Peer_13:peer
Peer_15:peer INFO 3036.775211285615: Received message <Ping:> from Peer_26:bootstrap
Peer_15:peer INFO 3036.775211285615: Sending message <Pong:> to Peer_26:bootstrap
Peer_15:peer INFO 3036.921054567426: Received message <GossipMessage:11_1> from Peer_14:peer
Peer_15:peer INFO 3036.951099001602: Received message <GossipMessage:11_1> from Peer_1:client
Peer_15:peer INFO 3036.951099001602: Sending message <GossipMessage:11_1> to Peer_4:peer
Peer_15:peer INFO 3036.951099001602: Sending message <GossipMessage:11_1> to Peer_3:peer
Peer_15:peer INFO 3036.951099001602: Sending message <GossipMessage:11_1> to Peer_13:peer
Peer_15:peer INFO 3037.166103385359: Received message <GossipMessage:11_1> from Peer_14:peer
Peer_15:peer INFO 3037.166103385359: Sending message <GossipMessage:11_1> to Peer_24:peer
Peer_15:peer INFO 3037.166103385359: Sending message <GossipMessage:11_1> to Peer_3:peer
Peer_15:peer INFO 3037.166103385359: Sending message <GossipMessage:11_1> to Peer_6:peer
Peer_15:peer INFO 3037.455081692775: Received message <GossipMessage:11_1> from Peer_3:peer
Peer_15:peer INFO 3037.455081692775: Sending message <GossipMessage:11_1> to Peer_4:peer
Peer_15:peer INFO 3037.455081692775: Sending message <GossipMessage:11_1> to Peer_14:peer
Peer_15:peer INFO 3037.455081692775: Sending message <GossipMessage:11_1> to Peer_13:peer
Peer_15:peer INFO 3037.619645543046: Received message <GossipMessage:11_1> from Peer_24:peer
Peer_15:peer INFO 3037.619645543046: Sending message <GossipMessage:11_1> to Peer_3:peer
Peer_15:peer INFO 3037.619645543046: Sending message <GossipMessage:11_1> to Peer_13:peer
Peer_15:peer INFO 3037.619645543046: Sending message <GossipMessage:11_1> to Peer_6:peer
Peer_15:peer INFO 3037.699643037927: Received message <GossipMessage:11_1> from Peer_14:peer
Peer_15:peer INFO 3038.7554601255015: Received message <GossipMessage:11_1> from Peer_3:peer
Peer_15:peer INFO 3074.034495642206: Received message <Pong:> from Peer_26:bootstrap
Peer_15:peer INFO 3109.103928871958: Received message <GossipMessage:11_1> from Peer_24:peer
Peer_15:peer INFO 3109.103928871958: Sending message <GossipMessage:11_1> to Peer_14:peer
Peer_15:peer INFO 3109.103928871958: Sending message <GossipMessage:11_1> to Peer_3:peer
Peer_15:peer INFO 3109.103928871958: Sending message <GossipMessage:11_1> to Peer_4:peer
Peer_15:peer INFO 3109.4169138440357: Received message <GossipMessage:11_1> from Peer_24:peer
Peer_15:peer INFO 3109.4169138440357: Sending message <GossipMessage:11_1> to Peer_13:peer
Peer_15:peer INFO 3109.4169138440357: Sending message <GossipMessage:11_1> to Peer_14:peer
Peer_15:peer INFO 3109.4169138440357: Sending message <GossipMessage:11_1> to Peer_6:peer
Peer_15:peer INFO 3109.724283999527: Received message <GossipMessage:11_1> from Peer_24:peer
Peer_15:peer INFO 3109.724283999527: Sending message <GossipMessage:11_1> to Peer_4:peer
Peer_15:peer INFO 3109.724283999527: Sending message <GossipMessage:11_1> to Peer_14:peer
Peer_15:peer INFO 3109.724283999527: Sending message <GossipMessage:11_1> to Peer_13:peer
Peer_15:peer INFO 3110.2310555949607: Received message <GossipMessage:11_1> from Peer_24:peer
Peer_15:peer INFO 3110.240906443513: Received message <GossipMessage:11_1> from Peer_6:peer
Peer_15:peer INFO 3143.99393730611: Received message <GossipMessage:11_1> from Peer_3:peer
Peer_15:peer INFO 3144.411094627455: Received message <GossipMessage:11_1> from Peer_4:peer
Peer_15:peer INFO 3192.7690341431235: Received message <GossipMessage:11_1> from Peer_14:peer
Peer_15:peer INFO 3192.8044811040313: Received message <GossipMessage:11_1> from Peer_4:peer
Peer_15:peer INFO 3192.8508669272323: Received message <GossipMessage:11_1> from Peer_13:peer
Peer_15:peer INFO 3192.8508669272323: Sending message <GossipMessage:11_1> to Peer_3:peer
Peer_15:peer INFO 3192.8508669272323: Sending message <GossipMessage:11_1> to Peer_14:peer
Peer_15:peer INFO 3192.8508669272323: Sending message <GossipMessage:11_1> to Peer_6:peer
Peer_15:peer INFO 3193.20184580564: Received message <GossipMessage:11_1> from Peer_14:peer
Peer_15:peer INFO 3218.088682375761: Received message <GossipMessage:11_1> from Peer_24:peer
Peer_15:peer INFO 3236.93026866078: Received message <GossipMessage:12_1> from Peer_24:peer
Peer_15:peer INFO 3236.93026866078: Sending message <GossipMessage:12_1> to Peer_13:peer
Peer_15:peer INFO 3236.93026866078: Sending message <GossipMessage:12_1> to Peer_4:peer
Peer_15:peer INFO 3236.93026866078: Sending message <GossipMessage:12_1> to Peer_6:peer
Peer_15:peer INFO 3237.0029103004517: Received message <GossipMessage:12_1> from Peer_1:client
Peer_15:peer INFO 3237.0029103004517: Sending message <GossipMessage:12_1> to Peer_24:peer
Peer_15:peer INFO 3237.0029103004517: Sending message <GossipMessage:12_1> to Peer_4:peer
Peer_15:peer INFO 3237.0029103004517: Sending message <GossipMessage:12_1> to Peer_6:peer
Peer_15:peer INFO 3237.212096847021: Received message <GossipMessage:12_1> from Peer_6:peer
Peer_15:peer INFO 3237.212096847021: Sending message <GossipMessage:12_1> to Peer_3:peer
Peer_15:peer INFO 3237.212096847021: Sending message <GossipMessage:12_1> to Peer_24:peer
Peer_15:peer INFO 3237.212096847021: Sending message <GossipMessage:12_1> to Peer_13:peer
Peer_15:peer INFO 3237.4641768643623: Received message <GossipMessage:12_1> from Peer_6:peer
Peer_15:peer INFO 3237.4641768643623: Sending message <GossipMessage:12_1> to Peer_14:peer
Peer_15:peer INFO 3237.4641768643623: Sending message <GossipMessage:12_1> to Peer_13:peer
Peer_15:peer INFO 3237.4641768643623: Sending message <GossipMessage:12_1> to Peer_24:peer
Peer_15:peer INFO 3237.548243298283: Received message <GossipMessage:12_1> from Peer_3:peer
Peer_15:peer INFO 3237.548243298283: Sending message <GossipMessage:12_1> to Peer_6:peer
Peer_15:peer INFO 3237.548243298283: Sending message <GossipMessage:12_1> to Peer_14:peer
Peer_15:peer INFO 3237.548243298283: Sending message <GossipMessage:12_1> to Peer_24:peer
Peer_15:peer INFO 3237.7883206926726: Received message <GossipMessage:12_1> from Peer_6:peer
Peer_15:peer INFO 3237.7883206926726: Sending message <GossipMessage:12_1> to Peer_14:peer
Peer_15:peer INFO 3237.7883206926726: Sending message <GossipMessage:12_1> to Peer_24:peer
Peer_15:peer INFO 3237.7883206926726: Sending message <GossipMessage:12_1> to Peer_13:peer
Peer_15:peer INFO 3308.936018311617: Received message <GossipMessage:12_1> from Peer_6:peer
Peer_15:peer INFO 3310.2774776450688: Received message <GossipMessage:12_1> from Peer_24:peer
Peer_15:peer INFO 3310.2774776450688: Sending message <GossipMessage:12_1> to Peer_6:peer
Peer_15:peer INFO 3310.2774776450688: Sending message <GossipMessage:12_1> to Peer_14:peer
Peer_15:peer INFO 3310.2774776450688: Sending message <GossipMessage:12_1> to Peer_13:peer
Peer_15:peer INFO 3310.603238761898: Received message <GossipMessage:12_1> from Peer_6:peer
Peer_15:peer INFO 3310.644692194606: Received message <GossipMessage:12_1> from Peer_24:peer
Peer_15:peer INFO 3310.7331343064056: Received message <GossipMessage:12_1> from Peer_24:peer
Peer_15:peer INFO 3311.269419048171: Received message <GossipMessage:12_1> from Peer_24:peer
Peer_15:peer INFO 3311.269419048171: Sending message <GossipMessage:12_1> to Peer_13:peer
Peer_15:peer INFO 3311.269419048171: Sending message <GossipMessage:12_1> to Peer_3:peer
Peer_15:peer INFO 3311.269419048171: Sending message <GossipMessage:12_1> to Peer_6:peer
Peer_15:peer INFO 3311.702913339811: Received message <GossipMessage:12_1> from Peer_6:peer
Peer_15:peer INFO 3311.798943284336: Received message <GossipMessage:12_1> from Peer_24:peer
Peer_15:peer INFO 3343.5654407130924: Received message <GossipMessage:12_1> from Peer_4:peer
Peer_15:peer INFO 3343.5654407130924: Sending message <GossipMessage:12_1> to Peer_24:peer
Peer_15:peer INFO 3343.5654407130924: Sending message <GossipMessage:12_1> to Peer_3:peer
Peer_15:peer INFO 3343.5654407130924: Sending message <GossipMessage:12_1> to Peer_14:peer
Peer_15:peer INFO 3343.880806060293: Received message <GossipMessage:12_1> from Peer_13:peer
Peer_15:peer INFO 3344.012893488326: Received message <GossipMessage:12_1> from Peer_3:peer
Peer_15:peer INFO 3344.498699135019: Received message <GossipMessage:12_1> from Peer_4:peer
Peer_15:peer INFO 3391.7939320783785: Received message <GossipMessage:12_1> from Peer_13:peer
Peer_15:peer INFO 3391.7939320783785: Sending message <GossipMessage:12_1> to Peer_14:peer
Peer_15:peer INFO 3391.7939320783785: Sending message <GossipMessage:12_1> to Peer_4:peer
Peer_15:peer INFO 3391.7939320783785: Sending message <GossipMessage:12_1> to Peer_3:peer
Peer_15:peer INFO 3392.1032164370604: Received message <GossipMessage:12_1> from Peer_4:peer
Peer_15:peer INFO 3392.181973277205: Received message <GossipMessage:12_1> from Peer_14:peer
Peer_15:peer INFO 3392.9790848773105: Received message <GossipMessage:12_1> from Peer_13:peer
Peer_15:peer INFO 3392.9790848773105: Sending message <GossipMessage:12_1> to Peer_3:peer
Peer_15:peer INFO 3392.9790848773105: Sending message <GossipMessage:12_1> to Peer_4:peer
Peer_15:peer INFO 3392.9790848773105: Sending message <GossipMessage:12_1> to Peer_6:peer
Peer_15:peer INFO 3392.994747352318: Received message <GossipMessage:12_1> from Peer_13:peer
Peer_15:peer INFO 3393.1844516196984: Received message <GossipMessage:12_1> from Peer_4:peer
Peer_15:peer INFO 3393.226503162232: Received message <GossipMessage:12_1> from Peer_13:peer
Peer_15:peer INFO 3417.054111136948: Received message <GossipMessage:12_1> from Peer_24:peer
Peer_15:peer INFO 3436.742146146743: Received message <GossipMessage:13_1> from Peer_6:peer
Peer_15:peer INFO 3437.4301096568606: Received message <GossipMessage:13_1> from Peer_3:peer
Peer_15:peer INFO 3437.4301096568606: Sending message <GossipMessage:13_1> to Peer_4:peer
Peer_15:peer INFO 3437.4301096568606: Sending message <GossipMessage:13_1> to Peer_24:peer
Peer_15:peer INFO 3437.4301096568606: Sending message <GossipMessage:13_1> to Peer_13:peer
Peer_15:peer INFO 3437.67242803651: Received message <GossipMessage:13_1> from Peer_6:peer
Peer_15:peer INFO 3437.67242803651: Sending message <GossipMessage:13_1> to Peer_3:peer
Peer_15:peer INFO 3437.67242803651: Sending message <GossipMessage:13_1> to Peer_13:peer
Peer_15:peer INFO 3437.67242803651: Sending message <GossipMessage:13_1> to Peer_24:peer
Peer_15:peer INFO 3437.754740156698: Received message <GossipMessage:13_1> from Peer_24:peer
Peer_15:peer INFO 3437.754740156698: Sending message <GossipMessage:13_1> to Peer_6:peer
Peer_15:peer INFO 3437.754740156698: Sending message <GossipMessage:13_1> to Peer_14:peer
Peer_15:peer INFO 3437.754740156698: Sending message <GossipMessage:13_1> to Peer_4:peer
Peer_15:peer INFO 3437.7945188676126: Received message <GossipMessage:13_1> from Peer_14:peer
Peer_15:peer INFO 3438.282101224184: Received message <GossipMessage:13_1> from Peer_1:client
Peer_15:peer INFO 3438.282101224184: Sending message <GossipMessage:13_1> to Peer_4:peer
Peer_15:peer INFO 3438.282101224184: Sending message <GossipMessage:13_1> to Peer_13:peer
Peer_15:peer INFO 3438.282101224184: Sending message <GossipMessage:13_1> to Peer_14:peer
Peer_15:peer INFO 3438.357815494817: Received message <GossipMessage:13_1> from Peer_6:peer
Peer_15:peer INFO 3438.357815494817: Sending message <GossipMessage:13_1> to Peer_3:peer
Peer_15:peer INFO 3438.357815494817: Sending message <GossipMessage:13_1> to Peer_4:peer
Peer_15:peer INFO 3438.357815494817: Sending message <GossipMessage:13_1> to Peer_13:peer
Peer_15:peer INFO 3438.4127626310265: Received message <GossipMessage:13_1> from Peer_14:peer
Peer_15:peer INFO 3438.4127626310265: Sending message <GossipMessage:13_1> to Peer_6:peer
Peer_15:peer INFO 3438.4127626310265: Sending message <GossipMessage:13_1> to Peer_4:peer
Peer_15:peer INFO 3438.4127626310265: Sending message <GossipMessage:13_1> to Peer_24:peer
Peer_15:peer INFO 3439.052667433372: Received message <GossipMessage:13_1> from Peer_3:peer
Peer_15:peer INFO 3510.3734234581557: Received message <GossipMessage:13_1> from Peer_24:peer
Peer_15:peer INFO 3510.3734234581557: Sending message <GossipMessage:13_1> to Peer_6:peer
Peer_15:peer INFO 3510.3734234581557: Sending message <GossipMessage:13_1> to Peer_14:peer
Peer_15:peer INFO 3510.3734234581557: Sending message <GossipMessage:13_1> to Peer_13:peer
Peer_15:peer INFO 3510.9166770272845: Received message <GossipMessage:13_1> from Peer_6:peer
Peer_15:peer INFO 3511.356226604801: Received message <GossipMessage:13_1> from Peer_24:peer
Peer_15:peer INFO 3511.356226604801: Sending message <GossipMessage:13_1> to Peer_4:peer
Peer_15:peer INFO 3511.356226604801: Sending message <GossipMessage:13_1> to Peer_13:peer
Peer_15:peer INFO 3511.356226604801: Sending message <GossipMessage:13_1> to Peer_6:peer
Peer_15:peer INFO 3512.801106449702: Received message <GossipMessage:13_1> from Peer_24:peer
Peer_15:peer INFO 3536.781919625767: Received message <RequestPeers:> from Peer_1:client
Peer_15:peer INFO 3536.781919625767: Sending message <PeerList> to Peer_1:client
Peer_15:peer INFO 3537.547746123932: Received message <Ping:> from Peer_1:client
Peer_15:peer INFO 3537.547746123932: Sending message <Pong:> to Peer_1:client
Peer_15:peer INFO 3543.701432924192: Received message <GossipMessage:13_1> from Peer_4:peer
Peer_15:peer INFO 3543.701432924192: Sending message <GossipMessage:13_1> to Peer_13:peer
Peer_15:peer INFO 3543.701432924192: Sending message <GossipMessage:13_1> to Peer_6:peer
Peer_15:peer INFO 3543.701432924192: Sending message <GossipMessage:13_1> to Peer_3:peer
Peer_15:peer INFO 3543.7614690912083: Received message <GossipMessage:13_1> from Peer_3:peer
Peer_15:peer INFO 3544.2301474668307: Received message <GossipMessage:13_1> from Peer_4:peer
Peer_15:peer INFO 3592.523677497663: Received message <GossipMessage:13_1> from Peer_13:peer
Peer_15:peer INFO 3592.523677497663: Sending message <GossipMessage:13_1> to Peer_6:peer
Peer_15:peer INFO 3592.523677497663: Sending message <GossipMessage:13_1> to Peer_24:peer
Peer_15:peer INFO 3592.523677497663: Sending message <GossipMessage:13_1> to Peer_4:peer
Peer_15:peer INFO 3593.015589153845: Received message <GossipMessage:13_1> from Peer_14:peer
Peer_15:peer INFO 3594.0456292735644: Received message <GossipMessage:13_1> from Peer_13:peer
Peer_15:peer INFO 3594.0456292735644: Sending message <GossipMessage:13_1> to Peer_14:peer
Peer_15:peer INFO 3594.0456292735644: Sending message <GossipMessage:13_1> to Peer_3:peer
Peer_15:peer INFO 3594.0456292735644: Sending message <GossipMessage:13_1> to Peer_4:peer
Peer_15:peer INFO 3594.350869971565: Received message <GossipMessage:13_1> from Peer_13:peer
Peer_15:peer INFO 3594.3631217532347: Received message <GossipMessage:13_1> from Peer_4:peer
Peer_15:peer INFO 3594.421160505723: Received message <GossipMessage:13_1> from Peer_4:peer
Peer_15:peer INFO 3594.566634601601: Received message <GossipMessage:13_1> from Peer_13:peer
Peer_15:peer INFO 3594.6041327404973: Received message <GossipMessage:13_1> from Peer_14:peer
Peer_15:peer INFO 3617.5338597413015: Received message <GossipMessage:13_1> from Peer_24:peer
Peer_15:peer INFO 3636.8792585660226: Received message <GossipMessage:14_1> from Peer_14:peer
Peer_15:peer INFO 3636.8792585660226: Sending message <GossipMessage:14_1> to Peer_6:peer
Peer_15:peer INFO 3636.8792585660226: Sending message <GossipMessage:14_1> to Peer_13:peer
Peer_15:peer INFO 3636.8792585660226: Sending message <GossipMessage:14_1> to Peer_4:peer
Peer_15:peer INFO 3637.0136817688704: Received message <GossipMessage:14_1> from Peer_6:peer
Peer_15:peer INFO 3637.0136817688704: Sending message <GossipMessage:14_1> to Peer_4:peer
Peer_15:peer INFO 3637.0136817688704: Sending message <GossipMessage:14_1> to Peer_13:peer
Peer_15:peer INFO 3637.0136817688704: Sending message <GossipMessage:14_1> to Peer_24:peer
Peer_15:peer INFO 3637.1818596218577: Received message <GossipMessage:14_1> from Peer_3:peer
Peer_15:peer INFO 3637.1818596218577: Sending message <GossipMessage:14_1> to Peer_6:peer
Peer_15:peer INFO 3637.1818596218577: Sending message <GossipMessage:14_1> to Peer_13:peer
Peer_15:peer INFO 3637.1818596218577: Sending message <GossipMessage:14_1> to Peer_14:peer
Peer_15:peer INFO 3637.3384176745394: Received message <GossipMessage:14_1> from Peer_6:peer
Peer_15:peer INFO 3637.3384176745394: Sending message <GossipMessage:14_1> to Peer_3:peer
Peer_15:peer INFO 3637.3384176745394: Sending message <GossipMessage:14_1> to Peer_24:peer
Peer_15:peer INFO 3637.3384176745394: Sending message <GossipMessage:14_1> to Peer_13:peer
Peer_15:peer INFO 3637.4279696831964: Received message <GossipMessage:14_1> from Peer_6:peer
Peer_15:peer INFO 3637.4279696831964: Sending message <GossipMessage:14_1> to Peer_4:peer
Peer_15:peer INFO 3637.4279696831964: Sending message <GossipMessage:14_1> to Peer_3:peer
Peer_15:peer INFO 3637.4279696831964: Sending message <GossipMessage:14_1> to Peer_14:peer
Peer_15:peer INFO 3637.5599633845322: Received message <GossipMessage:14_1> from Peer_3:peer
Peer_15:peer INFO 3709.8731321250093: Received message <GossipMessage:14_1> from Peer_24:peer
Peer_15:peer INFO 3709.8731321250093: Sending message <GossipMessage:14_1> to Peer_13:peer
Peer_15:peer INFO 3709.8731321250093: Sending message <GossipMessage:14_1> to Peer_6:peer
Peer_15:peer INFO 3709.8731321250093: Sending message <GossipMessage:14_1> to Peer_4:peer
Peer_15:peer INFO 3710.513995759549: Received message <GossipMessage:14_1> from Peer_24:peer
Peer_15:peer INFO 3710.6522000007812: Received message <GossipMessage:14_1> from Peer_24:peer
Peer_15:peer INFO 3710.6522000007812: Sending message <GossipMessage:14_1> to Peer_13:peer
Peer_15:peer INFO 3710.6522000007812: Sending message <GossipMessage:14_1> to Peer_4:peer
Peer_15:peer INFO 3710.6522000007812: Sending message <GossipMessage:14_1> to Peer_6:peer
Peer_15:peer INFO 3711.278829820008: Received message <GossipMessage:14_1> from Peer_24:peer
Peer_15:peer INFO 3711.278829820008: Sending message <GossipMessage:14_1> to Peer_14:peer
Peer_15:peer INFO 3711.278829820008: Sending message <GossipMessage:14_1> to Peer_13:peer
Peer_15:peer INFO 3711.278829820008: Sending message <GossipMessage:14_1> to Peer_3:peer
Peer_15:peer INFO 3711.6099838125706: Received message <GossipMessage:14_1> from Peer_6:peer
Peer_15:peer INFO 3711.8073451817127: Received message <GossipMessage:14_1> from Peer_6:peer
Peer_15:peer INFO 3743.7389771562007: Received message <GossipMessage:14_1> from Peer_4:peer
Peer_15:peer INFO 3743.7389771562007: Sending message <GossipMessage:14_1> to Peer_13:peer
Peer_15:peer INFO 3743.7389771562007: Sending message <GossipMessage:14_1> to Peer_6:peer
Peer_15:peer INFO 3743.7389771562007: Sending message <GossipMessage:14_1> to Peer_24:peer
Peer_15:peer INFO 3743.7451562727465: Received message <GossipMessage:14_1> from Peer_14:peer
Peer_15:peer INFO 3743.7451562727465: Sending message <GossipMessage:14_1> to Peer_24:peer
Peer_15:peer INFO 3743.7451562727465: Sending message <GossipMessage:14_1> to Peer_3:peer
Peer_15:peer INFO 3743.7451562727465: Sending message <GossipMessage:14_1> to Peer_4:peer
Peer_15:peer INFO 3743.7658970529974: Received message <GossipMessage:14_1> from Peer_4:peer
Peer_15:peer INFO 3743.7658970529974: Sending message <GossipMessage:14_1> to Peer_14:peer
Peer_15:peer INFO 3743.7658970529974: Sending message <GossipMessage:14_1> to Peer_24:peer
Peer_15:peer INFO 3743.7658970529974: Sending message <GossipMessage:14_1> to Peer_13:peer
Peer_15:peer INFO 3743.9150670827967: Received message <GossipMessage:14_1> from Peer_3:peer
Peer_15:peer INFO 3743.963111295802: Received message <GossipMessage:14_1> from Peer_3:peer
Peer_15:peer INFO 3744.156478188046: Received message <GossipMessage:14_1> from Peer_13:peer
Peer_15:peer INFO 3744.320519933194: Received message <GossipMessage:14_1> from Peer_4:peer
Peer_15:peer INFO 3793.229861284772: Received message <GossipMessage:14_1> from Peer_13:peer
Peer_15:peer INFO 3793.229861284772: Sending message <GossipMessage:14_1> to Peer_6:peer
Peer_15:peer INFO 3793.229861284772: Sending message <GossipMessage:14_1> to Peer_24:peer
Peer_15:peer INFO 3793.229861284772: Sending message <GossipMessage:14_1> to Peer_14:peer
Peer_15:peer INFO 3793.3848643425404: Received message <GossipMessage:14_1> from Peer_14:peer
Peer_15:peer INFO 3793.5135531854216: Received message <GossipMessage:14_1> from Peer_4:peer
Peer_15:peer INFO 3817.493456418662: Received message <GossipMessage:14_1> from Peer_24:peer
Peer_15:peer INFO 3835.584073947729: Received message <GossipMessage:15_1> from Peer_14:peer
Peer_15:peer INFO 3835.584073947729: Sending message <GossipMessage:15_1> to Peer_13:peer
Peer_15:peer INFO 3835.584073947729: Sending message <GossipMessage:15_1> to Peer_4:peer
Peer_15:peer INFO 3835.584073947729: Sending message <GossipMessage:15_1> to Peer_3:peer
Peer_15:peer INFO 3835.9082721000773: Received message <GossipMessage:15_1> from Peer_3:peer
Peer_15:peer INFO 3835.9082721000773: Sending message <GossipMessage:15_1> to Peer_4:peer
Peer_15:peer INFO 3835.9082721000773: Sending message <GossipMessage:15_1> to Peer_13:peer
Peer_15:peer INFO 3835.9082721000773: Sending message <GossipMessage:15_1> to Peer_24:peer
Peer_15:peer INFO 3836.435903953078: Received message <GossipMessage:15_1> from Peer_6:peer
Peer_15:peer INFO 3836.435903953078: Sending message <GossipMessage:15_1> to Peer_24:peer
Peer_15:peer INFO 3836.435903953078: Sending message <GossipMessage:15_1> to Peer_3:peer
Peer_15:peer INFO 3836.435903953078: Sending message <GossipMessage:15_1> to Peer_13:peer
Peer_15:peer INFO 3836.7734153325137: Received message <GossipMessage:15_1> from Peer_1:client
Peer_15:peer INFO 3836.7734153325137: Sending message <GossipMessage:15_1> to Peer_3:peer
Peer_15:peer INFO 3836.7734153325137: Sending message <GossipMessage:15_1> to Peer_14:peer
Peer_15:peer INFO 3836.7734153325137: Sending message <GossipMessage:15_1> to Peer_6:peer
Peer_15:peer INFO 3837.0839895734516: Received message <GossipMessage:15_1> from Peer_6:peer
Peer_15:peer INFO 3837.0839895734516: Sending message <GossipMessage:15_1> to Peer_4:peer
Peer_15:peer INFO 3837.0839895734516: Sending message <GossipMessage:15_1> to Peer_13:peer
Peer_15:peer INFO 3837.0839895734516: Sending message <GossipMessage:15_1> to Peer_14:peer
Peer_15:peer INFO 3837.525975501434: Received message <GossipMessage:15_1> from Peer_3:peer
Peer_15:peer INFO 3837.6267672491517: Received message <GossipMessage:15_1> from Peer_14:peer
Peer_15:peer INFO 3837.6866972341754: Received message <GossipMessage:15_1> from Peer_3:peer
Peer_15:peer INFO 3837.8911449880297: Received message <GossipMessage:15_1> from Peer_6:peer
Peer_15:peer INFO 3837.8911449880297: Sending message <GossipMessage:15_1> to Peer_14:peer
Peer_15:peer INFO 3837.8911449880297: Sending message <GossipMessage:15_1> to Peer_24:peer
Peer_15:peer INFO 3837.8911449880297: Sending message <GossipMessage:15_1> to Peer_13:peer
Peer_15:peer INFO 3909.35600928362: Received message <GossipMessage:15_1> from Peer_6:peer
Peer_15:peer INFO 3910.483838018238: Received message <GossipMessage:15_1> from Peer_24:peer
Peer_15:peer INFO 3910.7063628297547: Received message <GossipMessage:15_1> from Peer_24:peer
Peer_15:peer INFO 3911.0333760379153: Received message <GossipMessage:15_1> from Peer_24:peer
Peer_15:peer INFO 3911.0333760379153: Sending message <GossipMessage:15_1> to Peer_4:peer
Peer_15:peer INFO 3911.0333760379153: Sending message <GossipMessage:15_1> to Peer_14:peer
Peer_15:peer INFO 3911.0333760379153: Sending message <GossipMessage:15_1> to Peer_6:peer
Peer_15:peer INFO 3911.4871464259113: Received message <GossipMessage:15_1> from Peer_6:peer
Peer_15:peer INFO 3911.4873784301126: Received message <GossipMessage:15_1> from Peer_24:peer
Peer_15:peer INFO 3911.8340252006205: Received message <GossipMessage:15_1> from Peer_24:peer
Peer_15:peer INFO 3911.8340252006205: Sending message <GossipMessage:15_1> to Peer_3:peer
Peer_15:peer INFO 3911.8340252006205: Sending message <GossipMessage:15_1> to Peer_6:peer
Peer_15:peer INFO 3911.8340252006205: Sending message <GossipMessage:15_1> to Peer_14:peer
Peer_15:peer INFO 3943.6504721928777: Received message <GossipMessage:15_1> from Peer_13:peer
Peer_15:peer INFO 3943.6504721928777: Sending message <GossipMessage:15_1> to Peer_24:peer
Peer_15:peer INFO 3943.6504721928777: Sending message <GossipMessage:15_1> to Peer_6:peer
Peer_15:peer INFO 3943.6504721928777: Sending message <GossipMessage:15_1> to Peer_3:peer
Peer_15:peer INFO 3943.771811412379: Received message <GossipMessage:15_1> from Peer_4:peer
Peer_15:peer INFO 3943.771811412379: Sending message <GossipMessage:15_1> to Peer_13:peer
Peer_15:peer INFO 3943.771811412379: Sending message <GossipMessage:15_1> to Peer_24:peer
Peer_15:peer INFO 3943.771811412379: Sending message <GossipMessage:15_1> to Peer_14:peer
Peer_15:peer INFO 3943.858557427895: Received message <GossipMessage:15_1> from Peer_4:peer
Peer_15:peer INFO 3943.858557427895: Sending message <GossipMessage:15_1> to Peer_6:peer
Peer_15:peer INFO 3943.858557427895: Sending message <GossipMessage:15_1> to Peer_3:peer
Peer_15:peer INFO 3943.858557427895: Sending message <GossipMessage:15_1> to Peer_13:peer
Peer_15:peer INFO 3944.02713642218: Received message <GossipMessage:15_1> from Peer_13:peer
Peer_15:peer INFO 3944.213366703324: Received message <GossipMessage:15_1> from Peer_3:peer
Peer_15:peer INFO 3944.5848438681096: Received message <GossipMessage:15_1> from Peer_4:peer
Peer_15:peer INFO 3991.278783407129: Received message <GossipMessage:15_1> from Peer_13:peer
Peer_15:peer INFO 3991.278783407129: Sending message <GossipMessage:15_1> to Peer_4:peer
Peer_15:peer INFO 3991.278783407129: Sending message <GossipMessage:15_1> to Peer_3:peer
Peer_15:peer INFO 3991.278783407129: Sending message <GossipMessage:15_1> to Peer_14:peer
Peer_15:peer INFO 3992.9197886231113: Received message <GossipMessage:15_1> from Peer_13:peer
Peer_15:peer INFO 3993.1812130909548: Received message <GossipMessage:15_1> from Peer_13:peer
Peer_15:peer INFO 3994.307101346576: Received message <GossipMessage:15_1> from Peer_14:peer
Peer_15:peer INFO 3994.3437198954603: Received message <GossipMessage:15_1> from Peer_4:peer
Peer_15:peer INFO 4000: Sending message <Ping:> to Peer_26:bootstrap
Peer_15:peer INFO 4018.1919493070823: Received message <GossipMessage:15_1> from Peer_24:peer
Peer_15:peer INFO 4036.4984589821347: Received message <GossipMessage:16_1> from Peer_14:peer
Peer_15:peer INFO 4036.4984589821347: Sending message <GossipMessage:16_1> to Peer_13:peer
Peer_15:peer INFO 4036.4984589821347: Sending message <GossipMessage:16_1> to Peer_4:peer
Peer_15:peer INFO 4036.4984589821347: Sending message <GossipMessage:16_1> to Peer_6:peer
Peer_15:peer INFO 4036.7149599973177: Received message <GossipMessage:16_1> from Peer_6:peer
Peer_15:peer INFO 4036.7149599973177: Sending message <GossipMessage:16_1> to Peer_4:peer
Peer_15:peer INFO 4036.7149599973177: Sending message <GossipMessage:16_1> to Peer_14:peer
Peer_15:peer INFO 4036.7149599973177: Sending message <GossipMessage:16_1> to Peer_3:peer
Peer_15:peer INFO 4036.7462935480153: Received message <GossipMessage:16_1> from Peer_1:client
Peer_15:peer INFO 4036.7462935480153: Sending message <GossipMessage:16_1> to Peer_13:peer
Peer_15:peer INFO 4036.7462935480153: Sending message <GossipMessage:16_1> to Peer_3:peer
Peer_15:peer INFO 4036.7462935480153: Sending message <GossipMessage:16_1> to Peer_24:peer
Peer_15:peer INFO 4036.848599919472: Received message <GossipMessage:16_1> from Peer_14:peer
Peer_15:peer INFO 4037.205930672137: Received message <Ping:> from Peer_26:bootstrap
Peer_15:peer INFO 4037.205930672137: Sending message <Pong:> to Peer_26:bootstrap
Peer_15:peer INFO 4037.357414920541: Received message <GossipMessage:16_1> from Peer_6:peer
Peer_15:peer INFO 4037.357414920541: Sending message <GossipMessage:16_1> to Peer_13:peer
Peer_15:peer INFO 4037.357414920541: Sending message <GossipMessage:16_1> to Peer_3:peer
Peer_15:peer INFO 4037.357414920541: Sending message <GossipMessage:16_1> to Peer_14:peer
Peer_15:peer INFO 4037.542531514056: Received message <GossipMessage:16_1> from Peer_3:peer
Peer_15:peer INFO 4037.5607302208423: Received message <GossipMessage:16_1> from Peer_14:peer
Peer_15:peer INFO 4074.0091329080487: Received message <Pong:> from Peer_26:bootstrap
Peer_15:peer INFO 4099.5563590192205: Received message <GossipMessage:15_1> from Peer_4:peer
Peer_15:peer INFO 4109.454324999276: Received message <GossipMessage:16_1> from Peer_6:peer
Peer_15:peer INFO 4109.701410494588: Received message <GossipMessage:16_1> from Peer_6:peer
Peer_15:peer INFO 4109.990798345861: Received message <GossipMessage:16_1> from Peer_24:peer
Peer_15:peer INFO 4109.990798345861: Sending message <GossipMessage:16_1> to Peer_3:peer
Peer_15:peer INFO 4109.990798345861: Sending message <GossipMessage:16_1> to Peer_4:peer
Peer_15:peer INFO 4109.990798345861: Sending message <GossipMessage:16_1> to Peer_13:peer
Peer_15:peer INFO 4110.043269975483: Received message <GossipMessage:16_1> from Peer_24:peer
Peer_15:peer INFO 4110.043269975483: Sending message <GossipMessage:16_1> to Peer_4:peer
Peer_15:peer INFO 4110.043269975483: Sending message <GossipMessage:16_1> to Peer_13:peer
Peer_15:peer INFO 4110.043269975483: Sending message <GossipMessage:16_1> to Peer_6:peer
Peer_15:peer INFO 4110.091417946935: Received message <GossipMessage:16_1> from Peer_24:peer
Peer_15:peer INFO 4110.091417946935: Sending message <GossipMessage:16_1> to Peer_3:peer
Peer_15:peer INFO 4110.091417946935: Sending message <GossipMessage:16_1> to Peer_13:peer
Peer_15:peer INFO 4110.091417946935: Sending message <GossipMessage:16_1> to Peer_4:peer
Peer_15:peer INFO 4110.808812091453: Received message <GossipMessage:16_1> from Peer_6:peer
Peer_15:peer INFO 4143.699221835376: Received message <GossipMessage:16_1> from Peer_13:peer
Peer_15:peer INFO 4143.699221835376: Sending message <GossipMessage:16_1> to Peer_3:peer
Peer_15:peer INFO 4143.699221835376: Sending message <GossipMessage:16_1> to Peer_14:peer
Peer_15:peer INFO 4143.699221835376: Sending message <GossipMessage:16_1> to Peer_6:peer
Peer_15:peer INFO 4143.991941172755: Received message <GossipMessage:16_1> from Peer_4:peer
Peer_15:peer INFO 4143.991941172755: Sending message <GossipMessage:16_1> to Peer_3:peer
Peer_15:peer INFO 4143.991941172755: Sending message <GossipMessage:16_1> to Peer_24:peer
Peer_15:peer INFO 4143.991941172755: Sending message <GossipMessage:16_1> to Peer_14:peer
Peer_15:peer INFO 4144.116071667761: Received message <GossipMessage:16_1> from Peer_4:peer
Peer_15:peer INFO 4192.225547163371: Received message <GossipMessage:16_1> from Peer_13:peer
Peer_15:peer INFO 4192.225547163371: Sending message <GossipMessage:16_1> to Peer_3:peer
Peer_15:peer INFO 4192.225547163371: Sending message <GossipMessage:16_1> to Peer_24:peer
Peer_15:peer INFO 4192.225547163371: Sending message <GossipMessage:16_1> to Peer_6:peer
Peer_15:peer INFO 4192.4572403508855: Received message <GossipMessage:16_1> from Peer_4:peer
Peer_15:peer INFO 4193.052233780103: Received message <GossipMessage:16_1> from Peer_14:peer
Peer_15:peer INFO 4193.055512926231: Received message <GossipMessage:16_1> from Peer_4:peer
Peer_15:peer INFO 4193.309788954247: Received message <GossipMessage:16_1> from Peer_13:peer
Peer_15:peer INFO 4193.309788954247: Sending message <GossipMessage:16_1> to Peer_14:peer
Peer_15:peer INFO 4193.309788954247: Sending message <GossipMessage:16_1> to Peer_4:peer
Peer_15:peer INFO 4193.309788954247: Sending message <GossipMessage:16_1> to Peer_24:peer
Peer_15:peer INFO 4193.539232156693: Received message <GossipMessage:16_1> from Peer_14:peer
Peer_15:peer INFO 4215.1120524086655: Received message <GossipMessage:16_1> from Peer_24:peer
Peer_15:peer INFO 4235.638660995423: Received message <GossipMessage:17_1> from Peer_1:client
Peer_15:peer INFO 4235.638660995423: Sending message <GossipMessage:17_1> to Peer_6:peer
Peer_15:peer INFO 4235.638660995423: Sending message <GossipMessage:17_1> to Peer_4:peer
Peer_15:peer INFO 4235.638660995423: Sending message <GossipMessage:17_1> to Peer_24:peer
Peer_15:peer INFO 4236.324563873228: Received message <GossipMessage:17_1> from Peer_6:peer
Peer_15:peer INFO 4236.324563873228: Sending message <GossipMessage:17_1> to Peer_24:peer
Peer_15:peer INFO 4236.324563873228: Sending message <GossipMessage:17_1> to Peer_4:peer
Peer_15:peer INFO 4236.324563873228: Sending message <GossipMessage:17_1> to Peer_13:peer
Peer_15:peer INFO 4236.582955648363: Received message <GossipMessage:17_1> from Peer_6:peer
Peer_15:peer INFO 4237.019797247697: Received message <GossipMessage:17_1> from Peer_24:peer
Peer_15:peer INFO 4237.019797247697: Sending message <GossipMessage:17_1> to Peer_14:peer
Peer_15:peer INFO 4237.019797247697: Sending message <GossipMessage:17_1> to Peer_4:peer
Peer_15:peer INFO 4237.019797247697: Sending message <GossipMessage:17_1> to Peer_3:peer
Peer_15:peer INFO 4237.650503044902: Received message <GossipMessage:17_1> from Peer_14:peer
Peer_15:peer INFO 4237.650503044902: Sending message <GossipMessage:17_1> to Peer_4:peer
Peer_15:peer INFO 4237.650503044902: Sending message <GossipMessage:17_1> to Peer_24:peer
Peer_15:peer INFO 4237.650503044902: Sending message <GossipMessage:17_1> to Peer_13:peer
Peer_15:peer INFO 4237.836255331108: Received message <GossipMessage:17_1> from Peer_3:peer
Peer_15:peer INFO 4237.836255331108: Sending message <GossipMessage:17_1> to Peer_14:peer
Peer_15:peer INFO 4237.836255331108: Sending message <GossipMessage:17_1> to Peer_13:peer
Peer_15:peer INFO 4237.836255331108: Sending message <GossipMessage:17_1> to Peer_6:peer
Peer_15:peer INFO 4308.746858790445: Received message <GossipMessage:17_1> from Peer_6:peer
Peer_15:peer INFO 4308.7895443518655: Received message <GossipMessage:17_1> from Peer_24:peer
Peer_15:peer INFO 4310.279106089304: Received message <GossipMessage:17_1> from Peer_24:peer
Peer_15:peer INFO 4343.463534862023: Received message <GossipMessage:17_1> from Peer_4:peer
Peer_15:peer INFO 4343.463534862023: Sending message <GossipMessage:17_1> to Peer_24:peer
Peer_15:peer INFO 4343.463534862023: Sending message <GossipMessage:17_1> to Peer_6:peer
Peer_15:peer INFO 4343.463534862023: Sending message <GossipMessage:17_1> to Peer_3:peer
Peer_15:peer INFO 4343.71792291157: Received message <GossipMessage:17_1> from Peer_3:peer
Peer_15:peer INFO 4343.932914470523: Received message <GossipMessage:17_1> from Peer_4:peer
Peer_15:peer INFO 4343.932914470523: Sending message <GossipMessage:17_1> to Peer_3:peer
Peer_15:peer INFO 4343.932914470523: Sending message <GossipMessage:17_1> to Peer_6:peer
Peer_15:peer INFO 4343.932914470523: Sending message <GossipMessage:17_1> to Peer_24:peer
Peer_15:peer INFO 4344.000726642077: Received message <GossipMessage:17_1> from Peer_14:peer
Peer_15:peer INFO 4344.000726642077: Sending message <GossipMessage:17_1> to Peer_13:peer
Peer_15:peer INFO 4344.000726642077: Sending message <GossipMessage:17_1> to Peer_24:peer
Peer_15:peer INFO 4344.000726642077: Sending message <GossipMessage:17_1> to Peer_4:peer
Peer_15:peer INFO 4344.037982786359: Received message <GossipMessage:17_1> from Peer_4:peer
Peer_15:peer INFO 4344.163633493149: Received message <GossipMessage:17_1> from Peer_13:peer
Peer_15:peer INFO 4344.188263776284: Received message <GossipMessage:17_1> from Peer_6:peer
Peer_15:peer INFO 4344.341801002515: Received message <GossipMessage:17_1> from Peer_3:peer
Peer_15:peer INFO 4391.956095655451: Received message <GossipMessage:17_1> from Peer_13:peer
Peer_15:peer INFO 4393.354234564013: Received message <GossipMessage:17_1> from Peer_13:peer
Peer_15:peer INFO 4393.354234564013: Sending message <GossipMessage:17_1> to Peer_14:peer
Peer_15:peer INFO 4393.354234564013: Sending message <GossipMessage:17_1> to Peer_24:peer
Peer_15:peer INFO 4393.354234564013: Sending message <GossipMessage:17_1> to Peer_6:peer
Peer_15:peer INFO 4393.701545697437: Received message <GossipMessage:17_1> from Peer_13:peer
Peer_15:peer INFO 4416.982180851209: Received message <GossipMessage:17_1> from Peer_24:peer
Peer_15:peer INFO 4435.960347980727: Received message <GossipMessage:18_1> from Peer_1:client
Peer_15:peer INFO 4435.960347980727: Sending message <GossipMessage:18_1> to Peer_14:peer
Peer_15:peer INFO 4435.960347980727: Sending message <GossipMessage:18_1> to Peer_13:peer
Peer_15:peer INFO 4435.960347980727: Sending message <GossipMessage:18_1> to Peer_4:peer
Peer_15:peer INFO 4436.792021005507: Received message <GossipMessage:18_1> from Peer_3:peer
Peer_15:peer INFO 4436.83517424742: Received message <GossipMessage:18_1> from Peer_24:peer
Peer_15:peer INFO 4436.83517424742: Sending message <GossipMessage:18_1> to Peer_4:peer
Peer_15:peer INFO 4436.83517424742: Sending message <GossipMessage:18_1> to Peer_14:peer
Peer_15:peer INFO 4436.83517424742: Sending message <GossipMessage:18_1> to Peer_6:peer
Peer_15:peer INFO 4437.967532582954: Received message <GossipMessage:18_1> from Peer_6:peer
Peer_15:peer INFO 4438.218146143491: Received message <GossipMessage:18_1> from Peer_3:peer
Peer_15:peer INFO 4438.218146143491: Sending message <GossipMessage:18_1> to Peer_13:peer
Peer_15:peer INFO 4438.218146143491: Sending message <GossipMessage:18_1> to Peer_24:peer
Peer_15:peer INFO 4438.218146143491: Sending message <GossipMessage:18_1> to Peer_14:peer
Peer_15:peer INFO 4438.2497273223935: Received message <GossipMessage:18_1> from Peer_3:peer
Peer_15:peer INFO 4438.2497273223935: Sending message <GossipMessage:18_1> to Peer_13:peer
Peer_15:peer INFO 4438.2497273223935: Sending message <GossipMessage:18_1> to Peer_4:peer
Peer_15:peer INFO 4438.2497273223935: Sending message <GossipMessage:18_1> to Peer_6:peer
Peer_15:peer INFO 4438.482132153935: Received message <GossipMessage:18_1> from Peer_14:peer
Peer_15:peer INFO 4499.298683855885: Received message <GossipMessage:17_1> from Peer_4:peer
Peer_15:peer INFO 4510.057693636394: Received message <GossipMessage:18_1> from Peer_24:peer
Peer_15:peer INFO 4510.057693636394: Sending message <GossipMessage:18_1> to Peer_6:peer
Peer_15:peer INFO 4510.057693636394: Sending message <GossipMessage:18_1> to Peer_3:peer
Peer_15:peer INFO 4510.057693636394: Sending message <GossipMessage:18_1> to Peer_13:peer
Peer_15:peer INFO 4511.5745182969695: Received message <GossipMessage:18_1> from Peer_6:peer
Peer_15:peer INFO 4537.127801055995: Received message <Ping:> from Peer_1:client
Peer_15:peer INFO 4537.127801055995: Sending message <Pong:> to Peer_1:client
Peer_15:peer INFO 4543.676157073425: Received message <GossipMessage:18_1> from Peer_13:peer
Peer_15:peer INFO 4543.676157073425: Sending message <GossipMessage:18_1> to Peer_3:peer
Peer_15:peer INFO 4543.676157073425: Sending message <GossipMessage:18_1> to Peer_4:peer
Peer_15:peer INFO 4543.676157073425: Sending message <GossipMessage:18_1> to Peer_6:peer
Peer_15:peer INFO 4543.832706716243: Received message <GossipMessage:18_1> from Peer_4:peer
Peer_15:peer INFO 4543.832706716243: Sending message <GossipMessage:18_1> to Peer_14:peer
Peer_15:peer INFO 4543.832706716243: Sending message <GossipMessage:18_1> to Peer_6:peer
Peer_15:peer INFO 4543.832706716243: Sending message <GossipMessage:18_1> to Peer_3:peer
Peer_15:peer INFO 4543.95311982253: Received message <GossipMessage:18_1> from Peer_4:peer
Peer_15:peer INFO 4543.95311982253: Sending message <GossipMessage:18_1> to Peer_24:peer
Peer_15:peer INFO 4543.95311982253: Sending message <GossipMessage:18_1> to Peer_14:peer
Peer_15:peer INFO 4543.95311982253: Sending message <GossipMessage:18_1> to Peer_6:peer
Peer_15:peer INFO 4544.102243408073: Received message <GossipMessage:18_1> from Peer_13:peer
Peer_15:peer INFO 4544.216128713315: Received message <GossipMessage:18_1> from Peer_3:peer
Peer_15:peer INFO 4544.431139663689: Received message <GossipMessage:18_1> from Peer_4:peer
Peer_15:peer INFO 4592.229840044643: Received message <GossipMessage:18_1> from Peer_13:peer
Peer_15:peer INFO 4592.272382185285: Received message <GossipMessage:18_1> from Peer_14:peer
Peer_15:peer INFO 4593.804936570069: Received message <GossipMessage:18_1> from Peer_13:peer
Peer_15:peer INFO 4593.804936570069: Sending message <GossipMessage:18_1> to Peer_24:peer
Peer_15:peer INFO 4593.804936570069: Sending message <GossipMessage:18_1> to Peer_6:peer
Peer_15:peer INFO 4593.804936570069: Sending message <GossipMessage:18_1> to Peer_3:peer
Peer_15:peer INFO 4617.101078585931: Received message <GossipMessage:18_1> from Peer_24:peer
Peer_15:peer INFO 4617.351732420976: Received message <GossipMessage:18_1> from Peer_24:peer
Peer_15:peer INFO 4636.95850474272: Received message <GossipMessage:19_1> from Peer_1:client
Peer_15:peer INFO 4636.95850474272: Sending message <GossipMessage:19_1> to Peer_24:peer
Peer_15:peer INFO 4636.95850474272: Sending message <GossipMessage:19_1> to Peer_14:peer
Peer_15:peer INFO 4636.95850474272: Sending message <GossipMessage:19_1> to Peer_13:peer
Peer_15:peer INFO 4637.300413440719: Received message <GossipMessage:19_1> from Peer_14:peer
Peer_15:peer INFO 4637.300413440719: Sending message <GossipMessage:19_1> to Peer_24:peer
Peer_15:peer INFO 4637.300413440719: Sending message <GossipMessage:19_1> to Peer_13:peer
Peer_15:peer INFO 4637.300413440719: Sending message <GossipMessage:19_1> to Peer_4:peer
Peer_15:peer INFO 4637.590486845153: Received message <GossipMessage:19_1> from Peer_3:peer
Peer_15:peer INFO 4637.590486845153: Sending message <GossipMessage:19_1> to Peer_24:peer
Peer_15:peer INFO 4637.590486845153: Sending message <GossipMessage:19_1> to Peer_6:peer
Peer_15:peer INFO 4637.590486845153: Sending message <GossipMessage:19_1> to Peer_13:peer
Peer_15:peer INFO 4637.652381583739: Received message <GossipMessage:19_1> from Peer_14:peer
Peer_15:peer INFO 4637.777121281668: Received message <GossipMessage:19_1> from Peer_3:peer
Peer_15:peer INFO 4708.614086412578: Received message <GossipMessage:19_1> from Peer_6:peer
Peer_15:peer INFO 4709.480010602933: Received message <GossipMessage:19_1> from Peer_24:peer
Peer_15:peer INFO 4709.480010602933: Sending message <GossipMessage:19_1> to Peer_3:peer
Peer_15:peer INFO 4709.480010602933: Sending message <GossipMessage:19_1> to Peer_14:peer
Peer_15:peer INFO 4709.480010602933: Sending message <GossipMessage:19_1> to Peer_13:peer
Peer_15:peer INFO 4709.898814546427: Received message <GossipMessage:19_1> from Peer_6:peer
Peer_15:peer INFO 4710.143195886354: Received message <GossipMessage:19_1> from Peer_6:peer
Peer_15:peer INFO 4710.476202748403: Received message <GossipMessage:19_1> from Peer_24:peer
Peer_15:peer INFO 4710.476202748403: Sending message <GossipMessage:19_1> to Peer_3:peer
Peer_15:peer INFO 4710.476202748403: Sending message <GossipMessage:19_1> to Peer_6:peer
Peer_15:peer INFO 4710.476202748403: Sending message <GossipMessage:19_1> to Peer_14:peer
Peer_15:peer INFO 4710.69871632017: Received message <GossipMessage:19_1> from Peer_24:peer
Peer_15:peer INFO 4710.69871632017: Sending message <GossipMessage:19_1> to Peer_13:peer
Peer_15:peer INFO 4710.69871632017: Sending message <GossipMessage:19_1> to Peer_6:peer
Peer_15:peer INFO 4710.69871632017: Sending message <GossipMessage:19_1> to Peer_14:peer
Peer_15:peer INFO 4743.800754262241: Received message <GossipMessage:19_1> from Peer_4:peer
Peer_15:peer INFO 4743.800754262241: Sending message <GossipMessage:19_1> to Peer_14:peer
Peer_15:peer INFO 4743.800754262241: Sending message <GossipMessage:19_1> to Peer_24:peer
Peer_15:peer INFO 4743.800754262241: Sending message <GossipMessage:19_1> to Peer_3:peer
Peer_15:peer INFO 4744.049555810589: Received message <GossipMessage:19_1> from Peer_4:peer
Peer_15:peer INFO 4744.049555810589: Sending message <GossipMessage:19_1> to Peer_14:peer
Peer_15:peer INFO 4744.049555810589: Sending message <GossipMessage:19_1> to Peer_6:peer
Peer_15:peer INFO 4744.049555810589: Sending message <GossipMessage:19_1> to Peer_24:peer
Peer_15:peer INFO 4744.082571728773: Received message <GossipMessage:19_1> from Peer_14:peer
Peer_15:peer INFO 4744.082571728773: Sending message <GossipMessage:19_1> to Peer_24:peer
Peer_15:peer INFO 4744.082571728773: Sending message <GossipMessage:19_1> to Peer_3:peer
Peer_15:peer INFO 4744.082571728773: Sending message <GossipMessage:19_1> to Peer_4:peer
Peer_15:peer INFO 4744.082774777384: Received message <GossipMessage:19_1> from Peer_13:peer
Peer_15:peer INFO 4744.38204037244: Received message <GossipMessage:19_1> from Peer_4:peer
Peer_15:peer INFO 4744.404889387194: Received message <GossipMessage:19_1> from Peer_3:peer
Peer_15:peer INFO 4744.506141352919: Received message <GossipMessage:19_1> from Peer_4:peer
Peer_15:peer INFO 4793.275192000513: Received message <GossipMessage:19_1> from Peer_13:peer
Peer_15:peer INFO 4793.287641137339: Received message <GossipMessage:19_1> from Peer_14:peer
Peer_15:peer INFO 4793.382508411881: Received message <GossipMessage:19_1> from Peer_4:peer
Peer_15:peer INFO 4794.33187441683: Received message <GossipMessage:19_1> from Peer_13:peer
Peer_15:peer INFO 4794.33187441683: Sending message <GossipMessage:19_1> to Peer_4:peer
Peer_15:peer INFO 4794.33187441683: Sending message <GossipMessage:19_1> to Peer_24:peer
Peer_15:peer INFO 4794.33187441683: Sending message <GossipMessage:19_1> to Peer_3:peer
Peer_15:peer INFO 4794.62130644515: Received message <GossipMessage:19_1> from Peer_4:peer
Peer_15:peer INFO 4794.690301635743: Received message <GossipMessage:19_1> from Peer_14:peer
Peer_15:peer INFO 4818.9098862823685: Received message <GossipMessage:19_1> from Peer_24:peer
Peer_15:peer INFO 4836.914784785322: Received message <GossipMessage:20_1> from Peer_14:peer
Peer_15:peer INFO 4836.914784785322: Sending message <GossipMessage:20_1> to Peer_6:peer
Peer_15:peer INFO 4836.914784785322: Sending message <GossipMessage:20_1> to Peer_24:peer
Peer_15:peer INFO 4836.914784785322: Sending message <GossipMessage:20_1> to Peer_13:peer
Peer_15:peer INFO 4837.297059193668: Received message <GossipMessage:20_1> from Peer_6:peer
Peer_15:peer INFO 4837.297059193668: Sending message <GossipMessage:20_1> to Peer_3:peer
Peer_15:peer INFO 4837.297059193668: Sending message <GossipMessage:20_1> to Peer_4:peer
Peer_15:peer INFO 4837.297059193668: Sending message <GossipMessage:20_1> to Peer_24:peer
Peer_15:peer INFO 4837.5792641669705: Received message <GossipMessage:20_1> from Peer_24:peer
Peer_15:peer INFO 4837.5792641669705: Sending message <GossipMessage:20_1> to Peer_6:peer
Peer_15:peer INFO 4837.5792641669705: Sending message <GossipMessage:20_1> to Peer_14:peer
Peer_15:peer INFO 4837.5792641669705: Sending message <GossipMessage:20_1> to Peer_4:peer
Peer_15:peer INFO 4838.370934047791: Received message <GossipMessage:20_1> from Peer_3:peer
Peer_15:peer INFO 4838.370934047791: Sending message <GossipMessage:20_1> to Peer_4:peer
Peer_15:peer INFO 4838.370934047791: Sending message <GossipMessage:20_1> to Peer_6:peer
Peer_15:peer INFO 4838.370934047791: Sending message <GossipMessage:20_1> to Peer_14:peer
Peer_15:peer INFO 4838.496370843217: Received message <GossipMessage:20_1> from Peer_14:peer
Peer_15:peer INFO 4909.983602610386: Received message <GossipMessage:20_1> from Peer_24:peer
Peer_15:peer INFO 4910.868919965508: Received message <GossipMessage:20_1> from Peer_6:peer
Peer_15:peer INFO 4943.390984052491: Received message <GossipMessage:20_1> from Peer_13:peer
Peer_15:peer INFO 4943.390984052491: Sending message <GossipMessage:20_1> to Peer_14:peer
Peer_15:peer INFO 4943.390984052491: Sending message <GossipMessage:20_1> to Peer_6:peer
Peer_15:peer INFO 4943.390984052491: Sending message <GossipMessage:20_1> to Peer_24:peer
Peer_15:peer INFO 4943.991447320391: Received message <GossipMessage:20_1> from Peer_4:peer
Peer_15:peer INFO 4944.018994018452: Received message <GossipMessage:20_1> from Peer_6:peer
Peer_15:peer INFO 4992.75117859988: Received message <GossipMessage:20_1> from Peer_13:peer
Peer_15:peer INFO 4992.75117859988: Sending message <GossipMessage:20_1> to Peer_24:peer
Peer_15:peer INFO 4992.75117859988: Sending message <GossipMessage:20_1> to Peer_3:peer
Peer_15:peer INFO 4992.75117859988: Sending message <GossipMessage:20_1> to Peer_14:peer
Peer_15:peer INFO 4993.104313875433: Received message <GossipMessage:20_1> from Peer_4:peer
Peer_15:peer INFO 4993.344879477704: Received message <GossipMessage:20_1> from Peer_13:peer
Peer_15:peer INFO 5000: Sending message <Ping:> to Peer_26:bootstrap
Peer_15:peer INFO 5017.584523789889: Received message <GossipMessage:20_1> from Peer_24:peer
Peer_15:peer INFO 5017.784454899193: Received message <GossipMessage:20_1> from Peer_24:peer
Peer_15:peer INFO 5036.614267696142: Received message <GossipMessage:21_1> from Peer_6:peer
Peer_15:peer INFO 5036.614267696142: Sending message <GossipMessage:21_1> to Peer_3:peer
Peer_15:peer INFO 5036.614267696142: Sending message <GossipMessage:21_1> to Peer_14:peer
Peer_15:peer INFO 5036.614267696142: Sending message <GossipMessage:21_1> to Peer_4:peer
Peer_15:peer INFO 5036.952877338936: Received message <GossipMessage:21_1> from Peer_3:peer
Peer_15:peer INFO 5036.952877338936: Sending message <GossipMessage:21_1> to Peer_13:peer
Peer_15:peer INFO 5036.952877338936: Sending message <GossipMessage:21_1> to Peer_14:peer
Peer_15:peer INFO 5036.952877338936: Sending message <GossipMessage:21_1> to Peer_4:peer
Peer_15:peer INFO 5036.983667819201: Received message <GossipMessage:21_1> from Peer_6:peer
Peer_15:peer INFO 5036.983667819201: Sending message <GossipMessage:21_1> to Peer_24:peer
Peer_15:peer INFO 5036.983667819201: Sending message <GossipMessage:21_1> to Peer_14:peer
Peer_15:peer INFO 5036.983667819201: Sending message <GossipMessage:21_1> to Peer_3:peer
Peer_15:peer INFO 5037.144322978599: Received message <GossipMessage:21_1> from Peer_1:client
Peer_15:peer INFO 5037.144322978599: Sending message <GossipMessage:21_1> to Peer_3:peer
Peer_15:peer INFO 5037.144322978599: Sending message <GossipMessage:21_1> to Peer_13:peer
Peer_15:peer INFO 5037.144322978599: Sending message <GossipMessage:21_1> to Peer_14:peer
Peer_15:peer INFO 5037.190969850083: Received message <GossipMessage:21_1> from Peer_14:peer
Peer_15:peer INFO 5037.464397310318: Received message <GossipMessage:21_1> from Peer_14:peer
Peer_15:peer INFO 5037.464397310318: Sending message <GossipMessage:21_1> to Peer_13:peer
Peer_15:peer INFO 5037.464397310318: Sending message <GossipMessage:21_1> to Peer_4:peer
Peer_15:peer INFO 5037.464397310318: Sending message <GossipMessage:21_1> to Peer_3:peer
Peer_15:peer INFO 5037.576564395069: Received message <Ping:> from Peer_26:bootstrap
Peer_15:peer INFO 5037.576564395069: Sending message <Pong:> to Peer_26:bootstrap
Peer_15:peer INFO 5037.990899408278: Received message <GossipMessage:21_1> from Peer_3:peer
Peer_15:peer INFO 5038.020573241569: Received message <GossipMessage:21_1> from Peer_14:peer
Peer_15:peer INFO 5038.138561113776: Received message <GossipMessage:21_1> from Peer_14:peer
Peer_15:peer INFO 5073.943553516181: Received message <Pong:> from Peer_26:bootstrap
Peer_15:peer INFO 5099.4156249408: Received message <GossipMessage:20_1> from Peer_4:peer
Peer_15:peer INFO 5108.694460297943: Received message <GossipMessage:21_1> from Peer_24:peer
Peer_15:peer INFO 5108.694460297943: Sending message <GossipMessage:21_1> to Peer_6:peer
Peer_15:peer INFO 5108.694460297943: Sending message <GossipMessage:21_1> to Peer_4:peer
Peer_15:peer INFO 5108.694460297943: Sending message <GossipMessage:21_1> to Peer_13:peer
Peer_15:peer INFO 5108.902197350276: Received message <GossipMessage:21_1> from Peer_24:peer
Peer_15:peer INFO 5108.902197350276: Sending message <GossipMessage:21_1> to Peer_14:peer
Peer_15:peer INFO 5108.902197350276: Sending message <GossipMessage:21_1> to Peer_4:peer
Peer_15:peer INFO 5108.902197350276: Sending message <GossipMessage:21_1> to Peer_3:peer
Peer_15:peer INFO 5109.593810884334: Received message <GossipMessage:21_1> from Peer_24:peer
Peer_15:peer INFO 5110.119311133187: Received message <GossipMessage:21_1> from Peer_24:peer
Peer_15:peer INFO 5143.840942293024: Received message <GossipMessage:21_1> from Peer_6:peer
Peer_15:peer INFO 5144.265545942373: Received message <GossipMessage:21_1> from Peer_3:peer
Peer_15:peer INFO 5144.458290297559: Received message <GossipMessage:21_1> from Peer_4:peer
Peer_15:peer INFO 5193.278683950003: Received message <GossipMessage:21_1> from Peer_13:peer
Peer_15:peer INFO 5193.278683950003: Sending message <GossipMessage:21_1> to Peer_14:peer
Peer_15:peer INFO 5193.278683950003: Sending message <GossipMessage:21_1> to Peer_4:peer
Peer_15:peer INFO 5193.278683950003: Sending message <GossipMessage:21_1> to Peer_6:peer
Peer_15:peer INFO 5193.407960363623: Received message <GossipMessage:21_1> from Peer_13:peer
Peer_15:peer INFO 5193.4529603438905: Received message <GossipMessage:21_1> from Peer_4:peer
Peer_15:peer INFO 5193.463587989863: Received message <GossipMessage:21_1> from Peer_4:peer
Peer_15:peer INFO 5193.547956666659: Received message <GossipMessage:21_1> from Peer_14:peer
