Peer_17:peer WARNING 0: Not enough peers, fetching more (0, 4)
Peer_17:peer INFO 65.55879668318909: Connecting to Peer_26:bootstrap
Peer_17:peer INFO 130.83238026844882: Received message <RequestPeers:> from Peer_26:bootstrap
Peer_17:peer INFO 130.83238026844882: Sending message <PeerList> to Peer_26:bootstrap
Peer_17:peer INFO 130.8646664149025: Received message <Hello:> from Peer_26:bootstrap
Peer_17:peer WARNING 500: Not enough peers, fetching more (1, 4)
Peer_17:peer INFO 500: Sending message <RequestPeers:> to Peer_26:bootstrap
Peer_17:peer INFO 631.2584296561203: Received message <PeerList> from Peer_26:bootstrap
Peer_17:peer WARNING 1000: Not enough peers, fetching more (1, 4)
Peer_17:peer INFO 1000: Sending message <RequestPeers:> to Peer_26:bootstrap
Peer_17:peer INFO 1065.5017956548043: Received message <Hello:> from Peer_12:peer
Peer_17:peer INFO 1065.5017956548043: Connecting to Peer_12:peer
Peer_17:peer INFO 1065.5017956548043: Sending message <Hello:> to Peer_12:peer
Peer_17:peer INFO 1065.5017956548043: Sending message <RequestPeers:> to Peer_12:peer
Peer_17:peer INFO 1077.8708599968263: Received message <Hello:> from Peer_25:peer
Peer_17:peer INFO 1077.8708599968263: Connecting to Peer_25:peer
Peer_17:peer INFO 1077.8708599968263: Sending message <Hello:> to Peer_25:peer
Peer_17:peer INFO 1077.8708599968263: Sending message <RequestPeers:> to Peer_25:peer
Peer_17:peer INFO 1077.9763019893605: Received message <Hello:> from Peer_5:peer
Peer_17:peer INFO 1077.9763019893605: Connecting to Peer_5:peer
Peer_17:peer INFO 1077.9763019893605: Sending message <Hello:> to Peer_5:peer
Peer_17:peer INFO 1077.9763019893605: Sending message <RequestPeers:> to Peer_5:peer
Peer_17:peer INFO 1078.0560694815676: Received message <Hello:> from Peer_8:peer
Peer_17:peer INFO 1078.0560694815676: Connecting to Peer_8:peer
Peer_17:peer INFO 1078.0560694815676: Sending message <Hello:> to Peer_8:peer
Peer_17:peer INFO 1078.0560694815676: Sending message <RequestPeers:> to Peer_8:peer
Peer_17:peer INFO 1130.844061843547: Received message <PeerList> from Peer_26:bootstrap
Peer_17:peer INFO 1196.6216321889656: Received message <PeerList> from Peer_12:peer
Peer_17:peer INFO 1233.9505520769085: Received message <PeerList> from Peer_25:peer
Peer_17:peer INFO 1233.9725213774784: Received message <PeerList> from Peer_5:peer
Peer_17:peer INFO 1234.0805856763473: Received message <PeerList> from Peer_8:peer
Peer_17:peer INFO 1421.4032976162594: Received message <GossipMessage:2_1> from Peer_8:peer
Peer_17:peer INFO 1421.4032976162594: Sending message <GossipMessage:2_1> to Peer_12:peer
Peer_17:peer INFO 1421.4032976162594: Sending message <GossipMessage:2_1> to Peer_5:peer
Peer_17:peer INFO 1421.4032976162594: Sending message <GossipMessage:2_1> to Peer_25:peer
Peer_17:peer INFO 1565.4526874010796: Received message <RequestPeers:> from Peer_12:peer
Peer_17:peer INFO 1565.4526874010796: Sending message <PeerList> to Peer_12:peer
Peer_17:peer INFO 1565.5420625767617: Received message <Hello:> from Peer_2:peer
Peer_17:peer INFO 1565.5420625767617: Connecting to Peer_2:peer
Peer_17:peer INFO 1565.5420625767617: Sending message <Hello:> to Peer_2:peer
Peer_17:peer INFO 1565.5420625767617: Sending message <RequestPeers:> to Peer_2:peer
Peer_17:peer INFO 1577.9431129781374: Received message <RequestPeers:> from Peer_25:peer
Peer_17:peer INFO 1577.9431129781374: Sending message <PeerList> to Peer_25:peer
Peer_17:peer INFO 1621.7044576775063: Received message <GossipMessage:3_1> from Peer_8:peer
Peer_17:peer INFO 1621.7044576775063: Sending message <GossipMessage:3_1> to Peer_2:peer
Peer_17:peer INFO 1621.7044576775063: Sending message <GossipMessage:3_1> to Peer_25:peer
Peer_17:peer INFO 1621.7044576775063: Sending message <GossipMessage:3_1> to Peer_12:peer
Peer_17:peer INFO 1696.7245635231052: Received message <PeerList> from Peer_2:peer
Peer_17:peer INFO 1714.9490535311766: Received message <GossipMessage:4_1> from Peer_8:peer
Peer_17:peer INFO 1714.9490535311766: Sending message <GossipMessage:4_1> to Peer_5:peer
Peer_17:peer INFO 1714.9490535311766: Sending message <GossipMessage:4_1> to Peer_12:peer
Peer_17:peer INFO 1714.9490535311766: Sending message <GossipMessage:4_1> to Peer_25:peer
Peer_17:peer INFO 1738.8387536266184: Received message <GossipMessage:4_1> from Peer_2:peer
Peer_17:peer INFO 1788.0714654436129: Received message <GossipMessage:4_1> from Peer_8:peer
Peer_17:peer INFO 1789.5862123072675: Received message <GossipMessage:4_1> from Peer_8:peer
Peer_17:peer INFO 1821.6477550502325: Received message <GossipMessage:4_1> from Peer_8:peer
Peer_17:peer INFO 1821.6477550502325: Sending message <GossipMessage:4_1> to Peer_12:peer
Peer_17:peer INFO 1821.6477550502325: Sending message <GossipMessage:4_1> to Peer_25:peer
Peer_17:peer INFO 1821.6477550502325: Sending message <GossipMessage:4_1> to Peer_5:peer
Peer_17:peer INFO 1821.8592284314484: Received message <GossipMessage:4_1> from Peer_5:peer
Peer_17:peer INFO 1915.6386719622676: Received message <GossipMessage:5_1> from Peer_8:peer
Peer_17:peer INFO 1915.6386719622676: Sending message <GossipMessage:5_1> to Peer_25:peer
Peer_17:peer INFO 1915.6386719622676: Sending message <GossipMessage:5_1> to Peer_2:peer
Peer_17:peer INFO 1915.6386719622676: Sending message <GossipMessage:5_1> to Peer_12:peer
Peer_17:peer INFO 1940.036740213848: Received message <GossipMessage:5_1> from Peer_2:peer
Peer_17:peer INFO 1988.4709536485798: Received message <GossipMessage:5_1> from Peer_8:peer
Peer_17:peer INFO 1989.6769042433637: Received message <GossipMessage:5_1> from Peer_8:peer
Peer_17:peer INFO 2000: Sending message <Ping:> to Peer_26:bootstrap
Peer_17:peer INFO 2021.362066821938: Received message <GossipMessage:5_1> from Peer_8:peer
Peer_17:peer INFO 2021.362066821938: Sending message <GossipMessage:5_1> to Peer_5:peer
Peer_17:peer INFO 2021.362066821938: Sending message <GossipMessage:5_1> to Peer_25:peer
Peer_17:peer INFO 2021.362066821938: Sending message <GossipMessage:5_1> to Peer_2:peer
Peer_17:peer INFO 2021.6562492342366: Received message <GossipMessage:5_1> from Peer_5:peer
Peer_17:peer INFO 2065.3956260916802: Received message <Ping:> from Peer_26:bootstrap
Peer_17:peer INFO 2065.3956260916802: Sending message <Pong:> to Peer_26:bootstrap
Peer_17:peer INFO 2077.9640353723034: Received message <Ping:> from Peer_8:peer
Peer_17:peer INFO 2077.9640353723034: Sending message <Pong:> to Peer_8:peer
Peer_17:peer INFO 2116.958047951327: Received message <GossipMessage:6_1> from Peer_8:peer
Peer_17:peer INFO 2116.958047951327: Sending message <GossipMessage:6_1> to Peer_25:peer
Peer_17:peer INFO 2116.958047951327: Sending message <GossipMessage:6_1> to Peer_2:peer
Peer_17:peer INFO 2116.958047951327: Sending message <GossipMessage:6_1> to Peer_5:peer
Peer_17:peer INFO 2130.9569363877545: Received message <Pong:> from Peer_26:bootstrap
Peer_17:peer INFO 2138.440557835067: Received message <GossipMessage:6_1> from Peer_2:peer
Peer_17:peer INFO 2188.6379072000736: Received message <GossipMessage:6_1> from Peer_8:peer
Peer_17:peer INFO 2188.716526100785: Received message <GossipMessage:6_1> from Peer_8:peer
Peer_17:peer INFO 2221.552105458094: Received message <GossipMessage:6_1> from Peer_8:peer
Peer_17:peer INFO 2221.552105458094: Sending message <GossipMessage:6_1> to Peer_2:peer
Peer_17:peer INFO 2221.552105458094: Sending message <GossipMessage:6_1> to Peer_12:peer
Peer_17:peer INFO 2221.552105458094: Sending message <GossipMessage:6_1> to Peer_25:peer
Peer_17:peer INFO 2222.0153279519063: Received message <GossipMessage:6_1> from Peer_5:peer
Peer_17:peer INFO 2265.939881399864: Received message <GossipMessage:7_1> from Peer_12:peer
Peer_17:peer INFO 2265.939881399864: Sending message <GossipMessage:7_1> to Peer_25:peer
Peer_17:peer INFO 2265.939881399864: Sending message <GossipMessage:7_1> to Peer_2:peer
Peer_17:peer INFO 2265.939881399864: Sending message <GossipMessage:7_1> to Peer_8:peer
Peer_17:peer INFO 2315.7184564612867: Received message <GossipMessage:7_1> from Peer_25:peer
Peer_17:peer INFO 2315.7184564612867: Sending message <GossipMessage:7_1> to Peer_2:peer
Peer_17:peer INFO 2315.7184564612867: Sending message <GossipMessage:7_1> to Peer_5:peer
Peer_17:peer INFO 2315.7184564612867: Sending message <GossipMessage:7_1> to Peer_8:peer
Peer_17:peer INFO 2316.0560446570757: Received message <GossipMessage:7_1> from Peer_5:peer
Peer_17:peer INFO 2317.212092770286: Received message <GossipMessage:7_1> from Peer_8:peer
Peer_17:peer INFO 2317.212092770286: Sending message <GossipMessage:7_1> to Peer_12:peer
Peer_17:peer INFO 2317.212092770286: Sending message <GossipMessage:7_1> to Peer_5:peer
Peer_17:peer INFO 2317.212092770286: Sending message <GossipMessage:7_1> to Peer_25:peer
Peer_17:peer INFO 2338.84180680408: Received message <GossipMessage:7_1> from Peer_2:peer
Peer_17:peer INFO 2389.491271597104: Received message <GossipMessage:7_1> from Peer_8:peer
Peer_17:peer INFO 2421.268798723795: Received message <GossipMessage:7_1> from Peer_8:peer
Peer_17:peer INFO 2421.268798723795: Sending message <GossipMessage:7_1> to Peer_25:peer
Peer_17:peer INFO 2421.268798723795: Sending message <GossipMessage:7_1> to Peer_2:peer
Peer_17:peer INFO 2421.268798723795: Sending message <GossipMessage:7_1> to Peer_12:peer
Peer_17:peer INFO 2421.482217723715: Received message <GossipMessage:7_1> from Peer_5:peer
Peer_17:peer INFO 2465.9866314354686: Received message <GossipMessage:8_1> from Peer_12:peer
Peer_17:peer INFO 2465.9866314354686: Sending message <GossipMessage:8_1> to Peer_8:peer
Peer_17:peer INFO 2465.9866314354686: Sending message <GossipMessage:8_1> to Peer_2:peer
Peer_17:peer INFO 2465.9866314354686: Sending message <GossipMessage:8_1> to Peer_25:peer
Peer_17:peer INFO 2500.281991666722: Received message <Hello:> from Peer_9:peer
Peer_17:peer INFO 2500.281991666722: Connecting to Peer_9:peer
Peer_17:peer INFO 2500.281991666722: Sending message <Hello:> to Peer_9:peer
Peer_17:peer INFO 2500.281991666722: Sending message <RequestPeers:> to Peer_9:peer
Peer_17:peer INFO 2500.821433037545: Received message <PeerList> from Peer_9:peer
Peer_17:peer INFO 2515.2376433914665: Received message <GossipMessage:8_1> from Peer_8:peer
Peer_17:peer INFO 2515.2376433914665: Sending message <GossipMessage:8_1> to Peer_2:peer
Peer_17:peer INFO 2515.2376433914665: Sending message <GossipMessage:8_1> to Peer_9:peer
Peer_17:peer INFO 2515.2376433914665: Sending message <GossipMessage:8_1> to Peer_5:peer
Peer_17:peer INFO 2516.269347892001: Received message <GossipMessage:8_1> from Peer_25:peer
Peer_17:peer INFO 2516.269347892001: Sending message <GossipMessage:8_1> to Peer_2:peer
Peer_17:peer INFO 2516.269347892001: Sending message <GossipMessage:8_1> to Peer_12:peer
Peer_17:peer INFO 2516.269347892001: Sending message <GossipMessage:8_1> to Peer_9:peer
Peer_17:peer INFO 2516.455911144084: Received message <GossipMessage:8_1> from Peer_5:peer
Peer_17:peer INFO 2539.8201276578884: Received message <GossipMessage:8_1> from Peer_2:peer
Peer_17:peer INFO 2588.965526665646: Received message <GossipMessage:8_1> from Peer_8:peer
Peer_17:peer INFO 2621.563212981234: Received message <GossipMessage:8_1> from Peer_8:peer
Peer_17:peer INFO 2621.563212981234: Sending message <GossipMessage:8_1> to Peer_5:peer
Peer_17:peer INFO 2621.563212981234: Sending message <GossipMessage:8_1> to Peer_9:peer
Peer_17:peer INFO 2621.563212981234: Sending message <GossipMessage:8_1> to Peer_25:peer
Peer_17:peer INFO 2621.7514233981187: Received message <GossipMessage:8_1> from Peer_5:peer
Peer_17:peer INFO 2666.045824796784: Received message <GossipMessage:9_1> from Peer_12:peer
Peer_17:peer INFO 2666.045824796784: Sending message <GossipMessage:9_1> to Peer_9:peer
Peer_17:peer INFO 2666.045824796784: Sending message <GossipMessage:9_1> to Peer_25:peer
Peer_17:peer INFO 2666.045824796784: Sending message <GossipMessage:9_1> to Peer_5:peer
Peer_17:peer INFO 2714.7332036353387: Received message <GossipMessage:9_1> from Peer_25:peer
Peer_17:peer INFO 2714.7332036353387: Sending message <GossipMessage:9_1> to Peer_9:peer
Peer_17:peer INFO 2714.7332036353387: Sending message <GossipMessage:9_1> to Peer_12:peer
Peer_17:peer INFO 2714.7332036353387: Sending message <GossipMessage:9_1> to Peer_5:peer
Peer_17:peer INFO 2715.04369181825: Received message <GossipMessage:9_1> from Peer_5:peer
Peer_17:peer INFO 2715.1672793619377: Received message <GossipMessage:9_1> from Peer_9:peer
Peer_17:peer INFO 2715.366593681643: Received message <GossipMessage:9_1> from Peer_8:peer
Peer_17:peer INFO 2715.529783575652: Received message <GossipMessage:9_1> from Peer_5:peer
Peer_17:peer INFO 2715.6085552556483: Received message <GossipMessage:9_1> from Peer_8:peer
Peer_17:peer INFO 2715.6085552556483: Sending message <GossipMessage:9_1> to Peer_9:peer
Peer_17:peer INFO 2715.6085552556483: Sending message <GossipMessage:9_1> to Peer_2:peer
Peer_17:peer INFO 2715.6085552556483: Sending message <GossipMessage:9_1> to Peer_5:peer
Peer_17:peer INFO 2716.0825792111286: Received message <GossipMessage:9_1> from Peer_5:peer
Peer_17:peer INFO 2716.0825792111286: Sending message <GossipMessage:9_1> to Peer_25:peer
Peer_17:peer INFO 2716.0825792111286: Sending message <GossipMessage:9_1> to Peer_12:peer
Peer_17:peer INFO 2716.0825792111286: Sending message <GossipMessage:9_1> to Peer_9:peer
Peer_17:peer INFO 2716.2752505046933: Received message <GossipMessage:9_1> from Peer_25:peer
Peer_17:peer INFO 2716.3122354732122: Received message <GossipMessage:9_1> from Peer_8:peer
Peer_17:peer INFO 2739.4389548873382: Received message <GossipMessage:9_1> from Peer_2:peer
Peer_17:peer INFO 2739.4389548873382: Sending message <GossipMessage:9_1> to Peer_25:peer
Peer_17:peer INFO 2739.4389548873382: Sending message <GossipMessage:9_1> to Peer_5:peer
Peer_17:peer INFO 2739.4389548873382: Sending message <GossipMessage:9_1> to Peer_9:peer
Peer_17:peer INFO 2739.8343548295725: Received message <GossipMessage:9_1> from Peer_9:peer
Peer_17:peer INFO 2740.013065282719: Received message <GossipMessage:9_1> from Peer_2:peer
Peer_17:peer INFO 2786.647957732098: Received message <GossipMessage:9_1> from Peer_8:peer
Peer_17:peer INFO 2821.59932013734: Received message <GossipMessage:9_1> from Peer_8:peer
Peer_17:peer INFO 2821.59932013734: Sending message <GossipMessage:9_1> to Peer_12:peer
Peer_17:peer INFO 2821.59932013734: Sending message <GossipMessage:9_1> to Peer_5:peer
Peer_17:peer INFO 2821.59932013734: Sending message <GossipMessage:9_1> to Peer_9:peer
Peer_17:peer INFO 2822.038106444801: Received message <GossipMessage:9_1> from Peer_5:peer
Peer_17:peer INFO 2865.859869601571: Received message <GossipMessage:10_1> from Peer_12:peer
Peer_17:peer INFO 2865.859869601571: Sending message <GossipMessage:10_1> to Peer_8:peer
Peer_17:peer INFO 2865.859869601571: Sending message <GossipMessage:10_1> to Peer_25:peer
Peer_17:peer INFO 2865.859869601571: Sending message <GossipMessage:10_1> to Peer_5:peer
Peer_17:peer INFO 2914.4780664043014: Received message <GossipMessage:10_1> from Peer_8:peer
Peer_17:peer INFO 2914.4780664043014: Sending message <GossipMessage:10_1> to Peer_9:peer
Peer_17:peer INFO 2914.4780664043014: Sending message <GossipMessage:10_1> to Peer_5:peer
Peer_17:peer INFO 2914.4780664043014: Sending message <GossipMessage:10_1> to Peer_25:peer
Peer_17:peer INFO 2914.9194057743925: Received message <GossipMessage:10_1> from Peer_5:peer
Peer_17:peer INFO 2914.9194057743925: Sending message <GossipMessage:10_1> to Peer_8:peer
Peer_17:peer INFO 2914.9194057743925: Sending message <GossipMessage:10_1> to Peer_25:peer
Peer_17:peer INFO 2914.9194057743925: Sending message <GossipMessage:10_1> to Peer_2:peer
Peer_17:peer INFO 2915.0910047202115: Received message <GossipMessage:10_1> from Peer_25:peer
Peer_17:peer INFO 2915.151107014641: Received message <GossipMessage:10_1> from Peer_8:peer
Peer_17:peer INFO 2915.266709216401: Received message <GossipMessage:10_1> from Peer_5:peer
Peer_17:peer INFO 2915.3660769188714: Received message <GossipMessage:10_1> from Peer_9:peer
Peer_17:peer INFO 2915.5945142802884: Received message <GossipMessage:10_1> from Peer_5:peer
Peer_17:peer INFO 2915.639262431168: Received message <GossipMessage:10_1> from Peer_25:peer
Peer_17:peer INFO 2915.639262431168: Sending message <GossipMessage:10_1> to Peer_8:peer
Peer_17:peer INFO 2915.639262431168: Sending message <GossipMessage:10_1> to Peer_2:peer
Peer_17:peer INFO 2915.639262431168: Sending message <GossipMessage:10_1> to Peer_12:peer
Peer_17:peer INFO 2915.8261361223854: Received message <GossipMessage:10_1> from Peer_5:peer
Peer_17:peer INFO 2938.1683864776046: Received message <GossipMessage:10_1> from Peer_2:peer
Peer_17:peer INFO 2938.445234942371: Received message <GossipMessage:10_1> from Peer_2:peer
Peer_17:peer INFO 2986.5851273763797: Received message <GossipMessage:10_1> from Peer_8:peer
Peer_17:peer INFO 2988.9731053046085: Received message <GossipMessage:10_1> from Peer_8:peer
Peer_17:peer INFO 3000: Sending message <Ping:> to Peer_26:bootstrap
Peer_17:peer INFO 3021.4803087753144: Received message <GossipMessage:10_1> from Peer_8:peer
Peer_17:peer INFO 3021.4803087753144: Sending message <GossipMessage:10_1> to Peer_25:peer
Peer_17:peer INFO 3021.4803087753144: Sending message <GossipMessage:10_1> to Peer_5:peer
Peer_17:peer INFO 3021.4803087753144: Sending message <GossipMessage:10_1> to Peer_9:peer
Peer_17:peer INFO 3021.8837815582497: Received message <GossipMessage:10_1> from Peer_5:peer
Peer_17:peer INFO 3065.4601010344068: Received message <Ping:> from Peer_26:bootstrap
Peer_17:peer INFO 3065.4601010344068: Sending message <Pong:> to Peer_26:bootstrap
Peer_17:peer INFO 3065.9336629703625: Received message <GossipMessage:11_1> from Peer_12:peer
Peer_17:peer INFO 3065.9336629703625: Sending message <GossipMessage:11_1> to Peer_2:peer
Peer_17:peer INFO 3065.9336629703625: Sending message <GossipMessage:11_1> to Peer_25:peer
Peer_17:peer INFO 3065.9336629703625: Sending message <GossipMessage:11_1> to Peer_8:peer
Peer_17:peer INFO 3114.2039948777824: Received message <GossipMessage:11_1> from Peer_8:peer
Peer_17:peer INFO 3114.2039948777824: Sending message <GossipMessage:11_1> to Peer_25:peer
Peer_17:peer INFO 3114.2039948777824: Sending message <GossipMessage:11_1> to Peer_5:peer
Peer_17:peer INFO 3114.2039948777824: Sending message <GossipMessage:11_1> to Peer_2:peer
Peer_17:peer INFO 3115.048945250734: Received message <GossipMessage:11_1> from Peer_5:peer
Peer_17:peer INFO 3115.3958620363287: Received message <GossipMessage:11_1> from Peer_8:peer
Peer_17:peer INFO 3115.433431610408: Received message <GossipMessage:11_1> from Peer_25:peer
Peer_17:peer INFO 3115.433431610408: Sending message <GossipMessage:11_1> to Peer_8:peer
Peer_17:peer INFO 3115.433431610408: Sending message <GossipMessage:11_1> to Peer_9:peer
Peer_17:peer INFO 3115.433431610408: Sending message <GossipMessage:11_1> to Peer_5:peer
Peer_17:peer INFO 3115.563712054798: Received message <GossipMessage:11_1> from Peer_5:peer
Peer_17:peer INFO 3115.688379400628: Received message <GossipMessage:11_1> from Peer_8:peer
Peer_17:peer INFO 3116.210705309103: Received message <GossipMessage:11_1> from Peer_8:peer
Peer_17:peer INFO 3116.210705309103: Sending message <GossipMessage:11_1> to Peer_9:peer
Peer_17:peer INFO 3116.210705309103: Sending message <GossipMessage:11_1> to Peer_12:peer
Peer_17:peer INFO 3116.210705309103: Sending message <GossipMessage:11_1> to Peer_2:peer
Peer_17:peer INFO 3130.972524346433: Received message <Pong:> from Peer_26:bootstrap
Peer_17:peer INFO 3138.6671048154426: Received message <GossipMessage:11_1> from Peer_2:peer
Peer_17:peer INFO 3138.6671048154426: Sending message <GossipMessage:11_1> to Peer_12:peer
Peer_17:peer INFO 3138.6671048154426: Sending message <GossipMessage:11_1> to Peer_5:peer
Peer_17:peer INFO 3138.6671048154426: Sending message <GossipMessage:11_1> to Peer_9:peer
Peer_17:peer INFO 3138.8491317851413: Received message <GossipMessage:11_1> from Peer_2:peer
Peer_17:peer INFO 3139.087309585591: Received message <GossipMessage:11_1> from Peer_9:peer
Peer_17:peer INFO 3139.617650184523: Received message <GossipMessage:11_1> from Peer_2:peer
Peer_17:peer INFO 3187.630544984051: Received message <GossipMessage:11_1> from Peer_8:peer
Peer_17:peer INFO 3188.4646657982435: Received message <GossipMessage:11_1> from Peer_8:peer
Peer_17:peer INFO 3188.914799632552: Received message <GossipMessage:11_1> from Peer_8:peer
Peer_17:peer INFO 3221.5237868163667: Received message <GossipMessage:11_1> from Peer_8:peer
Peer_17:peer INFO 3221.5237868163667: Sending message <GossipMessage:11_1> to Peer_5:peer
Peer_17:peer INFO 3221.5237868163667: Sending message <GossipMessage:11_1> to Peer_12:peer
Peer_17:peer INFO 3221.5237868163667: Sending message <GossipMessage:11_1> to Peer_9:peer
Peer_17:peer INFO 3221.888906144058: Received message <GossipMessage:11_1> from Peer_5:peer
Peer_17:peer INFO 3265.883931154495: Received message <GossipMessage:12_1> from Peer_12:peer
Peer_17:peer INFO 3265.883931154495: Sending message <GossipMessage:12_1> to Peer_2:peer
Peer_17:peer INFO 3265.883931154495: Sending message <GossipMessage:12_1> to Peer_25:peer
Peer_17:peer INFO 3265.883931154495: Sending message <GossipMessage:12_1> to Peer_9:peer
Peer_17:peer INFO 3314.678069288066: Received message <GossipMessage:12_1> from Peer_8:peer
Peer_17:peer INFO 3314.678069288066: Sending message <GossipMessage:12_1> to Peer_12:peer
Peer_17:peer INFO 3314.678069288066: Sending message <GossipMessage:12_1> to Peer_2:peer
Peer_17:peer INFO 3314.678069288066: Sending message <GossipMessage:12_1> to Peer_5:peer
Peer_17:peer INFO 3315.1094497639488: Received message <GossipMessage:12_1> from Peer_5:peer
Peer_17:peer INFO 3315.1094497639488: Sending message <GossipMessage:12_1> to Peer_12:peer
Peer_17:peer INFO 3315.1094497639488: Sending message <GossipMessage:12_1> to Peer_25:peer
Peer_17:peer INFO 3315.1094497639488: Sending message <GossipMessage:12_1> to Peer_8:peer
Peer_17:peer INFO 3315.3533357438396: Received message <GossipMessage:12_1> from Peer_8:peer
Peer_17:peer INFO 3315.4382258722735: Received message <GossipMessage:12_1> from Peer_25:peer
Peer_17:peer INFO 3315.5093586667604: Received message <GossipMessage:12_1> from Peer_9:peer
Peer_17:peer INFO 3315.6739788590085: Received message <GossipMessage:12_1> from Peer_25:peer
Peer_17:peer INFO 3315.6739788590085: Sending message <GossipMessage:12_1> to Peer_12:peer
Peer_17:peer INFO 3315.6739788590085: Sending message <GossipMessage:12_1> to Peer_2:peer
Peer_17:peer INFO 3315.6739788590085: Sending message <GossipMessage:12_1> to Peer_8:peer
Peer_17:peer INFO 3315.895472095177: Received message <GossipMessage:12_1> from Peer_5:peer
Peer_17:peer INFO 3338.9500806637493: Received message <GossipMessage:12_1> from Peer_2:peer
Peer_17:peer INFO 3338.9500806637493: Sending message <GossipMessage:12_1> to Peer_12:peer
Peer_17:peer INFO 3338.9500806637493: Sending message <GossipMessage:12_1> to Peer_8:peer
Peer_17:peer INFO 3338.9500806637493: Sending message <GossipMessage:12_1> to Peer_5:peer
Peer_17:peer INFO 3339.031165493173: Received message <GossipMessage:12_1> from Peer_9:peer
Peer_17:peer INFO 3339.2149806538296: Received message <GossipMessage:12_1> from Peer_2:peer
Peer_17:peer INFO 3386.738617776232: Received message <GossipMessage:12_1> from Peer_8:peer
Peer_17:peer INFO 3390.1850894402287: Received message <GossipMessage:12_1> from Peer_8:peer
Peer_17:peer INFO 3421.4310231099075: Received message <GossipMessage:12_1> from Peer_8:peer
Peer_17:peer INFO 3421.4310231099075: Sending message <GossipMessage:12_1> to Peer_5:peer
Peer_17:peer INFO 3421.4310231099075: Sending message <GossipMessage:12_1> to Peer_25:peer
Peer_17:peer INFO 3421.4310231099075: Sending message <GossipMessage:12_1> to Peer_9:peer
Peer_17:peer INFO 3421.562307858639: Received message <GossipMessage:12_1> from Peer_25:peer
Peer_17:peer INFO 3421.7900021225782: Received message <GossipMessage:12_1> from Peer_5:peer
Peer_17:peer INFO 3465.8812017423757: Received message <GossipMessage:13_1> from Peer_12:peer
Peer_17:peer INFO 3465.8812017423757: Sending message <GossipMessage:13_1> to Peer_8:peer
Peer_17:peer INFO 3465.8812017423757: Sending message <GossipMessage:13_1> to Peer_9:peer
Peer_17:peer INFO 3465.8812017423757: Sending message <GossipMessage:13_1> to Peer_25:peer
Peer_17:peer INFO 3514.959185714769: Received message <GossipMessage:13_1> from Peer_8:peer
Peer_17:peer INFO 3514.959185714769: Sending message <GossipMessage:13_1> to Peer_25:peer
Peer_17:peer INFO 3514.959185714769: Sending message <GossipMessage:13_1> to Peer_2:peer
Peer_17:peer INFO 3514.959185714769: Sending message <GossipMessage:13_1> to Peer_12:peer
Peer_17:peer INFO 3515.392864352575: Received message <GossipMessage:13_1> from Peer_5:peer
Peer_17:peer INFO 3515.4754646533197: Received message <GossipMessage:13_1> from Peer_25:peer
Peer_17:peer INFO 3515.4754646533197: Sending message <GossipMessage:13_1> to Peer_12:peer
Peer_17:peer INFO 3515.4754646533197: Sending message <GossipMessage:13_1> to Peer_5:peer
Peer_17:peer INFO 3515.4754646533197: Sending message <GossipMessage:13_1> to Peer_9:peer
Peer_17:peer INFO 3515.6745099699247: Received message <GossipMessage:13_1> from Peer_5:peer
Peer_17:peer INFO 3516.330036185277: Received message <GossipMessage:13_1> from Peer_5:peer
Peer_17:peer INFO 3516.330036185277: Sending message <GossipMessage:13_1> to Peer_25:peer
Peer_17:peer INFO 3516.330036185277: Sending message <GossipMessage:13_1> to Peer_9:peer
Peer_17:peer INFO 3516.330036185277: Sending message <GossipMessage:13_1> to Peer_2:peer
Peer_17:peer INFO 3516.612161222295: Received message <GossipMessage:13_1> from Peer_25:peer
Peer_17:peer INFO 3516.716775842529: Received message <GossipMessage:13_1> from Peer_5:peer
Peer_17:peer INFO 3538.0304594793456: Received message <GossipMessage:13_1> from Peer_2:peer
Peer_17:peer INFO 3538.981633107001: Received message <GossipMessage:13_1> from Peer_2:peer
Peer_17:peer INFO 3538.981633107001: Sending message <GossipMessage:13_1> to Peer_5:peer
Peer_17:peer INFO 3538.981633107001: Sending message <GossipMessage:13_1> to Peer_12:peer
Peer_17:peer INFO 3538.981633107001: Sending message <GossipMessage:13_1> to Peer_25:peer
Peer_17:peer INFO 3539.2780742877417: Received message <GossipMessage:13_1> from Peer_9:peer
Peer_17:peer INFO 3540.5079562179358: Received message <GossipMessage:13_1> from Peer_2:peer
Peer_17:peer INFO 3588.648025970669: Received message <GossipMessage:13_1> from Peer_8:peer
Peer_17:peer INFO 3589.3983777973344: Received message <GossipMessage:13_1> from Peer_8:peer
Peer_17:peer INFO 3596.666384823902: Received message <GossipMessage:13_1> from Peer_12:peer
Peer_17:peer INFO 3596.666384823902: Sending message <GossipMessage:13_1> to Peer_8:peer
Peer_17:peer INFO 3596.666384823902: Sending message <GossipMessage:13_1> to Peer_2:peer
Peer_17:peer INFO 3596.666384823902: Sending message <GossipMessage:13_1> to Peer_5:peer
Peer_17:peer INFO 3621.20157969689: Received message <GossipMessage:13_1> from Peer_8:peer
Peer_17:peer INFO 3621.20157969689: Sending message <GossipMessage:13_1> to Peer_9:peer
Peer_17:peer INFO 3621.20157969689: Sending message <GossipMessage:13_1> to Peer_2:peer
Peer_17:peer INFO 3621.20157969689: Sending message <GossipMessage:13_1> to Peer_25:peer
Peer_17:peer INFO 3621.41228127201: Received message <GossipMessage:13_1> from Peer_5:peer
Peer_17:peer INFO 3621.6432584456147: Received message <GossipMessage:13_1> from Peer_25:peer
Peer_17:peer INFO 3645.824642410275: Received message <GossipMessage:13_1> from Peer_25:peer
Peer_17:peer INFO 3666.01071795949: Received message <GossipMessage:14_1> from Peer_12:peer
Peer_17:peer INFO 3666.01071795949: Sending message <GossipMessage:14_1> to Peer_5:peer
Peer_17:peer INFO 3666.01071795949: Sending message <GossipMessage:14_1> to Peer_8:peer
Peer_17:peer INFO 3666.01071795949: Sending message <GossipMessage:14_1> to Peer_2:peer
Peer_17:peer INFO 3714.891305645808: Received message <GossipMessage:14_1> from Peer_25:peer
Peer_17:peer INFO 3714.891305645808: Sending message <GossipMessage:14_1> to Peer_8:peer
Peer_17:peer INFO 3714.891305645808: Sending message <GossipMessage:14_1> to Peer_9:peer
Peer_17:peer INFO 3714.891305645808: Sending message <GossipMessage:14_1> to Peer_2:peer
Peer_17:peer INFO 3715.035231233043: Received message <GossipMessage:14_1> from Peer_8:peer
Peer_17:peer INFO 3715.035231233043: Sending message <GossipMessage:14_1> to Peer_2:peer
Peer_17:peer INFO 3715.035231233043: Sending message <GossipMessage:14_1> to Peer_25:peer
Peer_17:peer INFO 3715.035231233043: Sending message <GossipMessage:14_1> to Peer_9:peer
Peer_17:peer INFO 3715.0552006847743: Received message <GossipMessage:14_1> from Peer_5:peer
Peer_17:peer INFO 3715.0552006847743: Sending message <GossipMessage:14_1> to Peer_8:peer
Peer_17:peer INFO 3715.0552006847743: Sending message <GossipMessage:14_1> to Peer_25:peer
Peer_17:peer INFO 3715.0552006847743: Sending message <GossipMessage:14_1> to Peer_12:peer
Peer_17:peer INFO 3715.3306498346033: Received message <GossipMessage:14_1> from Peer_8:peer
Peer_17:peer INFO 3715.3536830770904: Received message <GossipMessage:14_1> from Peer_25:peer
Peer_17:peer INFO 3716.023080723317: Received message <GossipMessage:14_1> from Peer_25:peer
Peer_17:peer INFO 3716.023080723317: Sending message <GossipMessage:14_1> to Peer_9:peer
Peer_17:peer INFO 3716.023080723317: Sending message <GossipMessage:14_1> to Peer_12:peer
Peer_17:peer INFO 3716.023080723317: Sending message <GossipMessage:14_1> to Peer_8:peer
Peer_17:peer INFO 3716.2411574873922: Received message <GossipMessage:14_1> from Peer_5:peer
Peer_17:peer INFO 3738.9154262910515: Received message <GossipMessage:14_1> from Peer_2:peer
Peer_17:peer INFO 3738.9154262910515: Sending message <GossipMessage:14_1> to Peer_12:peer
Peer_17:peer INFO 3738.9154262910515: Sending message <GossipMessage:14_1> to Peer_8:peer
Peer_17:peer INFO 3738.9154262910515: Sending message <GossipMessage:14_1> to Peer_25:peer
Peer_17:peer INFO 3739.206678636316: Received message <GossipMessage:14_1> from Peer_9:peer
Peer_17:peer INFO 3739.632275003169: Received message <GossipMessage:14_1> from Peer_12:peer
Peer_17:peer INFO 3739.632275003169: Sending message <GossipMessage:14_1> to Peer_25:peer
Peer_17:peer INFO 3739.632275003169: Sending message <GossipMessage:14_1> to Peer_8:peer
Peer_17:peer INFO 3739.632275003169: Sending message <GossipMessage:14_1> to Peer_5:peer
Peer_17:peer INFO 3739.7211989664556: Received message <GossipMessage:14_1> from Peer_2:peer
Peer_17:peer INFO 3787.670907234345: Received message <GossipMessage:14_1> from Peer_8:peer
Peer_17:peer INFO 3796.3086093244033: Received message <GossipMessage:14_1> from Peer_12:peer
Peer_17:peer INFO 3796.3086093244033: Sending message <GossipMessage:14_1> to Peer_5:peer
Peer_17:peer INFO 3796.3086093244033: Sending message <GossipMessage:14_1> to Peer_9:peer
Peer_17:peer INFO 3796.3086093244033: Sending message <GossipMessage:14_1> to Peer_25:peer
Peer_17:peer INFO 3821.434735729544: Received message <GossipMessage:14_1> from Peer_8:peer
Peer_17:peer INFO 3821.434735729544: Sending message <GossipMessage:14_1> to Peer_25:peer
Peer_17:peer INFO 3821.434735729544: Sending message <GossipMessage:14_1> to Peer_9:peer
Peer_17:peer INFO 3821.434735729544: Sending message <GossipMessage:14_1> to Peer_5:peer
Peer_17:peer INFO 3821.6560993566072: Received message <GossipMessage:14_1> from Peer_25:peer
Peer_17:peer INFO 3821.7367358638776: Received message <GossipMessage:14_1> from Peer_5:peer
Peer_17:peer INFO 3821.8208604329334: Received message <GossipMessage:14_1> from Peer_5:peer
Peer_17:peer INFO 3845.930875424779: Received message <GossipMessage:14_1> from Peer_25:peer
Peer_17:peer INFO 3866.299964539623: Received message <GossipMessage:15_1> from Peer_12:peer
Peer_17:peer INFO 3866.299964539623: Sending message <GossipMessage:15_1> to Peer_5:peer
Peer_17:peer INFO 3866.299964539623: Sending message <GossipMessage:15_1> to Peer_9:peer
Peer_17:peer INFO 3866.299964539623: Sending message <GossipMessage:15_1> to Peer_8:peer
Peer_17:peer INFO 3913.9294057663724: Received message <GossipMessage:15_1> from Peer_8:peer
Peer_17:peer INFO 3914.4299125012644: Received message <GossipMessage:15_1> from Peer_5:peer
Peer_17:peer INFO 3915.0294126701433: Received message <GossipMessage:15_1> from Peer_8:peer
Peer_17:peer INFO 3915.0294126701433: Sending message <GossipMessage:15_1> to Peer_25:peer
Peer_17:peer INFO 3915.0294126701433: Sending message <GossipMessage:15_1> to Peer_9:peer
Peer_17:peer INFO 3915.0294126701433: Sending message <GossipMessage:15_1> to Peer_12:peer
Peer_17:peer INFO 3915.0699060210036: Received message <GossipMessage:15_1> from Peer_25:peer
Peer_17:peer INFO 3915.0699060210036: Sending message <GossipMessage:15_1> to Peer_5:peer
Peer_17:peer INFO 3915.0699060210036: Sending message <GossipMessage:15_1> to Peer_12:peer
Peer_17:peer INFO 3915.0699060210036: Sending message <GossipMessage:15_1> to Peer_8:peer
Peer_17:peer INFO 3915.240256414692: Received message <GossipMessage:15_1> from Peer_5:peer
Peer_17:peer INFO 3915.2442785472163: Received message <GossipMessage:15_1> from Peer_8:peer
Peer_17:peer INFO 3915.3554336989855: Received message <GossipMessage:15_1> from Peer_5:peer
Peer_17:peer INFO 3940.910574455976: Received message <GossipMessage:15_1> from Peer_2:peer
Peer_17:peer INFO 3987.9339980635186: Received message <GossipMessage:15_1> from Peer_8:peer
Peer_17:peer INFO 3988.5013374460723: Received message <GossipMessage:15_1> from Peer_8:peer
Peer_17:peer INFO 3990.5796840114454: Received message <GossipMessage:15_1> from Peer_8:peer
Peer_17:peer INFO 3996.8061372497687: Received message <GossipMessage:15_1> from Peer_12:peer
Peer_17:peer INFO 3996.8061372497687: Sending message <GossipMessage:15_1> to Peer_9:peer
Peer_17:peer INFO 3996.8061372497687: Sending message <GossipMessage:15_1> to Peer_2:peer
Peer_17:peer INFO 3996.8061372497687: Sending message <GossipMessage:15_1> to Peer_8:peer
Peer_17:peer INFO 4000: Sending message <Ping:> to Peer_26:bootstrap
Peer_17:peer INFO 4021.654049652754: Received message <GossipMessage:15_1> from Peer_8:peer
Peer_17:peer INFO 4021.654049652754: Sending message <GossipMessage:15_1> to Peer_9:peer
Peer_17:peer INFO 4021.654049652754: Sending message <GossipMessage:15_1> to Peer_2:peer
Peer_17:peer INFO 4021.654049652754: Sending message <GossipMessage:15_1> to Peer_25:peer
Peer_17:peer INFO 4021.796011946744: Received message <GossipMessage:15_1> from Peer_5:peer
Peer_17:peer INFO 4045.774628429129: Received message <GossipMessage:15_1> from Peer_25:peer
Peer_17:peer INFO 4065.715599889021: Received message <Ping:> from Peer_26:bootstrap
Peer_17:peer INFO 4065.715599889021: Sending message <Pong:> to Peer_26:bootstrap
Peer_17:peer INFO 4066.2556317770545: Received message <GossipMessage:16_1> from Peer_12:peer
Peer_17:peer INFO 4066.2556317770545: Sending message <GossipMessage:16_1> to Peer_5:peer
Peer_17:peer INFO 4066.2556317770545: Sending message <GossipMessage:16_1> to Peer_25:peer
Peer_17:peer INFO 4066.2556317770545: Sending message <GossipMessage:16_1> to Peer_2:peer
Peer_17:peer INFO 4114.1392743617: Received message <GossipMessage:16_1> from Peer_25:peer
Peer_17:peer INFO 4114.1392743617: Sending message <GossipMessage:16_1> to Peer_9:peer
Peer_17:peer INFO 4114.1392743617: Sending message <GossipMessage:16_1> to Peer_12:peer
Peer_17:peer INFO 4114.1392743617: Sending message <GossipMessage:16_1> to Peer_5:peer
Peer_17:peer INFO 4114.35918268423: Received message <GossipMessage:16_1> from Peer_5:peer
Peer_17:peer INFO 4114.35918268423: Sending message <GossipMessage:16_1> to Peer_25:peer
Peer_17:peer INFO 4114.35918268423: Sending message <GossipMessage:16_1> to Peer_9:peer
Peer_17:peer INFO 4114.35918268423: Sending message <GossipMessage:16_1> to Peer_12:peer
Peer_17:peer INFO 4114.482369635553: Received message <GossipMessage:16_1> from Peer_5:peer
Peer_17:peer INFO 4114.482369635553: Sending message <GossipMessage:16_1> to Peer_12:peer
Peer_17:peer INFO 4114.482369635553: Sending message <GossipMessage:16_1> to Peer_8:peer
Peer_17:peer INFO 4114.482369635553: Sending message <GossipMessage:16_1> to Peer_2:peer
Peer_17:peer INFO 4114.75421579707: Received message <GossipMessage:16_1> from Peer_25:peer
Peer_17:peer INFO 4115.091714808008: Received message <GossipMessage:16_1> from Peer_8:peer
Peer_17:peer INFO 4115.091714808008: Sending message <GossipMessage:16_1> to Peer_2:peer
Peer_17:peer INFO 4115.091714808008: Sending message <GossipMessage:16_1> to Peer_5:peer
Peer_17:peer INFO 4115.091714808008: Sending message <GossipMessage:16_1> to Peer_9:peer
Peer_17:peer INFO 4115.306868301953: Received message <GossipMessage:16_1> from Peer_25:peer
Peer_17:peer INFO 4115.306868301953: Sending message <GossipMessage:16_1> to Peer_8:peer
Peer_17:peer INFO 4115.306868301953: Sending message <GossipMessage:16_1> to Peer_9:peer
Peer_17:peer INFO 4115.306868301953: Sending message <GossipMessage:16_1> to Peer_12:peer
Peer_17:peer INFO 4115.383647247568: Received message <GossipMessage:16_1> from Peer_8:peer
Peer_17:peer INFO 4115.383647247568: Sending message <GossipMessage:16_1> to Peer_9:peer
Peer_17:peer INFO 4115.383647247568: Sending message <GossipMessage:16_1> to Peer_12:peer
Peer_17:peer INFO 4115.383647247568: Sending message <GossipMessage:16_1> to Peer_25:peer
Peer_17:peer INFO 4115.435503451695: Received message <GossipMessage:16_1> from Peer_8:peer
Peer_17:peer INFO 4115.507611937556: Received message <GossipMessage:16_1> from Peer_5:peer
Peer_17:peer INFO 4116.590251874236: Received message <GossipMessage:16_1> from Peer_9:peer
Peer_17:peer INFO 4131.282909936123: Received message <Pong:> from Peer_26:bootstrap
Peer_17:peer INFO 4140.414871034297: Received message <GossipMessage:16_1> from Peer_2:peer
Peer_17:peer INFO 4141.311707377883: Received message <GossipMessage:16_1> from Peer_2:peer
Peer_17:peer INFO 4141.311707377883: Sending message <GossipMessage:16_1> to Peer_8:peer
Peer_17:peer INFO 4141.311707377883: Sending message <GossipMessage:16_1> to Peer_25:peer
Peer_17:peer INFO 4141.311707377883: Sending message <GossipMessage:16_1> to Peer_12:peer
Peer_17:peer INFO 4141.675315907788: Received message <GossipMessage:16_1> from Peer_9:peer
Peer_17:peer INFO 4187.7844931148675: Received message <GossipMessage:16_1> from Peer_8:peer
Peer_17:peer INFO 4188.918463211989: Received message <GossipMessage:16_1> from Peer_8:peer
Peer_17:peer INFO 4190.308954355564: Received message <GossipMessage:16_1> from Peer_8:peer
Peer_17:peer INFO 4265.86543249241: Received message <GossipMessage:17_1> from Peer_12:peer
Peer_17:peer INFO 4265.86543249241: Sending message <GossipMessage:17_1> to Peer_9:peer
Peer_17:peer INFO 4265.86543249241: Sending message <GossipMessage:17_1> to Peer_25:peer
Peer_17:peer INFO 4265.86543249241: Sending message <GossipMessage:17_1> to Peer_2:peer
Peer_17:peer INFO 4314.333754493834: Received message <GossipMessage:17_1> from Peer_9:peer
Peer_17:peer INFO 4315.046965456252: Received message <GossipMessage:17_1> from Peer_25:peer
Peer_17:peer INFO 4315.046965456252: Sending message <GossipMessage:17_1> to Peer_8:peer
Peer_17:peer INFO 4315.046965456252: Sending message <GossipMessage:17_1> to Peer_9:peer
Peer_17:peer INFO 4315.046965456252: Sending message <GossipMessage:17_1> to Peer_5:peer
Peer_17:peer INFO 4315.794894461416: Received message <GossipMessage:17_1> from Peer_8:peer
Peer_17:peer INFO 4315.82310890429: Received message <GossipMessage:17_1> from Peer_25:peer
Peer_17:peer INFO 4315.82310890429: Sending message <GossipMessage:17_1> to Peer_9:peer
Peer_17:peer INFO 4315.82310890429: Sending message <GossipMessage:17_1> to Peer_2:peer
Peer_17:peer INFO 4315.82310890429: Sending message <GossipMessage:17_1> to Peer_12:peer
Peer_17:peer INFO 4316.0541979366735: Received message <GossipMessage:17_1> from Peer_5:peer
Peer_17:peer INFO 4338.051220471509: Received message <GossipMessage:17_1> from Peer_2:peer
Peer_17:peer INFO 4338.051220471509: Sending message <GossipMessage:17_1> to Peer_9:peer
Peer_17:peer INFO 4338.051220471509: Sending message <GossipMessage:17_1> to Peer_8:peer
Peer_17:peer INFO 4338.051220471509: Sending message <GossipMessage:17_1> to Peer_12:peer
Peer_17:peer INFO 4338.123408008547: Received message <GossipMessage:17_1> from Peer_2:peer
Peer_17:peer INFO 4338.324333063014: Received message <GossipMessage:17_1> from Peer_9:peer
Peer_17:peer INFO 4339.9381951059195: Received message <GossipMessage:17_1> from Peer_12:peer
Peer_17:peer INFO 4339.9381951059195: Sending message <GossipMessage:17_1> to Peer_8:peer
Peer_17:peer INFO 4339.9381951059195: Sending message <GossipMessage:17_1> to Peer_25:peer
Peer_17:peer INFO 4339.9381951059195: Sending message <GossipMessage:17_1> to Peer_5:peer
Peer_17:peer INFO 4386.904662104192: Received message <GossipMessage:17_1> from Peer_8:peer
Peer_17:peer INFO 4396.549563775565: Received message <GossipMessage:17_1> from Peer_12:peer
Peer_17:peer INFO 4396.549563775565: Sending message <GossipMessage:17_1> to Peer_25:peer
Peer_17:peer INFO 4396.549563775565: Sending message <GossipMessage:17_1> to Peer_5:peer
Peer_17:peer INFO 4396.549563775565: Sending message <GossipMessage:17_1> to Peer_8:peer
Peer_17:peer INFO 4421.487886793841: Received message <GossipMessage:17_1> from Peer_5:peer
Peer_17:peer INFO 4421.809571268674: Received message <GossipMessage:17_1> from Peer_8:peer
Peer_17:peer INFO 4421.809571268674: Sending message <GossipMessage:17_1> to Peer_2:peer
Peer_17:peer INFO 4421.809571268674: Sending message <GossipMessage:17_1> to Peer_9:peer
Peer_17:peer INFO 4421.809571268674: Sending message <GossipMessage:17_1> to Peer_5:peer
Peer_17:peer INFO 4421.923415003171: Received message <GossipMessage:17_1> from Peer_25:peer
Peer_17:peer INFO 4422.053436112906: Received message <GossipMessage:17_1> from Peer_5:peer
Peer_17:peer INFO 4445.287438097602: Received message <GossipMessage:17_1> from Peer_25:peer
Peer_17:peer INFO 4445.9838916785775: Received message <GossipMessage:17_1> from Peer_2:peer
Peer_17:peer INFO 4466.0787858531485: Received message <GossipMessage:18_1> from Peer_9:peer
Peer_17:peer INFO 4466.0787858531485: Sending message <GossipMessage:18_1> to Peer_25:peer
Peer_17:peer INFO 4466.0787858531485: Sending message <GossipMessage:18_1> to Peer_5:peer
Peer_17:peer INFO 4466.0787858531485: Sending message <GossipMessage:18_1> to Peer_2:peer
Peer_17:peer INFO 4466.111876888499: Received message <GossipMessage:18_1> from Peer_12:peer
Peer_17:peer INFO 4466.111876888499: Sending message <GossipMessage:18_1> to Peer_25:peer
Peer_17:peer INFO 4466.111876888499: Sending message <GossipMessage:18_1> to Peer_8:peer
Peer_17:peer INFO 4466.111876888499: Sending message <GossipMessage:18_1> to Peer_5:peer
Peer_17:peer INFO 4514.540826120514: Received message <GossipMessage:18_1> from Peer_5:peer
Peer_17:peer INFO 4515.145603230906: Received message <GossipMessage:18_1> from Peer_5:peer
Peer_17:peer INFO 4515.307353022193: Received message <GossipMessage:18_1> from Peer_9:peer
Peer_17:peer INFO 4516.027526701016: Received message <GossipMessage:18_1> from Peer_5:peer
Peer_17:peer INFO 4516.027526701016: Sending message <GossipMessage:18_1> to Peer_25:peer
Peer_17:peer INFO 4516.027526701016: Sending message <GossipMessage:18_1> to Peer_12:peer
Peer_17:peer INFO 4516.027526701016: Sending message <GossipMessage:18_1> to Peer_2:peer
Peer_17:peer INFO 4516.094973642836: Received message <GossipMessage:18_1> from Peer_25:peer
Peer_17:peer INFO 4516.105042730101: Received message <GossipMessage:18_1> from Peer_25:peer
Peer_17:peer INFO 4516.105042730101: Sending message <GossipMessage:18_1> to Peer_5:peer
Peer_17:peer INFO 4516.105042730101: Sending message <GossipMessage:18_1> to Peer_8:peer
Peer_17:peer INFO 4516.105042730101: Sending message <GossipMessage:18_1> to Peer_9:peer
Peer_17:peer INFO 4516.1900626479: Received message <GossipMessage:18_1> from Peer_8:peer
Peer_17:peer INFO 4516.403404241506: Received message <GossipMessage:18_1> from Peer_5:peer
Peer_17:peer INFO 4537.759285351403: Received message <GossipMessage:18_1> from Peer_2:peer
Peer_17:peer INFO 4537.759285351403: Sending message <GossipMessage:18_1> to Peer_9:peer
Peer_17:peer INFO 4537.759285351403: Sending message <GossipMessage:18_1> to Peer_25:peer
Peer_17:peer INFO 4537.759285351403: Sending message <GossipMessage:18_1> to Peer_5:peer
Peer_17:peer INFO 4537.944627524141: Received message <GossipMessage:18_1> from Peer_9:peer
Peer_17:peer INFO 4596.449703558451: Received message <GossipMessage:18_1> from Peer_2:peer
Peer_17:peer INFO 4596.530065503356: Received message <GossipMessage:18_1> from Peer_12:peer
Peer_17:peer INFO 4596.530065503356: Sending message <GossipMessage:18_1> to Peer_9:peer
Peer_17:peer INFO 4596.530065503356: Sending message <GossipMessage:18_1> to Peer_5:peer
Peer_17:peer INFO 4596.530065503356: Sending message <GossipMessage:18_1> to Peer_2:peer
Peer_17:peer INFO 4621.7142094202845: Received message <GossipMessage:18_1> from Peer_8:peer
Peer_17:peer INFO 4621.7142094202845: Sending message <GossipMessage:18_1> to Peer_12:peer
Peer_17:peer INFO 4621.7142094202845: Sending message <GossipMessage:18_1> to Peer_2:peer
Peer_17:peer INFO 4621.7142094202845: Sending message <GossipMessage:18_1> to Peer_25:peer
Peer_17:peer INFO 4621.953148994894: Received message <GossipMessage:18_1> from Peer_5:peer
Peer_17:peer INFO 4645.475817875706: Received message <GossipMessage:18_1> from Peer_2:peer
Peer_17:peer INFO 4645.5322995448505: Received message <GossipMessage:18_1> from Peer_25:peer
Peer_17:peer INFO 4665.957071402119: Received message <GossipMessage:19_1> from Peer_12:peer
Peer_17:peer INFO 4665.957071402119: Sending message <GossipMessage:19_1> to Peer_5:peer
Peer_17:peer INFO 4665.957071402119: Sending message <GossipMessage:19_1> to Peer_2:peer
Peer_17:peer INFO 4665.957071402119: Sending message <GossipMessage:19_1> to Peer_9:peer
Peer_17:peer INFO 4666.532129935043: Received message <GossipMessage:19_1> from Peer_9:peer
Peer_17:peer INFO 4714.68177590178: Received message <GossipMessage:19_1> from Peer_9:peer
Peer_17:peer INFO 4714.798597053277: Received message <GossipMessage:19_1> from Peer_25:peer
Peer_17:peer INFO 4714.798597053277: Sending message <GossipMessage:19_1> to Peer_2:peer
Peer_17:peer INFO 4714.798597053277: Sending message <GossipMessage:19_1> to Peer_8:peer
Peer_17:peer INFO 4714.798597053277: Sending message <GossipMessage:19_1> to Peer_5:peer
Peer_17:peer INFO 4715.146777654562: Received message <GossipMessage:19_1> from Peer_5:peer
Peer_17:peer INFO 4715.146777654562: Sending message <GossipMessage:19_1> to Peer_8:peer
Peer_17:peer INFO 4715.146777654562: Sending message <GossipMessage:19_1> to Peer_25:peer
Peer_17:peer INFO 4715.146777654562: Sending message <GossipMessage:19_1> to Peer_12:peer
Peer_17:peer INFO 4715.309149844937: Received message <GossipMessage:19_1> from Peer_8:peer
Peer_17:peer INFO 4715.309149844937: Sending message <GossipMessage:19_1> to Peer_9:peer
Peer_17:peer INFO 4715.309149844937: Sending message <GossipMessage:19_1> to Peer_5:peer
Peer_17:peer INFO 4715.309149844937: Sending message <GossipMessage:19_1> to Peer_2:peer
Peer_17:peer INFO 4715.360218202439: Received message <GossipMessage:19_1> from Peer_5:peer
Peer_17:peer INFO 4715.6094266534: Received message <GossipMessage:19_1> from Peer_8:peer
Peer_17:peer INFO 4716.243768285542: Received message <GossipMessage:19_1> from Peer_25:peer
Peer_17:peer INFO 4716.243768285542: Sending message <GossipMessage:19_1> to Peer_8:peer
Peer_17:peer INFO 4716.243768285542: Sending message <GossipMessage:19_1> to Peer_12:peer
Peer_17:peer INFO 4716.243768285542: Sending message <GossipMessage:19_1> to Peer_5:peer
Peer_17:peer INFO 4716.430236973543: Received message <GossipMessage:19_1> from Peer_5:peer
Peer_17:peer INFO 4738.631706221628: Received message <GossipMessage:19_1> from Peer_2:peer
Peer_17:peer INFO 4738.631706221628: Sending message <GossipMessage:19_1> to Peer_5:peer
Peer_17:peer INFO 4738.631706221628: Sending message <GossipMessage:19_1> to Peer_12:peer
Peer_17:peer INFO 4738.631706221628: Sending message <GossipMessage:19_1> to Peer_9:peer
Peer_17:peer INFO 4738.760213106573: Received message <GossipMessage:19_1> from Peer_9:peer
Peer_17:peer INFO 4786.753650034925: Received message <GossipMessage:19_1> from Peer_8:peer
Peer_17:peer INFO 4790.102906308754: Received message <GossipMessage:19_1> from Peer_8:peer
Peer_17:peer INFO 4796.520449878777: Received message <GossipMessage:19_1> from Peer_12:peer
Peer_17:peer INFO 4796.520449878777: Sending message <GossipMessage:19_1> to Peer_2:peer
Peer_17:peer INFO 4796.520449878777: Sending message <GossipMessage:19_1> to Peer_5:peer
Peer_17:peer INFO 4796.520449878777: Sending message <GossipMessage:19_1> to Peer_25:peer
Peer_17:peer INFO 4797.135867583637: Received message <GossipMessage:19_1> from Peer_12:peer
Peer_17:peer INFO 4821.795298429213: Received message <GossipMessage:19_1> from Peer_25:peer
Peer_17:peer INFO 4822.010739416462: Received message <GossipMessage:19_1> from Peer_5:peer
Peer_17:peer INFO 4846.665751152201: Received message <GossipMessage:19_1> from Peer_25:peer
Peer_17:peer INFO 4865.96977810145: Received message <GossipMessage:20_1> from Peer_9:peer
Peer_17:peer INFO 4865.96977810145: Sending message <GossipMessage:20_1> to Peer_8:peer
Peer_17:peer INFO 4865.96977810145: Sending message <GossipMessage:20_1> to Peer_12:peer
Peer_17:peer INFO 4865.96977810145: Sending message <GossipMessage:20_1> to Peer_2:peer
Peer_17:peer INFO 4866.6091350502575: Received message <GossipMessage:20_1> from Peer_9:peer
Peer_17:peer INFO 4914.039481445219: Received message <GossipMessage:20_1> from Peer_25:peer
Peer_17:peer INFO 4914.039481445219: Sending message <GossipMessage:20_1> to Peer_9:peer
Peer_17:peer INFO 4914.039481445219: Sending message <GossipMessage:20_1> to Peer_12:peer
Peer_17:peer INFO 4914.039481445219: Sending message <GossipMessage:20_1> to Peer_2:peer
Peer_17:peer INFO 4914.863177854311: Received message <GossipMessage:20_1> from Peer_5:peer
Peer_17:peer INFO 4914.86651187171: Received message <GossipMessage:20_1> from Peer_9:peer
Peer_17:peer INFO 4914.946588850735: Received message <GossipMessage:20_1> from Peer_5:peer
Peer_17:peer INFO 4914.946588850735: Sending message <GossipMessage:20_1> to Peer_8:peer
Peer_17:peer INFO 4914.946588850735: Sending message <GossipMessage:20_1> to Peer_2:peer
Peer_17:peer INFO 4914.946588850735: Sending message <GossipMessage:20_1> to Peer_25:peer
Peer_17:peer INFO 4915.211807326953: Received message <GossipMessage:20_1> from Peer_25:peer
Peer_17:peer INFO 4915.698509312568: Received message <GossipMessage:20_1> from Peer_8:peer
Peer_17:peer INFO 4915.698509312568: Sending message <GossipMessage:20_1> to Peer_25:peer
Peer_17:peer INFO 4915.698509312568: Sending message <GossipMessage:20_1> to Peer_9:peer
Peer_17:peer INFO 4915.698509312568: Sending message <GossipMessage:20_1> to Peer_2:peer
Peer_17:peer INFO 4937.966765350108: Received message <GossipMessage:20_1> from Peer_12:peer
Peer_17:peer INFO 4937.966765350108: Sending message <GossipMessage:20_1> to Peer_8:peer
Peer_17:peer INFO 4937.966765350108: Sending message <GossipMessage:20_1> to Peer_2:peer
Peer_17:peer INFO 4937.966765350108: Sending message <GossipMessage:20_1> to Peer_9:peer
Peer_17:peer INFO 4938.304016300536: Received message <GossipMessage:20_1> from Peer_2:peer
Peer_17:peer INFO 4938.304016300536: Sending message <GossipMessage:20_1> to Peer_5:peer
Peer_17:peer INFO 4938.304016300536: Sending message <GossipMessage:20_1> to Peer_25:peer
Peer_17:peer INFO 4938.304016300536: Sending message <GossipMessage:20_1> to Peer_9:peer
Peer_17:peer INFO 4938.419405077478: Received message <GossipMessage:20_1> from Peer_9:peer
Peer_17:peer INFO 4938.461402943323: Received message <GossipMessage:20_1> from Peer_2:peer
Peer_17:peer INFO 4940.224609592465: Received message <GossipMessage:20_1> from Peer_2:peer
Peer_17:peer INFO 4990.3212836819175: Received message <GossipMessage:20_1> from Peer_8:peer
Peer_17:peer INFO 4996.46182994511: Received message <GossipMessage:20_1> from Peer_2:peer
Peer_17:peer INFO 4996.754097027658: Received message <GossipMessage:20_1> from Peer_12:peer
Peer_17:peer INFO 4996.754097027658: Sending message <GossipMessage:20_1> to Peer_8:peer
Peer_17:peer INFO 4996.754097027658: Sending message <GossipMessage:20_1> to Peer_5:peer
Peer_17:peer INFO 4996.754097027658: Sending message <GossipMessage:20_1> to Peer_25:peer
Peer_17:peer INFO 4997.05749895592: Received message <GossipMessage:20_1> from Peer_12:peer
Peer_17:peer INFO 5000: Sending message <Ping:> to Peer_26:bootstrap
Peer_17:peer INFO 5021.977687659849: Received message <GossipMessage:20_1> from Peer_25:peer
Peer_17:peer INFO 5046.470632163456: Received message <GossipMessage:20_1> from Peer_25:peer
Peer_17:peer INFO 5065.383886022864: Received message <Ping:> from Peer_26:bootstrap
Peer_17:peer INFO 5065.383886022864: Sending message <Pong:> to Peer_26:bootstrap
Peer_17:peer INFO 5065.866618192151: Received message <GossipMessage:21_1> from Peer_9:peer
Peer_17:peer INFO 5065.866618192151: Sending message <GossipMessage:21_1> to Peer_8:peer
Peer_17:peer INFO 5065.866618192151: Sending message <GossipMessage:21_1> to Peer_2:peer
Peer_17:peer INFO 5065.866618192151: Sending message <GossipMessage:21_1> to Peer_5:peer
Peer_17:peer INFO 5065.961348865835: Received message <GossipMessage:21_1> from Peer_12:peer
Peer_17:peer INFO 5065.961348865835: Sending message <GossipMessage:21_1> to Peer_2:peer
Peer_17:peer INFO 5065.961348865835: Sending message <GossipMessage:21_1> to Peer_25:peer
Peer_17:peer INFO 5065.961348865835: Sending message <GossipMessage:21_1> to Peer_5:peer
Peer_17:peer INFO 5114.479494569172: Received message <GossipMessage:21_1> from Peer_8:peer
Peer_17:peer INFO 5114.479494569172: Sending message <GossipMessage:21_1> to Peer_12:peer
Peer_17:peer INFO 5114.479494569172: Sending message <GossipMessage:21_1> to Peer_5:peer
Peer_17:peer INFO 5114.479494569172: Sending message <GossipMessage:21_1> to Peer_2:peer
Peer_17:peer INFO 5115.085832642751: Received message <GossipMessage:21_1> from Peer_25:peer
Peer_17:peer INFO 5115.085832642751: Sending message <GossipMessage:21_1> to Peer_8:peer
Peer_17:peer INFO 5115.085832642751: Sending message <GossipMessage:21_1> to Peer_5:peer
Peer_17:peer INFO 5115.085832642751: Sending message <GossipMessage:21_1> to Peer_12:peer
Peer_17:peer INFO 5115.167549696998: Received message <GossipMessage:21_1> from Peer_9:peer
Peer_17:peer INFO 5115.310774509229: Received message <GossipMessage:21_1> from Peer_5:peer
Peer_17:peer INFO 5115.604340344047: Received message <GossipMessage:21_1> from Peer_5:peer
Peer_17:peer INFO 5115.604340344047: Sending message <GossipMessage:21_1> to Peer_12:peer
Peer_17:peer INFO 5115.604340344047: Sending message <GossipMessage:21_1> to Peer_8:peer
Peer_17:peer INFO 5115.604340344047: Sending message <GossipMessage:21_1> to Peer_9:peer
Peer_17:peer INFO 5115.6365226226435: Received message <GossipMessage:21_1> from Peer_5:peer
Peer_17:peer INFO 5115.6365226226435: Sending message <GossipMessage:21_1> to Peer_2:peer
Peer_17:peer INFO 5115.6365226226435: Sending message <GossipMessage:21_1> to Peer_12:peer
Peer_17:peer INFO 5115.6365226226435: Sending message <GossipMessage:21_1> to Peer_25:peer
Peer_17:peer INFO 5115.645110104074: Received message <GossipMessage:21_1> from Peer_5:peer
Peer_17:peer INFO 5115.650035583716: Received message <GossipMessage:21_1> from Peer_8:peer
Peer_17:peer INFO 5115.781809976881: Received message <GossipMessage:21_1> from Peer_25:peer
Peer_17:peer INFO 5130.749119860483: Received message <Pong:> from Peer_26:bootstrap
Peer_17:peer INFO 5138.8237846542825: Received message <GossipMessage:21_1> from Peer_2:peer
Peer_17:peer INFO 5138.8237846542825: Sending message <GossipMessage:21_1> to Peer_5:peer
Peer_17:peer INFO 5138.8237846542825: Sending message <GossipMessage:21_1> to Peer_8:peer
Peer_17:peer INFO 5138.8237846542825: Sending message <GossipMessage:21_1> to Peer_25:peer
Peer_17:peer INFO 5139.363505324194: Received message <GossipMessage:21_1> from Peer_9:peer
Peer_17:peer INFO 5139.973837332454: Received message <GossipMessage:21_1> from Peer_2:peer
Peer_17:peer INFO 5140.233508968518: Received message <GossipMessage:21_1> from Peer_12:peer
Peer_17:peer INFO 5140.233508968518: Sending message <GossipMessage:21_1> to Peer_9:peer
Peer_17:peer INFO 5140.233508968518: Sending message <GossipMessage:21_1> to Peer_2:peer
Peer_17:peer INFO 5140.233508968518: Sending message <GossipMessage:21_1> to Peer_25:peer
Peer_17:peer INFO 5186.618260681529: Received message <GossipMessage:21_1> from Peer_8:peer
Peer_17:peer INFO 5187.190594975558: Received message <GossipMessage:21_1> from Peer_8:peer
Peer_17:peer INFO 5196.840759545569: Received message <GossipMessage:21_1> from Peer_2:peer
