Peer_21:peer WARNING 0: Not enough peers, fetching more (0, 4)
Peer_21:peer INFO 36.517101762406: Connecting to Peer_26:bootstrap
Peer_21:peer INFO 72.51081673476793: Received message <Hello:> from Peer_26:bootstrap
Peer_21:peer INFO 73.42129239407481: Received message <RequestPeers:> from Peer_26:bootstrap
Peer_21:peer INFO 73.42129239407481: Sending message <PeerList> to Peer_26:bootstrap
Peer_21:peer WARNING 500: Not enough peers, fetching more (1, 4)
Peer_21:peer INFO 500: Sending message <RequestPeers:> to Peer_26:bootstrap
Peer_21:peer INFO 573.7206696519758: Received message <PeerList> from Peer_26:bootstrap
Peer_21:peer WARNING 1000: Not enough peers, fetching more (1, 4)
Peer_21:peer INFO 1000: Sending message <RequestPeers:> to Peer_26:bootstrap
Peer_21:peer INFO 1036.179294630993: Connecting to Peer_24:peer
Peer_21:peer INFO 1072.2148450399661: Received message <Hello:> from Peer_24:peer
Peer_21:peer INFO 1073.2186373332115: Received message <PeerList> from Peer_26:bootstrap
Peer_21:peer INFO 1073.5931550394744: Received message <RequestPeers:> from Peer_24:peer
Peer_21:peer INFO 1073.5931550394744: Sending message <PeerList> to Peer_24:peer
Peer_21:peer INFO 1310.7154378427347: Received message <GossipMessage:2_1> from Peer_24:peer
Peer_21:peer WARNING 1500: Not enough peers, fetching more (2, 4)
Peer_21:peer INFO 1500: Sending message <RequestPeers:> to Peer_24:peer
Peer_21:peer INFO 1500: Sending message <RequestPeers:> to Peer_26:bootstrap
Peer_21:peer INFO 1510.2568199267876: Received message <GossipMessage:3_1> from Peer_24:peer
Peer_21:peer INFO 1536.43201106939: Connecting to Peer_1:client
Peer_21:peer INFO 1573.081144356186: Received message <PeerList> from Peer_26:bootstrap
Peer_21:peer INFO 1573.1330971565287: Received message <PeerList> from Peer_24:peer
Peer_21:peer INFO 1573.1775766103176: Received message <Hello:> from Peer_1:client
Peer_21:peer INFO 1573.358513364445: Received message <RequestPeers:> from Peer_1:client
Peer_21:peer INFO 1573.358513364445: Sending message <PeerList> to Peer_1:client
Peer_21:peer INFO 1615.7090636581852: Received message <GossipMessage:3_1> from Peer_24:peer
Peer_21:peer INFO 1636.9796805464055: Received message <GossipMessage:4_1> from Peer_1:client
Peer_21:peer INFO 1636.9796805464055: Sending message <GossipMessage:4_1> to Peer_24:peer
Peer_21:peer INFO 1710.6477682913273: Received message <GossipMessage:4_1> from Peer_24:peer
Peer_21:peer INFO 1817.1664128699563: Received message <GossipMessage:4_1> from Peer_24:peer
Peer_21:peer INFO 1837.1030623717234: Received message <GossipMessage:5_1> from Peer_1:client
Peer_21:peer INFO 1837.1030623717234: Sending message <GossipMessage:5_1> to Peer_24:peer
Peer_21:peer INFO 1837.3060276248646: Received message <GossipMessage:5_1> from Peer_24:peer
Peer_21:peer INFO 1910.2946720470595: Received message <GossipMessage:5_1> from Peer_24:peer
Peer_21:peer INFO 1911.7228048981353: Received message <GossipMessage:5_1> from Peer_24:peer
Peer_21:peer WARNING 2000: Not enough peers, fetching more (3, 4)
Peer_21:peer INFO 2016.5706387514056: Received message <GossipMessage:5_1> from Peer_24:peer
Peer_21:peer INFO 2036.4548346752383: Received message <RequestPeers:> from Peer_1:client
Peer_21:peer INFO 2036.4548346752383: Sending message <PeerList> to Peer_1:client
Peer_21:peer INFO 2036.8671844569199: Received message <GossipMessage:6_1> from Peer_1:client
Peer_21:peer INFO 2036.8671844569199: Sending message <GossipMessage:6_1> to Peer_24:peer
Peer_21:peer INFO 2037.5568120415428: Received message <GossipMessage:6_1> from Peer_24:peer
Peer_21:peer INFO 2078.02282659689: Connecting to Peer_13:peer
Peer_21:peer INFO 2111.261806197142: Received message <GossipMessage:6_1> from Peer_24:peer
Peer_21:peer INFO 2111.261806197142: Sending message <GossipMessage:6_1> to Peer_13:peer
Peer_21:peer INFO 2156.0388277299867: Received message <RequestPeers:> from Peer_13:peer
Peer_21:peer INFO 2156.0388277299867: Sending message <PeerList> to Peer_13:peer
Peer_21:peer INFO 2156.0499385420303: Received message <Hello:> from Peer_13:peer
Peer_21:peer INFO 2193.155547289783: Received message <GossipMessage:6_1> from Peer_13:peer
Peer_21:peer INFO 2194.0265981445905: Received message <GossipMessage:6_1> from Peer_13:peer
Peer_21:peer INFO 2236.3686872258218: Received message <GossipMessage:7_1> from Peer_1:client
Peer_21:peer INFO 2236.3686872258218: Sending message <GossipMessage:7_1> to Peer_24:peer
Peer_21:peer INFO 2236.3686872258218: Sending message <GossipMessage:7_1> to Peer_13:peer
Peer_21:peer INFO 2237.147731576264: Received message <GossipMessage:7_1> from Peer_24:peer
Peer_21:peer INFO 2237.147731576264: Sending message <GossipMessage:7_1> to Peer_13:peer
Peer_21:peer INFO 2310.259041012216: Received message <GossipMessage:7_1> from Peer_24:peer
Peer_21:peer INFO 2310.259041012216: Sending message <GossipMessage:7_1> to Peer_13:peer
Peer_21:peer INFO 2311.3195150489096: Received message <GossipMessage:7_1> from Peer_24:peer
Peer_21:peer INFO 2311.3195150489096: Sending message <GossipMessage:7_1> to Peer_13:peer
Peer_21:peer INFO 2393.8265884619154: Received message <GossipMessage:7_1> from Peer_13:peer
Peer_21:peer INFO 2437.394141452532: Received message <GossipMessage:8_1> from Peer_1:client
Peer_21:peer INFO 2437.394141452532: Sending message <GossipMessage:8_1> to Peer_13:peer
Peer_21:peer INFO 2437.394141452532: Sending message <GossipMessage:8_1> to Peer_24:peer
Peer_21:peer INFO 2500: Sending message <Ping:> to Peer_26:bootstrap
Peer_21:peer INFO 2510.001227801209: Received message <GossipMessage:8_1> from Peer_24:peer
Peer_21:peer INFO 2510.001227801209: Sending message <GossipMessage:8_1> to Peer_13:peer
Peer_21:peer INFO 2511.103273031026: Received message <GossipMessage:8_1> from Peer_24:peer
Peer_21:peer INFO 2511.8492104100865: Received message <GossipMessage:8_1> from Peer_24:peer
Peer_21:peer INFO 2511.8492104100865: Sending message <GossipMessage:8_1> to Peer_13:peer
Peer_21:peer INFO 2536.9498523023913: Received message <Ping:> from Peer_26:bootstrap
Peer_21:peer INFO 2536.9498523023913: Sending message <Pong:> to Peer_26:bootstrap
Peer_21:peer INFO 2537.329595413503: Received message <RequestPeers:> from Peer_1:client
Peer_21:peer INFO 2537.329595413503: Sending message <PeerList> to Peer_1:client
Peer_21:peer INFO 2572.6526731357276: Received message <Pong:> from Peer_26:bootstrap
Peer_21:peer INFO 2593.294485672003: Received message <GossipMessage:8_1> from Peer_13:peer
Peer_21:peer INFO 2616.830221685782: Received message <GossipMessage:8_1> from Peer_24:peer
Peer_21:peer INFO 2636.098572287449: Received message <GossipMessage:9_1> from Peer_1:client
Peer_21:peer INFO 2636.098572287449: Sending message <GossipMessage:9_1> to Peer_24:peer
Peer_21:peer INFO 2636.098572287449: Sending message <GossipMessage:9_1> to Peer_13:peer
Peer_21:peer INFO 2637.327659245238: Received message <GossipMessage:9_1> from Peer_24:peer
Peer_21:peer INFO 2637.327659245238: Sending message <GossipMessage:9_1> to Peer_13:peer
Peer_21:peer INFO 2709.707169171299: Received message <GossipMessage:9_1> from Peer_24:peer
Peer_21:peer INFO 2709.8283081956815: Received message <GossipMessage:9_1> from Peer_24:peer
Peer_21:peer INFO 2709.8283081956815: Sending message <GossipMessage:9_1> to Peer_13:peer
Peer_21:peer INFO 2710.5207651474984: Received message <GossipMessage:9_1> from Peer_24:peer
Peer_21:peer INFO 2710.6298376320747: Received message <GossipMessage:9_1> from Peer_24:peer
Peer_21:peer INFO 2710.6298376320747: Sending message <GossipMessage:9_1> to Peer_13:peer
Peer_21:peer INFO 2792.933838474445: Received message <GossipMessage:9_1> from Peer_13:peer
Peer_21:peer INFO 2792.933838474445: Sending message <GossipMessage:9_1> to Peer_24:peer
Peer_21:peer INFO 2793.2573989298126: Received message <GossipMessage:9_1> from Peer_13:peer
Peer_21:peer INFO 2794.1216741272224: Received message <GossipMessage:9_1> from Peer_13:peer
Peer_21:peer INFO 2817.0355128384695: Received message <GossipMessage:9_1> from Peer_24:peer
Peer_21:peer INFO 2836.9552775688076: Received message <GossipMessage:10_1> from Peer_1:client
Peer_21:peer INFO 2836.9552775688076: Sending message <GossipMessage:10_1> to Peer_24:peer
Peer_21:peer INFO 2836.9552775688076: Sending message <GossipMessage:10_1> to Peer_13:peer
Peer_21:peer INFO 2837.167744293636: Received message <GossipMessage:10_1> from Peer_24:peer
Peer_21:peer INFO 2837.167744293636: Sending message <GossipMessage:10_1> to Peer_13:peer
Peer_21:peer INFO 2909.9168875677956: Received message <GossipMessage:10_1> from Peer_24:peer
Peer_21:peer INFO 2910.0271520533947: Received message <GossipMessage:10_1> from Peer_24:peer
Peer_21:peer INFO 2910.0271520533947: Sending message <GossipMessage:10_1> to Peer_13:peer
Peer_21:peer INFO 2910.2292112326672: Received message <GossipMessage:10_1> from Peer_24:peer
Peer_21:peer INFO 2910.2292112326672: Sending message <GossipMessage:10_1> to Peer_13:peer
Peer_21:peer INFO 2910.3594310365293: Received message <GossipMessage:10_1> from Peer_24:peer
Peer_21:peer INFO 2910.8135389044232: Received message <GossipMessage:10_1> from Peer_24:peer
Peer_21:peer INFO 2911.2065594457763: Received message <GossipMessage:10_1> from Peer_24:peer
Peer_21:peer INFO 2992.3941147665223: Received message <GossipMessage:10_1> from Peer_13:peer
Peer_21:peer INFO 2992.7574984606676: Received message <GossipMessage:10_1> from Peer_13:peer
Peer_21:peer INFO 2993.231956649872: Received message <GossipMessage:10_1> from Peer_13:peer
Peer_21:peer INFO 3018.7169466210094: Received message <GossipMessage:10_1> from Peer_24:peer
Peer_21:peer INFO 3036.59457702699: Received message <GossipMessage:11_1> from Peer_1:client
Peer_21:peer INFO 3036.59457702699: Sending message <GossipMessage:11_1> to Peer_13:peer
Peer_21:peer INFO 3036.59457702699: Sending message <GossipMessage:11_1> to Peer_24:peer
Peer_21:peer INFO 3037.8768489961044: Received message <RequestPeers:> from Peer_1:client
Peer_21:peer INFO 3037.8768489961044: Sending message <PeerList> to Peer_1:client
Peer_21:peer INFO 3109.980883941784: Received message <GossipMessage:11_1> from Peer_24:peer
Peer_21:peer INFO 3109.980883941784: Sending message <GossipMessage:11_1> to Peer_13:peer
Peer_21:peer INFO 3111.346932521446: Received message <GossipMessage:11_1> from Peer_24:peer
Peer_21:peer INFO 3111.456280293219: Received message <GossipMessage:11_1> from Peer_24:peer
Peer_21:peer INFO 3192.494532489893: Received message <GossipMessage:11_1> from Peer_13:peer
Peer_21:peer INFO 3192.8738440252514: Received message <GossipMessage:11_1> from Peer_13:peer
Peer_21:peer INFO 3192.8738440252514: Sending message <GossipMessage:11_1> to Peer_24:peer
Peer_21:peer INFO 3192.9126093607283: Received message <GossipMessage:11_1> from Peer_13:peer
Peer_21:peer INFO 3192.9126093607283: Sending message <GossipMessage:11_1> to Peer_24:peer
Peer_21:peer INFO 3193.155411710674: Received message <GossipMessage:11_1> from Peer_13:peer
Peer_21:peer INFO 3193.547326181787: Received message <GossipMessage:11_1> from Peer_13:peer
Peer_21:peer INFO 3216.926660264031: Received message <GossipMessage:11_1> from Peer_24:peer
Peer_21:peer INFO 3235.8146457887187: Received message <GossipMessage:12_1> from Peer_1:client
Peer_21:peer INFO 3235.8146457887187: Sending message <GossipMessage:12_1> to Peer_24:peer
Peer_21:peer INFO 3235.8146457887187: Sending message <GossipMessage:12_1> to Peer_13:peer
Peer_21:peer INFO 3236.923701195124: Received message <GossipMessage:12_1> from Peer_24:peer
Peer_21:peer INFO 3236.923701195124: Sending message <GossipMessage:12_1> to Peer_13:peer
Peer_21:peer INFO 3310.506263584661: Received message <GossipMessage:12_1> from Peer_24:peer
Peer_21:peer INFO 3311.0486633675505: Received message <GossipMessage:12_1> from Peer_24:peer
Peer_21:peer INFO 3311.0486633675505: Sending message <GossipMessage:12_1> to Peer_13:peer
Peer_21:peer INFO 3311.0957715714108: Received message <GossipMessage:12_1> from Peer_24:peer
Peer_21:peer INFO 3311.0957715714108: Sending message <GossipMessage:12_1> to Peer_13:peer
Peer_21:peer INFO 3311.23314173176: Received message <GossipMessage:12_1> from Peer_24:peer
Peer_21:peer INFO 3311.85704675605: Received message <GossipMessage:12_1> from Peer_24:peer
Peer_21:peer INFO 3343.820030894034: Received message <GossipMessage:12_1> from Peer_13:peer
Peer_21:peer INFO 3393.2005970702917: Received message <GossipMessage:12_1> from Peer_13:peer
Peer_21:peer INFO 3393.2007261608856: Received message <GossipMessage:12_1> from Peer_13:peer
Peer_21:peer INFO 3417.4139945179345: Received message <GossipMessage:12_1> from Peer_24:peer
Peer_21:peer INFO 3436.5916238292048: Received message <GossipMessage:13_1> from Peer_1:client
Peer_21:peer INFO 3436.5916238292048: Sending message <GossipMessage:13_1> to Peer_24:peer
Peer_21:peer INFO 3436.5916238292048: Sending message <GossipMessage:13_1> to Peer_13:peer
Peer_21:peer INFO 3500: Sending message <Ping:> to Peer_26:bootstrap
Peer_21:peer INFO 3510.467370660663: Received message <GossipMessage:13_1> from Peer_24:peer
Peer_21:peer INFO 3510.467370660663: Sending message <GossipMessage:13_1> to Peer_13:peer
Peer_21:peer INFO 3512.7708084292335: Received message <GossipMessage:13_1> from Peer_24:peer
Peer_21:peer INFO 3512.7708084292335: Sending message <GossipMessage:13_1> to Peer_13:peer
Peer_21:peer INFO 3537.629830623787: Received message <Ping:> from Peer_26:bootstrap
Peer_21:peer INFO 3537.629830623787: Sending message <Pong:> to Peer_26:bootstrap
Peer_21:peer INFO 3544.0243735142967: Received message <GossipMessage:13_1> from Peer_13:peer
Peer_21:peer INFO 3573.4971649707363: Received message <Pong:> from Peer_26:bootstrap
Peer_21:peer INFO 3594.4141643888165: Received message <GossipMessage:13_1> from Peer_13:peer
Peer_21:peer INFO 3637.276308346027: Received message <GossipMessage:14_1> from Peer_1:client
Peer_21:peer INFO 3637.276308346027: Sending message <GossipMessage:14_1> to Peer_13:peer
Peer_21:peer INFO 3637.276308346027: Sending message <GossipMessage:14_1> to Peer_24:peer
Peer_21:peer INFO 3710.61807280024: Received message <GossipMessage:14_1> from Peer_24:peer
Peer_21:peer INFO 3711.285639035663: Received message <GossipMessage:14_1> from Peer_24:peer
Peer_21:peer INFO 3711.285639035663: Sending message <GossipMessage:14_1> to Peer_13:peer
Peer_21:peer INFO 3743.4202380084616: Received message <GossipMessage:14_1> from Peer_13:peer
Peer_21:peer INFO 3743.4202380084616: Sending message <GossipMessage:14_1> to Peer_24:peer
Peer_21:peer INFO 3792.868667997513: Received message <GossipMessage:14_1> from Peer_13:peer
Peer_21:peer INFO 3818.200193301: Received message <GossipMessage:14_1> from Peer_24:peer
Peer_21:peer INFO 3836.909686882397: Received message <GossipMessage:15_1> from Peer_24:peer
Peer_21:peer INFO 3836.909686882397: Sending message <GossipMessage:15_1> to Peer_13:peer
Peer_21:peer INFO 3838.03588408776: Received message <GossipMessage:15_1> from Peer_1:client
Peer_21:peer INFO 3838.03588408776: Sending message <GossipMessage:15_1> to Peer_13:peer
Peer_21:peer INFO 3838.03588408776: Sending message <GossipMessage:15_1> to Peer_24:peer
Peer_21:peer INFO 3909.846746282047: Received message <GossipMessage:15_1> from Peer_24:peer
Peer_21:peer INFO 3909.846746282047: Sending message <GossipMessage:15_1> to Peer_13:peer
Peer_21:peer INFO 3910.4954538839706: Received message <GossipMessage:15_1> from Peer_24:peer
Peer_21:peer INFO 3911.413500006456: Received message <GossipMessage:15_1> from Peer_24:peer
Peer_21:peer INFO 3911.437810088823: Received message <GossipMessage:15_1> from Peer_24:peer
Peer_21:peer INFO 3911.45437639247: Received message <GossipMessage:15_1> from Peer_24:peer
Peer_21:peer INFO 3911.45437639247: Sending message <GossipMessage:15_1> to Peer_13:peer
Peer_21:peer INFO 3912.0141002624605: Received message <GossipMessage:15_1> from Peer_24:peer
Peer_21:peer INFO 3944.1113113900824: Received message <GossipMessage:15_1> from Peer_13:peer
Peer_21:peer INFO 3991.286526372345: Received message <GossipMessage:15_1> from Peer_13:peer
Peer_21:peer INFO 3991.286526372345: Sending message <GossipMessage:15_1> to Peer_24:peer
Peer_21:peer INFO 3993.125658457969: Received message <GossipMessage:15_1> from Peer_13:peer
Peer_21:peer INFO 3993.689931774425: Received message <GossipMessage:15_1> from Peer_13:peer
Peer_21:peer INFO 4016.523319524377: Received message <GossipMessage:15_1> from Peer_24:peer
Peer_21:peer INFO 4037.239088634395: Received message <GossipMessage:16_1> from Peer_1:client
Peer_21:peer INFO 4037.239088634395: Sending message <GossipMessage:16_1> to Peer_13:peer
Peer_21:peer INFO 4037.239088634395: Sending message <GossipMessage:16_1> to Peer_24:peer
Peer_21:peer INFO 4037.2855709984933: Received message <GossipMessage:16_1> from Peer_24:peer
Peer_21:peer INFO 4037.2855709984933: Sending message <GossipMessage:16_1> to Peer_13:peer
Peer_21:peer INFO 4037.6555669026425: Received message <Ping:> from Peer_1:client
Peer_21:peer INFO 4037.6555669026425: Sending message <Pong:> to Peer_1:client
Peer_21:peer INFO 4108.85654809131: Received message <GossipMessage:16_1> from Peer_24:peer
Peer_21:peer INFO 4108.85654809131: Sending message <GossipMessage:16_1> to Peer_13:peer
Peer_21:peer INFO 4111.23378922201: Received message <GossipMessage:16_1> from Peer_24:peer
Peer_21:peer INFO 4111.23378922201: Sending message <GossipMessage:16_1> to Peer_13:peer
Peer_21:peer INFO 4143.770626398594: Received message <GossipMessage:16_1> from Peer_13:peer
Peer_21:peer INFO 4143.770626398594: Sending message <GossipMessage:16_1> to Peer_24:peer
Peer_21:peer INFO 4192.216458214071: Received message <GossipMessage:16_1> from Peer_13:peer
Peer_21:peer INFO 4192.216458214071: Sending message <GossipMessage:16_1> to Peer_24:peer
Peer_21:peer INFO 4192.575857512913: Received message <GossipMessage:16_1> from Peer_13:peer
Peer_21:peer INFO 4237.5407520370645: Received message <GossipMessage:17_1> from Peer_24:peer
Peer_21:peer INFO 4237.5407520370645: Sending message <GossipMessage:17_1> to Peer_13:peer
Peer_21:peer INFO 4308.368468266521: Received message <GossipMessage:17_1> from Peer_24:peer
Peer_21:peer INFO 4310.137608289192: Received message <GossipMessage:17_1> from Peer_24:peer
Peer_21:peer INFO 4344.068802484927: Received message <GossipMessage:17_1> from Peer_13:peer
Peer_21:peer INFO 4393.272028828594: Received message <GossipMessage:17_1> from Peer_13:peer
Peer_21:peer INFO 4393.272028828594: Sending message <GossipMessage:17_1> to Peer_24:peer
Peer_21:peer INFO 4437.568356467893: Received message <GossipMessage:18_1> from Peer_24:peer
Peer_21:peer INFO 4437.568356467893: Sending message <GossipMessage:18_1> to Peer_13:peer
Peer_21:peer INFO 4500: Sending message <Ping:> to Peer_26:bootstrap
Peer_21:peer INFO 4511.709569165009: Received message <GossipMessage:18_1> from Peer_24:peer
Peer_21:peer INFO 4511.709569165009: Sending message <GossipMessage:18_1> to Peer_13:peer
Peer_21:peer INFO 4536.881751283637: Received message <Ping:> from Peer_26:bootstrap
Peer_21:peer INFO 4536.881751283637: Sending message <Pong:> to Peer_26:bootstrap
Peer_21:peer INFO 4543.605670364888: Received message <GossipMessage:18_1> from Peer_13:peer
Peer_21:peer INFO 4543.605670364888: Sending message <GossipMessage:18_1> to Peer_24:peer
Peer_21:peer INFO 4543.95596526148: Received message <GossipMessage:18_1> from Peer_13:peer
Peer_21:peer INFO 4573.673356757926: Received message <Pong:> from Peer_26:bootstrap
Peer_21:peer INFO 4592.030198289577: Received message <GossipMessage:18_1> from Peer_13:peer
Peer_21:peer INFO 4592.030198289577: Sending message <GossipMessage:18_1> to Peer_24:peer
Peer_21:peer INFO 4592.135548266173: Received message <GossipMessage:18_1> from Peer_13:peer
Peer_21:peer INFO 4592.149357088675: Received message <GossipMessage:18_1> from Peer_13:peer
Peer_21:peer INFO 4593.9421363499505: Received message <GossipMessage:18_1> from Peer_13:peer
Peer_21:peer INFO 4593.9421363499505: Sending message <GossipMessage:18_1> to Peer_24:peer
Peer_21:peer INFO 4618.0349450389795: Received message <GossipMessage:18_1> from Peer_24:peer
Peer_21:peer INFO 4638.380395595618: Received message <GossipMessage:19_1> from Peer_1:client
Peer_21:peer INFO 4638.380395595618: Sending message <GossipMessage:19_1> to Peer_13:peer
Peer_21:peer INFO 4638.380395595618: Sending message <GossipMessage:19_1> to Peer_24:peer
Peer_21:peer INFO 4711.544580707027: Received message <GossipMessage:19_1> from Peer_24:peer
Peer_21:peer INFO 4711.611073465967: Received message <GossipMessage:19_1> from Peer_24:peer
Peer_21:peer INFO 4711.611073465967: Sending message <GossipMessage:19_1> to Peer_13:peer
Peer_21:peer INFO 4743.80508493118: Received message <GossipMessage:19_1> from Peer_13:peer
Peer_21:peer INFO 4743.80508493118: Sending message <GossipMessage:19_1> to Peer_24:peer
Peer_21:peer INFO 4744.05136255124: Received message <GossipMessage:19_1> from Peer_13:peer
Peer_21:peer INFO 4793.001208114634: Received message <GossipMessage:19_1> from Peer_13:peer
Peer_21:peer INFO 4793.001208114634: Sending message <GossipMessage:19_1> to Peer_24:peer
Peer_21:peer INFO 4793.170748797513: Received message <GossipMessage:19_1> from Peer_13:peer
Peer_21:peer INFO 4793.170748797513: Sending message <GossipMessage:19_1> to Peer_24:peer
Peer_21:peer INFO 4793.317435250449: Received message <GossipMessage:19_1> from Peer_13:peer
Peer_21:peer INFO 4793.355423258915: Received message <GossipMessage:19_1> from Peer_13:peer
Peer_21:peer INFO 4837.335639923641: Received message <GossipMessage:20_1> from Peer_24:peer
Peer_21:peer INFO 4837.335639923641: Sending message <GossipMessage:20_1> to Peer_13:peer
Peer_21:peer INFO 4910.445535947203: Received message <GossipMessage:20_1> from Peer_24:peer
Peer_21:peer INFO 4910.827125800329: Received message <GossipMessage:20_1> from Peer_24:peer
Peer_21:peer INFO 4911.023304535147: Received message <GossipMessage:20_1> from Peer_24:peer
Peer_21:peer INFO 4911.272016623819: Received message <GossipMessage:20_1> from Peer_24:peer
Peer_21:peer INFO 4911.272016623819: Sending message <GossipMessage:20_1> to Peer_13:peer
Peer_21:peer INFO 4911.466237182577: Received message <GossipMessage:20_1> from Peer_24:peer
Peer_21:peer INFO 4911.466237182577: Sending message <GossipMessage:20_1> to Peer_13:peer
Peer_21:peer INFO 4943.427155942089: Received message <GossipMessage:20_1> from Peer_13:peer
Peer_21:peer INFO 4943.427155942089: Sending message <GossipMessage:20_1> to Peer_24:peer
Peer_21:peer INFO 4992.751670953275: Received message <GossipMessage:20_1> from Peer_13:peer
Peer_21:peer INFO 4992.751670953275: Sending message <GossipMessage:20_1> to Peer_24:peer
Peer_21:peer INFO 5017.811272538982: Received message <GossipMessage:20_1> from Peer_24:peer
Peer_21:peer INFO 5037.307494049023: Received message <GossipMessage:21_1> from Peer_1:client
Peer_21:peer INFO 5037.307494049023: Sending message <GossipMessage:21_1> to Peer_13:peer
Peer_21:peer INFO 5037.307494049023: Sending message <GossipMessage:21_1> to Peer_24:peer
Peer_21:peer INFO 5037.641621344456: Received message <Ping:> from Peer_1:client
Peer_21:peer INFO 5037.641621344456: Sending message <Pong:> to Peer_1:client
Peer_21:peer INFO 5109.643667730137: Received message <GossipMessage:21_1> from Peer_24:peer
Peer_21:peer INFO 5110.197144899258: Received message <GossipMessage:21_1> from Peer_24:peer
Peer_21:peer INFO 5110.197144899258: Sending message <GossipMessage:21_1> to Peer_13:peer
Peer_21:peer INFO 5110.64871090738: Received message <GossipMessage:21_1> from Peer_24:peer
Peer_21:peer INFO 5193.084990384038: Received message <GossipMessage:21_1> from Peer_13:peer
Peer_21:peer INFO 5193.084990384038: Sending message <GossipMessage:21_1> to Peer_24:peer
Peer_21:peer INFO 5193.146682946977: Received message <GossipMessage:21_1> from Peer_13:peer
Peer_21:peer INFO 5193.146682946977: Sending message <GossipMessage:21_1> to Peer_24:peer
Peer_21:peer INFO 5193.3749535196785: Received message <GossipMessage:21_1> from Peer_13:peer
Peer_21:peer INFO 5193.386570017728: Received message <GossipMessage:21_1> from Peer_13:peer
