Peer_20:peer WARNING 0: Not enough peers, fetching more (0, 4)
Peer_20:peer INFO 37.34041150836794: Connecting to Peer_26:bootstrap
Peer_20:peer INFO 73.7217741009907: Received message <Hello:> from Peer_26:bootstrap
Peer_20:peer INFO 74.31916007881188: Received message <RequestPeers:> from Peer_26:bootstrap
Peer_20:peer INFO 74.31916007881188: Sending message <PeerList> to Peer_26:bootstrap
Peer_20:peer WARNING 500: Not enough peers, fetching more (1, 4)
Peer_20:peer INFO 500: Sending message <RequestPeers:> to Peer_26:bootstrap
Peer_20:peer INFO 573.8542181261979: Received message <PeerList> from Peer_26:bootstrap
Peer_20:peer WARNING 1000: Not enough peers, fetching more (1, 4)
Peer_20:peer INFO 1000: Sending message <RequestPeers:> to Peer_26:bootstrap
Peer_20:peer INFO 1000.2258965075932: Connecting to Peer_5:peer
Peer_20:peer INFO 1000.4502305316602: Received message <RequestPeers:> from Peer_5:peer
Peer_20:peer INFO 1000.4502305316602: Sending message <PeerList> to Peer_5:peer
Peer_20:peer INFO 1000.5240176415888: Received message <Hello:> from Peer_5:peer
Peer_20:peer INFO 1073.6107775017047: Received message <PeerList> from Peer_26:bootstrap
Peer_20:peer WARNING 1500: Not enough peers, fetching more (2, 4)
Peer_20:peer INFO 1500: Sending message <RequestPeers:> to Peer_26:bootstrap
Peer_20:peer INFO 1500: Sending message <RequestPeers:> to Peer_5:peer
Peer_20:peer INFO 1500.2394998174593: Connecting to Peer_22:peer
Peer_20:peer INFO 1500.4678256228372: Received message <RequestPeers:> from Peer_22:peer
Peer_20:peer INFO 1500.4678256228372: Sending message <PeerList> to Peer_22:peer
Peer_20:peer INFO 1500.4786252763345: Received message <Hello:> from Peer_22:peer
Peer_20:peer INFO 1500.481143236188: Received message <PeerList> from Peer_5:peer
Peer_20:peer INFO 1508.9865923472703: Received message <GossipMessage:3_1> from Peer_22:peer
Peer_20:peer INFO 1573.3823512189476: Received message <PeerList> from Peer_26:bootstrap
Peer_20:peer INFO 1578.0204233530908: Received message <Hello:> from Peer_11:peer
Peer_20:peer INFO 1578.0204233530908: Connecting to Peer_11:peer
Peer_20:peer INFO 1578.0204233530908: Sending message <Hello:> to Peer_11:peer
Peer_20:peer INFO 1578.0204233530908: Sending message <RequestPeers:> to Peer_11:peer
Peer_20:peer INFO 1636.9456724928575: Received message <GossipMessage:4_1> from Peer_22:peer
Peer_20:peer INFO 1636.9456724928575: Sending message <GossipMessage:4_1> to Peer_11:peer
Peer_20:peer INFO 1636.9456724928575: Sending message <GossipMessage:4_1> to Peer_5:peer
Peer_20:peer INFO 1637.1706036526757: Received message <GossipMessage:4_1> from Peer_22:peer
Peer_20:peer INFO 1637.1706036526757: Sending message <GossipMessage:4_1> to Peer_5:peer
Peer_20:peer INFO 1637.1706036526757: Sending message <GossipMessage:4_1> to Peer_11:peer
Peer_20:peer INFO 1733.953256829172: Received message <PeerList> from Peer_11:peer
Peer_20:peer INFO 1743.5520297299374: Received message <GossipMessage:4_1> from Peer_11:peer
Peer_20:peer INFO 1743.5520297299374: Sending message <GossipMessage:4_1> to Peer_5:peer
Peer_20:peer INFO 1743.5520297299374: Sending message <GossipMessage:4_1> to Peer_22:peer
Peer_20:peer INFO 1793.0566112136732: Received message <GossipMessage:4_1> from Peer_11:peer
Peer_20:peer INFO 1837.763173550762: Received message <GossipMessage:5_1> from Peer_22:peer
Peer_20:peer INFO 1837.763173550762: Sending message <GossipMessage:5_1> to Peer_11:peer
Peer_20:peer INFO 1837.763173550762: Sending message <GossipMessage:5_1> to Peer_5:peer
Peer_20:peer INFO 1943.3526112170791: Received message <GossipMessage:5_1> from Peer_11:peer
Peer_20:peer INFO 1943.3526112170791: Sending message <GossipMessage:5_1> to Peer_5:peer
Peer_20:peer INFO 1943.3526112170791: Sending message <GossipMessage:5_1> to Peer_22:peer
Peer_20:peer INFO 1993.6562875560278: Received message <GossipMessage:5_1> from Peer_11:peer
Peer_20:peer INFO 2037.4440714726998: Received message <GossipMessage:6_1> from Peer_22:peer
Peer_20:peer INFO 2037.4440714726998: Sending message <GossipMessage:6_1> to Peer_5:peer
Peer_20:peer INFO 2037.4440714726998: Sending message <GossipMessage:6_1> to Peer_11:peer
Peer_20:peer INFO 2110.1089079464946: Received message <GossipMessage:6_1> from Peer_22:peer
Peer_20:peer INFO 2112.0782486447997: Received message <GossipMessage:6_1> from Peer_22:peer
Peer_20:peer INFO 2143.7225881238023: Received message <GossipMessage:6_1> from Peer_11:peer
Peer_20:peer INFO 2143.7225881238023: Sending message <GossipMessage:6_1> to Peer_22:peer
Peer_20:peer INFO 2143.7225881238023: Sending message <GossipMessage:6_1> to Peer_5:peer
Peer_20:peer INFO 2195.0301012290543: Received message <GossipMessage:6_1> from Peer_11:peer
Peer_20:peer INFO 2237.893958460546: Received message <GossipMessage:7_1> from Peer_22:peer
Peer_20:peer INFO 2237.893958460546: Sending message <GossipMessage:7_1> to Peer_5:peer
Peer_20:peer INFO 2237.893958460546: Sending message <GossipMessage:7_1> to Peer_11:peer
Peer_20:peer INFO 2238.179407248958: Received message <GossipMessage:7_1> from Peer_5:peer
Peer_20:peer INFO 2238.934237249246: Received message <GossipMessage:7_1> from Peer_22:peer
Peer_20:peer INFO 2309.6263503107402: Received message <GossipMessage:7_1> from Peer_22:peer
Peer_20:peer INFO 2343.2984247778345: Received message <GossipMessage:7_1> from Peer_11:peer
Peer_20:peer INFO 2343.2984247778345: Sending message <GossipMessage:7_1> to Peer_22:peer
Peer_20:peer INFO 2343.2984247778345: Sending message <GossipMessage:7_1> to Peer_5:peer
Peer_20:peer INFO 2392.9703616079564: Received message <GossipMessage:7_1> from Peer_11:peer
Peer_20:peer INFO 2392.9703616079564: Sending message <GossipMessage:7_1> to Peer_22:peer
Peer_20:peer INFO 2392.9703616079564: Sending message <GossipMessage:7_1> to Peer_5:peer
Peer_20:peer INFO 2395.089047435335: Received message <GossipMessage:7_1> from Peer_11:peer
Peer_20:peer INFO 2437.4330770270767: Received message <GossipMessage:8_1> from Peer_22:peer
Peer_20:peer INFO 2437.4330770270767: Sending message <GossipMessage:8_1> to Peer_5:peer
Peer_20:peer INFO 2437.4330770270767: Sending message <GossipMessage:8_1> to Peer_11:peer
Peer_20:peer INFO 2438.5161905923437: Received message <GossipMessage:8_1> from Peer_22:peer
Peer_20:peer INFO 2438.6879527385217: Received message <GossipMessage:8_1> from Peer_5:peer
Peer_20:peer INFO 2500: Sending message <Ping:> to Peer_26:bootstrap
Peer_20:peer INFO 2509.3377335539803: Received message <GossipMessage:8_1> from Peer_22:peer
Peer_20:peer INFO 2509.399189745369: Received message <GossipMessage:8_1> from Peer_22:peer
Peer_20:peer INFO 2536.5434151485274: Received message <Ping:> from Peer_26:bootstrap
Peer_20:peer INFO 2536.5434151485274: Sending message <Pong:> to Peer_26:bootstrap
Peer_20:peer INFO 2543.516127674293: Received message <GossipMessage:8_1> from Peer_11:peer
Peer_20:peer INFO 2543.516127674293: Sending message <GossipMessage:8_1> to Peer_22:peer
Peer_20:peer INFO 2543.516127674293: Sending message <GossipMessage:8_1> to Peer_5:peer
Peer_20:peer INFO 2575.563587741286: Received message <Pong:> from Peer_26:bootstrap
Peer_20:peer INFO 2593.136957597111: Received message <GossipMessage:8_1> from Peer_11:peer
Peer_20:peer INFO 2593.2784067720777: Received message <GossipMessage:8_1> from Peer_11:peer
Peer_20:peer INFO 2593.2784067720777: Sending message <GossipMessage:8_1> to Peer_5:peer
Peer_20:peer INFO 2593.2784067720777: Sending message <GossipMessage:8_1> to Peer_22:peer
Peer_20:peer INFO 2637.2994849765496: Received message <GossipMessage:9_1> from Peer_5:peer
Peer_20:peer INFO 2637.7507456055823: Received message <GossipMessage:9_1> from Peer_5:peer
Peer_20:peer INFO 2638.2188950679215: Received message <GossipMessage:9_1> from Peer_5:peer
Peer_20:peer INFO 2638.2188950679215: Sending message <GossipMessage:9_1> to Peer_11:peer
Peer_20:peer INFO 2638.2188950679215: Sending message <GossipMessage:9_1> to Peer_22:peer
Peer_20:peer INFO 2710.104030890333: Received message <GossipMessage:9_1> from Peer_22:peer
Peer_20:peer INFO 2743.736701201752: Received message <GossipMessage:9_1> from Peer_11:peer
Peer_20:peer INFO 2743.736701201752: Sending message <GossipMessage:9_1> to Peer_5:peer
Peer_20:peer INFO 2743.736701201752: Sending message <GossipMessage:9_1> to Peer_22:peer
Peer_20:peer INFO 2744.4071436335857: Received message <GossipMessage:9_1> from Peer_5:peer
Peer_20:peer INFO 2792.6041609675362: Received message <GossipMessage:9_1> from Peer_11:peer
Peer_20:peer INFO 2792.6041609675362: Sending message <GossipMessage:9_1> to Peer_22:peer
Peer_20:peer INFO 2792.6041609675362: Sending message <GossipMessage:9_1> to Peer_5:peer
Peer_20:peer INFO 2793.5969546664824: Received message <GossipMessage:9_1> from Peer_11:peer
Peer_20:peer INFO 2836.5387189756207: Received message <GossipMessage:10_1> from Peer_22:peer
Peer_20:peer INFO 2836.5387189756207: Sending message <GossipMessage:10_1> to Peer_11:peer
Peer_20:peer INFO 2836.5387189756207: Sending message <GossipMessage:10_1> to Peer_5:peer
Peer_20:peer INFO 2837.080059770425: Received message <GossipMessage:10_1> from Peer_22:peer
Peer_20:peer INFO 2837.080059770425: Sending message <GossipMessage:10_1> to Peer_11:peer
Peer_20:peer INFO 2837.080059770425: Sending message <GossipMessage:10_1> to Peer_5:peer
Peer_20:peer INFO 2837.1503455938414: Received message <GossipMessage:10_1> from Peer_5:peer
Peer_20:peer INFO 2837.1503455938414: Sending message <GossipMessage:10_1> to Peer_22:peer
Peer_20:peer INFO 2837.1503455938414: Sending message <GossipMessage:10_1> to Peer_11:peer
Peer_20:peer INFO 2837.581009170504: Received message <GossipMessage:10_1> from Peer_22:peer
Peer_20:peer INFO 2837.782842823214: Received message <GossipMessage:10_1> from Peer_5:peer
Peer_20:peer INFO 2838.1470719617555: Received message <GossipMessage:10_1> from Peer_5:peer
Peer_20:peer INFO 2909.3072703895573: Received message <GossipMessage:10_1> from Peer_22:peer
Peer_20:peer INFO 2910.816098049778: Received message <GossipMessage:10_1> from Peer_22:peer
Peer_20:peer INFO 2943.5423766700037: Received message <GossipMessage:10_1> from Peer_11:peer
Peer_20:peer INFO 2943.5423766700037: Sending message <GossipMessage:10_1> to Peer_22:peer
Peer_20:peer INFO 2943.5423766700037: Sending message <GossipMessage:10_1> to Peer_5:peer
Peer_20:peer INFO 2944.1966922115453: Received message <GossipMessage:10_1> from Peer_5:peer
Peer_20:peer INFO 2992.5244425948504: Received message <GossipMessage:10_1> from Peer_11:peer
Peer_20:peer INFO 2992.5244425948504: Sending message <GossipMessage:10_1> to Peer_22:peer
Peer_20:peer INFO 2992.5244425948504: Sending message <GossipMessage:10_1> to Peer_5:peer
Peer_20:peer INFO 2992.90012359824: Received message <GossipMessage:10_1> from Peer_5:peer
Peer_20:peer INFO 3036.7393954494246: Received message <GossipMessage:11_1> from Peer_22:peer
Peer_20:peer INFO 3036.7393954494246: Sending message <GossipMessage:11_1> to Peer_5:peer
Peer_20:peer INFO 3036.7393954494246: Sending message <GossipMessage:11_1> to Peer_11:peer
Peer_20:peer INFO 3037.239166514025: Received message <GossipMessage:11_1> from Peer_22:peer
Peer_20:peer INFO 3037.239166514025: Sending message <GossipMessage:11_1> to Peer_11:peer
Peer_20:peer INFO 3037.239166514025: Sending message <GossipMessage:11_1> to Peer_5:peer
Peer_20:peer INFO 3037.9499797469052: Received message <GossipMessage:11_1> from Peer_5:peer
Peer_20:peer INFO 3110.201627438651: Received message <GossipMessage:11_1> from Peer_22:peer
Peer_20:peer INFO 3143.6622127760998: Received message <GossipMessage:11_1> from Peer_11:peer
Peer_20:peer INFO 3143.6622127760998: Sending message <GossipMessage:11_1> to Peer_22:peer
Peer_20:peer INFO 3143.6622127760998: Sending message <GossipMessage:11_1> to Peer_5:peer
Peer_20:peer INFO 3192.268430835386: Received message <GossipMessage:11_1> from Peer_11:peer
Peer_20:peer INFO 3192.268430835386: Sending message <GossipMessage:11_1> to Peer_5:peer
Peer_20:peer INFO 3192.268430835386: Sending message <GossipMessage:11_1> to Peer_22:peer
Peer_20:peer INFO 3192.471521055913: Received message <GossipMessage:11_1> from Peer_5:peer
Peer_20:peer INFO 3194.3294732444747: Received message <GossipMessage:11_1> from Peer_11:peer
Peer_20:peer INFO 3237.367920095061: Received message <GossipMessage:12_1> from Peer_5:peer
Peer_20:peer INFO 3237.367920095061: Sending message <GossipMessage:12_1> to Peer_22:peer
Peer_20:peer INFO 3237.367920095061: Sending message <GossipMessage:12_1> to Peer_11:peer
Peer_20:peer INFO 3237.4616226903695: Received message <GossipMessage:12_1> from Peer_22:peer
Peer_20:peer INFO 3237.4616226903695: Sending message <GossipMessage:12_1> to Peer_5:peer
Peer_20:peer INFO 3237.4616226903695: Sending message <GossipMessage:12_1> to Peer_11:peer
Peer_20:peer INFO 3237.779123702496: Received message <GossipMessage:12_1> from Peer_22:peer
Peer_20:peer INFO 3238.0461109017306: Received message <GossipMessage:12_1> from Peer_22:peer
Peer_20:peer INFO 3238.1404279067015: Received message <GossipMessage:12_1> from Peer_5:peer
Peer_20:peer INFO 3308.759258569106: Received message <GossipMessage:12_1> from Peer_22:peer
Peer_20:peer INFO 3310.6240180801974: Received message <GossipMessage:12_1> from Peer_22:peer
Peer_20:peer INFO 3310.636130068051: Received message <GossipMessage:12_1> from Peer_22:peer
Peer_20:peer INFO 3343.535972063604: Received message <GossipMessage:12_1> from Peer_11:peer
Peer_20:peer INFO 3343.535972063604: Sending message <GossipMessage:12_1> to Peer_5:peer
Peer_20:peer INFO 3343.535972063604: Sending message <GossipMessage:12_1> to Peer_22:peer
Peer_20:peer INFO 3392.562725000741: Received message <GossipMessage:12_1> from Peer_11:peer
Peer_20:peer INFO 3392.562725000741: Sending message <GossipMessage:12_1> to Peer_22:peer
Peer_20:peer INFO 3392.562725000741: Sending message <GossipMessage:12_1> to Peer_5:peer
Peer_20:peer INFO 3392.8951697078946: Received message <GossipMessage:12_1> from Peer_5:peer
Peer_20:peer INFO 3436.3811828368416: Received message <GossipMessage:13_1> from Peer_22:peer
Peer_20:peer INFO 3436.3811828368416: Sending message <GossipMessage:13_1> to Peer_5:peer
Peer_20:peer INFO 3436.3811828368416: Sending message <GossipMessage:13_1> to Peer_11:peer
Peer_20:peer INFO 3437.1732984109676: Received message <GossipMessage:13_1> from Peer_22:peer
Peer_20:peer INFO 3437.1732984109676: Sending message <GossipMessage:13_1> to Peer_5:peer
Peer_20:peer INFO 3437.1732984109676: Sending message <GossipMessage:13_1> to Peer_11:peer
Peer_20:peer INFO 3437.883060432856: Received message <GossipMessage:13_1> from Peer_5:peer
Peer_20:peer INFO 3438.017749552583: Received message <GossipMessage:13_1> from Peer_22:peer
Peer_20:peer INFO 3438.594113008454: Received message <GossipMessage:13_1> from Peer_5:peer
Peer_20:peer INFO 3438.594113008454: Sending message <GossipMessage:13_1> to Peer_22:peer
Peer_20:peer INFO 3438.594113008454: Sending message <GossipMessage:13_1> to Peer_11:peer
Peer_20:peer INFO 3438.6401854736746: Received message <GossipMessage:13_1> from Peer_22:peer
Peer_20:peer INFO 3438.6401854736746: Sending message <GossipMessage:13_1> to Peer_5:peer
Peer_20:peer INFO 3438.6401854736746: Sending message <GossipMessage:13_1> to Peer_11:peer
Peer_20:peer INFO 3439.1038239552704: Received message <GossipMessage:13_1> from Peer_5:peer
Peer_20:peer INFO 3500: Sending message <Ping:> to Peer_26:bootstrap
Peer_20:peer INFO 3511.4620106665925: Received message <GossipMessage:13_1> from Peer_22:peer
Peer_20:peer INFO 3512.622676636898: Received message <GossipMessage:13_1> from Peer_22:peer
Peer_20:peer INFO 3536.722826001072: Received message <Ping:> from Peer_26:bootstrap
Peer_20:peer INFO 3536.722826001072: Sending message <Pong:> to Peer_26:bootstrap
Peer_20:peer INFO 3543.156419942996: Received message <GossipMessage:13_1> from Peer_11:peer
Peer_20:peer INFO 3543.156419942996: Sending message <GossipMessage:13_1> to Peer_22:peer
Peer_20:peer INFO 3543.156419942996: Sending message <GossipMessage:13_1> to Peer_5:peer
Peer_20:peer INFO 3574.2764195795144: Received message <Pong:> from Peer_26:bootstrap
Peer_20:peer INFO 3592.8515310029206: Received message <GossipMessage:13_1> from Peer_11:peer
Peer_20:peer INFO 3592.8515310029206: Sending message <GossipMessage:13_1> to Peer_22:peer
Peer_20:peer INFO 3592.8515310029206: Sending message <GossipMessage:13_1> to Peer_5:peer
Peer_20:peer INFO 3637.255952165359: Received message <GossipMessage:14_1> from Peer_22:peer
Peer_20:peer INFO 3637.2628507242252: Received message <GossipMessage:14_1> from Peer_5:peer
Peer_20:peer INFO 3637.2628507242252: Sending message <GossipMessage:14_1> to Peer_11:peer
Peer_20:peer INFO 3637.2628507242252: Sending message <GossipMessage:14_1> to Peer_22:peer
Peer_20:peer INFO 3637.5186622703195: Received message <GossipMessage:14_1> from Peer_22:peer
Peer_20:peer INFO 3637.5186622703195: Sending message <GossipMessage:14_1> to Peer_11:peer
Peer_20:peer INFO 3637.5186622703195: Sending message <GossipMessage:14_1> to Peer_5:peer
Peer_20:peer INFO 3637.6961844897774: Received message <GossipMessage:14_1> from Peer_22:peer
Peer_20:peer INFO 3637.6961844897774: Sending message <GossipMessage:14_1> to Peer_11:peer
Peer_20:peer INFO 3637.6961844897774: Sending message <GossipMessage:14_1> to Peer_5:peer
Peer_20:peer INFO 3638.5175189163792: Received message <GossipMessage:14_1> from Peer_5:peer
Peer_20:peer INFO 3710.5054978982894: Received message <GossipMessage:14_1> from Peer_22:peer
Peer_20:peer INFO 3710.9128329638656: Received message <GossipMessage:14_1> from Peer_22:peer
Peer_20:peer INFO 3743.45404125556: Received message <GossipMessage:14_1> from Peer_11:peer
Peer_20:peer INFO 3743.45404125556: Sending message <GossipMessage:14_1> to Peer_22:peer
Peer_20:peer INFO 3743.45404125556: Sending message <GossipMessage:14_1> to Peer_5:peer
Peer_20:peer INFO 3744.1259096683334: Received message <GossipMessage:14_1> from Peer_5:peer
Peer_20:peer INFO 3744.3908547110573: Received message <GossipMessage:14_1> from Peer_5:peer
Peer_20:peer INFO 3793.0769431247854: Received message <GossipMessage:14_1> from Peer_11:peer
Peer_20:peer INFO 3836.224647694586: Received message <GossipMessage:15_1> from Peer_22:peer
Peer_20:peer INFO 3836.224647694586: Sending message <GossipMessage:15_1> to Peer_5:peer
Peer_20:peer INFO 3836.224647694586: Sending message <GossipMessage:15_1> to Peer_11:peer
Peer_20:peer INFO 3837.493590746703: Received message <GossipMessage:15_1> from Peer_5:peer
Peer_20:peer INFO 3837.5990587195474: Received message <GossipMessage:15_1> from Peer_22:peer
Peer_20:peer INFO 3837.659747101982: Received message <GossipMessage:15_1> from Peer_5:peer
Peer_20:peer INFO 3838.1142823489204: Received message <GossipMessage:15_1> from Peer_22:peer
Peer_20:peer INFO 3838.1142823489204: Sending message <GossipMessage:15_1> to Peer_5:peer
Peer_20:peer INFO 3838.1142823489204: Sending message <GossipMessage:15_1> to Peer_11:peer
Peer_20:peer INFO 3943.522257386136: Received message <GossipMessage:15_1> from Peer_11:peer
Peer_20:peer INFO 3943.522257386136: Sending message <GossipMessage:15_1> to Peer_22:peer
Peer_20:peer INFO 3943.522257386136: Sending message <GossipMessage:15_1> to Peer_5:peer
Peer_20:peer INFO 3944.47930748832: Received message <GossipMessage:15_1> from Peer_5:peer
Peer_20:peer INFO 3993.0269796326766: Received message <GossipMessage:15_1> from Peer_11:peer
Peer_20:peer INFO 4036.7185130759167: Received message <GossipMessage:16_1> from Peer_5:peer
Peer_20:peer INFO 4036.7185130759167: Sending message <GossipMessage:16_1> to Peer_22:peer
Peer_20:peer INFO 4036.7185130759167: Sending message <GossipMessage:16_1> to Peer_11:peer
Peer_20:peer INFO 4036.7215455496003: Received message <GossipMessage:16_1> from Peer_5:peer
Peer_20:peer INFO 4036.7215455496003: Sending message <GossipMessage:16_1> to Peer_22:peer
Peer_20:peer INFO 4036.7215455496003: Sending message <GossipMessage:16_1> to Peer_11:peer
Peer_20:peer INFO 4037.0411505342: Received message <GossipMessage:16_1> from Peer_22:peer
Peer_20:peer INFO 4037.0411505342: Sending message <GossipMessage:16_1> to Peer_11:peer
Peer_20:peer INFO 4037.0411505342: Sending message <GossipMessage:16_1> to Peer_5:peer
Peer_20:peer INFO 4037.5128209955515: Received message <GossipMessage:16_1> from Peer_22:peer
Peer_20:peer INFO 4037.708900558777: Received message <GossipMessage:16_1> from Peer_5:peer
Peer_20:peer INFO 4109.388508648636: Received message <GossipMessage:16_1> from Peer_22:peer
Peer_20:peer INFO 4109.732270441282: Received message <GossipMessage:16_1> from Peer_22:peer
Peer_20:peer INFO 4110.455581893852: Received message <GossipMessage:16_1> from Peer_22:peer
Peer_20:peer INFO 4111.156196311435: Received message <GossipMessage:16_1> from Peer_22:peer
Peer_20:peer INFO 4144.516823291372: Received message <GossipMessage:16_1> from Peer_5:peer
Peer_20:peer INFO 4192.417179887553: Received message <GossipMessage:16_1> from Peer_5:peer
Peer_20:peer INFO 4192.968307317585: Received message <GossipMessage:16_1> from Peer_11:peer
Peer_20:peer INFO 4193.253648833203: Received message <GossipMessage:16_1> from Peer_11:peer
Peer_20:peer INFO 4193.253648833203: Sending message <GossipMessage:16_1> to Peer_22:peer
Peer_20:peer INFO 4193.253648833203: Sending message <GossipMessage:16_1> to Peer_5:peer
Peer_20:peer INFO 4236.253187041264: Received message <GossipMessage:17_1> from Peer_22:peer
Peer_20:peer INFO 4236.253187041264: Sending message <GossipMessage:17_1> to Peer_11:peer
Peer_20:peer INFO 4236.253187041264: Sending message <GossipMessage:17_1> to Peer_5:peer
Peer_20:peer INFO 4238.297121818918: Received message <GossipMessage:17_1> from Peer_5:peer
Peer_20:peer INFO 4309.155935286233: Received message <GossipMessage:17_1> from Peer_22:peer
Peer_20:peer INFO 4343.7359294640255: Received message <GossipMessage:17_1> from Peer_22:peer
Peer_20:peer INFO 4343.7359294640255: Sending message <GossipMessage:17_1> to Peer_5:peer
Peer_20:peer INFO 4343.7359294640255: Sending message <GossipMessage:17_1> to Peer_11:peer
Peer_20:peer INFO 4343.770730666623: Received message <GossipMessage:17_1> from Peer_5:peer
Peer_20:peer INFO 4343.800312463065: Received message <GossipMessage:17_1> from Peer_11:peer
Peer_20:peer INFO 4343.800312463065: Sending message <GossipMessage:17_1> to Peer_22:peer
Peer_20:peer INFO 4343.800312463065: Sending message <GossipMessage:17_1> to Peer_5:peer
Peer_20:peer INFO 4393.38895613965: Received message <GossipMessage:17_1> from Peer_5:peer
Peer_20:peer INFO 4436.767816898114: Received message <GossipMessage:18_1> from Peer_5:peer
Peer_20:peer INFO 4436.965082374791: Received message <GossipMessage:18_1> from Peer_22:peer
Peer_20:peer INFO 4436.965082374791: Sending message <GossipMessage:18_1> to Peer_11:peer
Peer_20:peer INFO 4436.965082374791: Sending message <GossipMessage:18_1> to Peer_5:peer
Peer_20:peer INFO 4437.723738769281: Received message <GossipMessage:18_1> from Peer_22:peer
Peer_20:peer INFO 4437.723738769281: Sending message <GossipMessage:18_1> to Peer_5:peer
Peer_20:peer INFO 4437.723738769281: Sending message <GossipMessage:18_1> to Peer_11:peer
Peer_20:peer INFO 4438.20082279866: Received message <GossipMessage:18_1> from Peer_5:peer
Peer_20:peer INFO 4438.20082279866: Sending message <GossipMessage:18_1> to Peer_22:peer
Peer_20:peer INFO 4438.20082279866: Sending message <GossipMessage:18_1> to Peer_11:peer
Peer_20:peer INFO 4438.576584787921: Received message <GossipMessage:18_1> from Peer_5:peer
Peer_20:peer INFO 4500: Sending message <Ping:> to Peer_26:bootstrap
Peer_20:peer INFO 4537.408482170656: Received message <Ping:> from Peer_26:bootstrap
Peer_20:peer INFO 4537.408482170656: Sending message <Pong:> to Peer_26:bootstrap
Peer_20:peer INFO 4543.670723834886: Received message <GossipMessage:18_1> from Peer_11:peer
Peer_20:peer INFO 4543.670723834886: Sending message <GossipMessage:18_1> to Peer_5:peer
Peer_20:peer INFO 4543.670723834886: Sending message <GossipMessage:18_1> to Peer_22:peer
Peer_20:peer INFO 4543.747586415935: Received message <GossipMessage:18_1> from Peer_22:peer
Peer_20:peer INFO 4543.747586415935: Sending message <GossipMessage:18_1> to Peer_11:peer
Peer_20:peer INFO 4543.747586415935: Sending message <GossipMessage:18_1> to Peer_5:peer
Peer_20:peer INFO 4544.405143407408: Received message <GossipMessage:18_1> from Peer_5:peer
Peer_20:peer INFO 4574.442221222732: Received message <Pong:> from Peer_26:bootstrap
Peer_20:peer INFO 4593.62923718078: Received message <GossipMessage:18_1> from Peer_11:peer
Peer_20:peer INFO 4593.62923718078: Sending message <GossipMessage:18_1> to Peer_5:peer
Peer_20:peer INFO 4593.62923718078: Sending message <GossipMessage:18_1> to Peer_22:peer
Peer_20:peer INFO 4637.282871064211: Received message <GossipMessage:19_1> from Peer_5:peer
Peer_20:peer INFO 4637.282871064211: Sending message <GossipMessage:19_1> to Peer_22:peer
Peer_20:peer INFO 4637.282871064211: Sending message <GossipMessage:19_1> to Peer_11:peer
Peer_20:peer INFO 4637.766090440939: Received message <GossipMessage:19_1> from Peer_5:peer
Peer_20:peer INFO 4638.691016991032: Received message <GossipMessage:19_1> from Peer_5:peer
Peer_20:peer INFO 4710.672708337639: Received message <GossipMessage:19_1> from Peer_22:peer
Peer_20:peer INFO 4710.80668352607: Received message <GossipMessage:19_1> from Peer_22:peer
Peer_20:peer INFO 4744.1715877874785: Received message <GossipMessage:19_1> from Peer_5:peer
Peer_20:peer INFO 4744.321580373832: Received message <GossipMessage:19_1> from Peer_5:peer
Peer_20:peer INFO 4793.084528826267: Received message <GossipMessage:19_1> from Peer_5:peer
Peer_20:peer INFO 4793.297826156008: Received message <GossipMessage:19_1> from Peer_11:peer
Peer_20:peer INFO 4793.297826156008: Sending message <GossipMessage:19_1> to Peer_5:peer
Peer_20:peer INFO 4793.297826156008: Sending message <GossipMessage:19_1> to Peer_22:peer
Peer_20:peer INFO 4793.560496141169: Received message <GossipMessage:19_1> from Peer_5:peer
Peer_20:peer INFO 4836.584062222696: Received message <GossipMessage:20_1> from Peer_22:peer
Peer_20:peer INFO 4836.584062222696: Sending message <GossipMessage:20_1> to Peer_5:peer
Peer_20:peer INFO 4836.584062222696: Sending message <GossipMessage:20_1> to Peer_11:peer
Peer_20:peer INFO 4837.185899099792: Received message <GossipMessage:20_1> from Peer_5:peer
Peer_20:peer INFO 4837.185899099792: Sending message <GossipMessage:20_1> to Peer_22:peer
Peer_20:peer INFO 4837.185899099792: Sending message <GossipMessage:20_1> to Peer_11:peer
Peer_20:peer INFO 4837.5550642638855: Received message <GossipMessage:20_1> from Peer_22:peer
Peer_20:peer INFO 4837.5550642638855: Sending message <GossipMessage:20_1> to Peer_11:peer
Peer_20:peer INFO 4837.5550642638855: Sending message <GossipMessage:20_1> to Peer_5:peer
Peer_20:peer INFO 4838.250092016394: Received message <GossipMessage:20_1> from Peer_22:peer
Peer_20:peer INFO 4838.250092016394: Sending message <GossipMessage:20_1> to Peer_5:peer
Peer_20:peer INFO 4838.250092016394: Sending message <GossipMessage:20_1> to Peer_11:peer
Peer_20:peer INFO 4910.554601297306: Received message <GossipMessage:20_1> from Peer_22:peer
Peer_20:peer INFO 4912.70194254083: Received message <GossipMessage:20_1> from Peer_22:peer
Peer_20:peer INFO 4943.667877783657: Received message <GossipMessage:20_1> from Peer_22:peer
Peer_20:peer INFO 4943.667877783657: Sending message <GossipMessage:20_1> to Peer_5:peer
Peer_20:peer INFO 4943.667877783657: Sending message <GossipMessage:20_1> to Peer_11:peer
Peer_20:peer INFO 4944.478802739608: Received message <GossipMessage:20_1> from Peer_22:peer
Peer_20:peer INFO 5036.77414432962: Received message <GossipMessage:21_1> from Peer_22:peer
Peer_20:peer INFO 5036.77414432962: Sending message <GossipMessage:21_1> to Peer_5:peer
Peer_20:peer INFO 5036.77414432962: Sending message <GossipMessage:21_1> to Peer_11:peer
Peer_20:peer INFO 5037.622226872667: Received message <GossipMessage:21_1> from Peer_5:peer
Peer_20:peer INFO 5037.873399272946: Received message <GossipMessage:21_1> from Peer_5:peer
Peer_20:peer INFO 5037.873399272946: Sending message <GossipMessage:21_1> to Peer_11:peer
Peer_20:peer INFO 5037.873399272946: Sending message <GossipMessage:21_1> to Peer_22:peer
Peer_20:peer INFO 5037.902392410531: Received message <GossipMessage:21_1> from Peer_5:peer
Peer_20:peer INFO 5037.912090559347: Received message <GossipMessage:21_1> from Peer_5:peer
Peer_20:peer INFO 5037.912090559347: Sending message <GossipMessage:21_1> to Peer_11:peer
Peer_20:peer INFO 5037.912090559347: Sending message <GossipMessage:21_1> to Peer_22:peer
Peer_20:peer INFO 5143.645573627405: Received message <GossipMessage:21_1> from Peer_11:peer
Peer_20:peer INFO 5143.645573627405: Sending message <GossipMessage:21_1> to Peer_22:peer
Peer_20:peer INFO 5143.645573627405: Sending message <GossipMessage:21_1> to Peer_5:peer
Peer_20:peer INFO 5143.690110445818: Received message <GossipMessage:21_1> from Peer_22:peer
Peer_20:peer INFO 5143.690110445818: Sending message <GossipMessage:21_1> to Peer_5:peer
Peer_20:peer INFO 5143.690110445818: Sending message <GossipMessage:21_1> to Peer_11:peer
Peer_20:peer INFO 5144.316371890278: Received message <GossipMessage:21_1> from Peer_5:peer
Peer_20:peer INFO 5192.539099894305: Received message <GossipMessage:21_1> from Peer_11:peer
Peer_20:peer INFO 5192.539099894305: Sending message <GossipMessage:21_1> to Peer_22:peer
Peer_20:peer INFO 5192.539099894305: Sending message <GossipMessage:21_1> to Peer_5:peer
Peer_20:peer INFO 5192.895279881708: Received message <GossipMessage:21_1> from Peer_5:peer
