Peer_25:peer WARNING 0: Not enough peers, fetching more (0, 4)
Peer_25:peer INFO 37.150269441699216: Connecting to Peer_26:bootstrap
Peer_25:peer INFO 73.29517576740109: Received message <RequestPeers:> from Peer_26:bootstrap
Peer_25:peer INFO 73.29517576740109: Sending message <PeerList> to Peer_26:bootstrap
Peer_25:peer INFO 74.00909050684658: Received message <Hello:> from Peer_26:bootstrap
Peer_25:peer WARNING 500: Not enough peers, fetching more (1, 4)
Peer_25:peer INFO 500: Sending message <RequestPeers:> to Peer_26:bootstrap
Peer_25:peer INFO 574.1469658450334: Received message <PeerList> from Peer_26:bootstrap
Peer_25:peer WARNING 1000: Not enough peers, fetching more (1, 4)
Peer_25:peer INFO 1000: Sending message <RequestPeers:> to Peer_26:bootstrap
Peer_25:peer INFO 1072.5037849574858: Received message <PeerList> from Peer_26:bootstrap
Peer_25:peer INFO 1077.8708599968263: Connecting to Peer_17:peer
Peer_25:peer INFO 1155.8499266167285: Received message <Hello:> from Peer_17:peer
Peer_25:peer INFO 1155.917631208618: Received message <RequestPeers:> from Peer_17:peer
Peer_25:peer INFO 1155.917631208618: Sending message <PeerList> to Peer_17:peer
Peer_25:peer INFO 1499.4480690077855: Received message <GossipMessage:2_1> from Peer_17:peer
Peer_25:peer WARNING 1500: Not enough peers, fetching more (2, 4)
Peer_25:peer INFO 1500: Sending message <RequestPeers:> to Peer_26:bootstrap
Peer_25:peer INFO 1500: Sending message <RequestPeers:> to Peer_17:peer
Peer_25:peer INFO 1500.2739619163742: Connecting to Peer_10:peer
Peer_25:peer INFO 1500.4854337099664: Received message <Hello:> from Peer_10:peer
Peer_25:peer INFO 1500.5449922567175: Received message <RequestPeers:> from Peer_10:peer
Peer_25:peer INFO 1500.5449922567175: Sending message <PeerList> to Peer_10:peer
Peer_25:peer INFO 1573.9792931392794: Received message <PeerList> from Peer_26:bootstrap
Peer_25:peer INFO 1655.8827386634239: Received message <PeerList> from Peer_17:peer
Peer_25:peer INFO 1699.7113675916883: Received message <GossipMessage:3_1> from Peer_17:peer
Peer_25:peer INFO 1792.9959109789431: Received message <GossipMessage:4_1> from Peer_17:peer
Peer_25:peer INFO 1899.620157762639: Received message <GossipMessage:4_1> from Peer_17:peer
Peer_25:peer INFO 1993.7052686729053: Received message <GossipMessage:5_1> from Peer_17:peer
Peer_25:peer WARNING 2000: Not enough peers, fetching more (3, 4)
Peer_25:peer INFO 2000.265213155991: Connecting to Peer_5:peer
Peer_25:peer INFO 2000.4983341525108: Received message <Hello:> from Peer_5:peer
Peer_25:peer INFO 2000.5040418028204: Received message <RequestPeers:> from Peer_5:peer
Peer_25:peer INFO 2000.5040418028204: Sending message <PeerList> to Peer_5:peer
Peer_25:peer INFO 2037.0189902095638: Received message <Hello:> from Peer_12:peer
Peer_25:peer INFO 2037.0189902095638: Connecting to Peer_12:peer
Peer_25:peer INFO 2037.0189902095638: Sending message <Hello:> to Peer_12:peer
Peer_25:peer INFO 2037.0189902095638: Sending message <RequestPeers:> to Peer_12:peer
Peer_25:peer INFO 2099.3642159407086: Received message <GossipMessage:5_1> from Peer_17:peer
Peer_25:peer INFO 2110.719184646098: Received message <PeerList> from Peer_12:peer
Peer_25:peer INFO 2144.256023995646: Received message <GossipMessage:6_1> from Peer_5:peer
Peer_25:peer INFO 2194.8859240304555: Received message <GossipMessage:6_1> from Peer_17:peer
Peer_25:peer INFO 2237.717539558461: Received message <GossipMessage:7_1> from Peer_12:peer
Peer_25:peer INFO 2237.717539558461: Sending message <GossipMessage:7_1> to Peer_17:peer
Peer_25:peer INFO 2237.717539558461: Sending message <GossipMessage:7_1> to Peer_10:peer
Peer_25:peer INFO 2237.717539558461: Sending message <GossipMessage:7_1> to Peer_5:peer
Peer_25:peer INFO 2299.478710717668: Received message <GossipMessage:6_1> from Peer_17:peer
Peer_25:peer INFO 2343.841645979737: Received message <GossipMessage:7_1> from Peer_5:peer
Peer_25:peer INFO 2343.948912760209: Received message <GossipMessage:7_1> from Peer_17:peer
Peer_25:peer INFO 2343.948912760209: Sending message <GossipMessage:7_1> to Peer_10:peer
Peer_25:peer INFO 2343.948912760209: Sending message <GossipMessage:7_1> to Peer_5:peer
Peer_25:peer INFO 2343.948912760209: Sending message <GossipMessage:7_1> to Peer_12:peer
Peer_25:peer INFO 2344.7687144639794: Received message <GossipMessage:7_1> from Peer_10:peer
Peer_25:peer INFO 2395.1616413177876: Received message <GossipMessage:7_1> from Peer_17:peer
Peer_25:peer INFO 2438.219453891707: Received message <GossipMessage:8_1> from Peer_12:peer
Peer_25:peer INFO 2438.219453891707: Sending message <GossipMessage:8_1> to Peer_17:peer
Peer_25:peer INFO 2438.219453891707: Sending message <GossipMessage:8_1> to Peer_5:peer
Peer_25:peer INFO 2438.219453891707: Sending message <GossipMessage:8_1> to Peer_10:peer
Peer_25:peer INFO 2499.2925920628236: Received message <GossipMessage:7_1> from Peer_17:peer
Peer_25:peer INFO 2500: Sending message <Ping:> to Peer_26:bootstrap
Peer_25:peer INFO 2536.85650921342: Received message <Ping:> from Peer_26:bootstrap
Peer_25:peer INFO 2536.85650921342: Sending message <Pong:> to Peer_26:bootstrap
Peer_25:peer INFO 2543.970387004783: Received message <GossipMessage:8_1> from Peer_17:peer
Peer_25:peer INFO 2543.970387004783: Sending message <GossipMessage:8_1> to Peer_12:peer
Peer_25:peer INFO 2543.970387004783: Sending message <GossipMessage:8_1> to Peer_10:peer
Peer_25:peer INFO 2543.970387004783: Sending message <GossipMessage:8_1> to Peer_5:peer
Peer_25:peer INFO 2544.0037030421267: Received message <GossipMessage:8_1> from Peer_5:peer
Peer_25:peer INFO 2544.0929599526203: Received message <GossipMessage:8_1> from Peer_10:peer
Peer_25:peer INFO 2574.1550437578594: Received message <Pong:> from Peer_26:bootstrap
Peer_25:peer INFO 2636.743743741329: Received message <GossipMessage:9_1> from Peer_12:peer
Peer_25:peer INFO 2636.743743741329: Sending message <GossipMessage:9_1> to Peer_5:peer
Peer_25:peer INFO 2636.743743741329: Sending message <GossipMessage:9_1> to Peer_10:peer
Peer_25:peer INFO 2636.743743741329: Sending message <GossipMessage:9_1> to Peer_17:peer
Peer_25:peer INFO 2637.7383969244684: Received message <GossipMessage:9_1> from Peer_5:peer
Peer_25:peer INFO 2638.2436334200092: Received message <GossipMessage:9_1> from Peer_5:peer
Peer_25:peer INFO 2638.2436334200092: Sending message <GossipMessage:9_1> to Peer_10:peer
Peer_25:peer INFO 2638.2436334200092: Sending message <GossipMessage:9_1> to Peer_12:peer
Peer_25:peer INFO 2638.2436334200092: Sending message <GossipMessage:9_1> to Peer_17:peer
Peer_25:peer INFO 2699.5758312262196: Received message <GossipMessage:8_1> from Peer_17:peer
Peer_25:peer INFO 2743.9736765272255: Received message <GossipMessage:9_1> from Peer_17:peer
Peer_25:peer INFO 2743.9736765272255: Sending message <GossipMessage:9_1> to Peer_12:peer
Peer_25:peer INFO 2743.9736765272255: Sending message <GossipMessage:9_1> to Peer_5:peer
Peer_25:peer INFO 2743.9736765272255: Sending message <GossipMessage:9_1> to Peer_10:peer
Peer_25:peer INFO 2744.2777344698757: Received message <GossipMessage:9_1> from Peer_10:peer
Peer_25:peer INFO 2744.3405645243574: Received message <GossipMessage:9_1> from Peer_5:peer
Peer_25:peer INFO 2744.393603734592: Received message <GossipMessage:9_1> from Peer_5:peer
Peer_25:peer INFO 2794.067487521368: Received message <GossipMessage:9_1> from Peer_17:peer
Peer_25:peer INFO 2817.4042584197064: Received message <GossipMessage:9_1> from Peer_17:peer
Peer_25:peer INFO 2837.1424908455338: Received message <GossipMessage:10_1> from Peer_5:peer
Peer_25:peer INFO 2837.1424908455338: Sending message <GossipMessage:10_1> to Peer_17:peer
Peer_25:peer INFO 2837.1424908455338: Sending message <GossipMessage:10_1> to Peer_12:peer
Peer_25:peer INFO 2837.1424908455338: Sending message <GossipMessage:10_1> to Peer_10:peer
Peer_25:peer INFO 2837.567091141189: Received message <GossipMessage:10_1> from Peer_5:peer
Peer_25:peer INFO 2837.679125526769: Received message <GossipMessage:10_1> from Peer_12:peer
Peer_25:peer INFO 2837.679125526769: Sending message <GossipMessage:10_1> to Peer_5:peer
Peer_25:peer INFO 2837.679125526769: Sending message <GossipMessage:10_1> to Peer_17:peer
Peer_25:peer INFO 2837.679125526769: Sending message <GossipMessage:10_1> to Peer_10:peer
Peer_25:peer INFO 2837.8087846820563: Received message <GossipMessage:10_1> from Peer_5:peer
Peer_25:peer INFO 2943.807004363349: Received message <GossipMessage:10_1> from Peer_17:peer
Peer_25:peer INFO 2943.807004363349: Sending message <GossipMessage:10_1> to Peer_5:peer
Peer_25:peer INFO 2943.807004363349: Sending message <GossipMessage:10_1> to Peer_12:peer
Peer_25:peer INFO 2943.807004363349: Sending message <GossipMessage:10_1> to Peer_10:peer
Peer_25:peer INFO 2944.1303907138868: Received message <GossipMessage:10_1> from Peer_5:peer
Peer_25:peer INFO 2944.1361664556503: Received message <GossipMessage:10_1> from Peer_5:peer
Peer_25:peer INFO 2944.339881049624: Received message <GossipMessage:10_1> from Peer_10:peer
Peer_25:peer INFO 2992.5176782588833: Received message <GossipMessage:10_1> from Peer_17:peer
Peer_25:peer INFO 2992.5176782588833: Sending message <GossipMessage:10_1> to Peer_12:peer
Peer_25:peer INFO 2992.5176782588833: Sending message <GossipMessage:10_1> to Peer_5:peer
Peer_25:peer INFO 2992.5176782588833: Sending message <GossipMessage:10_1> to Peer_10:peer
Peer_25:peer INFO 2992.7333938166985: Received message <GossipMessage:10_1> from Peer_5:peer
Peer_25:peer INFO 2992.913301884147: Received message <GossipMessage:10_1> from Peer_17:peer
Peer_25:peer INFO 3037.2581465716316: Received message <GossipMessage:11_1> from Peer_5:peer
Peer_25:peer INFO 3037.307858712076: Received message <GossipMessage:11_1> from Peer_12:peer
Peer_25:peer INFO 3037.307858712076: Sending message <GossipMessage:11_1> to Peer_17:peer
Peer_25:peer INFO 3037.307858712076: Sending message <GossipMessage:11_1> to Peer_5:peer
Peer_25:peer INFO 3037.307858712076: Sending message <GossipMessage:11_1> to Peer_10:peer
Peer_25:peer INFO 3099.4068361504014: Received message <GossipMessage:10_1> from Peer_17:peer
Peer_25:peer INFO 3143.940788268804: Received message <GossipMessage:11_1> from Peer_17:peer
Peer_25:peer INFO 3143.940788268804: Sending message <GossipMessage:11_1> to Peer_5:peer
Peer_25:peer INFO 3143.940788268804: Sending message <GossipMessage:11_1> to Peer_12:peer
Peer_25:peer INFO 3143.940788268804: Sending message <GossipMessage:11_1> to Peer_10:peer
Peer_25:peer INFO 3144.1445297582877: Received message <GossipMessage:11_1> from Peer_5:peer
Peer_25:peer INFO 3144.4070171203493: Received message <GossipMessage:11_1> from Peer_10:peer
Peer_25:peer INFO 3192.2038697834405: Received message <GossipMessage:11_1> from Peer_17:peer
Peer_25:peer INFO 3192.2038697834405: Sending message <GossipMessage:11_1> to Peer_10:peer
Peer_25:peer INFO 3192.2038697834405: Sending message <GossipMessage:11_1> to Peer_12:peer
Peer_25:peer INFO 3192.2038697834405: Sending message <GossipMessage:11_1> to Peer_5:peer
Peer_25:peer INFO 3192.468347406076: Received message <GossipMessage:11_1> from Peer_5:peer
Peer_25:peer INFO 3237.4118336506026: Received message <GossipMessage:12_1> from Peer_5:peer
Peer_25:peer INFO 3237.4118336506026: Sending message <GossipMessage:12_1> to Peer_10:peer
Peer_25:peer INFO 3237.4118336506026: Sending message <GossipMessage:12_1> to Peer_17:peer
Peer_25:peer INFO 3237.4118336506026: Sending message <GossipMessage:12_1> to Peer_12:peer
Peer_25:peer INFO 3237.6293017904113: Received message <GossipMessage:12_1> from Peer_12:peer
Peer_25:peer INFO 3237.6293017904113: Sending message <GossipMessage:12_1> to Peer_5:peer
Peer_25:peer INFO 3237.6293017904113: Sending message <GossipMessage:12_1> to Peer_17:peer
Peer_25:peer INFO 3237.6293017904113: Sending message <GossipMessage:12_1> to Peer_10:peer
Peer_25:peer INFO 3343.570984652394: Received message <GossipMessage:12_1> from Peer_10:peer
Peer_25:peer INFO 3343.570984652394: Sending message <GossipMessage:12_1> to Peer_12:peer
Peer_25:peer INFO 3343.570984652394: Sending message <GossipMessage:12_1> to Peer_5:peer
Peer_25:peer INFO 3343.570984652394: Sending message <GossipMessage:12_1> to Peer_17:peer
Peer_25:peer INFO 3343.9043023294826: Received message <GossipMessage:12_1> from Peer_17:peer
Peer_25:peer INFO 3343.9043023294826: Sending message <GossipMessage:12_1> to Peer_10:peer
Peer_25:peer INFO 3343.9043023294826: Sending message <GossipMessage:12_1> to Peer_12:peer
Peer_25:peer INFO 3343.9043023294826: Sending message <GossipMessage:12_1> to Peer_5:peer
Peer_25:peer INFO 3344.05776459497: Received message <GossipMessage:12_1> from Peer_5:peer
Peer_25:peer INFO 3344.382883771641: Received message <GossipMessage:12_1> from Peer_10:peer
Peer_25:peer INFO 3392.9460396456307: Received message <GossipMessage:12_1> from Peer_5:peer
Peer_25:peer INFO 3393.1171467140466: Received message <GossipMessage:12_1> from Peer_17:peer
Peer_25:peer INFO 3417.7959532965565: Received message <GossipMessage:12_1> from Peer_12:peer
Peer_25:peer INFO 3437.456626480633: Received message <GossipMessage:13_1> from Peer_12:peer
Peer_25:peer INFO 3437.456626480633: Sending message <GossipMessage:13_1> to Peer_17:peer
Peer_25:peer INFO 3437.456626480633: Sending message <GossipMessage:13_1> to Peer_10:peer
Peer_25:peer INFO 3437.456626480633: Sending message <GossipMessage:13_1> to Peer_5:peer
Peer_25:peer INFO 3437.7624587355454: Received message <GossipMessage:13_1> from Peer_5:peer
Peer_25:peer INFO 3438.6269249453476: Received message <GossipMessage:13_1> from Peer_5:peer
Peer_25:peer INFO 3438.6269249453476: Sending message <GossipMessage:13_1> to Peer_10:peer
Peer_25:peer INFO 3438.6269249453476: Sending message <GossipMessage:13_1> to Peer_12:peer
Peer_25:peer INFO 3438.6269249453476: Sending message <GossipMessage:13_1> to Peer_17:peer
Peer_25:peer INFO 3439.0816935647267: Received message <GossipMessage:13_1> from Peer_5:peer
Peer_25:peer INFO 3499.4869926178403: Received message <GossipMessage:12_1> from Peer_17:peer
Peer_25:peer INFO 3500: Sending message <Ping:> to Peer_26:bootstrap
Peer_25:peer INFO 3536.1493571778333: Received message <Ping:> from Peer_26:bootstrap
Peer_25:peer INFO 3536.1493571778333: Sending message <Pong:> to Peer_26:bootstrap
Peer_25:peer INFO 3536.269620111235: Received message <Hello:> from Peer_1:client
Peer_25:peer INFO 3536.269620111235: Connecting to Peer_1:client
Peer_25:peer INFO 3536.269620111235: Sending message <Hello:> to Peer_1:client
Peer_25:peer INFO 3536.269620111235: Sending message <RequestPeers:> to Peer_1:client
Peer_25:peer INFO 3543.5964724197997: Received message <GossipMessage:13_1> from Peer_5:peer
Peer_25:peer INFO 3543.635628768162: Received message <GossipMessage:13_1> from Peer_10:peer
Peer_25:peer INFO 3543.635628768162: Sending message <GossipMessage:13_1> to Peer_12:peer
Peer_25:peer INFO 3543.635628768162: Sending message <GossipMessage:13_1> to Peer_17:peer
Peer_25:peer INFO 3543.635628768162: Sending message <GossipMessage:13_1> to Peer_5:peer
Peer_25:peer INFO 3543.887556101937: Received message <GossipMessage:13_1> from Peer_17:peer
Peer_25:peer INFO 3543.887556101937: Sending message <GossipMessage:13_1> to Peer_12:peer
Peer_25:peer INFO 3543.887556101937: Sending message <GossipMessage:13_1> to Peer_5:peer
Peer_25:peer INFO 3543.887556101937: Sending message <GossipMessage:13_1> to Peer_10:peer
Peer_25:peer INFO 3544.227244861217: Received message <GossipMessage:13_1> from Peer_10:peer
Peer_25:peer INFO 3567.8104289776757: Received message <GossipMessage:13_1> from Peer_12:peer
Peer_25:peer INFO 3567.8104289776757: Sending message <GossipMessage:13_1> to Peer_17:peer
Peer_25:peer INFO 3567.8104289776757: Sending message <GossipMessage:13_1> to Peer_5:peer
Peer_25:peer INFO 3567.8104289776757: Sending message <GossipMessage:13_1> to Peer_10:peer
Peer_25:peer INFO 3572.6159296217324: Received message <Pong:> from Peer_26:bootstrap
Peer_25:peer INFO 3592.9347461391494: Received message <GossipMessage:13_1> from Peer_17:peer
Peer_25:peer INFO 3592.9347461391494: Sending message <GossipMessage:13_1> to Peer_5:peer
Peer_25:peer INFO 3592.9347461391494: Sending message <GossipMessage:13_1> to Peer_10:peer
Peer_25:peer INFO 3592.9347461391494: Sending message <GossipMessage:13_1> to Peer_12:peer
Peer_25:peer INFO 3594.362247615946: Received message <GossipMessage:13_1> from Peer_17:peer
Peer_25:peer INFO 3611.618944260909: Received message <PeerList> from Peer_1:client
Peer_25:peer INFO 3616.9692700481764: Received message <GossipMessage:13_1> from Peer_17:peer
Peer_25:peer INFO 3618.0337155227244: Received message <GossipMessage:13_1> from Peer_12:peer
Peer_25:peer INFO 3636.829014800816: Received message <GossipMessage:14_1> from Peer_1:client
Peer_25:peer INFO 3636.829014800816: Sending message <GossipMessage:14_1> to Peer_10:peer
Peer_25:peer INFO 3636.829014800816: Sending message <GossipMessage:14_1> to Peer_12:peer
Peer_25:peer INFO 3636.829014800816: Sending message <GossipMessage:14_1> to Peer_17:peer
Peer_25:peer INFO 3637.276906988144: Received message <GossipMessage:14_1> from Peer_5:peer
Peer_25:peer INFO 3637.276906988144: Sending message <GossipMessage:14_1> to Peer_10:peer
Peer_25:peer INFO 3637.276906988144: Sending message <GossipMessage:14_1> to Peer_12:peer
Peer_25:peer INFO 3637.276906988144: Sending message <GossipMessage:14_1> to Peer_17:peer
Peer_25:peer INFO 3637.9895039629428: Received message <GossipMessage:14_1> from Peer_12:peer
Peer_25:peer INFO 3637.9895039629428: Sending message <GossipMessage:14_1> to Peer_5:peer
Peer_25:peer INFO 3637.9895039629428: Sending message <GossipMessage:14_1> to Peer_10:peer
Peer_25:peer INFO 3637.9895039629428: Sending message <GossipMessage:14_1> to Peer_17:peer
Peer_25:peer INFO 3699.196867456934: Received message <GossipMessage:13_1> from Peer_17:peer
Peer_25:peer INFO 3743.689325340492: Received message <GossipMessage:14_1> from Peer_10:peer
Peer_25:peer INFO 3743.689325340492: Sending message <GossipMessage:14_1> to Peer_12:peer
Peer_25:peer INFO 3743.689325340492: Sending message <GossipMessage:14_1> to Peer_5:peer
Peer_25:peer INFO 3743.689325340492: Sending message <GossipMessage:14_1> to Peer_17:peer
Peer_25:peer INFO 3744.0119812292883: Received message <GossipMessage:14_1> from Peer_5:peer
Peer_25:peer INFO 3744.038480655977: Received message <GossipMessage:14_1> from Peer_5:peer
Peer_25:peer INFO 3744.1413890583176: Received message <GossipMessage:14_1> from Peer_5:peer
Peer_25:peer INFO 3744.3950707393433: Received message <GossipMessage:14_1> from Peer_10:peer
Peer_25:peer INFO 3767.8947610050036: Received message <GossipMessage:14_1> from Peer_12:peer
Peer_25:peer INFO 3767.8947610050036: Sending message <GossipMessage:14_1> to Peer_10:peer
Peer_25:peer INFO 3767.8947610050036: Sending message <GossipMessage:14_1> to Peer_5:peer
Peer_25:peer INFO 3767.8947610050036: Sending message <GossipMessage:14_1> to Peer_17:peer
Peer_25:peer INFO 3793.06991361874: Received message <GossipMessage:14_1> from Peer_17:peer
Peer_25:peer INFO 3793.1416067916603: Received message <GossipMessage:14_1> from Peer_17:peer
Peer_25:peer INFO 3816.8826809702855: Received message <GossipMessage:14_1> from Peer_17:peer
Peer_25:peer INFO 3817.58076704246: Received message <GossipMessage:14_1> from Peer_17:peer
Peer_25:peer INFO 3836.719686241393: Received message <GossipMessage:15_1> from Peer_5:peer
Peer_25:peer INFO 3837.04843534091: Received message <GossipMessage:15_1> from Peer_12:peer
Peer_25:peer INFO 3837.04843534091: Sending message <GossipMessage:15_1> to Peer_17:peer
Peer_25:peer INFO 3837.04843534091: Sending message <GossipMessage:15_1> to Peer_5:peer
Peer_25:peer INFO 3837.04843534091: Sending message <GossipMessage:15_1> to Peer_10:peer
Peer_25:peer INFO 3837.6274919463144: Received message <GossipMessage:15_1> from Peer_5:peer
Peer_25:peer INFO 3874.3622814776995: Received message <GossipMessage:14_1> from Peer_17:peer
Peer_25:peer INFO 3899.4944786257133: Received message <GossipMessage:14_1> from Peer_17:peer
Peer_25:peer INFO 3943.962376826649: Received message <GossipMessage:15_1> from Peer_5:peer
Peer_25:peer INFO 3944.5098187469935: Received message <GossipMessage:15_1> from Peer_10:peer
Peer_25:peer INFO 3944.7417881674583: Received message <GossipMessage:15_1> from Peer_5:peer
Peer_25:peer INFO 3967.754481956613: Received message <GossipMessage:15_1> from Peer_12:peer
Peer_25:peer INFO 3967.754481956613: Sending message <GossipMessage:15_1> to Peer_5:peer
Peer_25:peer INFO 3967.754481956613: Sending message <GossipMessage:15_1> to Peer_17:peer
Peer_25:peer INFO 3967.754481956613: Sending message <GossipMessage:15_1> to Peer_10:peer
Peer_25:peer INFO 3993.0182944510866: Received message <GossipMessage:15_1> from Peer_17:peer
Peer_25:peer INFO 4036.135102194791: Received message <GossipMessage:16_1> from Peer_1:client
Peer_25:peer INFO 4036.135102194791: Sending message <GossipMessage:16_1> to Peer_10:peer
Peer_25:peer INFO 4036.135102194791: Sending message <GossipMessage:16_1> to Peer_17:peer
Peer_25:peer INFO 4036.135102194791: Sending message <GossipMessage:16_1> to Peer_5:peer
Peer_25:peer INFO 4036.647401845364: Received message <GossipMessage:16_1> from Peer_5:peer
Peer_25:peer INFO 4036.647401845364: Sending message <GossipMessage:16_1> to Peer_12:peer
Peer_25:peer INFO 4036.647401845364: Sending message <GossipMessage:16_1> to Peer_17:peer
Peer_25:peer INFO 4036.647401845364: Sending message <GossipMessage:16_1> to Peer_10:peer
Peer_25:peer INFO 4037.074966898913: Received message <RequestPeers:> from Peer_1:client
Peer_25:peer INFO 4037.074966898913: Sending message <PeerList> to Peer_1:client
Peer_25:peer INFO 4037.2134661370405: Received message <GossipMessage:16_1> from Peer_12:peer
Peer_25:peer INFO 4037.2134661370405: Sending message <GossipMessage:16_1> to Peer_17:peer
Peer_25:peer INFO 4037.2134661370405: Sending message <GossipMessage:16_1> to Peer_10:peer
Peer_25:peer INFO 4037.2134661370405: Sending message <GossipMessage:16_1> to Peer_5:peer
Peer_25:peer INFO 4099.658776608103: Received message <GossipMessage:15_1> from Peer_17:peer
Peer_25:peer INFO 4144.19675157324: Received message <GossipMessage:16_1> from Peer_10:peer
Peer_25:peer INFO 4144.2822165517855: Received message <GossipMessage:16_1> from Peer_17:peer
Peer_25:peer INFO 4144.2822165517855: Sending message <GossipMessage:16_1> to Peer_5:peer
Peer_25:peer INFO 4144.2822165517855: Sending message <GossipMessage:16_1> to Peer_10:peer
Peer_25:peer INFO 4144.2822165517855: Sending message <GossipMessage:16_1> to Peer_12:peer
Peer_25:peer INFO 4144.520194226531: Received message <GossipMessage:16_1> from Peer_5:peer
Peer_25:peer INFO 4192.418407774275: Received message <GossipMessage:16_1> from Peer_5:peer
Peer_25:peer INFO 4192.474391372106: Received message <GossipMessage:16_1> from Peer_17:peer
Peer_25:peer INFO 4193.359732802707: Received message <GossipMessage:16_1> from Peer_17:peer
Peer_25:peer INFO 4193.359732802707: Sending message <GossipMessage:16_1> to Peer_5:peer
Peer_25:peer INFO 4193.359732802707: Sending message <GossipMessage:16_1> to Peer_10:peer
Peer_25:peer INFO 4193.359732802707: Sending message <GossipMessage:16_1> to Peer_12:peer
Peer_25:peer INFO 4216.239022990748: Received message <GossipMessage:16_1> from Peer_12:peer
Peer_25:peer INFO 4216.568350763304: Received message <GossipMessage:16_1> from Peer_12:peer
Peer_25:peer INFO 4219.321744015742: Received message <GossipMessage:16_1> from Peer_17:peer
Peer_25:peer INFO 4237.112349811593: Received message <GossipMessage:17_1> from Peer_1:client
Peer_25:peer INFO 4237.112349811593: Sending message <GossipMessage:17_1> to Peer_17:peer
Peer_25:peer INFO 4237.112349811593: Sending message <GossipMessage:17_1> to Peer_10:peer
Peer_25:peer INFO 4237.112349811593: Sending message <GossipMessage:17_1> to Peer_12:peer
Peer_25:peer INFO 4237.790204179349: Received message <GossipMessage:17_1> from Peer_12:peer
Peer_25:peer INFO 4237.790204179349: Sending message <GossipMessage:17_1> to Peer_10:peer
Peer_25:peer INFO 4237.790204179349: Sending message <GossipMessage:17_1> to Peer_17:peer
Peer_25:peer INFO 4237.790204179349: Sending message <GossipMessage:17_1> to Peer_5:peer
Peer_25:peer INFO 4343.776208839781: Received message <GossipMessage:17_1> from Peer_5:peer
Peer_25:peer INFO 4343.799812748038: Received message <GossipMessage:17_1> from Peer_17:peer
Peer_25:peer INFO 4343.799812748038: Sending message <GossipMessage:17_1> to Peer_5:peer
Peer_25:peer INFO 4343.799812748038: Sending message <GossipMessage:17_1> to Peer_10:peer
Peer_25:peer INFO 4343.799812748038: Sending message <GossipMessage:17_1> to Peer_12:peer
Peer_25:peer INFO 4343.8928105609175: Received message <GossipMessage:17_1> from Peer_10:peer
Peer_25:peer INFO 4343.8928105609175: Sending message <GossipMessage:17_1> to Peer_17:peer
Peer_25:peer INFO 4343.8928105609175: Sending message <GossipMessage:17_1> to Peer_12:peer
Peer_25:peer INFO 4343.8928105609175: Sending message <GossipMessage:17_1> to Peer_5:peer
Peer_25:peer INFO 4343.965109857485: Received message <GossipMessage:17_1> from Peer_10:peer
Peer_25:peer INFO 4344.1198856140245: Received message <GossipMessage:17_1> from Peer_10:peer
Peer_25:peer INFO 4344.283875528651: Received message <GossipMessage:17_1> from Peer_5:peer
Peer_25:peer INFO 4367.291527986849: Received message <GossipMessage:17_1> from Peer_12:peer
Peer_25:peer INFO 4367.291527986849: Sending message <GossipMessage:17_1> to Peer_17:peer
Peer_25:peer INFO 4367.291527986849: Sending message <GossipMessage:17_1> to Peer_10:peer
Peer_25:peer INFO 4367.291527986849: Sending message <GossipMessage:17_1> to Peer_5:peer
Peer_25:peer INFO 4393.392156363025: Received message <GossipMessage:17_1> from Peer_5:peer
Peer_25:peer INFO 4417.9276211259485: Received message <GossipMessage:17_1> from Peer_17:peer
Peer_25:peer INFO 4436.8957832912465: Received message <GossipMessage:18_1> from Peer_5:peer
Peer_25:peer INFO 4437.54382146506: Received message <GossipMessage:18_1> from Peer_5:peer
Peer_25:peer INFO 4438.110909054265: Received message <GossipMessage:18_1> from Peer_12:peer
Peer_25:peer INFO 4438.110909054265: Sending message <GossipMessage:18_1> to Peer_10:peer
Peer_25:peer INFO 4438.110909054265: Sending message <GossipMessage:18_1> to Peer_5:peer
Peer_25:peer INFO 4438.110909054265: Sending message <GossipMessage:18_1> to Peer_17:peer
Peer_25:peer INFO 4438.179640856169: Received message <GossipMessage:18_1> from Peer_5:peer
Peer_25:peer INFO 4438.179640856169: Sending message <GossipMessage:18_1> to Peer_12:peer
Peer_25:peer INFO 4438.179640856169: Sending message <GossipMessage:18_1> to Peer_10:peer
Peer_25:peer INFO 4438.179640856169: Sending message <GossipMessage:18_1> to Peer_17:peer
Peer_25:peer INFO 4474.552382795747: Received message <GossipMessage:17_1> from Peer_17:peer
Peer_25:peer INFO 4500: Sending message <Ping:> to Peer_26:bootstrap
Peer_25:peer INFO 4536.399468461559: Received message <Ping:> from Peer_26:bootstrap
Peer_25:peer INFO 4536.399468461559: Sending message <Pong:> to Peer_26:bootstrap
Peer_25:peer INFO 4544.058403644479: Received message <GossipMessage:18_1> from Peer_17:peer
Peer_25:peer INFO 4544.156078696991: Received message <GossipMessage:18_1> from Peer_17:peer
Peer_25:peer INFO 4544.156078696991: Sending message <GossipMessage:18_1> to Peer_10:peer
Peer_25:peer INFO 4544.156078696991: Sending message <GossipMessage:18_1> to Peer_5:peer
Peer_25:peer INFO 4544.156078696991: Sending message <GossipMessage:18_1> to Peer_12:peer
Peer_25:peer INFO 4544.166922006306: Received message <GossipMessage:18_1> from Peer_5:peer
Peer_25:peer INFO 4544.369647940857: Received message <GossipMessage:18_1> from Peer_10:peer
Peer_25:peer INFO 4544.429329464091: Received message <GossipMessage:18_1> from Peer_5:peer
Peer_25:peer INFO 4567.447367116371: Received message <GossipMessage:18_1> from Peer_12:peer
Peer_25:peer INFO 4567.447367116371: Sending message <GossipMessage:18_1> to Peer_17:peer
Peer_25:peer INFO 4567.447367116371: Sending message <GossipMessage:18_1> to Peer_5:peer
Peer_25:peer INFO 4567.447367116371: Sending message <GossipMessage:18_1> to Peer_10:peer
Peer_25:peer INFO 4572.638775371626: Received message <Pong:> from Peer_26:bootstrap
Peer_25:peer INFO 4594.073706685843: Received message <GossipMessage:18_1> from Peer_17:peer
Peer_25:peer INFO 4615.774923390138: Received message <GossipMessage:18_1> from Peer_17:peer
Peer_25:peer INFO 4636.758939482512: Received message <GossipMessage:19_1> from Peer_1:client
Peer_25:peer INFO 4636.758939482512: Sending message <GossipMessage:19_1> to Peer_17:peer
Peer_25:peer INFO 4636.758939482512: Sending message <GossipMessage:19_1> to Peer_5:peer
Peer_25:peer INFO 4636.758939482512: Sending message <GossipMessage:19_1> to Peer_10:peer
Peer_25:peer INFO 4637.76353746548: Received message <GossipMessage:19_1> from Peer_5:peer
Peer_25:peer INFO 4638.1735226318615: Received message <GossipMessage:19_1> from Peer_12:peer
Peer_25:peer INFO 4638.1735226318615: Sending message <GossipMessage:19_1> to Peer_5:peer
Peer_25:peer INFO 4638.1735226318615: Sending message <GossipMessage:19_1> to Peer_10:peer
Peer_25:peer INFO 4638.1735226318615: Sending message <GossipMessage:19_1> to Peer_17:peer
Peer_25:peer INFO 4699.687368538075: Received message <GossipMessage:18_1> from Peer_17:peer
Peer_25:peer INFO 4743.820217503706: Received message <GossipMessage:19_1> from Peer_10:peer
Peer_25:peer INFO 4743.820217503706: Sending message <GossipMessage:19_1> to Peer_5:peer
Peer_25:peer INFO 4743.820217503706: Sending message <GossipMessage:19_1> to Peer_17:peer
Peer_25:peer INFO 4743.820217503706: Sending message <GossipMessage:19_1> to Peer_12:peer
Peer_25:peer INFO 4744.223691038127: Received message <GossipMessage:19_1> from Peer_5:peer
Peer_25:peer INFO 4744.289557338578: Received message <GossipMessage:19_1> from Peer_5:peer
Peer_25:peer INFO 4744.371896393395: Received message <GossipMessage:19_1> from Peer_10:peer
Peer_25:peer INFO 4744.393068902316: Received message <GossipMessage:19_1> from Peer_10:peer
Peer_25:peer INFO 4744.501957052631: Received message <GossipMessage:19_1> from Peer_10:peer
Peer_25:peer INFO 4768.661551392604: Received message <GossipMessage:19_1> from Peer_12:peer
Peer_25:peer INFO 4768.661551392604: Sending message <GossipMessage:19_1> to Peer_5:peer
Peer_25:peer INFO 4768.661551392604: Sending message <GossipMessage:19_1> to Peer_17:peer
Peer_25:peer INFO 4768.661551392604: Sending message <GossipMessage:19_1> to Peer_10:peer
Peer_25:peer INFO 4769.466182560457: Received message <GossipMessage:19_1> from Peer_12:peer
Peer_25:peer INFO 4793.0541152580845: Received message <GossipMessage:19_1> from Peer_5:peer
Peer_25:peer INFO 4793.09766559245: Received message <GossipMessage:19_1> from Peer_17:peer
Peer_25:peer INFO 4793.628834343511: Received message <GossipMessage:19_1> from Peer_5:peer
Peer_25:peer INFO 4836.017281801607: Received message <GossipMessage:20_1> from Peer_1:client
Peer_25:peer INFO 4836.017281801607: Sending message <GossipMessage:20_1> to Peer_10:peer
Peer_25:peer INFO 4836.017281801607: Sending message <GossipMessage:20_1> to Peer_17:peer
Peer_25:peer INFO 4836.017281801607: Sending message <GossipMessage:20_1> to Peer_12:peer
Peer_25:peer INFO 4837.074230687424: Received message <GossipMessage:20_1> from Peer_5:peer
Peer_25:peer INFO 4837.188734946116: Received message <GossipMessage:20_1> from Peer_5:peer
Peer_25:peer INFO 4837.188734946116: Sending message <GossipMessage:20_1> to Peer_10:peer
Peer_25:peer INFO 4837.188734946116: Sending message <GossipMessage:20_1> to Peer_17:peer
Peer_25:peer INFO 4837.188734946116: Sending message <GossipMessage:20_1> to Peer_12:peer
Peer_25:peer INFO 4874.48502817686: Received message <GossipMessage:19_1> from Peer_17:peer
Peer_25:peer INFO 4943.941352708155: Received message <GossipMessage:20_1> from Peer_10:peer
Peer_25:peer INFO 4944.03711843776: Received message <GossipMessage:20_1> from Peer_10:peer
Peer_25:peer INFO 4944.03711843776: Sending message <GossipMessage:20_1> to Peer_17:peer
Peer_25:peer INFO 4944.03711843776: Sending message <GossipMessage:20_1> to Peer_12:peer
Peer_25:peer INFO 4944.03711843776: Sending message <GossipMessage:20_1> to Peer_5:peer
Peer_25:peer INFO 4944.152446312377: Received message <GossipMessage:20_1> from Peer_10:peer
Peer_25:peer INFO 4944.167422732653: Received message <GossipMessage:20_1> from Peer_10:peer
Peer_25:peer INFO 4967.810870080666: Received message <GossipMessage:20_1> from Peer_12:peer
Peer_25:peer INFO 4968.46147354324: Received message <GossipMessage:20_1> from Peer_12:peer
Peer_25:peer INFO 4968.46147354324: Sending message <GossipMessage:20_1> to Peer_5:peer
Peer_25:peer INFO 4968.46147354324: Sending message <GossipMessage:20_1> to Peer_10:peer
Peer_25:peer INFO 4968.46147354324: Sending message <GossipMessage:20_1> to Peer_17:peer
Peer_25:peer INFO 4992.9284724145655: Received message <GossipMessage:20_1> from Peer_17:peer
Peer_25:peer INFO 4993.721869724156: Received message <GossipMessage:20_1> from Peer_17:peer
Peer_25:peer INFO 4993.721869724156: Sending message <GossipMessage:20_1> to Peer_10:peer
Peer_25:peer INFO 4993.721869724156: Sending message <GossipMessage:20_1> to Peer_12:peer
Peer_25:peer INFO 4993.721869724156: Sending message <GossipMessage:20_1> to Peer_5:peer
Peer_25:peer INFO 5015.768964135898: Received message <GossipMessage:20_1> from Peer_12:peer
Peer_25:peer INFO 5016.366113650266: Received message <GossipMessage:20_1> from Peer_17:peer
Peer_25:peer INFO 5037.106271137548: Received message <GossipMessage:21_1> from Peer_12:peer
Peer_25:peer INFO 5037.106271137548: Sending message <GossipMessage:21_1> to Peer_5:peer
Peer_25:peer INFO 5037.106271137548: Sending message <GossipMessage:21_1> to Peer_17:peer
Peer_25:peer INFO 5037.106271137548: Sending message <GossipMessage:21_1> to Peer_10:peer
Peer_25:peer INFO 5037.218673774897: Received message <Ping:> from Peer_1:client
Peer_25:peer INFO 5037.218673774897: Sending message <Pong:> to Peer_1:client
Peer_25:peer INFO 5037.359623009647: Received message <GossipMessage:21_1> from Peer_1:client
Peer_25:peer INFO 5037.359623009647: Sending message <GossipMessage:21_1> to Peer_12:peer
Peer_25:peer INFO 5037.359623009647: Sending message <GossipMessage:21_1> to Peer_10:peer
Peer_25:peer INFO 5037.359623009647: Sending message <GossipMessage:21_1> to Peer_5:peer
Peer_25:peer INFO 5037.782206609762: Received message <GossipMessage:21_1> from Peer_5:peer
Peer_25:peer INFO 5037.782206609762: Sending message <GossipMessage:21_1> to Peer_10:peer
Peer_25:peer INFO 5037.782206609762: Sending message <GossipMessage:21_1> to Peer_17:peer
Peer_25:peer INFO 5037.782206609762: Sending message <GossipMessage:21_1> to Peer_12:peer
Peer_25:peer INFO 5037.957096603981: Received message <GossipMessage:21_1> from Peer_5:peer
Peer_25:peer INFO 5074.703421793524: Received message <GossipMessage:20_1> from Peer_17:peer
Peer_25:peer INFO 5143.925629021357: Received message <GossipMessage:21_1> from Peer_17:peer
Peer_25:peer INFO 5143.925629021357: Sending message <GossipMessage:21_1> to Peer_10:peer
Peer_25:peer INFO 5143.925629021357: Sending message <GossipMessage:21_1> to Peer_5:peer
Peer_25:peer INFO 5143.925629021357: Sending message <GossipMessage:21_1> to Peer_12:peer
Peer_25:peer INFO 5144.143436260672: Received message <GossipMessage:21_1> from Peer_5:peer
Peer_25:peer INFO 5144.2434823765: Received message <GossipMessage:21_1> from Peer_5:peer
Peer_25:peer INFO 5144.369119155009: Received message <GossipMessage:21_1> from Peer_10:peer
Peer_25:peer INFO 5192.777614188015: Received message <GossipMessage:21_1> from Peer_5:peer
Peer_25:peer INFO 5193.675158053998: Received message <GossipMessage:21_1> from Peer_17:peer
