Peer_4:peer WARNING 0: Not enough peers, fetching more (0, 4)
Peer_4:peer INFO 65.5688938319663: Connecting to Peer_26:bootstrap
Peer_4:peer INFO 131.09360573697072: Received message <Hello:> from Peer_26:bootstrap
Peer_4:peer INFO 131.1260305444046: Received message <RequestPeers:> from Peer_26:bootstrap
Peer_4:peer INFO 131.1260305444046: Sending message <PeerList> to Peer_26:bootstrap
Peer_4:peer WARNING 500: Not enough peers, fetching more (1, 4)
Peer_4:peer INFO 500: Sending message <RequestPeers:> to Peer_26:bootstrap
Peer_4:peer INFO 631.0444200346202: Received message <PeerList> from Peer_26:bootstrap
Peer_4:peer WARNING 1000: Not enough peers, fetching more (1, 4)
Peer_4:peer INFO 1000: Sending message <RequestPeers:> to Peer_26:bootstrap
Peer_4:peer INFO 1077.9322696320114: Connecting to Peer_15:peer
Peer_4:peer INFO 1078.018729676575: Received message <Hello:> from Peer_16:peer
Peer_4:peer INFO 1078.018729676575: Connecting to Peer_16:peer
Peer_4:peer INFO 1078.018729676575: Sending message <Hello:> to Peer_16:peer
Peer_4:peer INFO 1078.018729676575: Sending message <RequestPeers:> to Peer_16:peer
Peer_4:peer INFO 1130.804825226809: Received message <PeerList> from Peer_26:bootstrap
Peer_4:peer INFO 1155.8756451426066: Received message <RequestPeers:> from Peer_15:peer
Peer_4:peer INFO 1155.8756451426066: Sending message <PeerList> to Peer_15:peer
Peer_4:peer INFO 1156.0061295038738: Received message <Hello:> from Peer_15:peer
Peer_4:peer INFO 1234.1096488530995: Received message <PeerList> from Peer_16:peer
Peer_4:peer INFO 1388.4491811364928: Received message <GossipMessage:2_1> from Peer_15:peer
Peer_4:peer WARNING 1500: Not enough peers, fetching more (3, 4)
Peer_4:peer INFO 1500.2405162799166: Received message <Hello:> from Peer_7:peer
Peer_4:peer INFO 1500.2405162799166: Connecting to Peer_7:peer
Peer_4:peer INFO 1500.2405162799166: Sending message <Hello:> to Peer_7:peer
Peer_4:peer INFO 1500.2405162799166: Sending message <RequestPeers:> to Peer_7:peer
Peer_4:peer INFO 1500.3056805341394: Connecting to Peer_13:peer
Peer_4:peer INFO 1500.5659392570305: Received message <RequestPeers:> from Peer_13:peer
Peer_4:peer INFO 1500.5659392570305: Sending message <PeerList> to Peer_13:peer
Peer_4:peer INFO 1500.5896334003403: Received message <Hello:> from Peer_13:peer
Peer_4:peer INFO 1500.7616868713312: Received message <PeerList> from Peer_7:peer
Peer_4:peer INFO 1588.9257335657242: Received message <GossipMessage:3_1> from Peer_15:peer
Peer_4:peer INFO 1714.7774150156674: Received message <GossipMessage:4_1> from Peer_15:peer
Peer_4:peer INFO 1714.7774150156674: Sending message <GossipMessage:4_1> to Peer_16:peer
Peer_4:peer INFO 1714.7774150156674: Sending message <GossipMessage:4_1> to Peer_13:peer
Peer_4:peer INFO 1714.7774150156674: Sending message <GossipMessage:4_1> to Peer_7:peer
Peer_4:peer INFO 1714.9568017265015: Received message <GossipMessage:4_1> from Peer_13:peer
Peer_4:peer INFO 1715.1751398490362: Received message <GossipMessage:4_1> from Peer_15:peer
Peer_4:peer INFO 1715.1751398490362: Sending message <GossipMessage:4_1> to Peer_16:peer
Peer_4:peer INFO 1715.1751398490362: Sending message <GossipMessage:4_1> to Peer_13:peer
Peer_4:peer INFO 1715.1751398490362: Sending message <GossipMessage:4_1> to Peer_7:peer
Peer_4:peer INFO 1788.5596661232019: Received message <GossipMessage:4_1> from Peer_15:peer
Peer_4:peer INFO 1789.5783368032937: Received message <GossipMessage:4_1> from Peer_15:peer
Peer_4:peer INFO 1915.068282655078: Received message <GossipMessage:5_1> from Peer_13:peer
Peer_4:peer INFO 1915.5836517387809: Received message <GossipMessage:5_1> from Peer_15:peer
Peer_4:peer INFO 1915.5836517387809: Sending message <GossipMessage:5_1> to Peer_16:peer
Peer_4:peer INFO 1915.5836517387809: Sending message <GossipMessage:5_1> to Peer_7:peer
Peer_4:peer INFO 1915.5836517387809: Sending message <GossipMessage:5_1> to Peer_13:peer
Peer_4:peer INFO 2000: Sending message <Ping:> to Peer_26:bootstrap
Peer_4:peer INFO 2000: Sending message <Ping:> to Peer_16:peer
Peer_4:peer INFO 2065.439487489747: Received message <Ping:> from Peer_26:bootstrap
Peer_4:peer INFO 2065.439487489747: Sending message <Pong:> to Peer_26:bootstrap
Peer_4:peer INFO 2078.0337123010586: Received message <Ping:> from Peer_15:peer
Peer_4:peer INFO 2078.0337123010586: Sending message <Pong:> to Peer_15:peer
Peer_4:peer INFO 2115.9697168702155: Received message <GossipMessage:6_1> from Peer_15:peer
Peer_4:peer INFO 2115.9697168702155: Sending message <GossipMessage:6_1> to Peer_16:peer
Peer_4:peer INFO 2115.9697168702155: Sending message <GossipMessage:6_1> to Peer_13:peer
Peer_4:peer INFO 2115.9697168702155: Sending message <GossipMessage:6_1> to Peer_7:peer
Peer_4:peer INFO 2116.3435880298703: Received message <GossipMessage:6_1> from Peer_13:peer
Peer_4:peer INFO 2131.17536935144: Received message <Pong:> from Peer_26:bootstrap
Peer_4:peer INFO 2156.086794537404: Received message <Pong:> from Peer_16:peer
Peer_4:peer INFO 2266.4554501956864: Received message <GossipMessage:7_1> from Peer_7:peer
Peer_4:peer INFO 2266.4554501956864: Sending message <GossipMessage:7_1> to Peer_13:peer
Peer_4:peer INFO 2266.4554501956864: Sending message <GossipMessage:7_1> to Peer_16:peer
Peer_4:peer INFO 2266.4554501956864: Sending message <GossipMessage:7_1> to Peer_15:peer
Peer_4:peer INFO 2314.656261577502: Received message <GossipMessage:7_1> from Peer_13:peer
Peer_4:peer INFO 2314.656261577502: Sending message <GossipMessage:7_1> to Peer_16:peer
Peer_4:peer INFO 2314.656261577502: Sending message <GossipMessage:7_1> to Peer_15:peer
Peer_4:peer INFO 2314.656261577502: Sending message <GossipMessage:7_1> to Peer_7:peer
Peer_4:peer INFO 2315.3832196816: Received message <GossipMessage:7_1> from Peer_15:peer
Peer_4:peer INFO 2315.4634572244086: Received message <GossipMessage:7_1> from Peer_13:peer
Peer_4:peer INFO 2388.2832444460046: Received message <GossipMessage:7_1> from Peer_15:peer
Peer_4:peer INFO 2391.938317479948: Received message <GossipMessage:7_1> from Peer_15:peer
Peer_4:peer INFO 2466.1320793237173: Received message <GossipMessage:8_1> from Peer_7:peer
Peer_4:peer INFO 2466.1320793237173: Sending message <GossipMessage:8_1> to Peer_16:peer
Peer_4:peer INFO 2466.1320793237173: Sending message <GossipMessage:8_1> to Peer_13:peer
Peer_4:peer INFO 2466.1320793237173: Sending message <GossipMessage:8_1> to Peer_15:peer
Peer_4:peer INFO 2470.400480261005: Received message <GossipMessage:7_1> from Peer_16:peer
Peer_4:peer INFO 2515.231386500282: Received message <GossipMessage:8_1> from Peer_15:peer
Peer_4:peer INFO 2515.231386500282: Sending message <GossipMessage:8_1> to Peer_13:peer
Peer_4:peer INFO 2515.231386500282: Sending message <GossipMessage:8_1> to Peer_16:peer
Peer_4:peer INFO 2515.231386500282: Sending message <GossipMessage:8_1> to Peer_7:peer
Peer_4:peer INFO 2515.3328325581406: Received message <GossipMessage:8_1> from Peer_15:peer
Peer_4:peer INFO 2515.3328325581406: Sending message <GossipMessage:8_1> to Peer_7:peer
Peer_4:peer INFO 2515.3328325581406: Sending message <GossipMessage:8_1> to Peer_13:peer
Peer_4:peer INFO 2515.3328325581406: Sending message <GossipMessage:8_1> to Peer_16:peer
Peer_4:peer INFO 2515.593156504756: Received message <GossipMessage:8_1> from Peer_13:peer
Peer_4:peer INFO 2515.64507917169: Received message <GossipMessage:8_1> from Peer_13:peer
Peer_4:peer INFO 2515.64507917169: Sending message <GossipMessage:8_1> to Peer_16:peer
Peer_4:peer INFO 2515.64507917169: Sending message <GossipMessage:8_1> to Peer_7:peer
Peer_4:peer INFO 2515.64507917169: Sending message <GossipMessage:8_1> to Peer_15:peer
Peer_4:peer INFO 2516.10873425065: Received message <GossipMessage:8_1> from Peer_15:peer
Peer_4:peer INFO 2589.411730259789: Received message <GossipMessage:8_1> from Peer_15:peer
Peer_4:peer INFO 2666.272583115993: Received message <GossipMessage:9_1> from Peer_7:peer
Peer_4:peer INFO 2666.272583115993: Sending message <GossipMessage:9_1> to Peer_13:peer
Peer_4:peer INFO 2666.272583115993: Sending message <GossipMessage:9_1> to Peer_15:peer
Peer_4:peer INFO 2666.272583115993: Sending message <GossipMessage:9_1> to Peer_16:peer
Peer_4:peer INFO 2671.397099061989: Received message <GossipMessage:8_1> from Peer_16:peer
Peer_4:peer INFO 2715.122161300115: Received message <GossipMessage:9_1> from Peer_13:peer
Peer_4:peer INFO 2715.122161300115: Sending message <GossipMessage:9_1> to Peer_16:peer
Peer_4:peer INFO 2715.122161300115: Sending message <GossipMessage:9_1> to Peer_7:peer
Peer_4:peer INFO 2715.122161300115: Sending message <GossipMessage:9_1> to Peer_15:peer
Peer_4:peer INFO 2715.1399701311757: Received message <GossipMessage:9_1> from Peer_15:peer
Peer_4:peer INFO 2715.2888333746523: Received message <GossipMessage:9_1> from Peer_15:peer
Peer_4:peer INFO 2715.2888333746523: Sending message <GossipMessage:9_1> to Peer_7:peer
Peer_4:peer INFO 2715.2888333746523: Sending message <GossipMessage:9_1> to Peer_13:peer
Peer_4:peer INFO 2715.2888333746523: Sending message <GossipMessage:9_1> to Peer_16:peer
Peer_4:peer INFO 2715.317328562752: Received message <GossipMessage:9_1> from Peer_15:peer
Peer_4:peer INFO 2716.1517188109474: Received message <GossipMessage:9_1> from Peer_15:peer
Peer_4:peer INFO 2716.1517188109474: Sending message <GossipMessage:9_1> to Peer_16:peer
Peer_4:peer INFO 2716.1517188109474: Sending message <GossipMessage:9_1> to Peer_7:peer
Peer_4:peer INFO 2716.1517188109474: Sending message <GossipMessage:9_1> to Peer_13:peer
Peer_4:peer INFO 2716.407580531073: Received message <GossipMessage:9_1> from Peer_13:peer
Peer_4:peer INFO 2786.5936908564513: Received message <GossipMessage:9_1> from Peer_15:peer
Peer_4:peer INFO 2866.3641552947365: Received message <GossipMessage:10_1> from Peer_7:peer
Peer_4:peer INFO 2866.3641552947365: Sending message <GossipMessage:10_1> to Peer_16:peer
Peer_4:peer INFO 2866.3641552947365: Sending message <GossipMessage:10_1> to Peer_13:peer
Peer_4:peer INFO 2866.3641552947365: Sending message <GossipMessage:10_1> to Peer_15:peer
Peer_4:peer INFO 2870.120822123092: Received message <GossipMessage:9_1> from Peer_16:peer
Peer_4:peer INFO 2914.524806754826: Received message <GossipMessage:10_1> from Peer_15:peer
Peer_4:peer INFO 2914.524806754826: Sending message <GossipMessage:10_1> to Peer_16:peer
Peer_4:peer INFO 2914.524806754826: Sending message <GossipMessage:10_1> to Peer_13:peer
Peer_4:peer INFO 2914.524806754826: Sending message <GossipMessage:10_1> to Peer_7:peer
Peer_4:peer INFO 2914.627164301584: Received message <GossipMessage:10_1> from Peer_13:peer
Peer_4:peer INFO 2914.8361037793297: Received message <GossipMessage:10_1> from Peer_15:peer
Peer_4:peer INFO 2914.8361037793297: Sending message <GossipMessage:10_1> to Peer_13:peer
Peer_4:peer INFO 2914.8361037793297: Sending message <GossipMessage:10_1> to Peer_16:peer
Peer_4:peer INFO 2914.8361037793297: Sending message <GossipMessage:10_1> to Peer_7:peer
Peer_4:peer INFO 2915.2040483428855: Received message <GossipMessage:10_1> from Peer_15:peer
Peer_4:peer INFO 2915.2587006945696: Received message <GossipMessage:10_1> from Peer_13:peer
Peer_4:peer INFO 2915.2587006945696: Sending message <GossipMessage:10_1> to Peer_15:peer
Peer_4:peer INFO 2915.2587006945696: Sending message <GossipMessage:10_1> to Peer_7:peer
Peer_4:peer INFO 2915.2587006945696: Sending message <GossipMessage:10_1> to Peer_16:peer
Peer_4:peer INFO 2915.3696143418515: Received message <GossipMessage:10_1> from Peer_13:peer
Peer_4:peer INFO 2915.539883528074: Received message <GossipMessage:10_1> from Peer_13:peer
Peer_4:peer INFO 2989.117624254784: Received message <GossipMessage:10_1> from Peer_15:peer
Peer_4:peer INFO 2989.785773364783: Received message <GossipMessage:10_1> from Peer_15:peer
Peer_4:peer INFO 3000: Sending message <Ping:> to Peer_26:bootstrap
Peer_4:peer INFO 3065.6162060847255: Received message <Ping:> from Peer_26:bootstrap
Peer_4:peer INFO 3065.6162060847255: Sending message <Pong:> to Peer_26:bootstrap
Peer_4:peer INFO 3066.395938509984: Received message <GossipMessage:11_1> from Peer_7:peer
Peer_4:peer INFO 3066.395938509984: Sending message <GossipMessage:11_1> to Peer_16:peer
Peer_4:peer INFO 3066.395938509984: Sending message <GossipMessage:11_1> to Peer_15:peer
Peer_4:peer INFO 3066.395938509984: Sending message <GossipMessage:11_1> to Peer_13:peer
Peer_4:peer INFO 3070.939661389515: Received message <GossipMessage:10_1> from Peer_16:peer
Peer_4:peer INFO 3114.5251088306145: Received message <GossipMessage:11_1> from Peer_15:peer
Peer_4:peer INFO 3114.5251088306145: Sending message <GossipMessage:11_1> to Peer_7:peer
Peer_4:peer INFO 3114.5251088306145: Sending message <GossipMessage:11_1> to Peer_13:peer
Peer_4:peer INFO 3114.5251088306145: Sending message <GossipMessage:11_1> to Peer_16:peer
Peer_4:peer INFO 3114.703176460229: Received message <GossipMessage:11_1> from Peer_13:peer
Peer_4:peer INFO 3114.703176460229: Sending message <GossipMessage:11_1> to Peer_7:peer
Peer_4:peer INFO 3114.703176460229: Sending message <GossipMessage:11_1> to Peer_15:peer
Peer_4:peer INFO 3114.703176460229: Sending message <GossipMessage:11_1> to Peer_16:peer
Peer_4:peer INFO 3114.895791985038: Received message <GossipMessage:11_1> from Peer_15:peer
Peer_4:peer INFO 3114.895791985038: Sending message <GossipMessage:11_1> to Peer_13:peer
Peer_4:peer INFO 3114.895791985038: Sending message <GossipMessage:11_1> to Peer_16:peer
Peer_4:peer INFO 3114.895791985038: Sending message <GossipMessage:11_1> to Peer_7:peer
Peer_4:peer INFO 3115.378603287605: Received message <GossipMessage:11_1> from Peer_15:peer
Peer_4:peer INFO 3115.839871573455: Received message <GossipMessage:11_1> from Peer_13:peer
Peer_4:peer INFO 3130.983222061934: Received message <Pong:> from Peer_26:bootstrap
Peer_4:peer INFO 3187.014553946796: Received message <GossipMessage:11_1> from Peer_15:peer
Peer_4:peer INFO 3187.7796549450427: Received message <GossipMessage:11_1> from Peer_15:peer
Peer_4:peer INFO 3265.565819785706: Received message <GossipMessage:12_1> from Peer_7:peer
Peer_4:peer INFO 3265.565819785706: Sending message <GossipMessage:12_1> to Peer_15:peer
Peer_4:peer INFO 3265.565819785706: Sending message <GossipMessage:12_1> to Peer_16:peer
Peer_4:peer INFO 3265.565819785706: Sending message <GossipMessage:12_1> to Peer_13:peer
Peer_4:peer INFO 3266.426082644294: Received message <GossipMessage:12_1> from Peer_7:peer
Peer_4:peer INFO 3266.426082644294: Sending message <GossipMessage:12_1> to Peer_15:peer
Peer_4:peer INFO 3266.426082644294: Sending message <GossipMessage:12_1> to Peer_16:peer
Peer_4:peer INFO 3266.426082644294: Sending message <GossipMessage:12_1> to Peer_13:peer
Peer_4:peer INFO 3270.411260742632: Received message <GossipMessage:11_1> from Peer_16:peer
Peer_4:peer INFO 3270.86139792237: Received message <GossipMessage:11_1> from Peer_16:peer
Peer_4:peer INFO 3271.0368696337996: Received message <GossipMessage:11_1> from Peer_16:peer
Peer_4:peer INFO 3314.0901008120377: Received message <GossipMessage:12_1> from Peer_13:peer
Peer_4:peer INFO 3314.0901008120377: Sending message <GossipMessage:12_1> to Peer_7:peer
Peer_4:peer INFO 3314.0901008120377: Sending message <GossipMessage:12_1> to Peer_16:peer
Peer_4:peer INFO 3314.0901008120377: Sending message <GossipMessage:12_1> to Peer_15:peer
Peer_4:peer INFO 3314.966139404972: Received message <GossipMessage:12_1> from Peer_15:peer
Peer_4:peer INFO 3314.966139404972: Sending message <GossipMessage:12_1> to Peer_7:peer
Peer_4:peer INFO 3314.966139404972: Sending message <GossipMessage:12_1> to Peer_13:peer
Peer_4:peer INFO 3314.966139404972: Sending message <GossipMessage:12_1> to Peer_16:peer
Peer_4:peer INFO 3314.9780119766124: Received message <GossipMessage:12_1> from Peer_15:peer
Peer_4:peer INFO 3314.9780119766124: Sending message <GossipMessage:12_1> to Peer_16:peer
Peer_4:peer INFO 3314.9780119766124: Sending message <GossipMessage:12_1> to Peer_13:peer
Peer_4:peer INFO 3314.9780119766124: Sending message <GossipMessage:12_1> to Peer_7:peer
Peer_4:peer INFO 3315.238059010944: Received message <GossipMessage:12_1> from Peer_13:peer
Peer_4:peer INFO 3315.2464860389455: Received message <GossipMessage:12_1> from Peer_13:peer
Peer_4:peer INFO 3315.2657449603116: Received message <GossipMessage:12_1> from Peer_13:peer
Peer_4:peer INFO 3315.2657449603116: Sending message <GossipMessage:12_1> to Peer_7:peer
Peer_4:peer INFO 3315.2657449603116: Sending message <GossipMessage:12_1> to Peer_16:peer
Peer_4:peer INFO 3315.2657449603116: Sending message <GossipMessage:12_1> to Peer_15:peer
Peer_4:peer INFO 3315.4722621911883: Received message <GossipMessage:12_1> from Peer_13:peer
Peer_4:peer INFO 3465.69326547954: Received message <GossipMessage:13_1> from Peer_7:peer
Peer_4:peer INFO 3465.69326547954: Sending message <GossipMessage:13_1> to Peer_15:peer
Peer_4:peer INFO 3465.69326547954: Sending message <GossipMessage:13_1> to Peer_16:peer
Peer_4:peer INFO 3465.69326547954: Sending message <GossipMessage:13_1> to Peer_13:peer
Peer_4:peer INFO 3466.2411349801073: Received message <GossipMessage:13_1> from Peer_7:peer
Peer_4:peer INFO 3466.2411349801073: Sending message <GossipMessage:13_1> to Peer_15:peer
Peer_4:peer INFO 3466.2411349801073: Sending message <GossipMessage:13_1> to Peer_13:peer
Peer_4:peer INFO 3466.2411349801073: Sending message <GossipMessage:13_1> to Peer_16:peer
Peer_4:peer INFO 3469.7156298075165: Received message <GossipMessage:12_1> from Peer_15:peer
Peer_4:peer INFO 3470.994509013376: Received message <GossipMessage:12_1> from Peer_16:peer
Peer_4:peer INFO 3470.9987673980436: Received message <GossipMessage:12_1> from Peer_15:peer
Peer_4:peer INFO 3515.450396721692: Received message <GossipMessage:13_1> from Peer_15:peer
Peer_4:peer INFO 3515.6832164903035: Received message <GossipMessage:13_1> from Peer_15:peer
Peer_4:peer INFO 3515.6832164903035: Sending message <GossipMessage:13_1> to Peer_7:peer
Peer_4:peer INFO 3515.6832164903035: Sending message <GossipMessage:13_1> to Peer_13:peer
Peer_4:peer INFO 3515.6832164903035: Sending message <GossipMessage:13_1> to Peer_16:peer
Peer_4:peer INFO 3516.207123477773: Received message <GossipMessage:13_1> from Peer_15:peer
Peer_4:peer INFO 3516.207123477773: Sending message <GossipMessage:13_1> to Peer_13:peer
Peer_4:peer INFO 3516.207123477773: Sending message <GossipMessage:13_1> to Peer_16:peer
Peer_4:peer INFO 3516.207123477773: Sending message <GossipMessage:13_1> to Peer_7:peer
Peer_4:peer INFO 3516.3500537164587: Received message <GossipMessage:13_1> from Peer_13:peer
Peer_4:peer INFO 3516.3500537164587: Sending message <GossipMessage:13_1> to Peer_15:peer
Peer_4:peer INFO 3516.3500537164587: Sending message <GossipMessage:13_1> to Peer_16:peer
Peer_4:peer INFO 3516.3500537164587: Sending message <GossipMessage:13_1> to Peer_7:peer
Peer_4:peer INFO 3516.363797188851: Received message <GossipMessage:13_1> from Peer_15:peer
Peer_4:peer INFO 3516.363797188851: Sending message <GossipMessage:13_1> to Peer_13:peer
Peer_4:peer INFO 3516.363797188851: Sending message <GossipMessage:13_1> to Peer_7:peer
Peer_4:peer INFO 3516.363797188851: Sending message <GossipMessage:13_1> to Peer_16:peer
Peer_4:peer INFO 3516.461035381158: Received message <GossipMessage:13_1> from Peer_15:peer
Peer_4:peer INFO 3516.461035381158: Sending message <GossipMessage:13_1> to Peer_7:peer
Peer_4:peer INFO 3516.461035381158: Sending message <GossipMessage:13_1> to Peer_16:peer
Peer_4:peer INFO 3516.461035381158: Sending message <GossipMessage:13_1> to Peer_13:peer
Peer_4:peer INFO 3516.4809308149734: Received message <GossipMessage:13_1> from Peer_13:peer
Peer_4:peer INFO 3516.4809308149734: Sending message <GossipMessage:13_1> to Peer_16:peer
Peer_4:peer INFO 3516.4809308149734: Sending message <GossipMessage:13_1> to Peer_15:peer
Peer_4:peer INFO 3516.4809308149734: Sending message <GossipMessage:13_1> to Peer_7:peer
Peer_4:peer INFO 3516.8710260177245: Received message <GossipMessage:13_1> from Peer_13:peer
Peer_4:peer INFO 3589.4210961337144: Received message <GossipMessage:13_1> from Peer_15:peer
Peer_4:peer INFO 3665.6867543043163: Received message <GossipMessage:14_1> from Peer_7:peer
Peer_4:peer INFO 3665.6867543043163: Sending message <GossipMessage:14_1> to Peer_15:peer
Peer_4:peer INFO 3665.6867543043163: Sending message <GossipMessage:14_1> to Peer_13:peer
Peer_4:peer INFO 3665.6867543043163: Sending message <GossipMessage:14_1> to Peer_16:peer
Peer_4:peer INFO 3665.7081011700566: Received message <GossipMessage:14_1> from Peer_13:peer
Peer_4:peer INFO 3665.7081011700566: Sending message <GossipMessage:14_1> to Peer_15:peer
Peer_4:peer INFO 3665.7081011700566: Sending message <GossipMessage:14_1> to Peer_16:peer
Peer_4:peer INFO 3665.7081011700566: Sending message <GossipMessage:14_1> to Peer_7:peer
Peer_4:peer INFO 3666.3673585763518: Received message <GossipMessage:14_1> from Peer_7:peer
Peer_4:peer INFO 3666.3673585763518: Sending message <GossipMessage:14_1> to Peer_15:peer
Peer_4:peer INFO 3666.3673585763518: Sending message <GossipMessage:14_1> to Peer_16:peer
Peer_4:peer INFO 3666.3673585763518: Sending message <GossipMessage:14_1> to Peer_13:peer
Peer_4:peer INFO 3670.469993881202: Received message <GossipMessage:13_1> from Peer_15:peer
Peer_4:peer INFO 3670.6656464368098: Received message <GossipMessage:13_1> from Peer_16:peer
Peer_4:peer INFO 3672.062842017701: Received message <GossipMessage:13_1> from Peer_15:peer
Peer_4:peer INFO 3672.0907431746805: Received message <GossipMessage:13_1> from Peer_16:peer
Peer_4:peer INFO 3672.267717163292: Received message <GossipMessage:13_1> from Peer_16:peer
Peer_4:peer INFO 3714.931238943895: Received message <GossipMessage:14_1> from Peer_15:peer
Peer_4:peer INFO 3714.931238943895: Sending message <GossipMessage:14_1> to Peer_7:peer
Peer_4:peer INFO 3714.931238943895: Sending message <GossipMessage:14_1> to Peer_13:peer
Peer_4:peer INFO 3714.931238943895: Sending message <GossipMessage:14_1> to Peer_16:peer
Peer_4:peer INFO 3714.9379162913583: Received message <GossipMessage:14_1> from Peer_15:peer
Peer_4:peer INFO 3715.3309418813005: Received message <GossipMessage:14_1> from Peer_7:peer
Peer_4:peer INFO 3715.4327064766344: Received message <GossipMessage:14_1> from Peer_13:peer
Peer_4:peer INFO 3715.4327064766344: Sending message <GossipMessage:14_1> to Peer_16:peer
Peer_4:peer INFO 3715.4327064766344: Sending message <GossipMessage:14_1> to Peer_15:peer
Peer_4:peer INFO 3715.4327064766344: Sending message <GossipMessage:14_1> to Peer_7:peer
Peer_4:peer INFO 3715.445924398315: Received message <GossipMessage:14_1> from Peer_15:peer
Peer_4:peer INFO 3715.445924398315: Sending message <GossipMessage:14_1> to Peer_13:peer
Peer_4:peer INFO 3715.445924398315: Sending message <GossipMessage:14_1> to Peer_16:peer
Peer_4:peer INFO 3715.445924398315: Sending message <GossipMessage:14_1> to Peer_7:peer
Peer_4:peer INFO 3739.9771458213268: Received message <GossipMessage:14_1> from Peer_7:peer
Peer_4:peer INFO 3787.916031274779: Received message <GossipMessage:14_1> from Peer_15:peer
Peer_4:peer INFO 3788.6138577309193: Received message <GossipMessage:14_1> from Peer_15:peer
Peer_4:peer INFO 3821.7262623682977: Received message <GossipMessage:14_1> from Peer_15:peer
Peer_4:peer INFO 3865.8225817521193: Received message <GossipMessage:15_1> from Peer_7:peer
Peer_4:peer INFO 3865.8225817521193: Sending message <GossipMessage:15_1> to Peer_16:peer
Peer_4:peer INFO 3865.8225817521193: Sending message <GossipMessage:15_1> to Peer_15:peer
Peer_4:peer INFO 3865.8225817521193: Sending message <GossipMessage:15_1> to Peer_13:peer
Peer_4:peer INFO 3865.8863258357724: Received message <GossipMessage:15_1> from Peer_13:peer
Peer_4:peer INFO 3865.8863258357724: Sending message <GossipMessage:15_1> to Peer_15:peer
Peer_4:peer INFO 3865.8863258357724: Sending message <GossipMessage:15_1> to Peer_7:peer
Peer_4:peer INFO 3865.8863258357724: Sending message <GossipMessage:15_1> to Peer_16:peer
Peer_4:peer INFO 3866.5023455553037: Received message <GossipMessage:15_1> from Peer_7:peer
Peer_4:peer INFO 3866.5023455553037: Sending message <GossipMessage:15_1> to Peer_16:peer
Peer_4:peer INFO 3866.5023455553037: Sending message <GossipMessage:15_1> to Peer_15:peer
Peer_4:peer INFO 3866.5023455553037: Sending message <GossipMessage:15_1> to Peer_13:peer
Peer_4:peer INFO 3913.6073995984193: Received message <GossipMessage:15_1> from Peer_15:peer
Peer_4:peer INFO 3913.6073995984193: Sending message <GossipMessage:15_1> to Peer_7:peer
Peer_4:peer INFO 3913.6073995984193: Sending message <GossipMessage:15_1> to Peer_13:peer
Peer_4:peer INFO 3913.6073995984193: Sending message <GossipMessage:15_1> to Peer_16:peer
Peer_4:peer INFO 3913.8805732531755: Received message <GossipMessage:15_1> from Peer_15:peer
Peer_4:peer INFO 3913.919074313706: Received message <GossipMessage:15_1> from Peer_13:peer
Peer_4:peer INFO 3915.1413715498957: Received message <GossipMessage:15_1> from Peer_15:peer
Peer_4:peer INFO 3915.2018304570747: Received message <GossipMessage:15_1> from Peer_13:peer
Peer_4:peer INFO 3915.3748985025604: Received message <GossipMessage:15_1> from Peer_13:peer
Peer_4:peer INFO 3916.3857567971936: Received message <GossipMessage:15_1> from Peer_13:peer
Peer_4:peer INFO 3916.3857567971936: Sending message <GossipMessage:15_1> to Peer_7:peer
Peer_4:peer INFO 3916.3857567971936: Sending message <GossipMessage:15_1> to Peer_16:peer
Peer_4:peer INFO 3916.3857567971936: Sending message <GossipMessage:15_1> to Peer_15:peer
Peer_4:peer INFO 3988.994544875347: Received message <GossipMessage:15_1> from Peer_15:peer
Peer_4:peer INFO 4000: Sending message <Ping:> to Peer_26:bootstrap
Peer_4:peer INFO 4021.599327928557: Received message <GossipMessage:15_1> from Peer_16:peer
Peer_4:peer INFO 4021.599327928557: Sending message <GossipMessage:15_1> to Peer_7:peer
Peer_4:peer INFO 4021.599327928557: Sending message <GossipMessage:15_1> to Peer_15:peer
Peer_4:peer INFO 4021.599327928557: Sending message <GossipMessage:15_1> to Peer_13:peer
Peer_4:peer INFO 4065.3931217051704: Received message <Ping:> from Peer_26:bootstrap
Peer_4:peer INFO 4065.3931217051704: Sending message <Pong:> to Peer_26:bootstrap
Peer_4:peer INFO 4065.9820275128336: Received message <GossipMessage:16_1> from Peer_13:peer
Peer_4:peer INFO 4065.9820275128336: Sending message <GossipMessage:16_1> to Peer_15:peer
Peer_4:peer INFO 4065.9820275128336: Sending message <GossipMessage:16_1> to Peer_16:peer
Peer_4:peer INFO 4065.9820275128336: Sending message <GossipMessage:16_1> to Peer_7:peer
Peer_4:peer INFO 4066.107350249854: Received message <GossipMessage:16_1> from Peer_7:peer
Peer_4:peer INFO 4066.107350249854: Sending message <GossipMessage:16_1> to Peer_15:peer
Peer_4:peer INFO 4066.107350249854: Sending message <GossipMessage:16_1> to Peer_13:peer
Peer_4:peer INFO 4066.107350249854: Sending message <GossipMessage:16_1> to Peer_16:peer
Peer_4:peer INFO 4069.1849972092396: Received message <GossipMessage:15_1> from Peer_16:peer
Peer_4:peer INFO 4069.222785066292: Received message <GossipMessage:15_1> from Peer_15:peer
Peer_4:peer INFO 4071.9766768993136: Received message <GossipMessage:15_1> from Peer_16:peer
Peer_4:peer INFO 4114.496484470731: Received message <GossipMessage:16_1> from Peer_13:peer
Peer_4:peer INFO 4114.496484470731: Sending message <GossipMessage:16_1> to Peer_16:peer
Peer_4:peer INFO 4114.496484470731: Sending message <GossipMessage:16_1> to Peer_7:peer
Peer_4:peer INFO 4114.496484470731: Sending message <GossipMessage:16_1> to Peer_15:peer
Peer_4:peer INFO 4114.531327981182: Received message <GossipMessage:16_1> from Peer_15:peer
Peer_4:peer INFO 4114.531327981182: Sending message <GossipMessage:16_1> to Peer_13:peer
Peer_4:peer INFO 4114.531327981182: Sending message <GossipMessage:16_1> to Peer_7:peer
Peer_4:peer INFO 4114.531327981182: Sending message <GossipMessage:16_1> to Peer_16:peer
Peer_4:peer INFO 4114.750964277823: Received message <GossipMessage:16_1> from Peer_15:peer
Peer_4:peer INFO 4114.750964277823: Sending message <GossipMessage:16_1> to Peer_13:peer
Peer_4:peer INFO 4114.750964277823: Sending message <GossipMessage:16_1> to Peer_16:peer
Peer_4:peer INFO 4114.750964277823: Sending message <GossipMessage:16_1> to Peer_7:peer
Peer_4:peer INFO 4114.753317613221: Received message <GossipMessage:16_1> from Peer_13:peer
Peer_4:peer INFO 4114.77541468138: Received message <GossipMessage:16_1> from Peer_7:peer
Peer_4:peer INFO 4115.002719230552: Received message <GossipMessage:16_1> from Peer_13:peer
Peer_4:peer INFO 4115.002719230552: Sending message <GossipMessage:16_1> to Peer_7:peer
Peer_4:peer INFO 4115.002719230552: Sending message <GossipMessage:16_1> to Peer_16:peer
Peer_4:peer INFO 4115.002719230552: Sending message <GossipMessage:16_1> to Peer_15:peer
Peer_4:peer INFO 4115.495198787176: Received message <GossipMessage:16_1> from Peer_13:peer
Peer_4:peer INFO 4130.952719585352: Received message <Pong:> from Peer_26:bootstrap
Peer_4:peer INFO 4187.979970492822: Received message <GossipMessage:16_1> from Peer_15:peer
Peer_4:peer INFO 4188.02497084085: Received message <GossipMessage:16_1> from Peer_15:peer
Peer_4:peer INFO 4188.12166164536: Received message <GossipMessage:16_1> from Peer_15:peer
Peer_4:peer INFO 4265.492334452794: Received message <GossipMessage:17_1> from Peer_13:peer
Peer_4:peer INFO 4265.492334452794: Sending message <GossipMessage:17_1> to Peer_15:peer
Peer_4:peer INFO 4265.492334452794: Sending message <GossipMessage:17_1> to Peer_7:peer
Peer_4:peer INFO 4265.492334452794: Sending message <GossipMessage:17_1> to Peer_16:peer
Peer_4:peer INFO 4265.893194452263: Received message <GossipMessage:17_1> from Peer_7:peer
Peer_4:peer INFO 4265.893194452263: Sending message <GossipMessage:17_1> to Peer_15:peer
Peer_4:peer INFO 4265.893194452263: Sending message <GossipMessage:17_1> to Peer_16:peer
Peer_4:peer INFO 4265.893194452263: Sending message <GossipMessage:17_1> to Peer_13:peer
Peer_4:peer INFO 4266.037989713561: Received message <GossipMessage:17_1> from Peer_7:peer
Peer_4:peer INFO 4266.037989713561: Sending message <GossipMessage:17_1> to Peer_16:peer
Peer_4:peer INFO 4266.037989713561: Sending message <GossipMessage:17_1> to Peer_13:peer
Peer_4:peer INFO 4266.037989713561: Sending message <GossipMessage:17_1> to Peer_15:peer
Peer_4:peer INFO 4270.889721586399: Received message <GossipMessage:16_1> from Peer_16:peer
Peer_4:peer INFO 4271.315449413803: Received message <GossipMessage:16_1> from Peer_16:peer
Peer_4:peer INFO 4271.320759596018: Received message <GossipMessage:16_1> from Peer_15:peer
Peer_4:peer INFO 4313.6599917720705: Received message <GossipMessage:17_1> from Peer_15:peer
Peer_4:peer INFO 4313.6599917720705: Sending message <GossipMessage:17_1> to Peer_13:peer
Peer_4:peer INFO 4313.6599917720705: Sending message <GossipMessage:17_1> to Peer_7:peer
Peer_4:peer INFO 4313.6599917720705: Sending message <GossipMessage:17_1> to Peer_16:peer
Peer_4:peer INFO 4314.304405017834: Received message <GossipMessage:17_1> from Peer_15:peer
Peer_4:peer INFO 4314.9766099642: Received message <GossipMessage:17_1> from Peer_15:peer
Peer_4:peer INFO 4314.9766099642: Sending message <GossipMessage:17_1> to Peer_7:peer
Peer_4:peer INFO 4314.9766099642: Sending message <GossipMessage:17_1> to Peer_13:peer
Peer_4:peer INFO 4314.9766099642: Sending message <GossipMessage:17_1> to Peer_16:peer
Peer_4:peer INFO 4315.5902196329125: Received message <GossipMessage:17_1> from Peer_7:peer
Peer_4:peer INFO 4315.636985157424: Received message <GossipMessage:17_1> from Peer_15:peer
Peer_4:peer INFO 4315.636985157424: Sending message <GossipMessage:17_1> to Peer_16:peer
Peer_4:peer INFO 4315.636985157424: Sending message <GossipMessage:17_1> to Peer_7:peer
Peer_4:peer INFO 4315.636985157424: Sending message <GossipMessage:17_1> to Peer_13:peer
Peer_4:peer INFO 4315.891086608532: Received message <GossipMessage:17_1> from Peer_13:peer
Peer_4:peer INFO 4340.048711315337: Received message <GossipMessage:17_1> from Peer_7:peer
Peer_4:peer INFO 4396.681871039576: Received message <GossipMessage:17_1> from Peer_7:peer
Peer_4:peer INFO 4421.21483837806: Received message <GossipMessage:17_1> from Peer_16:peer
Peer_4:peer INFO 4421.21483837806: Sending message <GossipMessage:17_1> to Peer_15:peer
Peer_4:peer INFO 4421.21483837806: Sending message <GossipMessage:17_1> to Peer_13:peer
Peer_4:peer INFO 4421.21483837806: Sending message <GossipMessage:17_1> to Peer_7:peer
Peer_4:peer INFO 4421.779817830592: Received message <GossipMessage:17_1> from Peer_16:peer
Peer_4:peer INFO 4422.084569008186: Received message <GossipMessage:17_1> from Peer_15:peer
Peer_4:peer INFO 4465.818235083414: Received message <GossipMessage:18_1> from Peer_7:peer
Peer_4:peer INFO 4465.818235083414: Sending message <GossipMessage:18_1> to Peer_13:peer
Peer_4:peer INFO 4465.818235083414: Sending message <GossipMessage:18_1> to Peer_15:peer
Peer_4:peer INFO 4465.818235083414: Sending message <GossipMessage:18_1> to Peer_16:peer
Peer_4:peer INFO 4465.950862331495: Received message <GossipMessage:18_1> from Peer_13:peer
Peer_4:peer INFO 4465.950862331495: Sending message <GossipMessage:18_1> to Peer_16:peer
Peer_4:peer INFO 4465.950862331495: Sending message <GossipMessage:18_1> to Peer_7:peer
Peer_4:peer INFO 4465.950862331495: Sending message <GossipMessage:18_1> to Peer_15:peer
Peer_4:peer INFO 4466.413125232321: Received message <GossipMessage:18_1> from Peer_7:peer
Peer_4:peer INFO 4466.413125232321: Sending message <GossipMessage:18_1> to Peer_16:peer
Peer_4:peer INFO 4466.413125232321: Sending message <GossipMessage:18_1> to Peer_13:peer
Peer_4:peer INFO 4466.413125232321: Sending message <GossipMessage:18_1> to Peer_15:peer
Peer_4:peer INFO 4471.3694761792885: Received message <GossipMessage:17_1> from Peer_16:peer
Peer_4:peer INFO 4513.961198332567: Received message <GossipMessage:18_1> from Peer_15:peer
Peer_4:peer INFO 4513.961198332567: Sending message <GossipMessage:18_1> to Peer_7:peer
Peer_4:peer INFO 4513.961198332567: Sending message <GossipMessage:18_1> to Peer_13:peer
Peer_4:peer INFO 4513.961198332567: Sending message <GossipMessage:18_1> to Peer_16:peer
Peer_4:peer INFO 4514.91263715439: Received message <GossipMessage:18_1> from Peer_15:peer
Peer_4:peer INFO 4514.91263715439: Sending message <GossipMessage:18_1> to Peer_16:peer
Peer_4:peer INFO 4514.91263715439: Sending message <GossipMessage:18_1> to Peer_7:peer
Peer_4:peer INFO 4514.91263715439: Sending message <GossipMessage:18_1> to Peer_13:peer
Peer_4:peer INFO 4515.86004781181: Received message <GossipMessage:18_1> from Peer_13:peer
Peer_4:peer INFO 4516.205277615523: Received message <GossipMessage:18_1> from Peer_15:peer
Peer_4:peer INFO 4596.930979592525: Received message <GossipMessage:18_1> from Peer_7:peer
Peer_4:peer INFO 4621.6547362771735: Received message <GossipMessage:18_1> from Peer_15:peer
Peer_4:peer INFO 4621.6547362771735: Sending message <GossipMessage:18_1> to Peer_7:peer
Peer_4:peer INFO 4621.6547362771735: Sending message <GossipMessage:18_1> to Peer_16:peer
Peer_4:peer INFO 4621.6547362771735: Sending message <GossipMessage:18_1> to Peer_13:peer
Peer_4:peer INFO 4665.854797890649: Received message <GossipMessage:19_1> from Peer_7:peer
Peer_4:peer INFO 4665.854797890649: Sending message <GossipMessage:19_1> to Peer_16:peer
Peer_4:peer INFO 4665.854797890649: Sending message <GossipMessage:19_1> to Peer_15:peer
Peer_4:peer INFO 4665.854797890649: Sending message <GossipMessage:19_1> to Peer_13:peer
Peer_4:peer INFO 4666.04159379365: Received message <GossipMessage:19_1> from Peer_13:peer
Peer_4:peer INFO 4666.04159379365: Sending message <GossipMessage:19_1> to Peer_7:peer
Peer_4:peer INFO 4666.04159379365: Sending message <GossipMessage:19_1> to Peer_16:peer
Peer_4:peer INFO 4666.04159379365: Sending message <GossipMessage:19_1> to Peer_15:peer
Peer_4:peer INFO 4666.393718712501: Received message <GossipMessage:19_1> from Peer_7:peer
Peer_4:peer INFO 4666.393718712501: Sending message <GossipMessage:19_1> to Peer_15:peer
Peer_4:peer INFO 4666.393718712501: Sending message <GossipMessage:19_1> to Peer_16:peer
Peer_4:peer INFO 4666.393718712501: Sending message <GossipMessage:19_1> to Peer_13:peer
Peer_4:peer INFO 4666.504256824854: Received message <GossipMessage:19_1> from Peer_7:peer
Peer_4:peer INFO 4666.504256824854: Sending message <GossipMessage:19_1> to Peer_13:peer
Peer_4:peer INFO 4666.504256824854: Sending message <GossipMessage:19_1> to Peer_15:peer
Peer_4:peer INFO 4666.504256824854: Sending message <GossipMessage:19_1> to Peer_16:peer
Peer_4:peer INFO 4670.013205774845: Received message <GossipMessage:18_1> from Peer_16:peer
Peer_4:peer INFO 4671.8607007606015: Received message <GossipMessage:18_1> from Peer_16:peer
Peer_4:peer INFO 4715.256730944882: Received message <GossipMessage:19_1> from Peer_15:peer
Peer_4:peer INFO 4715.256730944882: Sending message <GossipMessage:19_1> to Peer_13:peer
Peer_4:peer INFO 4715.256730944882: Sending message <GossipMessage:19_1> to Peer_16:peer
Peer_4:peer INFO 4715.256730944882: Sending message <GossipMessage:19_1> to Peer_7:peer
Peer_4:peer INFO 4715.273079048102: Received message <GossipMessage:19_1> from Peer_7:peer
Peer_4:peer INFO 4715.394933363278: Received message <GossipMessage:19_1> from Peer_13:peer
Peer_4:peer INFO 4715.394933363278: Sending message <GossipMessage:19_1> to Peer_16:peer
Peer_4:peer INFO 4715.394933363278: Sending message <GossipMessage:19_1> to Peer_7:peer
Peer_4:peer INFO 4715.394933363278: Sending message <GossipMessage:19_1> to Peer_15:peer
Peer_4:peer INFO 4715.580348761928: Received message <GossipMessage:19_1> from Peer_13:peer
Peer_4:peer INFO 4715.664989437468: Received message <GossipMessage:19_1> from Peer_13:peer
Peer_4:peer INFO 4716.604040710992: Received message <GossipMessage:19_1> from Peer_13:peer
Peer_4:peer INFO 4716.604040710992: Sending message <GossipMessage:19_1> to Peer_15:peer
Peer_4:peer INFO 4716.604040710992: Sending message <GossipMessage:19_1> to Peer_16:peer
Peer_4:peer INFO 4716.604040710992: Sending message <GossipMessage:19_1> to Peer_7:peer
Peer_4:peer INFO 4822.061729140219: Received message <GossipMessage:19_1> from Peer_15:peer
Peer_4:peer INFO 4822.355458642405: Received message <GossipMessage:19_1> from Peer_16:peer
Peer_4:peer INFO 4866.08242042076: Received message <GossipMessage:20_1> from Peer_7:peer
Peer_4:peer INFO 4866.08242042076: Sending message <GossipMessage:20_1> to Peer_15:peer
Peer_4:peer INFO 4866.08242042076: Sending message <GossipMessage:20_1> to Peer_13:peer
Peer_4:peer INFO 4866.08242042076: Sending message <GossipMessage:20_1> to Peer_16:peer
Peer_4:peer INFO 4870.885320576092: Received message <GossipMessage:19_1> from Peer_16:peer
Peer_4:peer INFO 4871.023907559045: Received message <GossipMessage:19_1> from Peer_16:peer
Peer_4:peer INFO 4872.317114974272: Received message <GossipMessage:19_1> from Peer_15:peer
Peer_4:peer INFO 4914.629863543019: Received message <GossipMessage:20_1> from Peer_7:peer
Peer_4:peer INFO 4915.0951599878645: Received message <GossipMessage:20_1> from Peer_13:peer
Peer_4:peer INFO 4915.0951599878645: Sending message <GossipMessage:20_1> to Peer_15:peer
Peer_4:peer INFO 4915.0951599878645: Sending message <GossipMessage:20_1> to Peer_16:peer
Peer_4:peer INFO 4915.0951599878645: Sending message <GossipMessage:20_1> to Peer_7:peer
Peer_4:peer INFO 4915.262143814099: Received message <GossipMessage:20_1> from Peer_15:peer
Peer_4:peer INFO 4915.262143814099: Sending message <GossipMessage:20_1> to Peer_16:peer
Peer_4:peer INFO 4915.262143814099: Sending message <GossipMessage:20_1> to Peer_13:peer
Peer_4:peer INFO 4915.262143814099: Sending message <GossipMessage:20_1> to Peer_7:peer
Peer_4:peer INFO 4915.30016107682: Received message <GossipMessage:20_1> from Peer_13:peer
Peer_4:peer INFO 4915.584160952828: Received message <GossipMessage:20_1> from Peer_15:peer
Peer_4:peer INFO 4915.584160952828: Sending message <GossipMessage:20_1> to Peer_16:peer
Peer_4:peer INFO 4915.584160952828: Sending message <GossipMessage:20_1> to Peer_13:peer
Peer_4:peer INFO 4915.584160952828: Sending message <GossipMessage:20_1> to Peer_7:peer
Peer_4:peer INFO 4916.379875880107: Received message <GossipMessage:20_1> from Peer_15:peer
Peer_4:peer INFO 4937.823642690717: Received message <GossipMessage:20_1> from Peer_7:peer
Peer_4:peer INFO 5000: Sending message <Ping:> to Peer_26:bootstrap
Peer_4:peer INFO 5021.49053092327: Received message <GossipMessage:20_1> from Peer_16:peer
Peer_4:peer INFO 5021.49053092327: Sending message <GossipMessage:20_1> to Peer_15:peer
Peer_4:peer INFO 5021.49053092327: Sending message <GossipMessage:20_1> to Peer_13:peer
Peer_4:peer INFO 5021.49053092327: Sending message <GossipMessage:20_1> to Peer_7:peer
Peer_4:peer INFO 5021.628678610711: Received message <GossipMessage:20_1> from Peer_16:peer
Peer_4:peer INFO 5021.9788200406: Received message <GossipMessage:20_1> from Peer_16:peer
Peer_4:peer INFO 5065.605433386192: Received message <Ping:> from Peer_26:bootstrap
Peer_4:peer INFO 5065.605433386192: Sending message <Pong:> to Peer_26:bootstrap
Peer_4:peer INFO 5066.415717966046: Received message <GossipMessage:21_1> from Peer_7:peer
Peer_4:peer INFO 5066.415717966046: Sending message <GossipMessage:21_1> to Peer_16:peer
Peer_4:peer INFO 5066.415717966046: Sending message <GossipMessage:21_1> to Peer_15:peer
Peer_4:peer INFO 5066.415717966046: Sending message <GossipMessage:21_1> to Peer_13:peer
Peer_4:peer INFO 5114.601373795822: Received message <GossipMessage:21_1> from Peer_15:peer
Peer_4:peer INFO 5114.601373795822: Sending message <GossipMessage:21_1> to Peer_7:peer
Peer_4:peer INFO 5114.601373795822: Sending message <GossipMessage:21_1> to Peer_16:peer
Peer_4:peer INFO 5114.601373795822: Sending message <GossipMessage:21_1> to Peer_13:peer
Peer_4:peer INFO 5114.893590612771: Received message <GossipMessage:21_1> from Peer_15:peer
Peer_4:peer INFO 5115.400969011689: Received message <GossipMessage:21_1> from Peer_13:peer
Peer_4:peer INFO 5115.400969011689: Sending message <GossipMessage:21_1> to Peer_7:peer
Peer_4:peer INFO 5115.400969011689: Sending message <GossipMessage:21_1> to Peer_16:peer
Peer_4:peer INFO 5115.400969011689: Sending message <GossipMessage:21_1> to Peer_15:peer
Peer_4:peer INFO 5115.409195723653: Received message <GossipMessage:21_1> from Peer_15:peer
Peer_4:peer INFO 5115.409195723653: Sending message <GossipMessage:21_1> to Peer_16:peer
Peer_4:peer INFO 5115.409195723653: Sending message <GossipMessage:21_1> to Peer_7:peer
Peer_4:peer INFO 5115.409195723653: Sending message <GossipMessage:21_1> to Peer_13:peer
Peer_4:peer INFO 5115.410590131471: Received message <GossipMessage:21_1> from Peer_13:peer
Peer_4:peer INFO 5115.410590131471: Sending message <GossipMessage:21_1> to Peer_15:peer
Peer_4:peer INFO 5115.410590131471: Sending message <GossipMessage:21_1> to Peer_7:peer
Peer_4:peer INFO 5115.410590131471: Sending message <GossipMessage:21_1> to Peer_16:peer
Peer_4:peer INFO 5115.673724001009: Received message <GossipMessage:21_1> from Peer_13:peer
Peer_4:peer INFO 5115.736656934719: Received message <GossipMessage:21_1> from Peer_13:peer
Peer_4:peer INFO 5115.881685329089: Received message <GossipMessage:21_1> from Peer_7:peer
Peer_4:peer INFO 5130.999329072557: Received message <Pong:> from Peer_26:bootstrap
Peer_4:peer INFO 5140.654236855238: Received message <GossipMessage:21_1> from Peer_7:peer
Peer_4:peer INFO 5186.704410964207: Received message <GossipMessage:21_1> from Peer_15:peer
Peer_4:peer INFO 5186.982149648349: Received message <GossipMessage:21_1> from Peer_15:peer
Peer_4:peer INFO 5196.48718595442: Received message <GossipMessage:21_1> from Peer_7:peer
