Peer_2:peer WARNING 0: Not enough peers, fetching more (0, 4)
Peer_2:peer INFO 0.5437006502223579: Connecting to Peer_26:bootstrap
Peer_2:peer INFO 1.0588922160167726: Received message <RequestPeers:> from Peer_26:bootstrap
Peer_2:peer INFO 1.0588922160167726: Sending message <PeerList> to Peer_26:bootstrap
Peer_2:peer INFO 1.0693040885826166: Received message <Hello:> from Peer_26:bootstrap
Peer_2:peer WARNING 500: Not enough peers, fetching more (1, 4)
Peer_2:peer INFO 500: Sending message <RequestPeers:> to Peer_26:bootstrap
Peer_2:peer INFO 501.0163442807339: Received message <PeerList> from Peer_26:bootstrap
Peer_2:peer WARNING 1000: Not enough peers, fetching more (1, 4)
Peer_2:peer INFO 1000: Sending message <RequestPeers:> to Peer_26:bootstrap
Peer_2:peer INFO 1001.0416409639365: Received message <PeerList> from Peer_26:bootstrap
Peer_2:peer INFO 1037.4365963496473: Connecting to Peer_22:peer
Peer_2:peer INFO 1065.436148069565: Received message <Hello:> from Peer_9:peer
Peer_2:peer INFO 1065.436148069565: Connecting to Peer_9:peer
Peer_2:peer INFO 1065.436148069565: Sending message <Hello:> to Peer_9:peer
Peer_2:peer INFO 1065.436148069565: Sending message <RequestPeers:> to Peer_9:peer
Peer_2:peer INFO 1074.7001259567376: Received message <RequestPeers:> from Peer_22:peer
Peer_2:peer INFO 1074.7001259567376: Sending message <PeerList> to Peer_22:peer
Peer_2:peer INFO 1074.9442160621963: Received message <Hello:> from Peer_22:peer
Peer_2:peer INFO 1196.3728269261856: Received message <PeerList> from Peer_9:peer
Peer_2:peer INFO 1347.0282137903428: Received message <GossipMessage:2_1> from Peer_22:peer
Peer_2:peer WARNING 1500: Not enough peers, fetching more (3, 4)
Peer_2:peer INFO 1544.634518574441: Received message <GossipMessage:3_1> from Peer_22:peer
Peer_2:peer INFO 1565.3510519055637: Received message <RequestPeers:> from Peer_9:peer
Peer_2:peer INFO 1565.3510519055637: Sending message <PeerList> to Peer_9:peer
Peer_2:peer INFO 1565.5420625767617: Connecting to Peer_17:peer
Peer_2:peer INFO 1630.652716668547: Received message <Hello:> from Peer_17:peer
Peer_2:peer INFO 1631.224338093117: Received message <RequestPeers:> from Peer_17:peer
Peer_2:peer INFO 1631.224338093117: Sending message <PeerList> to Peer_17:peer
Peer_2:peer INFO 1673.2372409986847: Received message <GossipMessage:4_1> from Peer_22:peer
Peer_2:peer INFO 1673.2372409986847: Sending message <GossipMessage:4_1> to Peer_17:peer
Peer_2:peer INFO 1673.2372409986847: Sending message <GossipMessage:4_1> to Peer_9:peer
Peer_2:peer INFO 1687.169812580484: Received message <GossipMessage:3_1> from Peer_17:peer
Peer_2:peer INFO 1779.5071026165947: Received message <GossipMessage:4_1> from Peer_22:peer
Peer_2:peer INFO 1874.496804461886: Received message <GossipMessage:5_1> from Peer_22:peer
Peer_2:peer INFO 1874.496804461886: Sending message <GossipMessage:5_1> to Peer_17:peer
Peer_2:peer INFO 1874.496804461886: Sending message <GossipMessage:5_1> to Peer_9:peer
Peer_2:peer INFO 1947.9930621139504: Received message <GossipMessage:5_1> from Peer_22:peer
Peer_2:peer INFO 1981.0913518138893: Received message <GossipMessage:5_1> from Peer_17:peer
Peer_2:peer INFO 2000: Sending message <Ping:> to Peer_26:bootstrap
Peer_2:peer INFO 2000.597211513288: Received message <Ping:> from Peer_26:bootstrap
Peer_2:peer INFO 2000.597211513288: Sending message <Pong:> to Peer_26:bootstrap
Peer_2:peer INFO 2000.9387038783466: Received message <Pong:> from Peer_26:bootstrap
Peer_2:peer INFO 2036.8103475652506: Received message <Ping:> from Peer_22:peer
Peer_2:peer INFO 2036.8103475652506: Sending message <Pong:> to Peer_22:peer
Peer_2:peer INFO 2065.4383780441735: Received message <RequestPeers:> from Peer_9:peer
Peer_2:peer INFO 2065.4383780441735: Sending message <PeerList> to Peer_9:peer
Peer_2:peer INFO 2072.7936882223084: Received message <GossipMessage:6_1> from Peer_22:peer
Peer_2:peer INFO 2072.7936882223084: Sending message <GossipMessage:6_1> to Peer_9:peer
Peer_2:peer INFO 2072.7936882223084: Sending message <GossipMessage:6_1> to Peer_17:peer
Peer_2:peer INFO 2086.695944442205: Received message <GossipMessage:5_1> from Peer_17:peer
Peer_2:peer INFO 2148.1069789946605: Received message <GossipMessage:6_1> from Peer_22:peer
Peer_2:peer INFO 2182.417162071575: Received message <GossipMessage:6_1> from Peer_17:peer
Peer_2:peer INFO 2273.4955023171105: Received message <GossipMessage:7_1> from Peer_22:peer
Peer_2:peer INFO 2273.4955023171105: Sending message <GossipMessage:7_1> to Peer_17:peer
Peer_2:peer INFO 2273.4955023171105: Sending message <GossipMessage:7_1> to Peer_9:peer
Peer_2:peer INFO 2275.622291677392: Received message <GossipMessage:7_1> from Peer_22:peer
Peer_2:peer INFO 2287.089065330402: Received message <GossipMessage:6_1> from Peer_17:peer
Peer_2:peer INFO 2331.4895648514316: Received message <GossipMessage:7_1> from Peer_17:peer
Peer_2:peer INFO 2331.4895648514316: Sending message <GossipMessage:7_1> to Peer_9:peer
Peer_2:peer INFO 2331.4895648514316: Sending message <GossipMessage:7_1> to Peer_22:peer
Peer_2:peer INFO 2346.4799147389945: Received message <GossipMessage:7_1> from Peer_22:peer
Peer_2:peer INFO 2380.6572893069706: Received message <GossipMessage:7_1> from Peer_22:peer
Peer_2:peer INFO 2381.262370024505: Received message <GossipMessage:7_1> from Peer_17:peer
Peer_2:peer INFO 2474.2956271756734: Received message <GossipMessage:8_1> from Peer_22:peer
Peer_2:peer INFO 2474.2956271756734: Sending message <GossipMessage:8_1> to Peer_17:peer
Peer_2:peer INFO 2474.2956271756734: Sending message <GossipMessage:8_1> to Peer_9:peer
Peer_2:peer INFO 2474.399814480242: Received message <GossipMessage:8_1> from Peer_22:peer
Peer_2:peer INFO 2486.688572626123: Received message <GossipMessage:7_1> from Peer_17:peer
Peer_2:peer INFO 2531.6984477177953: Received message <GossipMessage:8_1> from Peer_17:peer
Peer_2:peer INFO 2531.6984477177953: Sending message <GossipMessage:8_1> to Peer_9:peer
Peer_2:peer INFO 2531.6984477177953: Sending message <GossipMessage:8_1> to Peer_22:peer
Peer_2:peer INFO 2546.2173667351376: Received message <GossipMessage:8_1> from Peer_22:peer
Peer_2:peer INFO 2547.0218405577166: Received message <GossipMessage:8_1> from Peer_22:peer
Peer_2:peer INFO 2550.0185550278356: Received message <GossipMessage:8_1> from Peer_22:peer
Peer_2:peer INFO 2580.6196387836962: Received message <GossipMessage:8_1> from Peer_17:peer
Peer_2:peer INFO 2580.8031273417514: Received message <GossipMessage:8_1> from Peer_22:peer
Peer_2:peer INFO 2581.84056543926: Received message <GossipMessage:8_1> from Peer_17:peer
Peer_2:peer INFO 2674.060835723985: Received message <GossipMessage:9_1> from Peer_22:peer
Peer_2:peer INFO 2674.060835723985: Sending message <GossipMessage:9_1> to Peer_17:peer
Peer_2:peer INFO 2674.060835723985: Sending message <GossipMessage:9_1> to Peer_9:peer
Peer_2:peer INFO 2674.461360291644: Received message <GossipMessage:9_1> from Peer_22:peer
Peer_2:peer INFO 2674.461360291644: Sending message <GossipMessage:9_1> to Peer_9:peer
Peer_2:peer INFO 2674.461360291644: Sending message <GossipMessage:9_1> to Peer_17:peer
Peer_2:peer INFO 2674.6376585263597: Received message <GossipMessage:9_1> from Peer_22:peer
Peer_2:peer INFO 2731.726983124969: Received message <GossipMessage:9_1> from Peer_9:peer
Peer_2:peer INFO 2745.883554877517: Received message <GossipMessage:9_1> from Peer_22:peer
Peer_2:peer INFO 2747.2695766523852: Received message <GossipMessage:9_1> from Peer_22:peer
Peer_2:peer INFO 2780.0968072389182: Received message <GossipMessage:9_1> from Peer_22:peer
Peer_2:peer INFO 2780.433158874284: Received message <GossipMessage:9_1> from Peer_9:peer
Peer_2:peer INFO 2781.115087863091: Received message <GossipMessage:9_1> from Peer_17:peer
Peer_2:peer INFO 2872.5651512452514: Received message <GossipMessage:10_1> from Peer_22:peer
Peer_2:peer INFO 2872.5651512452514: Sending message <GossipMessage:10_1> to Peer_17:peer
Peer_2:peer INFO 2872.5651512452514: Sending message <GossipMessage:10_1> to Peer_9:peer
Peer_2:peer INFO 2872.960633654035: Received message <GossipMessage:10_1> from Peer_22:peer
Peer_2:peer INFO 2872.960633654035: Sending message <GossipMessage:10_1> to Peer_9:peer
Peer_2:peer INFO 2872.960633654035: Sending message <GossipMessage:10_1> to Peer_17:peer
Peer_2:peer INFO 2874.5545195721393: Received message <GossipMessage:10_1> from Peer_22:peer
Peer_2:peer INFO 2945.9615239673067: Received message <GossipMessage:10_1> from Peer_22:peer
Peer_2:peer INFO 2947.11048205684: Received message <GossipMessage:10_1> from Peer_22:peer
Peer_2:peer INFO 2947.396098300181: Received message <GossipMessage:10_1> from Peer_22:peer
Peer_2:peer INFO 2979.988585704741: Received message <GossipMessage:10_1> from Peer_22:peer
Peer_2:peer INFO 2980.274003228545: Received message <GossipMessage:10_1> from Peer_9:peer
Peer_2:peer INFO 2980.5946461993376: Received message <GossipMessage:10_1> from Peer_17:peer
Peer_2:peer INFO 2980.6753635851187: Received message <GossipMessage:10_1> from Peer_9:peer
Peer_2:peer INFO 2981.079897352365: Received message <GossipMessage:10_1> from Peer_17:peer
Peer_2:peer INFO 3000: Sending message <Ping:> to Peer_26:bootstrap
Peer_2:peer INFO 3000.4683790733475: Received message <Ping:> from Peer_26:bootstrap
Peer_2:peer INFO 3000.4683790733475: Sending message <Pong:> to Peer_26:bootstrap
Peer_2:peer INFO 3001.0223742551484: Received message <Pong:> from Peer_26:bootstrap
Peer_2:peer INFO 3073.248319598063: Received message <GossipMessage:11_1> from Peer_22:peer
Peer_2:peer INFO 3073.248319598063: Sending message <GossipMessage:11_1> to Peer_17:peer
Peer_2:peer INFO 3073.248319598063: Sending message <GossipMessage:11_1> to Peer_9:peer
Peer_2:peer INFO 3073.476389533069: Received message <GossipMessage:11_1> from Peer_22:peer
Peer_2:peer INFO 3073.476389533069: Sending message <GossipMessage:11_1> to Peer_9:peer
Peer_2:peer INFO 3073.476389533069: Sending message <GossipMessage:11_1> to Peer_17:peer
Peer_2:peer INFO 3074.1101800505826: Received message <GossipMessage:11_1> from Peer_22:peer
Peer_2:peer INFO 3074.1101800505826: Sending message <GossipMessage:11_1> to Peer_9:peer
Peer_2:peer INFO 3074.1101800505826: Sending message <GossipMessage:11_1> to Peer_17:peer
Peer_2:peer INFO 3131.441491790353: Received message <GossipMessage:11_1> from Peer_17:peer
Peer_2:peer INFO 3131.441491790353: Sending message <GossipMessage:11_1> to Peer_9:peer
Peer_2:peer INFO 3131.441491790353: Sending message <GossipMessage:11_1> to Peer_22:peer
Peer_2:peer INFO 3146.9235594507986: Received message <GossipMessage:11_1> from Peer_22:peer
Peer_2:peer INFO 3180.0978815268495: Received message <GossipMessage:11_1> from Peer_17:peer
Peer_2:peer INFO 3180.0978815268495: Sending message <GossipMessage:11_1> to Peer_9:peer
Peer_2:peer INFO 3180.0978815268495: Sending message <GossipMessage:11_1> to Peer_22:peer
Peer_2:peer INFO 3181.577293621557: Received message <GossipMessage:11_1> from Peer_22:peer
Peer_2:peer INFO 3181.828570699447: Received message <GossipMessage:11_1> from Peer_17:peer
Peer_2:peer INFO 3273.2669115084896: Received message <GossipMessage:12_1> from Peer_22:peer
Peer_2:peer INFO 3273.2669115084896: Sending message <GossipMessage:12_1> to Peer_9:peer
Peer_2:peer INFO 3273.2669115084896: Sending message <GossipMessage:12_1> to Peer_17:peer
Peer_2:peer INFO 3273.682264055849: Received message <GossipMessage:12_1> from Peer_22:peer
Peer_2:peer INFO 3273.8105503156403: Received message <GossipMessage:12_1> from Peer_22:peer
Peer_2:peer INFO 3273.8105503156403: Sending message <GossipMessage:12_1> to Peer_9:peer
Peer_2:peer INFO 3273.8105503156403: Sending message <GossipMessage:12_1> to Peer_17:peer
Peer_2:peer INFO 3274.08508942307: Received message <GossipMessage:12_1> from Peer_22:peer
Peer_2:peer INFO 3331.4544132069423: Received message <GossipMessage:12_1> from Peer_17:peer
Peer_2:peer INFO 3331.4544132069423: Sending message <GossipMessage:12_1> to Peer_9:peer
Peer_2:peer INFO 3331.4544132069423: Sending message <GossipMessage:12_1> to Peer_22:peer
Peer_2:peer INFO 3331.713625191729: Received message <GossipMessage:12_1> from Peer_9:peer
Peer_2:peer INFO 3345.153762822086: Received message <GossipMessage:12_1> from Peer_22:peer
Peer_2:peer INFO 3347.54197559611: Received message <GossipMessage:12_1> from Peer_22:peer
Peer_2:peer INFO 3380.132465679408: Received message <GossipMessage:12_1> from Peer_17:peer
Peer_2:peer INFO 3380.132465679408: Sending message <GossipMessage:12_1> to Peer_22:peer
Peer_2:peer INFO 3380.132465679408: Sending message <GossipMessage:12_1> to Peer_9:peer
Peer_2:peer INFO 3380.7946165063518: Received message <GossipMessage:12_1> from Peer_9:peer
Peer_2:peer INFO 3381.354630428944: Received message <GossipMessage:12_1> from Peer_22:peer
Peer_2:peer INFO 3381.3609922730975: Received message <GossipMessage:12_1> from Peer_17:peer
Peer_2:peer INFO 3472.680046605121: Received message <GossipMessage:13_1> from Peer_22:peer
Peer_2:peer INFO 3472.680046605121: Sending message <GossipMessage:13_1> to Peer_9:peer
Peer_2:peer INFO 3472.680046605121: Sending message <GossipMessage:13_1> to Peer_17:peer
Peer_2:peer INFO 3473.4692443416343: Received message <GossipMessage:13_1> from Peer_22:peer
Peer_2:peer INFO 3473.4692443416343: Sending message <GossipMessage:13_1> to Peer_9:peer
Peer_2:peer INFO 3473.4692443416343: Sending message <GossipMessage:13_1> to Peer_17:peer
Peer_2:peer INFO 3474.3842777067457: Received message <GossipMessage:13_1> from Peer_22:peer
Peer_2:peer INFO 3475.044535086765: Received message <GossipMessage:13_1> from Peer_22:peer
Peer_2:peer INFO 3475.044535086765: Sending message <GossipMessage:13_1> to Peer_17:peer
Peer_2:peer INFO 3475.044535086765: Sending message <GossipMessage:13_1> to Peer_9:peer
Peer_2:peer INFO 3531.7623696222886: Received message <GossipMessage:13_1> from Peer_9:peer
Peer_2:peer INFO 3550.0097676615515: Received message <GossipMessage:13_1> from Peer_22:peer
Peer_2:peer INFO 3580.1557279134213: Received message <GossipMessage:13_1> from Peer_22:peer
Peer_2:peer INFO 3580.7472643695387: Received message <GossipMessage:13_1> from Peer_17:peer
Peer_2:peer INFO 3580.7472643695387: Sending message <GossipMessage:13_1> to Peer_9:peer
Peer_2:peer INFO 3580.7472643695387: Sending message <GossipMessage:13_1> to Peer_22:peer
Peer_2:peer INFO 3581.618285229562: Received message <GossipMessage:13_1> from Peer_17:peer
Peer_2:peer INFO 3662.1489703893667: Received message <GossipMessage:13_1> from Peer_17:peer
Peer_2:peer INFO 3673.4376425223722: Received message <GossipMessage:14_1> from Peer_22:peer
Peer_2:peer INFO 3673.4376425223722: Sending message <GossipMessage:14_1> to Peer_9:peer
Peer_2:peer INFO 3673.4376425223722: Sending message <GossipMessage:14_1> to Peer_17:peer
Peer_2:peer INFO 3673.775658905662: Received message <GossipMessage:14_1> from Peer_22:peer
Peer_2:peer INFO 3674.434159406813: Received message <GossipMessage:14_1> from Peer_22:peer
Peer_2:peer INFO 3674.434159406813: Sending message <GossipMessage:14_1> to Peer_17:peer
Peer_2:peer INFO 3674.434159406813: Sending message <GossipMessage:14_1> to Peer_9:peer
Peer_2:peer INFO 3686.62627809156: Received message <GossipMessage:13_1> from Peer_17:peer
Peer_2:peer INFO 3731.490094379221: Received message <GossipMessage:14_1> from Peer_17:peer
Peer_2:peer INFO 3731.490094379221: Sending message <GossipMessage:14_1> to Peer_9:peer
Peer_2:peer INFO 3731.490094379221: Sending message <GossipMessage:14_1> to Peer_22:peer
Peer_2:peer INFO 3746.3968320080467: Received message <GossipMessage:14_1> from Peer_22:peer
Peer_2:peer INFO 3780.3395441011317: Received message <GossipMessage:14_1> from Peer_17:peer
Peer_2:peer INFO 3780.4056620253787: Received message <GossipMessage:14_1> from Peer_22:peer
Peer_2:peer INFO 3780.499427078607: Received message <GossipMessage:14_1> from Peer_17:peer
Peer_2:peer INFO 3780.499427078607: Sending message <GossipMessage:14_1> to Peer_9:peer
Peer_2:peer INFO 3780.499427078607: Sending message <GossipMessage:14_1> to Peer_22:peer
Peer_2:peer INFO 3780.6860798696284: Received message <GossipMessage:14_1> from Peer_9:peer
Peer_2:peer INFO 3874.821503382236: Received message <GossipMessage:15_1> from Peer_22:peer
Peer_2:peer INFO 3875.316955125406: Received message <GossipMessage:15_1> from Peer_22:peer
Peer_2:peer INFO 3875.316955125406: Sending message <GossipMessage:15_1> to Peer_9:peer
Peer_2:peer INFO 3875.316955125406: Sending message <GossipMessage:15_1> to Peer_17:peer
Peer_2:peer INFO 3931.955511706341: Received message <GossipMessage:15_1> from Peer_9:peer
Peer_2:peer INFO 3981.639243466953: Received message <GossipMessage:15_1> from Peer_22:peer
Peer_2:peer INFO 4000: Sending message <Ping:> to Peer_26:bootstrap
Peer_2:peer INFO 4000.5097140532616: Received message <Ping:> from Peer_26:bootstrap
Peer_2:peer INFO 4000.5097140532616: Sending message <Pong:> to Peer_26:bootstrap
Peer_2:peer INFO 4001.002970276054: Received message <Pong:> from Peer_26:bootstrap
Peer_2:peer INFO 4062.666722252588: Received message <GossipMessage:15_1> from Peer_17:peer
Peer_2:peer INFO 4075.0343728522926: Received message <GossipMessage:16_1> from Peer_22:peer
Peer_2:peer INFO 4075.0343728522926: Sending message <GossipMessage:16_1> to Peer_9:peer
Peer_2:peer INFO 4075.0343728522926: Sending message <GossipMessage:16_1> to Peer_17:peer
Peer_2:peer INFO 4075.7066186685993: Received message <GossipMessage:16_1> from Peer_22:peer
Peer_2:peer INFO 4075.7066186685993: Sending message <GossipMessage:16_1> to Peer_17:peer
Peer_2:peer INFO 4075.7066186685993: Sending message <GossipMessage:16_1> to Peer_9:peer
Peer_2:peer INFO 4086.913770686623: Received message <GossipMessage:15_1> from Peer_17:peer
Peer_2:peer INFO 4131.850550921919: Received message <GossipMessage:16_1> from Peer_17:peer
Peer_2:peer INFO 4131.850550921919: Sending message <GossipMessage:16_1> to Peer_9:peer
Peer_2:peer INFO 4131.850550921919: Sending message <GossipMessage:16_1> to Peer_22:peer
Peer_2:peer INFO 4147.1397347448565: Received message <GossipMessage:16_1> from Peer_22:peer
Peer_2:peer INFO 4179.97318042146: Received message <GossipMessage:16_1> from Peer_9:peer
Peer_2:peer INFO 4179.9963686826795: Received message <GossipMessage:16_1> from Peer_17:peer
Peer_2:peer INFO 4180.813124966898: Received message <GossipMessage:16_1> from Peer_17:peer
Peer_2:peer INFO 4181.157109684183: Received message <GossipMessage:16_1> from Peer_9:peer
Peer_2:peer INFO 4181.785082205354: Received message <GossipMessage:16_1> from Peer_9:peer
Peer_2:peer INFO 4272.604256638153: Received message <GossipMessage:17_1> from Peer_22:peer
Peer_2:peer INFO 4272.604256638153: Sending message <GossipMessage:17_1> to Peer_17:peer
Peer_2:peer INFO 4272.604256638153: Sending message <GossipMessage:17_1> to Peer_9:peer
Peer_2:peer INFO 4272.877434639028: Received message <GossipMessage:17_1> from Peer_22:peer
Peer_2:peer INFO 4272.877434639028: Sending message <GossipMessage:17_1> to Peer_17:peer
Peer_2:peer INFO 4272.877434639028: Sending message <GossipMessage:17_1> to Peer_9:peer
Peer_2:peer INFO 4272.959356169704: Received message <GossipMessage:17_1> from Peer_22:peer
Peer_2:peer INFO 4331.302378541732: Received message <GossipMessage:17_1> from Peer_17:peer
Peer_2:peer INFO 4331.302378541732: Sending message <GossipMessage:17_1> to Peer_9:peer
Peer_2:peer INFO 4331.302378541732: Sending message <GossipMessage:17_1> to Peer_22:peer
Peer_2:peer INFO 4331.522857362531: Received message <GossipMessage:17_1> from Peer_9:peer
Peer_2:peer INFO 4345.253728609538: Received message <GossipMessage:17_1> from Peer_22:peer
Peer_2:peer INFO 4379.512002801231: Received message <GossipMessage:17_1> from Peer_9:peer
Peer_2:peer INFO 4380.547856697802: Received message <GossipMessage:17_1> from Peer_22:peer
Peer_2:peer INFO 4380.547856697802: Sending message <GossipMessage:17_1> to Peer_17:peer
Peer_2:peer INFO 4380.547856697802: Sending message <GossipMessage:17_1> to Peer_9:peer
Peer_2:peer INFO 4381.147048722277: Received message <GossipMessage:17_1> from Peer_9:peer
Peer_2:peer INFO 4381.191023823042: Received message <GossipMessage:17_1> from Peer_17:peer
Peer_2:peer INFO 4381.277838466608: Received message <GossipMessage:17_1> from Peer_22:peer
Peer_2:peer INFO 4472.2381739443845: Received message <GossipMessage:18_1> from Peer_22:peer
Peer_2:peer INFO 4472.2381739443845: Sending message <GossipMessage:18_1> to Peer_9:peer
Peer_2:peer INFO 4472.2381739443845: Sending message <GossipMessage:18_1> to Peer_17:peer
Peer_2:peer INFO 4487.153262919639: Received message <GossipMessage:17_1> from Peer_17:peer
Peer_2:peer INFO 4531.159041894075: Received message <GossipMessage:18_1> from Peer_9:peer
Peer_2:peer INFO 4531.159041894075: Sending message <GossipMessage:18_1> to Peer_17:peer
Peer_2:peer INFO 4531.159041894075: Sending message <GossipMessage:18_1> to Peer_22:peer
Peer_2:peer INFO 4531.649433929503: Received message <GossipMessage:18_1> from Peer_17:peer
Peer_2:peer INFO 4579.720021697576: Received message <GossipMessage:18_1> from Peer_22:peer
Peer_2:peer INFO 4579.720021697576: Sending message <GossipMessage:18_1> to Peer_9:peer
Peer_2:peer INFO 4579.720021697576: Sending message <GossipMessage:18_1> to Peer_17:peer
Peer_2:peer INFO 4580.302300809867: Received message <GossipMessage:18_1> from Peer_9:peer
Peer_2:peer INFO 4581.535343667366: Received message <GossipMessage:18_1> from Peer_17:peer
Peer_2:peer INFO 4662.152420227355: Received message <GossipMessage:18_1> from Peer_17:peer
Peer_2:peer INFO 4673.136137114412: Received message <GossipMessage:19_1> from Peer_22:peer
Peer_2:peer INFO 4673.136137114412: Sending message <GossipMessage:19_1> to Peer_17:peer
Peer_2:peer INFO 4673.136137114412: Sending message <GossipMessage:19_1> to Peer_9:peer
Peer_2:peer INFO 4687.332074762615: Received message <GossipMessage:18_1> from Peer_17:peer
Peer_2:peer INFO 4731.632344499613: Received message <GossipMessage:19_1> from Peer_9:peer
Peer_2:peer INFO 4731.70166227175: Received message <GossipMessage:19_1> from Peer_17:peer
Peer_2:peer INFO 4731.70166227175: Sending message <GossipMessage:19_1> to Peer_22:peer
Peer_2:peer INFO 4731.70166227175: Sending message <GossipMessage:19_1> to Peer_9:peer
Peer_2:peer INFO 4731.791974152961: Received message <GossipMessage:19_1> from Peer_9:peer
Peer_2:peer INFO 4746.236032368486: Received message <GossipMessage:19_1> from Peer_22:peer
Peer_2:peer INFO 4748.029123806085: Received message <GossipMessage:19_1> from Peer_22:peer
Peer_2:peer INFO 4748.693350222847: Received message <GossipMessage:19_1> from Peer_22:peer
Peer_2:peer INFO 4780.03920531202: Received message <GossipMessage:19_1> from Peer_9:peer
Peer_2:peer INFO 4780.463497203722: Received message <GossipMessage:19_1> from Peer_17:peer
Peer_2:peer INFO 4780.463497203722: Sending message <GossipMessage:19_1> to Peer_9:peer
Peer_2:peer INFO 4780.463497203722: Sending message <GossipMessage:19_1> to Peer_22:peer
Peer_2:peer INFO 4780.815471604082: Received message <GossipMessage:19_1> from Peer_17:peer
Peer_2:peer INFO 4780.815471604082: Sending message <GossipMessage:19_1> to Peer_22:peer
Peer_2:peer INFO 4780.815471604082: Sending message <GossipMessage:19_1> to Peer_9:peer
Peer_2:peer INFO 4780.936957914919: Received message <GossipMessage:19_1> from Peer_22:peer
Peer_2:peer INFO 4781.146230715007: Received message <GossipMessage:19_1> from Peer_9:peer
Peer_2:peer INFO 4862.102937593459: Received message <GossipMessage:19_1> from Peer_17:peer
Peer_2:peer INFO 4872.6950872095595: Received message <GossipMessage:20_1> from Peer_22:peer
Peer_2:peer INFO 4872.6950872095595: Sending message <GossipMessage:20_1> to Peer_17:peer
Peer_2:peer INFO 4872.6950872095595: Sending message <GossipMessage:20_1> to Peer_9:peer
Peer_2:peer INFO 4873.143128258752: Received message <GossipMessage:20_1> from Peer_22:peer
Peer_2:peer INFO 4873.143128258752: Sending message <GossipMessage:20_1> to Peer_17:peer
Peer_2:peer INFO 4873.143128258752: Sending message <GossipMessage:20_1> to Peer_9:peer
Peer_2:peer INFO 4874.78328385146: Received message <GossipMessage:20_1> from Peer_22:peer
Peer_2:peer INFO 4874.78328385146: Sending message <GossipMessage:20_1> to Peer_9:peer
Peer_2:peer INFO 4874.78328385146: Sending message <GossipMessage:20_1> to Peer_17:peer
Peer_2:peer INFO 4931.01732447132: Received message <GossipMessage:20_1> from Peer_9:peer
Peer_2:peer INFO 4931.01732447132: Sending message <GossipMessage:20_1> to Peer_17:peer
Peer_2:peer INFO 4931.01732447132: Sending message <GossipMessage:20_1> to Peer_22:peer
Peer_2:peer INFO 4931.4061879775745: Received message <GossipMessage:20_1> from Peer_17:peer
Peer_2:peer INFO 4932.041996289268: Received message <GossipMessage:20_1> from Peer_9:peer
Peer_2:peer INFO 4947.78239362411: Received message <GossipMessage:20_1> from Peer_22:peer
Peer_2:peer INFO 4979.468962096856: Received message <GossipMessage:20_1> from Peer_17:peer
Peer_2:peer INFO 4979.468962096856: Sending message <GossipMessage:20_1> to Peer_22:peer
Peer_2:peer INFO 4979.468962096856: Sending message <GossipMessage:20_1> to Peer_9:peer
Peer_2:peer INFO 4979.620004449496: Received message <GossipMessage:20_1> from Peer_9:peer
Peer_2:peer INFO 4980.1403768332075: Received message <GossipMessage:20_1> from Peer_9:peer
Peer_2:peer INFO 4980.4846628086225: Received message <GossipMessage:20_1> from Peer_17:peer
Peer_2:peer INFO 4981.088206477376: Received message <GossipMessage:20_1> from Peer_17:peer
Peer_2:peer INFO 4981.088206477376: Sending message <GossipMessage:20_1> to Peer_9:peer
Peer_2:peer INFO 4981.088206477376: Sending message <GossipMessage:20_1> to Peer_22:peer
Peer_2:peer INFO 4981.377498660093: Received message <GossipMessage:20_1> from Peer_9:peer
Peer_2:peer INFO 5000: Sending message <Ping:> to Peer_26:bootstrap
Peer_2:peer INFO 5000.467214475761: Received message <Ping:> from Peer_26:bootstrap
Peer_2:peer INFO 5000.467214475761: Sending message <Pong:> to Peer_26:bootstrap
Peer_2:peer INFO 5000.975366482226: Received message <Pong:> from Peer_26:bootstrap
Peer_2:peer INFO 5003.461487231389: Received message <GossipMessage:20_1> from Peer_17:peer
Peer_2:peer INFO 5073.669852148508: Received message <GossipMessage:21_1> from Peer_22:peer
Peer_2:peer INFO 5073.669852148508: Sending message <GossipMessage:21_1> to Peer_17:peer
Peer_2:peer INFO 5073.669852148508: Sending message <GossipMessage:21_1> to Peer_9:peer
Peer_2:peer INFO 5074.574628439736: Received message <GossipMessage:21_1> from Peer_22:peer
Peer_2:peer INFO 5074.574628439736: Sending message <GossipMessage:21_1> to Peer_17:peer
Peer_2:peer INFO 5074.574628439736: Sending message <GossipMessage:21_1> to Peer_9:peer
Peer_2:peer INFO 5131.1856951628615: Received message <GossipMessage:21_1> from Peer_17:peer
Peer_2:peer INFO 5131.332951396598: Received message <GossipMessage:21_1> from Peer_9:peer
Peer_2:peer INFO 5131.332951396598: Sending message <GossipMessage:21_1> to Peer_22:peer
Peer_2:peer INFO 5131.332951396598: Sending message <GossipMessage:21_1> to Peer_17:peer
Peer_2:peer INFO 5131.367626951342: Received message <GossipMessage:21_1> from Peer_17:peer
Peer_2:peer INFO 5131.367626951342: Sending message <GossipMessage:21_1> to Peer_22:peer
Peer_2:peer INFO 5131.367626951342: Sending message <GossipMessage:21_1> to Peer_9:peer
Peer_2:peer INFO 5146.337664820868: Received message <GossipMessage:21_1> from Peer_22:peer
Peer_2:peer INFO 5179.902448161505: Received message <GossipMessage:21_1> from Peer_17:peer
Peer_2:peer INFO 5179.902448161505: Sending message <GossipMessage:21_1> to Peer_22:peer
Peer_2:peer INFO 5179.902448161505: Sending message <GossipMessage:21_1> to Peer_9:peer
Peer_2:peer INFO 5180.102147381868: Received message <GossipMessage:21_1> from Peer_9:peer
Peer_2:peer INFO 5181.251511970213: Received message <GossipMessage:21_1> from Peer_17:peer
