Peer_18:peer WARNING 0: Not enough peers, fetching more (0, 4)
Peer_18:peer INFO 0.49247289448196363: Connecting to Peer_26:bootstrap
Peer_18:peer INFO 1.019603698298725: Received message <RequestPeers:> from Peer_26:bootstrap
Peer_18:peer INFO 1.019603698298725: Sending message <PeerList> to Peer_26:bootstrap
Peer_18:peer INFO 1.0535177947603525: Received message <Hello:> from Peer_26:bootstrap
Peer_18:peer WARNING 500: Not enough peers, fetching more (1, 4)
Peer_18:peer INFO 500: Sending message <RequestPeers:> to Peer_26:bootstrap
Peer_18:peer INFO 501.0346279326526: Received message <PeerList> from Peer_26:bootstrap
Peer_18:peer WARNING 1000: Not enough peers, fetching more (1, 4)
Peer_18:peer INFO 1000: Sending message <RequestPeers:> to Peer_26:bootstrap
Peer_18:peer INFO 1001.0950790512792: Received message <PeerList> from Peer_26:bootstrap
Peer_18:peer INFO 1065.4752946191768: Connecting to Peer_19:peer
Peer_18:peer INFO 1065.5562650107715: Received message <Hello:> from Peer_7:peer
Peer_18:peer INFO 1065.5562650107715: Connecting to Peer_7:peer
Peer_18:peer INFO 1065.5562650107715: Sending message <Hello:> to Peer_7:peer
Peer_18:peer INFO 1065.5562650107715: Sending message <RequestPeers:> to Peer_7:peer
Peer_18:peer INFO 1065.8472992810155: Received message <Hello:> from Peer_23:peer
Peer_18:peer INFO 1065.8472992810155: Connecting to Peer_23:peer
Peer_18:peer INFO 1065.8472992810155: Sending message <Hello:> to Peer_23:peer
Peer_18:peer INFO 1065.8472992810155: Sending message <RequestPeers:> to Peer_23:peer
Peer_18:peer INFO 1130.9673124335452: Received message <Hello:> from Peer_19:peer
Peer_18:peer INFO 1130.9685398725921: Received message <RequestPeers:> from Peer_19:peer
Peer_18:peer INFO 1130.9685398725921: Sending message <PeerList> to Peer_19:peer
Peer_18:peer INFO 1196.3625610575914: Received message <PeerList> from Peer_7:peer
Peer_18:peer INFO 1197.0308482246255: Received message <PeerList> from Peer_23:peer
Peer_18:peer INFO 1565.4315027033347: Received message <RequestPeers:> from Peer_23:peer
Peer_18:peer INFO 1565.4315027033347: Sending message <PeerList> to Peer_23:peer
Peer_18:peer INFO 1565.481867806389: Received message <RequestPeers:> from Peer_7:peer
Peer_18:peer INFO 1565.481867806389: Sending message <PeerList> to Peer_7:peer
Peer_18:peer INFO 1780.2267526218272: Received message <GossipMessage:4_1> from Peer_23:peer
Peer_18:peer INFO 1780.5141789768084: Received message <GossipMessage:4_1> from Peer_23:peer
Peer_18:peer INFO 2000: Sending message <Ping:> to Peer_26:bootstrap
Peer_18:peer INFO 2000: Sending message <Ping:> to Peer_19:peer
Peer_18:peer INFO 2000.4701149120856: Received message <Ping:> from Peer_26:bootstrap
Peer_18:peer INFO 2000.4701149120856: Sending message <Pong:> to Peer_26:bootstrap
Peer_18:peer INFO 2001.0599481523666: Received message <Pong:> from Peer_26:bootstrap
Peer_18:peer INFO 2065.483880029403: Received message <Ping:> from Peer_19:peer
Peer_18:peer INFO 2065.483880029403: Sending message <Pong:> to Peer_19:peer
Peer_18:peer INFO 2130.920979188598: Received message <Pong:> from Peer_19:peer
Peer_18:peer INFO 2180.821734227285: Received message <GossipMessage:6_1> from Peer_23:peer
Peer_18:peer INFO 2331.53886702625: Received message <GossipMessage:7_1> from Peer_7:peer
Peer_18:peer INFO 2331.53886702625: Sending message <GossipMessage:7_1> to Peer_23:peer
Peer_18:peer INFO 2331.53886702625: Sending message <GossipMessage:7_1> to Peer_19:peer
Peer_18:peer INFO 2380.911144607008: Received message <GossipMessage:7_1> from Peer_23:peer
Peer_18:peer INFO 2531.516817144542: Received message <GossipMessage:8_1> from Peer_7:peer
Peer_18:peer INFO 2531.516817144542: Sending message <GossipMessage:8_1> to Peer_23:peer
Peer_18:peer INFO 2531.516817144542: Sending message <GossipMessage:8_1> to Peer_19:peer
Peer_18:peer INFO 2565.552263562511: Received message <Ping:> from Peer_7:peer
Peer_18:peer INFO 2565.552263562511: Sending message <Pong:> to Peer_7:peer
Peer_18:peer INFO 2580.643395534135: Received message <GossipMessage:8_1> from Peer_23:peer
Peer_18:peer INFO 2731.5141221085487: Received message <GossipMessage:9_1> from Peer_7:peer
Peer_18:peer INFO 2731.5141221085487: Sending message <GossipMessage:9_1> to Peer_19:peer
Peer_18:peer INFO 2731.5141221085487: Sending message <GossipMessage:9_1> to Peer_23:peer
Peer_18:peer INFO 2780.4079277565415: Received message <GossipMessage:9_1> from Peer_23:peer
Peer_18:peer INFO 2780.4079277565415: Sending message <GossipMessage:9_1> to Peer_19:peer
Peer_18:peer INFO 2780.4079277565415: Sending message <GossipMessage:9_1> to Peer_7:peer
Peer_18:peer INFO 2780.7091901946173: Received message <GossipMessage:9_1> from Peer_23:peer
Peer_18:peer INFO 2780.739237108908: Received message <GossipMessage:9_1> from Peer_19:peer
Peer_18:peer INFO 2931.5540391716827: Received message <GossipMessage:10_1> from Peer_7:peer
Peer_18:peer INFO 2931.5540391716827: Sending message <GossipMessage:10_1> to Peer_23:peer
Peer_18:peer INFO 2931.5540391716827: Sending message <GossipMessage:10_1> to Peer_19:peer
Peer_18:peer INFO 2979.990665077525: Received message <GossipMessage:10_1> from Peer_23:peer
Peer_18:peer INFO 2980.0281892564212: Received message <GossipMessage:10_1> from Peer_23:peer
Peer_18:peer INFO 2980.1919055929134: Received message <GossipMessage:10_1> from Peer_23:peer
Peer_18:peer INFO 2980.1919055929134: Sending message <GossipMessage:10_1> to Peer_19:peer
Peer_18:peer INFO 2980.1919055929134: Sending message <GossipMessage:10_1> to Peer_7:peer
Peer_18:peer INFO 2980.6643260798373: Received message <GossipMessage:10_1> from Peer_7:peer
Peer_18:peer INFO 2980.7129511178523: Received message <GossipMessage:10_1> from Peer_19:peer
Peer_18:peer INFO 3000: Sending message <Ping:> to Peer_26:bootstrap
Peer_18:peer INFO 3000.5472611682103: Received message <Ping:> from Peer_26:bootstrap
Peer_18:peer INFO 3000.5472611682103: Sending message <Pong:> to Peer_26:bootstrap
Peer_18:peer INFO 3001.1638263771256: Received message <Pong:> from Peer_26:bootstrap
Peer_18:peer INFO 3131.731135600818: Received message <GossipMessage:11_1> from Peer_7:peer
Peer_18:peer INFO 3131.731135600818: Sending message <GossipMessage:11_1> to Peer_23:peer
Peer_18:peer INFO 3131.731135600818: Sending message <GossipMessage:11_1> to Peer_19:peer
Peer_18:peer INFO 3179.8936616080077: Received message <GossipMessage:11_1> from Peer_23:peer
Peer_18:peer INFO 3180.4238904558088: Received message <GossipMessage:11_1> from Peer_7:peer
Peer_18:peer INFO 3180.637605290676: Received message <GossipMessage:11_1> from Peer_23:peer
Peer_18:peer INFO 3330.7971570408617: Received message <GossipMessage:12_1> from Peer_7:peer
Peer_18:peer INFO 3330.7971570408617: Sending message <GossipMessage:12_1> to Peer_19:peer
Peer_18:peer INFO 3330.7971570408617: Sending message <GossipMessage:12_1> to Peer_23:peer
Peer_18:peer INFO 3331.6810689617905: Received message <GossipMessage:12_1> from Peer_7:peer
Peer_18:peer INFO 3331.6810689617905: Sending message <GossipMessage:12_1> to Peer_23:peer
Peer_18:peer INFO 3331.6810689617905: Sending message <GossipMessage:12_1> to Peer_19:peer
Peer_18:peer INFO 3380.538608852001: Received message <GossipMessage:12_1> from Peer_23:peer
Peer_18:peer INFO 3380.538608852001: Sending message <GossipMessage:12_1> to Peer_19:peer
Peer_18:peer INFO 3380.538608852001: Sending message <GossipMessage:12_1> to Peer_7:peer
Peer_18:peer INFO 3380.713623619153: Received message <GossipMessage:12_1> from Peer_19:peer
Peer_18:peer INFO 3380.791917142812: Received message <GossipMessage:12_1> from Peer_7:peer
Peer_18:peer INFO 3486.7753609324627: Received message <GossipMessage:12_1> from Peer_19:peer
Peer_18:peer INFO 3531.446918275293: Received message <GossipMessage:13_1> from Peer_7:peer
Peer_18:peer INFO 3531.446918275293: Sending message <GossipMessage:13_1> to Peer_23:peer
Peer_18:peer INFO 3531.446918275293: Sending message <GossipMessage:13_1> to Peer_19:peer
Peer_18:peer INFO 3581.926016036835: Received message <GossipMessage:13_1> from Peer_7:peer
Peer_18:peer INFO 3686.840426724701: Received message <GossipMessage:13_1> from Peer_19:peer
Peer_18:peer INFO 3731.3354525220557: Received message <GossipMessage:14_1> from Peer_7:peer
Peer_18:peer INFO 3731.3354525220557: Sending message <GossipMessage:14_1> to Peer_19:peer
Peer_18:peer INFO 3731.3354525220557: Sending message <GossipMessage:14_1> to Peer_23:peer
Peer_18:peer INFO 3731.602487362823: Received message <GossipMessage:14_1> from Peer_7:peer
Peer_18:peer INFO 3780.3897157224524: Received message <GossipMessage:14_1> from Peer_7:peer
Peer_18:peer INFO 3780.7261184429526: Received message <GossipMessage:14_1> from Peer_19:peer
Peer_18:peer INFO 3780.746392612423: Received message <GossipMessage:14_1> from Peer_23:peer
Peer_18:peer INFO 3780.896147175295: Received message <GossipMessage:14_1> from Peer_23:peer
Peer_18:peer INFO 3805.2055572437966: Received message <GossipMessage:14_1> from Peer_7:peer
Peer_18:peer INFO 3887.184936442717: Received message <GossipMessage:14_1> from Peer_19:peer
Peer_18:peer INFO 3931.05146190542: Received message <GossipMessage:15_1> from Peer_7:peer
Peer_18:peer INFO 3931.05146190542: Sending message <GossipMessage:15_1> to Peer_19:peer
Peer_18:peer INFO 3931.05146190542: Sending message <GossipMessage:15_1> to Peer_23:peer
Peer_18:peer INFO 3931.731276467876: Received message <GossipMessage:15_1> from Peer_7:peer
Peer_18:peer INFO 3931.929937763843: Received message <GossipMessage:15_1> from Peer_7:peer
Peer_18:peer INFO 3931.929937763843: Sending message <GossipMessage:15_1> to Peer_19:peer
Peer_18:peer INFO 3931.929937763843: Sending message <GossipMessage:15_1> to Peer_23:peer
Peer_18:peer INFO 4000: Sending message <Ping:> to Peer_26:bootstrap
Peer_18:peer INFO 4000.4843591275144: Received message <Ping:> from Peer_26:bootstrap
Peer_18:peer INFO 4000.4843591275144: Sending message <Pong:> to Peer_26:bootstrap
Peer_18:peer INFO 4000.944288055608: Received message <Pong:> from Peer_26:bootstrap
Peer_18:peer INFO 4065.5849992725884: Received message <Ping:> from Peer_7:peer
Peer_18:peer INFO 4065.5849992725884: Sending message <Pong:> to Peer_7:peer
Peer_18:peer INFO 4087.108744776965: Received message <GossipMessage:15_1> from Peer_19:peer
Peer_18:peer INFO 4131.646704507916: Received message <GossipMessage:16_1> from Peer_7:peer
Peer_18:peer INFO 4131.646704507916: Sending message <GossipMessage:16_1> to Peer_19:peer
Peer_18:peer INFO 4131.646704507916: Sending message <GossipMessage:16_1> to Peer_23:peer
Peer_18:peer INFO 4131.819154600895: Received message <GossipMessage:16_1> from Peer_7:peer
Peer_18:peer INFO 4179.8300006393365: Received message <GossipMessage:16_1> from Peer_19:peer
Peer_18:peer INFO 4180.0978432328275: Received message <GossipMessage:16_1> from Peer_7:peer
Peer_18:peer INFO 4180.204684497914: Received message <GossipMessage:16_1> from Peer_23:peer
Peer_18:peer INFO 4181.5311618691485: Received message <GossipMessage:16_1> from Peer_23:peer
Peer_18:peer INFO 4181.5311618691485: Sending message <GossipMessage:16_1> to Peer_7:peer
Peer_18:peer INFO 4181.5311618691485: Sending message <GossipMessage:16_1> to Peer_19:peer
Peer_18:peer INFO 4181.82644483995: Received message <GossipMessage:16_1> from Peer_19:peer
Peer_18:peer INFO 4331.009914815729: Received message <GossipMessage:17_1> from Peer_23:peer
Peer_18:peer INFO 4331.009914815729: Sending message <GossipMessage:17_1> to Peer_7:peer
Peer_18:peer INFO 4331.009914815729: Sending message <GossipMessage:17_1> to Peer_19:peer
Peer_18:peer INFO 4331.266298623683: Received message <GossipMessage:17_1> from Peer_7:peer
Peer_18:peer INFO 4331.284754981914: Received message <GossipMessage:17_1> from Peer_7:peer
Peer_18:peer INFO 4331.284754981914: Sending message <GossipMessage:17_1> to Peer_23:peer
Peer_18:peer INFO 4331.284754981914: Sending message <GossipMessage:17_1> to Peer_19:peer
Peer_18:peer INFO 4331.368428041631: Received message <GossipMessage:17_1> from Peer_19:peer
Peer_18:peer INFO 4331.368428041631: Sending message <GossipMessage:17_1> to Peer_7:peer
Peer_18:peer INFO 4331.368428041631: Sending message <GossipMessage:17_1> to Peer_23:peer
Peer_18:peer INFO 4379.430620607536: Received message <GossipMessage:17_1> from Peer_7:peer
Peer_18:peer INFO 4379.47109045093: Received message <GossipMessage:17_1> from Peer_23:peer
Peer_18:peer INFO 4379.47109045093: Sending message <GossipMessage:17_1> to Peer_19:peer
Peer_18:peer INFO 4379.47109045093: Sending message <GossipMessage:17_1> to Peer_7:peer
Peer_18:peer INFO 4379.535037850215: Received message <GossipMessage:17_1> from Peer_19:peer
Peer_18:peer INFO 4380.829364688481: Received message <GossipMessage:17_1> from Peer_19:peer
Peer_18:peer INFO 4381.08916024919: Received message <GossipMessage:17_1> from Peer_7:peer
Peer_18:peer INFO 4405.243065060613: Received message <GossipMessage:17_1> from Peer_7:peer
Peer_18:peer INFO 4486.652393916792: Received message <GossipMessage:17_1> from Peer_19:peer
Peer_18:peer INFO 4487.0923749406575: Received message <GossipMessage:17_1> from Peer_19:peer
Peer_18:peer INFO 4500.554234176029: Received message <Hello:> from Peer_1:client
Peer_18:peer INFO 4500.554234176029: Connecting to Peer_1:client
Peer_18:peer INFO 4500.554234176029: Sending message <Hello:> to Peer_1:client
Peer_18:peer INFO 4500.554234176029: Sending message <RequestPeers:> to Peer_1:client
Peer_18:peer INFO 4501.544385118102: Received message <PeerList> from Peer_1:client
Peer_18:peer INFO 4530.994983340221: Received message <GossipMessage:18_1> from Peer_23:peer
Peer_18:peer INFO 4530.994983340221: Sending message <GossipMessage:18_1> to Peer_19:peer
Peer_18:peer INFO 4530.994983340221: Sending message <GossipMessage:18_1> to Peer_7:peer
Peer_18:peer INFO 4531.154195439147: Received message <GossipMessage:18_1> from Peer_7:peer
Peer_18:peer INFO 4531.154195439147: Sending message <GossipMessage:18_1> to Peer_19:peer
Peer_18:peer INFO 4531.154195439147: Sending message <GossipMessage:18_1> to Peer_23:peer
Peer_18:peer INFO 4531.490483006797: Received message <GossipMessage:18_1> from Peer_7:peer
Peer_18:peer INFO 4531.490483006797: Sending message <GossipMessage:18_1> to Peer_23:peer
Peer_18:peer INFO 4531.490483006797: Sending message <GossipMessage:18_1> to Peer_19:peer
Peer_18:peer INFO 4531.668031740573: Received message <GossipMessage:18_1> from Peer_7:peer
Peer_18:peer INFO 4579.845188908424: Received message <GossipMessage:18_1> from Peer_7:peer
Peer_18:peer INFO 4580.02560458866: Received message <GossipMessage:18_1> from Peer_23:peer
Peer_18:peer INFO 4580.02560458866: Sending message <GossipMessage:18_1> to Peer_19:peer
Peer_18:peer INFO 4580.02560458866: Sending message <GossipMessage:18_1> to Peer_7:peer
Peer_18:peer INFO 4580.475438830403: Received message <GossipMessage:18_1> from Peer_19:peer
Peer_18:peer INFO 4580.791586404278: Received message <GossipMessage:18_1> from Peer_23:peer
Peer_18:peer INFO 4600.488297244516: Received message <GossipMessage:19_1> from Peer_1:client
Peer_18:peer INFO 4600.488297244516: Sending message <GossipMessage:19_1> to Peer_19:peer
Peer_18:peer INFO 4600.488297244516: Sending message <GossipMessage:19_1> to Peer_23:peer
Peer_18:peer INFO 4600.488297244516: Sending message <GossipMessage:19_1> to Peer_7:peer
Peer_18:peer INFO 4731.504207502073: Received message <GossipMessage:19_1> from Peer_19:peer
Peer_18:peer INFO 4731.850162951515: Received message <GossipMessage:19_1> from Peer_7:peer
Peer_18:peer INFO 4731.850162951515: Sending message <GossipMessage:19_1> to Peer_19:peer
Peer_18:peer INFO 4731.850162951515: Sending message <GossipMessage:19_1> to Peer_23:peer
Peer_18:peer INFO 4731.907979043492: Received message <GossipMessage:19_1> from Peer_23:peer
Peer_18:peer INFO 4731.931422564702: Received message <GossipMessage:19_1> from Peer_7:peer
Peer_18:peer INFO 4779.649932785366: Received message <GossipMessage:19_1> from Peer_23:peer
Peer_18:peer INFO 4779.649932785366: Sending message <GossipMessage:19_1> to Peer_19:peer
Peer_18:peer INFO 4779.649932785366: Sending message <GossipMessage:19_1> to Peer_7:peer
Peer_18:peer INFO 4779.999338774646: Received message <GossipMessage:19_1> from Peer_19:peer
Peer_18:peer INFO 4780.31296914402: Received message <GossipMessage:19_1> from Peer_7:peer
Peer_18:peer INFO 4780.392957664276: Received message <GossipMessage:19_1> from Peer_19:peer
Peer_18:peer INFO 4800.484023333458: Received message <GossipMessage:20_1> from Peer_1:client
Peer_18:peer INFO 4800.484023333458: Sending message <GossipMessage:20_1> to Peer_7:peer
Peer_18:peer INFO 4800.484023333458: Sending message <GossipMessage:20_1> to Peer_19:peer
Peer_18:peer INFO 4800.484023333458: Sending message <GossipMessage:20_1> to Peer_23:peer
Peer_18:peer INFO 4887.302420524248: Received message <GossipMessage:19_1> from Peer_19:peer
Peer_18:peer INFO 4931.115926578091: Received message <GossipMessage:20_1> from Peer_19:peer
Peer_18:peer INFO 4931.115926578091: Sending message <GossipMessage:20_1> to Peer_7:peer
Peer_18:peer INFO 4931.115926578091: Sending message <GossipMessage:20_1> to Peer_23:peer
Peer_18:peer INFO 4931.426393076083: Received message <GossipMessage:20_1> from Peer_7:peer
Peer_18:peer INFO 4931.426393076083: Sending message <GossipMessage:20_1> to Peer_23:peer
Peer_18:peer INFO 4931.426393076083: Sending message <GossipMessage:20_1> to Peer_19:peer
Peer_18:peer INFO 4931.696223232769: Received message <GossipMessage:20_1> from Peer_23:peer
Peer_18:peer INFO 4931.762798831956: Received message <GossipMessage:20_1> from Peer_19:peer
Peer_18:peer INFO 4979.715743716092: Received message <GossipMessage:20_1> from Peer_23:peer
Peer_18:peer INFO 4979.715743716092: Sending message <GossipMessage:20_1> to Peer_7:peer
Peer_18:peer INFO 4979.715743716092: Sending message <GossipMessage:20_1> to Peer_19:peer
Peer_18:peer INFO 4979.8762403741375: Received message <GossipMessage:20_1> from Peer_7:peer
Peer_18:peer INFO 4979.898720447594: Received message <GossipMessage:20_1> from Peer_19:peer
Peer_18:peer INFO 4980.413904006976: Received message <GossipMessage:20_1> from Peer_19:peer
Peer_18:peer INFO 4981.657222185359: Received message <GossipMessage:20_1> from Peer_23:peer
Peer_18:peer INFO 5000: Sending message <Ping:> to Peer_26:bootstrap
Peer_18:peer INFO 5000.480072603329: Received message <Ping:> from Peer_26:bootstrap
Peer_18:peer INFO 5000.480072603329: Sending message <Pong:> to Peer_26:bootstrap
Peer_18:peer INFO 5001.1003862056705: Received message <Pong:> from Peer_26:bootstrap
Peer_18:peer INFO 5003.171297430972: Received message <GossipMessage:20_1> from Peer_7:peer
Peer_18:peer INFO 5086.858085581995: Received message <GossipMessage:20_1> from Peer_19:peer
Peer_18:peer INFO 5087.198562394349: Received message <GossipMessage:20_1> from Peer_19:peer
Peer_18:peer INFO 5130.911338136121: Received message <GossipMessage:21_1> from Peer_23:peer
Peer_18:peer INFO 5130.911338136121: Sending message <GossipMessage:21_1> to Peer_7:peer
Peer_18:peer INFO 5130.911338136121: Sending message <GossipMessage:21_1> to Peer_19:peer
Peer_18:peer INFO 5131.685023616526: Received message <GossipMessage:21_1> from Peer_7:peer
Peer_18:peer INFO 5131.685023616526: Sending message <GossipMessage:21_1> to Peer_19:peer
Peer_18:peer INFO 5131.685023616526: Sending message <GossipMessage:21_1> to Peer_23:peer
Peer_18:peer INFO 5180.233964893303: Received message <GossipMessage:21_1> from Peer_23:peer
Peer_18:peer INFO 5180.233964893303: Sending message <GossipMessage:21_1> to Peer_19:peer
Peer_18:peer INFO 5180.233964893303: Sending message <GossipMessage:21_1> to Peer_7:peer
Peer_18:peer INFO 5180.420642207058: Received message <GossipMessage:21_1> from Peer_19:peer
Peer_18:peer INFO 5181.228352106646: Received message <GossipMessage:21_1> from Peer_7:peer
Peer_18:peer INFO 5181.242030995923: Received message <GossipMessage:21_1> from Peer_19:peer
