Peer_10:peer WARNING 0: Not enough peers, fetching more (0, 4)
Peer_10:peer INFO 35.311091422053: Connecting to Peer_26:bootstrap
Peer_10:peer INFO 72.18923007176384: Received message <RequestPeers:> from Peer_26:bootstrap
Peer_10:peer INFO 72.18923007176384: Sending message <PeerList> to Peer_26:bootstrap
Peer_10:peer INFO 72.66107658605311: Received message <Hello:> from Peer_26:bootstrap
Peer_10:peer WARNING 500: Not enough peers, fetching more (1, 4)
Peer_10:peer INFO 500: Sending message <RequestPeers:> to Peer_26:bootstrap
Peer_10:peer INFO 573.5332060285926: Received message <PeerList> from Peer_26:bootstrap
Peer_10:peer WARNING 1000: Not enough peers, fetching more (1, 4)
Peer_10:peer INFO 1000: Sending message <RequestPeers:> to Peer_26:bootstrap
Peer_10:peer INFO 1075.7024904106233: Received message <PeerList> from Peer_26:bootstrap
Peer_10:peer WARNING 1500: Not enough peers, fetching more (1, 4)
Peer_10:peer INFO 1500: Sending message <RequestPeers:> to Peer_26:bootstrap
Peer_10:peer INFO 1500.2739619163742: Received message <Hello:> from Peer_25:peer
Peer_10:peer INFO 1500.2739619163742: Connecting to Peer_25:peer
Peer_10:peer INFO 1500.2739619163742: Sending message <Hello:> to Peer_25:peer
Peer_10:peer INFO 1500.2739619163742: Sending message <RequestPeers:> to Peer_25:peer
Peer_10:peer INFO 1500.7673302249207: Received message <PeerList> from Peer_25:peer
Peer_10:peer INFO 1576.4757401164018: Received message <PeerList> from Peer_26:bootstrap
Peer_10:peer INFO 1578.0679576644177: Connecting to Peer_7:peer
Peer_10:peer INFO 1656.0362371838994: Received message <Hello:> from Peer_7:peer
Peer_10:peer INFO 1656.0933357131107: Received message <RequestPeers:> from Peer_7:peer
Peer_10:peer INFO 1656.0933357131107: Sending message <PeerList> to Peer_7:peer
Peer_10:peer WARNING 2000: Not enough peers, fetching more (3, 4)
Peer_10:peer INFO 2078.020104044528: Connecting to Peer_19:peer
Peer_10:peer INFO 2155.979561269914: Received message <RequestPeers:> from Peer_19:peer
Peer_10:peer INFO 2155.979561269914: Sending message <PeerList> to Peer_19:peer
Peer_10:peer INFO 2156.073256183289: Received message <Hello:> from Peer_19:peer
Peer_10:peer INFO 2237.940222271889: Received message <GossipMessage:7_1> from Peer_25:peer
Peer_10:peer INFO 2237.940222271889: Sending message <GossipMessage:7_1> to Peer_19:peer
Peer_10:peer INFO 2237.940222271889: Sending message <GossipMessage:7_1> to Peer_7:peer
Peer_10:peer INFO 2344.2037796768: Received message <GossipMessage:7_1> from Peer_25:peer
Peer_10:peer INFO 2344.211974030328: Received message <GossipMessage:7_1> from Peer_7:peer
Peer_10:peer INFO 2344.211974030328: Sending message <GossipMessage:7_1> to Peer_25:peer
Peer_10:peer INFO 2344.211974030328: Sending message <GossipMessage:7_1> to Peer_19:peer
Peer_10:peer INFO 2438.490707672081: Received message <GossipMessage:8_1> from Peer_25:peer
Peer_10:peer INFO 2438.490707672081: Sending message <GossipMessage:8_1> to Peer_7:peer
Peer_10:peer INFO 2438.490707672081: Sending message <GossipMessage:8_1> to Peer_19:peer
Peer_10:peer INFO 2500: Sending message <Ping:> to Peer_26:bootstrap
Peer_10:peer INFO 2537.496618073631: Received message <Ping:> from Peer_26:bootstrap
Peer_10:peer INFO 2537.496618073631: Sending message <Pong:> to Peer_26:bootstrap
Peer_10:peer INFO 2543.7643235578275: Received message <GossipMessage:8_1> from Peer_7:peer
Peer_10:peer INFO 2543.7643235578275: Sending message <GossipMessage:8_1> to Peer_19:peer
Peer_10:peer INFO 2543.7643235578275: Sending message <GossipMessage:8_1> to Peer_25:peer
Peer_10:peer INFO 2544.2334652075756: Received message <GossipMessage:8_1> from Peer_25:peer
Peer_10:peer INFO 2573.8813138267037: Received message <Pong:> from Peer_26:bootstrap
Peer_10:peer INFO 2637.022015813705: Received message <GossipMessage:9_1> from Peer_25:peer
Peer_10:peer INFO 2637.022015813705: Sending message <GossipMessage:9_1> to Peer_19:peer
Peer_10:peer INFO 2637.022015813705: Sending message <GossipMessage:9_1> to Peer_7:peer
Peer_10:peer INFO 2638.530094776434: Received message <GossipMessage:9_1> from Peer_25:peer
Peer_10:peer INFO 2743.9451998444315: Received message <GossipMessage:9_1> from Peer_7:peer
Peer_10:peer INFO 2743.9451998444315: Sending message <GossipMessage:9_1> to Peer_19:peer
Peer_10:peer INFO 2743.9451998444315: Sending message <GossipMessage:9_1> to Peer_25:peer
Peer_10:peer INFO 2744.282713097453: Received message <GossipMessage:9_1> from Peer_25:peer
Peer_10:peer INFO 2792.9100110256786: Received message <GossipMessage:9_1> from Peer_19:peer
Peer_10:peer INFO 2837.550427515549: Received message <GossipMessage:10_1> from Peer_25:peer
Peer_10:peer INFO 2837.910740232076: Received message <GossipMessage:10_1> from Peer_25:peer
Peer_10:peer INFO 2837.910740232076: Sending message <GossipMessage:10_1> to Peer_7:peer
Peer_10:peer INFO 2837.910740232076: Sending message <GossipMessage:10_1> to Peer_19:peer
Peer_10:peer INFO 2944.0739949858453: Received message <GossipMessage:10_1> from Peer_7:peer
Peer_10:peer INFO 2944.0739949858453: Sending message <GossipMessage:10_1> to Peer_19:peer
Peer_10:peer INFO 2944.0739949858453: Sending message <GossipMessage:10_1> to Peer_25:peer
Peer_10:peer INFO 2944.0848524015273: Received message <GossipMessage:10_1> from Peer_25:peer
Peer_10:peer INFO 2992.7557825988033: Received message <GossipMessage:10_1> from Peer_25:peer
Peer_10:peer INFO 2993.10775555222: Received message <GossipMessage:10_1> from Peer_19:peer
Peer_10:peer INFO 2993.3195270013243: Received message <GossipMessage:10_1> from Peer_7:peer
Peer_10:peer INFO 3037.5501355508145: Received message <GossipMessage:11_1> from Peer_25:peer
Peer_10:peer INFO 3037.5501355508145: Sending message <GossipMessage:11_1> to Peer_19:peer
Peer_10:peer INFO 3037.5501355508145: Sending message <GossipMessage:11_1> to Peer_7:peer
Peer_10:peer INFO 3144.154800052218: Received message <GossipMessage:11_1> from Peer_7:peer
Peer_10:peer INFO 3144.154800052218: Sending message <GossipMessage:11_1> to Peer_19:peer
Peer_10:peer INFO 3144.154800052218: Sending message <GossipMessage:11_1> to Peer_25:peer
Peer_10:peer INFO 3144.2621671017746: Received message <GossipMessage:11_1> from Peer_25:peer
Peer_10:peer INFO 3192.4318707254247: Received message <GossipMessage:11_1> from Peer_25:peer
Peer_10:peer INFO 3193.306480863782: Received message <GossipMessage:11_1> from Peer_7:peer
Peer_10:peer INFO 3237.7235230076485: Received message <GossipMessage:12_1> from Peer_25:peer
Peer_10:peer INFO 3237.883256450498: Received message <GossipMessage:12_1> from Peer_25:peer
Peer_10:peer INFO 3237.883256450498: Sending message <GossipMessage:12_1> to Peer_7:peer
Peer_10:peer INFO 3237.883256450498: Sending message <GossipMessage:12_1> to Peer_19:peer
Peer_10:peer INFO 3343.3226470726395: Received message <GossipMessage:12_1> from Peer_7:peer
Peer_10:peer INFO 3343.3226470726395: Sending message <GossipMessage:12_1> to Peer_25:peer
Peer_10:peer INFO 3343.3226470726395: Sending message <GossipMessage:12_1> to Peer_19:peer
Peer_10:peer INFO 3344.1311411680067: Received message <GossipMessage:12_1> from Peer_7:peer
Peer_10:peer INFO 3344.1311411680067: Sending message <GossipMessage:12_1> to Peer_25:peer
Peer_10:peer INFO 3344.1311411680067: Sending message <GossipMessage:12_1> to Peer_19:peer
Peer_10:peer INFO 3344.1414127277767: Received message <GossipMessage:12_1> from Peer_25:peer
Peer_10:peer INFO 3393.3096598547177: Received message <GossipMessage:12_1> from Peer_7:peer
Peer_10:peer INFO 3393.3498415234185: Received message <GossipMessage:12_1> from Peer_19:peer
Peer_10:peer INFO 3437.7687147913416: Received message <GossipMessage:13_1> from Peer_25:peer
Peer_10:peer INFO 3437.7687147913416: Sending message <GossipMessage:13_1> to Peer_19:peer
Peer_10:peer INFO 3437.7687147913416: Sending message <GossipMessage:13_1> to Peer_7:peer
Peer_10:peer INFO 3438.8422940486153: Received message <GossipMessage:13_1> from Peer_25:peer
Peer_10:peer INFO 3474.4249331114725: Received message <GossipMessage:12_1> from Peer_19:peer
Peer_10:peer INFO 3500: Sending message <Ping:> to Peer_26:bootstrap
Peer_10:peer INFO 3537.29857919103: Received message <Ping:> from Peer_26:bootstrap
Peer_10:peer INFO 3537.29857919103: Sending message <Pong:> to Peer_26:bootstrap
Peer_10:peer INFO 3543.429132451246: Received message <GossipMessage:13_1> from Peer_7:peer
Peer_10:peer INFO 3543.429132451246: Sending message <GossipMessage:13_1> to Peer_25:peer
Peer_10:peer INFO 3543.429132451246: Sending message <GossipMessage:13_1> to Peer_19:peer
Peer_10:peer INFO 3544.001020414386: Received message <GossipMessage:13_1> from Peer_7:peer
Peer_10:peer INFO 3544.001020414386: Sending message <GossipMessage:13_1> to Peer_19:peer
Peer_10:peer INFO 3544.001020414386: Sending message <GossipMessage:13_1> to Peer_25:peer
Peer_10:peer INFO 3544.1459220175566: Received message <GossipMessage:13_1> from Peer_25:peer
Peer_10:peer INFO 3568.0623212049495: Received message <GossipMessage:13_1> from Peer_25:peer
Peer_10:peer INFO 3575.334334349268: Received message <Pong:> from Peer_26:bootstrap
Peer_10:peer INFO 3593.1965139404347: Received message <GossipMessage:13_1> from Peer_25:peer
Peer_10:peer INFO 3594.504315302236: Received message <GossipMessage:13_1> from Peer_7:peer
Peer_10:peer INFO 3637.0477385075856: Received message <GossipMessage:14_1> from Peer_25:peer
Peer_10:peer INFO 3637.0477385075856: Sending message <GossipMessage:14_1> to Peer_19:peer
Peer_10:peer INFO 3637.0477385075856: Sending message <GossipMessage:14_1> to Peer_7:peer
Peer_10:peer INFO 3637.4941693686537: Received message <GossipMessage:14_1> from Peer_25:peer
Peer_10:peer INFO 3638.2653509358006: Received message <GossipMessage:14_1> from Peer_25:peer
Peer_10:peer INFO 3638.2653509358006: Sending message <GossipMessage:14_1> to Peer_7:peer
Peer_10:peer INFO 3638.2653509358006: Sending message <GossipMessage:14_1> to Peer_19:peer
Peer_10:peer INFO 3743.4403634314644: Received message <GossipMessage:14_1> from Peer_7:peer
Peer_10:peer INFO 3743.4403634314644: Sending message <GossipMessage:14_1> to Peer_25:peer
Peer_10:peer INFO 3743.4403634314644: Sending message <GossipMessage:14_1> to Peer_19:peer
Peer_10:peer INFO 3744.036090770083: Received message <GossipMessage:14_1> from Peer_7:peer
Peer_10:peer INFO 3744.1176161434882: Received message <GossipMessage:14_1> from Peer_7:peer
Peer_10:peer INFO 3744.1176161434882: Sending message <GossipMessage:14_1> to Peer_19:peer
Peer_10:peer INFO 3744.1176161434882: Sending message <GossipMessage:14_1> to Peer_25:peer
Peer_10:peer INFO 3768.2979811096607: Received message <GossipMessage:14_1> from Peer_25:peer
Peer_10:peer INFO 3817.737823093565: Received message <GossipMessage:14_1> from Peer_7:peer
Peer_10:peer INFO 3837.263408183705: Received message <GossipMessage:15_1> from Peer_25:peer
Peer_10:peer INFO 3837.263408183705: Sending message <GossipMessage:15_1> to Peer_19:peer
Peer_10:peer INFO 3837.263408183705: Sending message <GossipMessage:15_1> to Peer_7:peer
Peer_10:peer INFO 3944.115066369051: Received message <GossipMessage:15_1> from Peer_7:peer
Peer_10:peer INFO 3944.2604706775132: Received message <GossipMessage:15_1> from Peer_7:peer
Peer_10:peer INFO 3944.2604706775132: Sending message <GossipMessage:15_1> to Peer_19:peer
Peer_10:peer INFO 3944.2604706775132: Sending message <GossipMessage:15_1> to Peer_25:peer
Peer_10:peer INFO 3968.075249942813: Received message <GossipMessage:15_1> from Peer_25:peer
Peer_10:peer INFO 4000: Sending message <Ping:> to Peer_19:peer
Peer_10:peer INFO 4036.4381419260353: Received message <GossipMessage:16_1> from Peer_25:peer
Peer_10:peer INFO 4036.4381419260353: Sending message <GossipMessage:16_1> to Peer_19:peer
Peer_10:peer INFO 4036.4381419260353: Sending message <GossipMessage:16_1> to Peer_7:peer
Peer_10:peer INFO 4036.8742006274874: Received message <GossipMessage:16_1> from Peer_25:peer
Peer_10:peer INFO 4037.435813082127: Received message <GossipMessage:16_1> from Peer_25:peer
Peer_10:peer INFO 4037.435813082127: Sending message <GossipMessage:16_1> to Peer_19:peer
Peer_10:peer INFO 4037.435813082127: Sending message <GossipMessage:16_1> to Peer_7:peer
Peer_10:peer INFO 4074.3604424297646: Received message <GossipMessage:15_1> from Peer_19:peer
Peer_10:peer INFO 4099.593478193256: Received message <GossipMessage:15_1> from Peer_19:peer
Peer_10:peer INFO 4143.832422944163: Received message <GossipMessage:16_1> from Peer_7:peer
Peer_10:peer INFO 4143.832422944163: Sending message <GossipMessage:16_1> to Peer_19:peer
Peer_10:peer INFO 4143.832422944163: Sending message <GossipMessage:16_1> to Peer_25:peer
Peer_10:peer INFO 4144.293577116818: Received message <GossipMessage:16_1> from Peer_7:peer
Peer_10:peer INFO 4144.556151703675: Received message <GossipMessage:16_1> from Peer_25:peer
Peer_10:peer INFO 4155.983078771929: Received message <Pong:> from Peer_19:peer
Peer_10:peer INFO 4193.647298589837: Received message <GossipMessage:16_1> from Peer_25:peer
Peer_10:peer INFO 4194.314586719248: Received message <GossipMessage:16_1> from Peer_19:peer
Peer_10:peer INFO 4237.355079853645: Received message <GossipMessage:17_1> from Peer_25:peer
Peer_10:peer INFO 4237.355079853645: Sending message <GossipMessage:17_1> to Peer_19:peer
Peer_10:peer INFO 4237.355079853645: Sending message <GossipMessage:17_1> to Peer_7:peer
Peer_10:peer INFO 4238.062540565579: Received message <GossipMessage:17_1> from Peer_25:peer
Peer_10:peer INFO 4238.062540565579: Sending message <GossipMessage:17_1> to Peer_19:peer
Peer_10:peer INFO 4238.062540565579: Sending message <GossipMessage:17_1> to Peer_7:peer
Peer_10:peer INFO 4343.614454143219: Received message <GossipMessage:17_1> from Peer_7:peer
Peer_10:peer INFO 4343.614454143219: Sending message <GossipMessage:17_1> to Peer_19:peer
Peer_10:peer INFO 4343.614454143219: Sending message <GossipMessage:17_1> to Peer_25:peer
Peer_10:peer INFO 4343.728031187582: Received message <GossipMessage:17_1> from Peer_19:peer
Peer_10:peer INFO 4343.728031187582: Sending message <GossipMessage:17_1> to Peer_7:peer
Peer_10:peer INFO 4343.728031187582: Sending message <GossipMessage:17_1> to Peer_25:peer
Peer_10:peer INFO 4343.761011231756: Received message <GossipMessage:17_1> from Peer_7:peer
Peer_10:peer INFO 4343.761011231756: Sending message <GossipMessage:17_1> to Peer_19:peer
Peer_10:peer INFO 4343.761011231756: Sending message <GossipMessage:17_1> to Peer_25:peer
Peer_10:peer INFO 4343.7907637254575: Received message <GossipMessage:17_1> from Peer_7:peer
Peer_10:peer INFO 4344.087567707678: Received message <GossipMessage:17_1> from Peer_25:peer
Peer_10:peer INFO 4367.550648316117: Received message <GossipMessage:17_1> from Peer_25:peer
Peer_10:peer INFO 4391.97034416759: Received message <GossipMessage:17_1> from Peer_7:peer
Peer_10:peer INFO 4392.132202883667: Received message <GossipMessage:17_1> from Peer_19:peer
Peer_10:peer INFO 4417.746920475707: Received message <GossipMessage:17_1> from Peer_7:peer
Peer_10:peer INFO 4438.401309790189: Received message <GossipMessage:18_1> from Peer_25:peer
Peer_10:peer INFO 4438.401309790189: Sending message <GossipMessage:18_1> to Peer_19:peer
Peer_10:peer INFO 4438.401309790189: Sending message <GossipMessage:18_1> to Peer_7:peer
Peer_10:peer INFO 4438.487670281552: Received message <GossipMessage:18_1> from Peer_25:peer
Peer_10:peer INFO 4474.387982847824: Received message <GossipMessage:17_1> from Peer_7:peer
Peer_10:peer INFO 4474.753001885343: Received message <GossipMessage:17_1> from Peer_19:peer
Peer_10:peer INFO 4499.325349072105: Received message <GossipMessage:17_1> from Peer_19:peer
Peer_10:peer INFO 4500: Sending message <Ping:> to Peer_26:bootstrap
Peer_10:peer INFO 4537.037737309564: Received message <Ping:> from Peer_26:bootstrap
Peer_10:peer INFO 4537.037737309564: Sending message <Pong:> to Peer_26:bootstrap
Peer_10:peer INFO 4544.105582823945: Received message <GossipMessage:18_1> from Peer_7:peer
Peer_10:peer INFO 4544.105582823945: Sending message <GossipMessage:18_1> to Peer_19:peer
Peer_10:peer INFO 4544.105582823945: Sending message <GossipMessage:18_1> to Peer_25:peer
Peer_10:peer INFO 4544.1738040719765: Received message <GossipMessage:18_1> from Peer_7:peer
Peer_10:peer INFO 4544.369769340889: Received message <GossipMessage:18_1> from Peer_25:peer
Peer_10:peer INFO 4567.743716995936: Received message <GossipMessage:18_1> from Peer_25:peer
Peer_10:peer INFO 4574.283313138752: Received message <Pong:> from Peer_26:bootstrap
Peer_10:peer INFO 4592.163046621769: Received message <GossipMessage:18_1> from Peer_7:peer
Peer_10:peer INFO 4593.119049165964: Received message <GossipMessage:18_1> from Peer_19:peer
Peer_10:peer INFO 4636.981940797484: Received message <GossipMessage:19_1> from Peer_25:peer
Peer_10:peer INFO 4636.981940797484: Sending message <GossipMessage:19_1> to Peer_7:peer
Peer_10:peer INFO 4636.981940797484: Sending message <GossipMessage:19_1> to Peer_19:peer
Peer_10:peer INFO 4638.508537338735: Received message <GossipMessage:19_1> from Peer_25:peer
Peer_10:peer INFO 4638.508537338735: Sending message <GossipMessage:19_1> to Peer_19:peer
Peer_10:peer INFO 4638.508537338735: Sending message <GossipMessage:19_1> to Peer_7:peer
Peer_10:peer INFO 4674.462505476296: Received message <GossipMessage:18_1> from Peer_19:peer
Peer_10:peer INFO 4674.600426336485: Received message <GossipMessage:18_1> from Peer_19:peer
Peer_10:peer INFO 4674.614300765289: Received message <GossipMessage:18_1> from Peer_7:peer
Peer_10:peer INFO 4743.5417772695655: Received message <GossipMessage:19_1> from Peer_7:peer
Peer_10:peer INFO 4743.5417772695655: Sending message <GossipMessage:19_1> to Peer_25:peer
Peer_10:peer INFO 4743.5417772695655: Sending message <GossipMessage:19_1> to Peer_19:peer
Peer_10:peer INFO 4744.0955721628225: Received message <GossipMessage:19_1> from Peer_7:peer
Peer_10:peer INFO 4744.0955721628225: Sending message <GossipMessage:19_1> to Peer_25:peer
Peer_10:peer INFO 4744.0955721628225: Sending message <GossipMessage:19_1> to Peer_19:peer
Peer_10:peer INFO 4744.136915534552: Received message <GossipMessage:19_1> from Peer_19:peer
Peer_10:peer INFO 4744.136915534552: Sending message <GossipMessage:19_1> to Peer_7:peer
Peer_10:peer INFO 4744.136915534552: Sending message <GossipMessage:19_1> to Peer_25:peer
Peer_10:peer INFO 4744.161361136329: Received message <GossipMessage:19_1> from Peer_19:peer
Peer_10:peer INFO 4744.226663720932: Received message <GossipMessage:19_1> from Peer_7:peer
Peer_10:peer INFO 4744.226663720932: Sending message <GossipMessage:19_1> to Peer_19:peer
Peer_10:peer INFO 4744.226663720932: Sending message <GossipMessage:19_1> to Peer_25:peer
Peer_10:peer INFO 4744.32817875407: Received message <GossipMessage:19_1> from Peer_7:peer
Peer_10:peer INFO 4768.920649044168: Received message <GossipMessage:19_1> from Peer_25:peer
Peer_10:peer INFO 4792.427568295641: Received message <GossipMessage:19_1> from Peer_19:peer
Peer_10:peer INFO 4836.256612506114: Received message <GossipMessage:20_1> from Peer_25:peer
Peer_10:peer INFO 4836.256612506114: Sending message <GossipMessage:20_1> to Peer_19:peer
Peer_10:peer INFO 4836.256612506114: Sending message <GossipMessage:20_1> to Peer_7:peer
Peer_10:peer INFO 4837.416999487122: Received message <GossipMessage:20_1> from Peer_25:peer
Peer_10:peer INFO 4943.708889284797: Received message <GossipMessage:20_1> from Peer_19:peer
Peer_10:peer INFO 4943.708889284797: Sending message <GossipMessage:20_1> to Peer_7:peer
Peer_10:peer INFO 4943.708889284797: Sending message <GossipMessage:20_1> to Peer_25:peer
Peer_10:peer INFO 4943.768601485794: Received message <GossipMessage:20_1> from Peer_7:peer
Peer_10:peer INFO 4943.768601485794: Sending message <GossipMessage:20_1> to Peer_25:peer
Peer_10:peer INFO 4943.768601485794: Sending message <GossipMessage:20_1> to Peer_19:peer
Peer_10:peer INFO 4943.834299117014: Received message <GossipMessage:20_1> from Peer_7:peer
Peer_10:peer INFO 4943.834299117014: Sending message <GossipMessage:20_1> to Peer_25:peer
Peer_10:peer INFO 4943.834299117014: Sending message <GossipMessage:20_1> to Peer_19:peer
Peer_10:peer INFO 4943.948990335108: Received message <GossipMessage:20_1> from Peer_19:peer
Peer_10:peer INFO 4943.948990335108: Sending message <GossipMessage:20_1> to Peer_7:peer
Peer_10:peer INFO 4943.948990335108: Sending message <GossipMessage:20_1> to Peer_25:peer
Peer_10:peer INFO 4944.260003130755: Received message <GossipMessage:20_1> from Peer_19:peer
Peer_10:peer INFO 4968.799582471358: Received message <GossipMessage:20_1> from Peer_25:peer
Peer_10:peer INFO 4992.6272653370615: Received message <GossipMessage:20_1> from Peer_19:peer
Peer_10:peer INFO 4993.997733704483: Received message <GossipMessage:20_1> from Peer_25:peer
Peer_10:peer INFO 5015.570678679173: Received message <GossipMessage:20_1> from Peer_7:peer
Peer_10:peer INFO 5037.3941806601115: Received message <GossipMessage:21_1> from Peer_25:peer
Peer_10:peer INFO 5037.3941806601115: Sending message <GossipMessage:21_1> to Peer_7:peer
Peer_10:peer INFO 5037.3941806601115: Sending message <GossipMessage:21_1> to Peer_19:peer
Peer_10:peer INFO 5037.637592410226: Received message <GossipMessage:21_1> from Peer_25:peer
Peer_10:peer INFO 5037.637592410226: Sending message <GossipMessage:21_1> to Peer_7:peer
Peer_10:peer INFO 5037.637592410226: Sending message <GossipMessage:21_1> to Peer_19:peer
Peer_10:peer INFO 5038.105835055339: Received message <GossipMessage:21_1> from Peer_25:peer
Peer_10:peer INFO 5075.0912760443: Received message <GossipMessage:20_1> from Peer_19:peer
Peer_10:peer INFO 5099.540492615984: Received message <GossipMessage:20_1> from Peer_19:peer
Peer_10:peer INFO 5144.1102286205805: Received message <GossipMessage:21_1> from Peer_7:peer
Peer_10:peer INFO 5144.1102286205805: Sending message <GossipMessage:21_1> to Peer_25:peer
Peer_10:peer INFO 5144.1102286205805: Sending message <GossipMessage:21_1> to Peer_19:peer
Peer_10:peer INFO 5144.190765794979: Received message <GossipMessage:21_1> from Peer_25:peer
Peer_10:peer INFO 5192.742873254731: Received message <GossipMessage:21_1> from Peer_19:peer
