Peer_23:peer WARNING 0: Not enough peers, fetching more (0, 4)
Peer_23:peer INFO 65.23032696690022: Connecting to Peer_26:bootstrap
Peer_23:peer INFO 130.65121562849023: Received message <RequestPeers:> from Peer_26:bootstrap
Peer_23:peer INFO 130.65121562849023: Sending message <PeerList> to Peer_26:bootstrap
Peer_23:peer INFO 130.95173545758172: Received message <Hello:> from Peer_26:bootstrap
Peer_23:peer WARNING 500: Not enough peers, fetching more (1, 4)
Peer_23:peer INFO 500: Sending message <RequestPeers:> to Peer_26:bootstrap
Peer_23:peer INFO 630.8569591780152: Received message <PeerList> from Peer_26:bootstrap
Peer_23:peer WARNING 1000: Not enough peers, fetching more (1, 4)
Peer_23:peer INFO 1000: Sending message <RequestPeers:> to Peer_26:bootstrap
Peer_23:peer INFO 1065.8472992810155: Connecting to Peer_18:peer
Peer_23:peer INFO 1130.8785219756785: Received message <PeerList> from Peer_26:bootstrap
Peer_23:peer INFO 1131.116151483222: Received message <Hello:> from Peer_18:peer
Peer_23:peer INFO 1131.4107431544646: Received message <RequestPeers:> from Peer_18:peer
Peer_23:peer INFO 1131.4107431544646: Sending message <PeerList> to Peer_18:peer
Peer_23:peer WARNING 1500: Not enough peers, fetching more (2, 4)
Peer_23:peer INFO 1500: Sending message <RequestPeers:> to Peer_18:peer
Peer_23:peer INFO 1500: Sending message <RequestPeers:> to Peer_26:bootstrap
Peer_23:peer INFO 1500.2377971443539: Received message <Hello:> from Peer_9:peer
Peer_23:peer INFO 1500.2377971443539: Connecting to Peer_9:peer
Peer_23:peer INFO 1500.2377971443539: Sending message <Hello:> to Peer_9:peer
Peer_23:peer INFO 1500.2377971443539: Sending message <RequestPeers:> to Peer_9:peer
Peer_23:peer INFO 1500.2573657310447: Received message <Hello:> from Peer_19:peer
Peer_23:peer INFO 1500.2573657310447: Connecting to Peer_19:peer
Peer_23:peer INFO 1500.2573657310447: Sending message <Hello:> to Peer_19:peer
Peer_23:peer INFO 1500.2573657310447: Sending message <RequestPeers:> to Peer_19:peer
Peer_23:peer INFO 1500.7201134100903: Received message <PeerList> from Peer_19:peer
Peer_23:peer INFO 1500.8054967755957: Received message <PeerList> from Peer_9:peer
Peer_23:peer INFO 1577.932487240092: Connecting to Peer_22:peer
Peer_23:peer INFO 1630.8154355194308: Received message <PeerList> from Peer_18:peer
Peer_23:peer INFO 1630.982864982409: Received message <PeerList> from Peer_26:bootstrap
Peer_23:peer INFO 1655.9338157722116: Received message <Hello:> from Peer_22:peer
Peer_23:peer INFO 1655.934679787414: Received message <RequestPeers:> from Peer_22:peer
Peer_23:peer INFO 1655.934679787414: Sending message <PeerList> to Peer_22:peer
Peer_23:peer INFO 1714.6612615583751: Received message <GossipMessage:4_1> from Peer_22:peer
Peer_23:peer INFO 1714.6612615583751: Sending message <GossipMessage:4_1> to Peer_9:peer
Peer_23:peer INFO 1714.6612615583751: Sending message <GossipMessage:4_1> to Peer_19:peer
Peer_23:peer INFO 1714.6612615583751: Sending message <GossipMessage:4_1> to Peer_18:peer
Peer_23:peer INFO 1714.945931500834: Received message <GossipMessage:4_1> from Peer_22:peer
Peer_23:peer INFO 1714.945931500834: Sending message <GossipMessage:4_1> to Peer_9:peer
Peer_23:peer INFO 1714.945931500834: Sending message <GossipMessage:4_1> to Peer_19:peer
Peer_23:peer INFO 1714.945931500834: Sending message <GossipMessage:4_1> to Peer_18:peer
Peer_23:peer INFO 1821.8143448137057: Received message <GossipMessage:4_1> from Peer_22:peer
Peer_23:peer INFO 1988.6881038953015: Received message <GossipMessage:5_1> from Peer_22:peer
Peer_23:peer INFO 2000.2398530164435: Received message <RequestPeers:> from Peer_9:peer
Peer_23:peer INFO 2000.2398530164435: Sending message <PeerList> to Peer_9:peer
Peer_23:peer INFO 2021.5715969981213: Received message <GossipMessage:5_1> from Peer_22:peer
Peer_23:peer INFO 2115.1505189099166: Received message <GossipMessage:6_1> from Peer_22:peer
Peer_23:peer INFO 2115.1505189099166: Sending message <GossipMessage:6_1> to Peer_9:peer
Peer_23:peer INFO 2115.1505189099166: Sending message <GossipMessage:6_1> to Peer_18:peer
Peer_23:peer INFO 2115.1505189099166: Sending message <GossipMessage:6_1> to Peer_19:peer
Peer_23:peer INFO 2187.685827813309: Received message <GossipMessage:6_1> from Peer_22:peer
Peer_23:peer INFO 2189.7656052584016: Received message <GossipMessage:6_1> from Peer_22:peer
Peer_23:peer INFO 2221.9328734334745: Received message <GossipMessage:6_1> from Peer_22:peer
Peer_23:peer INFO 2315.575712504052: Received message <GossipMessage:7_1> from Peer_22:peer
Peer_23:peer INFO 2315.575712504052: Sending message <GossipMessage:7_1> to Peer_9:peer
Peer_23:peer INFO 2315.575712504052: Sending message <GossipMessage:7_1> to Peer_18:peer
Peer_23:peer INFO 2315.575712504052: Sending message <GossipMessage:7_1> to Peer_19:peer
Peer_23:peer INFO 2387.4267057298325: Received message <GossipMessage:7_1> from Peer_22:peer
Peer_23:peer INFO 2396.8627960177037: Received message <GossipMessage:7_1> from Peer_18:peer
Peer_23:peer INFO 2421.4618031121177: Received message <GossipMessage:7_1> from Peer_22:peer
Peer_23:peer INFO 2500: Sending message <Ping:> to Peer_26:bootstrap
Peer_23:peer INFO 2500: Sending message <Ping:> to Peer_19:peer
Peer_23:peer INFO 2500.5660710972847: Received message <Pong:> from Peer_19:peer
Peer_23:peer INFO 2515.176549455251: Received message <GossipMessage:8_1> from Peer_22:peer
Peer_23:peer INFO 2515.176549455251: Sending message <GossipMessage:8_1> to Peer_19:peer
Peer_23:peer INFO 2515.176549455251: Sending message <GossipMessage:8_1> to Peer_18:peer
Peer_23:peer INFO 2515.176549455251: Sending message <GossipMessage:8_1> to Peer_9:peer
Peer_23:peer INFO 2565.4531331900816: Received message <Ping:> from Peer_26:bootstrap
Peer_23:peer INFO 2565.4531331900816: Sending message <Pong:> to Peer_26:bootstrap
Peer_23:peer INFO 2577.922277391001: Received message <Ping:> from Peer_22:peer
Peer_23:peer INFO 2577.922277391001: Sending message <Pong:> to Peer_22:peer
Peer_23:peer INFO 2587.099502710382: Received message <GossipMessage:8_1> from Peer_22:peer
Peer_23:peer INFO 2590.2982101868884: Received message <GossipMessage:8_1> from Peer_22:peer
Peer_23:peer INFO 2596.9966966227507: Received message <GossipMessage:8_1> from Peer_18:peer
Peer_23:peer INFO 2631.0406157817997: Received message <Pong:> from Peer_26:bootstrap
Peer_23:peer INFO 2666.612851871614: Received message <GossipMessage:9_1> from Peer_9:peer
Peer_23:peer INFO 2714.6863436302606: Received message <GossipMessage:9_1> from Peer_22:peer
Peer_23:peer INFO 2714.6863436302606: Sending message <GossipMessage:9_1> to Peer_19:peer
Peer_23:peer INFO 2714.6863436302606: Sending message <GossipMessage:9_1> to Peer_18:peer
Peer_23:peer INFO 2714.6863436302606: Sending message <GossipMessage:9_1> to Peer_9:peer
Peer_23:peer INFO 2714.764976613422: Received message <GossipMessage:9_1> from Peer_22:peer
Peer_23:peer INFO 2715.2373271072825: Received message <GossipMessage:9_1> from Peer_22:peer
Peer_23:peer INFO 2715.2373271072825: Sending message <GossipMessage:9_1> to Peer_19:peer
Peer_23:peer INFO 2715.2373271072825: Sending message <GossipMessage:9_1> to Peer_18:peer
Peer_23:peer INFO 2715.2373271072825: Sending message <GossipMessage:9_1> to Peer_9:peer
Peer_23:peer INFO 2739.83814280373: Received message <GossipMessage:9_1> from Peer_9:peer
Peer_23:peer INFO 2787.8019159532446: Received message <GossipMessage:9_1> from Peer_22:peer
Peer_23:peer INFO 2787.973029779306: Received message <GossipMessage:9_1> from Peer_22:peer
Peer_23:peer INFO 2796.9138682586545: Received message <GossipMessage:9_1> from Peer_18:peer
Peer_23:peer INFO 2821.9638862734464: Received message <GossipMessage:9_1> from Peer_22:peer
Peer_23:peer INFO 2914.331219817598: Received message <GossipMessage:10_1> from Peer_22:peer
Peer_23:peer INFO 2914.331219817598: Sending message <GossipMessage:10_1> to Peer_9:peer
Peer_23:peer INFO 2914.331219817598: Sending message <GossipMessage:10_1> to Peer_18:peer
Peer_23:peer INFO 2914.331219817598: Sending message <GossipMessage:10_1> to Peer_19:peer
Peer_23:peer INFO 2914.5720350592724: Received message <GossipMessage:10_1> from Peer_22:peer
Peer_23:peer INFO 2914.5720350592724: Sending message <GossipMessage:10_1> to Peer_18:peer
Peer_23:peer INFO 2914.5720350592724: Sending message <GossipMessage:10_1> to Peer_19:peer
Peer_23:peer INFO 2914.5720350592724: Sending message <GossipMessage:10_1> to Peer_9:peer
Peer_23:peer INFO 2914.8222975217514: Received message <GossipMessage:10_1> from Peer_22:peer
Peer_23:peer INFO 2914.8222975217514: Sending message <GossipMessage:10_1> to Peer_18:peer
Peer_23:peer INFO 2914.8222975217514: Sending message <GossipMessage:10_1> to Peer_19:peer
Peer_23:peer INFO 2914.8222975217514: Sending message <GossipMessage:10_1> to Peer_9:peer
Peer_23:peer INFO 2914.9835149375735: Received message <GossipMessage:10_1> from Peer_9:peer
Peer_23:peer INFO 2915.372767987794: Received message <GossipMessage:10_1> from Peer_22:peer
Peer_23:peer INFO 2988.517910959028: Received message <GossipMessage:10_1> from Peer_22:peer
Peer_23:peer INFO 2988.6042212970065: Received message <GossipMessage:10_1> from Peer_22:peer
Peer_23:peer INFO 2997.1600866043136: Received message <GossipMessage:10_1> from Peer_18:peer
Peer_23:peer INFO 3021.7783333596094: Received message <GossipMessage:10_1> from Peer_22:peer
Peer_23:peer INFO 3114.5534320112624: Received message <GossipMessage:11_1> from Peer_22:peer
Peer_23:peer INFO 3114.5534320112624: Sending message <GossipMessage:11_1> to Peer_19:peer
Peer_23:peer INFO 3114.5534320112624: Sending message <GossipMessage:11_1> to Peer_18:peer
Peer_23:peer INFO 3114.5534320112624: Sending message <GossipMessage:11_1> to Peer_9:peer
Peer_23:peer INFO 3114.941038076817: Received message <GossipMessage:11_1> from Peer_22:peer
Peer_23:peer INFO 3114.941038076817: Sending message <GossipMessage:11_1> to Peer_19:peer
Peer_23:peer INFO 3114.941038076817: Sending message <GossipMessage:11_1> to Peer_18:peer
Peer_23:peer INFO 3114.941038076817: Sending message <GossipMessage:11_1> to Peer_9:peer
Peer_23:peer INFO 3139.1050992153323: Received message <GossipMessage:11_1> from Peer_9:peer
Peer_23:peer INFO 3187.9707606587435: Received message <GossipMessage:11_1> from Peer_22:peer
Peer_23:peer INFO 3197.4911498007564: Received message <GossipMessage:11_1> from Peer_18:peer
Peer_23:peer INFO 3221.86521227972: Received message <GossipMessage:11_1> from Peer_22:peer
Peer_23:peer INFO 3266.4017193476343: Received message <GossipMessage:12_1> from Peer_9:peer
Peer_23:peer INFO 3314.9814991067096: Received message <GossipMessage:12_1> from Peer_22:peer
Peer_23:peer INFO 3314.9814991067096: Sending message <GossipMessage:12_1> to Peer_18:peer
Peer_23:peer INFO 3314.9814991067096: Sending message <GossipMessage:12_1> to Peer_9:peer
Peer_23:peer INFO 3314.9814991067096: Sending message <GossipMessage:12_1> to Peer_19:peer
Peer_23:peer INFO 3315.4835583144754: Received message <GossipMessage:12_1> from Peer_22:peer
Peer_23:peer INFO 3315.726505224844: Received message <GossipMessage:12_1> from Peer_22:peer
Peer_23:peer INFO 3339.213350667261: Received message <GossipMessage:12_1> from Peer_9:peer
Peer_23:peer INFO 3388.4757122259693: Received message <GossipMessage:12_1> from Peer_22:peer
Peer_23:peer INFO 3396.593451875009: Received message <GossipMessage:12_1> from Peer_18:peer
Peer_23:peer INFO 3396.593451875009: Sending message <GossipMessage:12_1> to Peer_9:peer
Peer_23:peer INFO 3396.593451875009: Sending message <GossipMessage:12_1> to Peer_22:peer
Peer_23:peer INFO 3396.593451875009: Sending message <GossipMessage:12_1> to Peer_19:peer
Peer_23:peer INFO 3396.63809303987: Received message <GossipMessage:12_1> from Peer_19:peer
Peer_23:peer INFO 3397.158992967063: Received message <GossipMessage:12_1> from Peer_18:peer
Peer_23:peer INFO 3421.5966380999585: Received message <GossipMessage:12_1> from Peer_19:peer
Peer_23:peer INFO 3421.8480172237073: Received message <GossipMessage:12_1> from Peer_22:peer
Peer_23:peer INFO 3466.4131578582733: Received message <GossipMessage:13_1> from Peer_9:peer
Peer_23:peer INFO 3500: Sending message <Ping:> to Peer_26:bootstrap
Peer_23:peer INFO 3539.1926266054165: Received message <GossipMessage:13_1> from Peer_9:peer
Peer_23:peer INFO 3565.593945082963: Received message <Ping:> from Peer_26:bootstrap
Peer_23:peer INFO 3565.593945082963: Sending message <Pong:> to Peer_26:bootstrap
Peer_23:peer INFO 3589.158592267538: Received message <GossipMessage:13_1> from Peer_22:peer
Peer_23:peer INFO 3597.130203863673: Received message <GossipMessage:13_1> from Peer_18:peer
Peer_23:peer INFO 3621.7698491274496: Received message <GossipMessage:13_1> from Peer_19:peer
Peer_23:peer INFO 3630.86459005958: Received message <Pong:> from Peer_26:bootstrap
Peer_23:peer INFO 3715.2486832734016: Received message <GossipMessage:14_1> from Peer_22:peer
Peer_23:peer INFO 3715.2486832734016: Sending message <GossipMessage:14_1> to Peer_18:peer
Peer_23:peer INFO 3715.2486832734016: Sending message <GossipMessage:14_1> to Peer_19:peer
Peer_23:peer INFO 3715.2486832734016: Sending message <GossipMessage:14_1> to Peer_9:peer
Peer_23:peer INFO 3715.3095516570875: Received message <GossipMessage:14_1> from Peer_19:peer
Peer_23:peer INFO 3715.389221957847: Received message <GossipMessage:14_1> from Peer_9:peer
Peer_23:peer INFO 3715.4258818701815: Received message <GossipMessage:14_1> from Peer_22:peer
Peer_23:peer INFO 3715.4258818701815: Sending message <GossipMessage:14_1> to Peer_18:peer
Peer_23:peer INFO 3715.4258818701815: Sending message <GossipMessage:14_1> to Peer_19:peer
Peer_23:peer INFO 3715.4258818701815: Sending message <GossipMessage:14_1> to Peer_9:peer
Peer_23:peer INFO 3739.1876294814983: Received message <GossipMessage:14_1> from Peer_9:peer
Peer_23:peer INFO 3788.2833250169206: Received message <GossipMessage:14_1> from Peer_22:peer
Peer_23:peer INFO 3796.884077237511: Received message <GossipMessage:14_1> from Peer_18:peer
Peer_23:peer INFO 3821.721808654432: Received message <GossipMessage:14_1> from Peer_19:peer
Peer_23:peer INFO 3866.7462796662016: Received message <GossipMessage:15_1> from Peer_9:peer
Peer_23:peer INFO 3915.2029900053767: Received message <GossipMessage:15_1> from Peer_22:peer
Peer_23:peer INFO 3915.4093653405357: Received message <GossipMessage:15_1> from Peer_22:peer
Peer_23:peer INFO 3996.5549663006427: Received message <GossipMessage:15_1> from Peer_18:peer
Peer_23:peer INFO 3996.5549663006427: Sending message <GossipMessage:15_1> to Peer_19:peer
Peer_23:peer INFO 3996.5549663006427: Sending message <GossipMessage:15_1> to Peer_22:peer
Peer_23:peer INFO 3996.5549663006427: Sending message <GossipMessage:15_1> to Peer_9:peer
Peer_23:peer INFO 3996.615381225313: Received message <GossipMessage:15_1> from Peer_19:peer
Peer_23:peer INFO 3997.38965198283: Received message <GossipMessage:15_1> from Peer_18:peer
Peer_23:peer INFO 4021.86153671139: Received message <GossipMessage:15_1> from Peer_19:peer
Peer_23:peer INFO 4065.559383714035: Received message <Hello:> from Peer_1:client
Peer_23:peer INFO 4065.559383714035: Connecting to Peer_1:client
Peer_23:peer INFO 4065.559383714035: Sending message <Hello:> to Peer_1:client
Peer_23:peer INFO 4065.559383714035: Sending message <RequestPeers:> to Peer_1:client
Peer_23:peer INFO 4077.989574835939: Received message <Ping:> from Peer_22:peer
Peer_23:peer INFO 4077.989574835939: Sending message <Pong:> to Peer_22:peer
Peer_23:peer INFO 4114.671420042529: Received message <GossipMessage:16_1> from Peer_19:peer
Peer_23:peer INFO 4114.6734860888355: Received message <GossipMessage:16_1> from Peer_9:peer
Peer_23:peer INFO 4114.795810714465: Received message <GossipMessage:16_1> from Peer_22:peer
Peer_23:peer INFO 4114.795810714465: Sending message <GossipMessage:16_1> to Peer_19:peer
Peer_23:peer INFO 4114.795810714465: Sending message <GossipMessage:16_1> to Peer_18:peer
Peer_23:peer INFO 4114.795810714465: Sending message <GossipMessage:16_1> to Peer_9:peer
Peer_23:peer INFO 4115.306138961274: Received message <GossipMessage:16_1> from Peer_22:peer
Peer_23:peer INFO 4115.891978095978: Received message <GossipMessage:16_1> from Peer_9:peer
Peer_23:peer INFO 4116.082997435672: Received message <GossipMessage:16_1> from Peer_22:peer
Peer_23:peer INFO 4116.082997435672: Sending message <GossipMessage:16_1> to Peer_18:peer
Peer_23:peer INFO 4116.082997435672: Sending message <GossipMessage:16_1> to Peer_19:peer
Peer_23:peer INFO 4116.082997435672: Sending message <GossipMessage:16_1> to Peer_9:peer
Peer_23:peer INFO 4141.613009769165: Received message <GossipMessage:16_1> from Peer_9:peer
Peer_23:peer INFO 4187.18473161737: Received message <GossipMessage:16_1> from Peer_22:peer
Peer_23:peer INFO 4187.419496081777: Received message <GossipMessage:16_1> from Peer_22:peer
Peer_23:peer INFO 4188.358706848196: Received message <GossipMessage:16_1> from Peer_22:peer
Peer_23:peer INFO 4188.866783659862: Received message <GossipMessage:16_1> from Peer_22:peer
Peer_23:peer INFO 4196.448528849345: Received message <PeerList> from Peer_1:client
Peer_23:peer INFO 4196.986313293843: Received message <GossipMessage:16_1> from Peer_18:peer
Peer_23:peer INFO 4265.544261185151: Received message <GossipMessage:17_1> from Peer_1:client
Peer_23:peer INFO 4265.544261185151: Sending message <GossipMessage:17_1> to Peer_19:peer
Peer_23:peer INFO 4265.544261185151: Sending message <GossipMessage:17_1> to Peer_22:peer
Peer_23:peer INFO 4265.544261185151: Sending message <GossipMessage:17_1> to Peer_18:peer
Peer_23:peer INFO 4266.363108044322: Received message <GossipMessage:17_1> from Peer_9:peer
Peer_23:peer INFO 4313.835563776573: Received message <GossipMessage:17_1> from Peer_22:peer
Peer_23:peer INFO 4313.835563776573: Sending message <GossipMessage:17_1> to Peer_19:peer
Peer_23:peer INFO 4313.835563776573: Sending message <GossipMessage:17_1> to Peer_9:peer
Peer_23:peer INFO 4313.835563776573: Sending message <GossipMessage:17_1> to Peer_18:peer
Peer_23:peer INFO 4314.2240286649985: Received message <GossipMessage:17_1> from Peer_22:peer
Peer_23:peer INFO 4315.593492700896: Received message <GossipMessage:17_1> from Peer_19:peer
Peer_23:peer INFO 4315.695695200097: Received message <GossipMessage:17_1> from Peer_9:peer
Peer_23:peer INFO 4338.337746768756: Received message <GossipMessage:17_1> from Peer_9:peer
Peer_23:peer INFO 4396.523969835213: Received message <GossipMessage:17_1> from Peer_18:peer
Peer_23:peer INFO 4396.797527787046: Received message <GossipMessage:17_1> from Peer_18:peer
Peer_23:peer INFO 4397.146589230074: Received message <GossipMessage:17_1> from Peer_19:peer
Peer_23:peer INFO 4421.525067857792: Received message <GossipMessage:17_1> from Peer_19:peer
Peer_23:peer INFO 4421.887497084445: Received message <GossipMessage:17_1> from Peer_19:peer
Peer_23:peer INFO 4465.502050120395: Received message <GossipMessage:18_1> from Peer_1:client
Peer_23:peer INFO 4465.502050120395: Sending message <GossipMessage:18_1> to Peer_9:peer
Peer_23:peer INFO 4465.502050120395: Sending message <GossipMessage:18_1> to Peer_18:peer
Peer_23:peer INFO 4465.502050120395: Sending message <GossipMessage:18_1> to Peer_22:peer
Peer_23:peer INFO 4500: Sending message <Ping:> to Peer_26:bootstrap
Peer_23:peer INFO 4514.808816091325: Received message <GossipMessage:18_1> from Peer_22:peer
Peer_23:peer INFO 4514.808816091325: Sending message <GossipMessage:18_1> to Peer_9:peer
Peer_23:peer INFO 4514.808816091325: Sending message <GossipMessage:18_1> to Peer_18:peer
Peer_23:peer INFO 4514.808816091325: Sending message <GossipMessage:18_1> to Peer_19:peer
Peer_23:peer INFO 4515.519805937919: Received message <GossipMessage:18_1> from Peer_22:peer
Peer_23:peer INFO 4515.519805937919: Sending message <GossipMessage:18_1> to Peer_19:peer
Peer_23:peer INFO 4515.519805937919: Sending message <GossipMessage:18_1> to Peer_18:peer
Peer_23:peer INFO 4515.519805937919: Sending message <GossipMessage:18_1> to Peer_9:peer
Peer_23:peer INFO 4537.941039161651: Received message <GossipMessage:18_1> from Peer_9:peer
Peer_23:peer INFO 4565.47854468856: Received message <Ping:> from Peer_26:bootstrap
Peer_23:peer INFO 4565.47854468856: Sending message <Pong:> to Peer_26:bootstrap
Peer_23:peer INFO 4596.6705617126345: Received message <GossipMessage:18_1> from Peer_19:peer
Peer_23:peer INFO 4596.7959424217: Received message <GossipMessage:18_1> from Peer_18:peer
Peer_23:peer INFO 4596.7959424217: Sending message <GossipMessage:18_1> to Peer_19:peer
Peer_23:peer INFO 4596.7959424217: Sending message <GossipMessage:18_1> to Peer_9:peer
Peer_23:peer INFO 4596.7959424217: Sending message <GossipMessage:18_1> to Peer_22:peer
Peer_23:peer INFO 4596.895635605432: Received message <GossipMessage:18_1> from Peer_19:peer
Peer_23:peer INFO 4597.1375383438135: Received message <GossipMessage:18_1> from Peer_18:peer
Peer_23:peer INFO 4621.965435635351: Received message <GossipMessage:18_1> from Peer_22:peer
Peer_23:peer INFO 4631.258090560812: Received message <Pong:> from Peer_26:bootstrap
Peer_23:peer INFO 4665.952156961534: Received message <GossipMessage:19_1> from Peer_18:peer
Peer_23:peer INFO 4665.952156961534: Sending message <GossipMessage:19_1> to Peer_19:peer
Peer_23:peer INFO 4665.952156961534: Sending message <GossipMessage:19_1> to Peer_9:peer
Peer_23:peer INFO 4665.952156961534: Sending message <GossipMessage:19_1> to Peer_22:peer
Peer_23:peer INFO 4666.436528298142: Received message <GossipMessage:19_1> from Peer_19:peer
Peer_23:peer INFO 4666.436528298142: Sending message <GossipMessage:19_1> to Peer_22:peer
Peer_23:peer INFO 4666.436528298142: Sending message <GossipMessage:19_1> to Peer_18:peer
Peer_23:peer INFO 4666.436528298142: Sending message <GossipMessage:19_1> to Peer_9:peer
Peer_23:peer INFO 4666.504335206993: Received message <GossipMessage:19_1> from Peer_9:peer
Peer_23:peer INFO 4714.178667336448: Received message <GossipMessage:19_1> from Peer_22:peer
Peer_23:peer INFO 4714.178667336448: Sending message <GossipMessage:19_1> to Peer_18:peer
Peer_23:peer INFO 4714.178667336448: Sending message <GossipMessage:19_1> to Peer_19:peer
Peer_23:peer INFO 4714.178667336448: Sending message <GossipMessage:19_1> to Peer_9:peer
Peer_23:peer INFO 4715.226079033434: Received message <GossipMessage:19_1> from Peer_19:peer
Peer_23:peer INFO 4715.92290734653: Received message <GossipMessage:19_1> from Peer_9:peer
Peer_23:peer INFO 4738.788932824394: Received message <GossipMessage:19_1> from Peer_9:peer
Peer_23:peer INFO 4788.4675482611165: Received message <GossipMessage:19_1> from Peer_22:peer
Peer_23:peer INFO 4788.574753106459: Received message <GossipMessage:19_1> from Peer_22:peer
Peer_23:peer INFO 4789.859614745825: Received message <GossipMessage:19_1> from Peer_22:peer
Peer_23:peer INFO 4797.415472185094: Received message <GossipMessage:19_1> from Peer_18:peer
Peer_23:peer INFO 4821.911039991675: Received message <GossipMessage:19_1> from Peer_19:peer
Peer_23:peer INFO 4865.37387693718: Received message <GossipMessage:20_1> from Peer_1:client
Peer_23:peer INFO 4865.37387693718: Sending message <GossipMessage:20_1> to Peer_9:peer
Peer_23:peer INFO 4865.37387693718: Sending message <GossipMessage:20_1> to Peer_22:peer
Peer_23:peer INFO 4865.37387693718: Sending message <GossipMessage:20_1> to Peer_19:peer
Peer_23:peer INFO 4866.074291697509: Received message <GossipMessage:20_1> from Peer_18:peer
Peer_23:peer INFO 4866.074291697509: Sending message <GossipMessage:20_1> to Peer_22:peer
Peer_23:peer INFO 4866.074291697509: Sending message <GossipMessage:20_1> to Peer_9:peer
Peer_23:peer INFO 4866.074291697509: Sending message <GossipMessage:20_1> to Peer_19:peer
Peer_23:peer INFO 4866.236789295207: Received message <GossipMessage:20_1> from Peer_19:peer
Peer_23:peer INFO 4866.236789295207: Sending message <GossipMessage:20_1> to Peer_18:peer
Peer_23:peer INFO 4866.236789295207: Sending message <GossipMessage:20_1> to Peer_9:peer
Peer_23:peer INFO 4866.236789295207: Sending message <GossipMessage:20_1> to Peer_22:peer
Peer_23:peer INFO 4914.343457794362: Received message <GossipMessage:20_1> from Peer_22:peer
Peer_23:peer INFO 4914.343457794362: Sending message <GossipMessage:20_1> to Peer_9:peer
Peer_23:peer INFO 4914.343457794362: Sending message <GossipMessage:20_1> to Peer_19:peer
Peer_23:peer INFO 4914.343457794362: Sending message <GossipMessage:20_1> to Peer_18:peer
Peer_23:peer INFO 4914.647435214267: Received message <GossipMessage:20_1> from Peer_9:peer
Peer_23:peer INFO 4914.660154711437: Received message <GossipMessage:20_1> from Peer_19:peer
Peer_23:peer INFO 4915.992844478289: Received message <GossipMessage:20_1> from Peer_22:peer
Peer_23:peer INFO 4915.992844478289: Sending message <GossipMessage:20_1> to Peer_9:peer
Peer_23:peer INFO 4915.992844478289: Sending message <GossipMessage:20_1> to Peer_19:peer
Peer_23:peer INFO 4915.992844478289: Sending message <GossipMessage:20_1> to Peer_18:peer
Peer_23:peer INFO 4916.249359153101: Received message <GossipMessage:20_1> from Peer_9:peer
Peer_23:peer INFO 4938.47483013233: Received message <GossipMessage:20_1> from Peer_9:peer
Peer_23:peer INFO 4990.472851026484: Received message <GossipMessage:20_1> from Peer_22:peer
Peer_23:peer INFO 4996.545233076097: Received message <GossipMessage:20_1> from Peer_18:peer
Peer_23:peer INFO 4996.881981579586: Received message <GossipMessage:20_1> from Peer_18:peer
Peer_23:peer INFO 4996.881981579586: Sending message <GossipMessage:20_1> to Peer_19:peer
Peer_23:peer INFO 4996.881981579586: Sending message <GossipMessage:20_1> to Peer_22:peer
Peer_23:peer INFO 4996.881981579586: Sending message <GossipMessage:20_1> to Peer_9:peer
Peer_23:peer INFO 4997.317069836932: Received message <GossipMessage:20_1> from Peer_19:peer
Peer_23:peer INFO 5021.857777227295: Received message <GossipMessage:20_1> from Peer_19:peer
Peer_23:peer INFO 5022.0105715409945: Received message <GossipMessage:20_1> from Peer_19:peer
Peer_23:peer INFO 5065.353978462497: Received message <GossipMessage:21_1> from Peer_1:client
Peer_23:peer INFO 5065.353978462497: Sending message <GossipMessage:21_1> to Peer_22:peer
Peer_23:peer INFO 5065.353978462497: Sending message <GossipMessage:21_1> to Peer_9:peer
Peer_23:peer INFO 5065.353978462497: Sending message <GossipMessage:21_1> to Peer_18:peer
Peer_23:peer INFO 5065.374806218675: Received message <Ping:> from Peer_1:client
Peer_23:peer INFO 5065.374806218675: Sending message <Pong:> to Peer_1:client
Peer_23:peer INFO 5114.514649530975: Received message <GossipMessage:21_1> from Peer_22:peer
Peer_23:peer INFO 5114.514649530975: Sending message <GossipMessage:21_1> to Peer_18:peer
Peer_23:peer INFO 5114.514649530975: Sending message <GossipMessage:21_1> to Peer_9:peer
Peer_23:peer INFO 5114.514649530975: Sending message <GossipMessage:21_1> to Peer_19:peer
Peer_23:peer INFO 5115.887376687285: Received message <GossipMessage:21_1> from Peer_19:peer
Peer_23:peer INFO 5139.330026507884: Received message <GossipMessage:21_1> from Peer_9:peer
Peer_23:peer INFO 5187.091310875339: Received message <GossipMessage:21_1> from Peer_22:peer
Peer_23:peer INFO 5196.805890018945: Received message <GossipMessage:21_1> from Peer_19:peer
Peer_23:peer INFO 5197.219911591728: Received message <GossipMessage:21_1> from Peer_18:peer
