Peer_12:peer WARNING 0: Not enough peers, fetching more (0, 4)
Peer_12:peer INFO 0.5102056122483869: Connecting to Peer_26:bootstrap
Peer_12:peer INFO 1.0099255569153858: Received message <Hello:> from Peer_26:bootstrap
Peer_12:peer INFO 1.0352980375805203: Received message <RequestPeers:> from Peer_26:bootstrap
Peer_12:peer INFO 1.0352980375805203: Sending message <PeerList> to Peer_26:bootstrap
Peer_12:peer WARNING 500: Not enough peers, fetching more (1, 4)
Peer_12:peer INFO 500: Sending message <RequestPeers:> to Peer_26:bootstrap
Peer_12:peer INFO 500.9344791191355: Received message <PeerList> from Peer_26:bootstrap
Peer_12:peer WARNING 1000: Not enough peers, fetching more (1, 4)
Peer_12:peer INFO 1000: Sending message <RequestPeers:> to Peer_26:bootstrap
Peer_12:peer INFO 1001.0050265411033: Received message <PeerList> from Peer_26:bootstrap
Peer_12:peer INFO 1065.5017956548043: Connecting to Peer_17:peer
Peer_12:peer INFO 1130.806044129242: Received message <Hello:> from Peer_17:peer
Peer_12:peer INFO 1131.1568639958778: Received message <RequestPeers:> from Peer_17:peer
Peer_12:peer INFO 1131.1568639958778: Sending message <PeerList> to Peer_17:peer
Peer_12:peer INFO 1486.796664454854: Received message <GossipMessage:2_1> from Peer_17:peer
Peer_12:peer WARNING 1500: Not enough peers, fetching more (2, 4)
Peer_12:peer INFO 1500: Sending message <RequestPeers:> to Peer_26:bootstrap
Peer_12:peer INFO 1500: Sending message <RequestPeers:> to Peer_17:peer
Peer_12:peer INFO 1500.9981717227229: Received message <PeerList> from Peer_26:bootstrap
Peer_12:peer INFO 1565.586662905168: Connecting to Peer_7:peer
Peer_12:peer INFO 1630.7937030360235: Received message <RequestPeers:> from Peer_7:peer
Peer_12:peer INFO 1630.7937030360235: Sending message <PeerList> to Peer_7:peer
Peer_12:peer INFO 1630.8763978130976: Received message <PeerList> from Peer_17:peer
Peer_12:peer INFO 1631.058390639646: Received message <Hello:> from Peer_7:peer
Peer_12:peer INFO 1687.218213253498: Received message <GossipMessage:3_1> from Peer_17:peer
Peer_12:peer INFO 1780.4392406031347: Received message <GossipMessage:4_1> from Peer_17:peer
Peer_12:peer INFO 1887.162813982598: Received message <GossipMessage:4_1> from Peer_17:peer
Peer_12:peer INFO 1981.281151010763: Received message <GossipMessage:5_1> from Peer_17:peer
Peer_12:peer WARNING 2000: Not enough peers, fetching more (3, 4)
Peer_12:peer INFO 2000.5320636421814: Received message <Hello:> from Peer_1:client
Peer_12:peer INFO 2000.5320636421814: Connecting to Peer_1:client
Peer_12:peer INFO 2000.5320636421814: Sending message <Hello:> to Peer_1:client
Peer_12:peer INFO 2000.5320636421814: Sending message <RequestPeers:> to Peer_1:client
Peer_12:peer INFO 2001.6226280162105: Received message <PeerList> from Peer_1:client
Peer_12:peer INFO 2037.0189902095638: Connecting to Peer_25:peer
Peer_12:peer INFO 2074.4400526509958: Received message <RequestPeers:> from Peer_25:peer
Peer_12:peer INFO 2074.4400526509958: Sending message <PeerList> to Peer_25:peer
Peer_12:peer INFO 2075.043237734246: Received message <Hello:> from Peer_25:peer
Peer_12:peer INFO 2200.5345239012636: Received message <GossipMessage:7_1> from Peer_1:client
Peer_12:peer INFO 2200.5345239012636: Sending message <GossipMessage:7_1> to Peer_17:peer
Peer_12:peer INFO 2200.5345239012636: Sending message <GossipMessage:7_1> to Peer_7:peer
Peer_12:peer INFO 2200.5345239012636: Sending message <GossipMessage:7_1> to Peer_25:peer
Peer_12:peer INFO 2286.9203885500956: Received message <GossipMessage:6_1> from Peer_17:peer
Peer_12:peer INFO 2381.2938819312158: Received message <GossipMessage:7_1> from Peer_25:peer
Peer_12:peer INFO 2382.7490240666652: Received message <GossipMessage:7_1> from Peer_17:peer
Peer_12:peer INFO 2400.4934474931247: Received message <GossipMessage:8_1> from Peer_1:client
Peer_12:peer INFO 2400.4934474931247: Sending message <GossipMessage:8_1> to Peer_25:peer
Peer_12:peer INFO 2400.4934474931247: Sending message <GossipMessage:8_1> to Peer_17:peer
Peer_12:peer INFO 2400.4934474931247: Sending message <GossipMessage:8_1> to Peer_7:peer
Peer_12:peer INFO 2486.801835011734: Received message <GossipMessage:7_1> from Peer_17:peer
Peer_12:peer INFO 2500: Sending message <Ping:> to Peer_26:bootstrap
Peer_12:peer INFO 2500: Sending message <Ping:> to Peer_7:peer
Peer_12:peer INFO 2500.473518699789: Received message <RequestPeers:> from Peer_1:client
Peer_12:peer INFO 2500.473518699789: Sending message <PeerList> to Peer_1:client
Peer_12:peer INFO 2500.498669320525: Received message <Ping:> from Peer_26:bootstrap
Peer_12:peer INFO 2500.498669320525: Sending message <Pong:> to Peer_26:bootstrap
Peer_12:peer INFO 2501.0445045241995: Received message <Pong:> from Peer_26:bootstrap
Peer_12:peer INFO 2580.8767900681173: Received message <GossipMessage:8_1> from Peer_25:peer
Peer_12:peer INFO 2581.831462748135: Received message <GossipMessage:8_1> from Peer_17:peer
Peer_12:peer INFO 2600.5556933267962: Received message <GossipMessage:9_1> from Peer_1:client
Peer_12:peer INFO 2600.5556933267962: Sending message <GossipMessage:9_1> to Peer_25:peer
Peer_12:peer INFO 2600.5556933267962: Sending message <GossipMessage:9_1> to Peer_7:peer
Peer_12:peer INFO 2600.5556933267962: Sending message <GossipMessage:9_1> to Peer_17:peer
Peer_12:peer INFO 2631.013369350907: Received message <Pong:> from Peer_7:peer
Peer_12:peer INFO 2674.421715323291: Received message <GossipMessage:9_1> from Peer_25:peer
Peer_12:peer INFO 2780.3208005120528: Received message <GossipMessage:9_1> from Peer_17:peer
Peer_12:peer INFO 2780.8179798256588: Received message <GossipMessage:9_1> from Peer_25:peer
Peer_12:peer INFO 2781.6657229767343: Received message <GossipMessage:9_1> from Peer_17:peer
Peer_12:peer INFO 2800.4985326288647: Received message <GossipMessage:10_1> from Peer_1:client
Peer_12:peer INFO 2800.4985326288647: Sending message <GossipMessage:10_1> to Peer_25:peer
Peer_12:peer INFO 2800.4985326288647: Sending message <GossipMessage:10_1> to Peer_17:peer
Peer_12:peer INFO 2800.4985326288647: Sending message <GossipMessage:10_1> to Peer_7:peer
Peer_12:peer INFO 2874.0159612922357: Received message <GossipMessage:10_1> from Peer_25:peer
Peer_12:peer INFO 2887.078090717244: Received message <GossipMessage:9_1> from Peer_17:peer
Peer_12:peer INFO 2980.6079115438292: Received message <GossipMessage:10_1> from Peer_7:peer
Peer_12:peer INFO 2981.0596403003515: Received message <GossipMessage:10_1> from Peer_17:peer
Peer_12:peer INFO 2981.8554928190574: Received message <GossipMessage:10_1> from Peer_25:peer
Peer_12:peer INFO 3000.493610054159: Received message <GossipMessage:11_1> from Peer_1:client
Peer_12:peer INFO 3000.493610054159: Sending message <GossipMessage:11_1> to Peer_7:peer
Peer_12:peer INFO 3000.493610054159: Sending message <GossipMessage:11_1> to Peer_25:peer
Peer_12:peer INFO 3000.493610054159: Sending message <GossipMessage:11_1> to Peer_17:peer
Peer_12:peer INFO 3029.185861360591: Received message <GossipMessage:10_1> from Peer_25:peer
Peer_12:peer INFO 3180.5940657347783: Received message <GossipMessage:11_1> from Peer_7:peer
Peer_12:peer INFO 3181.7273421332466: Received message <GossipMessage:11_1> from Peer_17:peer
Peer_12:peer INFO 3181.8747804391833: Received message <GossipMessage:11_1> from Peer_25:peer
Peer_12:peer INFO 3200.589903372739: Received message <GossipMessage:12_1> from Peer_1:client
Peer_12:peer INFO 3200.589903372739: Sending message <GossipMessage:12_1> to Peer_17:peer
Peer_12:peer INFO 3200.589903372739: Sending message <GossipMessage:12_1> to Peer_25:peer
Peer_12:peer INFO 3200.589903372739: Sending message <GossipMessage:12_1> to Peer_7:peer
Peer_12:peer INFO 3204.2796879189805: Received message <GossipMessage:11_1> from Peer_17:peer
Peer_12:peer INFO 3228.8196960668192: Received message <GossipMessage:11_1> from Peer_25:peer
Peer_12:peer INFO 3274.7874199068515: Received message <GossipMessage:12_1> from Peer_25:peer
Peer_12:peer INFO 3286.8684695191114: Received message <GossipMessage:11_1> from Peer_17:peer
Peer_12:peer INFO 3380.3323594245403: Received message <GossipMessage:12_1> from Peer_17:peer
Peer_12:peer INFO 3380.3323594245403: Sending message <GossipMessage:12_1> to Peer_7:peer
Peer_12:peer INFO 3380.3323594245403: Sending message <GossipMessage:12_1> to Peer_25:peer
Peer_12:peer INFO 3380.5935705854326: Received message <GossipMessage:12_1> from Peer_25:peer
Peer_12:peer INFO 3380.826396910252: Received message <GossipMessage:12_1> from Peer_25:peer
Peer_12:peer INFO 3380.8625221036486: Received message <GossipMessage:12_1> from Peer_7:peer
Peer_12:peer INFO 3380.898190446371: Received message <GossipMessage:12_1> from Peer_17:peer
Peer_12:peer INFO 3381.327895129837: Received message <GossipMessage:12_1> from Peer_17:peer
Peer_12:peer INFO 3400.4830580972725: Received message <GossipMessage:13_1> from Peer_1:client
Peer_12:peer INFO 3400.4830580972725: Sending message <GossipMessage:13_1> to Peer_25:peer
Peer_12:peer INFO 3400.4830580972725: Sending message <GossipMessage:13_1> to Peer_7:peer
Peer_12:peer INFO 3400.4830580972725: Sending message <GossipMessage:13_1> to Peer_17:peer
Peer_12:peer INFO 3404.3173915426064: Received message <GossipMessage:12_1> from Peer_17:peer
Peer_12:peer INFO 3474.917813665457: Received message <GossipMessage:13_1> from Peer_25:peer
Peer_12:peer INFO 3500: Sending message <Ping:> to Peer_26:bootstrap
Peer_12:peer INFO 3500.4680237880048: Received message <Ping:> from Peer_1:client
Peer_12:peer INFO 3500.4680237880048: Sending message <Pong:> to Peer_1:client
Peer_12:peer INFO 3500.5413972201195: Received message <Ping:> from Peer_26:bootstrap
Peer_12:peer INFO 3500.5413972201195: Sending message <Pong:> to Peer_26:bootstrap
Peer_12:peer INFO 3501.065801572321: Received message <Pong:> from Peer_26:bootstrap
Peer_12:peer INFO 3530.9346707756495: Received message <GossipMessage:13_1> from Peer_7:peer
Peer_12:peer INFO 3530.9346707756495: Sending message <GossipMessage:13_1> to Peer_17:peer
Peer_12:peer INFO 3530.9346707756495: Sending message <GossipMessage:13_1> to Peer_25:peer
Peer_12:peer INFO 3579.886367271407: Received message <GossipMessage:13_1> from Peer_25:peer
Peer_12:peer INFO 3580.5585913561627: Received message <GossipMessage:13_1> from Peer_17:peer
Peer_12:peer INFO 3580.5585913561627: Sending message <GossipMessage:13_1> to Peer_7:peer
Peer_12:peer INFO 3580.5585913561627: Sending message <GossipMessage:13_1> to Peer_25:peer
Peer_12:peer INFO 3581.039500079395: Received message <GossipMessage:13_1> from Peer_17:peer
Peer_12:peer INFO 3581.54122086884: Received message <GossipMessage:13_1> from Peer_25:peer
Peer_12:peer INFO 3581.864757252818: Received message <GossipMessage:13_1> from Peer_7:peer
Peer_12:peer INFO 3600.5073993608235: Received message <GossipMessage:14_1> from Peer_1:client
Peer_12:peer INFO 3600.5073993608235: Sending message <GossipMessage:14_1> to Peer_17:peer
Peer_12:peer INFO 3600.5073993608235: Sending message <GossipMessage:14_1> to Peer_7:peer
Peer_12:peer INFO 3600.5073993608235: Sending message <GossipMessage:14_1> to Peer_25:peer
Peer_12:peer INFO 3604.5324013164172: Received message <GossipMessage:13_1> from Peer_17:peer
Peer_12:peer INFO 3630.7764506621343: Received message <GossipMessage:13_1> from Peer_25:peer
Peer_12:peer INFO 3674.144133380971: Received message <GossipMessage:14_1> from Peer_25:peer
Peer_12:peer INFO 3674.144133380971: Sending message <GossipMessage:14_1> to Peer_7:peer
Peer_12:peer INFO 3674.144133380971: Sending message <GossipMessage:14_1> to Peer_17:peer
Peer_12:peer INFO 3674.361735055631: Received message <GossipMessage:14_1> from Peer_25:peer
Peer_12:peer INFO 3730.8182262482924: Received message <GossipMessage:14_1> from Peer_7:peer
Peer_12:peer INFO 3730.8182262482924: Sending message <GossipMessage:14_1> to Peer_17:peer
Peer_12:peer INFO 3730.8182262482924: Sending message <GossipMessage:14_1> to Peer_25:peer
Peer_12:peer INFO 3731.2466144248237: Received message <GossipMessage:14_1> from Peer_7:peer
Peer_12:peer INFO 3779.9814100155436: Received message <GossipMessage:14_1> from Peer_25:peer
Peer_12:peer INFO 3780.3551693436216: Received message <GossipMessage:14_1> from Peer_17:peer
Peer_12:peer INFO 3780.429074542359: Received message <GossipMessage:14_1> from Peer_7:peer
Peer_12:peer INFO 3781.4928115638263: Received message <GossipMessage:14_1> from Peer_17:peer
Peer_12:peer INFO 3800.5667939033683: Received message <GossipMessage:15_1> from Peer_1:client
Peer_12:peer INFO 3800.5667939033683: Sending message <GossipMessage:15_1> to Peer_25:peer
Peer_12:peer INFO 3800.5667939033683: Sending message <GossipMessage:15_1> to Peer_17:peer
Peer_12:peer INFO 3800.5667939033683: Sending message <GossipMessage:15_1> to Peer_7:peer
Peer_12:peer INFO 3804.33850751419: Received message <GossipMessage:14_1> from Peer_17:peer
Peer_12:peer INFO 3931.1827351737434: Received message <GossipMessage:15_1> from Peer_7:peer
Peer_12:peer INFO 3931.1827351737434: Sending message <GossipMessage:15_1> to Peer_17:peer
Peer_12:peer INFO 3931.1827351737434: Sending message <GossipMessage:15_1> to Peer_25:peer
Peer_12:peer INFO 3931.4724773602898: Received message <GossipMessage:15_1> from Peer_7:peer
Peer_12:peer INFO 3980.583525924198: Received message <GossipMessage:15_1> from Peer_17:peer
Peer_12:peer INFO 3980.640284412593: Received message <GossipMessage:15_1> from Peer_17:peer
Peer_12:peer INFO 4000.512712858559: Received message <GossipMessage:16_1> from Peer_1:client
Peer_12:peer INFO 4000.512712858559: Sending message <GossipMessage:16_1> to Peer_7:peer
Peer_12:peer INFO 4000.512712858559: Sending message <GossipMessage:16_1> to Peer_25:peer
Peer_12:peer INFO 4000.512712858559: Sending message <GossipMessage:16_1> to Peer_17:peer
Peer_12:peer INFO 4074.344970452497: Received message <GossipMessage:16_1> from Peer_25:peer
Peer_12:peer INFO 4131.863506927963: Received message <GossipMessage:16_1> from Peer_7:peer
Peer_12:peer INFO 4179.817398691465: Received message <GossipMessage:16_1> from Peer_17:peer
Peer_12:peer INFO 4179.817398691465: Sending message <GossipMessage:16_1> to Peer_25:peer
Peer_12:peer INFO 4179.817398691465: Sending message <GossipMessage:16_1> to Peer_7:peer
Peer_12:peer INFO 4179.834635625788: Received message <GossipMessage:16_1> from Peer_7:peer
Peer_12:peer INFO 4179.927992482219: Received message <GossipMessage:16_1> from Peer_17:peer
Peer_12:peer INFO 4180.0044970077515: Received message <GossipMessage:16_1> from Peer_17:peer
Peer_12:peer INFO 4180.723273099828: Received message <GossipMessage:16_1> from Peer_17:peer
Peer_12:peer INFO 4180.723273099828: Sending message <GossipMessage:16_1> to Peer_25:peer
Peer_12:peer INFO 4180.723273099828: Sending message <GossipMessage:16_1> to Peer_7:peer
Peer_12:peer INFO 4180.774063707707: Received message <GossipMessage:16_1> from Peer_17:peer
Peer_12:peer INFO 4181.047350316273: Received message <GossipMessage:16_1> from Peer_25:peer
Peer_12:peer INFO 4200.466969902918: Received message <GossipMessage:17_1> from Peer_1:client
Peer_12:peer INFO 4200.466969902918: Sending message <GossipMessage:17_1> to Peer_25:peer
Peer_12:peer INFO 4200.466969902918: Sending message <GossipMessage:17_1> to Peer_17:peer
Peer_12:peer INFO 4200.466969902918: Sending message <GossipMessage:17_1> to Peer_7:peer
Peer_12:peer INFO 4206.7022647456: Received message <GossipMessage:16_1> from Peer_17:peer
Peer_12:peer INFO 4230.468305553964: Received message <GossipMessage:16_1> from Peer_25:peer
Peer_12:peer INFO 4274.2470087791025: Received message <GossipMessage:17_1> from Peer_25:peer
Peer_12:peer INFO 4274.2470087791025: Sending message <GossipMessage:17_1> to Peer_7:peer
Peer_12:peer INFO 4274.2470087791025: Sending message <GossipMessage:17_1> to Peer_17:peer
Peer_12:peer INFO 4330.990912375211: Received message <GossipMessage:17_1> from Peer_7:peer
Peer_12:peer INFO 4330.990912375211: Sending message <GossipMessage:17_1> to Peer_17:peer
Peer_12:peer INFO 4330.990912375211: Sending message <GossipMessage:17_1> to Peer_25:peer
Peer_12:peer INFO 4331.367092448544: Received message <GossipMessage:17_1> from Peer_7:peer
Peer_12:peer INFO 4379.72160022516: Received message <GossipMessage:17_1> from Peer_7:peer
Peer_12:peer INFO 4380.658596937397: Received message <GossipMessage:17_1> from Peer_25:peer
Peer_12:peer INFO 4380.948101274643: Received message <GossipMessage:17_1> from Peer_7:peer
Peer_12:peer INFO 4381.172304697862: Received message <GossipMessage:17_1> from Peer_17:peer
Peer_12:peer INFO 4381.631519520982: Received message <GossipMessage:17_1> from Peer_25:peer
Peer_12:peer INFO 4400.521291255958: Received message <GossipMessage:18_1> from Peer_1:client
Peer_12:peer INFO 4400.521291255958: Sending message <GossipMessage:18_1> to Peer_25:peer
Peer_12:peer INFO 4400.521291255958: Sending message <GossipMessage:18_1> to Peer_17:peer
Peer_12:peer INFO 4400.521291255958: Sending message <GossipMessage:18_1> to Peer_7:peer
Peer_12:peer INFO 4403.599440024614: Received message <GossipMessage:17_1> from Peer_17:peer
Peer_12:peer INFO 4462.02685111875: Received message <GossipMessage:17_1> from Peer_7:peer
Peer_12:peer INFO 4475.289627100286: Received message <GossipMessage:18_1> from Peer_25:peer
Peer_12:peer INFO 4500: Sending message <Ping:> to Peer_26:bootstrap
Peer_12:peer INFO 4500.48871679599: Received message <Ping:> from Peer_1:client
Peer_12:peer INFO 4500.48871679599: Sending message <Pong:> to Peer_1:client
Peer_12:peer INFO 4500.578470668681: Received message <Ping:> from Peer_26:bootstrap
Peer_12:peer INFO 4500.578470668681: Sending message <Pong:> to Peer_26:bootstrap
Peer_12:peer INFO 4500.953488592385: Received message <Pong:> from Peer_26:bootstrap
Peer_12:peer INFO 4530.914264554933: Received message <GossipMessage:18_1> from Peer_7:peer
Peer_12:peer INFO 4530.914264554933: Sending message <GossipMessage:18_1> to Peer_25:peer
Peer_12:peer INFO 4530.914264554933: Sending message <GossipMessage:18_1> to Peer_17:peer
Peer_12:peer INFO 4531.565958489036: Received message <GossipMessage:18_1> from Peer_7:peer
Peer_12:peer INFO 4579.817581701968: Received message <GossipMessage:18_1> from Peer_7:peer
Peer_12:peer INFO 4580.749473754651: Received message <GossipMessage:18_1> from Peer_25:peer
Peer_12:peer INFO 4581.335435188665: Received message <GossipMessage:18_1> from Peer_17:peer
Peer_12:peer INFO 4600.477352852337: Received message <GossipMessage:19_1> from Peer_1:client
Peer_12:peer INFO 4600.477352852337: Sending message <GossipMessage:19_1> to Peer_25:peer
Peer_12:peer INFO 4600.477352852337: Sending message <GossipMessage:19_1> to Peer_17:peer
Peer_12:peer INFO 4600.477352852337: Sending message <GossipMessage:19_1> to Peer_7:peer
Peer_12:peer INFO 4661.997442779448: Received message <GossipMessage:18_1> from Peer_7:peer
Peer_12:peer INFO 4687.313893662351: Received message <GossipMessage:18_1> from Peer_17:peer
Peer_12:peer INFO 4731.172775969414: Received message <GossipMessage:19_1> from Peer_7:peer
Peer_12:peer INFO 4731.172775969414: Sending message <GossipMessage:19_1> to Peer_17:peer
Peer_12:peer INFO 4731.172775969414: Sending message <GossipMessage:19_1> to Peer_25:peer
Peer_12:peer INFO 4731.615422689439: Received message <GossipMessage:19_1> from Peer_7:peer
Peer_12:peer INFO 4731.615422689439: Sending message <GossipMessage:19_1> to Peer_25:peer
Peer_12:peer INFO 4731.615422689439: Sending message <GossipMessage:19_1> to Peer_17:peer
Peer_12:peer INFO 4732.004660173399: Received message <GossipMessage:19_1> from Peer_7:peer
Peer_12:peer INFO 4780.137153844272: Received message <GossipMessage:19_1> from Peer_25:peer
Peer_12:peer INFO 4780.176961762551: Received message <GossipMessage:19_1> from Peer_7:peer
Peer_12:peer INFO 4780.425785753304: Received message <GossipMessage:19_1> from Peer_17:peer
Peer_12:peer INFO 4781.783280886375: Received message <GossipMessage:19_1> from Peer_17:peer
Peer_12:peer INFO 4804.26405745288: Received message <GossipMessage:19_1> from Peer_17:peer
Peer_12:peer INFO 4872.230394563732: Received message <GossipMessage:20_1> from Peer_25:peer
Peer_12:peer INFO 4872.230394563732: Sending message <GossipMessage:20_1> to Peer_7:peer
Peer_12:peer INFO 4872.230394563732: Sending message <GossipMessage:20_1> to Peer_17:peer
Peer_12:peer INFO 4875.045533411689: Received message <GossipMessage:20_1> from Peer_25:peer
Peer_12:peer INFO 4931.262868550683: Received message <GossipMessage:20_1> from Peer_7:peer
Peer_12:peer INFO 4931.262868550683: Sending message <GossipMessage:20_1> to Peer_17:peer
Peer_12:peer INFO 4931.262868550683: Sending message <GossipMessage:20_1> to Peer_25:peer
Peer_12:peer INFO 4931.398695448622: Received message <GossipMessage:20_1> from Peer_7:peer
Peer_12:peer INFO 4931.398695448622: Sending message <GossipMessage:20_1> to Peer_25:peer
Peer_12:peer INFO 4931.398695448622: Sending message <GossipMessage:20_1> to Peer_17:peer
Peer_12:peer INFO 4931.513773019096: Received message <GossipMessage:20_1> from Peer_17:peer
Peer_12:peer INFO 4979.426865624599: Received message <GossipMessage:20_1> from Peer_17:peer
Peer_12:peer INFO 4979.426865624599: Sending message <GossipMessage:20_1> to Peer_7:peer
Peer_12:peer INFO 4979.426865624599: Sending message <GossipMessage:20_1> to Peer_25:peer
Peer_12:peer INFO 4979.68945851956: Received message <GossipMessage:20_1> from Peer_7:peer
Peer_12:peer INFO 4981.176779498177: Received message <GossipMessage:20_1> from Peer_25:peer
Peer_12:peer INFO 5000.532470059824: Received message <GossipMessage:21_1> from Peer_1:client
Peer_12:peer INFO 5000.532470059824: Sending message <GossipMessage:21_1> to Peer_17:peer
Peer_12:peer INFO 5000.532470059824: Sending message <GossipMessage:21_1> to Peer_25:peer
Peer_12:peer INFO 5000.532470059824: Sending message <GossipMessage:21_1> to Peer_7:peer
Peer_12:peer INFO 5030.7178002839955: Received message <GossipMessage:20_1> from Peer_25:peer
Peer_12:peer INFO 5074.7410755436285: Received message <GossipMessage:21_1> from Peer_25:peer
Peer_12:peer INFO 5074.798874713677: Received message <GossipMessage:21_1> from Peer_25:peer
Peer_12:peer INFO 5074.798874713677: Sending message <GossipMessage:21_1> to Peer_17:peer
Peer_12:peer INFO 5074.798874713677: Sending message <GossipMessage:21_1> to Peer_7:peer
Peer_12:peer INFO 5179.830589721459: Received message <GossipMessage:21_1> from Peer_17:peer
Peer_12:peer INFO 5179.830589721459: Sending message <GossipMessage:21_1> to Peer_25:peer
Peer_12:peer INFO 5179.830589721459: Sending message <GossipMessage:21_1> to Peer_7:peer
Peer_12:peer INFO 5180.486935372501: Received message <GossipMessage:21_1> from Peer_17:peer
Peer_12:peer INFO 5181.011777326012: Received message <GossipMessage:21_1> from Peer_17:peer
Peer_12:peer INFO 5181.133296778126: Received message <GossipMessage:21_1> from Peer_25:peer
Peer_12:peer INFO 5181.192658845471: Received message <GossipMessage:21_1> from Peer_17:peer
Peer_12:peer INFO 5181.206681467963: Received message <GossipMessage:21_1> from Peer_7:peer
