Peer_5:peer WARNING 0: Not enough peers, fetching more (0, 4)
Peer_5:peer INFO 36.308480725129385: Connecting to Peer_26:bootstrap
Peer_5:peer INFO 72.64072795772444: Received message <RequestPeers:> from Peer_26:bootstrap
Peer_5:peer INFO 72.64072795772444: Sending message <PeerList> to Peer_26:bootstrap
Peer_5:peer INFO 73.50062258487714: Received message <Hello:> from Peer_26:bootstrap
Peer_5:peer WARNING 500: Not enough peers, fetching more (1, 4)
Peer_5:peer INFO 500: Sending message <RequestPeers:> to Peer_26:bootstrap
Peer_5:peer INFO 574.2702777792188: Received message <PeerList> from Peer_26:bootstrap
Peer_5:peer WARNING 1000: Not enough peers, fetching more (1, 4)
Peer_5:peer INFO 1000: Sending message <RequestPeers:> to Peer_26:bootstrap
Peer_5:peer INFO 1000.2258965075932: Received message <Hello:> from Peer_20:peer
Peer_5:peer INFO 1000.2258965075932: Connecting to Peer_20:peer
Peer_5:peer INFO 1000.2258965075932: Sending message <Hello:> to Peer_20:peer
Peer_5:peer INFO 1000.2258965075932: Sending message <RequestPeers:> to Peer_20:peer
Peer_5:peer INFO 1000.6696726172376: Received message <PeerList> from Peer_20:peer
Peer_5:peer INFO 1073.614098580602: Received message <PeerList> from Peer_26:bootstrap
Peer_5:peer INFO 1077.9763019893605: Connecting to Peer_17:peer
Peer_5:peer INFO 1155.9698390214423: Received message <Hello:> from Peer_17:peer
Peer_5:peer INFO 1155.9935345643662: Received message <RequestPeers:> from Peer_17:peer
Peer_5:peer INFO 1155.9935345643662: Sending message <PeerList> to Peer_17:peer
Peer_5:peer INFO 1499.4275831075495: Received message <GossipMessage:2_1> from Peer_17:peer
Peer_5:peer WARNING 1500: Not enough peers, fetching more (3, 4)
Peer_5:peer INFO 1500.2261202747522: Connecting to Peer_14:peer
Peer_5:peer INFO 1500.2332806367515: Received message <RequestPeers:> from Peer_20:peer
Peer_5:peer INFO 1500.2332806367515: Sending message <PeerList> to Peer_20:peer
Peer_5:peer INFO 1500.5058021474958: Received message <Hello:> from Peer_14:peer
Peer_5:peer INFO 1500.6095184673459: Received message <RequestPeers:> from Peer_14:peer
Peer_5:peer INFO 1500.6095184673459: Sending message <PeerList> to Peer_14:peer
Peer_5:peer INFO 1637.313903860149: Received message <GossipMessage:4_1> from Peer_20:peer
Peer_5:peer INFO 1637.4730513204447: Received message <GossipMessage:4_1> from Peer_20:peer
Peer_5:peer INFO 1637.6090404442991: Received message <GossipMessage:4_1> from Peer_14:peer
Peer_5:peer INFO 1743.8709778579962: Received message <GossipMessage:4_1> from Peer_20:peer
Peer_5:peer INFO 1743.8709778579962: Sending message <GossipMessage:4_1> to Peer_14:peer
Peer_5:peer INFO 1743.8709778579962: Sending message <GossipMessage:4_1> to Peer_17:peer
Peer_5:peer INFO 1792.972761439353: Received message <GossipMessage:4_1> from Peer_17:peer
Peer_5:peer INFO 1837.4135640564855: Received message <GossipMessage:5_1> from Peer_14:peer
Peer_5:peer INFO 1838.065417651041: Received message <GossipMessage:5_1> from Peer_20:peer
Peer_5:peer INFO 1838.0953815413588: Received message <GossipMessage:5_1> from Peer_14:peer
Peer_5:peer INFO 1899.7091587188243: Received message <GossipMessage:4_1> from Peer_17:peer
Peer_5:peer INFO 1943.6284799502794: Received message <GossipMessage:5_1> from Peer_20:peer
Peer_5:peer INFO 1943.6284799502794: Sending message <GossipMessage:5_1> to Peer_17:peer
Peer_5:peer INFO 1943.6284799502794: Sending message <GossipMessage:5_1> to Peer_14:peer
Peer_5:peer INFO 2000: Sending message <Ping:> to Peer_26:bootstrap
Peer_5:peer INFO 2000.265213155991: Received message <Hello:> from Peer_25:peer
Peer_5:peer INFO 2000.265213155991: Connecting to Peer_25:peer
Peer_5:peer INFO 2000.265213155991: Sending message <Hello:> to Peer_25:peer
Peer_5:peer INFO 2000.265213155991: Sending message <RequestPeers:> to Peer_25:peer
Peer_5:peer INFO 2000.7121225037567: Received message <PeerList> from Peer_25:peer
Peer_5:peer INFO 2036.7056740789008: Received message <Ping:> from Peer_26:bootstrap
Peer_5:peer INFO 2036.7056740789008: Sending message <Pong:> to Peer_26:bootstrap
Peer_5:peer INFO 2037.6871138733625: Received message <GossipMessage:6_1> from Peer_14:peer
Peer_5:peer INFO 2037.7428571409077: Received message <GossipMessage:6_1> from Peer_20:peer
Peer_5:peer INFO 2073.4397605513077: Received message <Pong:> from Peer_26:bootstrap
Peer_5:peer INFO 2099.391903187737: Received message <GossipMessage:5_1> from Peer_17:peer
Peer_5:peer INFO 2143.9964483059484: Received message <GossipMessage:6_1> from Peer_20:peer
Peer_5:peer INFO 2143.9964483059484: Sending message <GossipMessage:6_1> to Peer_25:peer
Peer_5:peer INFO 2143.9964483059484: Sending message <GossipMessage:6_1> to Peer_14:peer
Peer_5:peer INFO 2143.9964483059484: Sending message <GossipMessage:6_1> to Peer_17:peer
Peer_5:peer INFO 2194.9461958097268: Received message <GossipMessage:6_1> from Peer_17:peer
Peer_5:peer INFO 2237.6419509744783: Received message <GossipMessage:7_1> from Peer_14:peer
Peer_5:peer INFO 2237.9788321323185: Received message <GossipMessage:7_1> from Peer_25:peer
Peer_5:peer INFO 2237.9788321323185: Sending message <GossipMessage:7_1> to Peer_17:peer
Peer_5:peer INFO 2237.9788321323185: Sending message <GossipMessage:7_1> to Peer_14:peer
Peer_5:peer INFO 2237.9788321323185: Sending message <GossipMessage:7_1> to Peer_20:peer
Peer_5:peer INFO 2238.1618240308594: Received message <GossipMessage:7_1> from Peer_20:peer
Peer_5:peer INFO 2343.5763276720327: Received message <GossipMessage:7_1> from Peer_20:peer
Peer_5:peer INFO 2343.5763276720327: Sending message <GossipMessage:7_1> to Peer_25:peer
Peer_5:peer INFO 2343.5763276720327: Sending message <GossipMessage:7_1> to Peer_14:peer
Peer_5:peer INFO 2343.5763276720327: Sending message <GossipMessage:7_1> to Peer_17:peer
Peer_5:peer INFO 2344.2366076292533: Received message <GossipMessage:7_1> from Peer_25:peer
Peer_5:peer INFO 2392.5499038353737: Received message <GossipMessage:7_1> from Peer_14:peer
Peer_5:peer INFO 2393.2031157349347: Received message <GossipMessage:7_1> from Peer_20:peer
Peer_5:peer INFO 2393.7070973449245: Received message <GossipMessage:7_1> from Peer_17:peer
Peer_5:peer INFO 2395.222638043633: Received message <GossipMessage:7_1> from Peer_17:peer
Peer_5:peer INFO 2437.704712478281: Received message <GossipMessage:8_1> from Peer_14:peer
Peer_5:peer INFO 2437.7054058921476: Received message <GossipMessage:8_1> from Peer_20:peer
Peer_5:peer INFO 2437.8221395607634: Received message <GossipMessage:8_1> from Peer_14:peer
Peer_5:peer INFO 2438.2540683088973: Received message <GossipMessage:8_1> from Peer_14:peer
Peer_5:peer INFO 2438.4632491563634: Received message <GossipMessage:8_1> from Peer_25:peer
Peer_5:peer INFO 2438.4632491563634: Sending message <GossipMessage:8_1> to Peer_20:peer
Peer_5:peer INFO 2438.4632491563634: Sending message <GossipMessage:8_1> to Peer_17:peer
Peer_5:peer INFO 2438.4632491563634: Sending message <GossipMessage:8_1> to Peer_14:peer
Peer_5:peer INFO 2543.7258034571087: Received message <GossipMessage:8_1> from Peer_20:peer
Peer_5:peer INFO 2543.7258034571087: Sending message <GossipMessage:8_1> to Peer_14:peer
Peer_5:peer INFO 2543.7258034571087: Sending message <GossipMessage:8_1> to Peer_25:peer
Peer_5:peer INFO 2543.7258034571087: Sending message <GossipMessage:8_1> to Peer_17:peer
Peer_5:peer INFO 2544.192300346697: Received message <GossipMessage:8_1> from Peer_25:peer
Peer_5:peer INFO 2593.193297847645: Received message <GossipMessage:8_1> from Peer_17:peer
Peer_5:peer INFO 2593.5734700946095: Received message <GossipMessage:8_1> from Peer_20:peer
Peer_5:peer INFO 2637.0069109043284: Received message <GossipMessage:9_1> from Peer_25:peer
Peer_5:peer INFO 2637.0069109043284: Sending message <GossipMessage:9_1> to Peer_17:peer
Peer_5:peer INFO 2637.0069109043284: Sending message <GossipMessage:9_1> to Peer_14:peer
Peer_5:peer INFO 2637.0069109043284: Sending message <GossipMessage:9_1> to Peer_20:peer
Peer_5:peer INFO 2637.3259727378313: Received message <GossipMessage:9_1> from Peer_14:peer
Peer_5:peer INFO 2637.4226324485912: Received message <GossipMessage:9_1> from Peer_14:peer
Peer_5:peer INFO 2637.4226324485912: Sending message <GossipMessage:9_1> to Peer_25:peer
Peer_5:peer INFO 2637.4226324485912: Sending message <GossipMessage:9_1> to Peer_17:peer
Peer_5:peer INFO 2637.4226324485912: Sending message <GossipMessage:9_1> to Peer_20:peer
Peer_5:peer INFO 2637.7534317004847: Received message <GossipMessage:9_1> from Peer_14:peer
Peer_5:peer INFO 2637.7998761241097: Received message <GossipMessage:9_1> from Peer_14:peer
Peer_5:peer INFO 2638.003244184273: Received message <GossipMessage:9_1> from Peer_14:peer
Peer_5:peer INFO 2638.003244184273: Sending message <GossipMessage:9_1> to Peer_17:peer
Peer_5:peer INFO 2638.003244184273: Sending message <GossipMessage:9_1> to Peer_25:peer
Peer_5:peer INFO 2638.003244184273: Sending message <GossipMessage:9_1> to Peer_20:peer
Peer_5:peer INFO 2699.5819391563646: Received message <GossipMessage:8_1> from Peer_17:peer
Peer_5:peer INFO 2744.0454801077576: Received message <GossipMessage:9_1> from Peer_20:peer
Peer_5:peer INFO 2744.0454801077576: Sending message <GossipMessage:9_1> to Peer_25:peer
Peer_5:peer INFO 2744.0454801077576: Sending message <GossipMessage:9_1> to Peer_17:peer
Peer_5:peer INFO 2744.0454801077576: Sending message <GossipMessage:9_1> to Peer_14:peer
Peer_5:peer INFO 2744.1561863485795: Received message <GossipMessage:9_1> from Peer_17:peer
Peer_5:peer INFO 2744.1561863485795: Sending message <GossipMessage:9_1> to Peer_25:peer
Peer_5:peer INFO 2744.1561863485795: Sending message <GossipMessage:9_1> to Peer_14:peer
Peer_5:peer INFO 2744.1561863485795: Sending message <GossipMessage:9_1> to Peer_20:peer
Peer_5:peer INFO 2744.243140667439: Received message <GossipMessage:9_1> from Peer_25:peer
Peer_5:peer INFO 2792.4482892240576: Received message <GossipMessage:9_1> from Peer_14:peer
Peer_5:peer INFO 2792.692873054112: Received message <GossipMessage:9_1> from Peer_17:peer
Peer_5:peer INFO 2792.8825883030745: Received message <GossipMessage:9_1> from Peer_20:peer
Peer_5:peer INFO 2793.194420035649: Received message <GossipMessage:9_1> from Peer_14:peer
Peer_5:peer INFO 2793.607802868691: Received message <GossipMessage:9_1> from Peer_17:peer
Peer_5:peer INFO 2817.441668762884: Received message <GossipMessage:9_1> from Peer_17:peer
Peer_5:peer INFO 2836.8827813995927: Received message <GossipMessage:10_1> from Peer_20:peer
Peer_5:peer INFO 2836.901571733231: Received message <GossipMessage:10_1> from Peer_14:peer
Peer_5:peer INFO 2836.901571733231: Sending message <GossipMessage:10_1> to Peer_20:peer
Peer_5:peer INFO 2836.901571733231: Sending message <GossipMessage:10_1> to Peer_17:peer
Peer_5:peer INFO 2836.901571733231: Sending message <GossipMessage:10_1> to Peer_25:peer
Peer_5:peer INFO 2837.112031870608: Received message <GossipMessage:10_1> from Peer_14:peer
Peer_5:peer INFO 2837.3394303183245: Received message <GossipMessage:10_1> from Peer_20:peer
Peer_5:peer INFO 2837.3394303183245: Sending message <GossipMessage:10_1> to Peer_14:peer
Peer_5:peer INFO 2837.3394303183245: Sending message <GossipMessage:10_1> to Peer_17:peer
Peer_5:peer INFO 2837.3394303183245: Sending message <GossipMessage:10_1> to Peer_25:peer
Peer_5:peer INFO 2837.5477455645255: Received message <GossipMessage:10_1> from Peer_14:peer
Peer_5:peer INFO 2837.5477455645255: Sending message <GossipMessage:10_1> to Peer_25:peer
Peer_5:peer INFO 2837.5477455645255: Sending message <GossipMessage:10_1> to Peer_17:peer
Peer_5:peer INFO 2837.5477455645255: Sending message <GossipMessage:10_1> to Peer_20:peer
Peer_5:peer INFO 2837.8896068578697: Received message <GossipMessage:10_1> from Peer_25:peer
Peer_5:peer INFO 2837.8896068578697: Sending message <GossipMessage:10_1> to Peer_14:peer
Peer_5:peer INFO 2837.8896068578697: Sending message <GossipMessage:10_1> to Peer_20:peer
Peer_5:peer INFO 2837.8896068578697: Sending message <GossipMessage:10_1> to Peer_17:peer
Peer_5:peer INFO 2899.5856696024307: Received message <GossipMessage:9_1> from Peer_17:peer
Peer_5:peer INFO 2943.8523638361517: Received message <GossipMessage:10_1> from Peer_20:peer
Peer_5:peer INFO 2943.8523638361517: Sending message <GossipMessage:10_1> to Peer_14:peer
Peer_5:peer INFO 2943.8523638361517: Sending message <GossipMessage:10_1> to Peer_17:peer
Peer_5:peer INFO 2943.8523638361517: Sending message <GossipMessage:10_1> to Peer_25:peer
Peer_5:peer INFO 2943.906011536123: Received message <GossipMessage:10_1> from Peer_17:peer
Peer_5:peer INFO 2943.906011536123: Sending message <GossipMessage:10_1> to Peer_20:peer
Peer_5:peer INFO 2943.906011536123: Sending message <GossipMessage:10_1> to Peer_14:peer
Peer_5:peer INFO 2943.906011536123: Sending message <GossipMessage:10_1> to Peer_25:peer
Peer_5:peer INFO 2944.0513178216247: Received message <GossipMessage:10_1> from Peer_25:peer
Peer_5:peer INFO 2992.503133175305: Received message <GossipMessage:10_1> from Peer_17:peer
Peer_5:peer INFO 2992.503133175305: Sending message <GossipMessage:10_1> to Peer_25:peer
Peer_5:peer INFO 2992.503133175305: Sending message <GossipMessage:10_1> to Peer_20:peer
Peer_5:peer INFO 2992.503133175305: Sending message <GossipMessage:10_1> to Peer_14:peer
Peer_5:peer INFO 2992.7689191186832: Received message <GossipMessage:10_1> from Peer_25:peer
Peer_5:peer INFO 2992.772518197562: Received message <GossipMessage:10_1> from Peer_20:peer
Peer_5:peer INFO 2993.2918840335774: Received message <GossipMessage:10_1> from Peer_14:peer
Peer_5:peer INFO 3000: Sending message <Ping:> to Peer_26:bootstrap
Peer_5:peer INFO 3036.618621831355: Received message <Ping:> from Peer_26:bootstrap
Peer_5:peer INFO 3036.618621831355: Sending message <Pong:> to Peer_26:bootstrap
Peer_5:peer INFO 3036.889091075392: Received message <GossipMessage:11_1> from Peer_14:peer
Peer_5:peer INFO 3037.0055080237325: Received message <GossipMessage:11_1> from Peer_20:peer
Peer_5:peer INFO 3037.0055080237325: Sending message <GossipMessage:11_1> to Peer_14:peer
Peer_5:peer INFO 3037.0055080237325: Sending message <GossipMessage:11_1> to Peer_25:peer
Peer_5:peer INFO 3037.0055080237325: Sending message <GossipMessage:11_1> to Peer_17:peer
Peer_5:peer INFO 3037.5048186738404: Received message <GossipMessage:11_1> from Peer_20:peer
Peer_5:peer INFO 3037.582188650742: Received message <GossipMessage:11_1> from Peer_25:peer
Peer_5:peer INFO 3037.582188650742: Sending message <GossipMessage:11_1> to Peer_20:peer
Peer_5:peer INFO 3037.582188650742: Sending message <GossipMessage:11_1> to Peer_14:peer
Peer_5:peer INFO 3037.582188650742: Sending message <GossipMessage:11_1> to Peer_17:peer
Peer_5:peer INFO 3037.767481912689: Received message <GossipMessage:11_1> from Peer_14:peer
Peer_5:peer INFO 3073.168151155713: Received message <Pong:> from Peer_26:bootstrap
Peer_5:peer INFO 3099.503951013106: Received message <GossipMessage:10_1> from Peer_17:peer
Peer_5:peer INFO 3143.883296820857: Received message <GossipMessage:11_1> from Peer_20:peer
Peer_5:peer INFO 3143.883296820857: Sending message <GossipMessage:11_1> to Peer_17:peer
Peer_5:peer INFO 3143.883296820857: Sending message <GossipMessage:11_1> to Peer_25:peer
Peer_5:peer INFO 3143.883296820857: Sending message <GossipMessage:11_1> to Peer_14:peer
Peer_5:peer INFO 3144.2070350676727: Received message <GossipMessage:11_1> from Peer_25:peer
Peer_5:peer INFO 3192.258154788437: Received message <GossipMessage:11_1> from Peer_17:peer
Peer_5:peer INFO 3192.258154788437: Sending message <GossipMessage:11_1> to Peer_20:peer
Peer_5:peer INFO 3192.258154788437: Sending message <GossipMessage:11_1> to Peer_14:peer
Peer_5:peer INFO 3192.258154788437: Sending message <GossipMessage:11_1> to Peer_25:peer
Peer_5:peer INFO 3192.5342063999246: Received message <GossipMessage:11_1> from Peer_25:peer
Peer_5:peer INFO 3192.555354493591: Received message <GossipMessage:11_1> from Peer_20:peer
Peer_5:peer INFO 3192.800154325018: Received message <GossipMessage:11_1> from Peer_14:peer
Peer_5:peer INFO 3193.1328666698223: Received message <GossipMessage:11_1> from Peer_14:peer
Peer_5:peer INFO 3193.405444766664: Received message <GossipMessage:11_1> from Peer_17:peer
Peer_5:peer INFO 3216.74010448168: Received message <GossipMessage:11_1> from Peer_17:peer
Peer_5:peer INFO 3237.1241236774736: Received message <GossipMessage:12_1> from Peer_14:peer
Peer_5:peer INFO 3237.1241236774736: Sending message <GossipMessage:12_1> to Peer_20:peer
Peer_5:peer INFO 3237.1241236774736: Sending message <GossipMessage:12_1> to Peer_17:peer
Peer_5:peer INFO 3237.1241236774736: Sending message <GossipMessage:12_1> to Peer_25:peer
Peer_5:peer INFO 3237.9019010528023: Received message <GossipMessage:12_1> from Peer_25:peer
Peer_5:peer INFO 3237.9019010528023: Sending message <GossipMessage:12_1> to Peer_17:peer
Peer_5:peer INFO 3237.9019010528023: Sending message <GossipMessage:12_1> to Peer_14:peer
Peer_5:peer INFO 3237.9019010528023: Sending message <GossipMessage:12_1> to Peer_20:peer
Peer_5:peer INFO 3237.9730208543883: Received message <GossipMessage:12_1> from Peer_20:peer
Peer_5:peer INFO 3299.5899032836132: Received message <GossipMessage:11_1> from Peer_17:peer
Peer_5:peer INFO 3343.7685483993205: Received message <GossipMessage:12_1> from Peer_20:peer
Peer_5:peer INFO 3343.7685483993205: Sending message <GossipMessage:12_1> to Peer_25:peer
Peer_5:peer INFO 3343.7685483993205: Sending message <GossipMessage:12_1> to Peer_17:peer
Peer_5:peer INFO 3343.7685483993205: Sending message <GossipMessage:12_1> to Peer_14:peer
Peer_5:peer INFO 3343.788112249512: Received message <GossipMessage:12_1> from Peer_25:peer
Peer_5:peer INFO 3344.129965163295: Received message <GossipMessage:12_1> from Peer_25:peer
Peer_5:peer INFO 3392.161004582821: Received message <GossipMessage:12_1> from Peer_14:peer
Peer_5:peer INFO 3392.6563914957055: Received message <GossipMessage:12_1> from Peer_17:peer
Peer_5:peer INFO 3392.6563914957055: Sending message <GossipMessage:12_1> to Peer_25:peer
Peer_5:peer INFO 3392.6563914957055: Sending message <GossipMessage:12_1> to Peer_14:peer
Peer_5:peer INFO 3392.6563914957055: Sending message <GossipMessage:12_1> to Peer_20:peer
Peer_5:peer INFO 3392.768628086585: Received message <GossipMessage:12_1> from Peer_20:peer
Peer_5:peer INFO 3416.98218924381: Received message <GossipMessage:12_1> from Peer_17:peer
Peer_5:peer INFO 3436.630974600122: Received message <GossipMessage:13_1> from Peer_20:peer
Peer_5:peer INFO 3437.4181118725814: Received message <GossipMessage:13_1> from Peer_20:peer
Peer_5:peer INFO 3437.4181118725814: Sending message <GossipMessage:13_1> to Peer_25:peer
Peer_5:peer INFO 3437.4181118725814: Sending message <GossipMessage:13_1> to Peer_14:peer
Peer_5:peer INFO 3437.4181118725814: Sending message <GossipMessage:13_1> to Peer_17:peer
Peer_5:peer INFO 3437.6686048104793: Received message <GossipMessage:13_1> from Peer_25:peer
Peer_5:peer INFO 3437.6686048104793: Sending message <GossipMessage:13_1> to Peer_14:peer
Peer_5:peer INFO 3437.6686048104793: Sending message <GossipMessage:13_1> to Peer_20:peer
Peer_5:peer INFO 3437.6686048104793: Sending message <GossipMessage:13_1> to Peer_17:peer
Peer_5:peer INFO 3437.7044050846603: Received message <GossipMessage:13_1> from Peer_14:peer
Peer_5:peer INFO 3438.238552106813: Received message <GossipMessage:13_1> from Peer_14:peer
Peer_5:peer INFO 3438.358258643888: Received message <GossipMessage:13_1> from Peer_14:peer
Peer_5:peer INFO 3438.358258643888: Sending message <GossipMessage:13_1> to Peer_20:peer
Peer_5:peer INFO 3438.358258643888: Sending message <GossipMessage:13_1> to Peer_25:peer
Peer_5:peer INFO 3438.358258643888: Sending message <GossipMessage:13_1> to Peer_17:peer
Peer_5:peer INFO 3438.8502966132387: Received message <GossipMessage:13_1> from Peer_14:peer
Peer_5:peer INFO 3438.8502966132387: Sending message <GossipMessage:13_1> to Peer_20:peer
Peer_5:peer INFO 3438.8502966132387: Sending message <GossipMessage:13_1> to Peer_25:peer
Peer_5:peer INFO 3438.8502966132387: Sending message <GossipMessage:13_1> to Peer_17:peer
Peer_5:peer INFO 3438.880572393441: Received message <GossipMessage:13_1> from Peer_20:peer
Peer_5:peer INFO 3499.3209015756743: Received message <GossipMessage:12_1> from Peer_17:peer
Peer_5:peer INFO 3543.3654496172303: Received message <GossipMessage:13_1> from Peer_20:peer
Peer_5:peer INFO 3543.3654496172303: Sending message <GossipMessage:13_1> to Peer_14:peer
Peer_5:peer INFO 3543.3654496172303: Sending message <GossipMessage:13_1> to Peer_25:peer
Peer_5:peer INFO 3543.3654496172303: Sending message <GossipMessage:13_1> to Peer_17:peer
Peer_5:peer INFO 3543.9252386332223: Received message <GossipMessage:13_1> from Peer_25:peer
Peer_5:peer INFO 3544.161708887763: Received message <GossipMessage:13_1> from Peer_25:peer
Peer_5:peer INFO 3568.113884900505: Received message <GossipMessage:13_1> from Peer_25:peer
Peer_5:peer INFO 3592.9561138295103: Received message <GossipMessage:13_1> from Peer_14:peer
Peer_5:peer INFO 3593.1813095418556: Received message <GossipMessage:13_1> from Peer_20:peer
Peer_5:peer INFO 3593.2106235274478: Received message <GossipMessage:13_1> from Peer_25:peer
Peer_5:peer INFO 3593.4279239383604: Received message <GossipMessage:13_1> from Peer_17:peer
Peer_5:peer INFO 3594.5863247610346: Received message <GossipMessage:13_1> from Peer_14:peer
Peer_5:peer INFO 3616.939291274053: Received message <GossipMessage:13_1> from Peer_17:peer
Peer_5:peer INFO 3637.0343927784843: Received message <GossipMessage:14_1> from Peer_14:peer
Peer_5:peer INFO 3637.0343927784843: Sending message <GossipMessage:14_1> to Peer_25:peer
Peer_5:peer INFO 3637.0343927784843: Sending message <GossipMessage:14_1> to Peer_17:peer
Peer_5:peer INFO 3637.0343927784843: Sending message <GossipMessage:14_1> to Peer_20:peer
Peer_5:peer INFO 3637.8923706458213: Received message <GossipMessage:14_1> from Peer_20:peer
Peer_5:peer INFO 3637.9150977698914: Received message <GossipMessage:14_1> from Peer_20:peer
Peer_5:peer INFO 3638.133698796242: Received message <GossipMessage:14_1> from Peer_14:peer
Peer_5:peer INFO 3638.2740791734554: Received message <GossipMessage:14_1> from Peer_25:peer
Peer_5:peer INFO 3638.2740791734554: Sending message <GossipMessage:14_1> to Peer_17:peer
Peer_5:peer INFO 3638.2740791734554: Sending message <GossipMessage:14_1> to Peer_20:peer
Peer_5:peer INFO 3638.2740791734554: Sending message <GossipMessage:14_1> to Peer_14:peer
Peer_5:peer INFO 3674.6583115782732: Received message <GossipMessage:13_1> from Peer_17:peer
Peer_5:peer INFO 3743.769618211985: Received message <GossipMessage:14_1> from Peer_14:peer
Peer_5:peer INFO 3743.769618211985: Sending message <GossipMessage:14_1> to Peer_20:peer
Peer_5:peer INFO 3743.769618211985: Sending message <GossipMessage:14_1> to Peer_25:peer
Peer_5:peer INFO 3743.769618211985: Sending message <GossipMessage:14_1> to Peer_17:peer
Peer_5:peer INFO 3743.7883079187973: Received message <GossipMessage:14_1> from Peer_20:peer
Peer_5:peer INFO 3743.7883079187973: Sending message <GossipMessage:14_1> to Peer_14:peer
Peer_5:peer INFO 3743.7883079187973: Sending message <GossipMessage:14_1> to Peer_25:peer
Peer_5:peer INFO 3743.7883079187973: Sending message <GossipMessage:14_1> to Peer_17:peer
Peer_5:peer INFO 3743.9176987186056: Received message <GossipMessage:14_1> from Peer_17:peer
Peer_5:peer INFO 3743.9176987186056: Sending message <GossipMessage:14_1> to Peer_20:peer
Peer_5:peer INFO 3743.9176987186056: Sending message <GossipMessage:14_1> to Peer_14:peer
Peer_5:peer INFO 3743.9176987186056: Sending message <GossipMessage:14_1> to Peer_25:peer
Peer_5:peer INFO 3743.933869698672: Received message <GossipMessage:14_1> from Peer_25:peer
Peer_5:peer INFO 3768.1850161053926: Received message <GossipMessage:14_1> from Peer_25:peer
Peer_5:peer INFO 3793.422968071349: Received message <GossipMessage:14_1> from Peer_14:peer
Peer_5:peer INFO 3817.64402780868: Received message <GossipMessage:14_1> from Peer_17:peer
Peer_5:peer INFO 3836.488138912018: Received message <GossipMessage:15_1> from Peer_20:peer
Peer_5:peer INFO 3836.488138912018: Sending message <GossipMessage:15_1> to Peer_25:peer
Peer_5:peer INFO 3836.488138912018: Sending message <GossipMessage:15_1> to Peer_17:peer
Peer_5:peer INFO 3836.488138912018: Sending message <GossipMessage:15_1> to Peer_14:peer
Peer_5:peer INFO 3837.272727859902: Received message <GossipMessage:15_1> from Peer_25:peer
Peer_5:peer INFO 3837.272727859902: Sending message <GossipMessage:15_1> to Peer_20:peer
Peer_5:peer INFO 3837.272727859902: Sending message <GossipMessage:15_1> to Peer_14:peer
Peer_5:peer INFO 3837.272727859902: Sending message <GossipMessage:15_1> to Peer_17:peer
Peer_5:peer INFO 3837.393067814392: Received message <GossipMessage:15_1> from Peer_14:peer
Peer_5:peer INFO 3837.393067814392: Sending message <GossipMessage:15_1> to Peer_20:peer
Peer_5:peer INFO 3837.393067814392: Sending message <GossipMessage:15_1> to Peer_25:peer
Peer_5:peer INFO 3837.393067814392: Sending message <GossipMessage:15_1> to Peer_17:peer
Peer_5:peer INFO 3837.7942133657807: Received message <GossipMessage:15_1> from Peer_14:peer
Peer_5:peer INFO 3838.4038641652974: Received message <GossipMessage:15_1> from Peer_14:peer
Peer_5:peer INFO 3838.4234460728007: Received message <GossipMessage:15_1> from Peer_20:peer
Peer_5:peer INFO 3874.4565494962167: Received message <GossipMessage:14_1> from Peer_17:peer
Peer_5:peer INFO 3899.455020887247: Received message <GossipMessage:14_1> from Peer_17:peer
Peer_5:peer INFO 3943.758011075536: Received message <GossipMessage:15_1> from Peer_20:peer
Peer_5:peer INFO 3943.758011075536: Sending message <GossipMessage:15_1> to Peer_17:peer
Peer_5:peer INFO 3943.758011075536: Sending message <GossipMessage:15_1> to Peer_25:peer
Peer_5:peer INFO 3943.758011075536: Sending message <GossipMessage:15_1> to Peer_14:peer
Peer_5:peer INFO 3944.2531183523593: Received message <GossipMessage:15_1> from Peer_17:peer
Peer_5:peer INFO 3944.2531183523593: Sending message <GossipMessage:15_1> to Peer_25:peer
Peer_5:peer INFO 3944.2531183523593: Sending message <GossipMessage:15_1> to Peer_20:peer
Peer_5:peer INFO 3944.2531183523593: Sending message <GossipMessage:15_1> to Peer_14:peer
Peer_5:peer INFO 3968.019128996975: Received message <GossipMessage:15_1> from Peer_25:peer
Peer_5:peer INFO 3993.050937780175: Received message <GossipMessage:15_1> from Peer_17:peer
Peer_5:peer INFO 3994.2964835526136: Received message <GossipMessage:15_1> from Peer_14:peer
Peer_5:peer INFO 4000: Sending message <Ping:> to Peer_26:bootstrap
Peer_5:peer INFO 4036.337262102899: Received message <GossipMessage:16_1> from Peer_25:peer
Peer_5:peer INFO 4036.337262102899: Sending message <GossipMessage:16_1> to Peer_17:peer
Peer_5:peer INFO 4036.337262102899: Sending message <GossipMessage:16_1> to Peer_20:peer
Peer_5:peer INFO 4036.337262102899: Sending message <GossipMessage:16_1> to Peer_14:peer
Peer_5:peer INFO 4036.42558150132: Received message <GossipMessage:16_1> from Peer_14:peer
Peer_5:peer INFO 4036.42558150132: Sending message <GossipMessage:16_1> to Peer_17:peer
Peer_5:peer INFO 4036.42558150132: Sending message <GossipMessage:16_1> to Peer_25:peer
Peer_5:peer INFO 4036.42558150132: Sending message <GossipMessage:16_1> to Peer_20:peer
Peer_5:peer INFO 4036.5061530897337: Received message <Ping:> from Peer_26:bootstrap
Peer_5:peer INFO 4036.5061530897337: Sending message <Pong:> to Peer_26:bootstrap
Peer_5:peer INFO 4037.214970330939: Received message <GossipMessage:16_1> from Peer_14:peer
Peer_5:peer INFO 4037.3220737673428: Received message <GossipMessage:16_1> from Peer_20:peer
Peer_5:peer INFO 4037.45908757109: Received message <GossipMessage:16_1> from Peer_25:peer
Peer_5:peer INFO 4037.45908757109: Sending message <GossipMessage:16_1> to Peer_17:peer
Peer_5:peer INFO 4037.45908757109: Sending message <GossipMessage:16_1> to Peer_14:peer
Peer_5:peer INFO 4037.45908757109: Sending message <GossipMessage:16_1> to Peer_20:peer
Peer_5:peer INFO 4037.5478904270344: Received message <GossipMessage:16_1> from Peer_14:peer
Peer_5:peer INFO 4073.5785370791878: Received message <Pong:> from Peer_26:bootstrap
Peer_5:peer INFO 4144.250604527399: Received message <GossipMessage:16_1> from Peer_17:peer
Peer_5:peer INFO 4144.250604527399: Sending message <GossipMessage:16_1> to Peer_14:peer
Peer_5:peer INFO 4144.250604527399: Sending message <GossipMessage:16_1> to Peer_25:peer
Peer_5:peer INFO 4144.250604527399: Sending message <GossipMessage:16_1> to Peer_20:peer
Peer_5:peer INFO 4144.32482218802: Received message <GossipMessage:16_1> from Peer_14:peer
Peer_5:peer INFO 4144.520457667329: Received message <GossipMessage:16_1> from Peer_25:peer
Peer_5:peer INFO 4192.128954476629: Received message <GossipMessage:16_1> from Peer_17:peer
Peer_5:peer INFO 4192.128954476629: Sending message <GossipMessage:16_1> to Peer_25:peer
Peer_5:peer INFO 4192.128954476629: Sending message <GossipMessage:16_1> to Peer_14:peer
Peer_5:peer INFO 4192.128954476629: Sending message <GossipMessage:16_1> to Peer_20:peer
Peer_5:peer INFO 4192.919717569628: Received message <GossipMessage:16_1> from Peer_14:peer
Peer_5:peer INFO 4193.104139450295: Received message <GossipMessage:16_1> from Peer_17:peer
Peer_5:peer INFO 4193.521452505841: Received message <GossipMessage:16_1> from Peer_14:peer
Peer_5:peer INFO 4193.663023842433: Received message <GossipMessage:16_1> from Peer_20:peer
Peer_5:peer INFO 4193.698467506662: Received message <GossipMessage:16_1> from Peer_25:peer
Peer_5:peer INFO 4236.511647611501: Received message <GossipMessage:17_1> from Peer_20:peer
Peer_5:peer INFO 4237.5038442653495: Received message <GossipMessage:17_1> from Peer_14:peer
Peer_5:peer INFO 4238.049284034043: Received message <GossipMessage:17_1> from Peer_25:peer
Peer_5:peer INFO 4238.049284034043: Sending message <GossipMessage:17_1> to Peer_20:peer
Peer_5:peer INFO 4238.049284034043: Sending message <GossipMessage:17_1> to Peer_14:peer
Peer_5:peer INFO 4238.049284034043: Sending message <GossipMessage:17_1> to Peer_17:peer
Peer_5:peer INFO 4343.49889863009: Received message <GossipMessage:17_1> from Peer_14:peer
Peer_5:peer INFO 4343.49889863009: Sending message <GossipMessage:17_1> to Peer_20:peer
Peer_5:peer INFO 4343.49889863009: Sending message <GossipMessage:17_1> to Peer_17:peer
Peer_5:peer INFO 4343.49889863009: Sending message <GossipMessage:17_1> to Peer_25:peer
Peer_5:peer INFO 4343.985489685904: Received message <GossipMessage:17_1> from Peer_20:peer
Peer_5:peer INFO 4344.042947487685: Received message <GossipMessage:17_1> from Peer_25:peer
Peer_5:peer INFO 4344.0647620996415: Received message <GossipMessage:17_1> from Peer_20:peer
Peer_5:peer INFO 4344.0647620996415: Sending message <GossipMessage:17_1> to Peer_17:peer
Peer_5:peer INFO 4344.0647620996415: Sending message <GossipMessage:17_1> to Peer_25:peer
Peer_5:peer INFO 4344.0647620996415: Sending message <GossipMessage:17_1> to Peer_14:peer
Peer_5:peer INFO 4344.231226784995: Received message <GossipMessage:17_1> from Peer_25:peer
Peer_5:peer INFO 4367.545811881346: Received message <GossipMessage:17_1> from Peer_25:peer
Peer_5:peer INFO 4393.152938367367: Received message <GossipMessage:17_1> from Peer_17:peer
Peer_5:peer INFO 4393.152938367367: Sending message <GossipMessage:17_1> to Peer_25:peer
Peer_5:peer INFO 4393.152938367367: Sending message <GossipMessage:17_1> to Peer_20:peer
Peer_5:peer INFO 4393.152938367367: Sending message <GossipMessage:17_1> to Peer_14:peer
Peer_5:peer INFO 4417.958040686639: Received message <GossipMessage:17_1> from Peer_17:peer
Peer_5:peer INFO 4436.511478410117: Received message <GossipMessage:18_1> from Peer_14:peer
Peer_5:peer INFO 4436.511478410117: Sending message <GossipMessage:18_1> to Peer_20:peer
Peer_5:peer INFO 4436.511478410117: Sending message <GossipMessage:18_1> to Peer_17:peer
Peer_5:peer INFO 4436.511478410117: Sending message <GossipMessage:18_1> to Peer_25:peer
Peer_5:peer INFO 4437.189834449475: Received message <GossipMessage:18_1> from Peer_20:peer
Peer_5:peer INFO 4437.189834449475: Sending message <GossipMessage:18_1> to Peer_25:peer
Peer_5:peer INFO 4437.189834449475: Sending message <GossipMessage:18_1> to Peer_14:peer
Peer_5:peer INFO 4437.189834449475: Sending message <GossipMessage:18_1> to Peer_17:peer
Peer_5:peer INFO 4437.453313889593: Received message <GossipMessage:18_1> from Peer_14:peer
Peer_5:peer INFO 4437.94116142714: Received message <GossipMessage:18_1> from Peer_14:peer
Peer_5:peer INFO 4437.94116142714: Sending message <GossipMessage:18_1> to Peer_17:peer
Peer_5:peer INFO 4437.94116142714: Sending message <GossipMessage:18_1> to Peer_25:peer
Peer_5:peer INFO 4437.94116142714: Sending message <GossipMessage:18_1> to Peer_20:peer
Peer_5:peer INFO 4438.046964217404: Received message <GossipMessage:18_1> from Peer_20:peer
Peer_5:peer INFO 4438.343930618581: Received message <GossipMessage:18_1> from Peer_25:peer
Peer_5:peer INFO 4438.343930618581: Sending message <GossipMessage:18_1> to Peer_17:peer
Peer_5:peer INFO 4438.343930618581: Sending message <GossipMessage:18_1> to Peer_14:peer
Peer_5:peer INFO 4438.343930618581: Sending message <GossipMessage:18_1> to Peer_20:peer
Peer_5:peer INFO 4438.527453433025: Received message <GossipMessage:18_1> from Peer_14:peer
Peer_5:peer INFO 4474.52278085549: Received message <GossipMessage:17_1> from Peer_17:peer
Peer_5:peer INFO 4499.748282181429: Received message <GossipMessage:17_1> from Peer_17:peer
Peer_5:peer INFO 4543.932705650133: Received message <GossipMessage:18_1> from Peer_20:peer
Peer_5:peer INFO 4543.932705650133: Sending message <GossipMessage:18_1> to Peer_25:peer
Peer_5:peer INFO 4543.932705650133: Sending message <GossipMessage:18_1> to Peer_17:peer
Peer_5:peer INFO 4543.932705650133: Sending message <GossipMessage:18_1> to Peer_14:peer
Peer_5:peer INFO 4543.994020475821: Received message <GossipMessage:18_1> from Peer_20:peer
Peer_5:peer INFO 4544.071424663701: Received message <GossipMessage:18_1> from Peer_17:peer
Peer_5:peer INFO 4544.149857047363: Received message <GossipMessage:18_1> from Peer_17:peer
Peer_5:peer INFO 4544.149857047363: Sending message <GossipMessage:18_1> to Peer_20:peer
Peer_5:peer INFO 4544.149857047363: Sending message <GossipMessage:18_1> to Peer_14:peer
Peer_5:peer INFO 4544.149857047363: Sending message <GossipMessage:18_1> to Peer_25:peer
Peer_5:peer INFO 4544.418645110202: Received message <GossipMessage:18_1> from Peer_25:peer
Peer_5:peer INFO 4567.715648754888: Received message <GossipMessage:18_1> from Peer_25:peer
Peer_5:peer INFO 4592.261224361359: Received message <GossipMessage:18_1> from Peer_14:peer
Peer_5:peer INFO 4593.9107933594105: Received message <GossipMessage:18_1> from Peer_20:peer
Peer_5:peer INFO 4594.133295790427: Received message <GossipMessage:18_1> from Peer_17:peer
Peer_5:peer INFO 4615.784801923142: Received message <GossipMessage:18_1> from Peer_17:peer
Peer_5:peer INFO 4637.061348061897: Received message <GossipMessage:19_1> from Peer_25:peer
Peer_5:peer INFO 4637.061348061897: Sending message <GossipMessage:19_1> to Peer_14:peer
Peer_5:peer INFO 4637.061348061897: Sending message <GossipMessage:19_1> to Peer_20:peer
Peer_5:peer INFO 4637.061348061897: Sending message <GossipMessage:19_1> to Peer_17:peer
Peer_5:peer INFO 4637.467078919107: Received message <GossipMessage:19_1> from Peer_14:peer
Peer_5:peer INFO 4637.467078919107: Sending message <GossipMessage:19_1> to Peer_17:peer
Peer_5:peer INFO 4637.467078919107: Sending message <GossipMessage:19_1> to Peer_25:peer
Peer_5:peer INFO 4637.467078919107: Sending message <GossipMessage:19_1> to Peer_20:peer
Peer_5:peer INFO 4638.447743742898: Received message <GossipMessage:19_1> from Peer_25:peer
Peer_5:peer INFO 4638.447743742898: Sending message <GossipMessage:19_1> to Peer_14:peer
Peer_5:peer INFO 4638.447743742898: Sending message <GossipMessage:19_1> to Peer_20:peer
Peer_5:peer INFO 4638.447743742898: Sending message <GossipMessage:19_1> to Peer_17:peer
Peer_5:peer INFO 4674.508048230941: Received message <GossipMessage:18_1> from Peer_17:peer
Peer_5:peer INFO 4743.910608895489: Received message <GossipMessage:19_1> from Peer_17:peer
Peer_5:peer INFO 4743.910608895489: Sending message <GossipMessage:19_1> to Peer_20:peer
Peer_5:peer INFO 4743.910608895489: Sending message <GossipMessage:19_1> to Peer_14:peer
Peer_5:peer INFO 4743.910608895489: Sending message <GossipMessage:19_1> to Peer_25:peer
Peer_5:peer INFO 4744.05692331484: Received message <GossipMessage:19_1> from Peer_14:peer
Peer_5:peer INFO 4744.05692331484: Sending message <GossipMessage:19_1> to Peer_20:peer
Peer_5:peer INFO 4744.05692331484: Sending message <GossipMessage:19_1> to Peer_25:peer
Peer_5:peer INFO 4744.05692331484: Sending message <GossipMessage:19_1> to Peer_17:peer
Peer_5:peer INFO 4744.123315685437: Received message <GossipMessage:19_1> from Peer_25:peer
Peer_5:peer INFO 4768.878340651277: Received message <GossipMessage:19_1> from Peer_25:peer
Peer_5:peer INFO 4792.848161726617: Received message <GossipMessage:19_1> from Peer_17:peer
Peer_5:peer INFO 4792.848161726617: Sending message <GossipMessage:19_1> to Peer_14:peer
Peer_5:peer INFO 4792.848161726617: Sending message <GossipMessage:19_1> to Peer_20:peer
Peer_5:peer INFO 4792.848161726617: Sending message <GossipMessage:19_1> to Peer_25:peer
Peer_5:peer INFO 4793.253303619565: Received message <GossipMessage:19_1> from Peer_14:peer
Peer_5:peer INFO 4793.340353021806: Received message <GossipMessage:19_1> from Peer_17:peer
Peer_5:peer INFO 4793.340353021806: Sending message <GossipMessage:19_1> to Peer_25:peer
Peer_5:peer INFO 4793.340353021806: Sending message <GossipMessage:19_1> to Peer_14:peer
Peer_5:peer INFO 4793.340353021806: Sending message <GossipMessage:19_1> to Peer_20:peer
Peer_5:peer INFO 4793.634983272544: Received message <GossipMessage:19_1> from Peer_20:peer
Peer_5:peer INFO 4794.2136745529115: Received message <GossipMessage:19_1> from Peer_17:peer
Peer_5:peer INFO 4794.662549251328: Received message <GossipMessage:19_1> from Peer_14:peer
Peer_5:peer INFO 4816.581743006577: Received message <GossipMessage:19_1> from Peer_17:peer
Peer_5:peer INFO 4836.844447766437: Received message <GossipMessage:20_1> from Peer_20:peer
Peer_5:peer INFO 4836.844447766437: Sending message <GossipMessage:20_1> to Peer_14:peer
Peer_5:peer INFO 4836.844447766437: Sending message <GossipMessage:20_1> to Peer_17:peer
Peer_5:peer INFO 4836.844447766437: Sending message <GossipMessage:20_1> to Peer_25:peer
Peer_5:peer INFO 4836.938817032842: Received message <GossipMessage:20_1> from Peer_14:peer
Peer_5:peer INFO 4836.938817032842: Sending message <GossipMessage:20_1> to Peer_20:peer
Peer_5:peer INFO 4836.938817032842: Sending message <GossipMessage:20_1> to Peer_25:peer
Peer_5:peer INFO 4836.938817032842: Sending message <GossipMessage:20_1> to Peer_17:peer
Peer_5:peer INFO 4837.826374635332: Received message <GossipMessage:20_1> from Peer_20:peer
Peer_5:peer INFO 4838.160840540247: Received message <GossipMessage:20_1> from Peer_14:peer
Peer_5:peer INFO 4838.514059126151: Received message <GossipMessage:20_1> from Peer_20:peer
Peer_5:peer INFO 4838.532384753403: Received message <GossipMessage:20_1> from Peer_14:peer
Peer_5:peer INFO 4874.50015281931: Received message <GossipMessage:19_1> from Peer_17:peer
Peer_5:peer INFO 4943.858538982962: Received message <GossipMessage:20_1> from Peer_14:peer
Peer_5:peer INFO 4943.900383534914: Received message <GossipMessage:20_1> from Peer_20:peer
Peer_5:peer INFO 4944.29514860355: Received message <GossipMessage:20_1> from Peer_25:peer
Peer_5:peer INFO 4968.72661411026: Received message <GossipMessage:20_1> from Peer_25:peer
Peer_5:peer INFO 4993.921689747693: Received message <GossipMessage:20_1> from Peer_25:peer
Peer_5:peer INFO 5000: Sending message <Ping:> to Peer_26:bootstrap
Peer_5:peer INFO 5016.2548099608275: Received message <GossipMessage:20_1> from Peer_17:peer
Peer_5:peer INFO 5036.756539944251: Received message <Ping:> from Peer_26:bootstrap
Peer_5:peer INFO 5036.756539944251: Sending message <Pong:> to Peer_26:bootstrap
Peer_5:peer INFO 5037.138238050544: Received message <GossipMessage:21_1> from Peer_20:peer
Peer_5:peer INFO 5037.179526200746: Received message <GossipMessage:21_1> from Peer_14:peer
Peer_5:peer INFO 5037.38783927157: Received message <GossipMessage:21_1> from Peer_25:peer
Peer_5:peer INFO 5037.38783927157: Sending message <GossipMessage:21_1> to Peer_20:peer
Peer_5:peer INFO 5037.38783927157: Sending message <GossipMessage:21_1> to Peer_17:peer
Peer_5:peer INFO 5037.38783927157: Sending message <GossipMessage:21_1> to Peer_14:peer
Peer_5:peer INFO 5037.417868159842: Received message <GossipMessage:21_1> from Peer_14:peer
Peer_5:peer INFO 5037.543857061046: Received message <GossipMessage:21_1> from Peer_14:peer
Peer_5:peer INFO 5037.543857061046: Sending message <GossipMessage:21_1> to Peer_17:peer
Peer_5:peer INFO 5037.543857061046: Sending message <GossipMessage:21_1> to Peer_20:peer
Peer_5:peer INFO 5037.543857061046: Sending message <GossipMessage:21_1> to Peer_25:peer
Peer_5:peer INFO 5037.627552516313: Received message <GossipMessage:21_1> from Peer_25:peer
Peer_5:peer INFO 5037.627552516313: Sending message <GossipMessage:21_1> to Peer_20:peer
Peer_5:peer INFO 5037.627552516313: Sending message <GossipMessage:21_1> to Peer_14:peer
Peer_5:peer INFO 5037.627552516313: Sending message <GossipMessage:21_1> to Peer_17:peer
Peer_5:peer INFO 5037.6842609459445: Received message <GossipMessage:21_1> from Peer_14:peer
Peer_5:peer INFO 5037.6842609459445: Sending message <GossipMessage:21_1> to Peer_25:peer
Peer_5:peer INFO 5037.6842609459445: Sending message <GossipMessage:21_1> to Peer_20:peer
Peer_5:peer INFO 5037.6842609459445: Sending message <GossipMessage:21_1> to Peer_17:peer
Peer_5:peer INFO 5037.961591071455: Received message <GossipMessage:21_1> from Peer_14:peer
Peer_5:peer INFO 5073.059632624409: Received message <Pong:> from Peer_26:bootstrap
Peer_5:peer INFO 5074.77507546086: Received message <GossipMessage:20_1> from Peer_17:peer
Peer_5:peer INFO 5143.886470984731: Received message <GossipMessage:21_1> from Peer_17:peer
Peer_5:peer INFO 5143.911114377624: Received message <GossipMessage:21_1> from Peer_20:peer
Peer_5:peer INFO 5143.911114377624: Sending message <GossipMessage:21_1> to Peer_17:peer
Peer_5:peer INFO 5143.911114377624: Sending message <GossipMessage:21_1> to Peer_14:peer
Peer_5:peer INFO 5143.911114377624: Sending message <GossipMessage:21_1> to Peer_25:peer
Peer_5:peer INFO 5143.960844356319: Received message <GossipMessage:21_1> from Peer_17:peer
Peer_5:peer INFO 5143.960844356319: Sending message <GossipMessage:21_1> to Peer_25:peer
Peer_5:peer INFO 5143.960844356319: Sending message <GossipMessage:21_1> to Peer_20:peer
Peer_5:peer INFO 5143.960844356319: Sending message <GossipMessage:21_1> to Peer_14:peer
Peer_5:peer INFO 5144.0352859368595: Received message <GossipMessage:21_1> from Peer_20:peer
Peer_5:peer INFO 5144.195715746907: Received message <GossipMessage:21_1> from Peer_25:peer
Peer_5:peer INFO 5192.509271046215: Received message <GossipMessage:21_1> from Peer_17:peer
Peer_5:peer INFO 5192.509271046215: Sending message <GossipMessage:21_1> to Peer_14:peer
Peer_5:peer INFO 5192.509271046215: Sending message <GossipMessage:21_1> to Peer_20:peer
Peer_5:peer INFO 5192.509271046215: Sending message <GossipMessage:21_1> to Peer_25:peer
Peer_5:peer INFO 5192.828118161651: Received message <GossipMessage:21_1> from Peer_20:peer
Peer_5:peer INFO 5193.0157322707855: Received message <GossipMessage:21_1> from Peer_17:peer
Peer_5:peer INFO 5193.599895743777: Received message <GossipMessage:21_1> from Peer_14:peer
