Peer_26:bootstrap WARNING 0: Not enough peers, fetching more (0, 15)
Peer_26:bootstrap INFO 0.46748767851409473: Received message <Hello:> from Peer_1:client
Peer_26:bootstrap INFO 0.46748767851409473: Connecting to Peer_1:client
Peer_26:bootstrap INFO 0.46748767851409473: Sending message <Hello:> to Peer_1:client
Peer_26:bootstrap INFO 0.46748767851409473: Sending message <RequestPeers:> to Peer_1:client
Peer_26:bootstrap INFO 0.49247289448196363: Received message <Hello:> from Peer_18:peer
Peer_26:bootstrap INFO 0.49247289448196363: Connecting to Peer_18:peer
Peer_26:bootstrap INFO 0.49247289448196363: Sending message <Hello:> to Peer_18:peer
Peer_26:bootstrap INFO 0.49247289448196363: Sending message <RequestPeers:> to Peer_18:peer
Peer_26:bootstrap INFO 0.5018799282070245: Received message <Hello:> from Peer_24:peer
Peer_26:bootstrap INFO 0.5018799282070245: Connecting to Peer_24:peer
Peer_26:bootstrap INFO 0.5018799282070245: Sending message <Hello:> to Peer_24:peer
Peer_26:bootstrap INFO 0.5018799282070245: Sending message <RequestPeers:> to Peer_24:peer
Peer_26:bootstrap INFO 0.5102056122483869: Received message <Hello:> from Peer_12:peer
Peer_26:bootstrap INFO 0.5102056122483869: Connecting to Peer_12:peer
Peer_26:bootstrap INFO 0.5102056122483869: Sending message <Hello:> to Peer_12:peer
Peer_26:bootstrap INFO 0.5102056122483869: Sending message <RequestPeers:> to Peer_12:peer
Peer_26:bootstrap INFO 0.5437006502223579: Received message <Hello:> from Peer_2:peer
Peer_26:bootstrap INFO 0.5437006502223579: Connecting to Peer_2:peer
Peer_26:bootstrap INFO 0.5437006502223579: Sending message <Hello:> to Peer_2:peer
Peer_26:bootstrap INFO 0.5437006502223579: Sending message <RequestPeers:> to Peer_2:peer
Peer_26:bootstrap INFO 1.4591868509857076: Received message <PeerList> from Peer_1:client
Peer_26:bootstrap INFO 1.5051538951919576: Received message <PeerList> from Peer_18:peer
Peer_26:bootstrap INFO 1.5265826707278052: Received message <PeerList> from Peer_12:peer
Peer_26:bootstrap INFO 1.5355678434283553: Received message <PeerList> from Peer_24:peer
Peer_26:bootstrap INFO 1.5640152203361855: Received message <PeerList> from Peer_2:peer
Peer_26:bootstrap INFO 35.256574339044455: Received message <Hello:> from Peer_16:peer
Peer_26:bootstrap INFO 35.256574339044455: Connecting to Peer_16:peer
Peer_26:bootstrap INFO 35.256574339044455: Sending message <Hello:> to Peer_16:peer
Peer_26:bootstrap INFO 35.256574339044455: Sending message <RequestPeers:> to Peer_16:peer
Peer_26:bootstrap INFO 35.311091422053: Received message <Hello:> from Peer_10:peer
Peer_26:bootstrap INFO 35.311091422053: Connecting to Peer_10:peer
Peer_26:bootstrap INFO 35.311091422053: Sending message <Hello:> to Peer_10:peer
Peer_26:bootstrap INFO 35.311091422053: Sending message <RequestPeers:> to Peer_10:peer
Peer_26:bootstrap INFO 36.308480725129385: Received message <Hello:> from Peer_5:peer
Peer_26:bootstrap INFO 36.308480725129385: Connecting to Peer_5:peer
Peer_26:bootstrap INFO 36.308480725129385: Sending message <Hello:> to Peer_5:peer
Peer_26:bootstrap INFO 36.308480725129385: Sending message <RequestPeers:> to Peer_5:peer
Peer_26:bootstrap INFO 36.517101762406: Received message <Hello:> from Peer_21:peer
Peer_26:bootstrap INFO 36.517101762406: Connecting to Peer_21:peer
Peer_26:bootstrap INFO 36.517101762406: Sending message <Hello:> to Peer_21:peer
Peer_26:bootstrap INFO 36.517101762406: Sending message <RequestPeers:> to Peer_21:peer
Peer_26:bootstrap INFO 36.54509064218714: Received message <Hello:> from Peer_14:peer
Peer_26:bootstrap INFO 36.54509064218714: Connecting to Peer_14:peer
Peer_26:bootstrap INFO 36.54509064218714: Sending message <Hello:> to Peer_14:peer
Peer_26:bootstrap INFO 36.54509064218714: Sending message <RequestPeers:> to Peer_14:peer
Peer_26:bootstrap INFO 36.654987364466166: Received message <Hello:> from Peer_8:peer
Peer_26:bootstrap INFO 36.654987364466166: Connecting to Peer_8:peer
Peer_26:bootstrap INFO 36.654987364466166: Sending message <Hello:> to Peer_8:peer
Peer_26:bootstrap INFO 36.654987364466166: Sending message <RequestPeers:> to Peer_8:peer
Peer_26:bootstrap INFO 37.150269441699216: Received message <Hello:> from Peer_25:peer
Peer_26:bootstrap INFO 37.150269441699216: Connecting to Peer_25:peer
Peer_26:bootstrap INFO 37.150269441699216: Sending message <Hello:> to Peer_25:peer
Peer_26:bootstrap INFO 37.150269441699216: Sending message <RequestPeers:> to Peer_25:peer
Peer_26:bootstrap INFO 37.23411788872957: Received message <Hello:> from Peer_6:peer
Peer_26:bootstrap INFO 37.23411788872957: Connecting to Peer_6:peer
Peer_26:bootstrap INFO 37.23411788872957: Sending message <Hello:> to Peer_6:peer
Peer_26:bootstrap INFO 37.23411788872957: Sending message <RequestPeers:> to Peer_6:peer
Peer_26:bootstrap INFO 37.33677838602977: Received message <Hello:> from Peer_22:peer
Peer_26:bootstrap INFO 37.33677838602977: Connecting to Peer_22:peer
Peer_26:bootstrap INFO 37.33677838602977: Sending message <Hello:> to Peer_22:peer
Peer_26:bootstrap INFO 37.33677838602977: Sending message <RequestPeers:> to Peer_22:peer
Peer_26:bootstrap INFO 37.34041150836794: Received message <Hello:> from Peer_20:peer
Peer_26:bootstrap INFO 37.34041150836794: Connecting to Peer_20:peer
Peer_26:bootstrap INFO 37.34041150836794: Sending message <Hello:> to Peer_20:peer
Peer_26:bootstrap INFO 37.34041150836794: Sending message <RequestPeers:> to Peer_20:peer
Peer_26:bootstrap INFO 37.53140330697563: Received message <Hello:> from Peer_3:peer
Peer_26:bootstrap INFO 37.53140330697563: Connecting to Peer_3:peer
Peer_26:bootstrap INFO 37.53140330697563: Sending message <Hello:> to Peer_3:peer
Peer_26:bootstrap INFO 37.53140330697563: Sending message <RequestPeers:> to Peer_3:peer
Peer_26:bootstrap INFO 37.59893793010601: Received message <Hello:> from Peer_15:peer
Peer_26:bootstrap INFO 37.59893793010601: Connecting to Peer_15:peer
Peer_26:bootstrap INFO 37.59893793010601: Sending message <Hello:> to Peer_15:peer
Peer_26:bootstrap INFO 37.59893793010601: Sending message <RequestPeers:> to Peer_15:peer
Peer_26:bootstrap INFO 65.23032696690022: Received message <Hello:> from Peer_23:peer
Peer_26:bootstrap INFO 65.23032696690022: Connecting to Peer_23:peer
Peer_26:bootstrap INFO 65.23032696690022: Sending message <Hello:> to Peer_23:peer
Peer_26:bootstrap INFO 65.23032696690022: Sending message <RequestPeers:> to Peer_23:peer
Peer_26:bootstrap INFO 65.38900235350748: Received message <Hello:> from Peer_13:peer
Peer_26:bootstrap INFO 65.38900235350748: Connecting to Peer_13:peer
Peer_26:bootstrap INFO 65.38900235350748: Sending message <Hello:> to Peer_13:peer
Peer_26:bootstrap INFO 65.38900235350748: Sending message <RequestPeers:> to Peer_13:peer
Peer_26:bootstrap INFO 65.47746736799348: Received message <Hello:> from Peer_19:peer
Peer_26:bootstrap INFO 65.47746736799348: Connecting to Peer_19:peer
Peer_26:bootstrap INFO 65.47746736799348: Sending message <Hello:> to Peer_19:peer
Peer_26:bootstrap INFO 65.47746736799348: Sending message <RequestPeers:> to Peer_19:peer
Peer_26:bootstrap INFO 65.48503909253552: Received message <Hello:> from Peer_9:peer
Peer_26:bootstrap INFO 65.48503909253552: Connecting to Peer_9:peer
Peer_26:bootstrap INFO 65.48503909253552: Sending message <Hello:> to Peer_9:peer
Peer_26:bootstrap INFO 65.48503909253552: Sending message <RequestPeers:> to Peer_9:peer
Peer_26:bootstrap INFO 65.4896960752095: Received message <Hello:> from Peer_11:peer
Peer_26:bootstrap INFO 65.4896960752095: Connecting to Peer_11:peer
Peer_26:bootstrap INFO 65.4896960752095: Sending message <Hello:> to Peer_11:peer
Peer_26:bootstrap INFO 65.4896960752095: Sending message <RequestPeers:> to Peer_11:peer
Peer_26:bootstrap INFO 65.55879668318909: Received message <Hello:> from Peer_17:peer
Peer_26:bootstrap INFO 65.55879668318909: Connecting to Peer_17:peer
Peer_26:bootstrap INFO 65.55879668318909: Sending message <Hello:> to Peer_17:peer
Peer_26:bootstrap INFO 65.55879668318909: Sending message <RequestPeers:> to Peer_17:peer
Peer_26:bootstrap INFO 65.5688938319663: Received message <Hello:> from Peer_4:peer
Peer_26:bootstrap INFO 65.5688938319663: Connecting to Peer_4:peer
Peer_26:bootstrap INFO 65.5688938319663: Sending message <Hello:> to Peer_4:peer
Peer_26:bootstrap INFO 65.5688938319663: Sending message <RequestPeers:> to Peer_4:peer
Peer_26:bootstrap INFO 65.7870862445211: Received message <Hello:> from Peer_7:peer
Peer_26:bootstrap INFO 65.7870862445211: Connecting to Peer_7:peer
Peer_26:bootstrap INFO 65.7870862445211: Sending message <Hello:> to Peer_7:peer
Peer_26:bootstrap INFO 65.7870862445211: Sending message <RequestPeers:> to Peer_7:peer
Peer_26:bootstrap INFO 108.4334333284395: Received message <PeerList> from Peer_10:peer
Peer_26:bootstrap INFO 109.43072699523181: Received message <PeerList> from Peer_8:peer
Peer_26:bootstrap INFO 109.70279199039692: Received message <PeerList> from Peer_25:peer
Peer_26:bootstrap INFO 109.99668075913785: Received message <PeerList> from Peer_16:peer
Peer_26:bootstrap INFO 110.02898847448387: Received message <PeerList> from Peer_21:peer
Peer_26:bootstrap INFO 110.35063893119975: Received message <PeerList> from Peer_20:peer
Peer_26:bootstrap INFO 111.10537117529108: Received message <PeerList> from Peer_15:peer
Peer_26:bootstrap INFO 111.16466709859883: Received message <PeerList> from Peer_5:peer
Peer_26:bootstrap INFO 111.21594190535248: Received message <PeerList> from Peer_22:peer
Peer_26:bootstrap INFO 111.45512859122091: Received message <PeerList> from Peer_14:peer
Peer_26:bootstrap INFO 111.78040149080437: Received message <PeerList> from Peer_6:peer
Peer_26:bootstrap INFO 112.69772591211739: Received message <PeerList> from Peer_3:peer
Peer_26:bootstrap INFO 196.2966745362322: Received message <PeerList> from Peer_11:peer
Peer_26:bootstrap INFO 196.3101779433251: Received message <PeerList> from Peer_23:peer
Peer_26:bootstrap INFO 196.31083914759907: Received message <PeerList> from Peer_13:peer
Peer_26:bootstrap INFO 196.37131057136722: Received message <PeerList> from Peer_17:peer
Peer_26:bootstrap INFO 196.4291140595709: Received message <PeerList> from Peer_4:peer
Peer_26:bootstrap INFO 196.46836615884123: Received message <PeerList> from Peer_9:peer
Peer_26:bootstrap INFO 196.5688687544684: Received message <PeerList> from Peer_19:peer
Peer_26:bootstrap INFO 196.90836244740265: Received message <PeerList> from Peer_7:peer
Peer_26:bootstrap INFO 500.4537862474256: Received message <RequestPeers:> from Peer_12:peer
Peer_26:bootstrap INFO 500.4537862474256: Sending message <PeerList> to Peer_12:peer
Peer_26:bootstrap INFO 500.4856163349655: Received message <RequestPeers:> from Peer_1:client
Peer_26:bootstrap INFO 500.4856163349655: Sending message <PeerList> to Peer_1:client
Peer_26:bootstrap INFO 500.49294436525327: Received message <RequestPeers:> from Peer_18:peer
Peer_26:bootstrap INFO 500.49294436525327: Sending message <PeerList> to Peer_18:peer
Peer_26:bootstrap INFO 500.4963661333423: Received message <RequestPeers:> from Peer_2:peer
Peer_26:bootstrap INFO 500.4963661333423: Sending message <PeerList> to Peer_2:peer
Peer_26:bootstrap INFO 500.5350559005865: Received message <RequestPeers:> from Peer_24:peer
Peer_26:bootstrap INFO 500.5350559005865: Sending message <PeerList> to Peer_24:peer
Peer_26:bootstrap INFO 535.5677000048694: Received message <RequestPeers:> from Peer_14:peer
Peer_26:bootstrap INFO 535.5677000048694: Sending message <PeerList> to Peer_14:peer
Peer_26:bootstrap INFO 536.0462621200985: Received message <RequestPeers:> from Peer_22:peer
Peer_26:bootstrap INFO 536.0462621200985: Sending message <PeerList> to Peer_22:peer
Peer_26:bootstrap INFO 536.2359541346888: Received message <RequestPeers:> from Peer_16:peer
Peer_26:bootstrap INFO 536.2359541346888: Sending message <PeerList> to Peer_16:peer
Peer_26:bootstrap INFO 536.3247329314337: Received message <RequestPeers:> from Peer_15:peer
Peer_26:bootstrap INFO 536.3247329314337: Sending message <PeerList> to Peer_15:peer
Peer_26:bootstrap INFO 536.679489704577: Received message <RequestPeers:> from Peer_5:peer
Peer_26:bootstrap INFO 536.679489704577: Sending message <PeerList> to Peer_5:peer
Peer_26:bootstrap INFO 536.9200100846762: Received message <RequestPeers:> from Peer_20:peer
Peer_26:bootstrap INFO 536.9200100846762: Sending message <PeerList> to Peer_20:peer
Peer_26:bootstrap INFO 537.0158082614021: Received message <RequestPeers:> from Peer_10:peer
Peer_26:bootstrap INFO 537.0158082614021: Sending message <PeerList> to Peer_10:peer
Peer_26:bootstrap INFO 537.1081952428352: Received message <RequestPeers:> from Peer_3:peer
Peer_26:bootstrap INFO 537.1081952428352: Sending message <PeerList> to Peer_3:peer
Peer_26:bootstrap INFO 537.5100880399181: Received message <RequestPeers:> from Peer_25:peer
Peer_26:bootstrap INFO 537.5100880399181: Sending message <PeerList> to Peer_25:peer
Peer_26:bootstrap INFO 537.6216562974628: Received message <RequestPeers:> from Peer_21:peer
Peer_26:bootstrap INFO 537.6216562974628: Sending message <PeerList> to Peer_21:peer
Peer_26:bootstrap INFO 537.8643416967209: Received message <RequestPeers:> from Peer_6:peer
Peer_26:bootstrap INFO 537.8643416967209: Sending message <PeerList> to Peer_6:peer
Peer_26:bootstrap INFO 538.1343310796851: Received message <RequestPeers:> from Peer_8:peer
Peer_26:bootstrap INFO 538.1343310796851: Sending message <PeerList> to Peer_8:peer
Peer_26:bootstrap INFO 565.3797133126569: Received message <RequestPeers:> from Peer_23:peer
Peer_26:bootstrap INFO 565.3797133126569: Sending message <PeerList> to Peer_23:peer
Peer_26:bootstrap INFO 565.4097120990318: Received message <RequestPeers:> from Peer_13:peer
Peer_26:bootstrap INFO 565.4097120990318: Sending message <PeerList> to Peer_13:peer
Peer_26:bootstrap INFO 565.4669050447976: Received message <RequestPeers:> from Peer_19:peer
Peer_26:bootstrap INFO 565.4669050447976: Sending message <PeerList> to Peer_19:peer
Peer_26:bootstrap INFO 565.5288920158883: Received message <RequestPeers:> from Peer_17:peer
Peer_26:bootstrap INFO 565.5288920158883: Sending message <PeerList> to Peer_17:peer
Peer_26:bootstrap INFO 565.5386872044278: Received message <RequestPeers:> from Peer_7:peer
Peer_26:bootstrap INFO 565.5386872044278: Sending message <PeerList> to Peer_7:peer
Peer_26:bootstrap INFO 565.5826759151826: Received message <RequestPeers:> from Peer_9:peer
Peer_26:bootstrap INFO 565.5826759151826: Sending message <PeerList> to Peer_9:peer
Peer_26:bootstrap INFO 565.6185218155736: Received message <RequestPeers:> from Peer_4:peer
Peer_26:bootstrap INFO 565.6185218155736: Sending message <PeerList> to Peer_4:peer
Peer_26:bootstrap INFO 565.6199896808596: Received message <RequestPeers:> from Peer_11:peer
Peer_26:bootstrap INFO 565.6199896808596: Sending message <PeerList> to Peer_11:peer
Peer_26:bootstrap INFO 1000.46004984557: Received message <RequestPeers:> from Peer_12:peer
Peer_26:bootstrap INFO 1000.46004984557: Sending message <PeerList> to Peer_12:peer
Peer_26:bootstrap INFO 1000.4821151322707: Received message <RequestPeers:> from Peer_1:client
Peer_26:bootstrap INFO 1000.4821151322707: Sending message <PeerList> to Peer_1:client
Peer_26:bootstrap INFO 1000.4911504130723: Received message <RequestPeers:> from Peer_2:peer
Peer_26:bootstrap INFO 1000.4911504130723: Sending message <PeerList> to Peer_2:peer
Peer_26:bootstrap INFO 1000.5819691859103: Received message <RequestPeers:> from Peer_24:peer
Peer_26:bootstrap INFO 1000.5819691859103: Sending message <PeerList> to Peer_24:peer
Peer_26:bootstrap INFO 1000.6142175487144: Received message <RequestPeers:> from Peer_18:peer
Peer_26:bootstrap INFO 1000.6142175487144: Sending message <PeerList> to Peer_18:peer
Peer_26:bootstrap INFO 1036.1460221686007: Received message <RequestPeers:> from Peer_5:peer
Peer_26:bootstrap INFO 1036.1460221686007: Sending message <PeerList> to Peer_5:peer
Peer_26:bootstrap INFO 1036.3424972680218: Received message <RequestPeers:> from Peer_25:peer
Peer_26:bootstrap INFO 1036.3424972680218: Sending message <PeerList> to Peer_25:peer
Peer_26:bootstrap INFO 1036.364506784271: Received message <RequestPeers:> from Peer_16:peer
Peer_26:bootstrap INFO 1036.364506784271: Sending message <PeerList> to Peer_16:peer
Peer_26:bootstrap INFO 1036.4399141509055: Received message <RequestPeers:> from Peer_21:peer
Peer_26:bootstrap INFO 1036.4399141509055: Sending message <PeerList> to Peer_21:peer
Peer_26:bootstrap INFO 1036.7185122302333: Received message <RequestPeers:> from Peer_6:peer
Peer_26:bootstrap INFO 1036.7185122302333: Sending message <PeerList> to Peer_6:peer
Peer_26:bootstrap INFO 1036.749594911213: Received message <RequestPeers:> from Peer_22:peer
Peer_26:bootstrap INFO 1036.749594911213: Sending message <PeerList> to Peer_22:peer
Peer_26:bootstrap INFO 1036.97122700942: Received message <RequestPeers:> from Peer_8:peer
Peer_26:bootstrap INFO 1036.97122700942: Sending message <PeerList> to Peer_8:peer
Peer_26:bootstrap INFO 1036.984991486916: Received message <RequestPeers:> from Peer_20:peer
Peer_26:bootstrap INFO 1036.984991486916: Sending message <PeerList> to Peer_20:peer
Peer_26:bootstrap INFO 1036.9957232091315: Received message <RequestPeers:> from Peer_14:peer
Peer_26:bootstrap INFO 1036.9957232091315: Sending message <PeerList> to Peer_14:peer
Peer_26:bootstrap INFO 1037.0355915817977: Received message <RequestPeers:> from Peer_3:peer
Peer_26:bootstrap INFO 1037.0355915817977: Sending message <PeerList> to Peer_3:peer
Peer_26:bootstrap INFO 1037.5306381065154: Received message <RequestPeers:> from Peer_15:peer
Peer_26:bootstrap INFO 1037.5306381065154: Sending message <PeerList> to Peer_15:peer
Peer_26:bootstrap INFO 1037.9768070138648: Received message <RequestPeers:> from Peer_10:peer
Peer_26:bootstrap INFO 1037.9768070138648: Sending message <PeerList> to Peer_10:peer
Peer_26:bootstrap INFO 1065.4069825346776: Received message <RequestPeers:> from Peer_4:peer
Peer_26:bootstrap INFO 1065.4069825346776: Sending message <PeerList> to Peer_4:peer
Peer_26:bootstrap INFO 1065.4275530987452: Received message <RequestPeers:> from Peer_9:peer
Peer_26:bootstrap INFO 1065.4275530987452: Sending message <PeerList> to Peer_9:peer
Peer_26:bootstrap INFO 1065.4339123083416: Received message <RequestPeers:> from Peer_23:peer
Peer_26:bootstrap INFO 1065.4339123083416: Sending message <PeerList> to Peer_23:peer
Peer_26:bootstrap INFO 1065.466820612576: Received message <RequestPeers:> from Peer_17:peer
Peer_26:bootstrap INFO 1065.466820612576: Sending message <PeerList> to Peer_17:peer
Peer_26:bootstrap INFO 1065.4865339342991: Received message <RequestPeers:> from Peer_19:peer
Peer_26:bootstrap INFO 1065.4865339342991: Sending message <PeerList> to Peer_19:peer
Peer_26:bootstrap INFO 1065.5078342378563: Received message <RequestPeers:> from Peer_7:peer
Peer_26:bootstrap INFO 1065.5078342378563: Sending message <PeerList> to Peer_7:peer
Peer_26:bootstrap INFO 1065.7014916603998: Received message <RequestPeers:> from Peer_11:peer
Peer_26:bootstrap INFO 1065.7014916603998: Sending message <PeerList> to Peer_11:peer
Peer_26:bootstrap INFO 1065.8363109721458: Received message <RequestPeers:> from Peer_13:peer
Peer_26:bootstrap INFO 1065.8363109721458: Sending message <PeerList> to Peer_13:peer
Peer_26:bootstrap INFO 1500.476252374878: Received message <RequestPeers:> from Peer_12:peer
Peer_26:bootstrap INFO 1500.476252374878: Sending message <PeerList> to Peer_12:peer
Peer_26:bootstrap INFO 1500.479085772073: Received message <RequestPeers:> from Peer_1:client
Peer_26:bootstrap INFO 1500.479085772073: Sending message <PeerList> to Peer_1:client
Peer_26:bootstrap INFO 1536.711911056873: Received message <RequestPeers:> from Peer_3:peer
Peer_26:bootstrap INFO 1536.711911056873: Sending message <PeerList> to Peer_3:peer
Peer_26:bootstrap INFO 1536.8356473645663: Received message <RequestPeers:> from Peer_25:peer
Peer_26:bootstrap INFO 1536.8356473645663: Sending message <PeerList> to Peer_25:peer
Peer_26:bootstrap INFO 1536.8731084349283: Received message <RequestPeers:> from Peer_21:peer
Peer_26:bootstrap INFO 1536.8731084349283: Sending message <PeerList> to Peer_21:peer
Peer_26:bootstrap INFO 1537.3169169171124: Received message <RequestPeers:> from Peer_20:peer
Peer_26:bootstrap INFO 1537.3169169171124: Sending message <PeerList> to Peer_20:peer
Peer_26:bootstrap INFO 1538.283905337487: Received message <RequestPeers:> from Peer_10:peer
Peer_26:bootstrap INFO 1538.283905337487: Sending message <PeerList> to Peer_10:peer
Peer_26:bootstrap INFO 1565.4422900914574: Received message <RequestPeers:> from Peer_13:peer
Peer_26:bootstrap INFO 1565.4422900914574: Sending message <PeerList> to Peer_13:peer
Peer_26:bootstrap INFO 1565.4567182622184: Received message <RequestPeers:> from Peer_7:peer
Peer_26:bootstrap INFO 1565.4567182622184: Sending message <PeerList> to Peer_7:peer
Peer_26:bootstrap INFO 1565.5289947759532: Received message <RequestPeers:> from Peer_23:peer
Peer_26:bootstrap INFO 1565.5289947759532: Sending message <PeerList> to Peer_23:peer
Peer_26:bootstrap INFO 1565.795286133321: Received message <RequestPeers:> from Peer_9:peer
Peer_26:bootstrap INFO 1565.795286133321: Sending message <PeerList> to Peer_9:peer
Peer_26:bootstrap INFO 2000: Sending message <Ping:> to Peer_18:peer
Peer_26:bootstrap INFO 2000: Sending message <Ping:> to Peer_24:peer
Peer_26:bootstrap INFO 2000: Sending message <Ping:> to Peer_2:peer
Peer_26:bootstrap INFO 2000: Sending message <Ping:> to Peer_16:peer
Peer_26:bootstrap INFO 2000: Sending message <Ping:> to Peer_5:peer
Peer_26:bootstrap INFO 2000: Sending message <Ping:> to Peer_14:peer
Peer_26:bootstrap INFO 2000: Sending message <Ping:> to Peer_8:peer
Peer_26:bootstrap INFO 2000: Sending message <Ping:> to Peer_6:peer
Peer_26:bootstrap INFO 2000: Sending message <Ping:> to Peer_22:peer
Peer_26:bootstrap INFO 2000: Sending message <Ping:> to Peer_15:peer
Peer_26:bootstrap INFO 2000: Sending message <Ping:> to Peer_19:peer
Peer_26:bootstrap INFO 2000: Sending message <Ping:> to Peer_11:peer
Peer_26:bootstrap INFO 2000: Sending message <Ping:> to Peer_17:peer
Peer_26:bootstrap INFO 2000: Sending message <Ping:> to Peer_4:peer
Peer_26:bootstrap INFO 2000.4717499660514: Received message <Ping:> from Peer_2:peer
Peer_26:bootstrap INFO 2000.4717499660514: Sending message <Pong:> to Peer_2:peer
Peer_26:bootstrap INFO 2000.5320826120692: Received message <Ping:> from Peer_24:peer
Peer_26:bootstrap INFO 2000.5320826120692: Sending message <Pong:> to Peer_24:peer
Peer_26:bootstrap INFO 2000.5411986930953: Received message <Ping:> from Peer_18:peer
Peer_26:bootstrap INFO 2000.5411986930953: Sending message <Pong:> to Peer_18:peer
Peer_26:bootstrap INFO 2000.5520292151691: Received message <RequestPeers:> from Peer_1:client
Peer_26:bootstrap INFO 2000.5520292151691: Sending message <PeerList> to Peer_1:client
Peer_26:bootstrap INFO 2000.959028549328: Received message <Pong:> from Peer_18:peer
Peer_26:bootstrap INFO 2000.984169061537: Received message <Pong:> from Peer_24:peer
Peer_26:bootstrap INFO 2001.098969316417: Received message <Pong:> from Peer_2:peer
Peer_26:bootstrap INFO 2035.9619381106104: Received message <Ping:> from Peer_15:peer
Peer_26:bootstrap INFO 2035.9619381106104: Sending message <Pong:> to Peer_15:peer
Peer_26:bootstrap INFO 2036.364929917541: Received message <Ping:> from Peer_22:peer
Peer_26:bootstrap INFO 2036.364929917541: Sending message <Pong:> to Peer_22:peer
Peer_26:bootstrap INFO 2036.6733400381295: Received message <Ping:> from Peer_8:peer
Peer_26:bootstrap INFO 2036.6733400381295: Sending message <Pong:> to Peer_8:peer
Peer_26:bootstrap INFO 2036.9317241408469: Received message <Ping:> from Peer_6:peer
Peer_26:bootstrap INFO 2036.9317241408469: Sending message <Pong:> to Peer_6:peer
Peer_26:bootstrap INFO 2036.9353691677013: Received message <Ping:> from Peer_16:peer
Peer_26:bootstrap INFO 2036.9353691677013: Sending message <Pong:> to Peer_16:peer
Peer_26:bootstrap INFO 2036.9633182228133: Received message <Ping:> from Peer_5:peer
Peer_26:bootstrap INFO 2036.9633182228133: Sending message <Pong:> to Peer_5:peer
Peer_26:bootstrap INFO 2037.162367657494: Received message <Ping:> from Peer_14:peer
Peer_26:bootstrap INFO 2037.162367657494: Sending message <Pong:> to Peer_14:peer
Peer_26:bootstrap INFO 2065.421730430232: Received message <Ping:> from Peer_11:peer
Peer_26:bootstrap INFO 2065.421730430232: Sending message <Pong:> to Peer_11:peer
Peer_26:bootstrap INFO 2065.5380674792405: Received message <Ping:> from Peer_17:peer
Peer_26:bootstrap INFO 2065.5380674792405: Sending message <Pong:> to Peer_17:peer
Peer_26:bootstrap INFO 2065.540219324126: Received message <Ping:> from Peer_19:peer
Peer_26:bootstrap INFO 2065.540219324126: Sending message <Pong:> to Peer_19:peer
Peer_26:bootstrap INFO 2065.553158825661: Received message <RequestPeers:> from Peer_9:peer
Peer_26:bootstrap INFO 2065.553158825661: Sending message <PeerList> to Peer_9:peer
Peer_26:bootstrap INFO 2065.618037830485: Received message <Ping:> from Peer_4:peer
Peer_26:bootstrap INFO 2065.618037830485: Sending message <Pong:> to Peer_4:peer
Peer_26:bootstrap INFO 2072.589366862004: Received message <Pong:> from Peer_14:peer
Peer_26:bootstrap INFO 2072.8283808443734: Received message <Pong:> from Peer_5:peer
Peer_26:bootstrap INFO 2072.960518162553: Received message <Pong:> from Peer_8:peer
Peer_26:bootstrap INFO 2073.9215381160925: Received message <Pong:> from Peer_15:peer
Peer_26:bootstrap INFO 2074.1843533158635: Received message <Pong:> from Peer_16:peer
Peer_26:bootstrap INFO 2074.4811172787195: Received message <Pong:> from Peer_22:peer
Peer_26:bootstrap INFO 2074.6177753670086: Received message <Pong:> from Peer_6:peer
Peer_26:bootstrap INFO 2130.9993844271553: Received message <Pong:> from Peer_17:peer
Peer_26:bootstrap INFO 2131.09011871413: Received message <Pong:> from Peer_4:peer
Peer_26:bootstrap INFO 2131.3669767095807: Received message <Pong:> from Peer_11:peer
Peer_26:bootstrap INFO 2131.392106619374: Received message <Pong:> from Peer_19:peer
Peer_26:bootstrap INFO 2500: Sending message <Ping:> to Peer_12:peer
Peer_26:bootstrap INFO 2500: Sending message <Ping:> to Peer_10:peer
Peer_26:bootstrap INFO 2500: Sending message <Ping:> to Peer_21:peer
Peer_26:bootstrap INFO 2500: Sending message <Ping:> to Peer_25:peer
Peer_26:bootstrap INFO 2500: Sending message <Ping:> to Peer_20:peer
Peer_26:bootstrap INFO 2500: Sending message <Ping:> to Peer_3:peer
Peer_26:bootstrap INFO 2500: Sending message <Ping:> to Peer_23:peer
Peer_26:bootstrap INFO 2500: Sending message <Ping:> to Peer_13:peer
Peer_26:bootstrap INFO 2500: Sending message <Ping:> to Peer_7:peer
Peer_26:bootstrap INFO 2500.524503941408: Received message <Ping:> from Peer_12:peer
Peer_26:bootstrap INFO 2500.524503941408: Sending message <Pong:> to Peer_12:peer
Peer_26:bootstrap INFO 2500.9940318701174: Received message <Pong:> from Peer_12:peer
Peer_26:bootstrap INFO 2536.363691442195: Received message <Ping:> from Peer_21:peer
Peer_26:bootstrap INFO 2536.363691442195: Sending message <Pong:> to Peer_21:peer
Peer_26:bootstrap INFO 2536.781753604352: Received message <Ping:> from Peer_10:peer
Peer_26:bootstrap INFO 2536.781753604352: Sending message <Pong:> to Peer_10:peer
Peer_26:bootstrap INFO 2536.801135884399: Received message <Ping:> from Peer_3:peer
Peer_26:bootstrap INFO 2536.801135884399: Sending message <Pong:> to Peer_3:peer
Peer_26:bootstrap INFO 2537.5726480482845: Received message <Ping:> from Peer_20:peer
Peer_26:bootstrap INFO 2537.5726480482845: Sending message <Pong:> to Peer_20:peer
Peer_26:bootstrap INFO 2537.73573878409: Received message <Ping:> from Peer_25:peer
Peer_26:bootstrap INFO 2537.73573878409: Sending message <Pong:> to Peer_25:peer
Peer_26:bootstrap INFO 2565.42572749609: Received message <Ping:> from Peer_23:peer
Peer_26:bootstrap INFO 2565.42572749609: Sending message <Pong:> to Peer_23:peer
Peer_26:bootstrap INFO 2565.467586354913: Received message <Ping:> from Peer_7:peer
Peer_26:bootstrap INFO 2565.467586354913: Sending message <Pong:> to Peer_7:peer
Peer_26:bootstrap INFO 2565.4959490857927: Received message <Ping:> from Peer_13:peer
Peer_26:bootstrap INFO 2565.4959490857927: Sending message <Pong:> to Peer_13:peer
Peer_26:bootstrap INFO 2572.328390157101: Received message <Pong:> from Peer_20:peer
Peer_26:bootstrap INFO 2572.8401878813265: Received message <Pong:> from Peer_3:peer
Peer_26:bootstrap INFO 2573.3506077854804: Received message <Pong:> from Peer_21:peer
Peer_26:bootstrap INFO 2574.4245338394367: Received message <Pong:> from Peer_25:peer
Peer_26:bootstrap INFO 2574.748212254664: Received message <Pong:> from Peer_10:peer
Peer_26:bootstrap INFO 2630.9667859107535: Received message <Pong:> from Peer_13:peer
Peer_26:bootstrap INFO 2631.0630271102737: Received message <Pong:> from Peer_23:peer
Peer_26:bootstrap INFO 2631.0766628787514: Received message <Pong:> from Peer_7:peer
Peer_26:bootstrap INFO 3000: Sending message <Ping:> to Peer_1:client
Peer_26:bootstrap INFO 3000: Sending message <Ping:> to Peer_18:peer
Peer_26:bootstrap INFO 3000: Sending message <Ping:> to Peer_24:peer
Peer_26:bootstrap INFO 3000: Sending message <Ping:> to Peer_2:peer
Peer_26:bootstrap INFO 3000: Sending message <Ping:> to Peer_16:peer
Peer_26:bootstrap INFO 3000: Sending message <Ping:> to Peer_5:peer
Peer_26:bootstrap INFO 3000: Sending message <Ping:> to Peer_14:peer
Peer_26:bootstrap INFO 3000: Sending message <Ping:> to Peer_8:peer
Peer_26:bootstrap INFO 3000: Sending message <Ping:> to Peer_6:peer
Peer_26:bootstrap INFO 3000: Sending message <Ping:> to Peer_22:peer
Peer_26:bootstrap INFO 3000: Sending message <Ping:> to Peer_15:peer
Peer_26:bootstrap INFO 3000: Sending message <Ping:> to Peer_19:peer
Peer_26:bootstrap INFO 3000: Sending message <Ping:> to Peer_9:peer
Peer_26:bootstrap INFO 3000: Sending message <Ping:> to Peer_11:peer
Peer_26:bootstrap INFO 3000: Sending message <Ping:> to Peer_17:peer
Peer_26:bootstrap INFO 3000: Sending message <Ping:> to Peer_4:peer
Peer_26:bootstrap INFO 3000.47235810103: Received message <RequestPeers:> from Peer_1:client
Peer_26:bootstrap INFO 3000.47235810103: Sending message <PeerList> to Peer_1:client
Peer_26:bootstrap INFO 3000.493976355064: Received message <Ping:> from Peer_1:client
Peer_26:bootstrap INFO 3000.493976355064: Sending message <Pong:> to Peer_1:client
Peer_26:bootstrap INFO 3000.4957915523255: Received message <Ping:> from Peer_24:peer
Peer_26:bootstrap INFO 3000.4957915523255: Sending message <Pong:> to Peer_24:peer
Peer_26:bootstrap INFO 3000.507007061802: Received message <Ping:> from Peer_2:peer
Peer_26:bootstrap INFO 3000.507007061802: Sending message <Pong:> to Peer_2:peer
Peer_26:bootstrap INFO 3000.6829376470755: Received message <Ping:> from Peer_18:peer
Peer_26:bootstrap INFO 3000.6829376470755: Sending message <Pong:> to Peer_18:peer
Peer_26:bootstrap INFO 3001.009356197169: Received message <Pong:> from Peer_2:peer
Peer_26:bootstrap INFO 3001.021806589505: Received message <Pong:> from Peer_1:client
Peer_26:bootstrap INFO 3001.025189105664: Received message <Pong:> from Peer_18:peer
Peer_26:bootstrap INFO 3001.0385581861515: Received message <Pong:> from Peer_24:peer
Peer_26:bootstrap INFO 3036.141341752492: Received message <Ping:> from Peer_8:peer
Peer_26:bootstrap INFO 3036.141341752492: Sending message <Pong:> to Peer_8:peer
Peer_26:bootstrap INFO 3036.548660408686: Received message <Ping:> from Peer_14:peer
Peer_26:bootstrap INFO 3036.548660408686: Sending message <Pong:> to Peer_14:peer
Peer_26:bootstrap INFO 3036.741582908467: Received message <Ping:> from Peer_6:peer
Peer_26:bootstrap INFO 3036.741582908467: Sending message <Pong:> to Peer_6:peer
Peer_26:bootstrap INFO 3036.9905098702748: Received message <Ping:> from Peer_15:peer
Peer_26:bootstrap INFO 3036.9905098702748: Sending message <Pong:> to Peer_15:peer
Peer_26:bootstrap INFO 3037.2720840035004: Received message <Ping:> from Peer_16:peer
Peer_26:bootstrap INFO 3037.2720840035004: Sending message <Pong:> to Peer_16:peer
Peer_26:bootstrap INFO 3037.346652628832: Received message <Ping:> from Peer_22:peer
Peer_26:bootstrap INFO 3037.346652628832: Sending message <Pong:> to Peer_22:peer
Peer_26:bootstrap INFO 3037.3871617675613: Received message <Ping:> from Peer_5:peer
Peer_26:bootstrap INFO 3037.3871617675613: Sending message <Pong:> to Peer_5:peer
Peer_26:bootstrap INFO 3065.3986377031324: Received message <Ping:> from Peer_17:peer
Peer_26:bootstrap INFO 3065.3986377031324: Sending message <Pong:> to Peer_17:peer
Peer_26:bootstrap INFO 3065.466070227: Received message <Ping:> from Peer_9:peer
Peer_26:bootstrap INFO 3065.466070227: Sending message <Pong:> to Peer_9:peer
Peer_26:bootstrap INFO 3065.4731958907755: Received message <Ping:> from Peer_4:peer
Peer_26:bootstrap INFO 3065.4731958907755: Sending message <Pong:> to Peer_4:peer
Peer_26:bootstrap INFO 3065.4845593285427: Received message <Ping:> from Peer_19:peer
Peer_26:bootstrap INFO 3065.4845593285427: Sending message <Pong:> to Peer_19:peer
Peer_26:bootstrap INFO 3065.599085054148: Received message <Ping:> from Peer_11:peer
Peer_26:bootstrap INFO 3065.599085054148: Sending message <Pong:> to Peer_11:peer
Peer_26:bootstrap INFO 3072.327898989845: Received message <Pong:> from Peer_8:peer
Peer_26:bootstrap INFO 3072.830549913156: Received message <Pong:> from Peer_15:peer
Peer_26:bootstrap INFO 3073.3019362075415: Received message <Pong:> from Peer_5:peer
Peer_26:bootstrap INFO 3073.7108820563863: Received message <Pong:> from Peer_16:peer
Peer_26:bootstrap INFO 3073.7184684574204: Received message <Pong:> from Peer_6:peer
Peer_26:bootstrap INFO 3073.7195225812748: Received message <Pong:> from Peer_14:peer
Peer_26:bootstrap INFO 3074.857299339574: Received message <Pong:> from Peer_22:peer
Peer_26:bootstrap INFO 3130.8948976517527: Received message <Pong:> from Peer_4:peer
Peer_26:bootstrap INFO 3130.926747070469: Received message <Pong:> from Peer_11:peer
Peer_26:bootstrap INFO 3131.0098291105255: Received message <Pong:> from Peer_17:peer
Peer_26:bootstrap INFO 3131.0171849670664: Received message <Pong:> from Peer_19:peer
Peer_26:bootstrap INFO 3131.068355550942: Received message <Pong:> from Peer_9:peer
Peer_26:bootstrap INFO 3500: Sending message <Ping:> to Peer_12:peer
Peer_26:bootstrap INFO 3500: Sending message <Ping:> to Peer_10:peer
Peer_26:bootstrap INFO 3500: Sending message <Ping:> to Peer_21:peer
Peer_26:bootstrap INFO 3500: Sending message <Ping:> to Peer_25:peer
Peer_26:bootstrap INFO 3500: Sending message <Ping:> to Peer_20:peer
Peer_26:bootstrap INFO 3500: Sending message <Ping:> to Peer_3:peer
Peer_26:bootstrap INFO 3500: Sending message <Ping:> to Peer_23:peer
Peer_26:bootstrap INFO 3500: Sending message <Ping:> to Peer_13:peer
Peer_26:bootstrap INFO 3500: Sending message <Ping:> to Peer_7:peer
Peer_26:bootstrap INFO 3500.4811937099335: Received message <Ping:> from Peer_12:peer
Peer_26:bootstrap INFO 3500.4811937099335: Sending message <Pong:> to Peer_12:peer
Peer_26:bootstrap INFO 3500.500798270703: Received message <RequestPeers:> from Peer_1:client
Peer_26:bootstrap INFO 3500.500798270703: Sending message <PeerList> to Peer_1:client
Peer_26:bootstrap INFO 3501.1036591651095: Received message <Pong:> from Peer_12:peer
Peer_26:bootstrap INFO 3535.9080573466936: Received message <Ping:> from Peer_25:peer
Peer_26:bootstrap INFO 3535.9080573466936: Sending message <Pong:> to Peer_25:peer
Peer_26:bootstrap INFO 3536.3222009937454: Received message <Ping:> from Peer_21:peer
Peer_26:bootstrap INFO 3536.3222009937454: Sending message <Pong:> to Peer_21:peer
Peer_26:bootstrap INFO 3536.730535681231: Received message <Ping:> from Peer_3:peer
Peer_26:bootstrap INFO 3536.730535681231: Sending message <Pong:> to Peer_3:peer
Peer_26:bootstrap INFO 3537.577819059978: Received message <Ping:> from Peer_20:peer
Peer_26:bootstrap INFO 3537.577819059978: Sending message <Pong:> to Peer_20:peer
Peer_26:bootstrap INFO 3537.7483449920305: Received message <Ping:> from Peer_10:peer
Peer_26:bootstrap INFO 3537.7483449920305: Sending message <Pong:> to Peer_10:peer
Peer_26:bootstrap INFO 3565.422341074948: Received message <Ping:> from Peer_23:peer
Peer_26:bootstrap INFO 3565.422341074948: Sending message <Pong:> to Peer_23:peer
Peer_26:bootstrap INFO 3565.4733777416286: Received message <Ping:> from Peer_7:peer
Peer_26:bootstrap INFO 3565.4733777416286: Sending message <Pong:> to Peer_7:peer
Peer_26:bootstrap INFO 3565.6168788250698: Received message <Ping:> from Peer_13:peer
Peer_26:bootstrap INFO 3565.6168788250698: Sending message <Pong:> to Peer_13:peer
Peer_26:bootstrap INFO 3572.3688212893685: Received message <Pong:> from Peer_25:peer
Peer_26:bootstrap INFO 3574.2713944298343: Received message <Pong:> from Peer_20:peer
Peer_26:bootstrap INFO 3574.6331144375445: Received message <Pong:> from Peer_10:peer
Peer_26:bootstrap INFO 3574.8037675088353: Received message <Pong:> from Peer_3:peer
Peer_26:bootstrap INFO 3574.9153972240106: Received message <Pong:> from Peer_21:peer
Peer_26:bootstrap INFO 3630.9946146909015: Received message <Pong:> from Peer_23:peer
Peer_26:bootstrap INFO 3631.0374063433205: Received message <Pong:> from Peer_7:peer
Peer_26:bootstrap INFO 3631.181477501676: Received message <Pong:> from Peer_13:peer
Peer_26:bootstrap INFO 4000: Sending message <Ping:> to Peer_18:peer
Peer_26:bootstrap INFO 4000: Sending message <Ping:> to Peer_24:peer
Peer_26:bootstrap INFO 4000: Sending message <Ping:> to Peer_2:peer
Peer_26:bootstrap INFO 4000: Sending message <Ping:> to Peer_16:peer
Peer_26:bootstrap INFO 4000: Sending message <Ping:> to Peer_5:peer
Peer_26:bootstrap INFO 4000: Sending message <Ping:> to Peer_14:peer
Peer_26:bootstrap INFO 4000: Sending message <Ping:> to Peer_8:peer
Peer_26:bootstrap INFO 4000: Sending message <Ping:> to Peer_6:peer
Peer_26:bootstrap INFO 4000: Sending message <Ping:> to Peer_22:peer
Peer_26:bootstrap INFO 4000: Sending message <Ping:> to Peer_15:peer
Peer_26:bootstrap INFO 4000: Sending message <Ping:> to Peer_19:peer
Peer_26:bootstrap INFO 4000: Sending message <Ping:> to Peer_9:peer
Peer_26:bootstrap INFO 4000: Sending message <Ping:> to Peer_11:peer
Peer_26:bootstrap INFO 4000: Sending message <Ping:> to Peer_17:peer
Peer_26:bootstrap INFO 4000: Sending message <Ping:> to Peer_4:peer
Peer_26:bootstrap INFO 4000.4781181656467: Received message <Ping:> from Peer_18:peer
Peer_26:bootstrap INFO 4000.4781181656467: Sending message <Pong:> to Peer_18:peer
Peer_26:bootstrap INFO 4000.4792698445217: Received message <Ping:> from Peer_2:peer
Peer_26:bootstrap INFO 4000.4792698445217: Sending message <Pong:> to Peer_2:peer
Peer_26:bootstrap INFO 4000.5145052192106: Received message <Ping:> from Peer_24:peer
Peer_26:bootstrap INFO 4000.5145052192106: Sending message <Pong:> to Peer_24:peer
Peer_26:bootstrap INFO 4000.9804806651096: Received message <Pong:> from Peer_2:peer
Peer_26:bootstrap INFO 4001.022716364014: Received message <Pong:> from Peer_18:peer
Peer_26:bootstrap INFO 4001.143523395409: Received message <Pong:> from Peer_24:peer
Peer_26:bootstrap INFO 4035.7233634947834: Received message <Ping:> from Peer_16:peer
Peer_26:bootstrap INFO 4035.7233634947834: Sending message <Pong:> to Peer_16:peer
Peer_26:bootstrap INFO 4036.4669486260236: Received message <Ping:> from Peer_5:peer
Peer_26:bootstrap INFO 4036.4669486260236: Sending message <Pong:> to Peer_5:peer
Peer_26:bootstrap INFO 4036.6823347966597: Received message <Ping:> from Peer_22:peer
Peer_26:bootstrap INFO 4036.6823347966597: Sending message <Pong:> to Peer_22:peer
Peer_26:bootstrap INFO 4036.8251609417575: Received message <Ping:> from Peer_8:peer
Peer_26:bootstrap INFO 4036.8251609417575: Sending message <Pong:> to Peer_8:peer
Peer_26:bootstrap INFO 4036.8549975353667: Received message <Ping:> from Peer_6:peer
Peer_26:bootstrap INFO 4036.8549975353667: Sending message <Pong:> to Peer_6:peer
Peer_26:bootstrap INFO 4037.2671463740544: Received message <Ping:> from Peer_14:peer
Peer_26:bootstrap INFO 4037.2671463740544: Sending message <Pong:> to Peer_14:peer
Peer_26:bootstrap INFO 4037.364078697002: Received message <Ping:> from Peer_15:peer
Peer_26:bootstrap INFO 4037.364078697002: Sending message <Pong:> to Peer_15:peer
Peer_26:bootstrap INFO 4065.4588349729597: Received message <Ping:> from Peer_4:peer
Peer_26:bootstrap INFO 4065.4588349729597: Sending message <Pong:> to Peer_4:peer
Peer_26:bootstrap INFO 4065.47134059816: Received message <Ping:> from Peer_11:peer
Peer_26:bootstrap INFO 4065.47134059816: Sending message <Pong:> to Peer_11:peer
Peer_26:bootstrap INFO 4065.517454328803: Received message <Ping:> from Peer_19:peer
Peer_26:bootstrap INFO 4065.517454328803: Sending message <Pong:> to Peer_19:peer
Peer_26:bootstrap INFO 4065.6156446588166: Received message <Ping:> from Peer_17:peer
Peer_26:bootstrap INFO 4065.6156446588166: Sending message <Pong:> to Peer_17:peer
Peer_26:bootstrap INFO 4065.657134757886: Received message <Ping:> from Peer_9:peer
Peer_26:bootstrap INFO 4065.657134757886: Sending message <Pong:> to Peer_9:peer
Peer_26:bootstrap INFO 4072.1303717482083: Received message <Pong:> from Peer_22:peer
Peer_26:bootstrap INFO 4072.487734223458: Received message <Pong:> from Peer_6:peer
Peer_26:bootstrap INFO 4073.403753052773: Received message <Pong:> from Peer_8:peer
Peer_26:bootstrap INFO 4073.5221130786467: Received message <Pong:> from Peer_14:peer
Peer_26:bootstrap INFO 4073.573317317061: Received message <Pong:> from Peer_5:peer
Peer_26:bootstrap INFO 4074.0633965782026: Received message <Pong:> from Peer_15:peer
Peer_26:bootstrap INFO 4074.6209277306384: Received message <Pong:> from Peer_16:peer
Peer_26:bootstrap INFO 4130.777544225704: Received message <Pong:> from Peer_9:peer
Peer_26:bootstrap INFO 4130.977620148501: Received message <Pong:> from Peer_19:peer
Peer_26:bootstrap INFO 4130.983858246218: Received message <Pong:> from Peer_4:peer
Peer_26:bootstrap INFO 4131.120407808944: Received message <Pong:> from Peer_11:peer
Peer_26:bootstrap INFO 4131.408944050578: Received message <Pong:> from Peer_17:peer
Peer_26:bootstrap INFO 4500: Sending message <Ping:> to Peer_1:client
Peer_26:bootstrap INFO 4500: Sending message <Ping:> to Peer_12:peer
Peer_26:bootstrap INFO 4500: Sending message <Ping:> to Peer_10:peer
Peer_26:bootstrap INFO 4500: Sending message <Ping:> to Peer_21:peer
Peer_26:bootstrap INFO 4500: Sending message <Ping:> to Peer_25:peer
Peer_26:bootstrap INFO 4500: Sending message <Ping:> to Peer_20:peer
Peer_26:bootstrap INFO 4500: Sending message <Ping:> to Peer_3:peer
Peer_26:bootstrap INFO 4500: Sending message <Ping:> to Peer_23:peer
Peer_26:bootstrap INFO 4500: Sending message <Ping:> to Peer_13:peer
Peer_26:bootstrap INFO 4500: Sending message <Ping:> to Peer_7:peer
Peer_26:bootstrap INFO 4500.471274137749: Received message <Ping:> from Peer_12:peer
Peer_26:bootstrap INFO 4500.471274137749: Sending message <Pong:> to Peer_12:peer
Peer_26:bootstrap INFO 4500.49211917476: Received message <Ping:> from Peer_1:client
Peer_26:bootstrap INFO 4500.49211917476: Sending message <Pong:> to Peer_1:client
Peer_26:bootstrap INFO 4501.020007966293: Received message <Pong:> from Peer_1:client
Peer_26:bootstrap INFO 4501.146237195535: Received message <Pong:> from Peer_12:peer
Peer_26:bootstrap INFO 4536.059831014645: Received message <Ping:> from Peer_25:peer
Peer_26:bootstrap INFO 4536.059831014645: Sending message <Pong:> to Peer_25:peer
Peer_26:bootstrap INFO 4536.656941252312: Received message <Ping:> from Peer_20:peer
Peer_26:bootstrap INFO 4536.656941252312: Sending message <Pong:> to Peer_20:peer
Peer_26:bootstrap INFO 4537.008890368104: Received message <Ping:> from Peer_21:peer
Peer_26:bootstrap INFO 4537.008890368104: Sending message <Pong:> to Peer_21:peer
Peer_26:bootstrap INFO 4537.548050457845: Received message <Ping:> from Peer_3:peer
Peer_26:bootstrap INFO 4537.548050457845: Sending message <Pong:> to Peer_3:peer
Peer_26:bootstrap INFO 4537.6483857873955: Received message <Ping:> from Peer_10:peer
Peer_26:bootstrap INFO 4537.6483857873955: Sending message <Pong:> to Peer_10:peer
Peer_26:bootstrap INFO 4565.547496687485: Received message <Ping:> from Peer_13:peer
Peer_26:bootstrap INFO 4565.547496687485: Sending message <Pong:> to Peer_13:peer
Peer_26:bootstrap INFO 4565.736241806809: Received message <Ping:> from Peer_7:peer
Peer_26:bootstrap INFO 4565.736241806809: Sending message <Pong:> to Peer_7:peer
Peer_26:bootstrap INFO 4565.774869863215: Received message <Ping:> from Peer_23:peer
Peer_26:bootstrap INFO 4565.774869863215: Sending message <Pong:> to Peer_23:peer
Peer_26:bootstrap INFO 4573.448417277696: Received message <Pong:> from Peer_3:peer
Peer_26:bootstrap INFO 4573.761824094251: Received message <Pong:> from Peer_21:peer
Peer_26:bootstrap INFO 4573.812307297379: Received message <Pong:> from Peer_25:peer
Peer_26:bootstrap INFO 4574.90574526776: Received message <Pong:> from Peer_20:peer
Peer_26:bootstrap INFO 4575.786297069321: Received message <Pong:> from Peer_10:peer
Peer_26:bootstrap INFO 4630.874139471855: Received message <Pong:> from Peer_7:peer
Peer_26:bootstrap INFO 4631.041114495145: Received message <Pong:> from Peer_13:peer
Peer_26:bootstrap INFO 4631.157334891513: Received message <Pong:> from Peer_23:peer
Peer_26:bootstrap INFO 5000: Sending message <Ping:> to Peer_18:peer
Peer_26:bootstrap INFO 5000: Sending message <Ping:> to Peer_24:peer
Peer_26:bootstrap INFO 5000: Sending message <Ping:> to Peer_2:peer
Peer_26:bootstrap INFO 5000: Sending message <Ping:> to Peer_16:peer
Peer_26:bootstrap INFO 5000: Sending message <Ping:> to Peer_5:peer
Peer_26:bootstrap INFO 5000: Sending message <Ping:> to Peer_14:peer
Peer_26:bootstrap INFO 5000: Sending message <Ping:> to Peer_8:peer
Peer_26:bootstrap INFO 5000: Sending message <Ping:> to Peer_6:peer
Peer_26:bootstrap INFO 5000: Sending message <Ping:> to Peer_22:peer
Peer_26:bootstrap INFO 5000: Sending message <Ping:> to Peer_15:peer
Peer_26:bootstrap INFO 5000: Sending message <Ping:> to Peer_19:peer
Peer_26:bootstrap INFO 5000: Sending message <Ping:> to Peer_9:peer
Peer_26:bootstrap INFO 5000: Sending message <Ping:> to Peer_11:peer
Peer_26:bootstrap INFO 5000: Sending message <Ping:> to Peer_17:peer
Peer_26:bootstrap INFO 5000: Sending message <Ping:> to Peer_4:peer
Peer_26:bootstrap INFO 5000.488414750495: Received message <Ping:> from Peer_24:peer
Peer_26:bootstrap INFO 5000.488414750495: Sending message <Pong:> to Peer_24:peer
Peer_26:bootstrap INFO 5000.491143233083: Received message <Ping:> from Peer_2:peer
Peer_26:bootstrap INFO 5000.491143233083: Sending message <Pong:> to Peer_2:peer
Peer_26:bootstrap INFO 5000.619184157675: Received message <Ping:> from Peer_18:peer
Peer_26:bootstrap INFO 5000.619184157675: Sending message <Pong:> to Peer_18:peer
Peer_26:bootstrap INFO 5000.973445684523: Received message <Pong:> from Peer_18:peer
Peer_26:bootstrap INFO 5000.973855330117: Received message <Pong:> from Peer_24:peer
Peer_26:bootstrap INFO 5001.09428247464: Received message <Pong:> from Peer_2:peer
Peer_26:bootstrap INFO 5035.286649066457: Received message <Ping:> from Peer_8:peer
Peer_26:bootstrap INFO 5035.286649066457: Sending message <Pong:> to Peer_8:peer
Peer_26:bootstrap INFO 5035.661288265797: Received message <Ping:> from Peer_16:peer
Peer_26:bootstrap INFO 5035.661288265797: Sending message <Pong:> to Peer_16:peer
Peer_26:bootstrap INFO 5036.118751055917: Received message <Ping:> from Peer_15:peer
Peer_26:bootstrap INFO 5036.118751055917: Sending message <Pong:> to Peer_15:peer
Peer_26:bootstrap INFO 5036.241270073037: Received message <Ping:> from Peer_5:peer
Peer_26:bootstrap INFO 5036.241270073037: Sending message <Pong:> to Peer_5:peer
Peer_26:bootstrap INFO 5036.5043958928345: Received message <Ping:> from Peer_14:peer
Peer_26:bootstrap INFO 5036.5043958928345: Sending message <Pong:> to Peer_14:peer
Peer_26:bootstrap INFO 5036.811304069824: Received message <Ping:> from Peer_6:peer
Peer_26:bootstrap INFO 5036.811304069824: Sending message <Pong:> to Peer_6:peer
Peer_26:bootstrap INFO 5037.362095167862: Received message <Ping:> from Peer_22:peer
Peer_26:bootstrap INFO 5037.362095167862: Sending message <Pong:> to Peer_22:peer
Peer_26:bootstrap INFO 5065.428260956237: Received message <Ping:> from Peer_17:peer
Peer_26:bootstrap INFO 5065.428260956237: Sending message <Pong:> to Peer_17:peer
Peer_26:bootstrap INFO 5065.464474272748: Received message <Ping:> from Peer_9:peer
Peer_26:bootstrap INFO 5065.464474272748: Sending message <Pong:> to Peer_9:peer
Peer_26:bootstrap INFO 5065.5350958083945: Received message <Ping:> from Peer_19:peer
Peer_26:bootstrap INFO 5065.5350958083945: Sending message <Pong:> to Peer_19:peer
Peer_26:bootstrap INFO 5065.5395003429185: Received message <Ping:> from Peer_11:peer
Peer_26:bootstrap INFO 5065.5395003429185: Sending message <Pong:> to Peer_11:peer
Peer_26:bootstrap INFO 5065.554827191832: Received message <Ping:> from Peer_4:peer
Peer_26:bootstrap INFO 5065.554827191832: Sending message <Pong:> to Peer_4:peer
Peer_26:bootstrap INFO 5073.270394055695: Received message <Pong:> from Peer_8:peer
Peer_26:bootstrap INFO 5073.970445073796: Received message <Pong:> from Peer_6:peer
Peer_26:bootstrap INFO 5074.050832455315: Received message <Pong:> from Peer_15:peer
Peer_26:bootstrap INFO 5074.23070116576: Received message <Pong:> from Peer_16:peer
Peer_26:bootstrap INFO 5074.700969423968: Received message <Pong:> from Peer_22:peer
Peer_26:bootstrap INFO 5075.015069209613: Received message <Pong:> from Peer_14:peer
Peer_26:bootstrap INFO 5075.134597144484: Received message <Pong:> from Peer_5:peer
Peer_26:bootstrap INFO 5130.713246634682: Received message <Pong:> from Peer_9:peer
Peer_26:bootstrap INFO 5130.777413830912: Received message <Pong:> from Peer_19:peer
Peer_26:bootstrap INFO 5130.8121360849045: Received message <Pong:> from Peer_11:peer
Peer_26:bootstrap INFO 5131.013014565735: Received message <Pong:> from Peer_17:peer
Peer_26:bootstrap INFO 5131.172470777761: Received message <Pong:> from Peer_4:peer
