Peer_3:peer WARNING 0: Not enough peers, fetching more (0, 4)
Peer_3:peer INFO 37.53140330697563: Connecting to Peer_26:bootstrap
Peer_3:peer INFO 72.70420541089054: Received message <Hello:> from Peer_26:bootstrap
Peer_3:peer INFO 74.95072075815682: Received message <RequestPeers:> from Peer_26:bootstrap
Peer_3:peer INFO 74.95072075815682: Sending message <PeerList> to Peer_26:bootstrap
Peer_3:peer WARNING 500: Not enough peers, fetching more (1, 4)
Peer_3:peer INFO 500: Sending message <RequestPeers:> to Peer_26:bootstrap
Peer_3:peer INFO 574.064653180602: Received message <PeerList> from Peer_26:bootstrap
Peer_3:peer WARNING 1000: Not enough peers, fetching more (1, 4)
Peer_3:peer INFO 1000: Sending message <RequestPeers:> to Peer_26:bootstrap
Peer_3:peer INFO 1000.353706120964: Connecting to Peer_14:peer
Peer_3:peer INFO 1000.6175251262088: Received message <Hello:> from Peer_14:peer
Peer_3:peer INFO 1000.6231700908866: Received message <RequestPeers:> from Peer_14:peer
Peer_3:peer INFO 1000.6231700908866: Sending message <PeerList> to Peer_14:peer
Peer_3:peer INFO 1074.1787335768493: Received message <PeerList> from Peer_26:bootstrap
Peer_3:peer WARNING 1500: Not enough peers, fetching more (2, 4)
Peer_3:peer INFO 1500: Sending message <RequestPeers:> to Peer_26:bootstrap
Peer_3:peer INFO 1500: Sending message <RequestPeers:> to Peer_14:peer
Peer_3:peer INFO 1500.2175932671346: Connecting to Peer_8:peer
Peer_3:peer INFO 1500.4387433934235: Received message <Hello:> from Peer_8:peer
Peer_3:peer INFO 1500.4507791234378: Received message <RequestPeers:> from Peer_8:peer
Peer_3:peer INFO 1500.4507791234378: Sending message <PeerList> to Peer_8:peer
Peer_3:peer INFO 1500.6504126054008: Received message <PeerList> from Peer_14:peer
Peer_3:peer INFO 1543.9530677856933: Received message <GossipMessage:3_1> from Peer_8:peer
Peer_3:peer INFO 1543.9530677856933: Sending message <GossipMessage:3_1> to Peer_14:peer
Peer_3:peer INFO 1572.3213806690126: Received message <PeerList> from Peer_26:bootstrap
Peer_3:peer INFO 1637.3370436964235: Received message <GossipMessage:4_1> from Peer_8:peer
Peer_3:peer INFO 1637.3370436964235: Sending message <GossipMessage:4_1> to Peer_14:peer
Peer_3:peer INFO 1637.6067276931378: Received message <GossipMessage:4_1> from Peer_14:peer
Peer_3:peer INFO 1710.321072726005: Received message <GossipMessage:4_1> from Peer_8:peer
Peer_3:peer INFO 1711.8040447382352: Received message <GossipMessage:4_1> from Peer_8:peer
Peer_3:peer INFO 1743.877622553163: Received message <GossipMessage:4_1> from Peer_8:peer
Peer_3:peer INFO 1743.877622553163: Sending message <GossipMessage:4_1> to Peer_14:peer
Peer_3:peer INFO 1837.4673288512504: Received message <GossipMessage:5_1> from Peer_14:peer
Peer_3:peer INFO 1837.9158145700176: Received message <GossipMessage:5_1> from Peer_8:peer
Peer_3:peer INFO 1837.9158145700176: Sending message <GossipMessage:5_1> to Peer_14:peer
Peer_3:peer INFO 1838.02160203565: Received message <GossipMessage:5_1> from Peer_14:peer
Peer_3:peer INFO 1910.7517085763272: Received message <GossipMessage:5_1> from Peer_8:peer
Peer_3:peer INFO 1912.1128703087522: Received message <GossipMessage:5_1> from Peer_8:peer
Peer_3:peer INFO 1943.5410589023845: Received message <GossipMessage:5_1> from Peer_8:peer
Peer_3:peer INFO 1943.5410589023845: Sending message <GossipMessage:5_1> to Peer_14:peer
Peer_3:peer WARNING 2000: Not enough peers, fetching more (3, 4)
Peer_3:peer INFO 2000.3177509976194: Connecting to Peer_15:peer
Peer_3:peer INFO 2000.5820301966055: Received message <Hello:> from Peer_15:peer
Peer_3:peer INFO 2000.6263139326556: Received message <RequestPeers:> from Peer_15:peer
Peer_3:peer INFO 2000.6263139326556: Sending message <PeerList> to Peer_15:peer
Peer_3:peer INFO 2037.5040678916916: Received message <GossipMessage:6_1> from Peer_15:peer
Peer_3:peer INFO 2037.5040678916916: Sending message <GossipMessage:6_1> to Peer_8:peer
Peer_3:peer INFO 2037.5040678916916: Sending message <GossipMessage:6_1> to Peer_14:peer
Peer_3:peer INFO 2037.7564794002742: Received message <GossipMessage:6_1> from Peer_14:peer
Peer_3:peer INFO 2038.2540251542973: Received message <GossipMessage:6_1> from Peer_15:peer
Peer_3:peer INFO 2038.2540251542973: Sending message <GossipMessage:6_1> to Peer_8:peer
Peer_3:peer INFO 2038.2540251542973: Sending message <GossipMessage:6_1> to Peer_14:peer
Peer_3:peer INFO 2039.2527526306674: Received message <GossipMessage:6_1> from Peer_8:peer
Peer_3:peer INFO 2039.2527526306674: Sending message <GossipMessage:6_1> to Peer_15:peer
Peer_3:peer INFO 2039.2527526306674: Sending message <GossipMessage:6_1> to Peer_14:peer
Peer_3:peer INFO 2110.877489113327: Received message <GossipMessage:6_1> from Peer_8:peer
Peer_3:peer INFO 2110.950808985248: Received message <GossipMessage:6_1> from Peer_8:peer
Peer_3:peer INFO 2111.03438247553: Received message <GossipMessage:6_1> from Peer_15:peer
Peer_3:peer INFO 2143.8768684426586: Received message <GossipMessage:6_1> from Peer_8:peer
Peer_3:peer INFO 2143.8768684426586: Sending message <GossipMessage:6_1> to Peer_15:peer
Peer_3:peer INFO 2143.8768684426586: Sending message <GossipMessage:6_1> to Peer_14:peer
Peer_3:peer INFO 2237.1051483270962: Received message <GossipMessage:7_1> from Peer_8:peer
Peer_3:peer INFO 2237.1051483270962: Sending message <GossipMessage:7_1> to Peer_15:peer
Peer_3:peer INFO 2237.1051483270962: Sending message <GossipMessage:7_1> to Peer_14:peer
Peer_3:peer INFO 2238.1160445310516: Received message <GossipMessage:7_1> from Peer_15:peer
Peer_3:peer INFO 2238.1160445310516: Sending message <GossipMessage:7_1> to Peer_8:peer
Peer_3:peer INFO 2238.1160445310516: Sending message <GossipMessage:7_1> to Peer_14:peer
Peer_3:peer INFO 2239.45388731115: Received message <GossipMessage:7_1> from Peer_8:peer
Peer_3:peer INFO 2239.45388731115: Sending message <GossipMessage:7_1> to Peer_15:peer
Peer_3:peer INFO 2239.45388731115: Sending message <GossipMessage:7_1> to Peer_14:peer
Peer_3:peer INFO 2311.1426375488213: Received message <GossipMessage:7_1> from Peer_15:peer
Peer_3:peer INFO 2311.8493924938466: Received message <GossipMessage:7_1> from Peer_8:peer
Peer_3:peer INFO 2314.1640448528738: Received message <GossipMessage:7_1> from Peer_15:peer
Peer_3:peer INFO 2343.5157361404545: Received message <GossipMessage:7_1> from Peer_8:peer
Peer_3:peer INFO 2343.5157361404545: Sending message <GossipMessage:7_1> to Peer_15:peer
Peer_3:peer INFO 2343.5157361404545: Sending message <GossipMessage:7_1> to Peer_14:peer
Peer_3:peer INFO 2344.3350820245296: Received message <GossipMessage:7_1> from Peer_8:peer
Peer_3:peer INFO 2392.672413990057: Received message <GossipMessage:7_1> from Peer_14:peer
Peer_3:peer INFO 2437.444677822626: Received message <GossipMessage:8_1> from Peer_8:peer
Peer_3:peer INFO 2437.444677822626: Sending message <GossipMessage:8_1> to Peer_15:peer
Peer_3:peer INFO 2437.444677822626: Sending message <GossipMessage:8_1> to Peer_14:peer
Peer_3:peer INFO 2437.574980865342: Received message <GossipMessage:8_1> from Peer_8:peer
Peer_3:peer INFO 2437.574980865342: Sending message <GossipMessage:8_1> to Peer_14:peer
Peer_3:peer INFO 2437.574980865342: Sending message <GossipMessage:8_1> to Peer_15:peer
Peer_3:peer INFO 2437.733313938138: Received message <GossipMessage:8_1> from Peer_14:peer
Peer_3:peer INFO 2437.876895896066: Received message <GossipMessage:8_1> from Peer_14:peer
Peer_3:peer INFO 2500: Sending message <Ping:> to Peer_26:bootstrap
Peer_3:peer INFO 2510.9452527716844: Received message <GossipMessage:8_1> from Peer_15:peer
Peer_3:peer INFO 2511.357853371085: Received message <GossipMessage:8_1> from Peer_8:peer
Peer_3:peer INFO 2536.183596158559: Received message <Ping:> from Peer_26:bootstrap
Peer_3:peer INFO 2536.183596158559: Sending message <Pong:> to Peer_26:bootstrap
Peer_3:peer INFO 2543.8935413613585: Received message <GossipMessage:8_1> from Peer_8:peer
Peer_3:peer INFO 2543.8935413613585: Sending message <GossipMessage:8_1> to Peer_15:peer
Peer_3:peer INFO 2543.8935413613585: Sending message <GossipMessage:8_1> to Peer_14:peer
Peer_3:peer INFO 2544.20988976208: Received message <GossipMessage:8_1> from Peer_8:peer
Peer_3:peer INFO 2574.0112151088883: Received message <Pong:> from Peer_26:bootstrap
Peer_3:peer INFO 2593.6879589664422: Received message <GossipMessage:8_1> from Peer_15:peer
Peer_3:peer INFO 2636.8940827549536: Received message <GossipMessage:9_1> from Peer_8:peer
Peer_3:peer INFO 2636.8940827549536: Sending message <GossipMessage:9_1> to Peer_15:peer
Peer_3:peer INFO 2636.8940827549536: Sending message <GossipMessage:9_1> to Peer_14:peer
Peer_3:peer INFO 2636.9592173532487: Received message <GossipMessage:9_1> from Peer_15:peer
Peer_3:peer INFO 2637.112383044137: Received message <GossipMessage:9_1> from Peer_15:peer
Peer_3:peer INFO 2637.112383044137: Sending message <GossipMessage:9_1> to Peer_14:peer
Peer_3:peer INFO 2637.112383044137: Sending message <GossipMessage:9_1> to Peer_8:peer
Peer_3:peer INFO 2637.4006283789327: Received message <GossipMessage:9_1> from Peer_14:peer
Peer_3:peer INFO 2637.4006283789327: Sending message <GossipMessage:9_1> to Peer_15:peer
Peer_3:peer INFO 2637.4006283789327: Sending message <GossipMessage:9_1> to Peer_8:peer
Peer_3:peer INFO 2637.818556878192: Received message <GossipMessage:9_1> from Peer_14:peer
Peer_3:peer INFO 2637.8583724858595: Received message <GossipMessage:9_1> from Peer_8:peer
Peer_3:peer INFO 2637.8583724858595: Sending message <GossipMessage:9_1> to Peer_14:peer
Peer_3:peer INFO 2637.8583724858595: Sending message <GossipMessage:9_1> to Peer_15:peer
Peer_3:peer INFO 2637.9887024816203: Received message <GossipMessage:9_1> from Peer_14:peer
Peer_3:peer INFO 2637.9887024816203: Sending message <GossipMessage:9_1> to Peer_8:peer
Peer_3:peer INFO 2637.9887024816203: Sending message <GossipMessage:9_1> to Peer_15:peer
Peer_3:peer INFO 2638.379262386324: Received message <GossipMessage:9_1> from Peer_15:peer
Peer_3:peer INFO 2638.379262386324: Sending message <GossipMessage:9_1> to Peer_14:peer
Peer_3:peer INFO 2638.379262386324: Sending message <GossipMessage:9_1> to Peer_8:peer
Peer_3:peer INFO 2708.865335354845: Received message <GossipMessage:9_1> from Peer_15:peer
Peer_3:peer INFO 2708.934049911155: Received message <GossipMessage:9_1> from Peer_8:peer
Peer_3:peer INFO 2709.4652219191817: Received message <GossipMessage:9_1> from Peer_15:peer
Peer_3:peer INFO 2743.9668689083915: Received message <GossipMessage:9_1> from Peer_8:peer
Peer_3:peer INFO 2743.9668689083915: Sending message <GossipMessage:9_1> to Peer_14:peer
Peer_3:peer INFO 2743.9668689083915: Sending message <GossipMessage:9_1> to Peer_15:peer
Peer_3:peer INFO 2792.3545735798366: Received message <GossipMessage:9_1> from Peer_14:peer
Peer_3:peer INFO 2793.121981108491: Received message <GossipMessage:9_1> from Peer_14:peer
Peer_3:peer INFO 2836.643288457901: Received message <GossipMessage:10_1> from Peer_15:peer
Peer_3:peer INFO 2836.643288457901: Sending message <GossipMessage:10_1> to Peer_14:peer
Peer_3:peer INFO 2836.643288457901: Sending message <GossipMessage:10_1> to Peer_8:peer
Peer_3:peer INFO 2836.9095141133043: Received message <GossipMessage:10_1> from Peer_14:peer
Peer_3:peer INFO 2836.9095141133043: Sending message <GossipMessage:10_1> to Peer_8:peer
Peer_3:peer INFO 2836.9095141133043: Sending message <GossipMessage:10_1> to Peer_15:peer
Peer_3:peer INFO 2836.943679433354: Received message <GossipMessage:10_1> from Peer_14:peer
Peer_3:peer INFO 2837.1711652866384: Received message <GossipMessage:10_1> from Peer_15:peer
Peer_3:peer INFO 2837.1711652866384: Sending message <GossipMessage:10_1> to Peer_8:peer
Peer_3:peer INFO 2837.1711652866384: Sending message <GossipMessage:10_1> to Peer_14:peer
Peer_3:peer INFO 2837.500496979828: Received message <GossipMessage:10_1> from Peer_14:peer
Peer_3:peer INFO 2837.500496979828: Sending message <GossipMessage:10_1> to Peer_15:peer
Peer_3:peer INFO 2837.500496979828: Sending message <GossipMessage:10_1> to Peer_8:peer
Peer_3:peer INFO 2908.79016026714: Received message <GossipMessage:10_1> from Peer_8:peer
Peer_3:peer INFO 2909.985149551415: Received message <GossipMessage:10_1> from Peer_15:peer
Peer_3:peer INFO 2910.406190323163: Received message <GossipMessage:10_1> from Peer_15:peer
Peer_3:peer INFO 2911.3754997290794: Received message <GossipMessage:10_1> from Peer_8:peer
Peer_3:peer INFO 2943.8392852756983: Received message <GossipMessage:10_1> from Peer_8:peer
Peer_3:peer INFO 2943.8392852756983: Sending message <GossipMessage:10_1> to Peer_15:peer
Peer_3:peer INFO 2943.8392852756983: Sending message <GossipMessage:10_1> to Peer_14:peer
Peer_3:peer INFO 2944.086851154948: Received message <GossipMessage:10_1> from Peer_8:peer
Peer_3:peer INFO 2993.2908453847544: Received message <GossipMessage:10_1> from Peer_14:peer
Peer_3:peer INFO 3036.385428068066: Received message <GossipMessage:11_1> from Peer_8:peer
Peer_3:peer INFO 3036.385428068066: Sending message <GossipMessage:11_1> to Peer_15:peer
Peer_3:peer INFO 3036.385428068066: Sending message <GossipMessage:11_1> to Peer_14:peer
Peer_3:peer INFO 3036.772359967701: Received message <GossipMessage:11_1> from Peer_15:peer
Peer_3:peer INFO 3036.772359967701: Sending message <GossipMessage:11_1> to Peer_8:peer
Peer_3:peer INFO 3036.772359967701: Sending message <GossipMessage:11_1> to Peer_14:peer
Peer_3:peer INFO 3037.2196172039485: Received message <GossipMessage:11_1> from Peer_15:peer
Peer_3:peer INFO 3037.2196172039485: Sending message <GossipMessage:11_1> to Peer_14:peer
Peer_3:peer INFO 3037.2196172039485: Sending message <GossipMessage:11_1> to Peer_8:peer
Peer_3:peer INFO 3037.2205491389245: Received message <GossipMessage:11_1> from Peer_14:peer
Peer_3:peer INFO 3037.2205491389245: Sending message <GossipMessage:11_1> to Peer_15:peer
Peer_3:peer INFO 3037.2205491389245: Sending message <GossipMessage:11_1> to Peer_8:peer
Peer_3:peer INFO 3037.4429674242915: Received message <GossipMessage:11_1> from Peer_15:peer
Peer_3:peer INFO 3037.4429674242915: Sending message <GossipMessage:11_1> to Peer_14:peer
Peer_3:peer INFO 3037.4429674242915: Sending message <GossipMessage:11_1> to Peer_8:peer
Peer_3:peer INFO 3038.05863554132: Received message <GossipMessage:11_1> from Peer_15:peer
Peer_3:peer INFO 3038.05863554132: Sending message <GossipMessage:11_1> to Peer_8:peer
Peer_3:peer INFO 3038.05863554132: Sending message <GossipMessage:11_1> to Peer_14:peer
Peer_3:peer INFO 3038.522538229463: Received message <GossipMessage:11_1> from Peer_8:peer
Peer_3:peer INFO 3038.522538229463: Sending message <GossipMessage:11_1> to Peer_14:peer
Peer_3:peer INFO 3038.522538229463: Sending message <GossipMessage:11_1> to Peer_15:peer
Peer_3:peer INFO 3109.3284220809196: Received message <GossipMessage:11_1> from Peer_15:peer
Peer_3:peer INFO 3109.933555465394: Received message <GossipMessage:11_1> from Peer_8:peer
Peer_3:peer INFO 3110.70697363781: Received message <GossipMessage:11_1> from Peer_8:peer
Peer_3:peer INFO 3111.197829724638: Received message <GossipMessage:11_1> from Peer_8:peer
Peer_3:peer INFO 3143.7496630357195: Received message <GossipMessage:11_1> from Peer_8:peer
Peer_3:peer INFO 3143.7496630357195: Sending message <GossipMessage:11_1> to Peer_15:peer
Peer_3:peer INFO 3143.7496630357195: Sending message <GossipMessage:11_1> to Peer_14:peer
Peer_3:peer INFO 3144.145251626533: Received message <GossipMessage:11_1> from Peer_8:peer
Peer_3:peer INFO 3192.8133490759133: Received message <GossipMessage:11_1> from Peer_14:peer
Peer_3:peer INFO 3193.113507953803: Received message <GossipMessage:11_1> from Peer_14:peer
Peer_3:peer INFO 3193.234343968992: Received message <GossipMessage:11_1> from Peer_15:peer
Peer_3:peer INFO 3237.131099610606: Received message <GossipMessage:12_1> from Peer_14:peer
Peer_3:peer INFO 3237.131099610606: Sending message <GossipMessage:12_1> to Peer_15:peer
Peer_3:peer INFO 3237.131099610606: Sending message <GossipMessage:12_1> to Peer_8:peer
Peer_3:peer INFO 3237.4856325147416: Received message <GossipMessage:12_1> from Peer_15:peer
Peer_3:peer INFO 3237.4856325147416: Sending message <GossipMessage:12_1> to Peer_14:peer
Peer_3:peer INFO 3237.4856325147416: Sending message <GossipMessage:12_1> to Peer_8:peer
Peer_3:peer INFO 3308.9430414412636: Received message <GossipMessage:12_1> from Peer_8:peer
Peer_3:peer INFO 3311.5090650280235: Received message <GossipMessage:12_1> from Peer_15:peer
Peer_3:peer INFO 3312.6361031171755: Received message <GossipMessage:12_1> from Peer_8:peer
Peer_3:peer INFO 3343.6787297094565: Received message <GossipMessage:12_1> from Peer_8:peer
Peer_3:peer INFO 3343.6787297094565: Sending message <GossipMessage:12_1> to Peer_15:peer
Peer_3:peer INFO 3343.6787297094565: Sending message <GossipMessage:12_1> to Peer_14:peer
Peer_3:peer INFO 3343.803282701466: Received message <GossipMessage:12_1> from Peer_15:peer
Peer_3:peer INFO 3392.0886871814937: Received message <GossipMessage:12_1> from Peer_15:peer
Peer_3:peer INFO 3392.1599526871037: Received message <GossipMessage:12_1> from Peer_14:peer
Peer_3:peer INFO 3393.2642830596815: Received message <GossipMessage:12_1> from Peer_15:peer
Peer_3:peer INFO 3437.210678945695: Received message <GossipMessage:13_1> from Peer_8:peer
Peer_3:peer INFO 3437.210678945695: Sending message <GossipMessage:13_1> to Peer_15:peer
Peer_3:peer INFO 3437.210678945695: Sending message <GossipMessage:13_1> to Peer_14:peer
Peer_3:peer INFO 3437.9420132647992: Received message <GossipMessage:13_1> from Peer_15:peer
Peer_3:peer INFO 3438.521650263038: Received message <GossipMessage:13_1> from Peer_14:peer
Peer_3:peer INFO 3438.6616572374246: Received message <GossipMessage:13_1> from Peer_15:peer
Peer_3:peer INFO 3438.6616572374246: Sending message <GossipMessage:13_1> to Peer_14:peer
Peer_3:peer INFO 3438.6616572374246: Sending message <GossipMessage:13_1> to Peer_8:peer
Peer_3:peer INFO 3438.8192263338046: Received message <GossipMessage:13_1> from Peer_14:peer
Peer_3:peer INFO 3438.8192263338046: Sending message <GossipMessage:13_1> to Peer_15:peer
Peer_3:peer INFO 3438.8192263338046: Sending message <GossipMessage:13_1> to Peer_8:peer
Peer_3:peer INFO 3500: Sending message <Ping:> to Peer_26:bootstrap
Peer_3:peer INFO 3510.8819231338753: Received message <GossipMessage:13_1> from Peer_8:peer
Peer_3:peer INFO 3511.6156112409767: Received message <GossipMessage:13_1> from Peer_8:peer
Peer_3:peer INFO 3537.7324014077967: Received message <Ping:> from Peer_26:bootstrap
Peer_3:peer INFO 3537.7324014077967: Sending message <Pong:> to Peer_26:bootstrap
Peer_3:peer INFO 3543.430778163904: Received message <GossipMessage:13_1> from Peer_8:peer
Peer_3:peer INFO 3543.430778163904: Sending message <GossipMessage:13_1> to Peer_14:peer
Peer_3:peer INFO 3543.430778163904: Sending message <GossipMessage:13_1> to Peer_15:peer
Peer_3:peer INFO 3543.933555374773: Received message <GossipMessage:13_1> from Peer_15:peer
Peer_3:peer INFO 3544.1854875296226: Received message <GossipMessage:13_1> from Peer_8:peer
Peer_3:peer INFO 3572.6385626890938: Received message <Pong:> from Peer_26:bootstrap
Peer_3:peer INFO 3592.816847201903: Received message <GossipMessage:13_1> from Peer_14:peer
Peer_3:peer INFO 3594.316707076687: Received message <GossipMessage:13_1> from Peer_15:peer
Peer_3:peer INFO 3594.543172013733: Received message <GossipMessage:13_1> from Peer_14:peer
Peer_3:peer INFO 3636.904883052134: Received message <GossipMessage:14_1> from Peer_14:peer
Peer_3:peer INFO 3636.904883052134: Sending message <GossipMessage:14_1> to Peer_15:peer
Peer_3:peer INFO 3636.904883052134: Sending message <GossipMessage:14_1> to Peer_8:peer
Peer_3:peer INFO 3637.3332355465755: Received message <GossipMessage:14_1> from Peer_8:peer
Peer_3:peer INFO 3637.3332355465755: Sending message <GossipMessage:14_1> to Peer_15:peer
Peer_3:peer INFO 3637.3332355465755: Sending message <GossipMessage:14_1> to Peer_14:peer
Peer_3:peer INFO 3637.5875642484502: Received message <GossipMessage:14_1> from Peer_15:peer
Peer_3:peer INFO 3637.705228870878: Received message <GossipMessage:14_1> from Peer_15:peer
Peer_3:peer INFO 3637.705228870878: Sending message <GossipMessage:14_1> to Peer_8:peer
Peer_3:peer INFO 3637.705228870878: Sending message <GossipMessage:14_1> to Peer_14:peer
Peer_3:peer INFO 3638.0601752343528: Received message <GossipMessage:14_1> from Peer_14:peer
Peer_3:peer INFO 3710.025850972752: Received message <GossipMessage:14_1> from Peer_8:peer
Peer_3:peer INFO 3711.574243906952: Received message <GossipMessage:14_1> from Peer_15:peer
Peer_3:peer INFO 3743.682880359467: Received message <GossipMessage:14_1> from Peer_14:peer
Peer_3:peer INFO 3743.682880359467: Sending message <GossipMessage:14_1> to Peer_8:peer
Peer_3:peer INFO 3743.682880359467: Sending message <GossipMessage:14_1> to Peer_15:peer
Peer_3:peer INFO 3743.687312341748: Received message <GossipMessage:14_1> from Peer_8:peer
Peer_3:peer INFO 3743.687312341748: Sending message <GossipMessage:14_1> to Peer_14:peer
Peer_3:peer INFO 3743.687312341748: Sending message <GossipMessage:14_1> to Peer_15:peer
Peer_3:peer INFO 3743.970907565614: Received message <GossipMessage:14_1> from Peer_15:peer
Peer_3:peer INFO 3744.1974635832585: Received message <GossipMessage:14_1> from Peer_8:peer
Peer_3:peer INFO 3793.093126585015: Received message <GossipMessage:14_1> from Peer_8:peer
Peer_3:peer INFO 3793.4020451026895: Received message <GossipMessage:14_1> from Peer_14:peer
Peer_3:peer INFO 3835.648138351157: Received message <GossipMessage:15_1> from Peer_14:peer
Peer_3:peer INFO 3835.648138351157: Sending message <GossipMessage:15_1> to Peer_15:peer
Peer_3:peer INFO 3835.648138351157: Sending message <GossipMessage:15_1> to Peer_8:peer
Peer_3:peer INFO 3835.8076899350203: Received message <GossipMessage:15_1> from Peer_15:peer
Peer_3:peer INFO 3835.8076899350203: Sending message <GossipMessage:15_1> to Peer_14:peer
Peer_3:peer INFO 3835.8076899350203: Sending message <GossipMessage:15_1> to Peer_8:peer
Peer_3:peer INFO 3836.6535121135885: Received message <GossipMessage:15_1> from Peer_15:peer
Peer_3:peer INFO 3836.9955426091283: Received message <GossipMessage:15_1> from Peer_15:peer
Peer_3:peer INFO 3836.9955426091283: Sending message <GossipMessage:15_1> to Peer_14:peer
Peer_3:peer INFO 3836.9955426091283: Sending message <GossipMessage:15_1> to Peer_8:peer
Peer_3:peer INFO 3837.2273036803863: Received message <GossipMessage:15_1> from Peer_8:peer
Peer_3:peer INFO 3837.2273036803863: Sending message <GossipMessage:15_1> to Peer_14:peer
Peer_3:peer INFO 3837.2273036803863: Sending message <GossipMessage:15_1> to Peer_15:peer
Peer_3:peer INFO 3837.41171188526: Received message <GossipMessage:15_1> from Peer_14:peer
Peer_3:peer INFO 3837.41171188526: Sending message <GossipMessage:15_1> to Peer_8:peer
Peer_3:peer INFO 3837.41171188526: Sending message <GossipMessage:15_1> to Peer_15:peer
Peer_3:peer INFO 3838.4228095756516: Received message <GossipMessage:15_1> from Peer_14:peer
Peer_3:peer INFO 3910.196158270097: Received message <GossipMessage:15_1> from Peer_8:peer
Peer_3:peer INFO 3910.7405319766776: Received message <GossipMessage:15_1> from Peer_8:peer
Peer_3:peer INFO 3912.0585100346816: Received message <GossipMessage:15_1> from Peer_15:peer
Peer_3:peer INFO 3912.9079792124035: Received message <GossipMessage:15_1> from Peer_8:peer
Peer_3:peer INFO 3943.882729411376: Received message <GossipMessage:15_1> from Peer_15:peer
Peer_3:peer INFO 3943.882729411376: Sending message <GossipMessage:15_1> to Peer_14:peer
Peer_3:peer INFO 3943.882729411376: Sending message <GossipMessage:15_1> to Peer_8:peer
Peer_3:peer INFO 3943.9781930311665: Received message <GossipMessage:15_1> from Peer_8:peer
Peer_3:peer INFO 3943.9781930311665: Sending message <GossipMessage:15_1> to Peer_14:peer
Peer_3:peer INFO 3943.9781930311665: Sending message <GossipMessage:15_1> to Peer_15:peer
Peer_3:peer INFO 3944.12804745751: Received message <GossipMessage:15_1> from Peer_15:peer
Peer_3:peer INFO 3944.6334415435704: Received message <GossipMessage:15_1> from Peer_8:peer
Peer_3:peer INFO 3991.5660409825837: Received message <GossipMessage:15_1> from Peer_15:peer
Peer_3:peer INFO 3994.2739083733104: Received message <GossipMessage:15_1> from Peer_14:peer
Peer_3:peer INFO 4036.9040595613474: Received message <GossipMessage:16_1> from Peer_14:peer
Peer_3:peer INFO 4036.972606230134: Received message <GossipMessage:16_1> from Peer_15:peer
Peer_3:peer INFO 4036.972606230134: Sending message <GossipMessage:16_1> to Peer_8:peer
Peer_3:peer INFO 4036.972606230134: Sending message <GossipMessage:16_1> to Peer_14:peer
Peer_3:peer INFO 4037.055102028684: Received message <GossipMessage:16_1> from Peer_15:peer
Peer_3:peer INFO 4037.055102028684: Sending message <GossipMessage:16_1> to Peer_14:peer
Peer_3:peer INFO 4037.055102028684: Sending message <GossipMessage:16_1> to Peer_8:peer
Peer_3:peer INFO 4037.184155008144: Received message <GossipMessage:16_1> from Peer_14:peer
Peer_3:peer INFO 4037.278018625827: Received message <GossipMessage:16_1> from Peer_8:peer
Peer_3:peer INFO 4037.278018625827: Sending message <GossipMessage:16_1> to Peer_14:peer
Peer_3:peer INFO 4037.278018625827: Sending message <GossipMessage:16_1> to Peer_15:peer
Peer_3:peer INFO 4037.6179574024322: Received message <GossipMessage:16_1> from Peer_15:peer
Peer_3:peer INFO 4110.059174515261: Received message <GossipMessage:16_1> from Peer_8:peer
Peer_3:peer INFO 4110.2679582551145: Received message <GossipMessage:16_1> from Peer_15:peer
Peer_3:peer INFO 4110.3093280304365: Received message <GossipMessage:16_1> from Peer_15:peer
Peer_3:peer INFO 4111.350033300194: Received message <GossipMessage:16_1> from Peer_8:peer
Peer_3:peer INFO 4112.672764062111: Received message <GossipMessage:16_1> from Peer_8:peer
Peer_3:peer INFO 4143.945849021336: Received message <GossipMessage:16_1> from Peer_15:peer
Peer_3:peer INFO 4143.945849021336: Sending message <GossipMessage:16_1> to Peer_14:peer
Peer_3:peer INFO 4143.945849021336: Sending message <GossipMessage:16_1> to Peer_8:peer
Peer_3:peer INFO 4144.233691491389: Received message <GossipMessage:16_1> from Peer_15:peer
Peer_3:peer INFO 4144.336777234816: Received message <GossipMessage:16_1> from Peer_14:peer
Peer_3:peer INFO 4192.52111386641: Received message <GossipMessage:16_1> from Peer_15:peer
Peer_3:peer INFO 4192.961525974204: Received message <GossipMessage:16_1> from Peer_14:peer
Peer_3:peer INFO 4193.535679852069: Received message <GossipMessage:16_1> from Peer_14:peer
Peer_3:peer INFO 4237.257327873307: Received message <GossipMessage:17_1> from Peer_15:peer
Peer_3:peer INFO 4237.257327873307: Sending message <GossipMessage:17_1> to Peer_14:peer
Peer_3:peer INFO 4237.257327873307: Sending message <GossipMessage:17_1> to Peer_8:peer
Peer_3:peer INFO 4237.520759732034: Received message <GossipMessage:17_1> from Peer_14:peer
Peer_3:peer INFO 4237.581177355277: Received message <GossipMessage:17_1> from Peer_14:peer
Peer_3:peer INFO 4237.581177355277: Sending message <GossipMessage:17_1> to Peer_8:peer
Peer_3:peer INFO 4237.581177355277: Sending message <GossipMessage:17_1> to Peer_15:peer
Peer_3:peer INFO 4309.154783164984: Received message <GossipMessage:17_1> from Peer_8:peer
Peer_3:peer INFO 4343.4716858028505: Received message <GossipMessage:17_1> from Peer_14:peer
Peer_3:peer INFO 4343.4716858028505: Sending message <GossipMessage:17_1> to Peer_15:peer
Peer_3:peer INFO 4343.4716858028505: Sending message <GossipMessage:17_1> to Peer_8:peer
Peer_3:peer INFO 4343.6693630185555: Received message <GossipMessage:17_1> from Peer_15:peer
Peer_3:peer INFO 4344.03213628619: Received message <GossipMessage:17_1> from Peer_8:peer
Peer_3:peer INFO 4344.03213628619: Sending message <GossipMessage:17_1> to Peer_15:peer
Peer_3:peer INFO 4344.03213628619: Sending message <GossipMessage:17_1> to Peer_14:peer
Peer_3:peer INFO 4344.246329620437: Received message <GossipMessage:17_1> from Peer_15:peer
Peer_3:peer INFO 4393.298041022945: Received message <GossipMessage:17_1> from Peer_8:peer
Peer_3:peer INFO 4436.511940076218: Received message <GossipMessage:18_1> from Peer_14:peer
Peer_3:peer INFO 4436.511940076218: Sending message <GossipMessage:18_1> to Peer_15:peer
Peer_3:peer INFO 4436.511940076218: Sending message <GossipMessage:18_1> to Peer_8:peer
Peer_3:peer INFO 4437.527200068242: Received message <GossipMessage:18_1> from Peer_14:peer
Peer_3:peer INFO 4437.934933615515: Received message <GossipMessage:18_1> from Peer_14:peer
Peer_3:peer INFO 4437.934933615515: Sending message <GossipMessage:18_1> to Peer_15:peer
Peer_3:peer INFO 4437.934933615515: Sending message <GossipMessage:18_1> to Peer_8:peer
Peer_3:peer INFO 4437.96172624167: Received message <GossipMessage:18_1> from Peer_8:peer
Peer_3:peer INFO 4437.96172624167: Sending message <GossipMessage:18_1> to Peer_15:peer
Peer_3:peer INFO 4437.96172624167: Sending message <GossipMessage:18_1> to Peer_14:peer
Peer_3:peer INFO 4500: Sending message <Ping:> to Peer_26:bootstrap
Peer_3:peer INFO 4510.325280397672: Received message <GossipMessage:18_1> from Peer_15:peer
Peer_3:peer INFO 4536.963637584941: Received message <Ping:> from Peer_26:bootstrap
Peer_3:peer INFO 4536.963637584941: Sending message <Pong:> to Peer_26:bootstrap
Peer_3:peer INFO 4543.910489136355: Received message <GossipMessage:18_1> from Peer_15:peer
Peer_3:peer INFO 4543.910489136355: Sending message <GossipMessage:18_1> to Peer_14:peer
Peer_3:peer INFO 4543.910489136355: Sending message <GossipMessage:18_1> to Peer_8:peer
Peer_3:peer INFO 4543.937967401827: Received message <GossipMessage:18_1> from Peer_8:peer
Peer_3:peer INFO 4543.937967401827: Sending message <GossipMessage:18_1> to Peer_14:peer
Peer_3:peer INFO 4543.937967401827: Sending message <GossipMessage:18_1> to Peer_15:peer
Peer_3:peer INFO 4544.096424344999: Received message <GossipMessage:18_1> from Peer_15:peer
Peer_3:peer INFO 4544.3921790684335: Received message <GossipMessage:18_1> from Peer_8:peer
Peer_3:peer INFO 4574.474704618256: Received message <Pong:> from Peer_26:bootstrap
Peer_3:peer INFO 4592.185718239991: Received message <GossipMessage:18_1> from Peer_14:peer
Peer_3:peer INFO 4594.0393353173495: Received message <GossipMessage:18_1> from Peer_15:peer
Peer_3:peer INFO 4637.303107365849: Received message <GossipMessage:19_1> from Peer_14:peer
Peer_3:peer INFO 4637.303107365849: Sending message <GossipMessage:19_1> to Peer_15:peer
Peer_3:peer INFO 4637.303107365849: Sending message <GossipMessage:19_1> to Peer_8:peer
Peer_3:peer INFO 4637.437723100204: Received message <GossipMessage:19_1> from Peer_14:peer
Peer_3:peer INFO 4637.437723100204: Sending message <GossipMessage:19_1> to Peer_8:peer
Peer_3:peer INFO 4637.437723100204: Sending message <GossipMessage:19_1> to Peer_15:peer
Peer_3:peer INFO 4637.626850794481: Received message <GossipMessage:19_1> from Peer_14:peer
Peer_3:peer INFO 4708.921480987671: Received message <GossipMessage:19_1> from Peer_8:peer
Peer_3:peer INFO 4709.720760431487: Received message <GossipMessage:19_1> from Peer_15:peer
Peer_3:peer INFO 4710.9603567297945: Received message <GossipMessage:19_1> from Peer_15:peer
Peer_3:peer INFO 4712.388501910129: Received message <GossipMessage:19_1> from Peer_8:peer
Peer_3:peer INFO 4744.074547674974: Received message <GossipMessage:19_1> from Peer_15:peer
Peer_3:peer INFO 4744.110038168182: Received message <GossipMessage:19_1> from Peer_14:peer
Peer_3:peer INFO 4744.110038168182: Sending message <GossipMessage:19_1> to Peer_15:peer
Peer_3:peer INFO 4744.110038168182: Sending message <GossipMessage:19_1> to Peer_8:peer
Peer_3:peer INFO 4744.2964148222345: Received message <GossipMessage:19_1> from Peer_15:peer
Peer_3:peer INFO 4793.1371619696465: Received message <GossipMessage:19_1> from Peer_8:peer
Peer_3:peer INFO 4793.249973209514: Received message <GossipMessage:19_1> from Peer_14:peer
Peer_3:peer INFO 4794.751400841545: Received message <GossipMessage:19_1> from Peer_14:peer
Peer_3:peer INFO 4794.758833244494: Received message <GossipMessage:19_1> from Peer_15:peer
Peer_3:peer INFO 4837.605156984031: Received message <GossipMessage:20_1> from Peer_15:peer
Peer_3:peer INFO 4837.605156984031: Sending message <GossipMessage:20_1> to Peer_14:peer
Peer_3:peer INFO 4837.605156984031: Sending message <GossipMessage:20_1> to Peer_8:peer
Peer_3:peer INFO 4838.011993841036: Received message <GossipMessage:20_1> from Peer_8:peer
Peer_3:peer INFO 4838.011993841036: Sending message <GossipMessage:20_1> to Peer_15:peer
Peer_3:peer INFO 4838.011993841036: Sending message <GossipMessage:20_1> to Peer_14:peer
Peer_3:peer INFO 4838.064066787737: Received message <GossipMessage:20_1> from Peer_14:peer
Peer_3:peer INFO 4912.604900085047: Received message <GossipMessage:20_1> from Peer_8:peer
Peer_3:peer INFO 4943.917044102424: Received message <GossipMessage:20_1> from Peer_14:peer
Peer_3:peer INFO 4992.993594446857: Received message <GossipMessage:20_1> from Peer_15:peer
Peer_3:peer INFO 5036.717316288425: Received message <GossipMessage:21_1> from Peer_8:peer
Peer_3:peer INFO 5036.717316288425: Sending message <GossipMessage:21_1> to Peer_15:peer
Peer_3:peer INFO 5036.717316288425: Sending message <GossipMessage:21_1> to Peer_14:peer
Peer_3:peer INFO 5036.953325348377: Received message <GossipMessage:21_1> from Peer_15:peer
Peer_3:peer INFO 5036.953325348377: Sending message <GossipMessage:21_1> to Peer_14:peer
Peer_3:peer INFO 5036.953325348377: Sending message <GossipMessage:21_1> to Peer_8:peer
Peer_3:peer INFO 5037.142461561572: Received message <GossipMessage:21_1> from Peer_14:peer
Peer_3:peer INFO 5037.2233647772455: Received message <GossipMessage:21_1> from Peer_15:peer
Peer_3:peer INFO 5037.392947882874: Received message <GossipMessage:21_1> from Peer_15:peer
Peer_3:peer INFO 5037.392947882874: Sending message <GossipMessage:21_1> to Peer_8:peer
Peer_3:peer INFO 5037.392947882874: Sending message <GossipMessage:21_1> to Peer_14:peer
Peer_3:peer INFO 5037.74323633013: Received message <GossipMessage:21_1> from Peer_15:peer
Peer_3:peer INFO 5037.74323633013: Sending message <GossipMessage:21_1> to Peer_14:peer
Peer_3:peer INFO 5037.74323633013: Sending message <GossipMessage:21_1> to Peer_8:peer
Peer_3:peer INFO 5037.749003992517: Received message <GossipMessage:21_1> from Peer_14:peer
Peer_3:peer INFO 5037.749003992517: Sending message <GossipMessage:21_1> to Peer_15:peer
Peer_3:peer INFO 5037.749003992517: Sending message <GossipMessage:21_1> to Peer_8:peer
Peer_3:peer INFO 5038.106108441203: Received message <GossipMessage:21_1> from Peer_14:peer
Peer_3:peer INFO 5108.834485639424: Received message <GossipMessage:21_1> from Peer_8:peer
Peer_3:peer INFO 5109.183091049583: Received message <GossipMessage:21_1> from Peer_15:peer
Peer_3:peer INFO 5109.475017360082: Received message <GossipMessage:21_1> from Peer_8:peer
Peer_3:peer INFO 5143.881530119775: Received message <GossipMessage:21_1> from Peer_8:peer
Peer_3:peer INFO 5143.881530119775: Sending message <GossipMessage:21_1> to Peer_14:peer
Peer_3:peer INFO 5143.881530119775: Sending message <GossipMessage:21_1> to Peer_15:peer
Peer_3:peer INFO 5193.662348088444: Received message <GossipMessage:21_1> from Peer_14:peer
