Peer_16:peer WARNING 0: Not enough peers, fetching more (0, 4)
Peer_16:peer INFO 35.256574339044455: Connecting to Peer_26:bootstrap
Peer_16:peer INFO 71.78100600470734: Received message <RequestPeers:> from Peer_26:bootstrap
Peer_16:peer INFO 71.78100600470734: Sending message <PeerList> to Peer_26:bootstrap
Peer_16:peer INFO 72.14245113782523: Received message <Hello:> from Peer_26:bootstrap
Peer_16:peer WARNING 500: Not enough peers, fetching more (1, 4)
Peer_16:peer INFO 500: Sending message <RequestPeers:> to Peer_26:bootstrap
Peer_16:peer INFO 572.8771325489549: Received message <PeerList> from Peer_26:bootstrap
Peer_16:peer WARNING 1000: Not enough peers, fetching more (1, 4)
Peer_16:peer INFO 1000: Sending message <RequestPeers:> to Peer_26:bootstrap
Peer_16:peer INFO 1073.9318360007933: Received message <PeerList> from Peer_26:bootstrap
Peer_16:peer INFO 1077.9923388037396: Received message <Hello:> from Peer_13:peer
Peer_16:peer INFO 1077.9923388037396: Connecting to Peer_13:peer
Peer_16:peer INFO 1077.9923388037396: Sending message <Hello:> to Peer_13:peer
Peer_16:peer INFO 1077.9923388037396: Sending message <RequestPeers:> to Peer_13:peer
Peer_16:peer INFO 1077.9987921256336: Received message <Hello:> from Peer_19:peer
Peer_16:peer INFO 1077.9987921256336: Connecting to Peer_19:peer
Peer_16:peer INFO 1077.9987921256336: Sending message <Hello:> to Peer_19:peer
Peer_16:peer INFO 1077.9987921256336: Sending message <RequestPeers:> to Peer_19:peer
Peer_16:peer INFO 1078.018729676575: Connecting to Peer_4:peer
Peer_16:peer INFO 1156.0546603882065: Received message <RequestPeers:> from Peer_4:peer
Peer_16:peer INFO 1156.0546603882065: Sending message <PeerList> to Peer_4:peer
Peer_16:peer INFO 1156.1167110528313: Received message <Hello:> from Peer_4:peer
Peer_16:peer INFO 1234.0657895858114: Received message <PeerList> from Peer_13:peer
Peer_16:peer INFO 1234.1138346366274: Received message <PeerList> from Peer_19:peer
Peer_16:peer INFO 1578.022694599328: Received message <RequestPeers:> from Peer_13:peer
Peer_16:peer INFO 1578.022694599328: Sending message <PeerList> to Peer_13:peer
Peer_16:peer INFO 1792.7136996308336: Received message <GossipMessage:4_1> from Peer_4:peer
Peer_16:peer INFO 1792.727814290064: Received message <GossipMessage:4_1> from Peer_13:peer
Peer_16:peer INFO 1793.2021960625984: Received message <GossipMessage:4_1> from Peer_4:peer
Peer_16:peer INFO 1992.7998458326153: Received message <GossipMessage:5_1> from Peer_13:peer
Peer_16:peer INFO 1993.579380096399: Received message <GossipMessage:5_1> from Peer_4:peer
Peer_16:peer INFO 2000: Sending message <Ping:> to Peer_26:bootstrap
Peer_16:peer INFO 2000: Sending message <Ping:> to Peer_19:peer
Peer_16:peer INFO 2036.7348308045264: Received message <Ping:> from Peer_26:bootstrap
Peer_16:peer INFO 2036.7348308045264: Sending message <Pong:> to Peer_26:bootstrap
Peer_16:peer INFO 2074.1250762306495: Received message <Pong:> from Peer_26:bootstrap
Peer_16:peer INFO 2077.9567944281766: Received message <Ping:> from Peer_19:peer
Peer_16:peer INFO 2077.9567944281766: Sending message <Pong:> to Peer_19:peer
Peer_16:peer INFO 2078.059126726518: Received message <Ping:> from Peer_4:peer
Peer_16:peer INFO 2078.059126726518: Sending message <Pong:> to Peer_4:peer
Peer_16:peer INFO 2156.071634973566: Received message <Pong:> from Peer_19:peer
Peer_16:peer INFO 2193.2276077131773: Received message <GossipMessage:6_1> from Peer_13:peer
Peer_16:peer INFO 2194.0050829216007: Received message <GossipMessage:6_1> from Peer_4:peer
Peer_16:peer INFO 2344.4992483667843: Received message <GossipMessage:7_1> from Peer_4:peer
Peer_16:peer INFO 2392.3871098939217: Received message <GossipMessage:7_1> from Peer_13:peer
Peer_16:peer INFO 2392.3871098939217: Sending message <GossipMessage:7_1> to Peer_19:peer
Peer_16:peer INFO 2392.3871098939217: Sending message <GossipMessage:7_1> to Peer_4:peer
Peer_16:peer INFO 2392.6439069359267: Received message <GossipMessage:7_1> from Peer_4:peer
Peer_16:peer INFO 2393.2298727451957: Received message <GossipMessage:7_1> from Peer_13:peer
Peer_16:peer INFO 2393.8380989533866: Received message <GossipMessage:7_1> from Peer_13:peer
Peer_16:peer INFO 2544.1837374698484: Received message <GossipMessage:8_1> from Peer_4:peer
Peer_16:peer INFO 2578.037174038153: Received message <Ping:> from Peer_13:peer
Peer_16:peer INFO 2578.037174038153: Sending message <Pong:> to Peer_13:peer
Peer_16:peer INFO 2593.2258496913955: Received message <GossipMessage:8_1> from Peer_4:peer
Peer_16:peer INFO 2593.2741787075634: Received message <GossipMessage:8_1> from Peer_13:peer
Peer_16:peer INFO 2593.30185960602: Received message <GossipMessage:8_1> from Peer_4:peer
Peer_16:peer INFO 2593.38439867844: Received message <GossipMessage:8_1> from Peer_13:peer
Peer_16:peer INFO 2593.38439867844: Sending message <GossipMessage:8_1> to Peer_19:peer
Peer_16:peer INFO 2593.38439867844: Sending message <GossipMessage:8_1> to Peer_4:peer
Peer_16:peer INFO 2593.7029685007506: Received message <GossipMessage:8_1> from Peer_4:peer
Peer_16:peer INFO 2744.2732741300065: Received message <GossipMessage:9_1> from Peer_4:peer
Peer_16:peer INFO 2792.1371631725083: Received message <GossipMessage:9_1> from Peer_13:peer
Peer_16:peer INFO 2792.1371631725083: Sending message <GossipMessage:9_1> to Peer_19:peer
Peer_16:peer INFO 2792.1371631725083: Sending message <GossipMessage:9_1> to Peer_4:peer
Peer_16:peer INFO 2792.9716631357774: Received message <GossipMessage:9_1> from Peer_19:peer
Peer_16:peer INFO 2793.06605029033: Received message <GossipMessage:9_1> from Peer_4:peer
Peer_16:peer INFO 2793.176361265004: Received message <GossipMessage:9_1> from Peer_13:peer
Peer_16:peer INFO 2793.2926738611336: Received message <GossipMessage:9_1> from Peer_13:peer
Peer_16:peer INFO 2793.314338697152: Received message <GossipMessage:9_1> from Peer_4:peer
Peer_16:peer INFO 2794.140411081149: Received message <GossipMessage:9_1> from Peer_4:peer
Peer_16:peer INFO 2794.1823826749146: Received message <GossipMessage:9_1> from Peer_13:peer
Peer_16:peer INFO 2944.366767685166: Received message <GossipMessage:10_1> from Peer_4:peer
Peer_16:peer INFO 2992.542206015142: Received message <GossipMessage:10_1> from Peer_4:peer
Peer_16:peer INFO 2992.885902927861: Received message <GossipMessage:10_1> from Peer_13:peer
Peer_16:peer INFO 2992.919186521821: Received message <GossipMessage:10_1> from Peer_4:peer
Peer_16:peer INFO 2992.919186521821: Sending message <GossipMessage:10_1> to Peer_19:peer
Peer_16:peer INFO 2992.919186521821: Sending message <GossipMessage:10_1> to Peer_13:peer
Peer_16:peer INFO 2992.980663351976: Received message <GossipMessage:10_1> from Peer_13:peer
Peer_16:peer INFO 2992.980663351976: Sending message <GossipMessage:10_1> to Peer_4:peer
Peer_16:peer INFO 2992.980663351976: Sending message <GossipMessage:10_1> to Peer_19:peer
Peer_16:peer INFO 2993.043890120684: Received message <GossipMessage:10_1> from Peer_13:peer
Peer_16:peer INFO 2993.079593188875: Received message <GossipMessage:10_1> from Peer_13:peer
Peer_16:peer INFO 2993.1453530581307: Received message <GossipMessage:10_1> from Peer_19:peer
Peer_16:peer INFO 2993.2709247316334: Received message <GossipMessage:10_1> from Peer_13:peer
Peer_16:peer INFO 2993.316191974098: Received message <GossipMessage:10_1> from Peer_4:peer
Peer_16:peer INFO 3000: Sending message <Ping:> to Peer_26:bootstrap
Peer_16:peer INFO 3036.4937677360176: Received message <Ping:> from Peer_26:bootstrap
Peer_16:peer INFO 3036.4937677360176: Sending message <Pong:> to Peer_26:bootstrap
Peer_16:peer INFO 3075.0770046209154: Received message <Pong:> from Peer_26:bootstrap
Peer_16:peer INFO 3144.3516773873307: Received message <GossipMessage:11_1> from Peer_4:peer
Peer_16:peer INFO 3192.41358281895: Received message <GossipMessage:11_1> from Peer_13:peer
Peer_16:peer INFO 3192.41358281895: Sending message <GossipMessage:11_1> to Peer_19:peer
Peer_16:peer INFO 3192.41358281895: Sending message <GossipMessage:11_1> to Peer_4:peer
Peer_16:peer INFO 3192.506424068098: Received message <GossipMessage:11_1> from Peer_13:peer
Peer_16:peer INFO 3192.558241441828: Received message <GossipMessage:11_1> from Peer_4:peer
Peer_16:peer INFO 3192.690389623082: Received message <GossipMessage:11_1> from Peer_4:peer
Peer_16:peer INFO 3192.872367116873: Received message <GossipMessage:11_1> from Peer_13:peer
Peer_16:peer INFO 3192.872367116873: Sending message <GossipMessage:11_1> to Peer_19:peer
Peer_16:peer INFO 3192.872367116873: Sending message <GossipMessage:11_1> to Peer_4:peer
Peer_16:peer INFO 3192.9243604226367: Received message <GossipMessage:11_1> from Peer_13:peer
Peer_16:peer INFO 3192.9243604226367: Sending message <GossipMessage:11_1> to Peer_4:peer
Peer_16:peer INFO 3192.9243604226367: Sending message <GossipMessage:11_1> to Peer_19:peer
Peer_16:peer INFO 3192.9438363355393: Received message <GossipMessage:11_1> from Peer_4:peer
Peer_16:peer INFO 3192.9438363355393: Sending message <GossipMessage:11_1> to Peer_13:peer
Peer_16:peer INFO 3192.9438363355393: Sending message <GossipMessage:11_1> to Peer_19:peer
Peer_16:peer INFO 3193.1822082747726: Received message <GossipMessage:11_1> from Peer_13:peer
Peer_16:peer INFO 3193.536620702943: Received message <GossipMessage:11_1> from Peer_13:peer
Peer_16:peer INFO 3343.65708686363: Received message <GossipMessage:12_1> from Peer_4:peer
Peer_16:peer INFO 3343.65708686363: Sending message <GossipMessage:12_1> to Peer_19:peer
Peer_16:peer INFO 3343.65708686363: Sending message <GossipMessage:12_1> to Peer_13:peer
Peer_16:peer INFO 3344.4424495778367: Received message <GossipMessage:12_1> from Peer_4:peer
Peer_16:peer INFO 3392.041277228577: Received message <GossipMessage:12_1> from Peer_4:peer
Peer_16:peer INFO 3392.903207362923: Received message <GossipMessage:12_1> from Peer_13:peer
Peer_16:peer INFO 3392.935506504306: Received message <GossipMessage:12_1> from Peer_13:peer
Peer_16:peer INFO 3392.935506504306: Sending message <GossipMessage:12_1> to Peer_19:peer
Peer_16:peer INFO 3392.935506504306: Sending message <GossipMessage:12_1> to Peer_4:peer
Peer_16:peer INFO 3392.9876498416174: Received message <GossipMessage:12_1> from Peer_4:peer
Peer_16:peer INFO 3392.9876498416174: Sending message <GossipMessage:12_1> to Peer_19:peer
Peer_16:peer INFO 3392.9876498416174: Sending message <GossipMessage:12_1> to Peer_13:peer
Peer_16:peer INFO 3393.0167815181917: Received message <GossipMessage:12_1> from Peer_4:peer
Peer_16:peer INFO 3393.1713226853: Received message <GossipMessage:12_1> from Peer_13:peer
Peer_16:peer INFO 3393.1990124902277: Received message <GossipMessage:12_1> from Peer_4:peer
Peer_16:peer INFO 3393.3162146573436: Received message <GossipMessage:12_1> from Peer_19:peer
Peer_16:peer INFO 3474.3939786593537: Received message <GossipMessage:12_1> from Peer_19:peer
Peer_16:peer INFO 3499.501145790993: Received message <GossipMessage:12_1> from Peer_19:peer
Peer_16:peer INFO 3543.683010088047: Received message <GossipMessage:13_1> from Peer_4:peer
Peer_16:peer INFO 3543.683010088047: Sending message <GossipMessage:13_1> to Peer_19:peer
Peer_16:peer INFO 3543.683010088047: Sending message <GossipMessage:13_1> to Peer_13:peer
Peer_16:peer INFO 3543.962110771313: Received message <GossipMessage:13_1> from Peer_13:peer
Peer_16:peer INFO 3544.332850806234: Received message <GossipMessage:13_1> from Peer_4:peer
Peer_16:peer INFO 3592.637466803895: Received message <GossipMessage:13_1> from Peer_13:peer
Peer_16:peer INFO 3592.637466803895: Sending message <GossipMessage:13_1> to Peer_19:peer
Peer_16:peer INFO 3592.637466803895: Sending message <GossipMessage:13_1> to Peer_4:peer
Peer_16:peer INFO 3593.666972212272: Received message <GossipMessage:13_1> from Peer_4:peer
Peer_16:peer INFO 3594.0250773870157: Received message <GossipMessage:13_1> from Peer_13:peer
Peer_16:peer INFO 3594.0250773870157: Sending message <GossipMessage:13_1> to Peer_4:peer
Peer_16:peer INFO 3594.0250773870157: Sending message <GossipMessage:13_1> to Peer_19:peer
Peer_16:peer INFO 3594.1704343037118: Received message <GossipMessage:13_1> from Peer_4:peer
Peer_16:peer INFO 3594.1704343037118: Sending message <GossipMessage:13_1> to Peer_19:peer
Peer_16:peer INFO 3594.1704343037118: Sending message <GossipMessage:13_1> to Peer_13:peer
Peer_16:peer INFO 3594.32074797813: Received message <GossipMessage:13_1> from Peer_13:peer
Peer_16:peer INFO 3594.32074797813: Sending message <GossipMessage:13_1> to Peer_19:peer
Peer_16:peer INFO 3594.32074797813: Sending message <GossipMessage:13_1> to Peer_4:peer
Peer_16:peer INFO 3594.322311196403: Received message <GossipMessage:13_1> from Peer_4:peer
Peer_16:peer INFO 3594.3667707935683: Received message <GossipMessage:13_1> from Peer_4:peer
Peer_16:peer INFO 3594.4007629240896: Received message <GossipMessage:13_1> from Peer_13:peer
Peer_16:peer INFO 3594.450599120955: Received message <GossipMessage:13_1> from Peer_4:peer
Peer_16:peer INFO 3594.495090739286: Received message <GossipMessage:13_1> from Peer_4:peer
Peer_16:peer INFO 3594.5090528956257: Received message <GossipMessage:13_1> from Peer_13:peer
Peer_16:peer INFO 3594.546683305683: Received message <GossipMessage:13_1> from Peer_13:peer
Peer_16:peer INFO 3699.4712754316583: Received message <GossipMessage:13_1> from Peer_19:peer
Peer_16:peer INFO 3743.7042125909306: Received message <GossipMessage:14_1> from Peer_4:peer
Peer_16:peer INFO 3743.7042125909306: Sending message <GossipMessage:14_1> to Peer_19:peer
Peer_16:peer INFO 3743.7042125909306: Sending message <GossipMessage:14_1> to Peer_13:peer
Peer_16:peer INFO 3743.7439658015055: Received message <GossipMessage:14_1> from Peer_4:peer
Peer_16:peer INFO 3743.7439658015055: Sending message <GossipMessage:14_1> to Peer_19:peer
Peer_16:peer INFO 3743.7439658015055: Sending message <GossipMessage:14_1> to Peer_13:peer
Peer_16:peer INFO 3743.9852435525086: Received message <GossipMessage:14_1> from Peer_13:peer
Peer_16:peer INFO 3744.3032788170094: Received message <GossipMessage:14_1> from Peer_4:peer
Peer_16:peer INFO 3792.8077262799357: Received message <GossipMessage:14_1> from Peer_13:peer
Peer_16:peer INFO 3792.8908808935403: Received message <GossipMessage:14_1> from Peer_4:peer
Peer_16:peer INFO 3793.0845404943193: Received message <GossipMessage:14_1> from Peer_19:peer
Peer_16:peer INFO 3793.3945290595793: Received message <GossipMessage:14_1> from Peer_4:peer
Peer_16:peer INFO 3793.3960045047843: Received message <GossipMessage:14_1> from Peer_4:peer
Peer_16:peer INFO 3899.444641194244: Received message <GossipMessage:14_1> from Peer_19:peer
Peer_16:peer INFO 3943.6572639935857: Received message <GossipMessage:15_1> from Peer_13:peer
Peer_16:peer INFO 3943.6572639935857: Sending message <GossipMessage:15_1> to Peer_19:peer
Peer_16:peer INFO 3943.6572639935857: Sending message <GossipMessage:15_1> to Peer_4:peer
Peer_16:peer INFO 3943.8408305533085: Received message <GossipMessage:15_1> from Peer_4:peer
Peer_16:peer INFO 3943.8408305533085: Sending message <GossipMessage:15_1> to Peer_13:peer
Peer_16:peer INFO 3943.8408305533085: Sending message <GossipMessage:15_1> to Peer_19:peer
Peer_16:peer INFO 3943.87239019487: Received message <GossipMessage:15_1> from Peer_4:peer
Peer_16:peer INFO 3943.87239019487: Sending message <GossipMessage:15_1> to Peer_19:peer
Peer_16:peer INFO 3943.87239019487: Sending message <GossipMessage:15_1> to Peer_13:peer
Peer_16:peer INFO 3944.5559450539326: Received message <GossipMessage:15_1> from Peer_4:peer
Peer_16:peer INFO 3991.242555431517: Received message <GossipMessage:15_1> from Peer_13:peer
Peer_16:peer INFO 3991.242555431517: Sending message <GossipMessage:15_1> to Peer_19:peer
Peer_16:peer INFO 3991.242555431517: Sending message <GossipMessage:15_1> to Peer_4:peer
Peer_16:peer INFO 3991.5660632575973: Received message <GossipMessage:15_1> from Peer_4:peer
Peer_16:peer INFO 3991.7261076415407: Received message <GossipMessage:15_1> from Peer_13:peer
Peer_16:peer INFO 3992.961803968251: Received message <GossipMessage:15_1> from Peer_13:peer
Peer_16:peer INFO 3993.859715632328: Received message <GossipMessage:15_1> from Peer_13:peer
Peer_16:peer INFO 3993.98006549858: Received message <GossipMessage:15_1> from Peer_13:peer
Peer_16:peer INFO 3993.98006549858: Sending message <GossipMessage:15_1> to Peer_19:peer
Peer_16:peer INFO 3993.98006549858: Sending message <GossipMessage:15_1> to Peer_4:peer
Peer_16:peer INFO 3994.3526339094306: Received message <GossipMessage:15_1> from Peer_4:peer
Peer_16:peer INFO 4000: Sending message <Ping:> to Peer_26:bootstrap
Peer_16:peer INFO 4037.464033037992: Received message <Ping:> from Peer_26:bootstrap
Peer_16:peer INFO 4037.464033037992: Sending message <Pong:> to Peer_26:bootstrap
Peer_16:peer INFO 4072.1412547389054: Received message <Pong:> from Peer_26:bootstrap
Peer_16:peer INFO 4074.2531767967043: Received message <GossipMessage:15_1> from Peer_19:peer
Peer_16:peer INFO 4143.905568575437: Received message <GossipMessage:16_1> from Peer_4:peer
Peer_16:peer INFO 4143.905568575437: Sending message <GossipMessage:16_1> to Peer_13:peer
Peer_16:peer INFO 4143.905568575437: Sending message <GossipMessage:16_1> to Peer_19:peer
Peer_16:peer INFO 4144.0473085707745: Received message <GossipMessage:16_1> from Peer_4:peer
Peer_16:peer INFO 4192.425550930354: Received message <GossipMessage:16_1> from Peer_4:peer
Peer_16:peer INFO 4192.433588600064: Received message <GossipMessage:16_1> from Peer_19:peer
Peer_16:peer INFO 4192.552608779032: Received message <GossipMessage:16_1> from Peer_4:peer
Peer_16:peer INFO 4192.567024568252: Received message <GossipMessage:16_1> from Peer_13:peer
Peer_16:peer INFO 4192.672435568258: Received message <GossipMessage:16_1> from Peer_4:peer
Peer_16:peer INFO 4192.85400215306: Received message <GossipMessage:16_1> from Peer_13:peer
Peer_16:peer INFO 4192.85400215306: Sending message <GossipMessage:16_1> to Peer_19:peer
Peer_16:peer INFO 4192.85400215306: Sending message <GossipMessage:16_1> to Peer_4:peer
Peer_16:peer INFO 4192.997111658216: Received message <GossipMessage:16_1> from Peer_4:peer
Peer_16:peer INFO 4193.244495390585: Received message <GossipMessage:16_1> from Peer_13:peer
Peer_16:peer INFO 4193.323192666084: Received message <GossipMessage:16_1> from Peer_13:peer
Peer_16:peer INFO 4193.323192666084: Sending message <GossipMessage:16_1> to Peer_19:peer
Peer_16:peer INFO 4193.323192666084: Sending message <GossipMessage:16_1> to Peer_4:peer
Peer_16:peer INFO 4194.351166918371: Received message <GossipMessage:16_1> from Peer_19:peer
Peer_16:peer INFO 4343.2107912355605: Received message <GossipMessage:17_1> from Peer_13:peer
Peer_16:peer INFO 4343.2107912355605: Sending message <GossipMessage:17_1> to Peer_4:peer
Peer_16:peer INFO 4343.2107912355605: Sending message <GossipMessage:17_1> to Peer_19:peer
Peer_16:peer INFO 4343.476892411809: Received message <GossipMessage:17_1> from Peer_4:peer
Peer_16:peer INFO 4343.476892411809: Sending message <GossipMessage:17_1> to Peer_19:peer
Peer_16:peer INFO 4343.476892411809: Sending message <GossipMessage:17_1> to Peer_13:peer
Peer_16:peer INFO 4343.782858318992: Received message <GossipMessage:17_1> from Peer_19:peer
Peer_16:peer INFO 4343.782858318992: Sending message <GossipMessage:17_1> to Peer_4:peer
Peer_16:peer INFO 4343.782858318992: Sending message <GossipMessage:17_1> to Peer_13:peer
Peer_16:peer INFO 4343.920748829396: Received message <GossipMessage:17_1> from Peer_4:peer
Peer_16:peer INFO 4343.920748829396: Sending message <GossipMessage:17_1> to Peer_19:peer
Peer_16:peer INFO 4343.920748829396: Sending message <GossipMessage:17_1> to Peer_13:peer
Peer_16:peer INFO 4344.046616483849: Received message <GossipMessage:17_1> from Peer_4:peer
Peer_16:peer INFO 4391.669499197732: Received message <GossipMessage:17_1> from Peer_4:peer
Peer_16:peer INFO 4391.669499197732: Sending message <GossipMessage:17_1> to Peer_19:peer
Peer_16:peer INFO 4391.669499197732: Sending message <GossipMessage:17_1> to Peer_13:peer
Peer_16:peer INFO 4391.9752759131825: Received message <GossipMessage:17_1> from Peer_13:peer
Peer_16:peer INFO 4392.061847098956: Received message <GossipMessage:17_1> from Peer_19:peer
Peer_16:peer INFO 4392.976895159133: Received message <GossipMessage:17_1> from Peer_4:peer
Peer_16:peer INFO 4393.2323018705: Received message <GossipMessage:17_1> from Peer_19:peer
Peer_16:peer INFO 4393.3470811651805: Received message <GossipMessage:17_1> from Peer_13:peer
Peer_16:peer INFO 4393.3470811651805: Sending message <GossipMessage:17_1> to Peer_19:peer
Peer_16:peer INFO 4393.3470811651805: Sending message <GossipMessage:17_1> to Peer_4:peer
Peer_16:peer INFO 4393.575561011513: Received message <GossipMessage:17_1> from Peer_13:peer
Peer_16:peer INFO 4393.604519419686: Received message <GossipMessage:17_1> from Peer_13:peer
Peer_16:peer INFO 4393.618153666312: Received message <GossipMessage:17_1> from Peer_4:peer
Peer_16:peer INFO 4474.822818071135: Received message <GossipMessage:17_1> from Peer_19:peer
Peer_16:peer INFO 4499.616509848156: Received message <GossipMessage:17_1> from Peer_19:peer
Peer_16:peer INFO 4543.748090024513: Received message <GossipMessage:18_1> from Peer_4:peer
Peer_16:peer INFO 4543.748090024513: Sending message <GossipMessage:18_1> to Peer_13:peer
Peer_16:peer INFO 4543.748090024513: Sending message <GossipMessage:18_1> to Peer_19:peer
Peer_16:peer INFO 4543.974210466474: Received message <GossipMessage:18_1> from Peer_4:peer
Peer_16:peer INFO 4543.974210466474: Sending message <GossipMessage:18_1> to Peer_13:peer
Peer_16:peer INFO 4543.974210466474: Sending message <GossipMessage:18_1> to Peer_19:peer
Peer_16:peer INFO 4544.321279904469: Received message <GossipMessage:18_1> from Peer_4:peer
Peer_16:peer INFO 4591.971920846789: Received message <GossipMessage:18_1> from Peer_4:peer
Peer_16:peer INFO 4591.971920846789: Sending message <GossipMessage:18_1> to Peer_19:peer
Peer_16:peer INFO 4591.971920846789: Sending message <GossipMessage:18_1> to Peer_13:peer
Peer_16:peer INFO 4592.090671938378: Received message <GossipMessage:18_1> from Peer_13:peer
Peer_16:peer INFO 4592.090671938378: Sending message <GossipMessage:18_1> to Peer_4:peer
Peer_16:peer INFO 4592.090671938378: Sending message <GossipMessage:18_1> to Peer_19:peer
Peer_16:peer INFO 4592.111860920703: Received message <GossipMessage:18_1> from Peer_13:peer
Peer_16:peer INFO 4592.272212700904: Received message <GossipMessage:18_1> from Peer_13:peer
Peer_16:peer INFO 4592.9431039985475: Received message <GossipMessage:18_1> from Peer_4:peer
Peer_16:peer INFO 4593.005427846118: Received message <GossipMessage:18_1> from Peer_19:peer
Peer_16:peer INFO 4593.562357296652: Received message <GossipMessage:18_1> from Peer_13:peer
Peer_16:peer INFO 4593.862554556151: Received message <GossipMessage:18_1> from Peer_13:peer
Peer_16:peer INFO 4593.862554556151: Sending message <GossipMessage:18_1> to Peer_19:peer
Peer_16:peer INFO 4593.862554556151: Sending message <GossipMessage:18_1> to Peer_4:peer
Peer_16:peer INFO 4674.458698463404: Received message <GossipMessage:18_1> from Peer_19:peer
Peer_16:peer INFO 4674.60311824154: Received message <GossipMessage:18_1> from Peer_19:peer
Peer_16:peer INFO 4699.69250088645: Received message <GossipMessage:18_1> from Peer_4:peer
Peer_16:peer INFO 4743.8164315596405: Received message <GossipMessage:19_1> from Peer_4:peer
Peer_16:peer INFO 4743.8164315596405: Sending message <GossipMessage:19_1> to Peer_19:peer
Peer_16:peer INFO 4743.8164315596405: Sending message <GossipMessage:19_1> to Peer_13:peer
Peer_16:peer INFO 4744.067051101879: Received message <GossipMessage:19_1> from Peer_4:peer
Peer_16:peer INFO 4744.067051101879: Sending message <GossipMessage:19_1> to Peer_19:peer
Peer_16:peer INFO 4744.067051101879: Sending message <GossipMessage:19_1> to Peer_13:peer
Peer_16:peer INFO 4744.142864477366: Received message <GossipMessage:19_1> from Peer_13:peer
Peer_16:peer INFO 4744.188261633997: Received message <GossipMessage:19_1> from Peer_19:peer
Peer_16:peer INFO 4744.338630630894: Received message <GossipMessage:19_1> from Peer_19:peer
Peer_16:peer INFO 4744.338630630894: Sending message <GossipMessage:19_1> to Peer_13:peer
Peer_16:peer INFO 4744.338630630894: Sending message <GossipMessage:19_1> to Peer_4:peer
Peer_16:peer INFO 4744.393633123048: Received message <GossipMessage:19_1> from Peer_4:peer
Peer_16:peer INFO 4744.515325982043: Received message <GossipMessage:19_1> from Peer_4:peer
Peer_16:peer INFO 4792.483221301401: Received message <GossipMessage:19_1> from Peer_19:peer
Peer_16:peer INFO 4792.886784244267: Received message <GossipMessage:19_1> from Peer_13:peer
Peer_16:peer INFO 4792.886784244267: Sending message <GossipMessage:19_1> to Peer_19:peer
Peer_16:peer INFO 4792.886784244267: Sending message <GossipMessage:19_1> to Peer_4:peer
Peer_16:peer INFO 4793.072752361732: Received message <GossipMessage:19_1> from Peer_13:peer
Peer_16:peer INFO 4793.072752361732: Sending message <GossipMessage:19_1> to Peer_19:peer
Peer_16:peer INFO 4793.072752361732: Sending message <GossipMessage:19_1> to Peer_4:peer
Peer_16:peer INFO 4793.114363136516: Received message <GossipMessage:19_1> from Peer_19:peer
Peer_16:peer INFO 4793.297007875537: Received message <GossipMessage:19_1> from Peer_13:peer
Peer_16:peer INFO 4793.344591607587: Received message <GossipMessage:19_1> from Peer_4:peer
Peer_16:peer INFO 4793.417890722415: Received message <GossipMessage:19_1> from Peer_4:peer
Peer_16:peer INFO 4794.656234550075: Received message <GossipMessage:19_1> from Peer_4:peer
Peer_16:peer INFO 4899.551193889243: Received message <GossipMessage:19_1> from Peer_19:peer
Peer_16:peer INFO 4943.5133682369815: Received message <GossipMessage:20_1> from Peer_13:peer
Peer_16:peer INFO 4943.5133682369815: Sending message <GossipMessage:20_1> to Peer_19:peer
Peer_16:peer INFO 4943.5133682369815: Sending message <GossipMessage:20_1> to Peer_4:peer
Peer_16:peer INFO 4943.705630967265: Received message <GossipMessage:20_1> from Peer_19:peer
Peer_16:peer INFO 4943.705630967265: Sending message <GossipMessage:20_1> to Peer_13:peer
Peer_16:peer INFO 4943.705630967265: Sending message <GossipMessage:20_1> to Peer_4:peer
Peer_16:peer INFO 4943.962128586078: Received message <GossipMessage:20_1> from Peer_19:peer
Peer_16:peer INFO 4943.962128586078: Sending message <GossipMessage:20_1> to Peer_13:peer
Peer_16:peer INFO 4943.962128586078: Sending message <GossipMessage:20_1> to Peer_4:peer
Peer_16:peer INFO 4944.068351141434: Received message <GossipMessage:20_1> from Peer_4:peer
Peer_16:peer INFO 4944.430399968548: Received message <GossipMessage:20_1> from Peer_19:peer
Peer_16:peer INFO 4992.2830990085695: Received message <GossipMessage:20_1> from Peer_19:peer
Peer_16:peer INFO 4992.662957405349: Received message <GossipMessage:20_1> from Peer_19:peer
Peer_16:peer INFO 4993.105698231068: Received message <GossipMessage:20_1> from Peer_13:peer
Peer_16:peer INFO 4993.164255056804: Received message <GossipMessage:20_1> from Peer_4:peer
Peer_16:peer INFO 4993.2136374205065: Received message <GossipMessage:20_1> from Peer_4:peer
Peer_16:peer INFO 4993.306106772601: Received message <GossipMessage:20_1> from Peer_13:peer
Peer_16:peer INFO 4993.571928216424: Received message <GossipMessage:20_1> from Peer_4:peer
Peer_16:peer INFO 5000: Sending message <Ping:> to Peer_26:bootstrap
Peer_16:peer INFO 5037.669610329848: Received message <Ping:> from Peer_26:bootstrap
Peer_16:peer INFO 5037.669610329848: Sending message <Pong:> to Peer_26:bootstrap
Peer_16:peer INFO 5072.756769031839: Received message <Pong:> from Peer_26:bootstrap
Peer_16:peer INFO 5075.012173120428: Received message <GossipMessage:20_1> from Peer_19:peer
Peer_16:peer INFO 5099.748463440335: Received message <GossipMessage:20_1> from Peer_19:peer
Peer_16:peer INFO 5144.2513005108485: Received message <GossipMessage:21_1> from Peer_4:peer
Peer_16:peer INFO 5192.588897843722: Received message <GossipMessage:21_1> from Peer_4:peer
Peer_16:peer INFO 5192.783404459381: Received message <GossipMessage:21_1> from Peer_19:peer
Peer_16:peer INFO 5193.04202132822: Received message <GossipMessage:21_1> from Peer_13:peer
Peer_16:peer INFO 5193.04202132822: Sending message <GossipMessage:21_1> to Peer_4:peer
Peer_16:peer INFO 5193.04202132822: Sending message <GossipMessage:21_1> to Peer_19:peer
Peer_16:peer INFO 5193.179966439529: Received message <GossipMessage:21_1> from Peer_13:peer
Peer_16:peer INFO 5193.179966439529: Sending message <GossipMessage:21_1> to Peer_19:peer
Peer_16:peer INFO 5193.179966439529: Sending message <GossipMessage:21_1> to Peer_4:peer
Peer_16:peer INFO 5193.338840990119: Received message <GossipMessage:21_1> from Peer_13:peer
Peer_16:peer INFO 5193.338840990119: Sending message <GossipMessage:21_1> to Peer_19:peer
Peer_16:peer INFO 5193.338840990119: Sending message <GossipMessage:21_1> to Peer_4:peer
Peer_16:peer INFO 5193.427624295499: Received message <GossipMessage:21_1> from Peer_4:peer
Peer_16:peer INFO 5193.435668628222: Received message <GossipMessage:21_1> from Peer_4:peer
Peer_16:peer INFO 5193.439480784008: Received message <GossipMessage:21_1> from Peer_4:peer
Peer_16:peer INFO 5193.50075322985: Received message <GossipMessage:21_1> from Peer_13:peer
Peer_16:peer INFO 5193.61777706213: Received message <GossipMessage:21_1> from Peer_19:peer
